#!awk.bdf.output
====================== BDF version information ============================
commit fc04f1ff47dc43ae8303833debdd140f2e9740ca
Merge: 2da841e 6d89e4e
Author: Yibo Lei <leiyb@nwu.edu.cn>
Date:   Thu May 5 10:03:26 2022 +0800

    Merge branch 'master' of 182.92.69.169:/opt/gitroot/bdf-pkg
===========================================================================
BDFHOME     = /apps/software/bdf-pkg/build/bdf-pkg-full 
BDF_TMPDIR  = /tmp 
BDF_MPIRUN  = None 
BDF_MPIROOT = None 
|---------------------------------------------------------------------|
 Could not find mpirun. Set to serial running ...


(' BDFHOME     = ', '/apps/software/bdf-pkg/build/bdf-pkg-full')
(' BDF_WORKDIR = ', '/apps/users/lcz/exe11/task1/BDF')
(' BDF_TMPDIR  = ', '/scratch/cytosine-CASSCF-10-8_614')
(' BDFTASK     = ', 'cytosine-CASSCF-10-8')

  BDF parallel running information ...
('  BDF_MASTER_NODE', 'cnode10')
('  BDF_MPIROOT = ', 'None')
  Total number of computational nodes   = 1
  Number of processes per node          = 1
  Number of openmp threads per process  = 16


('  Singlepoint_task = ', True)
('  Fragmp2_task     = ', False)


$compass
title
cytosine
basis
tzvp
Geometry
H -2.114860 -1.429678 0.000000
H -0.173973 -2.806186 0.000000
H 2.073228 -1.658021 0.000000
H 3.175240 0.564335 0.000000
H 2.235202 2.033636 0.000000
C -0.060783 -1.726152 0.000000
C 1.144884 -1.099470 0.000000
C 1.107049 0.338190 0.000000
C -1.227573 0.430359 0.000000
O -2.315109 0.998271 0.000000
N 0.000000 1.058130 0.000000
N -1.201178 -0.989148 0.000000
N 2.278974 1.024187 0.000000
end Geometry
check
saorb
$end
$xuanyuan
$end
%cp cytosine-RHF.scforb cytosine-CASSCF-10-8.inporb
$mcscf
guess
read
spin
1
close
24 0
actel
10
active
0 8
symmetry
1
roots
6 6 1
iprtmo
1
molden
$end
('tmpstdin ', True)
('npro is ', 1)
('\n BDF command: ', '/apps/software/bdf-pkg/build/bdf-pkg-full/bin/compass.x /scratch/cytosine-CASSCF-10-8_614/cytosine-CASSCF-10-8XX0.compass.inp')
  BDF process        0 of        1 on Serial  
 
|******************************************************************************|
 
    Start running module compass
    Current time   2022-05-12  16:45:38
 
|******************************************************************************|

 ++++++++++ Reading compass input ++++++++++++++++++
 TITLE
 BASIS
 Input Basis set is TZVP
 Spherical GTO 5d,7f
 GEOMETRY
 H      -2.11486000     -1.42967800      0.00000000
 H      -0.17397300     -2.80618600      0.00000000
 H       2.07322800     -1.65802100      0.00000000
 H       3.17524000      0.56433500      0.00000000
 H       2.23520200      2.03363600      0.00000000
 C      -0.06078300     -1.72615200      0.00000000
 C       1.14488400     -1.09947000      0.00000000
 C       1.10704900      0.33819000      0.00000000
 C      -1.22757300      0.43035900      0.00000000
 O      -2.31510900      0.99827100      0.00000000
 N       0.00000000      1.05813000      0.00000000
 N      -1.20117800     -0.98914800      0.00000000
 N       2.27897400      1.02418700      0.00000000
 Number of atoms:       13
 CHECK
 SAORB
 $END
 ++++++++++ End of reading compass input +++++++++++++


|-------------------------------------------------------------------------------------------|

 Atom           Cartcoord(Bohr)                 Charge Basis Auxbas Uatom Nstab Alink  Mass
  H       -3.996506    -2.701700     0.000000     1.00    1     0     0     0   E      1.0073
  H       -0.328761    -5.302923     0.000000     1.00    1     0     0     0   E      1.0073
  H        3.917833    -3.133206     0.000000     1.00    1     0     0     0   E      1.0073
  H        6.000334     1.066439     0.000000     1.00    1     0     0     0   E      1.0073
  H        4.223920     3.843015     0.000000     1.00    1     0     0     0   E      1.0073
  C       -0.114863    -3.261955     0.000000     6.00    2     0     0     0   E     11.9967
  C        2.163517    -2.077697     0.000000     6.00    2     0     0     0   E     11.9967
  C        2.092019     0.639086     0.000000     6.00    2     0     0     0   E     11.9967
  C       -2.319777     0.813261     0.000000     6.00    2     0     0     0   E     11.9967
  O       -4.374922     1.886459     0.000000     8.00    3     0     0     0   E     15.9949
  N        0.000000     1.999576     0.000000     7.00    4     0     0     0   E     14.0031
  N       -2.269897    -1.869219     0.000000     7.00    4     0     0     0   E     14.0031
  N        4.306637     1.935433     0.000000     7.00    4     0     0     0   E     14.0031
 
|--------------------------------------------------------------------------------------------|

  End of reading atomic basis sets ..
 Printing basis sets for checking ....

 Atomic label:  H    1
 Maximum L  1 5s1p ----> 3s1p NBF =   6
 #--->s function
      Exp Coef          Norm Coef       Con Coef
            34.061341   0.356214E+02    0.025439    0.000000    0.000000
             5.123575   0.860389E+01    0.190086    0.000000    0.000000
             1.164663   0.283247E+01    0.852441    0.000000    0.000000
             0.327230   0.109309E+01    0.000000    1.000000    0.000000
             0.103072   0.459591E+00    0.000000    0.000000    1.000000
 #--->p function
      Exp Coef          Norm Coef       Con Coef
             0.800000   0.220723E+01    1.000000
 

 Atomic label:  C    6
 Maximum L  2 11s6p1d ----> 5s3p1d NBF =  19
 #--->s function
      Exp Coef          Norm Coef       Con Coef
         13575.349682   0.317745E+04    0.000606    0.000000    0.000000    0.000000    0.000000
          2035.233368   0.765554E+03    0.004698    0.000000    0.000000    0.000000    0.000000
           463.225624   0.252266E+03    0.024332    0.000000    0.000000    0.000000    0.000000
           131.200196   0.979413E+02    0.097400    0.000000    0.000000    0.000000    0.000000
            42.853016   0.423157E+02    0.301956    0.000000    0.000000    0.000000    0.000000
            15.584186   0.198166E+02    0.662336    0.000000    0.000000    0.000000    0.000000
             6.206714   0.993485E+01    0.000000    0.655953    0.000000    0.000000    0.000000
             2.576490   0.513791E+01    0.000000    0.375856    0.000000    0.000000    0.000000
             0.576963   0.167254E+01    0.000000    0.000000    1.000000    0.000000    0.000000
             0.229728   0.838351E+00    0.000000    0.000000    0.000000    1.000000    0.000000
             0.095164   0.432884E+00    0.000000    0.000000    0.000000    0.000000    1.000000
 #--->p function
      Exp Coef          Norm Coef       Con Coef
            34.697232   0.245670E+03    0.011327    0.000000    0.000000
             7.958262   0.389948E+02    0.076170    0.000000    0.000000
             2.378083   0.861525E+01    0.301923    0.000000    0.000000
             0.814332   0.225676E+01    0.727850    0.000000    0.000000
             0.288875   0.617835E+00    0.000000    1.000000    0.000000
             0.100568   0.165219E+00    0.000000    0.000000    1.000000
 #--->d function
      Exp Coef          Norm Coef       Con Coef
             0.800000   0.176578E+01    1.000000
 

 Atomic label:  O    8
 Maximum L  2 11s6p1d ----> 5s3p1d NBF =  19
 #--->s function
      Exp Coef          Norm Coef       Con Coef
         27032.382631   0.532633E+04    0.000572    0.000000    0.000000    0.000000    0.000000
          4052.387139   0.128321E+04    0.004435    0.000000    0.000000    0.000000    0.000000
           922.327227   0.422843E+03    0.023020    0.000000    0.000000    0.000000    0.000000
           261.240710   0.164171E+03    0.092822    0.000000    0.000000    0.000000    0.000000
            85.354641   0.709472E+02    0.293785    0.000000    0.000000    0.000000    0.000000
            31.035035   0.332204E+02    0.674016    0.000000    0.000000    0.000000    0.000000
            12.260861   0.165541E+02    0.000000    0.638399    0.000000    0.000000    0.000000
             4.998708   0.844614E+01    0.000000    0.395346    0.000000    0.000000    0.000000
             1.170311   0.284276E+01    0.000000    0.000000    1.000000    0.000000    0.000000
             0.464747   0.142209E+01    0.000000    0.000000    0.000000    1.000000    0.000000
             0.185045   0.712810E+00    0.000000    0.000000    0.000000    0.000000    1.000000
 #--->p function
      Exp Coef          Norm Coef       Con Coef
            63.274955   0.520624E+03    0.012018    0.000000    0.000000
            14.627049   0.834508E+02    0.083005    0.000000    0.000000
             4.450122   0.188560E+02    0.319917    0.000000    0.000000
             1.527580   0.495438E+01    0.707155    0.000000    0.000000
             0.529351   0.131724E+01    0.000000    1.000000    0.000000
             0.174784   0.329695E+00    0.000000    0.000000    1.000000
 #--->d function
      Exp Coef          Norm Coef       Con Coef
             1.200000   0.359002E+01    1.000000
 

 Atomic label:  N    7
 Maximum L  2 11s6p1d ----> 5s3p1d NBF =  19
 #--->s function
      Exp Coef          Norm Coef       Con Coef
         19730.800647   0.420604E+04    0.000586    0.000000    0.000000    0.000000    0.000000
          2957.895874   0.101333E+04    0.004543    0.000000    0.000000    0.000000    0.000000
           673.221336   0.333913E+03    0.023558    0.000000    0.000000    0.000000    0.000000
           190.682495   0.129643E+03    0.094709    0.000000    0.000000    0.000000    0.000000
            62.295442   0.560218E+02    0.297198    0.000000    0.000000    0.000000    0.000000
            22.654161   0.262347E+02    0.669162    0.000000    0.000000    0.000000    0.000000
             8.979148   0.131051E+02    0.000000    0.645967    0.000000    0.000000    0.000000
             3.686300   0.672137E+01    0.000000    0.387006    0.000000    0.000000    0.000000
             0.846601   0.222984E+01    0.000000    0.000000    1.000000    0.000000    0.000000
             0.336471   0.111616E+01    0.000000    0.000000    0.000000    1.000000    0.000000
             0.136477   0.567294E+00    0.000000    0.000000    0.000000    0.000000    1.000000
 #--->p function
      Exp Coef          Norm Coef       Con Coef
            49.200381   0.380141E+03    0.011449    0.000000    0.000000
            11.346791   0.607541E+02    0.078422    0.000000    0.000000
             3.427397   0.136047E+02    0.308181    0.000000    0.000000
             1.178553   0.358237E+01    0.720272    0.000000    0.000000
             0.416422   0.975892E+00    0.000000    1.000000    0.000000
             0.142608   0.255661E+00    0.000000    0.000000    1.000000
 #--->d function
      Exp Coef          Norm Coef       Con Coef
             1.000000   0.260933E+01    1.000000
 
 
 Atomic masses
    1.0073    1.0073    1.0073    1.0073    1.0073
   11.9967   11.9967   11.9967   11.9967   15.9949
   14.0031   14.0031   14.0031

 Molecular center of mass
        -0.08757179     0.05577530     0.00000000

 Molecular center of nuclear charge
        -0.00000003    -0.00000003     0.00000000
 [molesym]
 
 Auto decide molecular point group! Rotate coordinates into standard orientation!
 Threshold= 0.10000E-08 0.10000E-11 0.10000E-03
 
 zgeomsort being called!
gsym: CS  , noper=    2
 Exiting zgeomsort....
 Representation generated
  Binary group is observed ...
  Point group name C(S)                         2
  User set point group as C(S)    
  Largest Abelian Subgroup C(S)                         2
 Representation generated
 C|S|)|                     1
 Symmetry check OK
 Molecule has been symmetrized
  Number of symmery unique centers:                     13

|-------------------------------------------------------------------------------------------|

 Atom           Cartcoord(Bohr)                 Charge Basis Auxbas Uatom Nstab Alink  Mass
  H        2.082473    -4.351385     0.000000     1.00    1     0     0     0   E      1.0073
  H        5.196379    -1.107575     0.000000     1.00    1     0     0     0   E      1.0073
  H        3.676965     3.412670     0.000000     1.00    1     0     0     0   E      1.0073
  H       -0.169457     6.092010     0.000000     1.00    1     0     0     0   E      1.0073
  H       -3.177743     4.744703     0.000000     1.00    1     0     0     0   E      1.0073
  C        3.209307    -0.594886     0.000000     6.00    2     0     0     0   E     11.9967
  C        2.374171     1.833288     0.000000     6.00    2     0     0     0   E     11.9967
  C       -0.323428     2.163417     0.000000     6.00    2     0     0     0   E     11.9967
  C       -1.146628    -2.174397     0.000000     6.00    2     0     0     0   E     11.9967
  O       -2.511304    -4.048706     0.000000     8.00    3     0     0     0   E     15.9949
  N       -1.977692     0.295025     0.000000     7.00    4     0     0     0   E     14.0031
  N        1.513853    -2.520846     0.000000     7.00    4     0     0     0   E     14.0031
  N       -1.278834     4.545064     0.000000     7.00    4     0     0     0   E     14.0031
 
|--------------------------------------------------------------------------------------------|

Number of irreps:    2
IRREP:   1   1   2
DIMEN:   1   1   1

 Irreps of multipole moment operators ...
 Operator  Component    Irrep       Row
  Dipole       x           A'          1
  Dipole       y           A'          1
  Dipole       z           A''         1
  Quadpole     xx          A'          1
  Quadpole     xy          A'          1
  Quadpole     yy          A'          1
  Quadpole     xz          A''         1
  Quadpole     yz          A''         1
  Quadpole     zz          A'          1
 
 Print Multiplication table of irreps
 A'   *A'   =A'   ;  A''  *A'   =A''  ;  A'   *A''  =A''  ;  A''  *A''  =A'   ; 
 
 Generate symmetry adapted orbital ...
 Print Multab
  1  2
  2  1

|--------------------------------------------------|
          Symmetry adapted orbital                   

  Total number of basis functions:     182     182

  Number of irreps:   2
  Irrep :   A'        A''     
  Norb  :    137        45
|--------------------------------------------------|

Total number of shells:       34
 R max for this shell (Bohr)   14.0099999999998       1.083425912870241E-008
 R max for this shell (Bohr)   5.66999999999996       9.254561885381170E-011
 R max for this shell (Bohr)   14.0099999999998       4.807711640690466E-008
 R max for this shell (Bohr)   14.0099999999998       6.362786371225771E-009
 R max for this shell (Bohr)   5.83999999999996       9.317954812948633E-011
 R max for this shell (Bohr)   11.6699999999998       9.856253830744456E-011
 R max for this shell (Bohr)   11.8299999999998       9.670880953072654E-011
 R max for this shell (Bohr)   4.79999999999998       9.085992348854226E-011
 R max for this shell (Bohr)   13.5699999999998       9.720638872200492E-011
 R max for this shell (Bohr)   13.0499999999998       9.808208903867532E-011
 R max for this shell (Bohr)   5.23999999999997       9.425821903758389E-011
 
Number of atoms:      13
Number of basis functions:     182
 
 
 ++++++++  DATA CHECK +++++++++++++++++++++++++++++++++
  CHECKDATA:COMPASS:C(S)    
  CHECKDATA:COMPASS:NATOM :       13
  CHECKDATA:COMPASS:NBAS  :      182
 ++++++++++ END DATA CHECK ++++++++++++++++++++++++++++
 
|******************************************************************************|
 
    Total cpu     time:          0.02  S
    Total system  time:          0.01  S
    Total wall    time:          0.04  S
 
    Current time   2022-05-12  16:45:38
    End running module compass
|******************************************************************************|
 
 Filename: /scratch/cytosine-CASSCF-10-8_614/cytosine-CASSCF-10-8.undmol mode: w+b 
BDFTASK: cytosine-CASSCF-10-8 
INPUT FILE: cytosine-CASSCF-10-8.undmolinp 
 Scratch dir: cytosine-CASSCF-10-8 
 Scratch dir: cytosine-CASSCF-10-8 
string cytosine-CASSCF-10-8.undmolinp len 30 
 Filename: cytosine-CASSCF-10-8.chkfil mode: rb 

 Read data from check file! 
Found string UNDMOLIN at position 10 
Idisk 2653256 
Number of irreps: 2, number of basis: 182 
irrep: 1, num: 137 
irrep: 2, num: 45 
char= (A) 
char= (') 
char= ( ) 
j= 2 
char= (A) 
char= (') 
char= (') 
char= ( ) 
j= 11 
rpmname: a' 
('tmpstdin ', True)
('npro is ', 1)
('\n BDF command: ', '/apps/software/bdf-pkg/build/bdf-pkg-full/bin/xuanyuan.x /scratch/cytosine-CASSCF-10-8_614/cytosine-CASSCF-10-8XX1.xuanyuan.inp')
  BDF process        0 of        1 on Serial  
 
|******************************************************************************|
 
    Start running module xuanyuan
    Current time   2022-05-12  16:45:38
 
|******************************************************************************|

|-------------------------------------------------------------------------------------------|

 Atom           Cartcoord(Bohr)                 Charge Basis Auxbas Uatom Nstab Alink  Mass
  H        2.082473    -4.351385     0.000000     1.00    1     0     1     2   E      1.0073
  H        5.196379    -1.107575     0.000000     1.00    1     0     1     2   E      1.0073
  H        3.676965     3.412670     0.000000     1.00    1     0     1     2   E      1.0073
  H       -0.169457     6.092010     0.000000     1.00    1     0     1     2   E      1.0073
  H       -3.177743     4.744703     0.000000     1.00    1     0     1     2   E      1.0073
  C        3.209307    -0.594886     0.000000     6.00    2     0     1     2   E     11.9967
  C        2.374171     1.833288     0.000000     6.00    2     0     1     2   E     11.9967
  C       -0.323428     2.163417     0.000000     6.00    2     0     1     2   E     11.9967
  C       -1.146628    -2.174397     0.000000     6.00    2     0     1     2   E     11.9967
  O       -2.511304    -4.048706     0.000000     8.00    3     0     1     2   E     15.9949
  N       -1.977692     0.295025     0.000000     7.00    4     0     1     2   E     14.0031
  N        1.513853    -2.520846     0.000000     7.00    4     0     1     2   E     14.0031
  N       -1.278834     4.545064     0.000000     7.00    4     0     1     2   E     14.0031
 
|--------------------------------------------------------------------------------------------|

 $xuanyuan                                                                      
                                          
 $end                                                                           
                                          
  Mass polarization term:  F
 Total nuclear charge :         58.00
 Nuclear repulsion energy :     355.5319837187 a.u.

 Total number of primitive  basis sets :          312
 Total number of prim-cart  basis sets :          320
 Total number of contracted basis sets :          182

  Estimate memory for calculating 2e integrals...
 Minium memory to calculate ERIs:        2.506 M

[aoint_1e]
  Calculating one electron integrals ...
  S T and V integrals ....
  Dipole and Quadupole integrals ....
  Finish calculating one electron integrals ...
 
 ---------------------------------------------------------------
  Timing to calculate 1-electronic integrals                                      
 
  CPU TIME(S)      SYSTEM TIME(S)     WALL TIME(S)
          0.110            0.140               0.020
 ---------------------------------------------------------------
 
 Finish calculating 1e integral ...
 Character Table
    1    1
    1   -1
 
 Total number of electronic repulsion integrals      74011011
 
 Number  of  symmetry adapted ERIs:            74011011
 Actual  Memory  of  SO-ERI buffer:      71 M
 Optimized Memory of SO-ERI buffer:      71 M
 
 Calculating ERIs...
 
 ---------------------------------------------------------------
  Timing to calculate 2-electronic integrals                                      
 
  CPU TIME(S)      SYSTEM TIME(S)     WALL TIME(S)
         10.980            2.390              10.440
 ---------------------------------------------------------------
 
 Symadpt    time      0.450     0.020     0.310
 Indices    time      1.440     0.070     1.650
 Sort save  time      0.380     0.850     1.230
 ERI total  time      5.250     0.270     5.590
 Zeta & Rys time      0.000     0.000     0.000
 2D         time      0.000     0.000     0.000
 2D-6D      time      0.000     0.000     0.000
 6D cntr    time      0.000     0.000     0.000
 HRR        time      0.000     0.000     0.000
 
 ++++++++  DATA CHECK +++++++++++++++++++++++++++++++++
  CHECKDATA:XUANYUAN:SO2EINT:      1.396250007      0.824699809      0.510664301      0.824689552
 ++++++++++ END DATA CHECK ++++++++++++++++++++++++++++
 
|******************************************************************************|
 
    Total cpu     time:         11.14  S
    Total system  time:          2.60  S
    Total wall    time:         10.58  S
 
    Current time   2022-05-12  16:45:48
    End running module xuanyuan
|******************************************************************************|
 
(' Shell command: ', 'cp cytosine-RHF.scforb cytosine-CASSCF-10-8.inporb')
('tmpstdin ', True)
('npro is ', 1)
('\n BDF command: ', '/apps/software/bdf-pkg/build/bdf-pkg-full/bin/mcscf.x /scratch/cytosine-CASSCF-10-8_614/cytosine-CASSCF-10-8XX2.mcscf.inp')
  BDF process        0 of        1 on Serial  
 
|******************************************************************************|
 
    Start running module mcscf
    Current time   2022-05-12  16:45:48
 
|******************************************************************************|
 
 
                    **************************************************
                                            MCSCF                     
                       Write By Shuneng Mao, Bingbing Suo, Yibo Lei   
                    **************************************************

|-------------------------------------------------------------------------------------------|

 Atom           Cartcoord(Bohr)                 Charge Basis Auxbas Uatom Nstab Alink  Mass
  H        2.082473    -4.351385     0.000000     1.00    1     0     1     2   E      1.0073
  H        5.196379    -1.107575     0.000000     1.00    1     0     1     2   E      1.0073
  H        3.676965     3.412670     0.000000     1.00    1     0     1     2   E      1.0073
  H       -0.169457     6.092010     0.000000     1.00    1     0     1     2   E      1.0073
  H       -3.177743     4.744703     0.000000     1.00    1     0     1     2   E      1.0073
  C        3.209307    -0.594886     0.000000     6.00    2     0     1     2   E     11.9967
  C        2.374171     1.833288     0.000000     6.00    2     0     1     2   E     11.9967
  C       -0.323428     2.163417     0.000000     6.00    2     0     1     2   E     11.9967
  C       -1.146628    -2.174397     0.000000     6.00    2     0     1     2   E     11.9967
  O       -2.511304    -4.048706     0.000000     8.00    3     0     1     2   E     15.9949
  N       -1.977692     0.295025     0.000000     7.00    4     0     1     2   E     14.0031
  N        1.513853    -2.520846     0.000000     7.00    4     0     1     2   E     14.0031
  N       -1.278834     4.545064     0.000000     7.00    4     0     1     2   E     14.0031
 
|--------------------------------------------------------------------------------------------|

 $mcscf                                                                         
  
 guess                                                                          
  
 spin                                                                           
  
 close                                                                          
  
 actel                                                                          
  
 active                                                                         
  
 symmetry                                                                       
  
 roots                                                                          
  
 iprtmo                                                                         
  
 molden                                                                         
  
 $end                                                                           
  
 
    ******** Orbital information *******
     nsbas:   137   45
     nsorb:   137   45
     nscor:     0    0
     nscls:    24    0
     nsact:     0    8
     nsocc:    24    8
     nsval:    24    8
     nsvir:   113   37
     nsxvr:     0    0
 

    ******** MCSCF wavefunction information ********
    Group Sym:    2
    State Sym:    1
    Spin  Mul:    1
    Act  Elec:   10

          States average information
    Nstate:     6
    Nstmix:     6
    Istate:     6
    Weight:   0.166667  0.166667  0.166667  0.166667  0.166667  0.166667

    ******** MCSCF solver ********
    Quasi-Newton     : F
    Werner-Algorithm : T
    GUGA-CI          : F
    UGA-CI           : T
    iCI              : F
    Selected         : F
    CASCI            : F
    CVS              : F

 Read inital orbital from user specified file.

 /apps/users/lcz/exe11/task1/BDF/cytosine-CASSCF-10-8.inporb
 Read orbital title:  TITLE - SCF Canonical Orbital
 
 Print initial guess orbital which may be sorted.
 

 Output to Molden format ...

  Start MCSCF iteration ...
 
 Total number of electronic repulsion integrals      74011011
Nuclear energy =    355.53198372
 
transform internal J and K oper need time =         27.51  s
SCF energy       -392.73988243 a.u.
mcscf_eneci(0)   -392.52846694 a.u.
 
The energy shift is :             0.0 a.u.
 

      Iter  MIC INN        Energy                Energy(Approx)    DeltaE    OrbGrad(0)  OrbGrad(1)   MaxRot       NLin NAug
 MACRO   1   3   0.   -392.574810087416      -392.576728473174   -.4634E-01  0.2833E+00  0.4068E-01  0.2209E-01      0    4
 MACRO   2   9   0.   -392.575207164221      -392.575291446650   -.3971E-03  0.4505E-01  0.8985E-04  0.5719E-04      0   10
 MACRO   3   2   0.   -392.575207186066      -392.575207189066   -.2185E-07  0.3442E-03  0.9027E-04  0.3731E-04      0    2
 MACRO   4   2   0.   -392.575207186509      -392.575207186604   -.4435E-09  0.4136E-04  0.1984E-04  0.1136E-04      0    2
 
    State Averaged ci energy      -392.57520719
  CHECKDATA:MCSCF:NITER:        4
 ===============================================================
 MCSCF natural and resolution orbital coefficients:
 Generating MCSCF natural orbitals 
 
 Print and Save MCSCF natural orbital
 
 
transform J and K oper need time =         58.63  s

Print final result



********** INITIAL GUESS INFO **********

  spintwo | symmetry |  nstates |     ncsf |     ncfg |   energy 
--------------------------------------------------------------------------------------
        0 |        0 |        6 |     1176 |      784 |   -392.79644905,    -392.61007951,    -392.56444664,    -392.50730319,    -392.50239536,    -392.47056937, 


*************** Begin PRINT NONRELA CFGSPACE ***************

spintwo    = 0
irrep      = 0
nstates    = 6
ncfg       =          784
ncsf       =         1176
ncsf full  =         1176
ndet full  =         3136
ndet eff   =         3136

*********** state  0 ***********
Important ocfg:
    0 22222000000000000000000000000000    0    -9.299077e-01  86.472835
    1 22221100000000000000000000000000    0    -1.872858e-01   3.507596
    2 22220020000000000000000000000000    0     8.354728e-02   0.698015
    3 22122100000000000000000000000000    0    -8.177860e-02   0.668774
    4 22211101000000000000000000000000    1     7.885865e-02   0.621869
    5 22202200000000000000000000000000    0     7.593656e-02   0.576636
    6 22221010000000000000000000000000    0     7.291252e-02   0.531624
    7 22121110000000000000000000000000    1    -6.738889e-02   0.454126
    8 22211110000000000000000000000000    0     6.449349e-02   0.415941
    9 22121011000000000000000000000000    1    -6.349248e-02   0.403130
   10 22022020000000000000000000000000    0     6.044859e-02   0.365403
   11 22220002000000000000000000000000    0     4.643877e-02   0.215656
   12 21222100000000000000000000000000    0    -4.578568e-02   0.209633
   13 22220200000000000000000000000000    0     4.502943e-02   0.202765
   14 22211011000000000000000000000000    1     4.238462e-02   0.179646
   15 22212010000000000000000000000000    0     4.063524e-02   0.165122
   16 22112110000000000000000000000000    0    -4.058413e-02   0.164707
   17 22022011000000000000000000000000    0     4.037727e-02   0.163032
   18 21122011000000000000000000000000    1    -3.849386e-02   0.148178
   19 02222200000000000000000000000000    0     3.602601e-02   0.129787
   20 21122110000000000000000000000000    1    -3.602226e-02   0.129760
   21 21221110000000000000000000000000    0     3.532126e-02   0.124759
   22 22121200000000000000000000000000    0     3.452887e-02   0.119224
   23 22022002000000000000000000000000    0     3.443991e-02   0.118611
   24 20222200000000000000000000000000    0     3.329491e-02   0.110855
check importance : 1176 / 1176 (  100.00)

*********** state  1 ***********
Important ocfg:
    0 22221100000000000000000000000000    0     8.566172e-01  73.379308
    1 22222000000000000000000000000000    0    -1.872132e-01   3.504877
    2 22121110000000000000000000000000    1     1.554108e-01   2.415252
    3 22212010000000000000000000000000    0    -1.532198e-01   2.347631
    4 22121110000000000000000000000000    0     1.213431e-01   1.472415
    5 22220101000000000000000000000000    0     1.189843e-01   1.415726
    6 22211200000000000000000000000000    0    -1.094783e-01   1.198550
    7 22122100000000000000000000000000    0    -1.009264e-01   1.018614
    8 22122010000000000000000000000000    0    -1.003323e-01   1.006658
    9 21222010000000000000000000000000    0    -7.599033e-02   0.577453
   10 22211110000000000000000000000000    1    -7.186321e-02   0.516432
   11 22021120000000000000000000000000    0    -7.108948e-02   0.505371
   12 22220200000000000000000000000000    0    -6.619864e-02   0.438226
   13 22211101000000000000000000000000    1    -6.401956e-02   0.409850
   14 22221010000000000000000000000000    0     6.215369e-02   0.386308
   15 22220020000000000000000000000000    0     6.119310e-02   0.374460
   16 22220110000000000000000000000000    0    -6.089594e-02   0.370832
   17 12221101000000000000000000000000    1     5.579277e-02   0.311283
   18 21221200000000000000000000000000    0    -5.524554e-02   0.305207
   19 22220011000000000000000000000000    0     5.518752e-02   0.304566
   20 22211110000000000000000000000000    0    -5.135708e-02   0.263755
   21 22112101000000000000000000000000    1    -5.112584e-02   0.261385
   22 12221110000000000000000000000000    1     5.052675e-02   0.255295
   23 22121101000000000000000000000000    1    -4.956861e-02   0.245705
   24 22212100000000000000000000000000    0    -4.858916e-02   0.236091
check importance : 1176 / 1176 (  100.00)

*********** state  2 ***********
Important ocfg:
    0 22212100000000000000000000000000    0     7.364732e-01  54.239270
    1 22221010000000000000000000000000    0     3.280289e-01  10.760294
    2 22212010000000000000000000000000    0     2.692847e-01   7.251427
    3 22220200000000000000000000000000    0    -2.136458e-01   4.564452
    4 22202200000000000000000000000000    0     1.480778e-01   2.192703
    5 22211110000000000000000000000000    1     1.432724e-01   2.052697
    6 22121200000000000000000000000000    0    -1.163894e-01   1.354650
    7 22221001000000000000000000000000    0     1.076541e-01   1.158941
    8 21212200000000000000000000000000    0    -1.039092e-01   1.079711
    9 22220011000000000000000000000000    0    -9.818622e-02   0.964053
   10 22202020000000000000000000000000    0    -8.604140e-02   0.740312
   11 22122010000000000000000000000000    0     8.101329e-02   0.656315
   12 22210120000000000000000000000000    0    -7.309022e-02   0.534218
   13 22112200000000000000000000000000    0    -7.205159e-02   0.519143
   14 22112110000000000000000000000000    1     6.859462e-02   0.470522
   15 22121110000000000000000000000000    1     6.678306e-02   0.445998
   16 22121011000000000000000000000000    1    -6.469274e-02   0.418515
   17 22221100000000000000000000000000    0     6.389004e-02   0.408194
   18 22121101000000000000000000000000    1    -5.810624e-02   0.337634
   19 22211101000000000000000000000000    0    -5.706806e-02   0.325676
   20 22211110000000000000000000000000    0    -5.629826e-02   0.316949
   21 22202011000000000000000000000000    0     5.558367e-02   0.308954
   22 22212001000000000000000000000000    0     5.370491e-02   0.288422
   23 22112110000000000000000000000000    0     5.342486e-02   0.285422
   24 21212110000000000000000000000000    1     5.340466e-02   0.285206
check importance : 1176 / 1176 (  100.00)

*********** state  3 ***********
Important ocfg:
    0 22221010000000000000000000000000    0     7.414702e-01  54.977799
    1 22212100000000000000000000000000    0    -4.256810e-01  18.120434
    2 12222100000000000000000000000000    0    -1.604074e-01   2.573052
    3 22121020000000000000000000000000    0    -1.492206e-01   2.226677
    4 21222100000000000000000000000000    0     1.444345e-01   2.086134
    5 22212010000000000000000000000000    0     1.071883e-01   1.148934
    6 22201210000000000000000000000000    0    -9.244201e-02   0.854552
    7 22122010000000000000000000000000    0    -8.963959e-02   0.803526
    8 22220011000000000000000000000000    0    -8.466392e-02   0.716798
    9 12212200000000000000000000000000    0    -8.278102e-02   0.685270
   10 22220200000000000000000000000000    0    -8.217942e-02   0.675346
   11 22222000000000000000000000000000    0     8.056958e-02   0.649146
   12 22221001000000000000000000000000    0     7.878361e-02   0.620686
   13 22211200000000000000000000000000    0     7.760284e-02   0.602220
   14 12221200000000000000000000000000    0    -7.473595e-02   0.558546
   15 22121011000000000000000000000000    1    -7.336617e-02   0.538260
   16 22122100000000000000000000000000    0    -6.789694e-02   0.460999
   17 22221100000000000000000000000000    0    -6.240288e-02   0.389412
   18 21221110000000000000000000000000    1     6.204495e-02   0.384958
   19 22220101000000000000000000000000    0     6.186628e-02   0.382744
   20 22211110000000000000000000000000    0    -5.873253e-02   0.344951
   21 22210120000000000000000000000000    0     5.534282e-02   0.306283
   22 22211101000000000000000000000000    0     5.343902e-02   0.285573
   23 22112011000000000000000000000000    1    -5.240493e-02   0.274628
   24 12212110000000000000000000000000    1    -5.176706e-02   0.267983
check importance : 1176 / 1176 (  100.00)

*********** state  4 ***********
Important ocfg:
    0 22212010000000000000000000000000    0     6.792461e-01  46.137523
    1 22122100000000000000000000000000    0    -3.829735e-01  14.666870
    2 22221010000000000000000000000000    0    -2.676368e-01   7.162947
    3 22212100000000000000000000000000    0    -2.001526e-01   4.006106
    4 22211020000000000000000000000000    0    -1.703797e-01   2.902925
    5 22211110000000000000000000000000    1    -1.386285e-01   1.921786
    6 22202200000000000000000000000000    0     1.270049e-01   1.613024
    7 22121110000000000000000000000000    0     1.263954e-01   1.597579
    8 22220020000000000000000000000000    0     1.248042e-01   1.557609
    9 22211110000000000000000000000000    0     9.551256e-02   0.912265
   10 22112110000000000000000000000000    0    -9.104037e-02   0.828835
   11 22202101000000000000000000000000    0     7.283210e-02   0.530451
   12 21212110000000000000000000000000    0    -7.273181e-02   0.528992
   13 21222010000000000000000000000000    0     7.059122e-02   0.498312
   14 22220200000000000000000000000000    0    -6.853272e-02   0.469673
   15 22222000000000000000000000000000    0     6.773795e-02   0.458843
   16 22121110000000000000000000000000    1     6.570694e-02   0.431740
   17 12212200000000000000000000000000    0    -6.490687e-02   0.421290
   18 21212110000000000000000000000000    1     6.210846e-02   0.385746
   19 22202020000000000000000000000000    0    -6.180045e-02   0.381930
   20 22211011000000000000000000000000    0     6.091955e-02   0.371119
   21 22112110000000000000000000000000    1     5.937135e-02   0.352496
   22 21221110000000000000000000000000    1    -5.781566e-02   0.334265
   23 22211011000000000000000000000000    1    -5.670532e-02   0.321549
   24 22121101000000000000000000000000    1    -5.615508e-02   0.315339
check importance : 1176 / 1176 (  100.00)

*********** state  5 ***********
Important ocfg:
    0 22122100000000000000000000000000    0     6.608195e-01  43.668245
    1 22220110000000000000000000000000    0     3.908943e-01  15.279838
    2 22212010000000000000000000000000    0     2.817747e-01   7.939698
    3 22221001000000000000000000000000    0     1.876753e-01   3.522203
    4 22212100000000000000000000000000    0    -1.760122e-01   3.098029
    5 22220101000000000000000000000000    0    -1.541703e-01   2.376848
    6 22221100000000000000000000000000    0     1.391160e-01   1.935326
    7 22112200000000000000000000000000    0    -1.088657e-01   1.185173
    8 22222000000000000000000000000000    0    -1.062577e-01   1.129070
    9 22220200000000000000000000000000    0    -9.907521e-02   0.981590
   10 22121200000000000000000000000000    0    -9.725229e-02   0.945801
   11 22121101000000000000000000000000    1     9.431039e-02   0.889445
   12 21221110000000000000000000000000    0     9.186299e-02   0.843881
   13 22211101000000000000000000000000    1    -9.159991e-02   0.839054
   14 22112110000000000000000000000000    1    -7.490618e-02   0.561094
   15 21222010000000000000000000000000    0    -7.380698e-02   0.544747
   16 22221010000000000000000000000000    0    -7.331405e-02   0.537495
   17 22121110000000000000000000000000    0    -7.288547e-02   0.531229
   18 22022101000000000000000000000000    0     6.520951e-02   0.425228
   19 22112101000000000000000000000000    0     6.422242e-02   0.412452
   20 22220020000000000000000000000000    0     5.616240e-02   0.315422
   21 21212110000000000000000000000000    0    -5.524066e-02   0.305153
   22 12122110000000000000000000000000    1     5.518106e-02   0.304495
   23 22120102000000000000000000000000    0    -5.460007e-02   0.298117
   24 22211011000000000000000000000000    1    -5.361147e-02   0.287419
check importance : 1176 / 1176 (  100.00)

****************************


*************** End PRINT NONRELA CFGSPACE ***************



****************************************

 
 Calculate atomic population
 
 
 Print atomic population of state :                      1
 
 [Mulliken Population Analysis]
  Atomic charges: 
     1H       0.2723
     2H       0.1259
     3H       0.1455
     4H       0.2485
     5H       0.2656
     6C      -0.0944
     7C      -0.1037
     8C       0.0776
     9C       0.2289
    10O      -0.4047
    11N      -0.1183
    12N      -0.2352
    13N      -0.4078
     Sum:    -0.0000
 
 [Lowdin Population Analysis]
  Atomic charges: 
     1H       0.1530
     2H       0.0794
     3H       0.0791
     4H       0.1319
     5H       0.1420
     6C       0.0822
     7C      -0.1684
     8C       0.1439
     9C       0.1887
    10O      -0.3006
    11N      -0.2376
    12N      -0.1260
    13N      -0.1676
     Sum:    -0.0000
 
 
 Print atomic population of state :                      2
 
 [Mulliken Population Analysis]
  Atomic charges: 
     1H       0.2729
     2H       0.1241
     3H       0.1458
     4H       0.2481
     5H       0.2648
     6C      -0.1962
     7C      -0.0585
     8C      -0.0369
     9C       0.1158
    10O      -0.2054
    11N      -0.1408
    12N      -0.0955
    13N      -0.4381
     Sum:    -0.0000
 
 [Lowdin Population Analysis]
  Atomic charges: 
     1H       0.1546
     2H       0.0719
     3H       0.0795
     4H       0.1305
     5H       0.1393
     6C      -0.0241
     7C      -0.1214
     8C       0.0186
     9C       0.1004
    10O      -0.0970
    11N      -0.2560
    12N       0.0011
    13N      -0.1975
     Sum:    -0.0000
 
 
 Print atomic population of state :                      3
 
 [Mulliken Population Analysis]
  Atomic charges: 
     1H       0.2725
     2H       0.1231
     3H       0.1449
     4H       0.2500
     5H       0.2664
     6C      -0.2435
     7C      -0.1195
     8C      -0.0735
     9C       0.1924
    10O      -0.3888
    11N      -0.0031
    12N      -0.2038
    13N      -0.2171
     Sum:    -0.0000
 
 [Lowdin Population Analysis]
  Atomic charges: 
     1H       0.1529
     2H       0.0678
     3H       0.0758
     4H       0.1362
     5H       0.1444
     6C      -0.0766
     7C      -0.1823
     8C       0.0036
     9C       0.1574
    10O      -0.2839
    11N      -0.1183
    12N      -0.0928
    13N       0.0158
     Sum:    -0.0000
 
 
 Print atomic population of state :                      4
 
 [Mulliken Population Analysis]
  Atomic charges: 
     1H       0.2727
     2H       0.1250
     3H       0.1443
     4H       0.2493
     5H       0.2662
     6C      -0.1280
     7C      -0.1838
     8C      -0.0098
     9C       0.1452
    10O      -0.4034
    11N      -0.0575
    12N      -0.1639
    13N      -0.2564
     Sum:    -0.0000
 
 [Lowdin Population Analysis]
  Atomic charges: 
     1H       0.1543
     2H       0.0755
     3H       0.0741
     4H       0.1339
     5H       0.1437
     6C       0.0380
     7C      -0.2266
     8C       0.0266
     9C       0.1016
    10O      -0.2835
    11N      -0.1618
    12N      -0.0583
    13N      -0.0176
     Sum:    -0.0000
 
 
 Print atomic population of state :                      5
 
 [Mulliken Population Analysis]
  Atomic charges: 
     1H       0.2738
     2H       0.1252
     3H       0.1443
     4H       0.2491
     5H       0.2665
     6C      -0.1220
     7C      -0.1304
     8C      -0.0339
     9C      -0.0239
    10O      -0.4293
    11N      -0.0499
    12N       0.0054
    13N      -0.2748
     Sum:    -0.0000
 
 [Lowdin Population Analysis]
  Atomic charges: 
     1H       0.1576
     2H       0.0764
     3H       0.0735
     4H       0.1336
     5H       0.1444
     6C       0.0488
     7C      -0.1609
     8C      -0.0020
     9C      -0.0354
    10O      -0.3326
    11N      -0.1723
    12N       0.0980
    13N      -0.0292
     Sum:    -0.0000
 
 
 Print atomic population of state :                      6
 
 [Mulliken Population Analysis]
  Atomic charges: 
     1H       0.2720
     2H       0.1244
     3H       0.1457
     4H       0.2482
     5H       0.2652
     6C      -0.1721
     7C      -0.0047
     8C      -0.1249
     9C       0.1763
    10O      -0.2520
    11N      -0.0961
    12N      -0.1937
    13N      -0.3882
     Sum:    -0.0000
 
 [Lowdin Population Analysis]
  Atomic charges: 
     1H       0.1511
     2H       0.0733
     3H       0.0788
     4H       0.1306
     5H       0.1402
     6C       0.0172
     7C      -0.0673
     8C      -0.0686
     9C       0.1631
    10O      -0.1454
    11N      -0.2147
    12N      -0.1100
    13N      -0.1482
     Sum:    -0.0000
 
 
 Calculate (transition) dipole moment
 
 
 Print Dipole moment of state :                      1
 
 [Dipole moment: a.u.]
              X          Y          Z         |u|
   Elec:0.2113E+01 0.1458E+01 0.0000E+00
   Nucl:0.1776E-14 0.0000E+00 0.0000E+00
   Totl:    2.1130     1.4585     0.0000     2.5675
 
 [Dipole moment: Debye]
              X          Y          Z         |u|
   Elec:0.5371E+01 0.3707E+01 0.0000E+00
   Nucl:0.4515E-14 0.0000E+00 0.0000E+00
   Totl:    5.3708     3.7071     0.0000     6.5260
 
 Print Dipole moment of state :                      2
 
 [Dipole moment: a.u.]
              X          Y          Z         |u|
   Elec:0.1806E+01 0.2356E+00 0.0000E+00
   Nucl:0.1776E-14 0.0000E+00 0.0000E+00
   Totl:    1.8060     0.2356     0.0000     1.8213
 
 [Dipole moment: Debye]
              X          Y          Z         |u|
   Elec:0.4590E+01 0.5988E+00 0.0000E+00
   Nucl:0.4515E-14 0.0000E+00 0.0000E+00
   Totl:    4.5904     0.5988     0.0000     4.6293
 
 Print Dipole moment of state :                      3
 
 [Dipole moment: a.u.]
              X          Y          Z         |u|
   Elec:0.1145E+01 0.2014E+01 0.0000E+00
   Nucl:0.1776E-14 0.0000E+00 0.0000E+00
   Totl:    1.1453     2.0140     0.0000     2.3168
 
 [Dipole moment: Debye]
              X          Y          Z         |u|
   Elec:0.2911E+01 0.5119E+01 0.0000E+00
   Nucl:0.4515E-14 0.0000E+00 0.0000E+00
   Totl:    2.9110     5.1191     0.0000     5.8888
 
 Print Dipole moment of state :                      4
 
 [Dipole moment: a.u.]
              X          Y          Z         |u|
   Elec:0.1668E+01 0.1785E+01 0.0000E+00
   Nucl:0.1776E-14 0.0000E+00 0.0000E+00
   Totl:    1.6677     1.7849     0.0000     2.4428
 
 [Dipole moment: Debye]
              X          Y          Z         |u|
   Elec:0.4239E+01 0.4537E+01 0.0000E+00
   Nucl:0.4515E-14 0.0000E+00 0.0000E+00
   Totl:    4.2390     4.5367     0.0000     6.2090
 
 Print Dipole moment of state :                      5
 
 [Dipole moment: a.u.]
              X          Y          Z         |u|
   Elec:0.2366E+01 0.1806E+01 0.0000E+00
   Nucl:0.1776E-14 0.0000E+00 0.0000E+00
   Totl:    2.3656     1.8065     0.0000     2.9765
 
 [Dipole moment: Debye]
              X          Y          Z         |u|
   Elec:0.6013E+01 0.4592E+01 0.0000E+00
   Nucl:0.4515E-14 0.0000E+00 0.0000E+00
   Totl:    6.0128     4.5916     0.0000     7.5655
 
 Print Dipole moment of state :                      6
 
 [Dipole moment: a.u.]
              X          Y          Z         |u|
   Elec:0.1787E+01 0.6739E+00 0.0000E+00
   Nucl:0.1776E-14 0.0000E+00 0.0000E+00
   Totl:    1.7873     0.6739     0.0000     1.9101
 
 [Dipole moment: Debye]
              X          Y          Z         |u|
   Elec:0.4543E+01 0.1713E+01 0.0000E+00
   Nucl:0.4515E-14 0.0000E+00 0.0000E+00
   Totl:    4.5429     1.7128     0.0000     4.8551
 

 *** Electric transition dipole moments (Au) ***
State  I   J         X            Y            Z            |u|        f / Osc.
       2   1       0.7514      -0.1262       0.0000       0.7619       0.0721
       3   1      -0.2520       0.7455       0.0000       0.7869       0.0958
       3   2      -0.8708       0.0877       0.0000       0.8752       0.0233
       4   1      -0.7120      -2.4652       0.0000       2.5660       1.2692
       4   2      -0.2594      -0.6556       0.0000       0.7051       0.0341
       4   3      -0.1210      -0.7920       0.0000       0.8012       0.0245
       5   1       0.5635      -0.1163       0.0000       0.5754       0.0649
       5   2      -0.1085      -0.5935       0.0000       0.6033       0.0261
       5   3      -0.4629      -0.0747       0.0000       0.4689       0.0091
       5   4      -0.4139       0.7707       0.0000       0.8748       0.0025
       6   1       1.0866      -0.4537       0.0000       1.1775       0.3012
       6   2       0.8999       0.4006       0.0000       0.9851       0.0902
       6   3      -0.7194       0.1444       0.0000       0.7338       0.0337
       6   4      -0.0418      -0.0349       0.0000       0.0545       0.0001
       6   5       0.5315       0.9654       0.0000       1.1020       0.0258
 
 
  HESSIAN diagonal    it=                    -1

 Output to Molden format ...

 Print CMO informations =                      1
 Frontier orbitals of each irrep:
 
  Symmetry   1 A'      
 
         Orbital                19             20             21             22             23             24
         Energy             -0.67536       -0.63481       -0.59740       -0.59360       -0.46994       -0.42839
         Occ No.             2.00000        2.00000        2.00000        2.00000        2.00000        2.00000
      1 1H|1S0               0.02404        0.02983       -0.05171       -0.04826       -0.00356        0.02976
      2 1H|2S0               0.03273        0.04328       -0.08418       -0.06939       -0.01414        0.06653
      3 1H|3S0               0.00992        0.00563       -0.02943       -0.02204       -0.00114        0.03935
      4 1H|2P-1              0.00453        0.00436       -0.00639       -0.00588       -0.00109        0.00471
      5 1H|2P1               0.00278        0.00073        0.00442        0.00157        0.00085        0.00177
      6 2H|1S0              -0.08291       -0.00157       -0.05852        0.10796       -0.01491       -0.03669
      7 2H|2S0              -0.12670       -0.00362       -0.09342        0.17169       -0.02528       -0.06203
      8 2H|3S0              -0.03088       -0.01588       -0.02390        0.06142        0.00528       -0.04832
      9 2H|2P-1             -0.00465        0.00002       -0.00403       -0.00051       -0.00143       -0.00044
     10 2H|2P1               0.01185        0.00074        0.00617       -0.01542        0.00146        0.00188
     11 3H|1S0               0.03876       -0.08915        0.11551        0.04528       -0.01561        0.03420
     12 3H|2S0               0.06040       -0.13364        0.17684        0.06997       -0.02728        0.05996
     13 3H|3S0               0.01466       -0.02766        0.05552        0.02222       -0.02280        0.04565
     14 3H|2P-1             -0.00417        0.01060       -0.01128       -0.00117        0.00170       -0.00386
     15 3H|2P1              -0.00532        0.00770       -0.00920       -0.00832        0.00030       -0.00021
     16 4H|1S0              -0.10032        0.01363        0.03726       -0.01746       -0.00962       -0.01167
     17 4H|2S0              -0.14536        0.01991        0.06227       -0.02741       -0.01656       -0.02130
     18 4H|3S0              -0.03999        0.00562        0.01969       -0.00731       -0.00909       -0.00625
     19 4H|2P-1              0.01413       -0.00011       -0.00476        0.00379        0.00071        0.00019
     20 4H|2P1               0.00658       -0.00380       -0.00234       -0.00159        0.00092        0.00159
     21 5H|1S0               0.09951        0.02220       -0.02213        0.06219        0.00707       -0.00940
     22 5H|2S0               0.13713        0.03053       -0.02860        0.09039        0.01416       -0.02978
     23 5H|3S0               0.03079        0.00327       -0.00632        0.02944        0.01550       -0.02864
     24 5H|2P-1             -0.00396        0.00198        0.00089        0.00224       -0.00105        0.00114
     25 5H|2P1               0.01420        0.00344       -0.00267        0.00893        0.00056       -0.00093
     26 6C|1S0               0.01903       -0.00623        0.00803        0.00614       -0.00503       -0.00079
     27 6C|2S0               0.04254       -0.01396        0.01789        0.01412       -0.01128       -0.00168
     28 6C|3S0              -0.06520        0.01973       -0.02659       -0.02761        0.01489        0.00036
     29 6C|4S0              -0.09439        0.04393       -0.03515       -0.02185        0.05632        0.00742
     30 6C|5S0              -0.06808       -0.09334        0.04210       -0.00770        0.09678       -0.08634
     31 6C|2P-1             -0.04499        0.01792       -0.09134       -0.20794       -0.02503        0.01158
     32 6C|3P-1             -0.02863        0.00658       -0.06208       -0.15825       -0.03160        0.01560
     33 6C|4P-1             -0.02084       -0.03999        0.01296       -0.04266        0.00188       -0.01332
     34 6C|2P1              -0.13094       -0.01890       -0.10693        0.17137       -0.04327       -0.04813
     35 6C|3P1              -0.09942       -0.02000       -0.08730        0.14170       -0.04322       -0.05399
     36 6C|4P1              -0.03038        0.03679       -0.04796        0.04876       -0.06272        0.00810
     37 6C|3D-2              0.01142       -0.00962        0.02369        0.00449        0.00163        0.00627
     38 6C|3D0               0.00092       -0.00126       -0.00061        0.00079       -0.00088       -0.00146
     39 6C|3D2              -0.00844       -0.00102       -0.00617        0.02029       -0.00242       -0.01227
     40 7C|1S0              -0.02084        0.00257       -0.00681        0.00407       -0.00483        0.00714
     41 7C|2S0              -0.04680        0.00557       -0.01504        0.00922       -0.01096        0.01616
     42 7C|3S0               0.07270       -0.00615        0.02050       -0.01783        0.01580       -0.02028
     43 7C|4S0               0.09804       -0.01808        0.04178       -0.00701        0.03994       -0.08439
     44 7C|5S0               0.05246        0.12167       -0.01166       -0.00583       -0.01697       -0.05635
     45 7C|2P-1              0.06620       -0.10490        0.13819        0.21312       -0.00659       -0.01383
     46 7C|3P-1              0.04804       -0.08355        0.11848        0.16124       -0.00696       -0.00513
     47 7C|4P-1             -0.01391       -0.09160        0.07765        0.04534        0.02611       -0.03614
     48 7C|2P1              -0.04059       -0.13671        0.13587       -0.10852       -0.04940        0.12296
     49 7C|3P1              -0.03343       -0.10952        0.11131       -0.07797       -0.04989        0.12777
     50 7C|4P1               0.01512       -0.04814        0.03061       -0.00754       -0.01354        0.07571
     51 7C|3D-2              0.00715       -0.00676        0.01832        0.01027       -0.00294        0.00667
     52 7C|3D0              -0.00231       -0.00013        0.00009        0.00109       -0.00085        0.00117
     53 7C|3D2               0.00234        0.00676       -0.00876        0.02347        0.00061       -0.00878
     54 8C|1S0               0.00570       -0.01473        0.01014       -0.01418        0.00994       -0.00310
     55 8C|2S0               0.01287       -0.03302        0.02315       -0.03189        0.02252       -0.00759
     56 8C|3S0              -0.02304        0.04859       -0.03944        0.04647       -0.03475        0.01938
     57 8C|4S0              -0.02407        0.09446       -0.03717        0.08975       -0.08134        0.00217
     58 8C|5S0              -0.01235       -0.04024       -0.03398        0.03341       -0.03037        0.01884
     59 8C|2P-1              0.05524       -0.08666       -0.04787       -0.09260        0.06500       -0.02374
     60 8C|3P-1              0.04482       -0.07262       -0.03222       -0.07871        0.07464       -0.05179
     61 8C|4P-1              0.04733        0.04971       -0.00400       -0.04027        0.00720       -0.02651
     62 8C|2P1               0.08804        0.07865       -0.11811        0.11086        0.07544       -0.11534
     63 8C|3P1               0.06469        0.06019       -0.09958        0.09497        0.05684       -0.06692
     64 8C|4P1               0.02909       -0.00990       -0.03684        0.03881       -0.01017        0.07892
     65 8C|3D-2             -0.01587       -0.00001        0.02024        0.01067       -0.00773       -0.00115
     66 8C|3D0               0.00135       -0.00131        0.00029       -0.00130        0.00176       -0.00260
     67 8C|3D2               0.01225        0.00979        0.00355        0.01216        0.00764       -0.03240
     68 9C|1S0               0.00071       -0.01604        0.00114       -0.00887        0.00329       -0.01202
     69 9C|2S0               0.00163       -0.03674        0.00239       -0.02015        0.00764       -0.02754
     70 9C|3S0              -0.00189        0.07184        0.00388        0.03262       -0.01500        0.04623
     71 9C|4S0               0.00463        0.06585       -0.01675        0.04823       -0.01772        0.06393
     72 9C|5S0               0.03756        0.02715        0.00604        0.00155       -0.02815       -0.04566
     73 9C|2P-1              0.07515       -0.15427       -0.14721       -0.00654        0.00266        0.08169
     74 9C|3P-1              0.06502       -0.12089       -0.12200       -0.00329       -0.02691        0.07761
     75 9C|4P-1              0.04635        0.03565        0.01101       -0.01565       -0.04356       -0.03165
     76 9C|2P1              -0.10552       -0.13574       -0.03927        0.04654       -0.00419       -0.07267
     77 9C|3P1              -0.09242       -0.09988       -0.03614        0.05341        0.02018       -0.00604
     78 9C|4P1              -0.03534        0.01949        0.02003        0.02179        0.01358        0.05649
     79 9C|3D-2             -0.00083        0.01884        0.01751        0.00541       -0.02199        0.01194
     80 9C|3D0               0.00104       -0.00316       -0.00019       -0.00161        0.00058       -0.00238
     81 9C|3D2              -0.00047       -0.01091        0.00238       -0.00480       -0.04024       -0.04047
     82 10O|1S0             -0.00025        0.02830        0.01151        0.00007        0.00148       -0.00062
     83 10O|2S0             -0.00061        0.06940        0.02816        0.00019        0.00363       -0.00141
     84 10O|3S0              0.00069       -0.10474       -0.04157       -0.00034       -0.00566        0.00164
     85 10O|4S0              0.00355       -0.16842       -0.07478       -0.00045       -0.01272        0.00350
     86 10O|5S0             -0.00363       -0.17293       -0.08402        0.00846       -0.00585        0.04687
     87 10O|2P-1             0.06125        0.24744        0.12527       -0.02475       -0.25615       -0.04219
     88 10O|3P-1             0.05512        0.20200        0.09889       -0.02118       -0.23717       -0.03503
     89 10O|4P-1             0.01789        0.07822        0.04093       -0.00637       -0.14691       -0.01400
     90 10O|2P1             -0.08549        0.17021        0.11990        0.04939        0.32749        0.12933
     91 10O|3P1             -0.07643        0.13786        0.09891        0.04457        0.30301        0.12143
     92 10O|4P1             -0.03051        0.04971        0.03663        0.02281        0.19279        0.08429
     93 10O|3D-2            -0.00251        0.01818        0.01119        0.00170        0.00383        0.00264
     94 10O|3D0              0.00012       -0.01038       -0.00553        0.00002       -0.00074       -0.00058
     95 10O|3D2             -0.00897       -0.00619       -0.00025        0.00337        0.01957        0.00159
     96 11N|1S0              0.00315        0.00875       -0.01248        0.01197       -0.02257        0.02346
     97 11N|2S0              0.00736        0.02068       -0.02947        0.02844       -0.05333        0.05563
     98 11N|3S0             -0.01156       -0.03071        0.04644       -0.04402        0.07981       -0.08675
     99 11N|4S0             -0.01462       -0.05031        0.06706       -0.06978        0.14975       -0.15090
    100 11N|5S0             -0.01729       -0.02611        0.03670       -0.04091        0.20058       -0.06557
    101 11N|2P-1            -0.11531        0.03945        0.14753       -0.00072       -0.08333       -0.09691
    102 11N|3P-1            -0.09653        0.03110        0.12516       -0.00362       -0.08162       -0.09697
    103 11N|4P-1             0.02154        0.00702        0.03284       -0.00847       -0.03081       -0.07904
    104 11N|2P1             -0.05760        0.02132       -0.04365        0.09600       -0.13823        0.32521
    105 11N|3P1             -0.05034        0.01584       -0.04346        0.08529       -0.12330        0.31050
    106 11N|4P1             -0.00683        0.00972       -0.02555        0.03159       -0.04206        0.18541
    107 11N|3D-2            -0.01100        0.00926        0.01444       -0.00054       -0.00753       -0.00606
    108 11N|3D0              0.00080       -0.00005        0.00258       -0.00268        0.00600       -0.01363
    109 11N|3D2             -0.00655        0.00381       -0.00139        0.00974       -0.00746        0.00849
    110 12N|1S0             -0.00892        0.00881       -0.00878        0.00502        0.00941        0.01047
    111 12N|2S0             -0.02107        0.02088       -0.02074        0.01185        0.02233        0.02472
    112 12N|3S0              0.03188       -0.03072        0.02892       -0.01797       -0.03230       -0.03041
    113 12N|4S0              0.05143       -0.05915        0.06906       -0.03183       -0.06876       -0.11124
    114 12N|5S0              0.03851       -0.03455       -0.00848       -0.02976       -0.13138       -0.07040
    115 12N|2P-1             0.01405       -0.06128        0.13814        0.06693        0.01780       -0.02491
    116 12N|3P-1             0.01284       -0.05889        0.12885        0.06208        0.01812       -0.03027
    117 12N|4P-1            -0.00391       -0.03300        0.02511        0.03767       -0.05860        0.01770
    118 12N|2P1              0.11941        0.07310        0.05757       -0.02114        0.07861        0.13157
    119 12N|3P1              0.10868        0.06753        0.05044       -0.01544        0.08837        0.14336
    120 12N|4P1              0.02224        0.01604        0.01962        0.00078        0.01589        0.08791
    121 12N|3D-2             0.00244        0.00388        0.01267        0.00312        0.00595       -0.00169
    122 12N|3D0             -0.00036       -0.00004       -0.00069       -0.00043       -0.00052       -0.00001
    123 12N|3D2             -0.01020       -0.00532        0.00209        0.01506       -0.00259       -0.00819
    124 13N|1S0             -0.00074        0.00211        0.00471        0.00590        0.00003       -0.00947
    125 13N|2S0             -0.00174        0.00513        0.01111        0.01404       -0.00001       -0.02251
    126 13N|3S0              0.00222       -0.00866       -0.01582       -0.02124        0.00188        0.03218
    127 13N|4S0              0.00971       -0.00822       -0.03783       -0.03830       -0.01034        0.07640
    128 13N|5S0             -0.02600       -0.03192       -0.01846        0.01697       -0.00394        0.11571
    129 13N|2P-1            -0.09362        0.07167        0.06172        0.06703       -0.01140       -0.06380
    130 13N|3P-1            -0.07939        0.06164        0.05699        0.05705       -0.00357       -0.07323
    131 13N|4P-1            -0.01791        0.03023        0.01886        0.01884       -0.00709       -0.05041
    132 13N|2P1             -0.20529       -0.03978        0.03693       -0.12226       -0.00691        0.01700
    133 13N|3P1             -0.18124       -0.03470        0.03164       -0.10994       -0.00771        0.01798
    134 13N|4P1             -0.07682       -0.02278        0.01882       -0.04408        0.00387       -0.00366
    135 13N|3D-2            -0.01092        0.00238        0.00765       -0.00110       -0.00259       -0.00150
    136 13N|3D0              0.00013        0.00058       -0.00021        0.00037        0.00028       -0.00026
    137 13N|3D2              0.01208        0.00451       -0.00375        0.01047        0.00345       -0.00509
 
         Orbital                25             26             27             28             29             30
         Energy              0.12636        0.13653        0.16771        0.18800        0.20718        0.21676
         Occ No.             0.00000        0.00000        0.00000        0.00000        0.00000        0.00000
      1 1H|1S0              -0.01884       -0.01583       -0.00439       -0.00155        0.01091        0.01728
      2 1H|2S0              -0.00831       -0.01373        0.00731        0.00013        0.11841        0.03680
      3 1H|3S0              -0.89727       -1.57724        0.74411        0.73377        0.92269        1.01797
      4 1H|2P-1              0.01784        0.02707       -0.01672       -0.02033       -0.00215       -0.01609
      5 1H|2P1              -0.00868       -0.01380        0.00672        0.00102        0.00126       -0.00536
      6 2H|1S0              -0.00944       -0.01159       -0.02405       -0.01262        0.01809        0.00003
      7 2H|2S0               0.07502        0.13482        0.07282        0.16548       -0.02725        0.13248
      8 2H|3S0              -0.83486       -1.85628       -1.32940       -3.03042       -0.11293       -3.07394
      9 2H|2P-1              0.00202        0.00801       -0.00075        0.00120       -0.00820        0.00480
     10 2H|2P1              -0.01055       -0.02114       -0.01220       -0.02618        0.01644       -0.01896
     11 3H|1S0              -0.00756       -0.01783       -0.01525       -0.00305       -0.00723        0.01995
     12 3H|2S0               0.10653       -0.03070        0.12800        0.00511        0.17629       -0.08912
     13 3H|3S0              -1.45650        0.80855       -3.05358        0.39868       -0.77078        4.05528
     14 3H|2P-1             -0.01654        0.00703       -0.01665        0.00593       -0.00460        0.02117
     15 3H|2P1              -0.00918        0.00373       -0.01873       -0.00063       -0.01038        0.01904
     16 4H|1S0              -0.01723        0.01128        0.01023        0.00256        0.00827       -0.01011
     17 4H|2S0               0.06235       -0.06580       -0.06014        0.01477        0.01711       -0.00027
     18 4H|3S0              -1.47006        1.07138       -0.18749        1.02173        0.88264       -1.37772
     19 4H|2P-1             -0.02882        0.02005       -0.00139        0.01335        0.00873       -0.02048
     20 4H|2P1              -0.02661        0.01600       -0.00129        0.00942        0.00094       -0.00938
     21 5H|1S0              -0.01261        0.01798        0.01276       -0.01107        0.01637        0.00909
     22 5H|2S0               0.02566       -0.04412       -0.06653        0.04743       -0.06598        0.09290
     23 5H|3S0              -0.57799        0.60179        1.38381       -1.77938        0.41125        0.96136
     24 5H|2P-1              0.00145        0.00309        0.00317       -0.00260        0.00302        0.00266
     25 5H|2P1               0.01966       -0.01633       -0.03065        0.03342       -0.00231       -0.01121
     26 6C|1S0              -0.00399       -0.01369       -0.00915       -0.01722       -0.00645       -0.01762
     27 6C|2S0              -0.00790       -0.03050       -0.02005       -0.03988       -0.01155       -0.04217
     28 6C|3S0               0.00176        0.03822        0.03339        0.08451       -0.04572        0.09416
     29 6C|4S0               0.06948        0.17403        0.05286       -0.01193        0.44254       -0.04094
     30 6C|5S0               1.15145        0.00236        2.55069        1.60446       -3.09356       -1.27014
     31 6C|2P-1             -0.02163        0.00170       -0.02535       -0.04005        0.00899       -0.01172
     32 6C|3P-1             -0.01002        0.02731        0.01712       -0.00428        0.03780       -0.02308
     33 6C|4P-1              0.40957        0.21250       -0.50822       -0.39540       -0.48569        0.47450
     34 6C|2P1               0.06036        0.08408        0.05183        0.07368       -0.02156        0.04476
     35 6C|3P1               0.03300       -0.02514        0.05213       -0.01037        0.09422       -0.01066
     36 6C|4P1               0.37682        1.65955       -0.13932        2.12543        1.23469        3.72190
     37 6C|3D-2              0.01214        0.00930        0.00468       -0.00267       -0.00025        0.00780
     38 6C|3D0               0.00107        0.00144        0.01245        0.01316       -0.01788       -0.00097
     39 6C|3D2              -0.01150       -0.01756       -0.01166       -0.00733        0.00853        0.00341
     40 7C|1S0              -0.01317        0.00347       -0.00896       -0.00141       -0.01837        0.01841
     41 7C|2S0              -0.02911        0.00788       -0.01942       -0.00318       -0.03891        0.04240
     42 7C|3S0               0.03877       -0.00690        0.02350        0.00993        0.01465       -0.08623
     43 7C|4S0               0.13901       -0.09123        0.11857       -0.04776        0.45822       -0.01439
     44 7C|5S0               0.00446        0.59071        0.46116        1.66021        1.43331        1.39286
     45 7C|2P-1              0.05833       -0.01549        0.08076        0.02419        0.02751       -0.05091
     46 7C|3P-1             -0.01243        0.04045       -0.02150        0.00963       -0.02052        0.03607
     47 7C|4P-1              1.26559       -0.74772        2.23931       -0.07742       -0.32308       -2.40231
     48 7C|2P1               0.03237       -0.00599        0.07493       -0.03617        0.00154       -0.06008
     49 7C|3P1               0.01132        0.04423        0.01801        0.05383       -0.01295        0.05595
     50 7C|4P1               0.26813       -1.14108        1.45438       -1.61826        0.07884       -3.62736
     51 7C|3D-2             -0.01101       -0.00760       -0.01869       -0.00037       -0.00654        0.00894
     52 7C|3D0               0.00295       -0.00059        0.00986        0.00411       -0.01053       -0.01720
     53 7C|3D2               0.00862        0.00490        0.00127       -0.00598       -0.00279        0.00242
     54 8C|1S0               0.00074       -0.00642        0.00118        0.00220       -0.00432       -0.00441
     55 8C|2S0               0.00158       -0.01536        0.00330        0.00414       -0.01059       -0.01123
     56 8C|3S0              -0.00018        0.02959       -0.01019        0.00471        0.01760        0.02697
     57 8C|4S0              -0.03558        0.02069        0.02138       -0.06528       -0.04813       -0.00464
     58 8C|5S0              -0.35188       -0.85363        1.77948       -1.62808       -3.06676       -3.62955
     59 8C|2P-1             -0.02307        0.01828        0.02746       -0.01011        0.01501       -0.02092
     60 8C|3P-1             -0.02471        0.03075        0.04466        0.00656        0.12015       -0.04975
     61 8C|4P-1             -0.99113       -0.01246       -1.65950       -0.11373       -0.87160        0.17341
     62 8C|2P1               0.02102        0.00726       -0.02185       -0.01848       -0.00838        0.05770
     63 8C|3P1               0.04305       -0.00534       -0.05868        0.03020       -0.00305        0.03522
     64 8C|4P1               0.17374       -0.21024       -0.19267       -0.60125        1.66411       -1.29176
     65 8C|3D-2              0.00909       -0.00106        0.01329       -0.01015        0.00244        0.00130
     66 8C|3D0              -0.00472        0.00028        0.00592       -0.00054       -0.02330       -0.00803
     67 8C|3D2              -0.00241        0.00049       -0.00492        0.01842       -0.00272       -0.00917
     68 9C|1S0               0.00256       -0.00123       -0.00579       -0.00445       -0.00435        0.00128
     69 9C|2S0               0.00645       -0.00405       -0.01272       -0.01167       -0.00984        0.00175
     70 9C|3S0              -0.02311        0.02692        0.00823        0.04285       -0.00798        0.01644
     71 9C|4S0               0.05110       -0.10815        0.14339       -0.10015        0.13932       -0.13928
     72 9C|5S0              -0.40313       -0.04137        0.31588        0.77254       -2.97019        0.01510
     73 9C|2P-1             -0.01873        0.00578        0.00787        0.00264        0.02010       -0.00626
     74 9C|3P-1              0.01335        0.04131       -0.00010       -0.06013       -0.05584       -0.07360
     75 9C|4P-1             -0.19528        0.01500       -0.23840       -0.26088       -0.57143       -0.32291
     76 9C|2P1               0.00315       -0.01124        0.02436        0.02263        0.01646        0.01492
     77 9C|3P1               0.00038        0.02290        0.01648       -0.02208       -0.05182       -0.03597
     78 9C|4P1               0.05375        0.24970       -0.17643        0.41143       -0.40781       -0.07597
     79 9C|3D-2             -0.00591       -0.01175        0.00599       -0.00224        0.00862        0.00442
     80 9C|3D0              -0.00471       -0.00243        0.00783        0.00649       -0.02504       -0.00396
     81 9C|3D2              -0.00204       -0.00413        0.00109        0.00499       -0.00140        0.00257
     82 10O|1S0             -0.00229       -0.00287        0.00429        0.00531       -0.00685        0.00236
     83 10O|2S0             -0.00631       -0.00755        0.01197        0.01375       -0.01945        0.00641
     84 10O|3S0              0.01802        0.01629       -0.03662       -0.02902        0.06704       -0.01703
     85 10O|4S0             -0.02375       -0.00523        0.06668        0.00546       -0.13524        0.02420
     86 10O|5S0              0.12430        0.21834       -0.44365       -0.29604        0.55092       -0.26951
     87 10O|2P-1            -0.00652       -0.02360        0.01023        0.00569        0.02431        0.02383
     88 10O|3P-1            -0.01277       -0.00830        0.00856       -0.00249       -0.01897        0.01741
     89 10O|4P-1             0.05136        0.00983       -0.05976       -0.00738        0.20747       -0.00727
     90 10O|2P1              0.00334        0.00773       -0.01513       -0.02709        0.00183       -0.00986
     91 10O|3P1              0.00222        0.01295       -0.01640       -0.01857       -0.02665       -0.01447
     92 10O|4P1              0.01525        0.02904       -0.07156       -0.15144        0.11569       -0.04528
     93 10O|3D-2             0.00161        0.00320       -0.00159       -0.00231       -0.00259       -0.00268
     94 10O|3D0             -0.00063       -0.00116        0.00200        0.00141       -0.00198        0.00028
     95 10O|3D2              0.00061       -0.00050        0.00044        0.00017        0.00006        0.00067
     96 11N|1S0             -0.00911       -0.00021        0.00632        0.00059       -0.01422       -0.00125
     97 11N|2S0             -0.02265       -0.00074        0.01770        0.00169       -0.03863       -0.00353
     98 11N|3S0              0.04830        0.00439       -0.06735       -0.01067        0.12835        0.01255
     99 11N|4S0              0.00438       -0.01643        0.19387        0.04245       -0.29166       -0.03351
    100 11N|5S0              0.20855        0.12430       -1.67456       -0.00898        3.05126        0.40969
    101 11N|2P-1             0.00623       -0.03065        0.02234        0.01256        0.00573        0.00786
    102 11N|3P-1             0.00355       -0.00224        0.03419        0.01599       -0.00724       -0.00945
    103 11N|4P-1             0.05739       -0.25467       -0.11207       -0.08521        0.19770       -0.04621
    104 11N|2P1              0.00399        0.02636        0.03847       -0.02980       -0.00051        0.00165
    105 11N|3P1              0.00602        0.02477        0.04529       -0.00920       -0.00095        0.00691
    106 11N|4P1             -0.02837        0.03801       -0.22260       -0.09406        0.39156        0.10488
    107 11N|3D-2             0.00405       -0.00103       -0.00415        0.00252       -0.00063       -0.00271
    108 11N|3D0              0.00033       -0.00145        0.00240       -0.00086       -0.01303       -0.00237
    109 11N|3D2              0.00211       -0.00153        0.00120       -0.00508       -0.00395        0.00490
    110 12N|1S0             -0.01279       -0.01538        0.01219        0.01366       -0.00466        0.00666
    111 12N|2S0             -0.03271       -0.04047        0.03170        0.03452       -0.01364        0.01390
    112 12N|3S0              0.08543        0.12380       -0.08883       -0.08260        0.05982        0.01416
    113 12N|4S0             -0.08816       -0.20857        0.11517        0.02853       -0.19817       -0.30293
    114 12N|5S0              1.04657        1.84560       -1.35339       -0.64480        1.96573        1.94490
    115 12N|2P-1            -0.04445       -0.09565        0.03702        0.01971        0.05508        0.03814
    116 12N|3P-1            -0.00746       -0.03642       -0.00045       -0.04095        0.00738       -0.04468
    117 12N|4P-1            -0.19233       -0.47548        0.31412        0.53607        1.06531        1.07672
    118 12N|2P1              0.02042        0.03514       -0.00627       -0.03226       -0.03598       -0.02388
    119 12N|3P1             -0.00398        0.00096        0.03975       -0.02564       -0.03124       -0.03889
    120 12N|4P1              0.18925        0.34246       -0.27006       -0.04327       -0.43057        0.11005
    121 12N|3D-2             0.00543        0.00568       -0.00075        0.00059       -0.00147       -0.00101
    122 12N|3D0              0.00232        0.00371        0.00060       -0.00176       -0.01358       -0.00741
    123 12N|3D2              0.00967        0.01178        0.00294        0.00460       -0.00008       -0.00294
    124 13N|1S0             -0.02199        0.01737        0.01383       -0.00496        0.00318       -0.00566
    125 13N|2S0             -0.05742        0.04394        0.03444       -0.01323        0.00525       -0.01468
    126 13N|3S0              0.17291       -0.11058       -0.07771        0.04422        0.03236        0.04374
    127 13N|4S0             -0.29921        0.08822        0.00348       -0.09128       -0.27071       -0.07903
    128 13N|5S0              2.35316       -0.97023       -0.23100        0.64992        1.56231        0.68015
    129 13N|2P-1             0.08830       -0.05303        0.01038       -0.02066       -0.04644        0.03626
    130 13N|3P-1             0.01682        0.00918        0.01162        0.01190        0.04769       -0.00242
    131 13N|4P-1             0.24431       -0.35805        0.08737       -0.30407       -1.00936        0.21707
    132 13N|2P1              0.00852       -0.00134        0.08147       -0.12771       -0.00326        0.08438
    133 13N|3P1             -0.00695       -0.00403       -0.00893       -0.00840       -0.01608       -0.00040
    134 13N|4P1              0.18367       -0.02202        0.66702       -0.87512       -0.05255        0.96432
    135 13N|3D-2            -0.00973        0.00378       -0.00288        0.00921        0.00176       -0.00780
    136 13N|3D0              0.00649       -0.00646       -0.00422        0.00196       -0.00814       -0.00017
    137 13N|3D2             -0.00090        0.00313        0.00796       -0.01242        0.00252        0.01133
 
 
  Symmetry   2 A''     
 
         Orbital               138            139            140            141            142            143
         Energy             -0.60389       -0.51642       -0.45738       -0.32836       -0.27810        0.04282
         Occ No.             1.96738        1.95972        1.81396        1.64533        1.50872        0.60220
      1 1H|2P0              -0.00306       -0.01288       -0.00409       -0.00978        0.00706       -0.01130
      2 2H|2P0              -0.00282       -0.00538       -0.00533        0.00154       -0.00425        0.01561
      3 3H|2P0              -0.00423       -0.00188       -0.00493        0.00773       -0.00838       -0.00131
      4 4H|2P0              -0.01412        0.00933       -0.00134       -0.01491       -0.00206        0.00961
      5 5H|2P0              -0.01316        0.00884       -0.00057       -0.01372       -0.00027        0.01032
      6 6C|2P0              -0.08133       -0.15501       -0.14075        0.04491       -0.08951        0.27835
      7 6C|3P0              -0.07865       -0.14898       -0.14000        0.05174       -0.10008        0.33356
      8 6C|4P0              -0.01719       -0.04806       -0.05196        0.03158       -0.03865        0.36132
      9 6C|3D-1             -0.00278        0.01023       -0.00162        0.02147       -0.02045        0.00773
     10 6C|3D1               0.00751        0.01494        0.00889        0.00162       -0.00122        0.00836
     11 7C|2P0              -0.10712       -0.04795       -0.11890        0.18053       -0.18543       -0.04284
     12 7C|3P0              -0.10027       -0.04697       -0.12306        0.19585       -0.20487       -0.06316
     13 7C|4P0              -0.04764       -0.00933       -0.07048        0.11333       -0.16675       -0.08750
     14 7C|3D-1              0.00432        0.01008        0.00913       -0.00757        0.00825       -0.01879
     15 7C|3D1               0.00858       -0.00421       -0.00069       -0.00637       -0.00124        0.02776
     16 8C|2P0              -0.20471        0.06832       -0.00803        0.11817        0.01357       -0.28259
     17 8C|3P0              -0.19798        0.06492       -0.00881        0.13287        0.00717       -0.35854
     18 8C|4P0              -0.03802        0.00214        0.00448        0.07718        0.03949       -0.31106
     19 8C|3D-1             -0.00823        0.01241       -0.00714       -0.03116       -0.01463        0.00116
     20 8C|3D1               0.00590       -0.00835       -0.01190        0.00852       -0.02224       -0.01927
     21 9C|2P0              -0.07828       -0.13292        0.22192       -0.00509        0.01799        0.06030
     22 9C|3P0              -0.07568       -0.12613        0.22345        0.00293        0.02441        0.07898
     23 9C|4P0              -0.01999       -0.02117        0.09471        0.01619       -0.00955        0.06736
     24 9C|3D-1             -0.00548        0.00782       -0.01150        0.01946        0.03633        0.02009
     25 9C|3D1              -0.00215       -0.01262       -0.02028       -0.01118        0.01962       -0.01690
     26 10O|2P0             -0.02917       -0.08507        0.27124       -0.05123       -0.27644       -0.04446
     27 10O|3P0             -0.02701       -0.07679        0.25086       -0.04531       -0.25846       -0.04086
     28 10O|4P0              0.00047       -0.02983        0.12431       -0.04039       -0.19111       -0.05164
     29 10O|3D-1            -0.00370       -0.00732        0.01842       -0.00157       -0.01014        0.00170
     30 10O|3D1             -0.00281       -0.00655        0.01408       -0.00259       -0.00875       -0.00091
     31 11N|2P0             -0.12062        0.00735        0.13101        0.19201        0.23338        0.14980
     32 11N|3P0             -0.11524        0.00851        0.13244        0.19645        0.24120        0.15618
     33 11N|4P0             -0.04047        0.01690        0.05625        0.11294        0.17444        0.22897
     34 11N|3D-1            -0.00341        0.00724       -0.00926        0.00194       -0.00210       -0.01613
     35 11N|3D1             -0.01330       -0.00047        0.00876        0.01635        0.01524       -0.00093
     36 12N|2P0             -0.08200       -0.28523       -0.09231       -0.17889        0.14552       -0.17371
     37 12N|3P0             -0.07991       -0.28643       -0.09715       -0.18497        0.15090       -0.17542
     38 12N|4P0             -0.03350       -0.16913       -0.08210       -0.16412        0.13891       -0.29508
     39 12N|3D-1            -0.00494       -0.00913       -0.00603        0.00154       -0.00052        0.01088
     40 12N|3D1              0.00072        0.00041       -0.01306        0.00135       -0.00404        0.01013
     41 13N|2P0             -0.26238        0.17528       -0.02100       -0.25321       -0.03032        0.12498
     42 13N|3P0             -0.25502        0.17057       -0.02099       -0.24951       -0.02779        0.11942
     43 13N|4P0             -0.17139        0.13568       -0.01516       -0.26015       -0.03936        0.25024
     44 13N|3D-1             0.01087       -0.00484        0.00038       -0.00233       -0.00068        0.01248
     45 13N|3D1             -0.00482        0.00201       -0.00121        0.00061       -0.00206       -0.00687
 
         Orbital               144            145            146            147            148
         Energy              0.12770        0.35068        0.31203        0.37235        0.39365
         Occ No.             0.41383        0.08884        0.00000        0.00000        0.00000
      1 1H|2P0               0.00225       -0.00818        0.01067        0.00116       -0.01672
      2 2H|2P0               0.01064        0.00903        0.00186        0.01838       -0.00198
      3 3H|2P0              -0.01414       -0.01039        0.00681        0.01127        0.00204
      4 4H|2P0              -0.00726       -0.00641        0.00318       -0.00052        0.00258
      5 5H|2P0              -0.00386       -0.00469       -0.00012       -0.00772       -0.00677
      6 6C|2P0               0.18674        0.17586       -0.11216       -0.08835        0.10138
      7 6C|3P0               0.22856        0.22892       -0.45754       -0.42683        0.44879
      8 6C|4P0               0.31843        0.22288        0.98717        0.61369       -1.21784
      9 6C|3D-1             -0.02691       -0.00638       -0.00464       -0.00782       -0.00906
     10 6C|3D1               0.00051        0.00641        0.00938        0.01858       -0.00929
     11 7C|2P0              -0.22215       -0.20152       -0.08111       -0.09407       -0.12236
     12 7C|3P0              -0.27097       -0.24856       -0.27087       -0.43593       -0.49705
     13 7C|4P0              -0.47361       -0.29132       -0.13111        1.02725        1.06962
     14 7C|3D-1             -0.00612       -0.00308        0.00785        0.01634        0.00550
     15 7C|3D1              -0.00572       -0.01342        0.00132        0.00694        0.00306
     16 8C|2P0               0.19003        0.24900       -0.06064        0.05437       -0.05847
     17 8C|3P0               0.24444        0.32879       -0.27933        0.24261       -0.43321
     18 8C|4P0               0.27487        0.23857        0.73182       -1.03159        0.69370
     19 8C|3D-1             -0.00986        0.00359       -0.00163        0.00197       -0.00059
     20 8C|3D1              -0.02129        0.00141       -0.00014       -0.00644       -0.00383
     21 9C|2P0              -0.27776        0.28175       -0.10286        0.09803        0.02430
     22 9C|3P0              -0.35248        0.35454       -0.37745        0.45811        0.15306
     23 9C|4P0              -0.28405        0.18503        1.01785       -1.27570       -0.51686
     24 9C|3D-1             -0.01145       -0.01133        0.00076       -0.00138       -0.00219
     25 9C|3D1              -0.01543       -0.00843        0.00108        0.00244        0.00052
     26 10O|2P0              0.21569       -0.21865       -0.01103        0.04041        0.02746
     27 10O|3P0              0.20023       -0.19066        0.01640        0.02231        0.02839
     28 10O|4P0              0.22811       -0.03654       -0.17192        0.19215        0.07794
     29 10O|3D-1            -0.00344        0.00820       -0.00483        0.00427        0.00180
     30 10O|3D1             -0.00182        0.00396       -0.00329        0.00314        0.00064
     31 11N|2P0              0.07572       -0.29262       -0.04100        0.04693       -0.02390
     32 11N|3P0              0.07608       -0.30026        0.02221        0.03651       -0.06047
     33 11N|4P0              0.05628       -0.17301       -0.48178        0.42226        0.08811
     34 11N|3D-1             0.02296       -0.00371        0.00278       -0.00025        0.00311
     35 11N|3D1              0.00589       -0.00431       -0.00265        0.00906       -0.00260
     36 12N|2P0              0.01849       -0.17856       -0.05118        0.02095        0.04908
     37 12N|3P0              0.01856       -0.18425       -0.02464        0.02468        0.10109
     38 12N|4P0              0.01804       -0.19507       -0.41781        0.12597        0.11935
     39 12N|3D-1             0.00690        0.00787       -0.00482       -0.00364        0.01230
     40 12N|3D1              0.02780       -0.00522        0.00112       -0.00242        0.00214
     41 13N|2P0             -0.06237       -0.06491       -0.02907        0.00486       -0.11089
     42 13N|3P0             -0.05845       -0.06450       -0.06131       -0.01222       -0.23801
     43 13N|4P0             -0.15017       -0.13265       -0.04970        0.19484        0.14315
     44 13N|3D-1            -0.01004       -0.01255        0.00363       -0.00278        0.00060
     45 13N|3D1              0.00101        0.00429       -0.00078        0.00340        0.00227
 
 
 
                    Orbital information
 
  Start index:     1  138
 
        nsbas:   137   45
        nsorb:   137   45
        nscor:     0    0
        nscls:    24    0
        nsact:     0    8
        nsocc:    24    8
        nsval:    24    8
        nsvir:   113   37
        nsxvr:     0    0
 
    Group Sym:    2
    State Sym:    1
    Spin  Mul:    1
    Act  Elec:   10
          States average information
    Nstate:     6
    Istate:     6
    Weight:   0.166667  0.166667  0.166667  0.166667  0.166667  0.166667

TARGET_MCSCF ROOT ENERGY        -392.796449052428

    Total number of ci calculation:   22
MO TRANS   388.80       CI    30.32  INT OPT     0.00  MIC OPT   175.27

    root   1
    energy=     -392.79644905     exe(eV)=    0.0000

    root   2
    energy=     -392.61007951     exe(eV)=    5.0714

    root   3
    energy=     -392.56444664     exe(eV)=    6.3131

    root   4
    energy=     -392.50730319     exe(eV)=    7.8681

    root   5
    energy=     -392.50239536     exe(eV)=    8.0016

    root   6
    energy=     -392.47056937     exe(eV)=    8.8676
 
 ++++++++  DATA CHECK +++++++++++++++++++++++++++++++++
  CHECKDATA:MCSCF:MCENERGY:     -392.7964491     -392.6100795     -392.5644466     -392.5073032     -392.5023954     -392.4705694
 ++++++++++ END DATA CHECK ++++++++++++++++++++++++++++
 
  End   MCSCF Calculation
 Total wall time =   48.26
|******************************************************************************|
 
    Total cpu     time:        641.58  S
    Total system  time:         21.27  S
    Total wall    time:         48.26  S
 
    Current time   2022-05-12  16:46:37
    End running module mcscf
|******************************************************************************|
 
('/scratch/cytosine-CASSCF-10-8_614', '/apps/users/lcz/exe11/task1/BDF')
 Warning! Removing scratch files. If you would like to keep scratch files for restaring. Please use -keeptmpdir

Sender: Unischeduler System <lcz@mgt01>
Subject: Job 131694: <#!/bin/bash
#BSUB -J intel
#BSUB -o cytosine-CASSCF-10-8.out
#BSUB -n 16
#BSUB -q cqueue
#BSUB -R span[hosts=1]
export BDFHOME=/apps/software/bdf-pkg/build/bdf-pkg-full
export BDF_TMPDIR=/scratch/cytosine-CASSCF-10-8_614
export USE_LIBCINT=no
export LD_LIBRARY_PATH=/apps/software/bdf-pkg/build/bdf-pkg-full/extlibs:/apps/software/bdf-pkg/build/bdf-pkg-full/libso:/apps/software/intel2019/mkl/lib/intel64:/apps/software/intel2019/compilers_and_libraries_2019/linux/lib/intel64:$LD_LIBRARY_PATH
ulimit -s unlimited
ulimit -t unlimited
export OMP_NUM_THREADS=16
export OMP_STACKSIZE=20G
/apps/software/bdf-pkg/build/bdf-pkg-full/sbin/bdfdrv.py -tmpdir /scratch/cytosine-CASSCF-10-8_614 -r cytosine-CASSCF-10-8.inp > cytosine-CASSCF-10-8.out
rm -rf .cytosine-CASSCF-10-8.wrk> Done

Job <#!/bin/bash
#BSUB -J intel
#BSUB -o cytosine-CASSCF-10-8.out
#BSUB -n 16
#BSUB -q cqueue
#BSUB -R span[hosts=1]
export BDFHOME=/apps/software/bdf-pkg/build/bdf-pkg-full
export BDF_TMPDIR=/scratch/cytosine-CASSCF-10-8_614
export USE_LIBCINT=no
export LD_LIBRARY_PATH=/apps/software/bdf-pkg/build/bdf-pkg-full/extlibs:/apps/software/bdf-pkg/build/bdf-pkg-full/libso:/apps/software/intel2019/mkl/lib/intel64:/apps/software/intel2019/compilers_and_libraries_2019/linux/lib/intel64:$LD_LIBRARY_PATH
ulimit -s unlimited
ulimit -t unlimited
export OMP_NUM_THREADS=16
export OMP_STACKSIZE=20G
/apps/software/bdf-pkg/build/bdf-pkg-full/sbin/bdfdrv.py -tmpdir /scratch/cytosine-CASSCF-10-8_614 -r cytosine-CASSCF-10-8.inp > cytosine-CASSCF-10-8.out
rm -rf .cytosine-CASSCF-10-8.wrk> was submitted from host <mgt01> by user <lcz>.
Job was executed on host(s) <16*cnode10>, in queue <cqueue>, as user <lcz>.
</apps/users/lcz> was used as the home directory.
</apps/users/lcz/exe11/task1/BDF> was used as the working directory.
Started at 2022-05-12 16:45:37
Results reported at 2022-05-12 16:46:37

Your job looked like:

------------------------------------------------------------
# User input
#!/bin/bash
#BSUB -J intel
#BSUB -o cytosine-CASSCF-10-8.out
#BSUB -n 16
#BSUB -q cqueue
#BSUB -R span[hosts=1]
export BDFHOME=/apps/software/bdf-pkg/build/bdf-pkg-full
export BDF_TMPDIR=/scratch/cytosine-CASSCF-10-8_614
export USE_LIBCINT=no
export LD_LIBRARY_PATH=/apps/software/bdf-pkg/build/bdf-pkg-full/extlibs:/apps/software/bdf-pkg/build/bdf-pkg-full/libso:/apps/software/intel2019/mkl/lib/intel64:/apps/software/intel2019/compilers_and_libraries_2019/linux/lib/intel64:$LD_LIBRARY_PATH
ulimit -s unlimited
ulimit -t unlimited
export OMP_NUM_THREADS=16
export OMP_STACKSIZE=20G
/apps/software/bdf-pkg/build/bdf-pkg-full/sbin/bdfdrv.py -tmpdir /scratch/cytosine-CASSCF-10-8_614 -r cytosine-CASSCF-10-8.inp > cytosine-CASSCF-10-8.out
rm -rf .cytosine-CASSCF-10-8.wrk
------------------------------------------------------------

Successfully completed.

Resource usage summary:

    CPU time   :          641.42 sec.
    Max Memory :              1182 MB
    Max Processes  :               5


The output (if any) follows:

