#!awk.bdf.output
====================== BDF version information ============================
commit fc04f1ff47dc43ae8303833debdd140f2e9740ca
Merge: 2da841e 6d89e4e
Author: Yibo Lei <leiyb@nwu.edu.cn>
Date:   Thu May 5 10:03:26 2022 +0800

    Merge branch 'master' of 182.92.69.169:/opt/gitroot/bdf-pkg
===========================================================================
BDFHOME     = /apps/software/bdf-pkg/build/bdf-pkg-full 
BDF_TMPDIR  = /tmp 
BDF_MPIRUN  = None 
BDF_MPIROOT = None 
|---------------------------------------------------------------------|
 Could not find mpirun. Set to serial running ...


(' BDFHOME     = ', '/apps/software/bdf-pkg/build/bdf-pkg-full')
(' BDF_WORKDIR = ', '/apps/users/lcz/exe11/task1/BDF')
(' BDF_TMPDIR  = ', '/scratch/cytosine-CASSCF-14-10_488')
(' BDFTASK     = ', 'cytosine-CASSCF-14-10')

  BDF parallel running information ...
('  BDF_MASTER_NODE', 'cnode02')
('  BDF_MPIROOT = ', 'None')
  Total number of computational nodes   = 1
  Number of processes per node          = 1
  Number of openmp threads per process  = 32


('  Singlepoint_task = ', True)
('  Fragmp2_task     = ', False)


$compass
title
cytosine
basis
tzvp
Geometry
H -2.114860 -1.429678 0.000000
H -0.173973 -2.806186 0.000000
H 2.073228 -1.658021 0.000000
H 3.175240 0.564335 0.000000
H 2.235202 2.033636 0.000000
C -0.060783 -1.726152 0.000000
C 1.144884 -1.099470 0.000000
C 1.107049 0.338190 0.000000
C -1.227573 0.430359 0.000000
O -2.315109 0.998271 0.000000
N 0.000000 1.058130 0.000000
N -1.201178 -0.989148 0.000000
N 2.278974 1.024187 0.000000
end Geometry
check
saorb
$end
$xuanyuan
$end
%cp cytosine-RHF.scforb cytosine-CASSCF-14-10.inporb
$mcscf
guess
read
spin
1
close
22 0
actel
14
active
2 8
mixci
2
1 1
1 2
1 2
iprtmo
1
molden
$end
('tmpstdin ', True)
('npro is ', 1)
('\n BDF command: ', '/apps/software/bdf-pkg/build/bdf-pkg-full/bin/compass.x /scratch/cytosine-CASSCF-14-10_488/cytosine-CASSCF-14-10XX0.compass.inp')
  BDF process        0 of        1 on Serial  
 
|******************************************************************************|
 
    Start running module compass
    Current time   2022-05-12  16:43:17
 
|******************************************************************************|

 ++++++++++ Reading compass input ++++++++++++++++++
 TITLE
 BASIS
 Input Basis set is TZVP
 Spherical GTO 5d,7f
 GEOMETRY
 H      -2.11486000     -1.42967800      0.00000000
 H      -0.17397300     -2.80618600      0.00000000
 H       2.07322800     -1.65802100      0.00000000
 H       3.17524000      0.56433500      0.00000000
 H       2.23520200      2.03363600      0.00000000
 C      -0.06078300     -1.72615200      0.00000000
 C       1.14488400     -1.09947000      0.00000000
 C       1.10704900      0.33819000      0.00000000
 C      -1.22757300      0.43035900      0.00000000
 O      -2.31510900      0.99827100      0.00000000
 N       0.00000000      1.05813000      0.00000000
 N      -1.20117800     -0.98914800      0.00000000
 N       2.27897400      1.02418700      0.00000000
 Number of atoms:       13
 CHECK
 SAORB
 $END
 ++++++++++ End of reading compass input +++++++++++++


|-------------------------------------------------------------------------------------------|

 Atom           Cartcoord(Bohr)                 Charge Basis Auxbas Uatom Nstab Alink  Mass
  H       -3.996506    -2.701700     0.000000     1.00    1     0     0     0   E      1.0073
  H       -0.328761    -5.302923     0.000000     1.00    1     0     0     0   E      1.0073
  H        3.917833    -3.133206     0.000000     1.00    1     0     0     0   E      1.0073
  H        6.000334     1.066439     0.000000     1.00    1     0     0     0   E      1.0073
  H        4.223920     3.843015     0.000000     1.00    1     0     0     0   E      1.0073
  C       -0.114863    -3.261955     0.000000     6.00    2     0     0     0   E     11.9967
  C        2.163517    -2.077697     0.000000     6.00    2     0     0     0   E     11.9967
  C        2.092019     0.639086     0.000000     6.00    2     0     0     0   E     11.9967
  C       -2.319777     0.813261     0.000000     6.00    2     0     0     0   E     11.9967
  O       -4.374922     1.886459     0.000000     8.00    3     0     0     0   E     15.9949
  N        0.000000     1.999576     0.000000     7.00    4     0     0     0   E     14.0031
  N       -2.269897    -1.869219     0.000000     7.00    4     0     0     0   E     14.0031
  N        4.306637     1.935433     0.000000     7.00    4     0     0     0   E     14.0031
 
|--------------------------------------------------------------------------------------------|

  End of reading atomic basis sets ..
 Printing basis sets for checking ....

 Atomic label:  H    1
 Maximum L  1 5s1p ----> 3s1p NBF =   6
 #--->s function
      Exp Coef          Norm Coef       Con Coef
            34.061341   0.356214E+02    0.025439    0.000000    0.000000
             5.123575   0.860389E+01    0.190086    0.000000    0.000000
             1.164663   0.283247E+01    0.852441    0.000000    0.000000
             0.327230   0.109309E+01    0.000000    1.000000    0.000000
             0.103072   0.459591E+00    0.000000    0.000000    1.000000
 #--->p function
      Exp Coef          Norm Coef       Con Coef
             0.800000   0.220723E+01    1.000000
 

 Atomic label:  C    6
 Maximum L  2 11s6p1d ----> 5s3p1d NBF =  19
 #--->s function
      Exp Coef          Norm Coef       Con Coef
         13575.349682   0.317745E+04    0.000606    0.000000    0.000000    0.000000    0.000000
          2035.233368   0.765554E+03    0.004698    0.000000    0.000000    0.000000    0.000000
           463.225624   0.252266E+03    0.024332    0.000000    0.000000    0.000000    0.000000
           131.200196   0.979413E+02    0.097400    0.000000    0.000000    0.000000    0.000000
            42.853016   0.423157E+02    0.301956    0.000000    0.000000    0.000000    0.000000
            15.584186   0.198166E+02    0.662336    0.000000    0.000000    0.000000    0.000000
             6.206714   0.993485E+01    0.000000    0.655953    0.000000    0.000000    0.000000
             2.576490   0.513791E+01    0.000000    0.375856    0.000000    0.000000    0.000000
             0.576963   0.167254E+01    0.000000    0.000000    1.000000    0.000000    0.000000
             0.229728   0.838351E+00    0.000000    0.000000    0.000000    1.000000    0.000000
             0.095164   0.432884E+00    0.000000    0.000000    0.000000    0.000000    1.000000
 #--->p function
      Exp Coef          Norm Coef       Con Coef
            34.697232   0.245670E+03    0.011327    0.000000    0.000000
             7.958262   0.389948E+02    0.076170    0.000000    0.000000
             2.378083   0.861525E+01    0.301923    0.000000    0.000000
             0.814332   0.225676E+01    0.727850    0.000000    0.000000
             0.288875   0.617835E+00    0.000000    1.000000    0.000000
             0.100568   0.165219E+00    0.000000    0.000000    1.000000
 #--->d function
      Exp Coef          Norm Coef       Con Coef
             0.800000   0.176578E+01    1.000000
 

 Atomic label:  O    8
 Maximum L  2 11s6p1d ----> 5s3p1d NBF =  19
 #--->s function
      Exp Coef          Norm Coef       Con Coef
         27032.382631   0.532633E+04    0.000572    0.000000    0.000000    0.000000    0.000000
          4052.387139   0.128321E+04    0.004435    0.000000    0.000000    0.000000    0.000000
           922.327227   0.422843E+03    0.023020    0.000000    0.000000    0.000000    0.000000
           261.240710   0.164171E+03    0.092822    0.000000    0.000000    0.000000    0.000000
            85.354641   0.709472E+02    0.293785    0.000000    0.000000    0.000000    0.000000
            31.035035   0.332204E+02    0.674016    0.000000    0.000000    0.000000    0.000000
            12.260861   0.165541E+02    0.000000    0.638399    0.000000    0.000000    0.000000
             4.998708   0.844614E+01    0.000000    0.395346    0.000000    0.000000    0.000000
             1.170311   0.284276E+01    0.000000    0.000000    1.000000    0.000000    0.000000
             0.464747   0.142209E+01    0.000000    0.000000    0.000000    1.000000    0.000000
             0.185045   0.712810E+00    0.000000    0.000000    0.000000    0.000000    1.000000
 #--->p function
      Exp Coef          Norm Coef       Con Coef
            63.274955   0.520624E+03    0.012018    0.000000    0.000000
            14.627049   0.834508E+02    0.083005    0.000000    0.000000
             4.450122   0.188560E+02    0.319917    0.000000    0.000000
             1.527580   0.495438E+01    0.707155    0.000000    0.000000
             0.529351   0.131724E+01    0.000000    1.000000    0.000000
             0.174784   0.329695E+00    0.000000    0.000000    1.000000
 #--->d function
      Exp Coef          Norm Coef       Con Coef
             1.200000   0.359002E+01    1.000000
 

 Atomic label:  N    7
 Maximum L  2 11s6p1d ----> 5s3p1d NBF =  19
 #--->s function
      Exp Coef          Norm Coef       Con Coef
         19730.800647   0.420604E+04    0.000586    0.000000    0.000000    0.000000    0.000000
          2957.895874   0.101333E+04    0.004543    0.000000    0.000000    0.000000    0.000000
           673.221336   0.333913E+03    0.023558    0.000000    0.000000    0.000000    0.000000
           190.682495   0.129643E+03    0.094709    0.000000    0.000000    0.000000    0.000000
            62.295442   0.560218E+02    0.297198    0.000000    0.000000    0.000000    0.000000
            22.654161   0.262347E+02    0.669162    0.000000    0.000000    0.000000    0.000000
             8.979148   0.131051E+02    0.000000    0.645967    0.000000    0.000000    0.000000
             3.686300   0.672137E+01    0.000000    0.387006    0.000000    0.000000    0.000000
             0.846601   0.222984E+01    0.000000    0.000000    1.000000    0.000000    0.000000
             0.336471   0.111616E+01    0.000000    0.000000    0.000000    1.000000    0.000000
             0.136477   0.567294E+00    0.000000    0.000000    0.000000    0.000000    1.000000
 #--->p function
      Exp Coef          Norm Coef       Con Coef
            49.200381   0.380141E+03    0.011449    0.000000    0.000000
            11.346791   0.607541E+02    0.078422    0.000000    0.000000
             3.427397   0.136047E+02    0.308181    0.000000    0.000000
             1.178553   0.358237E+01    0.720272    0.000000    0.000000
             0.416422   0.975892E+00    0.000000    1.000000    0.000000
             0.142608   0.255661E+00    0.000000    0.000000    1.000000
 #--->d function
      Exp Coef          Norm Coef       Con Coef
             1.000000   0.260933E+01    1.000000
 
 
 Atomic masses
    1.0073    1.0073    1.0073    1.0073    1.0073
   11.9967   11.9967   11.9967   11.9967   15.9949
   14.0031   14.0031   14.0031

 Molecular center of mass
        -0.08757179     0.05577530     0.00000000

 Molecular center of nuclear charge
        -0.00000003    -0.00000003     0.00000000
 [molesym]
 
 Auto decide molecular point group! Rotate coordinates into standard orientation!
 Threshold= 0.10000E-08 0.10000E-11 0.10000E-03
 
 zgeomsort being called!
gsym: CS  , noper=    2
 Exiting zgeomsort....
 Representation generated
  Binary group is observed ...
  Point group name C(S)                         2
  User set point group as C(S)    
  Largest Abelian Subgroup C(S)                         2
 Representation generated
 C|S|)|                     1
 Symmetry check OK
 Molecule has been symmetrized
  Number of symmery unique centers:                     13

|-------------------------------------------------------------------------------------------|

 Atom           Cartcoord(Bohr)                 Charge Basis Auxbas Uatom Nstab Alink  Mass
  H        2.082473    -4.351385     0.000000     1.00    1     0     0     0   E      1.0073
  H        5.196379    -1.107575     0.000000     1.00    1     0     0     0   E      1.0073
  H        3.676965     3.412670     0.000000     1.00    1     0     0     0   E      1.0073
  H       -0.169457     6.092010     0.000000     1.00    1     0     0     0   E      1.0073
  H       -3.177743     4.744703     0.000000     1.00    1     0     0     0   E      1.0073
  C        3.209307    -0.594886     0.000000     6.00    2     0     0     0   E     11.9967
  C        2.374171     1.833288     0.000000     6.00    2     0     0     0   E     11.9967
  C       -0.323428     2.163417     0.000000     6.00    2     0     0     0   E     11.9967
  C       -1.146628    -2.174397     0.000000     6.00    2     0     0     0   E     11.9967
  O       -2.511304    -4.048706     0.000000     8.00    3     0     0     0   E     15.9949
  N       -1.977692     0.295025     0.000000     7.00    4     0     0     0   E     14.0031
  N        1.513853    -2.520846     0.000000     7.00    4     0     0     0   E     14.0031
  N       -1.278834     4.545064     0.000000     7.00    4     0     0     0   E     14.0031
 
|--------------------------------------------------------------------------------------------|

Number of irreps:    2
IRREP:   1   1   2
DIMEN:   1   1   1

 Irreps of multipole moment operators ...
 Operator  Component    Irrep       Row
  Dipole       x           A'          1
  Dipole       y           A'          1
  Dipole       z           A''         1
  Quadpole     xx          A'          1
  Quadpole     xy          A'          1
  Quadpole     yy          A'          1
  Quadpole     xz          A''         1
  Quadpole     yz          A''         1
  Quadpole     zz          A'          1
 
 Print Multiplication table of irreps
 A'   *A'   =A'   ;  A''  *A'   =A''  ;  A'   *A''  =A''  ;  A''  *A''  =A'   ; 
 
 Generate symmetry adapted orbital ...
 Print Multab
  1  2
  2  1

|--------------------------------------------------|
          Symmetry adapted orbital                   

  Total number of basis functions:     182     182

  Number of irreps:   2
  Irrep :   A'        A''     
  Norb  :    137        45
|--------------------------------------------------|

Total number of shells:       34
 R max for this shell (Bohr)   14.0099999999998       1.083425912870241E-008
 R max for this shell (Bohr)   5.66999999999996       9.254561885381170E-011
 R max for this shell (Bohr)   14.0099999999998       4.807711640690466E-008
 R max for this shell (Bohr)   14.0099999999998       6.362786371225771E-009
 R max for this shell (Bohr)   5.83999999999996       9.317954812948633E-011
 R max for this shell (Bohr)   11.6699999999998       9.856253830744456E-011
 R max for this shell (Bohr)   11.8299999999998       9.670880953072654E-011
 R max for this shell (Bohr)   4.79999999999998       9.085992348854226E-011
 R max for this shell (Bohr)   13.5699999999998       9.720638872200492E-011
 R max for this shell (Bohr)   13.0499999999998       9.808208903867532E-011
 R max for this shell (Bohr)   5.23999999999997       9.425821903758389E-011
 
Number of atoms:      13
Number of basis functions:     182
 
 
 ++++++++  DATA CHECK +++++++++++++++++++++++++++++++++
  CHECKDATA:COMPASS:C(S)    
  CHECKDATA:COMPASS:NATOM :       13
  CHECKDATA:COMPASS:NBAS  :      182
 ++++++++++ END DATA CHECK ++++++++++++++++++++++++++++
 
|******************************************************************************|
 
    Total cpu     time:          0.03  S
    Total system  time:          0.02  S
    Total wall    time:          0.05  S
 
    Current time   2022-05-12  16:43:17
    End running module compass
|******************************************************************************|
 
 Filename: /scratch/cytosine-CASSCF-14-10_488/cytosine-CASSCF-14-10.undmol mode: w+b 
BDFTASK: cytosine-CASSCF-14-10 
INPUT FILE: cytosine-CASSCF-14-10.undmolinp 
 Scratch dir: cytosine-CASSCF-14-10 
 Scratch dir: cytosine-CASSCF-14-10 
string cytosine-CASSCF-14-10.undmolinp len 31 
 Filename: cytosine-CASSCF-14-10.chkfil mode: rb 

 Read data from check file! 
Found string UNDMOLIN at position 10 
Idisk 2653256 
Number of irreps: 2, number of basis: 182 
irrep: 1, num: 137 
irrep: 2, num: 45 
char= (A) 
char= (') 
char= ( ) 
j= 2 
char= (A) 
char= (') 
char= (') 
char= ( ) 
j= 11 
rpmname: a' 
('tmpstdin ', True)
('npro is ', 1)
('\n BDF command: ', '/apps/software/bdf-pkg/build/bdf-pkg-full/bin/xuanyuan.x /scratch/cytosine-CASSCF-14-10_488/cytosine-CASSCF-14-10XX1.xuanyuan.inp')
  BDF process        0 of        1 on Serial  
 
|******************************************************************************|
 
    Start running module xuanyuan
    Current time   2022-05-12  16:43:17
 
|******************************************************************************|

|-------------------------------------------------------------------------------------------|

 Atom           Cartcoord(Bohr)                 Charge Basis Auxbas Uatom Nstab Alink  Mass
  H        2.082473    -4.351385     0.000000     1.00    1     0     1     2   E      1.0073
  H        5.196379    -1.107575     0.000000     1.00    1     0     1     2   E      1.0073
  H        3.676965     3.412670     0.000000     1.00    1     0     1     2   E      1.0073
  H       -0.169457     6.092010     0.000000     1.00    1     0     1     2   E      1.0073
  H       -3.177743     4.744703     0.000000     1.00    1     0     1     2   E      1.0073
  C        3.209307    -0.594886     0.000000     6.00    2     0     1     2   E     11.9967
  C        2.374171     1.833288     0.000000     6.00    2     0     1     2   E     11.9967
  C       -0.323428     2.163417     0.000000     6.00    2     0     1     2   E     11.9967
  C       -1.146628    -2.174397     0.000000     6.00    2     0     1     2   E     11.9967
  O       -2.511304    -4.048706     0.000000     8.00    3     0     1     2   E     15.9949
  N       -1.977692     0.295025     0.000000     7.00    4     0     1     2   E     14.0031
  N        1.513853    -2.520846     0.000000     7.00    4     0     1     2   E     14.0031
  N       -1.278834     4.545064     0.000000     7.00    4     0     1     2   E     14.0031
 
|--------------------------------------------------------------------------------------------|

 $xuanyuan                                                                      
                                          
 $end                                                                           
                                          
  Mass polarization term:  F
 Total nuclear charge :         58.00
 Nuclear repulsion energy :     355.5319837187 a.u.

 Total number of primitive  basis sets :          312
 Total number of prim-cart  basis sets :          320
 Total number of contracted basis sets :          182

  Estimate memory for calculating 2e integrals...
 Minium memory to calculate ERIs:        2.506 M

[aoint_1e]
  Calculating one electron integrals ...
  S T and V integrals ....
  Dipole and Quadupole integrals ....
  Finish calculating one electron integrals ...
 
 ---------------------------------------------------------------
  Timing to calculate 1-electronic integrals                                      
 
  CPU TIME(S)      SYSTEM TIME(S)     WALL TIME(S)
          0.170            0.140               0.020
 ---------------------------------------------------------------
 
 Finish calculating 1e integral ...
 Character Table
    1    1
    1   -1
 
 Total number of electronic repulsion integrals      74011011
 
 Number  of  symmetry adapted ERIs:            74011011
 Actual  Memory  of  SO-ERI buffer:      71 M
 Optimized Memory of SO-ERI buffer:      71 M
 
 Calculating ERIs...
 
 ---------------------------------------------------------------
  Timing to calculate 2-electronic integrals                                      
 
  CPU TIME(S)      SYSTEM TIME(S)     WALL TIME(S)
         13.630            2.470              10.510
 ---------------------------------------------------------------
 
 Symadpt    time      0.320     0.030     0.270
 Indices    time      1.360     0.210     1.780
 Sort save  time      0.380     0.830     1.200
 ERI total  time      5.460     0.350     5.610
 Zeta & Rys time      0.000     0.000     0.000
 2D         time      0.000     0.000     0.000
 2D-6D      time      0.000     0.000     0.000
 6D cntr    time      0.000     0.000     0.000
 HRR        time      0.000     0.000     0.000
 
 ++++++++  DATA CHECK +++++++++++++++++++++++++++++++++
  CHECKDATA:XUANYUAN:SO2EINT:      1.396250007      0.824699809      0.510664301      0.824689552
 ++++++++++ END DATA CHECK ++++++++++++++++++++++++++++
 
|******************************************************************************|
 
    Total cpu     time:         13.84  S
    Total system  time:          2.62  S
    Total wall    time:         10.59  S
 
    Current time   2022-05-12  16:43:28
    End running module xuanyuan
|******************************************************************************|
 
(' Shell command: ', 'cp cytosine-RHF.scforb cytosine-CASSCF-14-10.inporb')
('tmpstdin ', True)
('npro is ', 1)
('\n BDF command: ', '/apps/software/bdf-pkg/build/bdf-pkg-full/bin/mcscf.x /scratch/cytosine-CASSCF-14-10_488/cytosine-CASSCF-14-10XX2.mcscf.inp')
  BDF process        0 of        1 on Serial  
 
|******************************************************************************|
 
    Start running module mcscf
    Current time   2022-05-12  16:43:28
 
|******************************************************************************|
 
 
                    **************************************************
                                            MCSCF                     
                       Write By Shuneng Mao, Bingbing Suo, Yibo Lei   
                    **************************************************

|-------------------------------------------------------------------------------------------|

 Atom           Cartcoord(Bohr)                 Charge Basis Auxbas Uatom Nstab Alink  Mass
  H        2.082473    -4.351385     0.000000     1.00    1     0     1     2   E      1.0073
  H        5.196379    -1.107575     0.000000     1.00    1     0     1     2   E      1.0073
  H        3.676965     3.412670     0.000000     1.00    1     0     1     2   E      1.0073
  H       -0.169457     6.092010     0.000000     1.00    1     0     1     2   E      1.0073
  H       -3.177743     4.744703     0.000000     1.00    1     0     1     2   E      1.0073
  C        3.209307    -0.594886     0.000000     6.00    2     0     1     2   E     11.9967
  C        2.374171     1.833288     0.000000     6.00    2     0     1     2   E     11.9967
  C       -0.323428     2.163417     0.000000     6.00    2     0     1     2   E     11.9967
  C       -1.146628    -2.174397     0.000000     6.00    2     0     1     2   E     11.9967
  O       -2.511304    -4.048706     0.000000     8.00    3     0     1     2   E     15.9949
  N       -1.977692     0.295025     0.000000     7.00    4     0     1     2   E     14.0031
  N        1.513853    -2.520846     0.000000     7.00    4     0     1     2   E     14.0031
  N       -1.278834     4.545064     0.000000     7.00    4     0     1     2   E     14.0031
 
|--------------------------------------------------------------------------------------------|

 $mcscf                                                                         
  
 guess                                                                          
  
 spin                                                                           
  
 close                                                                          
  
 actel                                                                          
  
 active                                                                         
  
 mixci                                                                          
  
 iprtmo                                                                         
  
 molden                                                                         
  
 $end                                                                           
  
 
    ******** Orbital information *******
     nsbas:   137   45
     nsorb:   137   45
     nscor:     0    0
     nscls:    22    0
     nsact:     2    8
     nsocc:    24    8
     nsval:    24    8
     nsvir:   113   37
     nsxvr:     0    0
 

    ******** MCSCF wavefunction information ********
    Group Sym:    2
    State Sym:    1   2
    Spin  Mul:    1   1
    Act  Elec:   14

          States average information
    Nstate:     3
    Nstmix:     1   2
    Istate:     3
    Weight:   0.333333  0.333333  0.333333

    ******** MCSCF solver ********
    Quasi-Newton     : F
    Werner-Algorithm : T
    GUGA-CI          : F
    UGA-CI           : T
    iCI              : F
    Selected         : F
    CASCI            : F
    CVS              : F

 Read inital orbital from user specified file.

 /apps/users/lcz/exe11/task1/BDF/cytosine-CASSCF-14-10.inporb
 Read orbital title:  TITLE - SCF Canonical Orbital
 
 Print initial guess orbital which may be sorted.
 

 Output to Molden format ...

  Start MCSCF iteration ...
 
 Total number of electronic repulsion integrals      74011011
Nuclear energy =    355.53198372
 
transform internal J and K oper need time =         60.99  s
SCF energy       -392.73988243 a.u.
mcscf_eneci(0)   -392.59534002 a.u.
 
The energy shift is :             0.0 a.u.
 

      Iter  MIC INN        Energy                Energy(Approx)    DeltaE    OrbGrad(0)  OrbGrad(1)   MaxRot       NLin NAug
 MACRO   1   4   0.   -392.662678131949      -392.694858889783   -.6734E-01  0.4732E+00  0.2116E-01  0.4991E-02      1    5
 MACRO   2   5   4.   -392.667564756599      -392.668253329989   -.4887E-02  0.1688E+00  0.7436E-03  0.9175E-04      0    5
 MACRO   3   4   2.   -392.667565881800      -392.667566519119   -.1125E-05  0.2559E-02  0.6589E-04  0.1237E-04      0    4
 MACRO   4   2   1.   -392.667565881916      -392.667565881266   -.1157E-09  0.2426E-04  0.9830E-05  0.2688E-05      0    2
 
    State Averaged ci energy      -392.66756588
  CHECKDATA:MCSCF:NITER:        4
 ===============================================================
 MCSCF natural and resolution orbital coefficients:
 Generating MCSCF natural orbitals 
 
 Print and Save MCSCF natural orbital
 
 
transform J and K oper need time =        127.52  s

Print final result



********** INITIAL GUESS INFO **********

  spintwo | symmetry |  nstates |     ncsf |     ncfg |   energy 
--------------------------------------------------------------------------------------
        0 |        0 |        1 |     2598 |     1618 |   -392.79727945, 


*************** Begin PRINT NONRELA CFGSPACE ***************

spintwo    = 0
irrep      = 0
nstates    = 1
ncfg       =         1618
ncsf       =         2598
ncsf full  =         2598
ndet full  =         7232
ndet eff   =         7232

*********** state  0 ***********
Important ocfg:
    0 22222220000000000000000000000000    0     9.198871e-01  84.619224
    1 22222211000000000000000000000000    0    -1.960541e-01   3.843720
    2 22222111010000000000000000000000    1     9.187121e-02   0.844032
    3 22222210100000000000000000000000    0     8.273952e-02   0.684583
    4 22222200200000000000000000000000    0    -8.235836e-02   0.678290
    5 22222110110000000000000000000000    1     7.848729e-02   0.616025
    6 22221220100000000000000000000000    0    -7.761172e-02   0.602358
    7 22221211100000000000000000000000    1     7.724907e-02   0.596742
    8 22222202000000000000000000000000    0    -7.558865e-02   0.571364
    9 22220220200000000000000000000000    0    -7.024524e-02   0.493439
   10 22222022000000000000000000000000    0    -6.028979e-02   0.363486
   11 22222020020000000000000000000000    0    -5.588420e-02   0.312304
   12 22221121100000000000000000000000    1    -5.265385e-02   0.277243
   13 22222210010000000000000000000000    0     4.956241e-02   0.245643
   14 22221221000000000000000000000000    0    -4.910308e-02   0.241111
   15 22222200020000000000000000000000    0    -4.893936e-02   0.239506
   16 22222201100000000000000000000000    0     4.832906e-02   0.233570
   17 22221211010000000000000000000000    1    -4.802360e-02   0.230627
   18 22220222000000000000000000000000    0    -4.572611e-02   0.209088
   19 22222110020000000000000000000000    0    -4.427624e-02   0.196039
   20 22222111100000000000000000000000    1     4.366474e-02   0.190661
   21 22221120200000000000000000000000    0    -4.365382e-02   0.190566
   22 22222020200000000000000000000000    0    -4.287093e-02   0.183792
   23 22221210200000000000000000000000    0     4.283415e-02   0.183476
   24 22220221100000000000000000000000    0    -4.118405e-02   0.169613
check importance : 2598 / 2598 (  100.00)

****************************


*************** End PRINT NONRELA CFGSPACE ***************



****************************************



********** INITIAL GUESS INFO **********

  spintwo | symmetry |  nstates |     ncsf |     ncfg |   energy 
--------------------------------------------------------------------------------------
        0 |        1 |        2 |     2352 |     1232 |   -392.60815977,    -392.59725843, 


*************** Begin PRINT NONRELA CFGSPACE ***************

spintwo    = 0
irrep      = 1
nstates    = 2
ncfg       =         1232
ncsf       =         2352
ncsf full  =         2352
ndet full  =         7168
ndet eff   =         7168

*********** state  0 ***********
Important ocfg:
    0 21222221000000000000000000000000    0    -8.715034e-01  75.951823
    1 12222220100000000000000000000000    0    -1.975251e-01   3.901616
    2 12222211100000000000000000000000    0     1.845908e-01   3.407375
    3 21222212000000000000000000000000    0    -1.524834e-01   2.325119
    4 12222211100000000000000000000000    1     1.422247e-01   2.022787
    5 21222121010000000000000000000000    1     1.139674e-01   1.298858
    6 12222221000000000000000000000000    0    -8.035303e-02   0.645661
    7 21222211100000000000000000000000    0    -7.956990e-02   0.633137
    8 21220221200000000000000000000000    0     6.895880e-02   0.475532
    9 21222121010000000000000000000000    0    -6.546757e-02   0.428600
   10 21222021020000000000000000000000    0     6.428406e-02   0.413244
   11 12222121100000000000000000000000    0    -6.415187e-02   0.411546
   12 21222121100000000000000000000000    1     5.906257e-02   0.348839
   13 12221211200000000000000000000000    0    -5.748999e-02   0.330510
   14 12222211010000000000000000000000    0    -5.688468e-02   0.323587
   15 21222111110000000000000000000000    3    -5.598216e-02   0.313400
   16 21222201200000000000000000000000    0     5.303573e-02   0.281279
   17 12222220010000000000000000000000    0     4.632496e-02   0.214600
   18 21222021110000000000000000000000    1    -4.565781e-02   0.208464
   19 21222211010000000000000000000000    0    -4.521538e-02   0.204443
   20 21221221010000000000000000000000    1    -4.349899e-02   0.189216
   21 21222211100000000000000000000000    1     4.306455e-02   0.185456
   22 12222121100000000000000000000000    1    -4.244666e-02   0.180172
   23 21222021200000000000000000000000    0     3.980603e-02   0.158452
   24 12221211200000000000000000000000    1     3.903088e-02   0.152341
check importance : 2352 / 2352 (  100.00)

*********** state  1 ***********
Important ocfg:
    0 12222221000000000000000000000000    0    -8.514683e-01  72.499823
    1 21222220100000000000000000000000    0    -2.543186e-01   6.467795
    2 21222211100000000000000000000000    0     2.024598e-01   4.098996
    3 12222212000000000000000000000000    0    -1.568358e-01   2.459746
    4 21222211100000000000000000000000    1     1.376618e-01   1.895078
    5 12222121010000000000000000000000    1     1.121932e-01   1.258731
    6 12222211100000000000000000000000    0    -8.739879e-02   0.763855
    7 12220221200000000000000000000000    0     6.603891e-02   0.436114
    8 12222121010000000000000000000000    0    -6.353476e-02   0.403667
    9 12222021020000000000000000000000    0     6.298612e-02   0.396725
   10 12222121100000000000000000000000    1     6.227180e-02   0.387778
   11 21222121100000000000000000000000    0    -6.125202e-02   0.375181
   12 21221211200000000000000000000000    0    -5.859787e-02   0.343371
   13 12222111110000000000000000000000    3    -5.619113e-02   0.315744
   14 21222211010000000000000000000000    0    -5.603296e-02   0.313969
   15 21222121100000000000000000000000    1    -5.200349e-02   0.270436
   16 12222201200000000000000000000000    0     5.000611e-02   0.250061
   17 12221221010000000000000000000000    1    -4.853689e-02   0.235583
   18 21222221000000000000000000000000    0     4.589250e-02   0.210612
   19 12222021110000000000000000000000    1    -4.562972e-02   0.208207
   20 12222211100000000000000000000000    1     4.537880e-02   0.205924
   21 21222122000000000000000000000000    0    -4.351756e-02   0.189378
   22 21221211200000000000000000000000    1     4.323471e-02   0.186924
   23 21221221100000000000000000000000    1    -4.211673e-02   0.177382
   24 12222220100000000000000000000000    0     4.161416e-02   0.173174
check importance : 2352 / 2352 (  100.00)

****************************


*************** End PRINT NONRELA CFGSPACE ***************



****************************************

 
 Calculate atomic population
 
 
 Print atomic population of state :                      1
 
 [Mulliken Population Analysis]
  Atomic charges: 
     1H       0.2641
     2H       0.1144
     3H       0.1334
     4H       0.2417
     5H       0.2475
     6C      -0.0893
     7C      -0.0841
     8C       0.0884
     9C       0.2296
    10O      -0.3890
    11N      -0.1526
    12N      -0.2128
    13N      -0.3911
     Sum:    -0.0000
 
 [Lowdin Population Analysis]
  Atomic charges: 
     1H       0.1466
     2H       0.0747
     3H       0.0776
     4H       0.1280
     5H       0.1320
     6C       0.0722
     7C      -0.1468
     8C       0.1225
     9C       0.1670
    10O      -0.2784
    11N      -0.2270
    12N      -0.1129
    13N      -0.1554
     Sum:    -0.0000
 
 
 Print atomic population of state :                      2
 
 [Mulliken Population Analysis]
  Atomic charges: 
     1H       0.2678
     2H       0.1149
     3H       0.1362
     4H       0.2419
     5H       0.2485
     6C      -0.2037
     7C      -0.0453
     8C      -0.0546
     9C       0.2265
    10O      -0.2292
    11N      -0.0139
    12N      -0.2526
    13N      -0.4365
     Sum:    -0.0000
 
 [Lowdin Population Analysis]
  Atomic charges: 
     1H       0.1457
     2H       0.0714
     3H       0.0809
     4H       0.1263
     5H       0.1306
     6C      -0.0382
     7C      -0.1206
     8C      -0.0310
     9C       0.1694
    10O      -0.1212
    11N      -0.0713
    12N      -0.1494
    13N      -0.1926
     Sum:    -0.0000
 
 
 Print atomic population of state :                      3
 
 [Mulliken Population Analysis]
  Atomic charges: 
     1H       0.2644
     2H       0.1134
     3H       0.1358
     4H       0.2412
     5H       0.2485
     6C      -0.1949
     7C      -0.0444
     8C      -0.0457
     9C       0.1925
    10O      -0.1888
    11N      -0.0187
    12N      -0.2673
    13N      -0.4361
     Sum:    -0.0000
 
 [Lowdin Population Analysis]
  Atomic charges: 
     1H       0.1450
     2H       0.0702
     3H       0.0803
     4H       0.1257
     5H       0.1303
     6C      -0.0270
     7C      -0.1183
     8C      -0.0219
     9C       0.1249
    10O      -0.0663
    11N      -0.0739
    12N      -0.1737
    13N      -0.1954
     Sum:    -0.0000
 
 
 Calculate (transition) dipole moment
 
 
 Print Dipole moment of state :                      1
 
 [Dipole moment: a.u.]
              X          Y          Z         |u|
   Elec:0.2111E+01 0.1395E+01 0.0000E+00
   Nucl:0.1776E-14 0.0000E+00 0.0000E+00
   Totl:    2.1107     1.3954     0.0000     2.5302
 
 [Dipole moment: Debye]
              X          Y          Z         |u|
   Elec:0.5365E+01 0.3547E+01 0.0000E+00
   Nucl:0.4515E-14 0.0000E+00 0.0000E+00
   Totl:    5.3649     3.5467     0.0000     6.4313
 
 Print Dipole moment of state :                      2
 
 [Dipole moment: a.u.]
              X          Y          Z         |u|
   Elec:0.8538E+00 0.5479E+00 0.0000E+00
   Nucl:0.1776E-14 0.0000E+00 0.0000E+00
   Totl:    0.8538     0.5479     0.0000     1.0145
 
 [Dipole moment: Debye]
              X          Y          Z         |u|
   Elec:0.2170E+01 0.1393E+01 0.0000E+00
   Nucl:0.4515E-14 0.0000E+00 0.0000E+00
   Totl:    2.1703     1.3927     0.0000     2.5787
 
 Print Dipole moment of state :                      3
 
 [Dipole moment: a.u.]
              X          Y          Z         |u|
   Elec:0.8296E+00 0.4267E+00 0.0000E+00
   Nucl:0.1776E-14 0.0000E+00 0.0000E+00
   Totl:    0.8296     0.4267     0.0000     0.9329
 
 [Dipole moment: Debye]
              X          Y          Z         |u|
   Elec:0.2109E+01 0.1085E+01 0.0000E+00
   Nucl:0.4515E-14 0.0000E+00 0.0000E+00
   Totl:    2.1087     1.0846     0.0000     2.3713
 

 *** Electric transition dipole moments (Au) ***
State  I   J         X            Y            Z            |u|        f / Osc.
       2   1       0.0000       0.0000       0.0000       0.0000       0.0000
       3   1       0.0000       0.0000       0.0000       0.0000       0.0000
       3   2      -0.1390       0.7778       0.0000       0.7901       0.0045
 
 
  HESSIAN diagonal    it=                    -1

 Output to Molden format ...

 Print CMO informations =                      1
 Frontier orbitals of each irrep:
 
  Symmetry   1 A'      
 
         Orbital                19             20             21             22             23             24
         Energy             -0.65655       -0.64986       -0.59155       -0.57336       -0.42472       -0.38944
         Occ No.             2.00000        2.00000        2.00000        2.00000        1.67646        1.65608
      1 1H|1S0              -0.01482        0.03457        0.06422        0.04207       -0.01603       -0.01383
      2 1H|2S0              -0.02030        0.05043        0.09920        0.06292       -0.04123       -0.03566
      3 1H|3S0              -0.01045        0.01095        0.03211        0.02504       -0.02228       -0.02634
      4 1H|2P-1             -0.00277        0.00576        0.00767        0.00514       -0.00273       -0.00202
      5 1H|2P1              -0.00190        0.00215       -0.00501       -0.00057       -0.00026       -0.00116
      6 2H|1S0               0.06750       -0.05871        0.03970       -0.12137        0.00009        0.01524
      7 2H|2S0               0.10452       -0.09133        0.06248       -0.19553        0.00004        0.02706
      8 2H|3S0               0.02498       -0.03750        0.01493       -0.07472        0.02210        0.02435
      9 2H|2P-1              0.00357       -0.00301        0.00427       -0.00008       -0.00084        0.00039
     10 2H|2P1              -0.00950        0.00849       -0.00305        0.01639        0.00057        0.00042
     11 3H|1S0              -0.05035       -0.04724       -0.14190       -0.01148       -0.01458       -0.01454
     12 3H|2S0              -0.07914       -0.06987       -0.22014       -0.01793       -0.02897       -0.02832
     13 3H|3S0              -0.02059       -0.01685       -0.07004       -0.00350       -0.02806       -0.02578
     14 3H|2P-1              0.00625        0.00678        0.01348       -0.00226        0.00155        0.00140
     15 3H|2P1               0.00597        0.00379        0.01256        0.00594       -0.00023       -0.00008
     16 4H|1S0               0.12281        0.01192       -0.03016        0.02083        0.00203        0.00896
     17 4H|2S0               0.17611        0.01768       -0.04930        0.03240        0.00387        0.01715
     18 4H|3S0               0.04987        0.00598       -0.01576        0.00929       -0.00115        0.00831
     19 4H|2P-1             -0.01623        0.00100        0.00389       -0.00448       -0.00005       -0.00013
     20 4H|2P1              -0.00909       -0.00528        0.00175        0.00187       -0.00007       -0.00078
     21 5H|1S0              -0.09491        0.05674        0.01305       -0.06970        0.00279        0.00043
     22 5H|2S0              -0.13157        0.07915        0.01680       -0.10436        0.01372        0.01141
     23 5H|3S0              -0.03225        0.01881        0.00312       -0.03987        0.02030        0.01438
     24 5H|2P-1              0.00631        0.00224       -0.00135       -0.00151       -0.00140       -0.00110
     25 5H|2P1              -0.01311        0.00869        0.00135       -0.00962        0.00007       -0.00000
     26 6C|1S0              -0.01564        0.00569       -0.01097       -0.00435       -0.00390        0.00272
     27 6C|2S0              -0.03493        0.01266       -0.02448       -0.01004       -0.00876        0.00598
     28 6C|3S0               0.05313       -0.02055        0.03666        0.02014        0.01253       -0.00568
     29 6C|4S0               0.07761       -0.01737        0.05391        0.01480        0.04374       -0.03042
     30 6C|5S0               0.04022       -0.09430       -0.04169        0.02032        0.11085        0.02914
     31 6C|2P-1              0.03447       -0.01430        0.13731        0.18180       -0.01728        0.01228
     32 6C|3P-1              0.02105       -0.01219        0.09092        0.14018       -0.02453        0.01062
     33 6C|4P-1              0.01030       -0.03930       -0.01107        0.04648        0.00879        0.01085
     34 6C|2P1               0.10216       -0.10952        0.07336       -0.19101       -0.01730        0.02225
     35 6C|3P1               0.07664       -0.08876        0.05885       -0.15891       -0.01600        0.03313
     36 6C|4P1               0.03238        0.00449        0.03694       -0.05972       -0.05569        0.01012
     37 6C|3D-2             -0.01115        0.00098       -0.02677        0.00227       -0.00039       -0.00364
     38 6C|3D0              -0.00085       -0.00094        0.00064       -0.00058       -0.00024        0.00131
     39 6C|3D2               0.00719       -0.00683        0.00255       -0.02224        0.00181        0.00684
     40 7C|1S0               0.01769       -0.00782        0.00507       -0.00472       -0.00734       -0.00606
     41 7C|2S0               0.03969       -0.01773        0.01110       -0.01057       -0.01667       -0.01372
     42 7C|3S0              -0.06172        0.02932       -0.01451        0.01952        0.02383        0.01907
     43 7C|4S0              -0.08371        0.03143       -0.02946        0.00578        0.06504        0.05912
     44 7C|5S0              -0.01760        0.11177        0.04622       -0.01923       -0.01031        0.03274
     45 7C|2P-1             -0.07209       -0.05303       -0.20085       -0.17555        0.00397        0.00514
     46 7C|3P-1             -0.05357       -0.04077       -0.16744       -0.12983        0.00247        0.00188
     47 7C|4P-1              0.00013       -0.05892       -0.09941       -0.02705        0.03668        0.02170
     48 7C|2P1              -0.00157       -0.12056       -0.14191        0.15605       -0.06123       -0.05693
     49 7C|3P1               0.00199       -0.09397       -0.11903        0.12132       -0.06739       -0.06322
     50 7C|4P1              -0.02337       -0.02413       -0.04061        0.02873       -0.02955       -0.04078
     51 7C|3D-2             -0.00605        0.00205       -0.02228       -0.00456       -0.00415       -0.00414
     52 7C|3D0               0.00203       -0.00125       -0.00013       -0.00041       -0.00089       -0.00069
     53 7C|3D2               0.00049        0.00565        0.00651       -0.02561        0.00184        0.00335
     54 8C|1S0              -0.00652       -0.00638       -0.01068        0.01489        0.01106        0.00328
     55 8C|2S0              -0.01457       -0.01406       -0.02430        0.03345        0.02523        0.00780
     56 8C|3S0               0.02355        0.01678        0.04059       -0.04831       -0.04255       -0.01858
     57 8C|4S0               0.03462        0.05348        0.04626       -0.09290       -0.06566        0.01054
     58 8C|5S0              -0.00005       -0.03525        0.01929       -0.02890       -0.01694        0.01294
     59 8C|2P-1             -0.09713       -0.12588        0.04953        0.08725        0.05907        0.01938
     60 8C|3P-1             -0.07496       -0.10227        0.03635        0.07222        0.07258        0.02681
     61 8C|4P-1             -0.03227        0.02809        0.02447        0.03276        0.00958        0.00015
     62 8C|2P1              -0.04871        0.09032        0.11116       -0.15118        0.07942        0.05049
     63 8C|3P1              -0.03162        0.06995        0.08798       -0.12493        0.04991        0.02087
     64 8C|4P1              -0.02923        0.00134        0.01395       -0.03075       -0.02823       -0.04334
     65 8C|3D-2              0.01968        0.00394       -0.02202       -0.00658       -0.00312        0.00175
     66 8C|3D0              -0.00111       -0.00010       -0.00015        0.00065        0.00313        0.00204
     67 8C|3D2              -0.00653        0.01576       -0.00085       -0.01701        0.01944        0.02239
     68 9C|1S0              -0.00302       -0.00204       -0.00244        0.00785        0.00997        0.00985
     69 9C|2S0              -0.00695       -0.00484       -0.00544        0.01781        0.02292        0.02254
     70 9C|3S0               0.01444        0.01711        0.00448       -0.02801       -0.03992       -0.03836
     71 9C|4S0               0.00481       -0.00547        0.01714       -0.04689       -0.05157       -0.04318
     72 9C|5S0              -0.02074        0.00392       -0.00546       -0.01784       -0.00823        0.03752
     73 9C|2P-1             -0.11819       -0.13036        0.08837        0.00241       -0.06243       -0.06297
     74 9C|3P-1             -0.09682       -0.09891        0.06795        0.00144       -0.07996       -0.04617
     75 9C|4P-1             -0.02554        0.03076       -0.00280        0.00778       -0.02229        0.03612
     76 9C|2P1               0.05389       -0.16124        0.00745       -0.06289        0.03479        0.03488
     77 9C|3P1               0.05111       -0.12558        0.00502       -0.05951        0.02742       -0.01997
     78 9C|4P1               0.03046        0.00090       -0.02085       -0.01176       -0.00296       -0.05088
     79 9C|3D-2              0.00914        0.01934       -0.01664       -0.00135       -0.02263       -0.00112
     80 9C|3D0              -0.00138       -0.00144       -0.00019        0.00119        0.00170        0.00225
     81 9C|3D2               0.00302       -0.01139       -0.00333       -0.00229       -0.01593        0.05162
     82 10O|1S0              0.00742        0.02002       -0.00330        0.00069        0.00255        0.00066
     83 10O|2S0              0.01820        0.04914       -0.00807        0.00166        0.00618        0.00156
     84 10O|3S0             -0.02751       -0.07473        0.01180       -0.00239       -0.00899       -0.00213
     85 10O|4S0             -0.04500       -0.12033        0.02270       -0.00523       -0.01846       -0.00393
     86 10O|5S0             -0.04738       -0.13333        0.02856       -0.00763       -0.03066       -0.03856
     87 10O|2P-1             0.05125        0.22025       -0.07323        0.02394       -0.20176        0.17464
     88 10O|3P-1             0.04089        0.18148       -0.05987        0.01946       -0.19097        0.15855
     89 10O|4P-1             0.02292        0.06522       -0.02840        0.00490       -0.11709        0.08650
     90 10O|2P1              0.08136        0.13870       -0.06156       -0.00464        0.25238       -0.27875
     91 10O|3P1              0.06771        0.11325       -0.05156       -0.00437        0.23316       -0.26009
     92 10O|4P1              0.01579        0.04359       -0.01714        0.00115        0.13276       -0.16282
     93 10O|3D-2             0.00698        0.01478       -0.00619        0.00004        0.00410       -0.00457
     94 10O|3D0             -0.00295       -0.00872        0.00256       -0.00072       -0.00070        0.00010
     95 10O|3D2              0.00370       -0.00721        0.00016       -0.00259        0.01728       -0.01218
     96 11N|1S0             -0.00313        0.00286        0.00817       -0.01002       -0.03331       -0.01492
     97 11N|2S0             -0.00735        0.00675        0.01927       -0.02379       -0.07877       -0.03537
     98 11N|3S0              0.01197       -0.00936       -0.03063        0.03670        0.12060        0.05684
     99 11N|4S0              0.01656       -0.01947       -0.04128        0.05635        0.21348        0.08692
    100 11N|5S0              0.00848       -0.00689       -0.01400        0.03863        0.20222       -0.01486
    101 11N|2P-1             0.13800        0.04423       -0.12151        0.00504        0.00396        0.10678
    102 11N|3P-1             0.11985        0.03587       -0.10491        0.00507       -0.00186        0.11013
    103 11N|4P-1            -0.00246        0.01455       -0.02874       -0.00373        0.00676        0.07109
    104 11N|2P1              0.05035        0.01015       -0.00993       -0.04456       -0.27765       -0.25614
    105 11N|3P1              0.04339        0.00590       -0.00736       -0.03729       -0.26243       -0.24827
    106 11N|4P1              0.00301        0.00410        0.00037       -0.00149       -0.13097       -0.16060
    107 11N|3D-2             0.01326        0.00965       -0.00955        0.00139       -0.00060        0.00612
    108 11N|3D0             -0.00006        0.00031       -0.00040        0.00045        0.01027        0.00829
    109 11N|3D2              0.00757        0.00462       -0.00096       -0.00854       -0.00744       -0.00461
    110 12N|1S0              0.00814        0.00092        0.00972       -0.00531        0.00228       -0.01369
    111 12N|2S0              0.01923        0.00217        0.02300       -0.01254        0.00544       -0.03234
    112 12N|3S0             -0.02909       -0.00193       -0.03255        0.01961       -0.00959        0.04271
    113 12N|4S0             -0.04555       -0.01321       -0.07181        0.02842       -0.00362        0.12138
    114 12N|5S0             -0.03099       -0.00244       -0.00246        0.01865       -0.07730        0.11713
    115 12N|2P-1            -0.02161       -0.02891       -0.16097       -0.04079        0.02387        0.00919
    116 12N|3P-1            -0.02039       -0.02753       -0.14982       -0.03863        0.02703        0.01237
    117 12N|4P-1            -0.00118       -0.02034       -0.05123       -0.02898       -0.05328        0.00889
    118 12N|2P1             -0.08239        0.13405       -0.04767        0.05234        0.00298       -0.10711
    119 12N|3P1             -0.07673        0.12366       -0.04328        0.04744        0.00720       -0.12205
    120 12N|4P1             -0.01676        0.02440       -0.02722        0.01376       -0.02044       -0.07347
    121 12N|3D-2            -0.00064        0.00677       -0.01107       -0.00085        0.00597       -0.00033
    122 12N|3D0              0.00025       -0.00014        0.00082        0.00039       -0.00030       -0.00001
    123 12N|3D2              0.00752       -0.01125       -0.00479       -0.01549        0.00155        0.00463
    124 13N|1S0              0.00156        0.00221       -0.00406       -0.00631        0.00429        0.00661
    125 13N|2S0              0.00371        0.00537       -0.00956       -0.01502        0.01009        0.01568
    126 13N|3S0             -0.00524       -0.00842        0.01355        0.02233       -0.01299       -0.02251
    127 13N|4S0             -0.01446       -0.01325        0.03184        0.04158       -0.04058       -0.05127
    128 13N|5S0              0.01295       -0.01489       -0.00437        0.00067       -0.04650       -0.07322
    129 13N|2P-1             0.15271        0.11165       -0.05627       -0.06945        0.01913        0.03644
    130 13N|3P-1             0.13094        0.09564       -0.04976       -0.06080        0.02836        0.04298
    131 13N|4P-1             0.04356        0.03658       -0.01383       -0.02335        0.01440        0.03254
    132 13N|2P1              0.19895       -0.10242       -0.01977        0.13192       -0.00156       -0.00313
    133 13N|3P1              0.17489       -0.08963       -0.01656        0.11825       -0.00305       -0.00369
    134 13N|4P1              0.07671       -0.04115       -0.01404        0.04772        0.00774        0.00508
    135 13N|3D-2             0.01342        0.00443       -0.00645        0.00153       -0.00046        0.00146
    136 13N|3D0              0.00027        0.00092        0.00021       -0.00063        0.00022        0.00001
    137 13N|3D2             -0.00926        0.00969        0.00234       -0.01215        0.00334        0.00179
 
         Orbital                25             26             27             28             29             30
         Energy              0.13489        0.14451        0.17267        0.19471        0.20986        0.22348
         Occ No.             0.00000        0.00000        0.00000        0.00000        0.00000        0.00000
      1 1H|1S0               0.02025        0.00927        0.00621        0.00300       -0.01063        0.01513
      2 1H|2S0               0.00466        0.00753       -0.00417        0.00339       -0.10930        0.03559
      3 1H|3S0               1.26422        1.40027       -0.65378       -0.68237       -0.99156        0.97692
      4 1H|2P-1             -0.02425       -0.02367        0.01507        0.01984        0.00509       -0.01477
      5 1H|2P1               0.01123        0.01147       -0.00544        0.00006       -0.00265       -0.00617
      6 2H|1S0               0.01068        0.00770        0.02413        0.01263       -0.01516        0.00085
      7 2H|2S0              -0.10239       -0.10976       -0.08562       -0.18021        0.02577        0.13083
      8 2H|3S0               1.15782        1.56168        1.43115        3.11626        0.31743       -2.96598
      9 2H|2P-1             -0.00362       -0.00745        0.00030       -0.00186        0.00771        0.00457
     10 2H|2P1               0.01454        0.01769        0.01380        0.02757       -0.01462       -0.01786
     11 3H|1S0               0.01168        0.01498        0.01558        0.00262        0.00944        0.01983
     12 3H|2S0              -0.10199        0.05958       -0.12373        0.00793       -0.17232       -0.08382
     13 3H|3S0               1.29076       -1.27617        3.01874       -0.59642        0.80526        3.97119
     14 3H|2P-1              0.01498       -0.01112        0.01644       -0.00750        0.00501        0.02049
     15 3H|2P1               0.00861       -0.00650        0.01832       -0.00094        0.01157        0.01897
     16 4H|1S0               0.01351       -0.01344       -0.01154       -0.00118       -0.00652       -0.00894
     17 4H|2S0              -0.05552        0.08152        0.06577       -0.00850       -0.01937        0.00221
     18 4H|3S0               1.13820       -1.31309        0.19848       -1.03955       -0.90473       -1.44273
     19 4H|2P-1              0.02324       -0.02536        0.00099       -0.01351       -0.00878       -0.02106
     20 4H|2P1               0.02198       -0.02107        0.00140       -0.01037       -0.00222       -0.01139
     21 5H|1S0               0.00728       -0.01881       -0.01019        0.00766       -0.01725        0.00723
     22 5H|2S0              -0.01612        0.04988        0.06369       -0.05092        0.07659        0.08325
     23 5H|3S0               0.50170       -0.76149       -1.38026        1.75313       -0.43250        1.00270
     24 5H|2P-1             -0.00199       -0.00254       -0.00302        0.00209       -0.00295        0.00256
     25 5H|2P1              -0.01696        0.02118        0.03061       -0.03294        0.00403       -0.01179
     26 6C|1S0               0.00640        0.01151        0.00977        0.01780        0.00694       -0.01682
     27 6C|2S0               0.01319        0.02580        0.02147        0.04137        0.01300       -0.04034
     28 6C|3S0              -0.00678       -0.03285       -0.03660       -0.09099        0.03555        0.09180
     29 6C|4S0              -0.11142       -0.15034       -0.04722        0.03751       -0.39497       -0.06093
     30 6C|5S0              -1.06449        0.43492       -2.66498       -1.69137        2.82220       -1.31723
     31 6C|2P-1              0.01976       -0.00818        0.02715        0.04039       -0.00814       -0.01171
     32 6C|3P-1              0.00103       -0.03018       -0.01603        0.00434       -0.03372       -0.02395
     33 6C|4P-1             -0.39602       -0.08287        0.39881        0.28495        0.61266        0.55771
     34 6C|2P1              -0.07466       -0.06528       -0.05528       -0.07542        0.01637        0.04277
     35 6C|3P1              -0.02043        0.03979       -0.04700        0.01480       -0.09279       -0.00328
     36 6C|4P1              -0.67765       -1.55558        0.03687       -2.20147       -1.26560        3.66832
     37 6C|3D-2             -0.01299       -0.00555       -0.00533        0.00182        0.00089        0.00867
     38 6C|3D0              -0.00120       -0.00073       -0.01247       -0.01305        0.01473       -0.00200
     39 6C|3D2               0.01477        0.01406        0.01241        0.00789       -0.00790        0.00318
     40 7C|1S0               0.01258       -0.00686        0.00878        0.00008        0.01748        0.01767
     41 7C|2S0               0.02777       -0.01534        0.01903        0.00019        0.03731        0.04077
     42 7C|3S0              -0.03847        0.01610       -0.02341       -0.00420       -0.01954       -0.08539
     43 7C|4S0              -0.11566        0.13408       -0.11212        0.05017       -0.40269        0.00591
     44 7C|5S0              -0.11204       -0.75372       -0.54344       -1.29325       -1.66122        1.25979
     45 7C|2P-1             -0.05400        0.03266       -0.08050       -0.01972       -0.03044       -0.05049
     46 7C|3P-1              0.00316       -0.04404        0.01950       -0.01150        0.02382        0.03546
     47 7C|4P-1             -1.03958        1.17041       -2.31492        0.14723        0.38194       -2.31249
     48 7C|2P1              -0.02962        0.01499       -0.07277        0.03924       -0.00155       -0.05654
     49 7C|3P1              -0.01562       -0.03935       -0.02013       -0.05691        0.01413        0.05814
     50 7C|4P1              -0.09787        1.27404       -1.29054        1.67674       -0.05903       -3.55119
     51 7C|3D-2              0.01222        0.00401        0.01858       -0.00010        0.00791        0.00844
     52 7C|3D0              -0.00295        0.00134       -0.00991       -0.00317        0.00881       -0.01749
     53 7C|3D2              -0.00928       -0.00316       -0.00098        0.00535        0.00339        0.00319
     54 8C|1S0               0.00033        0.00642       -0.00138       -0.00139        0.00298       -0.00508
     55 8C|2S0               0.00099        0.01524       -0.00366       -0.00207        0.00741       -0.01279
     56 8C|3S0              -0.00490       -0.02656        0.00871       -0.01206       -0.01046        0.02994
     57 8C|4S0               0.03568       -0.04362       -0.01189        0.08575        0.04018       -0.00152
     58 8C|5S0               0.52454        0.89241       -1.69981        1.51702        2.98854       -3.56742
     59 8C|2P-1              0.01807       -0.02225       -0.02694        0.01153       -0.01948       -0.02180
     60 8C|3P-1              0.01464       -0.02826       -0.03815       -0.01151       -0.12352       -0.05042
     61 8C|4P-1              0.88847       -0.32614        1.80670        0.08949        0.61542       -0.01515
     62 8C|2P1              -0.02140       -0.00368        0.02065        0.01627        0.00874        0.05878
     63 8C|3P1              -0.03930        0.01600        0.05113       -0.02946        0.01523        0.03964
     64 8C|4P1              -0.24129        0.33767        0.39477        0.49257       -1.58261       -1.24930
     65 8C|3D-2             -0.00857        0.00308       -0.01280        0.01038       -0.00328        0.00102
     66 8C|3D0               0.00491       -0.00130       -0.00660        0.00023        0.02217       -0.00856
     67 8C|3D2               0.00210       -0.00086        0.00422       -0.01829        0.00200       -0.01039
     68 9C|1S0              -0.00233        0.00145        0.00586        0.00459        0.00499        0.00156
     69 9C|2S0              -0.00560        0.00466        0.01280        0.01206        0.01171        0.00266
     70 9C|3S0               0.01618       -0.03124       -0.00750       -0.04447       -0.00147        0.00979
     71 9C|4S0              -0.01576        0.13081       -0.16067        0.09453       -0.09728       -0.10156
     72 9C|5S0               0.46699       -0.05606       -0.48616       -0.88469        3.09764       -0.08086
     73 9C|2P-1              0.01773       -0.00841       -0.00738       -0.00191       -0.02334       -0.00690
     74 9C|3P-1             -0.01941       -0.04051       -0.00348        0.07046        0.04770       -0.07241
     75 9C|4P-1              0.13444       -0.16406        0.28552        0.38978        0.50544       -0.46463
     76 9C|2P1              -0.00084        0.01284       -0.02248       -0.02045       -0.02108        0.01413
     77 9C|3P1              -0.00722       -0.02296       -0.01625        0.02725        0.04409       -0.03762
     78 9C|4P1              -0.14352       -0.25968        0.22454       -0.40771        0.14885       -0.16581
     79 9C|3D-2              0.00839        0.01037       -0.00482        0.00319       -0.00961        0.00392
     80 9C|3D0               0.00595        0.00181       -0.00956       -0.00755        0.02637       -0.00444
     81 9C|3D2               0.00304        0.00343       -0.00083       -0.00461        0.00207        0.00232
     82 10O|1S0              0.00351        0.00287       -0.00528       -0.00645        0.00858        0.00287
     83 10O|2S0              0.00962        0.00760       -0.01474       -0.01683        0.02422        0.00789
     84 10O|3S0             -0.02711       -0.01710        0.04567        0.03764       -0.08140       -0.02250
     85 10O|4S0              0.03604        0.01009       -0.08392       -0.01708        0.15937        0.03806
     86 10O|5S0             -0.24671       -0.26669        0.55721        0.41801       -0.75857       -0.36772
     87 10O|2P-1             0.01104        0.02202       -0.00721       -0.00468       -0.02704        0.02388
     88 10O|3P-1             0.01572        0.00582       -0.00935        0.00291        0.01771        0.01891
     89 10O|4P-1            -0.06866       -0.00620        0.08992        0.02591       -0.26075       -0.02307
     90 10O|2P1             -0.00375       -0.00634        0.01247        0.02615        0.00385       -0.00688
     91 10O|3P1             -0.00421       -0.01245        0.01338        0.01810        0.02981       -0.01256
     92 10O|4P1             -0.02637       -0.03634        0.07941        0.17231       -0.10891       -0.05015
     93 10O|3D-2            -0.00241       -0.00305        0.00143        0.00243        0.00242       -0.00283
     94 10O|3D0              0.00112        0.00127       -0.00237       -0.00180        0.00266        0.00037
     95 10O|3D2             -0.00050        0.00065       -0.00057       -0.00021        0.00023        0.00079
     96 11N|1S0              0.00973       -0.00172       -0.00703       -0.00098        0.01509       -0.00133
     97 11N|2S0              0.02436       -0.00407       -0.01965       -0.00261        0.04077       -0.00380
     98 11N|3S0             -0.05391        0.00582        0.07438        0.01167       -0.13262        0.01430
     99 11N|4S0              0.00658        0.01683       -0.21527       -0.03113        0.28797       -0.03703
    100 11N|5S0             -0.36039       -0.04327        1.91683       -0.09841       -3.16702        0.41945
    101 11N|2P-1             0.00142        0.03200       -0.02265       -0.01220       -0.00452        0.00645
    102 11N|3P-1            -0.00065        0.00632       -0.03563       -0.01837       -0.00038       -0.01131
    103 11N|4P-1            -0.01244        0.25639        0.11668        0.09099       -0.08609       -0.04743
    104 11N|2P1             -0.00823       -0.02309       -0.03975        0.02931        0.00374        0.00427
    105 11N|3P1             -0.00720       -0.01997       -0.05198        0.01066        0.00835        0.01406
    106 11N|4P1              0.00069       -0.04322        0.25281        0.07063       -0.38085        0.08993
    107 11N|3D-2            -0.00377        0.00180        0.00417       -0.00283        0.00222       -0.00231
    108 11N|3D0              0.00030        0.00111       -0.00349        0.00125        0.01366       -0.00266
    109 11N|3D2             -0.00146        0.00222       -0.00099        0.00502        0.00457        0.00576
    110 12N|1S0              0.01603        0.01257       -0.01165       -0.01330        0.00304        0.00546
    111 12N|2S0              0.04122        0.03331       -0.03014       -0.03358        0.00922        0.01073
    112 12N|3S0             -0.11127       -0.10573        0.08191        0.07974       -0.04303        0.02398
    113 12N|4S0              0.13504        0.19714       -0.09865       -0.02882        0.15717       -0.32062
    114 12N|5S0             -1.41255       -1.62546        1.22981        0.59003       -1.62139        2.11639
    115 12N|2P-1             0.06519        0.08510       -0.03071       -0.01702       -0.05532        0.03690
    116 12N|3P-1             0.01116        0.02960        0.00525        0.04369       -0.00213       -0.04630
    117 12N|4P-1             0.33516        0.47710       -0.30453       -0.55114       -1.04354        1.11579
    118 12N|2P1             -0.02545       -0.02820        0.00036        0.02686        0.04055       -0.01971
    119 12N|3P1              0.00805        0.00234       -0.04383        0.02403        0.03115       -0.03391
    120 12N|4P1             -0.24991       -0.29279        0.21401       -0.02389        0.47141        0.12911
    121 12N|3D-2            -0.00653       -0.00431        0.00018       -0.00104        0.00223       -0.00058
    122 12N|3D0             -0.00296       -0.00313       -0.00120        0.00146        0.01334       -0.00726
    123 12N|3D2             -0.01200       -0.00921       -0.00325       -0.00468       -0.00026       -0.00280
    124 13N|1S0              0.01760       -0.02137       -0.01340        0.00414       -0.00456       -0.00651
    125 13N|2S0              0.04636       -0.05460       -0.03343        0.01118       -0.00886       -0.01694
    126 13N|3S0             -0.14604        0.14673        0.07720       -0.03985       -0.02136        0.05095
    127 13N|4S0              0.28580       -0.17523       -0.01597        0.09367        0.24856       -0.09730
    128 13N|5S0             -2.09203        1.55411        0.19381       -0.61557       -1.28676        0.85657
    129 13N|2P-1            -0.07016        0.06786       -0.01181        0.02137        0.04621        0.03714
    130 13N|3P-1            -0.01385       -0.00992       -0.01174       -0.01196       -0.05212       -0.00576
    131 13N|4P-1            -0.13787        0.38154       -0.09624        0.30802        0.97988        0.21472
    132 13N|2P1             -0.00239       -0.00112       -0.07946        0.12439        0.00162        0.08612
    133 13N|3P1              0.00735        0.00233        0.01564       -0.00106        0.01380       -0.00817
    134 13N|4P1             -0.10845        0.02294       -0.72829        0.90792        0.10257        1.02517
    135 13N|3D-2             0.00842       -0.00568        0.00257       -0.00904       -0.00169       -0.00834
    136 13N|3D0             -0.00499        0.00754        0.00423       -0.00174        0.00745       -0.00023
    137 13N|3D2              0.00040       -0.00345       -0.00756        0.01192       -0.00338        0.01108
 
 
  Symmetry   2 A''     
 
         Orbital               138            139            140            141            142            143
         Energy             -0.62995       -0.52883       -0.49566       -0.38338       -0.33190        0.03843
         Occ No.             1.99804        1.99310        1.95589        1.93170        1.86363        0.68832
      1 1H|2P0              -0.00417       -0.01809        0.00604       -0.00344       -0.00299       -0.01063
      2 2H|2P0              -0.00026       -0.00361        0.00076        0.00694        0.00715        0.01261
      3 3H|2P0               0.00034        0.00046       -0.00252        0.00968        0.00714       -0.00030
      4 4H|2P0              -0.02200        0.00348        0.00271       -0.00486        0.00258        0.00993
      5 5H|2P0              -0.02086        0.00325        0.00235       -0.00483        0.00133        0.01016
      6 6C|2P0              -0.00912       -0.11858        0.01958        0.17626        0.15545        0.23303
      7 6C|3P0              -0.00419       -0.10318        0.01414        0.18091        0.16576        0.28034
      8 6C|4P0               0.01453       -0.01341       -0.00164        0.08692        0.09022        0.28223
      9 6C|3D-1              0.00458        0.01724       -0.01027        0.01860        0.01483        0.01180
     10 6C|3D1               0.00346        0.01652       -0.00315       -0.00614       -0.00181        0.00818
     11 7C|2P0              -0.00069        0.00158       -0.05830        0.24280        0.16354       -0.03324
     12 7C|3P0               0.01034        0.00840       -0.06120        0.24996        0.17562       -0.04609
     13 7C|4P0               0.00983        0.02757       -0.03593        0.12718        0.12150       -0.00093
     14 7C|3D-1             -0.00194        0.00675        0.00020       -0.01393       -0.01127       -0.01739
     15 7C|3D1               0.00526       -0.00292        0.00537       -0.00637        0.00532        0.02825
     16 8C|2P0              -0.13043        0.03791       -0.10374        0.15822       -0.07092       -0.31181
     17 8C|3P0              -0.11662        0.03939       -0.10533        0.16503       -0.06908       -0.38595
     18 8C|4P0               0.00354       -0.00235       -0.03138        0.05709       -0.06264       -0.35705
     19 8C|3D-1             -0.02529        0.00620        0.01516       -0.01616        0.01697        0.00745
     20 8C|3D1               0.01029       -0.00099        0.00319        0.01102        0.02104       -0.01511
     21 9C|2P0              -0.01071       -0.12595       -0.20913       -0.09605       -0.02003        0.13104
     22 9C|3P0              -0.00673       -0.11889       -0.20647       -0.09240       -0.02697        0.16475
     23 9C|4P0               0.00508       -0.00806       -0.07792       -0.03275        0.00058        0.12162
     24 9C|3D-1              0.00180        0.00157        0.00587        0.02110       -0.03616        0.02105
     25 9C|3D1              -0.00580       -0.02206        0.02567        0.00411       -0.01217       -0.01637
     26 10O|2P0             -0.00046       -0.01287       -0.27940       -0.16994        0.24984       -0.11221
     27 10O|3P0             -0.00005       -0.00858       -0.25697       -0.15436        0.23127       -0.10333
     28 10O|4P0              0.00031        0.01857       -0.12187       -0.08406        0.16241       -0.08916
     29 10O|3D-1            -0.00014       -0.00427       -0.01861       -0.00991        0.00875        0.00258
     30 10O|3D1             -0.00051       -0.00417       -0.01339       -0.00816        0.00736       -0.00019
     31 11N|2P0              0.00077       -0.01892       -0.19911        0.10920       -0.27333        0.15301
     32 11N|3P0              0.00703       -0.01749       -0.19672        0.10885       -0.27989        0.15214
     33 11N|4P0              0.02346        0.00006       -0.08488        0.06233       -0.17492        0.19103
     34 11N|3D-1            -0.00501        0.00601        0.00618        0.00768        0.00090       -0.02284
     35 11N|3D1             -0.00280       -0.00243       -0.01444        0.01024       -0.01572       -0.00345
     36 12N|2P0             -0.08004       -0.36815        0.10828       -0.04149       -0.05108       -0.15251
     37 12N|3P0             -0.08041       -0.36950        0.11514       -0.04406       -0.05367       -0.15196
     38 12N|4P0             -0.06931       -0.25586        0.13040       -0.07035       -0.08975       -0.28571
     39 12N|3D-1            -0.00096       -0.00830        0.00062        0.00700        0.00375        0.00913
     40 12N|3D1              0.00052        0.00279        0.00730        0.00850        0.00608        0.00386
     41 13N|2P0             -0.38994        0.06806        0.03995       -0.07458        0.03509        0.13352
     42 13N|3P0             -0.37762        0.06470        0.04121       -0.07458        0.03354        0.12853
     43 13N|4P0             -0.31059        0.05223        0.06228       -0.11317        0.06070        0.26824
     44 13N|3D-1             0.00936       -0.00243        0.00341       -0.00513        0.00283        0.01282
     45 13N|3D1             -0.00408        0.00118       -0.00104        0.00257        0.00064       -0.00634
 
         Orbital               144            145            146            147            148
         Energy              0.17172        0.35859        0.31471        0.37084        0.39001
         Occ No.             0.16936        0.06741        0.00000        0.00000        0.00000
      1 1H|2P0               0.00411       -0.00708        0.01050       -0.00228        0.01491
      2 2H|2P0               0.00471        0.00751        0.00020        0.01411        0.01097
      3 3H|2P0              -0.00517       -0.00890        0.00583        0.01495       -0.00262
      4 4H|2P0              -0.00009       -0.00503        0.00303        0.00214       -0.00467
      5 5H|2P0               0.00058       -0.00453        0.00087       -0.00923        0.00454
      6 6C|2P0               0.15293        0.28691       -0.10105       -0.08050       -0.10792
      7 6C|3P0               0.16759        0.34658       -0.41091       -0.32661       -0.57080
      8 6C|4P0               0.09279        0.16303        0.93787        0.16720        1.62106
      9 6C|3D-1             -0.00975        0.00464       -0.00377       -0.00800        0.00183
     10 6C|3D1              -0.00109        0.00728        0.00732        0.01406        0.01556
     11 7C|2P0              -0.16308       -0.35957       -0.06478       -0.11783        0.06726
     12 7C|3P0              -0.18945       -0.40984       -0.21011       -0.58872        0.34596
     13 7C|4P0              -0.11573       -0.17674       -0.24357        1.44763       -1.06362
     14 7C|3D-1             -0.00517       -0.00467        0.00585        0.01901       -0.00131
     15 7C|3D1               0.00665       -0.00554        0.00082        0.00870       -0.00346
     16 8C|2P0              -0.00301        0.29708       -0.06527        0.01095        0.08397
     17 8C|3P0              -0.01142        0.36902       -0.28524        0.04527        0.44911
     18 8C|4P0               0.01572        0.17998        0.77653       -0.75053       -0.62043
     19 8C|3D-1             -0.00880       -0.01059       -0.00099        0.00118       -0.00023
     20 8C|3D1              -0.01937       -0.00277        0.00059       -0.00525        0.00007
     21 9C|2P0              -0.37274        0.13285       -0.11126        0.08693        0.01491
     22 9C|3P0              -0.44184        0.17314       -0.43175        0.41813        0.06165
     23 9C|4P0              -0.26427        0.11347        1.19592       -1.17750       -0.08183
     24 9C|3D-1              0.00763       -0.00953        0.00168       -0.00090       -0.00044
     25 9C|3D1               0.00635       -0.00997        0.00206        0.00265       -0.00134
     26 10O|2P0              0.30548       -0.08022       -0.02013        0.04162       -0.00012
     27 10O|3P0              0.26189       -0.06196        0.00626        0.03682       -0.00993
     28 10O|4P0              0.10107       -0.01971       -0.19091        0.14054        0.02772
     29 10O|3D-1            -0.00871        0.00591       -0.00552        0.00396        0.00028
     30 10O|3D1             -0.00416        0.00290       -0.00394        0.00293        0.00088
     31 11N|2P0              0.22772       -0.21428       -0.04604        0.03669        0.02983
     32 11N|3P0              0.22874       -0.20893        0.01436        0.03068        0.06548
     33 11N|4P0              0.14902       -0.10823       -0.50815        0.35430       -0.01902
     34 11N|3D-1             0.01788        0.00600        0.00228       -0.00030       -0.00094
     35 11N|3D1              0.00064        0.01105       -0.00348        0.00721        0.00567
     36 12N|2P0              0.06568       -0.13718       -0.05661        0.03395       -0.04717
     37 12N|3P0              0.06516       -0.14731       -0.02494        0.04510       -0.08686
     38 12N|4P0              0.11262       -0.17839       -0.46030        0.16472       -0.13166
     39 12N|3D-1             0.00351        0.00896       -0.00412       -0.00107       -0.01090
     40 12N|3D1              0.02103        0.00181        0.00126       -0.00279       -0.00027
     41 13N|2P0             -0.00245       -0.07657       -0.02380       -0.02603        0.08465
     42 13N|3P0             -0.00233       -0.08476       -0.04824       -0.08118        0.18313
     43 13N|4P0             -0.00457       -0.12839       -0.07232        0.22948       -0.10111
     44 13N|3D-1             0.00007       -0.01046        0.00365       -0.00039       -0.00296
     45 13N|3D1             -0.00152        0.00363       -0.00111        0.00384       -0.00170
 
 
 
                    Orbital information
 
  Start index:     1  138
 
        nsbas:   137   45
        nsorb:   137   45
        nscor:     0    0
        nscls:    22    0
        nsact:     2    8
        nsocc:    24    8
        nsval:    24    8
        nsvir:   113   37
        nsxvr:     0    0
 
    Group Sym:    2
    State Sym:    1   2
    Spin  Mul:    1   1
    Act  Elec:   14
          States average information
    Nstate:     3
    Istate:     3
    Weight:   0.333333  0.333333  0.333333

TARGET_MCSCF ROOT ENERGY        -392.797279448337

    Total number of ci calculation:   28
MO TRANS   850.36       CI   169.99  INT OPT   371.36  MIC OPT   588.64

    root   1
    energy=     -392.79727945     exe(eV)=    0.0000

    root   2
    energy=     -392.60815977     exe(eV)=    5.1462

    root   3
    energy=     -392.59725843     exe(eV)=    5.4429
 
 ++++++++  DATA CHECK +++++++++++++++++++++++++++++++++
  CHECKDATA:MCSCF:MCENERGY:     -392.7972794     -392.6081598     -392.5972584
 ++++++++++ END DATA CHECK ++++++++++++++++++++++++++++
 
  End   MCSCF Calculation
 Total wall time =   71.96
|******************************************************************************|
 
    Total cpu     time:       2103.66  S
    Total system  time:         49.72  S
    Total wall    time:         71.96  S
 
    Current time   2022-05-12  16:44:40
    End running module mcscf
|******************************************************************************|
 
('/scratch/cytosine-CASSCF-14-10_488', '/apps/users/lcz/exe11/task1/BDF')
 Warning! Removing scratch files. If you would like to keep scratch files for restaring. Please use -keeptmpdir

Sender: Unischeduler System <lcz@mgt01>
Subject: Job 131695: <#!/bin/bash
#BSUB -J intel
#BSUB -o cytosine-CASSCF-14-10.out
#BSUB -n 32
#BSUB -q cqueue
#BSUB -R span[hosts=1]
export BDFHOME=/apps/software/bdf-pkg/build/bdf-pkg-full
export BDF_TMPDIR=/scratch/cytosine-CASSCF-14-10_488
export USE_LIBCINT=no
export LD_LIBRARY_PATH=/apps/software/bdf-pkg/build/bdf-pkg-full/extlibs:/apps/software/bdf-pkg/build/bdf-pkg-full/libso:/apps/software/intel2019/mkl/lib/intel64:/apps/software/intel2019/compilers_and_libraries_2019/linux/lib/intel64:$LD_LIBRARY_PATH
ulimit -s unlimited
ulimit -t unlimited
export OMP_NUM_THREADS=32
export OMP_STACKSIZE=20G
/apps/software/bdf-pkg/build/bdf-pkg-full/sbin/bdfdrv.py -tmpdir /scratch/cytosine-CASSCF-14-10_488 -r cytosine-CASSCF-14-10.inp > cytosine-CASSCF-14-10.out
rm -rf .cytosine-CASSCF-14-10.wrk> Done

Job <#!/bin/bash
#BSUB -J intel
#BSUB -o cytosine-CASSCF-14-10.out
#BSUB -n 32
#BSUB -q cqueue
#BSUB -R span[hosts=1]
export BDFHOME=/apps/software/bdf-pkg/build/bdf-pkg-full
export BDF_TMPDIR=/scratch/cytosine-CASSCF-14-10_488
export USE_LIBCINT=no
export LD_LIBRARY_PATH=/apps/software/bdf-pkg/build/bdf-pkg-full/extlibs:/apps/software/bdf-pkg/build/bdf-pkg-full/libso:/apps/software/intel2019/mkl/lib/intel64:/apps/software/intel2019/compilers_and_libraries_2019/linux/lib/intel64:$LD_LIBRARY_PATH
ulimit -s unlimited
ulimit -t unlimited
export OMP_NUM_THREADS=32
export OMP_STACKSIZE=20G
/apps/software/bdf-pkg/build/bdf-pkg-full/sbin/bdfdrv.py -tmpdir /scratch/cytosine-CASSCF-14-10_488 -r cytosine-CASSCF-14-10.inp > cytosine-CASSCF-14-10.out
rm -rf .cytosine-CASSCF-14-10.wrk> was submitted from host <mgt01> by user <lcz>.
Job was executed on host(s) <32*cnode02>, in queue <cqueue>, as user <lcz>.
</apps/users/lcz> was used as the home directory.
</apps/users/lcz/exe11/task1/BDF> was used as the working directory.
Started at 2022-05-12 16:43:17
Results reported at 2022-05-12 16:44:40

Your job looked like:

------------------------------------------------------------
# User input
#!/bin/bash
#BSUB -J intel
#BSUB -o cytosine-CASSCF-14-10.out
#BSUB -n 32
#BSUB -q cqueue
#BSUB -R span[hosts=1]
export BDFHOME=/apps/software/bdf-pkg/build/bdf-pkg-full
export BDF_TMPDIR=/scratch/cytosine-CASSCF-14-10_488
export USE_LIBCINT=no
export LD_LIBRARY_PATH=/apps/software/bdf-pkg/build/bdf-pkg-full/extlibs:/apps/software/bdf-pkg/build/bdf-pkg-full/libso:/apps/software/intel2019/mkl/lib/intel64:/apps/software/intel2019/compilers_and_libraries_2019/linux/lib/intel64:$LD_LIBRARY_PATH
ulimit -s unlimited
ulimit -t unlimited
export OMP_NUM_THREADS=32
export OMP_STACKSIZE=20G
/apps/software/bdf-pkg/build/bdf-pkg-full/sbin/bdfdrv.py -tmpdir /scratch/cytosine-CASSCF-14-10_488 -r cytosine-CASSCF-14-10.inp > cytosine-CASSCF-14-10.out
rm -rf .cytosine-CASSCF-14-10.wrk
------------------------------------------------------------

Successfully completed.

Resource usage summary:

    CPU time   :         2029.82 sec.
    Max Memory :              1333 MB
    Max Processes  :               5


The output (if any) follows:

