#!awk.bdf.output
====================== BDF version information ============================
commit 15a5aac1bbb5a2a101a9aa715fa1cdc141611229
Author: Yibo Lei <leiyb@nwu.edu.cn>
Date:   Sun Jan 16 18:50:00 2022 +0800

    change Vircut to VSD and add Pre-CMO by MCSCF MOs and refine ploop search of xianci
===========================================================================
BDFHOME =  /apps/software/bdf-pkg
BDF_TMPDIR = /tmp
BDF_MPIRUN =  None
BDF_MPIROOT =  None
|---------------------------------------------------------------------|
 Could not find mpirun. Set to serial running ...


(' BDFHOME     = ', '/apps/users/lcz/bdf-pkg')
(' BDF_WORKDIR = ', '/apps/users/lcz/exe4/task1/BDF/FosterBoys')
(' BDF_TMPDIR  = ', '/scratch/C2H5N_831')
(' BDFTASK     = ', 'C2H5N')

  BDF parallel running information ...
('  BDF_MASTER_NODE', 'cnode12')
('  BDF_MPIROOT = ', 'None')
  Total number of computational nodes   = 1
  Number of processes per node          = 1
  Number of openmp threads per process  = 8


('  Singlepoint_task = ', True)
('  Fragmp2_task     = ', False)


$compass
title
c2h5n mp2
basis
cc-pvtz
geometry
C -1.15681380 1.48653371 0.56686282
H -2.22291085 1.49025823 0.47563119
C -0.48444836 2.65507368 0.70472539
H -1.01967817 3.58142066 0.72234117
H 0.58164847 2.65134899 0.79595962
N -0.42149782 0.21388900 0.54265870
H -0.33518276 -0.13898379 1.47434025
H -0.91811432 -0.44738115 -0.01956354
end geometry
saorb
nosymm
$end
$xuanyuan
$end
$scf
rhf
$end
$traint
tddft
orbital
hforb
$end
$mp2
$end
$localmo
boys
$end
('tmpstdin ', True)
('npro is ', 1)
('\n BDF command: ', '/apps/users/lcz/bdf-pkg/bin/compass.x /scratch/C2H5N_831/C2H5NXX0.compass.inp')
  BDF process        0 of        1 on Serial  
 
|******************************************************************************|
 
    Start running module compass
    Current time   2022-05-05  16:04:39
 
|******************************************************************************|

 ++++++++++ Reading compass input ++++++++++++++++++
 TITLE
 BASIS
 Input Basis set is cc-pVTZ
 Spherical GTO 5d,7f
 GEOMETRY
 C      -1.15681380      1.48653371      0.56686282
 H      -2.22291085      1.49025823      0.47563119
 C      -0.48444836      2.65507368      0.70472539
 H      -1.01967817      3.58142066      0.72234117
 H       0.58164847      2.65134899      0.79595962
 N      -0.42149782      0.21388900      0.54265870
 H      -0.33518276     -0.13898379      1.47434025
 H      -0.91811432     -0.44738115     -0.01956354
 Number of atoms:        8
 SAORB
 NOSYMM
 $END
 ++++++++++ End of reading compass input +++++++++++++


|-------------------------------------------------------------------------------------------|

 Atom           Cartcoord(Bohr)                 Charge Basis Auxbas Uatom Nstab Alink  Mass
  C       -2.186061     2.809142     1.071215     6.00    1     0     0     0   E     11.9967
  H       -4.200693     2.816180     0.898813     1.00    2     0     0     0   E      1.0073
  C       -0.915475     5.017362     1.331738     6.00    1     0     0     0   E     11.9967
  H       -1.926912     6.767904     1.365027     1.00    2     0     0     0   E      1.0073
  H        1.099156     5.010323     1.504146     1.00    2     0     0     0   E      1.0073
  N       -0.796515     0.404192     1.025476     7.00    3     0     0     0   E     14.0031
  H       -0.633404    -0.262641     2.786099     1.00    2     0     0     0   E      1.0073
  H       -1.734985    -0.845428    -0.036970     1.00    2     0     0     0   E      1.0073
 
|--------------------------------------------------------------------------------------------|

  End of reading atomic basis sets ..
 Printing basis sets for checking ....

 Atomic label:  C    6
 Maximum L  3 10s5p2d1f ----> 4s3p2d1f NBF =  30
 #--->s function
      Exp Coef          Norm Coef       Con Coef
          8236.000000   0.218425E+04    0.000542   -0.000196    0.000000    0.000000
          1235.000000   0.526339E+03    0.004196   -0.001526    0.000000    0.000000
           280.800000   0.173306E+03    0.021541   -0.007890    0.000000    0.000000
            79.270000   0.671192E+02    0.083615   -0.031515    0.000000    0.000000
            25.590000   0.287454E+02    0.239872   -0.096910    0.000000    0.000000
             8.997000   0.131247E+02    0.443752   -0.220542    0.000000    0.000000
             3.319000   0.621256E+01    0.353580   -0.296069    0.000000    0.000000
             0.364300   0.118470E+01   -0.009176    1.040503    0.000000    0.000000
             0.905900   0.234598E+01    0.000000    0.000000    1.000000    0.000000
             0.128500   0.542241E+00    0.000000    0.000000    0.000000    1.000000
 #--->p function
      Exp Coef          Norm Coef       Con Coef
            18.710000   0.113521E+03    0.039426    0.000000    0.000000
             4.133000   0.171916E+02    0.244089    0.000000    0.000000
             1.200000   0.366405E+01    0.815492    0.000000    0.000000
             0.382700   0.878127E+00    0.000000    1.000000    0.000000
             0.120900   0.207978E+00    0.000000    0.000000    1.000000
 #--->d function
      Exp Coef          Norm Coef       Con Coef
             1.097000   0.306825E+01    1.000000    0.000000
             0.318000   0.351380E+00    0.000000    1.000000
 #--->f function
      Exp Coef          Norm Coef       Con Coef
             0.761000   0.106691E+01    1.000000
 

 Atomic label:  H    1
 Maximum L  2 5s2p1d ----> 3s2p1d NBF =  14
 #--->s function
      Exp Coef          Norm Coef       Con Coef
            33.870000   0.354712E+02    0.025495    0.000000    0.000000
             5.095000   0.856788E+01    0.190363    0.000000    0.000000
             1.159000   0.282213E+01    0.852162    0.000000    0.000000
             0.325800   0.108950E+01    0.000000    1.000000    0.000000
             0.102700   0.458345E+00    0.000000    0.000000    1.000000
 #--->p function
      Exp Coef          Norm Coef       Con Coef
             1.407000   0.447046E+01    1.000000    0.000000
             0.388000   0.893355E+00    0.000000    1.000000
 #--->d function
      Exp Coef          Norm Coef       Con Coef
             1.057000   0.287515E+01    1.000000
 

 Atomic label:  N    7
 Maximum L  3 10s5p2d1f ----> 4s3p2d1f NBF =  30
 #--->s function
      Exp Coef          Norm Coef       Con Coef
         11420.000000   0.279103E+04    0.000535   -0.000199    0.000000    0.000000
          1712.000000   0.672423E+03    0.004138   -0.001547    0.000000    0.000000
           389.300000   0.221426E+03    0.021251   -0.007993    0.000000    0.000000
           110.000000   0.858143E+02    0.082576   -0.032026    0.000000    0.000000
            35.570000   0.367983E+02    0.238413   -0.099110    0.000000    0.000000
            12.540000   0.168360E+02    0.443432   -0.228293    0.000000    0.000000
             4.644000   0.799253E+01    0.355432   -0.298183    0.000000    0.000000
             0.511800   0.152876E+01   -0.008703    1.037001    0.000000    0.000000
             1.293000   0.306347E+01    0.000000    0.000000    1.000000    0.000000
             0.178700   0.694398E+00    0.000000    0.000000    0.000000    1.000000
 #--->p function
      Exp Coef          Norm Coef       Con Coef
            26.630000   0.176481E+03    0.039807    0.000000    0.000000
             5.948000   0.270987E+02    0.249003    0.000000    0.000000
             1.742000   0.583841E+01    0.810480    0.000000    0.000000
             0.555000   0.139750E+01    0.000000    1.000000    0.000000
             0.172500   0.324318E+00    0.000000    0.000000    1.000000
 #--->d function
      Exp Coef          Norm Coef       Con Coef
             1.654000   0.629458E+01    1.000000    0.000000
             0.469000   0.693557E+00    0.000000    1.000000
 #--->f function
      Exp Coef          Norm Coef       Con Coef
             1.093000   0.240938E+01    1.000000
 
 
 Atomic masses
   11.9967    1.0073   11.9967    1.0073    1.0073
   14.0031    1.0073    1.0073

 Molecular center of mass
        -1.29697475     2.62907590     1.15613684

 Molecular center of nuclear charge
        -1.31590255     2.63644591     1.17138208
 [molesym]
 Representation generated
 C|1|)|                     1
 Symmetry check OK
  Number of symmery unique centers:                      8

|-------------------------------------------------------------------------------------------|

 Atom           Cartcoord(Bohr)                 Charge Basis Auxbas Uatom Nstab Alink  Mass
  C       -2.186061     2.809142     1.071215     6.00    1     0     0     0   E     11.9967
  H       -4.200693     2.816180     0.898813     1.00    2     0     0     0   E      1.0073
  C       -0.915475     5.017362     1.331738     6.00    1     0     0     0   E     11.9967
  H       -1.926912     6.767904     1.365027     1.00    2     0     0     0   E      1.0073
  H        1.099156     5.010323     1.504146     1.00    2     0     0     0   E      1.0073
  N       -0.796515     0.404192     1.025476     7.00    3     0     0     0   E     14.0031
  H       -0.633404    -0.262641     2.786099     1.00    2     0     0     0   E      1.0073
  H       -1.734985    -0.845428    -0.036970     1.00    2     0     0     0   E      1.0073
 
|--------------------------------------------------------------------------------------------|

Number of irreps:    1
IRREP:   1   1   1
DIMEN:   1   1   1

 Irreps of multipole moment operators ...
 Operator  Component    Irrep       Row
  Dipole       x           A           1
  Dipole       y           A           1
  Dipole       z           A           1
  Quadpole     xx          A           1
  Quadpole     xy          A           1
  Quadpole     yy          A           1
  Quadpole     xz          A           1
  Quadpole     yz          A           1
  Quadpole     zz          A           1
 
 Generate symmetry adapted orbital ...
 Print Multab
  1

|--------------------------------------------------|
         Symmetry adapted orbital                   

  Irrep : A 

Total number of basis functions:     160     160

  Irrep :     A
  Norb  :    160
|--------------------------------------------------|

Total number of shells:       27
 R max for this shell (Bohr)   13.9799999999998       9.729162901241728E-011
 R max for this shell (Bohr)   14.0099999999998       1.489119474553481E-010
 R max for this shell (Bohr)   9.12999999999989       9.526038727668103E-011
 R max for this shell (Bohr)   6.13999999999995       9.362960295534817E-011
 R max for this shell (Bohr)   14.0099999999998       1.162305806728774E-008
 R max for this shell (Bohr)   8.03999999999991       9.779223238620300E-011
 R max for this shell (Bohr)   5.09999999999998       9.528002326234073E-011
 R max for this shell (Bohr)   11.8699999999998       9.984429688484554E-011
 R max for this shell (Bohr)   11.8999999999998       9.888921214206411E-011
 R max for this shell (Bohr)   7.55999999999992       9.693311495327391E-011
 R max for this shell (Bohr)   5.14999999999998       9.415364659736529E-011
 
Number of atoms:       8
Number of basis functions:     160
 
|******************************************************************************|
 
    Total cpu     time:          0.00  S
    Total system  time:          0.02  S
    Total wall    time:          0.03  S
 
    Current time   2022-05-05  16:04:39
    End running module compass
|******************************************************************************|
 
 Filename: /scratch/C2H5N_831/C2H5N.undmol mode: w+b 
BDFTASK: C2H5N 
INPUT FILE: C2H5N.undmolinp 
 Scratch dir: C2H5N 
 Scratch dir: C2H5N 
string C2H5N.undmolinp len 15 
 Filename: C2H5N.chkfil mode: rb 

 Read data from check file! 
Found string UNDMOLIN at position 10 
Idisk 2524392 
Number of irreps: 1, number of basis: 160 
irrep: 1, num: 160 
char= (A) 
char= ( ) 
j= 1 
rpmname: a 
('tmpstdin ', True)
('npro is ', 1)
('\n BDF command: ', '/apps/users/lcz/bdf-pkg/bin/xuanyuan.x /scratch/C2H5N_831/C2H5NXX1.xuanyuan.inp')
  BDF process        0 of        1 on Serial  
 
|******************************************************************************|
 
    Start running module xuanyuan
    Current time   2022-05-05  16:04:39
 
|******************************************************************************|

|-------------------------------------------------------------------------------------------|

 Atom           Cartcoord(Bohr)                 Charge Basis Auxbas Uatom Nstab Alink  Mass
  C       -2.186061     2.809142     1.071215     6.00    1     0     1     1   E     11.9967
  H       -4.200693     2.816180     0.898813     1.00    2     0     1     1   E      1.0073
  C       -0.915475     5.017362     1.331738     6.00    1     0     1     1   E     11.9967
  H       -1.926912     6.767904     1.365027     1.00    2     0     1     1   E      1.0073
  H        1.099156     5.010323     1.504146     1.00    2     0     1     1   E      1.0073
  N       -0.796515     0.404192     1.025476     7.00    3     0     1     1   E     14.0031
  H       -0.633404    -0.262641     2.786099     1.00    2     0     1     1   E      1.0073
  H       -1.734985    -0.845428    -0.036970     1.00    2     0     1     1   E      1.0073
 
|--------------------------------------------------------------------------------------------|

 $xuanyuan                                                                      
                                          
 $end                                                                           
                                          
  Mass polarization term:  F
 Total nuclear charge :         24.00
 Nuclear repulsion energy :      70.4641799192 a.u.

 Total number of primitive  basis sets :          206
 Total number of prim-cart  basis sets :          226
 Total number of contracted basis sets :          160

  Estimate memory for calculating 2e integrals...
 Minium memory to calculate ERIs:        1.460 M

[aoint_1e]
  Calculating one electron integrals ...
  S T and V integrals ....
  Dipole and Quadupole integrals ....
  Finish calculating one electron integrals ...
 
 ---------------------------------------------------------------
  Timing to calculate 1-electronic integrals                                      
 
  CPU TIME(S)      SYSTEM TIME(S)     WALL TIME(S)
          0.020            0.030               0.010
 ---------------------------------------------------------------
 
 Finish calculating 1e integral ...
 Character Table
    1
 
 Total number of electronic repulsion integrals      82953640
 
 Number  of  symmetry adapted ERIs:            82953640
 Actual  Memory  of  SO-ERI buffer:      80 M
 Optimized Memory of SO-ERI buffer:      80 M
 
 Calculating ERIs...
 
 ---------------------------------------------------------------
  Timing to calculate 2-electronic integrals                                      
 
  CPU TIME(S)      SYSTEM TIME(S)     WALL TIME(S)
          7.600            1.950               6.930
 ---------------------------------------------------------------
 
 Symadpt    time      0.310     0.010     0.270
 Indices    time      2.230     0.120     1.900
 Sort save  time      0.350     0.750     1.090
 ERI total  time      2.960     0.090     2.390
 Zeta & Rys time      0.000     0.000     0.000
 2D         time      0.000     0.000     0.000
 2D-6D      time      0.000     0.000     0.000
 6D cntr    time      0.000     0.000     0.000
 HRR        time      0.000     0.000     0.000
|******************************************************************************|
 
    Total cpu     time:          7.67  S
    Total system  time:          1.98  S
    Total wall    time:          6.99  S
 
    Current time   2022-05-05  16:04:46
    End running module xuanyuan
|******************************************************************************|
 
('tmpstdin ', True)
('npro is ', 1)
('\n BDF command: ', '/apps/users/lcz/bdf-pkg/bin/scf.x /scratch/C2H5N_831/C2H5NXX2.scf.inp')
  BDF process        0 of        1 on Serial  
 
|******************************************************************************|
 
    Start running module scf
    Current time   2022-05-05  16:04:46
 
|******************************************************************************|

|-------------------------------------------------------------------------------------------|

 Atom           Cartcoord(Bohr)                 Charge Basis Auxbas Uatom Nstab Alink  Mass
  C       -2.186061     2.809142     1.071215     6.00    1     0     1     1   E     11.9967
  H       -4.200693     2.816180     0.898813     1.00    2     0     1     1   E      1.0073
  C       -0.915475     5.017362     1.331738     6.00    1     0     1     1   E     11.9967
  H       -1.926912     6.767904     1.365027     1.00    2     0     1     1   E      1.0073
  H        1.099156     5.010323     1.504146     1.00    2     0     1     1   E      1.0073
  N       -0.796515     0.404192     1.025476     7.00    3     0     1     1   E     14.0031
  H       -0.633404    -0.262641     2.786099     1.00    2     0     1     1   E      1.0073
  H       -1.734985    -0.845428    -0.036970     1.00    2     0     1     1   E      1.0073
 
|--------------------------------------------------------------------------------------------|

  [ SCF control ] 
 $scf
 rhf
 $end
 
  --- PRINT: Information about SCF Calculation --- 
 ICTRL_FRAGSCF=  0
 IPRTMO=  1
 MAXITER=  100
 THRENE= 0.10E-07 THRDEN= 0.50E-05
 DAMP= 0.00 VSHIFT= 0.00
 IFDIIS= T
 THRDIIS= 0.10E+01
 MINDIIS=   2 MAXDIIS=   8
 iCHECK=  0
 iAUFBAU=  1
 INIGUESS=  0
 IfMPEC= F
 IfCOSX= F
 Occupation number:
  Without occupation number in input.

 Wave function information ...
 Total Nuclear charge    :      24
 Total electrons         :      24
 ECP-core electrons      :       0
 Spin multiplicity(2S+1) :       1
 Num. of alpha electrons :      12
 Num. of beta  electrons :      12
 

 Threshold in dft prescreening ...
 Thresh_shellvalue_dft :  0.10000E-09
 ThreshRho     :  0.10000E-11

  --- END:  Information about SCF Calculation  --- 
 
 The SMH converger is used...
 Finish scf input!

 DirectHF  F
  Reading 1-e integrals ...
  Start so_scf_init
  Finish so_scf_init
 
 Total number of electronic repulsion integrals      82953640
 Nuclear repulsion energy =    70.46417992
 
 iniguess                     0                     0
 
 [ATOM SCF control]
  heff=                      0
 After initial atom grid ...
 Finish atom    1  C             -37.3369351801
 After initial atom grid ...
 Finish atom    2  H              -0.4998098113
 After initial atom grid ...
 Finish atom    3  N             -53.8438454779
 
 Superposition of atomic densities as initial guess.
 skipaocheck T F
 Solve HC=EC in pflmo space.  F       12      148
 Initial guess energy =   -131.0167648946
 

 Start SCF iteration......


Iter.   idiis  vshift       SCF Energy            DeltaE          RMSDeltaD          MaxDeltaD      Damping    Times(S) 
   1      0    0.000    -134.0518277209      -3.0350628264       0.0054409761       0.2468864431    0.0000      2.02
   2      1    0.000    -132.9493081825       1.1025195385       0.0050864968       0.1890942505    0.0000      2.00
   3      2    0.000    -132.8980776460       0.0512305365       0.0037276471       0.1529581480    0.0000      1.99
   4      3    0.000    -133.1059179932      -0.2078403473       0.0005392427       0.0183884025    0.0000      2.00
   5      4    0.000    -133.1086053579      -0.0026873646       0.0001337059       0.0043623755    0.0000      1.98
   6      5    0.000    -133.1088786148      -0.0002732570       0.0000353948       0.0016539201    0.0000      1.98
   7      6    0.000    -133.1088924704      -0.0000138556       0.0000092259       0.0004921032    0.0000      1.98
   8      7    0.000    -133.1088928873      -0.0000004169       0.0000021687       0.0001062427    0.0000      1.98
   9      8    0.000    -133.1088929435      -0.0000000562       0.0000007730       0.0000311794    0.0000      1.99
  10      2    0.000    -133.1088929461      -0.0000000026       0.0000001159       0.0000047749    0.0000      1.99
 diis/vshift is closed at iter =  10
  11      0    0.000    -133.1088929462      -0.0000000001       0.0000000572       0.0000019646    0.0000      2.00

  Label              CPU Time        SYS Time        Wall Time
 SCF iteration time:       168.230 S        6.810 S       21.930 S

 Final DeltaE = -9.882228368951473E-011
 Final DeltaD =  5.721251480062193E-008  5.000000000000000E-005
 
 Final scf result
   E_tot =              -133.10889295
   E_ele =              -203.57307287
   E_nn  =                70.46417992
   E_1e  =              -318.78678561
   E_ne  =              -451.65498196
   E_kin =               132.86819635
   E_ee  =               115.21371274
   E_xc  =                 0.00000000
  Virial Theorem      2.001812
 

 [Final occupation pattern: ]
 
 Irreps:        A   
 
 detailed occupation for iden/irep:      1   1
    1.00 1.00 1.00 1.00 1.00 1.00 1.00 1.00 1.00 1.00
    1.00 1.00 0.00 0.00 0.00 0.00 0.00 0.00 0.00 0.00
    0.00 0.00 0.00 0.00 0.00 0.00 0.00 0.00 0.00 0.00
    0.00 0.00 0.00 0.00 0.00 0.00 0.00 0.00 0.00 0.00
    0.00 0.00 0.00 0.00 0.00 0.00 0.00 0.00 0.00 0.00
    0.00 0.00 0.00 0.00 0.00 0.00 0.00 0.00 0.00 0.00
    0.00 0.00 0.00 0.00 0.00 0.00 0.00 0.00 0.00 0.00
    0.00 0.00 0.00 0.00 0.00 0.00 0.00 0.00 0.00 0.00
    0.00 0.00 0.00 0.00 0.00 0.00 0.00 0.00 0.00 0.00
    0.00 0.00 0.00 0.00 0.00 0.00 0.00 0.00 0.00 0.00
    0.00 0.00 0.00 0.00 0.00 0.00 0.00 0.00 0.00 0.00
    0.00 0.00 0.00 0.00 0.00 0.00 0.00 0.00 0.00 0.00
    0.00 0.00 0.00 0.00 0.00 0.00 0.00 0.00 0.00 0.00
    0.00 0.00 0.00 0.00 0.00 0.00 0.00 0.00 0.00 0.00
    0.00 0.00 0.00 0.00 0.00 0.00 0.00 0.00 0.00 0.00
    0.00 0.00 0.00 0.00 0.00 0.00 0.00 0.00 0.00 0.00
 Alpha      12.00
 

 [Orbital energies:]

 Energy of occ-orbs:    A            12
             -15.54769691     -11.26315754     -11.21507667      -1.18215603      -0.99524208
              -0.77479796      -0.67246701      -0.64388235      -0.57531240      -0.53250714
              -0.43089505      -0.34650755
 Energy of vir-orbs:    A           148
               0.14557330       0.15956170       0.18043690       0.18812923       0.21745655
               0.22509761       0.34585340       0.37060626       0.45171292       0.46200369
               0.47850880       0.50274558       0.53680468       0.55792107       0.58237352
               0.61266143       0.63512384       0.64296364       0.66621406       0.69261489
               0.71406753       0.72478985       0.74401881       0.80474183       0.84324294
               0.87245819       0.89332683       0.93017897       1.03482276       1.08021953
               1.09492259       1.15146697       1.17689744       1.19972717       1.22335909
               1.25960701       1.29693368       1.31242325       1.34313625       1.40168120
               1.45805396       1.51711969       1.54058056       1.55120968       1.58746977
               1.60884104       1.69635444       1.72098833       1.80258585       1.83349584
               1.87416775       1.90193441       1.92250824       2.07580285       2.12584325
               2.39011964       2.40879449       2.55506473       2.57407930       2.64616111
               2.68182595       2.73130580       2.83069092       2.85895414       2.94962008
               2.99791830       3.03668928       3.11553107       3.12878217       3.14547614
               3.16144063       3.18880620       3.22780079       3.24667111       3.27113916
               3.31577556       3.37299516       3.38714718       3.41723133       3.42937346
               3.47985273       3.50453909       3.53342534       3.57101175       3.60711733
               3.63749512       3.71562055       3.73253743       3.76254602       3.77800926
               3.81545221       3.85428875       3.88743578       3.90783396       3.95995003
               3.99045289       3.99861353       4.06415807       4.10065222       4.12852845
               4.15321535       4.17886106       4.21583411       4.26749485       4.30345044
               4.33240914       4.34808408       4.38926107       4.39630013       4.40185836
               4.48419183       4.55410048       4.61592181       4.66050383       4.67218426
               4.72842246       4.80039570       4.84726219       4.95766813       4.97995689
               5.03677169       5.15673783       5.20542665       5.30715998       5.32349526
               5.34583349       5.37627034       5.41147183       5.48049462       5.53566026
               5.59474017       5.62920631       5.78931773       5.89686628       5.95953119
               6.12811984       6.18411978       6.23167424       6.26958788       6.33503024
               6.39249655       6.49267380       6.73051553       6.80592985       7.27725477
              11.32402962      13.35609717      14.39340338
 
 Alpha   HOMO energy:      -0.34650755 au      -9.42895427 eV  Irrep: A       
 Alpha   LUMO energy:       0.14557330 au       3.96125279 eV  Irrep: A       
 HOMO-LUMO gap:       0.49208085 au      13.39020705 eV
 
 Frontier orbitals of each irrep:
 
  Symmetry   1 A       
 
         Orbital                 7              8              9             10             11             12
         Energy             -0.67247       -0.64388       -0.57531       -0.53251       -0.43090       -0.34651
         Occ No.             2.00000        2.00000        2.00000        2.00000        2.00000        2.00000
      1 1C|1S0               0.00046       -0.00093        0.00069       -0.00045        0.00099       -0.00137
      2 1C|2S0               0.04495       -0.00446       -0.02315        0.01618        0.02814       -0.01620
      3 1C|3S0               0.00836       -0.00018       -0.00454        0.00450        0.00742       -0.00515
      4 1C|4S0               0.03179        0.00280       -0.00478        0.01479       -0.05136        0.04757
      5 1C|2P-1             -0.01311        0.06196       -0.18895        0.06567       -0.01450       -0.00623
      6 1C|3P-1             -0.01967        0.08101       -0.23145        0.08638       -0.01976       -0.01146
      7 1C|4P-1              0.00738        0.01079       -0.08285        0.04939       -0.01695       -0.00906
      8 1C|2P0               0.03776        0.03304       -0.00390        0.00872        0.10217        0.17210
      9 1C|3P0               0.05106        0.04662       -0.00196        0.01156        0.13790        0.24089
     10 1C|4P0               0.02114        0.01806        0.00124        0.00575        0.09908        0.19854
     11 1C|2P1               0.11394       -0.11251       -0.09977       -0.09069        0.07765       -0.03890
     12 1C|3P1               0.14191       -0.14448       -0.11458       -0.11975        0.08720       -0.04382
     13 1C|4P1               0.04896       -0.04416       -0.06067       -0.06357        0.02145        0.00672
     14 1C|3D-2             -0.00214        0.00334       -0.01436        0.01258        0.00555       -0.00454
     15 1C|4D-2             -0.00851        0.01010       -0.01648        0.02422        0.00330       -0.00450
     16 1C|3D-1             -0.00263       -0.00377       -0.00296       -0.00056        0.00231        0.01374
     17 1C|4D-1             -0.00598       -0.00738       -0.00416       -0.00068        0.00254        0.02662
     18 1C|3D0              -0.00140        0.00138       -0.00005        0.00085       -0.00005        0.00279
     19 1C|4D0              -0.00211        0.00152       -0.00344        0.00319        0.00525        0.00100
     20 1C|3D1               0.00201        0.00354        0.00084        0.00275        0.00337        0.00491
     21 1C|4D1               0.00402        0.00584        0.00140        0.00449        0.00603        0.00871
     22 1C|3D2              -0.00223        0.00429        0.00758        0.01296       -0.01598        0.00672
     23 1C|4D2              -0.00425        0.01188        0.00366        0.02573       -0.01943        0.00293
     24 1C|4F-3             -0.00042       -0.00211        0.00215        0.00428        0.00477       -0.00256
     25 1C|4F-2             -0.00030       -0.00163       -0.00132        0.00003        0.00030        0.00381
     26 1C|4F-1              0.00045       -0.00160        0.00431       -0.00183        0.00161        0.00102
     27 1C|4F0              -0.00210       -0.00195        0.00031       -0.00043       -0.00321       -0.00385
     28 1C|4F1              -0.00229        0.00245        0.00146        0.00217        0.00076        0.00080
     29 1C|4F2              -0.00077       -0.00195        0.00013       -0.00035       -0.00129       -0.00197
     30 1C|4F3              -0.00323        0.00201        0.00177        0.00204       -0.00117        0.00063
     31 2H|1S0              -0.06208        0.07004        0.06474        0.07588       -0.07182        0.02227
     32 2H|2S0              -0.08922        0.09448        0.10147        0.10315       -0.12718        0.05026
     33 2H|3S0              -0.02491        0.03193        0.03842        0.05042       -0.06837        0.04065
     34 2H|2P-1              0.00005        0.00130       -0.00371       -0.00004       -0.00127        0.00031
     35 2H|3P-1             -0.00243        0.00608       -0.00888        0.00185       -0.00198        0.00089
     36 2H|2P0              -0.00005        0.00140        0.00065        0.00079        0.00183        0.00460
     37 2H|3P0               0.00132        0.00233        0.00060        0.00066        0.00446        0.01317
     38 2H|2P1              -0.00643        0.00672        0.00559        0.00614       -0.00602        0.00128
     39 2H|3P1              -0.00451        0.00153        0.00730       -0.00001       -0.00691        0.00240
     40 2H|3D-2             -0.00025        0.00153       -0.00256       -0.00035       -0.00124        0.00050
     41 2H|3D-1             -0.00005        0.00019       -0.00022       -0.00003        0.00001        0.00066
     42 2H|3D0               0.00081       -0.00050       -0.00065       -0.00014        0.00055        0.00032
     43 2H|3D1              -0.00004        0.00057        0.00021        0.00020        0.00062        0.00200
     44 2H|3D2              -0.00152        0.00139        0.00162        0.00107       -0.00160        0.00042
     45 3C|1S0               0.00085        0.00017       -0.00036        0.00041        0.00127       -0.00153
     46 3C|2S0              -0.04458       -0.00640       -0.01677        0.01118        0.04783       -0.02427
     47 3C|3S0              -0.00914       -0.00189       -0.00223        0.00212        0.00988       -0.00574
     48 3C|4S0              -0.05865        0.01017        0.03716        0.00091        0.09741       -0.06762
     49 3C|2P-1             -0.09786        0.05366        0.16180       -0.11409       -0.04415        0.00086
     50 3C|3P-1             -0.11585        0.06681        0.18607       -0.13995       -0.05616        0.00549
     51 3C|4P-1             -0.03163        0.01840        0.06466       -0.06571       -0.02604       -0.00687
     52 3C|2P0               0.00746        0.01043        0.03143        0.01141        0.06226        0.19506
     53 3C|3P0               0.01136        0.01656        0.03848        0.01516        0.08598        0.26733
     54 3C|4P0               0.00645        0.00671        0.01686        0.01012        0.05761        0.22841
     55 3C|2P1               0.04066       -0.10048        0.13208        0.15550       -0.03489       -0.01201
     56 3C|3P1               0.04856       -0.11945        0.15348        0.19427       -0.04755       -0.01071
     57 3C|4P1               0.02179       -0.04928        0.06576        0.11065       -0.02003       -0.02240
     58 3C|3D-2              0.00523       -0.00118       -0.01311        0.01124        0.00315       -0.00021
     59 3C|4D-2              0.00474       -0.00015       -0.01368        0.01618       -0.00115        0.00216
     60 3C|3D-1             -0.00089       -0.00168       -0.00272       -0.00074       -0.00462       -0.01019
     61 3C|4D-1             -0.00236       -0.00182       -0.00216       -0.00200       -0.00686       -0.02147
     62 3C|3D0               0.00071       -0.00011        0.00082       -0.00023       -0.00170       -0.00167
     63 3C|4D0               0.00357       -0.00278       -0.00252        0.00027       -0.00333       -0.00473
     64 3C|3D1              -0.00037       -0.00109       -0.00044        0.00197       -0.00283       -0.00602
     65 3C|4D1              -0.00216       -0.00301       -0.00132        0.00294       -0.00664       -0.01458
     66 3C|3D2              -0.00138       -0.00280        0.01046        0.01519       -0.00468        0.00092
     67 3C|4D2              -0.00448        0.00188        0.00742        0.02622       -0.00671        0.00122
     68 3C|4F-3              0.00337       -0.00333       -0.00006       -0.00153        0.00028       -0.00005
     69 3C|4F-2              0.00040       -0.00006        0.00115       -0.00010        0.00120        0.00375
     70 3C|4F-1              0.00209       -0.00090       -0.00258        0.00134        0.00075        0.00153
     71 3C|4F0              -0.00026       -0.00050       -0.00121       -0.00053       -0.00177       -0.00503
     72 3C|4F1              -0.00040        0.00129       -0.00199       -0.00234        0.00119        0.00095
     73 3C|4F2               0.00018       -0.00105       -0.00062        0.00021       -0.00104       -0.00190
     74 3C|4F3              -0.00025        0.00070       -0.00402        0.00094        0.00158        0.00038
     75 4H|1S0              -0.07642        0.05978        0.05046       -0.13021       -0.00214        0.00266
     76 4H|2S0              -0.10966        0.08935        0.07568       -0.19206       -0.01855        0.00855
     77 4H|3S0              -0.03291        0.02789        0.03302       -0.08534       -0.00912        0.01142
     78 4H|2P-1              0.00647       -0.00559       -0.00253        0.00987       -0.00012       -0.00032
     79 4H|3P-1              0.00572       -0.00641        0.00036        0.00743        0.00372       -0.00177
     80 4H|2P0               0.00034       -0.00003        0.00051        0.00043        0.00155        0.00516
     81 4H|3P0               0.00047       -0.00012        0.00104        0.00058        0.00371        0.01388
     82 4H|2P1              -0.00320        0.00111        0.00568       -0.00437       -0.00079       -0.00037
     83 4H|3P1              -0.00387        0.00086        0.00898       -0.00108       -0.00368       -0.00062
     84 4H|3D-2              0.00111       -0.00039       -0.00227        0.00198        0.00029        0.00022
     85 4H|3D-1             -0.00015        0.00023       -0.00026       -0.00008       -0.00060       -0.00216
     86 4H|3D0               0.00087       -0.00086       -0.00044        0.00117        0.00025       -0.00019
     87 4H|3D1               0.00006       -0.00015       -0.00001        0.00005        0.00004        0.00075
     88 4H|3D2               0.00145       -0.00189        0.00107        0.00127        0.00008       -0.00027
     89 5H|1S0               0.01393       -0.06372        0.09111        0.11831       -0.01786        0.00160
     90 5H|2S0               0.02772       -0.10105        0.13968        0.16935       -0.03226       -0.00066
     91 5H|3S0               0.00484       -0.02535        0.04765        0.06595       -0.05215        0.03055
     92 5H|2P-1             -0.00261        0.00164        0.00302       -0.00170       -0.00088       -0.00026
     93 5H|3P-1             -0.00372        0.00149        0.00893       -0.00303        0.00129       -0.00156
     94 5H|2P0              -0.00010        0.00105       -0.00033       -0.00081        0.00169        0.00535
     95 5H|3P0               0.00056        0.00213        0.00114        0.00055        0.00508        0.01248
     96 5H|2P1              -0.00154        0.00630       -0.00857       -0.00941        0.00038        0.00018
     97 5H|3P1              -0.00370        0.00868       -0.00967       -0.00557        0.00237       -0.00032
     98 5H|3D-2              0.00164       -0.00114       -0.00197        0.00062        0.00041        0.00019
     99 5H|3D-1              0.00010       -0.00009       -0.00032       -0.00004       -0.00017       -0.00030
    100 5H|3D0              -0.00036        0.00084       -0.00079       -0.00105       -0.00013       -0.00017
    101 5H|3D1               0.00006       -0.00065        0.00001        0.00023       -0.00082       -0.00230
    102 5H|3D2               0.00067       -0.00166        0.00239        0.00188       -0.00018       -0.00007
    103 6N|1S0               0.00195       -0.00239        0.00085       -0.00266       -0.00292        0.00120
    104 6N|2S0               0.01131       -0.02617       -0.02291       -0.07233       -0.12185        0.06052
    105 6N|3S0               0.00163       -0.00473       -0.00846       -0.01689       -0.03435        0.01752
    106 6N|4S0               0.01973       -0.04274       -0.01806       -0.05931       -0.14495        0.04983
    107 6N|2P-1              0.12247       -0.09270        0.09769       -0.13528       -0.03859        0.01961
    108 6N|3P-1              0.15242       -0.12074        0.12573       -0.17447       -0.05017        0.02665
    109 6N|4P-1              0.07056       -0.06387        0.07713       -0.10090       -0.02254        0.01077
    110 6N|2P0               0.14970        0.17355        0.05913        0.02578        0.06626       -0.08761
    111 6N|3P0               0.17487        0.20766        0.07369        0.03278        0.08804       -0.11205
    112 6N|4P0               0.07436        0.09776        0.04174        0.02478        0.08108       -0.12131
    113 6N|2P1               0.07182        0.04693       -0.06256       -0.00611       -0.25144        0.10722
    114 6N|3P1               0.08533        0.05454       -0.08722       -0.00565       -0.32564        0.13866
    115 6N|4P1               0.03807        0.02298       -0.05727       -0.02000       -0.30733        0.16434
    116 6N|3D-2             -0.00758        0.00212       -0.00724        0.00637        0.00212       -0.00021
    117 6N|4D-2             -0.00933        0.00633       -0.01556        0.01296        0.00026        0.00231
    118 6N|3D-1             -0.00547       -0.00587       -0.00146       -0.00049        0.00319        0.00581
    119 6N|4D-1              0.00051       -0.00315        0.00025       -0.00045        0.00904        0.01300
    120 6N|3D0               0.00315        0.00879       -0.00184        0.00326       -0.00240       -0.00148
    121 6N|4D0               0.00256        0.01383       -0.00545        0.00543       -0.00702       -0.00311
    122 6N|3D1              -0.00468       -0.00248       -0.00265        0.00091       -0.00212        0.00015
    123 6N|4D1              -0.00865       -0.00705       -0.00660        0.00058       -0.00789        0.00120
    124 6N|3D2              -0.00245        0.00167        0.00218        0.00160        0.00112       -0.00024
    125 6N|4D2              -0.00810        0.00459        0.00492        0.00282        0.00990       -0.00368
    126 6N|4F-3             -0.00223        0.00130        0.00126        0.00089        0.00135       -0.00067
    127 6N|4F-2             -0.00041       -0.00150        0.00008       -0.00084       -0.00203       -0.00055
    128 6N|4F-1             -0.00030        0.00172       -0.00092        0.00096       -0.00054        0.00079
    129 6N|4F0              -0.00064        0.00017       -0.00001        0.00028        0.00064       -0.00223
    130 6N|4F1               0.00132        0.00040        0.00120       -0.00070       -0.00047       -0.00035
    131 6N|4F2              -0.00060       -0.00066       -0.00055       -0.00019       -0.00264        0.00061
    132 6N|4F3               0.00124       -0.00215        0.00253       -0.00226        0.00282       -0.00130
    133 7H|1S0               0.07176        0.13189        0.00358        0.03729        0.00445       -0.05201
    134 7H|2S0               0.12047        0.21532        0.01063        0.05637        0.00593       -0.07017
    135 7H|3S0               0.03305        0.06702        0.00262        0.02687       -0.00786       -0.05192
    136 7H|2P-1              0.00681        0.00419        0.00292       -0.00180        0.00017       -0.00097
    137 7H|3P-1              0.01461        0.00545        0.00656       -0.00627       -0.00532        0.00701
    138 7H|2P0              -0.00648       -0.01340        0.00103       -0.00387        0.00145        0.00318
    139 7H|3P0              -0.01303       -0.02363        0.00042       -0.00531        0.00205       -0.00412
    140 7H|2P1               0.00055       -0.00060       -0.00203       -0.00065       -0.00808        0.00354
    141 7H|3P1               0.00179       -0.00348       -0.00506       -0.00136       -0.01949        0.00913
    142 7H|3D-2             -0.00028       -0.00030       -0.00051       -0.00011       -0.00108        0.00012
    143 7H|3D-1             -0.00332       -0.00263       -0.00095        0.00042        0.00106       -0.00009
    144 7H|3D0               0.00219        0.00514       -0.00080        0.00174       -0.00101       -0.00075
    145 7H|3D1              -0.00002        0.00092        0.00083        0.00040        0.00337       -0.00173
    146 7H|3D2              -0.00100       -0.00061       -0.00013        0.00030        0.00006       -0.00007
    147 8H|1S0              -0.13467       -0.04685       -0.05760        0.04320        0.05592        0.00821
    148 8H|2S0              -0.22025       -0.08053       -0.08910        0.06505        0.08333        0.02109
    149 8H|3S0              -0.06270       -0.02650       -0.04102        0.03127        0.03953        0.02151
    150 8H|2P-1             -0.01008       -0.00670       -0.00195        0.00022        0.00370        0.00043
    151 8H|3P-1             -0.01781       -0.01652       -0.00104       -0.00259       -0.00329        0.00424
    152 8H|2P0              -0.00756        0.00012       -0.00287        0.00392        0.00595       -0.00212
    153 8H|3P0              -0.01487        0.00268       -0.00275        0.00679        0.01401       -0.00619
    154 8H|2P1              -0.00780       -0.00233       -0.00612        0.00248       -0.00385        0.00423
    155 8H|3P1              -0.01236       -0.00492       -0.01062        0.00222       -0.01317        0.00755
    156 8H|3D-2             -0.00322       -0.00206       -0.00225        0.00024       -0.00094        0.00148
    157 8H|3D-1             -0.00379       -0.00152       -0.00082        0.00094        0.00169        0.00001
    158 8H|3D0               0.00022        0.00162        0.00008        0.00073        0.00243       -0.00135
    159 8H|3D1              -0.00319       -0.00046       -0.00215        0.00142        0.00037        0.00032
    160 8H|3D2               0.00105        0.00153       -0.00093        0.00036       -0.00144        0.00078
 
         Orbital                13             14             15             16             17             18
         Energy              0.14557        0.15956        0.18044        0.18813        0.21746        0.22510
         Occ No.             0.00000        0.00000        0.00000        0.00000        0.00000        0.00000
      1 1C|1S0              -0.00120        0.00499        0.00973       -0.01351       -0.00217       -0.01092
      2 1C|2S0               0.03990        0.05555        0.10109       -0.09625       -0.06767       -0.11518
      3 1C|3S0               0.00993        0.01457        0.02445       -0.01023       -0.00353       -0.02581
      4 1C|4S0               0.98597        0.54676        0.75978       -1.56039       -2.06996       -1.34920
      5 1C|2P-1              0.01160        0.00808       -0.02839       -0.00978       -0.00922        0.02597
      6 1C|3P-1              0.05003        0.01722       -0.07911       -0.03611       -0.05203        0.00732
      7 1C|4P-1             -0.13869        0.01864       -0.23734       -0.24461       -0.18499       -0.93554
      8 1C|2P0               0.05109       -0.19078        0.05306       -0.00591       -0.00729       -0.00241
      9 1C|3P0               0.05664       -0.23800        0.06250       -0.01391       -0.00218       -0.00269
     10 1C|4P0               0.15787       -0.83620        0.18003       -0.06751        0.10411        0.06396
     11 1C|2P1              -0.05923       -0.01832       -0.06344        0.03523        0.02730        0.02244
     12 1C|3P1              -0.17976       -0.09554       -0.17611        0.13244        0.03548        0.11708
     13 1C|4P1              -0.37506       -0.52432       -1.14793        0.56869       -0.19945        1.70187
     14 1C|3D-2             -0.00146       -0.00160       -0.00085        0.00165       -0.00160       -0.00623
     15 1C|4D-2              0.01376        0.01892        0.02402        0.02485        0.00130       -0.00049
     16 1C|3D-1             -0.00446        0.01053       -0.00154       -0.00026        0.00253        0.00056
     17 1C|4D-1              0.01301        0.01003       -0.01577        0.01467       -0.03024        0.00299
     18 1C|3D0              -0.00666        0.00206        0.00219       -0.00455       -0.00074        0.00139
     19 1C|4D0              -0.05031       -0.02047       -0.02503        0.08267        0.08251        0.03185
     20 1C|3D1              -0.00251        0.00796       -0.00358        0.00463       -0.00660       -0.00265
     21 1C|4D1               0.02229        0.01126        0.00774       -0.03108        0.01322       -0.00698
     22 1C|3D2               0.00069       -0.00077        0.00336        0.00171       -0.00002       -0.01925
     23 1C|4D2               0.04527        0.04251        0.05452       -0.07534        0.01955       -0.02570
     24 1C|4F-3              0.00209        0.00048       -0.00466       -0.00128        0.00147       -0.00234
     25 1C|4F-2             -0.00047        0.00066       -0.00110       -0.00016        0.00057        0.00069
     26 1C|4F-1              0.00284       -0.00112       -0.00138        0.00343        0.00134        0.00448
     27 1C|4F0              -0.00001        0.00316        0.00057       -0.00061        0.00092       -0.00040
     28 1C|4F1               0.00297        0.00386        0.00743       -0.00525        0.00282       -0.00766
     29 1C|4F2              -0.00450        0.00033       -0.00159        0.00260       -0.00255        0.00218
     30 1C|4F3              -0.01273       -0.00375       -0.00231        0.00357        0.00388        0.00409
     31 2H|1S0               0.01234       -0.00168       -0.00175        0.01026        0.00483       -0.02611
     32 2H|2S0              -0.12626       -0.14121       -0.18528        0.30714        0.04658        0.24360
     33 2H|3S0              -0.89001       -0.96370       -1.82981        1.38668        0.92208        1.96822
     34 2H|2P-1             -0.00259        0.00017       -0.00101       -0.00257       -0.00024       -0.00241
     35 2H|3P-1              0.02931        0.00759        0.00219        0.01377        0.00638        0.04336
     36 2H|2P0               0.00336       -0.00787        0.00377       -0.00170       -0.00024       -0.00123
     37 2H|3P0               0.00349       -0.02822       -0.00434        0.00350        0.02471        0.01516
     38 2H|2P1               0.00869        0.00869        0.01584       -0.01008       -0.01239       -0.01190
     39 2H|3P1              -0.13262       -0.09412       -0.15081        0.15514        0.08296        0.14495
     40 2H|3D-2              0.00111        0.00066        0.00199        0.00203        0.00032        0.00351
     41 2H|3D-1             -0.00064        0.00085        0.00021       -0.00004        0.00059        0.00024
     42 2H|3D0               0.00523        0.00255        0.00518       -0.00431       -0.00185       -0.00467
     43 2H|3D1               0.00115       -0.00462       -0.00030       -0.00014        0.00294        0.00175
     44 2H|3D2              -0.00804       -0.00441       -0.00640        0.00559        0.00198        0.00863
     45 3C|1S0              -0.00176        0.00259        0.00989        0.01555        0.00754        0.00170
     46 3C|2S0               0.04458        0.03809        0.09440        0.18523        0.07829        0.02048
     47 3C|3S0               0.00913        0.00648        0.01551        0.03525        0.00449        0.00079
     48 3C|4S0               0.53990        0.71264        2.08705        2.71792        2.07991        0.41962
     49 3C|2P-1              0.01682        0.00768        0.07430        0.03197        0.00108        0.04577
     50 3C|3P-1              0.07581        0.05459        0.19593        0.09594       -0.00304        0.17132
     51 3C|4P-1              0.12589        0.00905        0.34960        0.30286       -0.67527        1.26020
     52 3C|2P0              -0.03980        0.16422       -0.05305        0.02598       -0.01361       -0.00233
     53 3C|3P0              -0.04148        0.17985       -0.04443        0.05134       -0.03347       -0.01950
     54 3C|4P0              -0.18083        0.76305       -0.25720        0.10707       -0.06478       -0.11016
     55 3C|2P1               0.00380       -0.01931       -0.01189        0.04090        0.04677       -0.10239
     56 3C|3P1               0.04028       -0.01038       -0.01089        0.15017        0.06613       -0.34809
     57 3C|4P1               0.05491       -0.01664       -0.12003        0.22884        0.39368       -2.56750
     58 3C|3D-2              0.00319       -0.00025       -0.00074       -0.00509       -0.00303       -0.00748
     59 3C|4D-2             -0.00806       -0.01600       -0.04643       -0.03960        0.00124       -0.04719
     60 3C|3D-1             -0.00410        0.01337       -0.00466        0.00038       -0.00139        0.00036
     61 3C|4D-1              0.01027        0.00352        0.00270        0.00633        0.02388        0.00559
     62 3C|3D0               0.00017        0.00269       -0.00205        0.00117        0.00372        0.00155
     63 3C|4D0              -0.03594       -0.02922       -0.08856       -0.12544       -0.10504       -0.02032
     64 3C|3D1              -0.00155        0.00804       -0.00225       -0.00021       -0.00076       -0.00146
     65 3C|4D1               0.00654        0.00977        0.00280        0.02461        0.01678       -0.00466
     66 3C|3D2               0.00554        0.00319        0.00184       -0.00262        0.00247       -0.00901
     67 3C|4D2               0.02669        0.00862       -0.01097        0.06166        0.01679       -0.07023
     68 3C|4F-3             -0.00035       -0.00039        0.00261        0.00076       -0.00149        0.00272
     69 3C|4F-2             -0.00094       -0.00042        0.00043       -0.00036       -0.00242       -0.00063
     70 3C|4F-1             -0.00148       -0.00180       -0.00473        0.00047        0.00267       -0.00744
     71 3C|4F0               0.00086       -0.00234       -0.00073       -0.00035        0.00048        0.00224
     72 3C|4F1              -0.00136       -0.00022       -0.00016       -0.00188       -0.00105        0.01562
     73 3C|4F2               0.00081        0.00050        0.00103        0.00057        0.00290       -0.00244
     74 3C|4F3               0.00339        0.00509        0.01361        0.00769        0.00937        0.00062
     75 4H|1S0              -0.01263       -0.00475        0.00437        0.00453       -0.00250        0.01237
     76 4H|2S0              -0.06100       -0.06605       -0.17123       -0.15661       -0.11831       -0.35594
     77 4H|3S0              -0.41259       -0.42991       -1.50489       -1.22027        0.16388       -2.84534
     78 4H|2P-1             -0.00263       -0.00448       -0.01388       -0.01050        0.00038       -0.01893
     79 4H|3P-1              0.03345        0.05016        0.16494        0.11235        0.04787        0.20861
     80 4H|2P0              -0.00212        0.00882       -0.00328        0.00081       -0.00026       -0.00087
     81 4H|3P0              -0.00463        0.01462       -0.00095        0.00601       -0.00585        0.00847
     82 4H|2P1               0.00313        0.00171        0.00851        0.01096       -0.00002        0.00119
     83 4H|3P1              -0.02044       -0.02581       -0.07740       -0.07176       -0.02643       -0.06831
     84 4H|3D-2              0.00139        0.00215        0.00639        0.00286        0.00122        0.00887
     85 4H|3D-1              0.00064       -0.00282        0.00058       -0.00092        0.00028       -0.00072
     86 4H|3D0               0.00171        0.00243        0.00660        0.00492        0.00325        0.00583
     87 4H|3D1              -0.00108        0.00277       -0.00109       -0.00016       -0.00069        0.00061
     88 4H|3D2               0.00075        0.00082        0.00464        0.00272        0.00103        0.00918
     89 5H|1S0               0.01253        0.00440       -0.00236       -0.00963        0.00149       -0.01398
     90 5H|2S0              -0.04794       -0.08207       -0.19441       -0.23316       -0.20087        0.31193
     91 5H|3S0              -0.14505       -0.13666       -0.26398       -1.73731       -1.29737        2.69225
     92 5H|2P-1              0.00321        0.00164        0.00571        0.00133       -0.00282        0.00480
     93 5H|3P-1             -0.00556       -0.00591       -0.02224       -0.00595        0.02133       -0.03591
     94 5H|2P0              -0.00196        0.00887       -0.00274       -0.00063       -0.00164        0.00182
     95 5H|3P0              -0.00192        0.01561        0.00201        0.01802        0.00916       -0.01892
     96 5H|2P1              -0.00151       -0.00104       -0.00050       -0.01993       -0.01165        0.01545
     97 5H|3P1               0.04184        0.03349        0.07824        0.20819        0.12205       -0.19273
     98 5H|3D-2              0.00064        0.00014        0.00068       -0.00004       -0.00064        0.00314
     99 5H|3D-1             -0.00038        0.00113       -0.00041       -0.00025       -0.00035        0.00001
    100 5H|3D0               0.00136        0.00125        0.00450        0.00688        0.00355       -0.00507
    101 5H|3D1               0.00025       -0.00374        0.00012       -0.00194       -0.00057        0.00202
    102 5H|3D2              -0.00272       -0.00185       -0.00474       -0.00766       -0.00332        0.01273
    103 6N|1S0               0.00592       -0.00256       -0.00601        0.00089       -0.00171        0.00995
    104 6N|2S0               0.16681       -0.00579       -0.08887        0.02435        0.01420        0.06106
    105 6N|3S0               0.04034       -0.00119       -0.01858        0.00547       -0.00083        0.01895
    106 6N|4S0               1.82957        0.17253       -1.13412        0.17673        0.55320       -0.52899
    107 6N|2P-1             -0.04929       -0.01497        0.02085        0.01688       -0.01919        0.01582
    108 6N|3P-1             -0.16791       -0.01864        0.09695        0.03470       -0.04016        0.05264
    109 6N|4P-1             -0.59667        0.00504        0.51984        0.14429       -0.11275       -0.23357
    110 6N|2P0               0.00314        0.00961       -0.03891        0.04850       -0.10240       -0.00471
    111 6N|3P0               0.05033        0.01115       -0.08909        0.12611       -0.23447       -0.01073
    112 6N|4P0               0.13529        0.04978       -0.34391        0.58069       -1.08905       -0.04144
    113 6N|2P1              -0.00685       -0.02422        0.03473        0.03239       -0.02770       -0.03573
    114 6N|3P1              -0.07415       -0.03877        0.05639        0.06753       -0.09100       -0.03782
    115 6N|4P1              -0.09724       -0.05146        0.30453        0.16547       -0.52671       -0.03519
    116 6N|3D-2             -0.00176       -0.00153       -0.00229        0.00053        0.00046        0.00063
    117 6N|4D-2              0.04782       -0.00728       -0.03769       -0.02223        0.03560        0.00571
    118 6N|3D-1              0.00258       -0.00773        0.00199       -0.00102       -0.00077       -0.00082
    119 6N|4D-1             -0.00045       -0.02342        0.01247       -0.03315        0.06273        0.00152
    120 6N|3D0              -0.00146        0.00132       -0.00120        0.00015        0.00241        0.00066
    121 6N|4D0               0.05452        0.00669       -0.03519        0.03539       -0.07099       -0.00680
    122 6N|3D1              -0.00157        0.00372       -0.00151        0.00116       -0.00243       -0.00023
    123 6N|4D1               0.03913        0.00916       -0.01733       -0.02135        0.05586       -0.01094
    124 6N|3D2               0.00251        0.00118        0.00154        0.00012       -0.00050        0.00022
    125 6N|4D2              -0.02688       -0.00778        0.01446       -0.01265       -0.00330        0.02716
    126 6N|4F-3              0.00034        0.00091        0.00029       -0.00086       -0.00162        0.00145
    127 6N|4F-2             -0.00618        0.00326        0.00203        0.00106       -0.00324        0.00299
    128 6N|4F-1             -0.00612       -0.00125        0.00355       -0.00122       -0.00054        0.00363
    129 6N|4F0               0.00588        0.00208       -0.00477        0.00119       -0.00043       -0.00152
    130 6N|4F1              -0.00032        0.00036       -0.00057        0.00188       -0.00159       -0.00056
    131 6N|4F2              -0.00075       -0.00066        0.00150       -0.00105        0.00154       -0.00029
    132 6N|4F3               0.00357        0.00088       -0.00325       -0.00141        0.00240       -0.00260
    133 7H|1S0              -0.01695        0.03768       -0.01165        0.00344        0.00410       -0.00006
    134 7H|2S0              -0.37095        0.04990        0.28235       -0.18132        0.22048        0.03622
    135 7H|3S0              -1.07002        0.29632        0.96361       -0.90485        1.68441       -0.10470
    136 7H|2P-1             -0.00022       -0.00277       -0.00151        0.00577       -0.00879        0.00317
    137 7H|3P-1             -0.05067       -0.00235        0.04184       -0.06798        0.09698        0.00571
    138 7H|2P0              -0.00831       -0.00052        0.00956       -0.00584        0.01049       -0.00188
    139 7H|3P0               0.19911        0.00512       -0.17186        0.10868       -0.15603       -0.02942
    140 7H|2P1              -0.00213        0.00065        0.00382        0.00164       -0.00293       -0.00189
    141 7H|3P1               0.02997        0.00356       -0.04236        0.00989       -0.01242        0.00160
    142 7H|3D-2              0.00074        0.00043       -0.00120        0.00110       -0.00370        0.00120
    143 7H|3D-1              0.00865       -0.00050       -0.00584        0.00557       -0.00798       -0.00167
    144 7H|3D0              -0.01279        0.00069        0.00996       -0.00663        0.00869        0.00392
    145 7H|3D1              -0.00357        0.00021        0.00386       -0.00297        0.00531        0.00051
    146 7H|3D2               0.00218       -0.00107       -0.00199        0.00141       -0.00224        0.00055
    147 8H|1S0              -0.00434       -0.02304       -0.00434       -0.00432       -0.00570       -0.00451
    148 8H|2S0              -0.34481       -0.00962        0.24573        0.10862       -0.35166        0.09162
    149 8H|3S0              -1.12790       -0.39328        0.53945        0.76583       -1.82397       -0.51390
    150 8H|2P-1              0.00549        0.00400        0.00073       -0.00547        0.01148        0.00657
    151 8H|3P-1             -0.13539       -0.00676        0.04489        0.08159       -0.17774        0.01751
    152 8H|2P0               0.00798        0.00334       -0.00785       -0.00072        0.00272        0.00523
    153 8H|3P0              -0.13672       -0.01427        0.10800        0.03996       -0.11422        0.00271
    154 8H|2P1               0.00474       -0.00022       -0.00199       -0.00412        0.00694        0.00419
    155 8H|3P1              -0.09722       -0.00716        0.06956        0.04583       -0.10265       -0.00417
    156 8H|3D-2             -0.00869       -0.00090        0.00416        0.00306       -0.00698        0.00328
    157 8H|3D-1             -0.01006       -0.00081        0.00550        0.00578       -0.01253        0.00221
    158 8H|3D0               0.00022        0.00033        0.00262       -0.00065       -0.00125       -0.00055
    159 8H|3D1              -0.00813       -0.00072        0.00465        0.00334       -0.00737        0.00198
    160 8H|3D2               0.00447       -0.00062       -0.00011       -0.00283        0.00519       -0.00052
 
 
 [Mulliken Population Analysis]
  Atomic charges: 
     1C      -0.0679
     2H       0.1435
     3C      -0.3414
     4H       0.1487
     5H       0.1522
     6N      -0.3405
     7H       0.1582
     8H       0.1473
     Sum:    -0.0000
 
 [Lowdin Population Analysis]
  Atomic charges: 
     1C      -0.0262
     2H      -0.0589
     3C       0.0783
     4H      -0.0512
     5H      -0.0489
     6N       0.3395
     7H      -0.1148
     8H      -0.1178
     Sum:    -0.0000
 
 
 [Dipole moment: Debye]
              X          Y          Z         |u|
   Elec:0.7905E+02 -.1615E+03 -.7094E+02
   Nucl:-.8027E+02 0.1608E+03 0.7146E+02
   Totl:   -1.2182    -0.6935     0.5179     1.4944
 
 ---------------------------------------------------------------
  Timing of SCF calculation                                                       
 
  CPU TIME(S)      SYSTEM TIME(S)     WALL TIME(S)
        168.530            6.850              21.990
 ---------------------------------------------------------------
 
|******************************************************************************|
 
    Total cpu     time:        168.53  S
    Total system  time:          6.85  S
    Total wall    time:         21.99  S
 
    Current time   2022-05-05  16:05:08
    End running module scf
|******************************************************************************|
 
('tmpstdin ', True)
('npro is ', 1)
('\n BDF command: ', '/apps/users/lcz/bdf-pkg/bin/traint.x /scratch/C2H5N_831/C2H5NXX3.traint.inp')
  BDF process        0 of        1 on Serial  
 
|******************************************************************************|
 
    Start running module traint
    Current time   2022-05-05  16:05:08
 
|******************************************************************************|
 Read traint input
 $traint                                                                        
                                          
 tddft                                                                          
                                          
 orbital                                                                        
                                          
 orbital: hforb   
 $end                                                                           
                                          
 
 [readscfocc]
  Ground state information: 
  HF Ground State 
  RHF orbitals 
 
 [postscf_gsorb]
  Nc=   12 No=    0 Nv=  148 Ntot=  160
  NA=   12 NB=   12
  Ground-state spin: Si= 0.000
 AO to MO integral transfomration - for close shell TDDFT/MP2
 
                 Orbital information
     nsbas:   160
     nsorb:   160
     nscor:    12
     nsvir:   148
     nsdel:     0
 
 
 Total number of electronic repulsion integrals      82953640
|******************************************************************************|
 
    Total cpu     time:         14.87  S
    Total system  time:          0.91  S
    Total wall    time:          3.16  S
 
    Current time   2022-05-05  16:05:11
    End running module traint
|******************************************************************************|
 
('tmpstdin ', True)
('npro is ', 1)
('\n BDF command: ', '/apps/users/lcz/bdf-pkg/bin/mp2.x /scratch/C2H5N_831/C2H5NXX4.mp2.inp')
  BDF process        0 of        1 on Serial  
 
|******************************************************************************|
 
    Start running module mp2
    Current time   2022-05-05  16:05:11
 
|******************************************************************************|
 
 [postscf_readinfo]
  Ground state information: 
  HF Ground State 
  RHF orbitals 
 
 [postscf_trsint1e]
 
 [postscf_gsorb]
  Nc=   12 No=    0 Nv=  148 Ntot=  160
  NA=   12 NB=   12
  Ground-state spin: Si= 0.000
 
 [mp2_input]
  Same-spin: fSS=   1.00000000000000     
  Oppo-spin: fOS=   1.00000000000000     
 Maxium allow used diskspace :       1.0240 GB
  [MO-MP2]                     1                     0
 
 [mp2_rhf]
 Attraction: -0.916363744276506     
 Repulsion :  0.325540380485306     
  
 [mp2_calculation] 
  Eaa =       -0.0663207458
  Eab =       -0.4581818721
  Ebb =       -0.0663207458
  E2  =       -0.5908233638
  Emp2=     -133.6997163100
  SCS =     -133.7029250234
  SOS =     -133.7045293800
|******************************************************************************|
 
    Total cpu     time:          0.21  S
    Total system  time:          0.04  S
    Total wall    time:          0.04  S
 
    Current time   2022-05-05  16:05:11
    End running module mp2
|******************************************************************************|
 
('tmpstdin ', True)
('npro is ', 1)
('\n BDF command: ', '/apps/users/lcz/bdf-pkg/bin/localmo.x /scratch/C2H5N_831/C2H5NXX5.localmo.inp')
  BDF process        0 of        1 on Serial  
 
|******************************************************************************|
 
    Start running module local
    Current time   2022-05-05  16:05:11
 
|******************************************************************************|
 $localmo                                                                       
                                          
 boys                                                                           
                                          
 $end                                                                           
                                          
 
 RHF/UKS or UHF/UKS localization.
 
  RHF orbital
 
 --- PRINT: Information about orbital Localization --- 
  Boys localization
 maxcycle=     3000
 thresh_converge=   0.10E-05
 thresh_rotation=   0.10E-05
 input orbital :  hforb   
 --- END:   Information about orbital Localization --- 

 Running SCF Localization ...

 Nlbas=       160
 Nbas =       160

 Nelec =          24
 Nalhpa=          12
 Nbeta =          12

 Reading MO coeff ...
  Check MOS of CMO orbitals ...
  Local Occupied Orbitals Mos and Moc 
 Max_Mos:    3.02653431 Min_Mos:    0.26542650 Aver_Mos:    2.09596516
  Local Virtual Orbitals Mos and Moc 
 Max_Mos:    5.47737494 Min_Mos:    1.81348882 Aver_Mos:    3.40764448
 
 ## Try to localize doubly occupied orbital ......     12      0      1

 Reading MO coeff ...
 Transfer dipole integral into MO basis ...

 
  [Boys localization] 
   Initial E0boys=   144.406720750852        932.950363091261     
  Boys localization converged !                     11
 Boys final criteria       1218.40335004
Orbital change, threshold =       0.00000000      0.00000100
 
  Rotate doubly occupied orbital ...
 
 ## Try to localize virtual orbital ......    148      0      1

 Reading MO coeff ...
 Transfer dipole integral into MO basis ...

 
  [Boys localization] 
   Initial E0boys=   1810.38322974027        11696.1155459972     
  Boys localization converged !                    294
 Boys final criteria      20349.72671362
Orbital change, threshold =       0.00000000      0.00000100
 
  Rotate virtual orbital ...
LMO number =      160       0
  Approx orbital energy 1
          -0.80246257          -0.62080380          -0.70409420          -0.68246183          -0.68482315
          -0.56597757         -15.47001855          -0.62334342         -11.17920015          -0.80257074
          -0.81595104         -11.22799167           2.57239412           0.58421158           2.09417757
           0.56854879           2.06967177           4.19397565           3.08671799           3.82828913
           4.03832039           1.23487054           3.28242351           2.28466850           3.54675453
           2.01368329           1.97784341           2.06987994           4.56963122           3.08396019
           3.96611105           2.29855876           4.73233121           3.14457900           3.84956335
           4.12028581           1.33418083           2.32071249           4.02454252           3.85349436
           0.55802084           5.37240591           2.32582389           3.17128191           3.01855283
           3.77558443           6.60689806           4.10820525           3.92269929           2.21564116
           3.10305113           2.38214885           3.91277602           3.75253007           2.65508649
           2.31250168           2.30375868           3.33242893           3.87103929           3.96051570
           3.98472612           2.98571903           1.62029452           4.07158708           5.13641947
           5.59915749           4.57901938           1.05438374           3.31151344           3.84445391
           3.01108224           4.25129207           2.30059306           4.09738516           3.75167449
           3.32983333           3.95109154           4.92588675           1.92143149           2.26475160
           4.18427679           2.22142686           3.10584109           3.88845278           5.15006579
           1.04276458           5.36672503           3.13240467           2.29557809           4.20334543
           1.24150769           3.30310126           4.19505125           3.85362882           3.71190836
           2.32136087           2.23439759           2.64874720           3.11667948           2.38162272
           2.13339226           5.42899668           3.11088194           3.84708253           4.22513534
           3.58519062           3.55418468           3.06535376           3.34862509           4.89400502
           2.19837906           2.35277055           2.60479687           3.18058060           4.13408414
           3.06604501           1.85250871           2.26506976           0.61512857           4.09658342
           1.87902688           1.39052728           2.32201199           5.14583361           1.46863290
           7.83549067           3.11121483           4.15840223           2.27058458           4.10181402
           3.22786320           2.37999221           3.85545952           4.12233511           2.29445284
           5.10489123           4.26208730           4.13596116           3.92522993           5.14549145
           3.95021599           3.72602173           5.59331664           4.01133702           1.60377350
           3.74409266           1.18971258           0.55681047           2.13144524           2.30666934
           4.08257975           4.34469552           4.08096347           4.18861111           4.43969438
           3.94330650           3.93227421           4.04012553           3.28310999           1.48817996
  Approx ennergy sort !! 
 -0.15470019E+02 -0.11227992E+02 -0.11179200E+02 -0.81595104E+00 -0.80257074E+00
 -0.80246257E+00 -0.70409420E+00 -0.68482315E+00 -0.68246183E+00 -0.62334342E+00
 -0.62080380E+00 -0.56597757E+00  0.55681047E+00  0.55802084E+00  0.56854879E+00
  0.58421158E+00  0.61512857E+00  0.10427646E+01  0.10543837E+01  0.11897126E+01
  0.12348705E+01  0.12415077E+01  0.13341808E+01  0.13905273E+01  0.14686329E+01
  0.14881800E+01  0.16037735E+01  0.16202945E+01  0.18525087E+01  0.18790269E+01
  0.19214315E+01  0.19778434E+01  0.20136833E+01  0.20696718E+01  0.20698799E+01
  0.20941776E+01  0.21314452E+01  0.21333923E+01  0.21983791E+01  0.22156412E+01
  0.22214269E+01  0.22343976E+01  0.22647516E+01  0.22650698E+01  0.22705846E+01
  0.22846685E+01  0.22944528E+01  0.22955781E+01  0.22985588E+01  0.23005931E+01
  0.23037587E+01  0.23066693E+01  0.23125017E+01  0.23207125E+01  0.23213609E+01
  0.23220120E+01  0.23258239E+01  0.23527706E+01  0.23799922E+01  0.23816227E+01
  0.23821489E+01  0.25723941E+01  0.26047969E+01  0.26487472E+01  0.26550865E+01
  0.29857190E+01  0.30110822E+01  0.30185528E+01  0.30653538E+01  0.30660450E+01
  0.30839602E+01  0.30867180E+01  0.31030511E+01  0.31058411E+01  0.31108819E+01
  0.31112148E+01  0.31166795E+01  0.31324047E+01  0.31445790E+01  0.31712819E+01
  0.31805806E+01  0.32278632E+01  0.32824235E+01  0.32831100E+01  0.33031013E+01
  0.33115134E+01  0.33298333E+01  0.33324289E+01  0.33486251E+01  0.35467545E+01
  0.35541847E+01  0.35851906E+01  0.37119084E+01  0.37260217E+01  0.37440927E+01
  0.37516745E+01  0.37525301E+01  0.37755844E+01  0.38282891E+01  0.38444539E+01
  0.38470825E+01  0.38495633E+01  0.38534944E+01  0.38536288E+01  0.38554595E+01
  0.38710393E+01  0.38884528E+01  0.39127760E+01  0.39226993E+01  0.39252299E+01
  0.39322742E+01  0.39433065E+01  0.39502160E+01  0.39510915E+01  0.39605157E+01
  0.39661111E+01  0.39847261E+01  0.40113370E+01  0.40245425E+01  0.40383204E+01
  0.40401255E+01  0.40715871E+01  0.40809635E+01  0.40825798E+01  0.40965834E+01
  0.40973852E+01  0.41018140E+01  0.41082052E+01  0.41202858E+01  0.41223351E+01
  0.41340841E+01  0.41359612E+01  0.41584022E+01  0.41842768E+01  0.41886111E+01
  0.41939757E+01  0.41950512E+01  0.42033454E+01  0.42251353E+01  0.42512921E+01
  0.42620873E+01  0.43446955E+01  0.44396944E+01  0.45696312E+01  0.45790194E+01
  0.47323312E+01  0.48940050E+01  0.49258867E+01  0.51048912E+01  0.51364195E+01
  0.51454915E+01  0.51458336E+01  0.51500658E+01  0.53667250E+01  0.53724059E+01
  0.54289967E+01  0.55933166E+01  0.55991575E+01  0.66068981E+01  0.78354907E+01
  Check MOS of local orbitals ...
  Local Occupied Orbitals Mos and Moc 
 Max_Mos:    1.80782996 Min_Mos:    0.27515114 Aver_Mos:    1.24959015
  Local Virtual Orbitals Mos and Moc 
 Max_Mos:    3.37939723 Min_Mos:    1.05374093 Aver_Mos:    1.61705218
  --------------------------------------
 CPU time (S) : Occ:  0.10000000E-01  Vir:  0.16100000E+01
 Sys time (S) : Occ:  0.00000000E+00  Vir:  0.40000000E-01
 Wal time (S) : Occ:  0.00000000E+00  Vir:  0.26000000E+00
  --------------------------------------
 
   Reorder orbital by approximation energy ! 
  Approx orbital energy 2
          -0.80246120          -0.62080377          -0.70409255          -0.68246342          -0.68482477
          -0.56597601         -15.47001690          -0.62334336         -11.17920190          -0.80256927
          -0.81594945         -11.22798981           2.57239583           0.58421271           2.09417581
           0.56855008           2.06966996           4.19397383           3.08671631           3.82828730
           4.03831862           1.23486898           3.28242526           2.28466675           3.54675635
           2.01368499           1.97784165           2.06988180           4.56962944           3.08395851
           3.96610933           2.29856047           4.73232945           3.14458078           3.84956158
           4.12028399           1.33418240           2.32071419           4.02454424           3.85349253
           0.55802246           5.37240731           2.32582500           3.17128196           3.01855448
           3.77558287           6.60689976           4.10820649           3.92270093           2.21564225
           3.10304940           2.38215014           3.91277420           3.75253132           2.65508475
           2.31250276           2.30375975           3.33243072           3.87104102           3.96051394
           3.98472736           2.98571731           1.62029606           4.07158882           5.13642113
           5.59915915           4.57902103           1.05438537           3.31151527           3.84445563
           3.01108400           4.25129312           2.30059486           4.09738621           3.75167293
           3.32983508           3.95109259           4.92588499           1.92142976           2.26475288
           4.18427803           2.22142813           3.10583942           3.88845460           5.15006742
           1.04276626           5.36672669           3.13240299           2.29557984           4.20334721
           1.24150612           3.30310311           4.19504957           3.85363046           3.71190666
           2.32136214           2.23439588           2.64874871           3.11668111           2.38162094
           2.13339404           5.42899797           3.11088020           3.84708358           4.22513716
           3.58519246           3.55418640           3.06535206           3.34862692           4.89400676
           2.19838078           2.35276882           2.60479870           3.18058225           4.13408519
           3.06604666           1.85251044           2.26506804           0.61512690           4.09658507
           1.87902514           1.39052877           2.32201310           5.14583527           1.46863446
           7.83548901           3.11121647           4.15840395           2.27058278           4.10181225
           3.22786328           2.37999043           3.85546076           4.12233616           2.29445103
           5.10489289           4.26208855           4.13595948           3.92523164           5.14549310
           3.95021417           3.72602278           5.59331829           4.01133526           1.60377184
           3.74409444           1.18971115           0.55680875           2.13144709           2.30667059
           4.08258140           4.34469716           4.08096519           4.18860935           4.43969604
           3.94330468           3.93227244           4.04012677           3.28311165           1.48817834

 Output to Molden format ...

|******************************************************************************|
 
    Total cpu     time:          1.95  S
    Total system  time:          0.07  S
    Total wall    time:          0.31  S
 
    Current time   2022-05-05  16:05:12
    End running module local
|******************************************************************************|
 
('/scratch/C2H5N_831', '/apps/users/lcz/exe4/task1/BDF/FosterBoys')
 Warning! Removing scratch files. If you would like to keep scratch files for restaring. Please use -keeptmpdir

Sender: Unischeduler System <lcz@mgt01>
Subject: Job 128551: <#!/bin/bash
#BSUB -J intel
#BSUB -o C2H5N.out
#BSUB -n 8
#BSUB -q cqueue
#BSUB -R span[hosts=1]
export BDFHOME=/apps/users/lcz/bdf-pkg
export BDF_TMPDIR=/scratch/C2H5N_831
export USE_LIBCINT=no
export LD_LIBRARY_PATH=/apps/users/lcz/bdf-pkg/extlibs:/apps/users/lcz/bdf-pkg/libso:/apps/software/intel2019/mkl/lib/intel64:/apps/software/intel2019/compilers_and_libraries_2019/linux/lib/intel64:$LD_LIBRARY_PATH
ulimit -s unlimited
ulimit -t unlimited
export OMP_NUM_THREADS=8
export OMP_STACKSIZE=20G
/apps/users/lcz/bdf-pkg/sbin/bdfdrv.py -tmpdir /scratch/C2H5N_831 -r C2H5N.inp > C2H5N.out
rm -rf .C2H5N.wrk> Done

Job <#!/bin/bash
#BSUB -J intel
#BSUB -o C2H5N.out
#BSUB -n 8
#BSUB -q cqueue
#BSUB -R span[hosts=1]
export BDFHOME=/apps/users/lcz/bdf-pkg
export BDF_TMPDIR=/scratch/C2H5N_831
export USE_LIBCINT=no
export LD_LIBRARY_PATH=/apps/users/lcz/bdf-pkg/extlibs:/apps/users/lcz/bdf-pkg/libso:/apps/software/intel2019/mkl/lib/intel64:/apps/software/intel2019/compilers_and_libraries_2019/linux/lib/intel64:$LD_LIBRARY_PATH
ulimit -s unlimited
ulimit -t unlimited
export OMP_NUM_THREADS=8
export OMP_STACKSIZE=20G
/apps/users/lcz/bdf-pkg/sbin/bdfdrv.py -tmpdir /scratch/C2H5N_831 -r C2H5N.inp > C2H5N.out
rm -rf .C2H5N.wrk> was submitted from host <mgt01> by user <lcz>.
Job was executed on host(s) <8*cnode12>, in queue <cqueue>, as user <lcz>.
</apps/users/lcz> was used as the home directory.
</apps/users/lcz/exe4/task1/BDF/FosterBoys> was used as the working directory.
Started at 2022-05-05 16:04:39
Results reported at 2022-05-05 16:05:12

Your job looked like:

------------------------------------------------------------
# User input
#!/bin/bash
#BSUB -J intel
#BSUB -o C2H5N.out
#BSUB -n 8
#BSUB -q cqueue
#BSUB -R span[hosts=1]
export BDFHOME=/apps/users/lcz/bdf-pkg
export BDF_TMPDIR=/scratch/C2H5N_831
export USE_LIBCINT=no
export LD_LIBRARY_PATH=/apps/users/lcz/bdf-pkg/extlibs:/apps/users/lcz/bdf-pkg/libso:/apps/software/intel2019/mkl/lib/intel64:/apps/software/intel2019/compilers_and_libraries_2019/linux/lib/intel64:$LD_LIBRARY_PATH
ulimit -s unlimited
ulimit -t unlimited
export OMP_NUM_THREADS=8
export OMP_STACKSIZE=20G
/apps/users/lcz/bdf-pkg/sbin/bdfdrv.py -tmpdir /scratch/C2H5N_831 -r C2H5N.inp > C2H5N.out
rm -rf .C2H5N.wrk
------------------------------------------------------------

Successfully completed.

Resource usage summary:

    CPU time   :           186.0 sec.
    Max Memory :              1640 MB
    Max Processes  :               5


The output (if any) follows:

