#!awk.bdf.output
====================== BDF version information ============================
commit 15a5aac1bbb5a2a101a9aa715fa1cdc141611229
Author: Yibo Lei <leiyb@nwu.edu.cn>
Date:   Sun Jan 16 18:50:00 2022 +0800

    change Vircut to VSD and add Pre-CMO by MCSCF MOs and refine ploop search of xianci
===========================================================================
BDFHOME =  /apps/software/bdf-pkg
BDF_TMPDIR = /tmp
BDF_MPIRUN =  None
BDF_MPIROOT =  None
|---------------------------------------------------------------------|
 Could not find mpirun. Set to serial running ...


(' BDFHOME     = ', '/apps/users/lcz/bdf-pkg')
(' BDF_WORKDIR = ', '/apps/users/lcz/task2/section1/isomer1/B3LYP_cc-pVDZ/BDF')
(' BDF_TMPDIR  = ', '/scratch/2,7-dicl-dibenzene_503')
(' BDFTASK     = ', '2,7-dicl-dibenzene')

  BDF parallel running information ...
('  BDF_MASTER_NODE', 'cnode02')
('  BDF_MPIROOT = ', 'None')
  Total number of computational nodes   = 1
  Number of processes per node          = 1
  Number of openmp threads per process  = 8


('  Singlepoint_task = ', True)
('  Fragmp2_task     = ', False)


$compass
title
isomer-1
basis
cc-pvdz
Geometry
C -0.84533195991773 0.95631204799741 0.86695688758137
C 0.46296917953950 0.89055132107898 0.41153738968092
C 1.06498249109929 2.05041746604826 -0.04872626223504
C 0.38682375533153 3.25825741761093 -0.05957630313133
C -0.92916629483352 3.32496446678289 0.39786117470048
C -1.53691904595740 2.15806885302784 0.86178357772044
H -1.33177779310003 0.05786162666320 1.22288286662819
H 1.00911644617855 -0.04137764481499 0.41174217012473
H 0.89340943637666 4.14652768979640 -0.40661874558071
H -2.56260459262502 2.18503471734340 1.20271069002731
C -1.66709331376272 4.62322731007777 0.38662794093699
C -2.42161858132883 5.01473379007752 1.49250102782185
C -1.61923201631221 5.46623475990715 -0.72389685760276
C -3.10577169358506 6.21908872396761 1.47479389475736
H -2.46369194088787 4.39499072034369 2.37581764658229
C -2.30901947987771 6.66904435935388 -0.72694800403690
H -1.05555752795261 5.17208444276276 -1.59838613456934
C -3.05941590604282 7.05751618377553 0.37275066068088
H -2.26865845182014 7.30948735218955 -1.59800079723894
H -3.60007805771479 7.99261925989212 0.37887337421372
Cl 2.70997882629083 1.99495162290832 -0.61716762133114
Cl -4.03387825909787 6.68923511320967 2.87110846426962
end Geometry
check
$end
$xuanyuan
$end
$scf
rks
dft
gb3lyp
$end
('tmpstdin ', True)
('npro is ', 1)
('\n BDF command: ', '/apps/users/lcz/bdf-pkg/bin/compass.x /scratch/2,7-dicl-dibenzene_503/2,7-dicl-dibenzeneXX0.compass.inp')
  BDF process        0 of        1 on Serial  
 
|******************************************************************************|
 
    Start running module compass
    Current time   2022-05-04  12:27:13
 
|******************************************************************************|

 ++++++++++ Reading compass input ++++++++++++++++++
 TITLE
 BASIS
 Input Basis set is cc-pVDZ
 Spherical GTO 5d,7f
 GEOMETRY
 C      -0.84533196      0.95631205      0.86695689
 C       0.46296918      0.89055132      0.41153739
 C       1.06498249      2.05041747     -0.04872626
 C       0.38682376      3.25825742     -0.05957630
 C      -0.92916629      3.32496447      0.39786117
 C      -1.53691905      2.15806885      0.86178358
 H      -1.33177779      0.05786163      1.22288287
 H       1.00911645     -0.04137764      0.41174217
 H       0.89340944      4.14652769     -0.40661875
 H      -2.56260459      2.18503472      1.20271069
 C      -1.66709331      4.62322731      0.38662794
 C      -2.42161858      5.01473379      1.49250103
 C      -1.61923202      5.46623476     -0.72389686
 C      -3.10577169      6.21908872      1.47479389
 H      -2.46369194      4.39499072      2.37581765
 C      -2.30901948      6.66904436     -0.72694800
 H      -1.05555753      5.17208444     -1.59838613
 C      -3.05941591      7.05751618      0.37275066
 H      -2.26865845      7.30948735     -1.59800080
 H      -3.60007806      7.99261926      0.37887337
 Cl      2.70997883      1.99495162     -0.61716762
 Cl     -4.03387826      6.68923511      2.87110846
 Number of atoms:       22
 CHECK
 $END
 ++++++++++ End of reading compass input +++++++++++++


|-------------------------------------------------------------------------------------------|

 Atom           Cartcoord(Bohr)                 Charge Basis Auxbas Uatom Nstab Alink  Mass
  C       -1.597446     1.807168     1.638311     6.00    1     0     0     0   E     11.9967
  C        0.874885     1.682898     0.777693     6.00    1     0     0     0   E     11.9967
  C        2.012525     3.874727    -0.092079     6.00    1     0     0     0   E     11.9967
  C        0.730991     6.157214    -0.112583     6.00    1     0     0     0   E     11.9967
  C       -1.755870     6.283272     0.751849     6.00    1     0     0     0   E     11.9967
  C       -2.904356     4.078159     1.628535     6.00    1     0     0     0   E     11.9967
  H       -2.516695     0.109343     2.310914     1.00    2     0     0     0   E      1.0073
  H        1.906954    -0.078192     0.778080     1.00    2     0     0     0   E      1.0073
  H        1.688299     7.835802    -0.768398     1.00    2     0     0     0   E      1.0073
  H       -4.842621     4.129117     2.272794     1.00    2     0     0     0   E      1.0073
  C       -3.150350     8.736633     0.730621     6.00    1     0     0     0   E     11.9967
  C       -4.576196     9.476473     2.820418     6.00    1     0     0     0   E     11.9967
  C       -3.059905    10.329687    -1.367967     6.00    1     0     0     0   E     11.9967
  C       -5.869058    11.752374     2.786957     6.00    1     0     0     0   E     11.9967
  H       -4.655703     8.305329     4.489645     1.00    2     0     0     0   E      1.0073
  C       -4.363414    12.602667    -1.373733     6.00    1     0     0     0   E     11.9967
  H       -1.994715     9.773823    -3.020512     1.00    2     0     0     0   E      1.0073
  C       -5.781458    13.336773     0.704397     6.00    1     0     0     0   E     11.9967
  H       -4.287143    13.812929    -3.019784     1.00    2     0     0     0   E      1.0073
  H       -6.803162    15.103861     0.715967     1.00    2     0     0     0   E      1.0073
  Cl       5.121118     3.769912    -1.166278    17.00    3     0     0     0   E     34.9689
  Cl      -7.622925    12.640822     5.425609    17.00    3     0     0     0   E     34.9689
 
|--------------------------------------------------------------------------------------------|

  End of reading atomic basis sets ..
 Printing basis sets for checking ....

 Atomic label:  C    6
 Maximum L  2 9s4p1d ----> 3s2p1d NBF =  14
 #--->s function
      Exp Coef          Norm Coef       Con Coef
          6665.000000   0.186365E+04    0.000692   -0.000293    0.000000
          1000.000000   0.449278E+03    0.005326   -0.002318    0.000000
           228.000000   0.148240E+03    0.027061   -0.011500    0.000000
            64.710000   0.576426E+02    0.101657   -0.046827    0.000000
            21.060000   0.248376E+02    0.274575   -0.128466    0.000000
             7.495000   0.114444E+02    0.448294   -0.301266    0.000000
             2.797000   0.546430E+01    0.284903   -0.255631    0.000000
             0.521500   0.155044E+01    0.015195    1.093793    0.000000
             0.159600   0.637954E+00    0.000000    0.000000    1.000000
 #--->p function
      Exp Coef          Norm Coef       Con Coef
             9.439000   0.482661E+02    0.056979    0.000000
             2.002000   0.694727E+01    0.313207    0.000000
             0.545600   0.136797E+01    0.760377    0.000000
             0.151700   0.276195E+00    0.000000    1.000000
 #--->d function
      Exp Coef          Norm Coef       Con Coef
             0.550000   0.916567E+00    1.000000
 

 Atomic label:  H    1
 Maximum L  1 4s1p ----> 2s1p NBF =   5
 #--->s function
      Exp Coef          Norm Coef       Con Coef
            13.010000   0.173070E+02    0.033499    0.000000
             1.962000   0.418831E+01    0.234801    0.000000
             0.444600   0.137560E+01    0.813683    0.000000
             0.122000   0.521537E+00    0.000000    1.000000
 #--->p function
      Exp Coef          Norm Coef       Con Coef
             0.727000   0.195840E+01    1.000000
 

 Atomic label:  Cl  17
 Maximum L  2 12s8p1d ----> 4s3p1d NBF =  18
 #--->s function
      Exp Coef          Norm Coef       Con Coef
        127900.000000   0.170871E+05    0.000241   -0.000068    0.000038    0.000000
         19170.000000   0.411606E+04    0.001871   -0.000520    0.000291    0.000000
          4363.000000   0.135629E+04    0.009708   -0.002757    0.001534    0.000000
          1236.000000   0.526658E+03    0.039315   -0.011120    0.006255    0.000000
           403.600000   0.227498E+03    0.125930   -0.038475    0.021485    0.000000
           145.700000   0.105952E+03    0.299336   -0.099183    0.056986    0.000000
            56.810000   0.522798E+02    0.421879   -0.200781    0.115865    0.000000
            23.230000   0.267333E+02    0.237197   -0.129918    0.084710    0.000000
             6.644000   0.104553E+02    0.019153    0.507897   -0.403641    0.000000
             2.575000   0.513568E+01   -0.003348    0.608872   -0.752342    0.000000
             0.537100   0.158510E+01    0.000930    0.042027    1.175087    0.000000
             0.193800   0.737956E+00    0.000000    0.000000    0.000000    1.000000
 #--->p function
      Exp Coef          Norm Coef       Con Coef
           417.600000   0.550725E+04    0.005261   -0.002292    0.000000
            98.330000   0.903321E+03    0.039840   -0.017209    0.000000
            31.040000   0.213740E+03    0.164683   -0.075044    0.000000
            11.190000   0.597066E+02    0.387389   -0.177250    0.000000
             4.249000   0.177968E+02    0.457151   -0.244691    0.000000
             1.624000   0.534831E+01    0.151662    0.142817    0.000000
             0.532200   0.132611E+01    0.001816    0.925035    0.000000
             0.162000   0.299832E+00    0.000000    0.000000    1.000000
 #--->d function
      Exp Coef          Norm Coef       Con Coef
             0.600000   0.106732E+01    1.000000
 
 
 Atomic masses
   11.9967   11.9967   11.9967   11.9967   11.9967
   11.9967    1.0073    1.0073    1.0073    1.0073
   11.9967   11.9967   11.9967   11.9967    1.0073
   11.9967    1.0073   11.9967    1.0073    1.0073
   34.9689   34.9689

 Molecular center of mass
        -2.08295632     7.72406478     1.16874165

 Molecular center of nuclear charge
        -2.11117037     7.70774369     1.13615649
 [molesym]
 
 Auto decide molecular point group! Rotate coordinates into standard orientation!
 Threshold= 0.10000E-08 0.10000E-11 0.10000E-03
 
 zgeomsort being called!
gsym: C01 , noper=    1
 Exiting zgeomsort....
 Representation generated
  Binary group is observed ...
  Point group name C(1)                         1
  User set point group as C(1)    
  Largest Abelian Subgroup C(1)                         1
 Representation generated
 C|1|)|                     1
 Symmetry check OK
 Molecule has been symmetrized
  Number of symmery unique centers:                     22

|-------------------------------------------------------------------------------------------|

 Atom           Cartcoord(Bohr)                 Charge Basis Auxbas Uatom Nstab Alink  Mass
  C        4.972896     2.930355     1.419925     6.00    1     0     0     0   E     11.9967
  C        6.622307     1.084673     0.558861     6.00    1     0     0     0   E     11.9967
  C        5.631937    -1.182136    -0.298803     6.00    1     0     0     0   E     11.9967
  C        3.051617    -1.623000    -0.308019     6.00    1     0     0     0   E     11.9967
  C        1.391802     0.232148     0.558610     6.00    1     0     0     0   E     11.9967
  C        2.385668     2.515928     1.422730     6.00    1     0     0     0   E     11.9967
  H        5.717786     4.705523     2.108361     1.00    2     0     0     0   E      1.0073
  H        8.640367     1.391212     0.550388     1.00    2     0     0     0   E      1.0073
  H        2.342720    -3.397222    -1.024810     1.00    2     0     0     0   E      1.0073
  H        1.133085     3.964080     2.135771     1.00    2     0     0     0   E      1.0073
  C       -1.391794    -0.232182     0.558542     6.00    1     0     0     0   E     11.9967
  C       -3.051657     1.622960    -0.308035     6.00    1     0     0     0   E     11.9967
  C       -2.385617    -2.515936     1.422748     6.00    1     0     0     0   E     11.9967
  C       -5.631963     1.182199    -0.298823     6.00    1     0     0     0   E     11.9967
  H       -2.342477     3.397095    -1.024783     1.00    2     0     0     0   E      1.0073
  C       -4.972873    -2.930316     1.419932     6.00    1     0     0     0   E     11.9967
  H       -1.133123    -3.964139     2.135831     1.00    2     0     0     0   E      1.0073
  C       -6.622277    -1.084673     0.558859     6.00    1     0     0     0   E     11.9967
  H       -5.717806    -4.705446     2.108424     1.00    2     0     0     0   E      1.0073
  H       -8.640339    -1.391222     0.550409     1.00    2     0     0     0   E      1.0073
  Cl       7.663779    -3.522136    -1.405264    17.00    3     0     0     0   E     34.9689
  Cl      -7.663807     3.522135    -1.405251    17.00    3     0     0     0   E     34.9689
 
|--------------------------------------------------------------------------------------------|

Number of irreps:    1
IRREP:   1   1   1
DIMEN:   1   1   1

 Irreps of multipole moment operators ...
 Operator  Component    Irrep       Row
  Dipole       x           A           1
  Dipole       y           A           1
  Dipole       z           A           1
  Quadpole     xx          A           1
  Quadpole     xy          A           1
  Quadpole     yy          A           1
  Quadpole     xz          A           1
  Quadpole     yz          A           1
  Quadpole     zz          A           1
 
 Print Multiplication table of irreps
 A    *A    =A    ; 
 
 Generate symmetry adapted orbital ...
 Print Multab
  1

|--------------------------------------------------|
         Symmetry adapted orbital                   

  Irrep : A 

Total number of basis functions:     244     244

  Irrep :     A
  Norb  :    244
|--------------------------------------------------|

Total number of shells:       58
 R max for this shell (Bohr)   12.5599999999998       9.691695042155263E-011
 R max for this shell (Bohr)   12.6699999999998       9.644888246466983E-011
 R max for this shell (Bohr)   6.99999999999994       9.556501796124278E-011
 R max for this shell (Bohr)   14.0099999999998       3.009977724958305E-010
 R max for this shell (Bohr)   5.92999999999996       9.975876222407632E-011
 R max for this shell (Bohr)   11.4099999999998       9.698100467202825E-011
 R max for this shell (Bohr)   12.2699999999998       9.780730793330455E-011
 R max for this shell (Bohr)   6.70999999999994       9.619579851317601E-011
 
Number of atoms:      22
Number of basis functions:     244
 
 
 ++++++++  DATA CHECK +++++++++++++++++++++++++++++++++
  CHECKDATA:COMPASS:C(1)    
  CHECKDATA:COMPASS:NATOM :       22
  CHECKDATA:COMPASS:NBAS  :      244
 ++++++++++ END DATA CHECK ++++++++++++++++++++++++++++
 
|******************************************************************************|
 
    Total cpu     time:          0.02  S
    Total system  time:          0.02  S
    Total wall    time:          0.03  S
 
    Current time   2022-05-04  12:27:13
    End running module compass
|******************************************************************************|
 
('tmpstdin ', True)
('npro is ', 1)
('\n BDF command: ', '/apps/users/lcz/bdf-pkg/bin/xuanyuan.x /scratch/2,7-dicl-dibenzene_503/2,7-dicl-dibenzeneXX1.xuanyuan.inp')
  BDF process        0 of        1 on Serial  
 
|******************************************************************************|
 
    Start running module xuanyuan
    Current time   2022-05-04  12:27:13
 
|******************************************************************************|

|-------------------------------------------------------------------------------------------|

 Atom           Cartcoord(Bohr)                 Charge Basis Auxbas Uatom Nstab Alink  Mass
  C        4.972896     2.930355     1.419925     6.00    1     0     1     1   E     11.9967
  C        6.622307     1.084673     0.558861     6.00    1     0     1     1   E     11.9967
  C        5.631937    -1.182136    -0.298803     6.00    1     0     1     1   E     11.9967
  C        3.051617    -1.623000    -0.308019     6.00    1     0     1     1   E     11.9967
  C        1.391802     0.232148     0.558610     6.00    1     0     1     1   E     11.9967
  C        2.385668     2.515928     1.422730     6.00    1     0     1     1   E     11.9967
  H        5.717786     4.705523     2.108361     1.00    2     0     1     1   E      1.0073
  H        8.640367     1.391212     0.550388     1.00    2     0     1     1   E      1.0073
  H        2.342720    -3.397222    -1.024810     1.00    2     0     1     1   E      1.0073
  H        1.133085     3.964080     2.135771     1.00    2     0     1     1   E      1.0073
  C       -1.391794    -0.232182     0.558542     6.00    1     0     1     1   E     11.9967
  C       -3.051657     1.622960    -0.308035     6.00    1     0     1     1   E     11.9967
  C       -2.385617    -2.515936     1.422748     6.00    1     0     1     1   E     11.9967
  C       -5.631963     1.182199    -0.298823     6.00    1     0     1     1   E     11.9967
  H       -2.342477     3.397095    -1.024783     1.00    2     0     1     1   E      1.0073
  C       -4.972873    -2.930316     1.419932     6.00    1     0     1     1   E     11.9967
  H       -1.133123    -3.964139     2.135831     1.00    2     0     1     1   E      1.0073
  C       -6.622277    -1.084673     0.558859     6.00    1     0     1     1   E     11.9967
  H       -5.717806    -4.705446     2.108424     1.00    2     0     1     1   E      1.0073
  H       -8.640339    -1.391222     0.550409     1.00    2     0     1     1   E      1.0073
  Cl       7.663779    -3.522136    -1.405264    17.00    3     0     1     1   E     34.9689
  Cl      -7.663807     3.522135    -1.405251    17.00    3     0     1     1   E     34.9689
 
|--------------------------------------------------------------------------------------------|

 $xuanyuan                                                                      
                                          
 $end                                                                           
                                          
  Mass polarization term:  F
 Total nuclear charge :        114.00
 Nuclear repulsion energy :     944.8190688836 a.u.

 Total number of primitive  basis sets :          450
 Total number of prim-cart  basis sets :          464
 Total number of contracted basis sets :          244

  Estimate memory for calculating 2e integrals...
 Minium memory to calculate ERIs:        7.784 M

[aoint_1e]
  Calculating one electron integrals ...
  S T and V integrals ....
  Dipole and Quadupole integrals ....
  Finish calculating one electron integrals ...
 
 ---------------------------------------------------------------
  Timing to calculate 1-electronic integrals                                      
 
  CPU TIME(S)      SYSTEM TIME(S)     WALL TIME(S)
          0.090            0.030               0.010
 ---------------------------------------------------------------
 
 Finish calculating 1e integral ...
 Direct SCF required. Skip 2e integral!
 Set significant shell pairs!

 Number of significant pairs:     1534
 Timing caluclate K2 integrals.
 CPU:       0.20 SYS:       0.04 WALL:       0.04
 lenk2                 33826                     9
|******************************************************************************|
 
    Total cpu     time:          0.35  S
    Total system  time:          0.08  S
    Total wall    time:          0.10  S
 
    Current time   2022-05-04  12:27:13
    End running module xuanyuan
|******************************************************************************|
 
('tmpstdin ', True)
('npro is ', 1)
('\n BDF command: ', '/apps/users/lcz/bdf-pkg/bin/scf.x /scratch/2,7-dicl-dibenzene_503/2,7-dicl-dibenzeneXX2.scf.inp')
  BDF process        0 of        1 on Serial  
 
|******************************************************************************|
 
    Start running module scf
    Current time   2022-05-04  12:27:13
 
|******************************************************************************|

|-------------------------------------------------------------------------------------------|

 Atom           Cartcoord(Bohr)                 Charge Basis Auxbas Uatom Nstab Alink  Mass
  C        4.972896     2.930355     1.419925     6.00    1     0     1     1   E     11.9967
  C        6.622307     1.084673     0.558861     6.00    1     0     1     1   E     11.9967
  C        5.631937    -1.182136    -0.298803     6.00    1     0     1     1   E     11.9967
  C        3.051617    -1.623000    -0.308019     6.00    1     0     1     1   E     11.9967
  C        1.391802     0.232148     0.558610     6.00    1     0     1     1   E     11.9967
  C        2.385668     2.515928     1.422730     6.00    1     0     1     1   E     11.9967
  H        5.717786     4.705523     2.108361     1.00    2     0     1     1   E      1.0073
  H        8.640367     1.391212     0.550388     1.00    2     0     1     1   E      1.0073
  H        2.342720    -3.397222    -1.024810     1.00    2     0     1     1   E      1.0073
  H        1.133085     3.964080     2.135771     1.00    2     0     1     1   E      1.0073
  C       -1.391794    -0.232182     0.558542     6.00    1     0     1     1   E     11.9967
  C       -3.051657     1.622960    -0.308035     6.00    1     0     1     1   E     11.9967
  C       -2.385617    -2.515936     1.422748     6.00    1     0     1     1   E     11.9967
  C       -5.631963     1.182199    -0.298823     6.00    1     0     1     1   E     11.9967
  H       -2.342477     3.397095    -1.024783     1.00    2     0     1     1   E      1.0073
  C       -4.972873    -2.930316     1.419932     6.00    1     0     1     1   E     11.9967
  H       -1.133123    -3.964139     2.135831     1.00    2     0     1     1   E      1.0073
  C       -6.622277    -1.084673     0.558859     6.00    1     0     1     1   E     11.9967
  H       -5.717806    -4.705446     2.108424     1.00    2     0     1     1   E      1.0073
  H       -8.640339    -1.391222     0.550409     1.00    2     0     1     1   E      1.0073
  Cl       7.663779    -3.522136    -1.405264    17.00    3     0     1     1   E     34.9689
  Cl      -7.663807     3.522135    -1.405251    17.00    3     0     1     1   E     34.9689
 
|--------------------------------------------------------------------------------------------|

  [ SCF control ] 
 $scf
 rks
 dft
 Exchange and Correlation functional(ALL): GB3LYP    
 $end
 
  --- PRINT: Information about SCF Calculation --- 
 ICTRL_FRAGSCF=  0
 IPRTMO=  1
 MAXITER=  100
 THRENE= 0.10E-07 THRDEN= 0.50E-05
 DAMP= 0.00 VSHIFT= 0.00
 IFDIIS= T
 THRDIIS= 0.10E+01
 MINDIIS=   2 MAXDIIS=   8
 iCHECK=  0
 iAUFBAU=  1
 INIGUESS=  0
 IfMPEC= F
 IfCOSX= F
 Occupation number:
  Without occupation number in input.

 Wave function information ...
 Total Nuclear charge    :     114
 Total electrons         :     114
 ECP-core electrons      :       0
 Spin multiplicity(2S+1) :       1
 Num. of alpha electrons :      57
 Num. of beta  electrons :      57
 

 Threshold in dft prescreening ...
 Thresh_shellvalue_dft :  0.10000E-09
 ThreshRho     :  0.10000E-11

  DFT options:
 upden=  1
 fullvxc=  0
  --- END:  Information about SCF Calculation  --- 
 
 The SMH converger is used...
 Numerical grid implemented by Yong Zhang 
 Finish scf input!

 DirectHF  T
 Number of significient shell pairs :     1534
 Estimate memory for direct ERI calculations:           8.164 M

 IF USE_LIBCINT :    F

 Nuclear repulsion energy =   944.81906888
 
 iniguess                     0                     0
 
 [ATOM SCF control]
  heff=                      0
 After initial atom grid ...
 Finish atom    1  C             -37.7418348959
 After initial atom grid ...
 Finish atom    2  H              -0.7470225210
 After initial atom grid ...
 Finish atom    3  Cl           -460.1127051481
 
 Superposition of atomic densities as initial guess.
 [dft_init]
 Switch to Ultra Coarse grid ...
   1  C     Second Kind Chebyshev ( 21)  Lebedev ( -194)         
   2  H     Second Kind Chebyshev ( 21)  Lebedev ( -194)         
   3  Cl    Second Kind Chebyshev ( 42)  Lebedev ( -194)         
  Partition Function:  SSF   Partitioning with Scalar=  0.64.
  Gtol, Npblock, Icoulpot, Iop_adaptive :  0.10E-05    128      0          0
 
  --- PRINT: Information about DFT Calculation --- 
 No. of ATOMS =         22
 No. of Shells =         0
 No. of Batches =        0
 No. of Grids =          0
 No. of Basis Functions =      244
 No. of Records for [basval] =               0
 Estimated DiskSpace for storage [basval] =           0.000M
 
 Max No. of Rad point per atom =     0
 Max No. of Ang point per atom =     0
 Max No. of Grids per batch =          0
 Max No. of Basis per shell =          0
 Max No. of Records in one batch =               0
 Estimated Mem for [basval] =      0.000M
 Estimated Mem for [func] in R-DFT =      0.000M
 Estimated Mem for [func] in U-DFT =      0.000M
 DirectGrid:        T
  --- END : Information about DFT Calculation --- 
 
 
  Initializing informations for ZY-Numerical Integration...
  Number of atoms     =      22
  Total Prim and Cont =     450    244
  Timing for ZY-NI-INIT:       0.040 S      0.000 S      0.000 S

 Time to calculate dft grid and perform basis seiving ...
 CPU:       0.340 S    Sys:       0.000 S    Wall:        0.040 S

 skipaocheck F F
 Check basis set linear dependence! Tolerance =   0.100000E-04

 Check basis set linear dependence! Tolerance =   0.100000E-04
 Threshold of basis set linear depedent tol_linear is :    0.100000E-04
 Solve HC=EC in pflmo space.  F       57      187
 Initial guess energy =  -1379.1036092155
 
 [scf_cycle_init_ecdenpot]
Meomory for coulpotential         0.00  G

 Start SCF iteration......


Iter.   idiis  vshift       SCF Energy            DeltaE          RMSDeltaD          MaxDeltaD      Damping    Times(S) 
   1      0    0.000   -1383.6709189805      -4.5673097651       0.0076473723       0.2023046587    0.0000      0.32
   2      1    0.000   -1378.0077640655       5.6631549150       0.0016646455       0.0404905511    0.0000      1.95
   3      2    0.000   -1378.1195436630      -0.1117795975       0.0005383826       0.0183648533    0.0000      1.92
  Turn on DFT calculation ...
  Turn off incremental Fock calculation ...
   4      1    0.000   -1382.5301813358      -4.4106376728       0.0029019346       0.0741012107    0.0000      2.00
   5      2    0.000   -1382.5803224970      -0.0501411612       0.0006460928       0.0185886772    0.0000      1.97
   6      3    0.000   -1382.5845261458      -0.0042036488       0.0002955874       0.0079833368    0.0000      1.90
 Switch to Medium grid ...
   1  C     Second Kind Chebyshev ( 75)  Lebedev ( -302)         
   2  H     Second Kind Chebyshev ( 75)  Lebedev ( -302)         
   3  Cl    Second Kind Chebyshev ( 88)  Lebedev ( -434)         
  Partition Function:  SSF   Partitioning with Scalar=  0.64.
  Gtol, Npblock, Icoulpot, Iop_adaptive :  0.10E-05    128      0          0

 Time to calculate dft grid and perform basis seiving ...
 CPU:       1.490 S    Sys:       0.020 S    Wall:        0.190 S

 [scf_cycle_init_ecdenpot]
Meomory for coulpotential         0.02  G
   7      1    0.000   -1382.5662555482       0.0182705976       0.0000839921       0.0029482571    0.0000      2.28
   8      2    0.000   -1382.5662619396      -0.0000063913       0.0000422308       0.0017110368    0.0000      2.03
   9      3    0.000   -1382.5663208607      -0.0000589211       0.0000070027       0.0002070831    0.0000      2.16
  10      4    0.000   -1382.5663223794      -0.0000015188       0.0000010483       0.0000426794    0.0000      2.17
  11      5    0.000   -1382.5663224025      -0.0000000230       0.0000004227       0.0000156487    0.0000      2.09
  12      6    0.000   -1382.5663224054      -0.0000000029       0.0000001103       0.0000034322    0.0000      2.04
 diis/vshift is closed at iter =  12
  13      0    0.000   -1382.5663224074      -0.0000000020       0.0000000707       0.0000018363    0.0000      2.30

  Label              CPU Time        SYS Time        Wall Time
 SCF iteration time:       201.690 S        0.400 S       25.320 S

 Final DeltaE = -1.969738150364719E-009
 Final DeltaD =  7.065750177723051E-008  5.000000000000000E-005
 
 Final scf result
   E_tot =             -1382.56632241
   E_ele =             -2327.38539129
   E_nn  =               944.81906888
   E_1e  =             -3770.91155036
   E_ne  =             -5148.88663581
   E_kin =              1377.97508546
   E_ee  =              1544.24040375
   E_xc  =              -100.71424468
  Virial Theorem      2.003332
 

 [Final occupation pattern: ]
 
 Irreps:        A   
 
 detailed occupation for iden/irep:      1   1
    1.00 1.00 1.00 1.00 1.00 1.00 1.00 1.00 1.00 1.00
    1.00 1.00 1.00 1.00 1.00 1.00 1.00 1.00 1.00 1.00
    1.00 1.00 1.00 1.00 1.00 1.00 1.00 1.00 1.00 1.00
    1.00 1.00 1.00 1.00 1.00 1.00 1.00 1.00 1.00 1.00
    1.00 1.00 1.00 1.00 1.00 1.00 1.00 1.00 1.00 1.00
    1.00 1.00 1.00 1.00 1.00 1.00 1.00 0.00 0.00 0.00
    0.00 0.00 0.00 0.00 0.00 0.00 0.00 0.00 0.00 0.00
    0.00 0.00 0.00 0.00 0.00 0.00 0.00 0.00 0.00 0.00
    0.00 0.00 0.00 0.00 0.00 0.00 0.00 0.00 0.00 0.00
    0.00 0.00 0.00 0.00 0.00 0.00 0.00 0.00 0.00 0.00
    0.00 0.00 0.00 0.00 0.00 0.00 0.00 0.00 0.00 0.00
    0.00 0.00 0.00 0.00 0.00 0.00 0.00 0.00 0.00 0.00
    0.00 0.00 0.00 0.00 0.00 0.00 0.00 0.00 0.00 0.00
    0.00 0.00 0.00 0.00 0.00 0.00 0.00 0.00 0.00 0.00
    0.00 0.00 0.00 0.00 0.00 0.00 0.00 0.00 0.00 0.00
    0.00 0.00 0.00 0.00 0.00 0.00 0.00 0.00 0.00 0.00
    0.00 0.00 0.00 0.00 0.00 0.00 0.00 0.00 0.00 0.00
    0.00 0.00 0.00 0.00 0.00 0.00 0.00 0.00 0.00 0.00
    0.00 0.00 0.00 0.00 0.00 0.00 0.00 0.00 0.00 0.00
    0.00 0.00 0.00 0.00 0.00 0.00 0.00 0.00 0.00 0.00
    0.00 0.00 0.00 0.00 0.00 0.00 0.00 0.00 0.00 0.00
    0.00 0.00 0.00 0.00 0.00 0.00 0.00 0.00 0.00 0.00
    0.00 0.00 0.00 0.00 0.00 0.00 0.00 0.00 0.00 0.00
    0.00 0.00 0.00 0.00 0.00 0.00 0.00 0.00 0.00 0.00
    0.00 0.00 0.00 0.00
 Alpha      57.00
 

 [Orbital energies:]

 Energy of occ-orbs:    A            57
            -101.54728750    -101.54728255     -10.25400987     -10.25400858     -10.21679023
             -10.21655874     -10.20654635     -10.20654333     -10.20614092     -10.20613953
             -10.20591371     -10.20591301     -10.20214390     -10.20214285      -9.46584801
              -9.46584137      -7.22834033      -7.22833472      -7.21873344      -7.21872780
              -7.21833288      -7.21832742      -0.90819071      -0.90029163      -0.85958016
              -0.84049627      -0.79270917      -0.75953866      -0.74350196      -0.73759882
              -0.64968226      -0.63049334      -0.60607725      -0.59058172      -0.54069056
              -0.51739647      -0.49427889      -0.48179978      -0.47086521      -0.45754214
              -0.44174212      -0.44090620      -0.43669983      -0.41016605      -0.40213451
              -0.39120353      -0.37726193      -0.36522892      -0.36164455      -0.34713747
              -0.33552193      -0.31784912      -0.31495376      -0.28940037      -0.26162577
              -0.25687594      -0.24547544
 Energy of vir-orbs:    A           187
              -0.04624137      -0.02359394      -0.02316565       0.00290172       0.02931274
               0.03353767       0.07388681       0.07779230       0.09995693       0.10663688
               0.11878768       0.12374502       0.12755554       0.13956537       0.14839867
               0.16250366       0.22639552       0.23104717       0.24398095       0.26292193
               0.28401452       0.28923309       0.29399829       0.32223615       0.33224171
               0.36401694       0.36946226       0.40067380       0.40413079       0.45157898
               0.45275379       0.45441763       0.45869253       0.47028486       0.47849375
               0.48194095       0.48575233       0.48821939       0.49338575       0.50048422
               0.50462543       0.50627872       0.51069579       0.51209932       0.51316708
               0.52729556       0.53817971       0.53854386       0.54406667       0.55637066
               0.55879078       0.58025895       0.58967163       0.59285935       0.60499654
               0.60784048       0.61717434       0.64142516       0.64248890       0.64351008
               0.65140476       0.65660604       0.67139793       0.67276152       0.67495199
               0.70108188       0.71272360       0.72107314       0.72613814       0.73190418
               0.73742594       0.74590864       0.77633245       0.78233702       0.80420862
               0.82838609       0.83314397       0.86899304       0.87568346       0.87843018
               0.89525404       0.91490244       0.91684258       0.92044732       0.93446670
               0.94715093       0.95126653       0.98029693       0.98246748       1.01277873
               1.01401992       1.01933163       1.02563143       1.04129584       1.04846089
               1.05687695       1.06671565       1.07080442       1.07145557       1.09544513
               1.11072554       1.12005905       1.18413697       1.20773380       1.21215354
               1.21971846       1.23624408       1.23947899       1.29185141       1.31233586
               1.34489453       1.38734104       1.39416224       1.41885464       1.45766650
               1.45928035       1.48555524       1.49024189       1.50793681       1.50805597
               1.51496710       1.53595589       1.53831251       1.59424498       1.60200166
               1.61237529       1.62981128       1.63128270       1.63946651       1.64579653
               1.65036007       1.65640715       1.67131057       1.67624999       1.69108653
               1.70202637       1.71964162       1.73616525       1.75849245       1.76099493
               1.77479132       1.79811882       1.79923835       1.81883053       1.82780865
               1.84922837       1.85937734       1.86606816       1.86963838       1.88390380
               1.88487647       1.90505571       1.91192112       1.92072019       1.93860371
               1.98203001       2.00332113       2.01824682       2.01948625       2.07746257
               2.10432326       2.11606981       2.15140448       2.20291299       2.20612447
               2.20941165       2.23458586       2.34597524       2.35596516       2.40245794
               2.41085873       2.41960424       2.43979209       2.50834079       2.53438231
               2.55095905       2.66011855       2.67652321       2.68661136       2.70447269
               2.76064519       2.78328723       2.79299608       2.87531103       2.92018309
               3.40466221       3.52512837
 
 Alpha   HOMO energy:      -0.24547544 au      -6.67972945 eV  Irrep: A       
 Alpha   LUMO energy:      -0.04624137 au      -1.25829215 eV  Irrep: A       
 HOMO-LUMO gap:       0.19923407 au       5.42143730 eV
 
 Frontier orbitals of each irrep:
 
  Symmetry   1 A       
 
         Orbital                52             53             54             55             56             57
         Energy             -0.31785       -0.31495       -0.28940       -0.26163       -0.25688       -0.24548
         Occ No.             2.00000        2.00000        2.00000        2.00000        2.00000        2.00000
      1 1C|1S0               0.00039       -0.00032        0.00024       -0.00016       -0.00014        0.00013
      2 1C|2S0               0.01404       -0.01872       -0.00711        0.00403        0.00032        0.00517
      3 1C|3S0               0.03027       -0.04273       -0.02505        0.01385        0.00478        0.01241
      4 1C|2P-1             -0.04918        0.04105       -0.07517       -0.08022        0.04999       -0.01367
      5 1C|3P-1             -0.02113        0.01323       -0.05568       -0.04573        0.03077       -0.00688
      6 1C|2P0              -0.00828        0.03733        0.20223        0.19092       -0.11692        0.01873
      7 1C|3P0              -0.00303        0.01941        0.12870        0.13208       -0.07880        0.01452
      8 1C|2P1               0.01682        0.01250        0.03490       -0.00144       -0.00936       -0.00948
      9 1C|3P1               0.03201       -0.01625        0.03582       -0.00529       -0.00159       -0.00968
     10 1C|3D-2             -0.00245        0.00268       -0.00170        0.00043       -0.00427       -0.00885
     11 1C|3D-1             -0.00188        0.00162       -0.00603       -0.00226       -0.00173       -0.00488
     12 1C|3D0              -0.00045       -0.00044       -0.00602       -0.00155       -0.00298       -0.00612
     13 1C|3D1              -0.00127        0.00149        0.00650       -0.00162        0.01166        0.01674
     14 1C|3D2               0.00374       -0.00534       -0.00375       -0.00080       -0.00050       -0.00091
     15 2C|1S0               0.00076       -0.00019       -0.00011       -0.00014        0.00003        0.00009
     16 2C|2S0              -0.03040        0.02989       -0.00229       -0.00221       -0.00221        0.00223
     17 2C|3S0              -0.05606        0.04838        0.00090        0.00450       -0.00667       -0.00216
     18 2C|2P-1              0.07747       -0.08581       -0.08550       -0.03454       -0.03162       -0.09031
     19 2C|3P-1             -0.00382       -0.00055       -0.06859       -0.02306       -0.02469       -0.05876
     20 2C|2P0               0.04221       -0.01570        0.21702        0.08383        0.08014        0.21888
     21 2C|3P0               0.00472        0.01114        0.13364        0.06186        0.05059        0.15752
     22 2C|2P1              -0.00256       -0.00652        0.01163        0.01133        0.00888        0.01274
     23 2C|3P1              -0.00317        0.00549        0.00919        0.00532        0.00832        0.00927
     24 2C|3D-2             -0.00046        0.00036        0.00435        0.00156       -0.00028        0.00015
     25 2C|3D-1             -0.00006        0.00129        0.00439        0.00963       -0.01059       -0.00521
     26 2C|3D0              -0.00139        0.00254        0.00429        0.00853       -0.00883       -0.00371
     27 2C|3D1              -0.00118       -0.00015       -0.00672       -0.00251       -0.00109       -0.00377
     28 2C|3D2               0.00383       -0.00542        0.00079        0.00549       -0.00504       -0.00232
     29 3C|1S0               0.00008       -0.00005       -0.00021       -0.00024       -0.00047        0.00011
     30 3C|2S0              -0.00550       -0.00375        0.00869       -0.00354        0.00359       -0.00781
     31 3C|3S0              -0.00684       -0.00474        0.02648       -0.00426        0.02251       -0.02513
     32 3C|2P-1             -0.05398        0.05599       -0.01805        0.04902       -0.08318       -0.06001
     33 3C|3P-1             -0.02447        0.02832       -0.02425        0.02941       -0.05438       -0.02739
     34 3C|2P0              -0.01637        0.02085        0.04266       -0.12433        0.19554        0.15211
     35 3C|3P0              -0.00689        0.00961        0.02126       -0.08062        0.12422        0.10241
     36 3C|2P1              -0.05782        0.08450       -0.01401       -0.00661        0.00472        0.02428
     37 3C|3P1              -0.02755        0.04040       -0.02406       -0.00537       -0.00668        0.02389
     38 3C|3D-2             -0.00541        0.00357       -0.00126       -0.00793        0.00483       -0.00249
     39 3C|3D-1             -0.00667        0.00884        0.01072        0.00388        0.00411        0.01076
     40 3C|3D0              -0.00210        0.00324        0.00830        0.00035        0.00494        0.00795
     41 3C|3D1              -0.00400        0.00273        0.01026        0.01717       -0.01018        0.00600
     42 3C|3D2               0.02101       -0.01963        0.00754        0.00310        0.00195        0.00519
     43 4C|1S0              -0.00080        0.00041        0.00068        0.00053        0.00080       -0.00037
     44 4C|2S0               0.03698       -0.02622       -0.01465        0.00535       -0.00556        0.01538
     45 4C|3S0               0.07107       -0.04196       -0.04622        0.00600       -0.03312        0.03215
     46 4C|2P-1             -0.00731        0.01869        0.03446        0.11839       -0.06793        0.02567
     47 4C|3P-1              0.00160        0.01126        0.03268        0.09174       -0.04620        0.00378
     48 4C|2P0              -0.00770        0.01266       -0.14376       -0.24462        0.17004       -0.04455
     49 4C|3P0              -0.00077        0.00461       -0.09096       -0.16094        0.11673       -0.04640
     50 4C|2P1               0.06499       -0.09753        0.02580       -0.02459        0.02386       -0.02979
     51 4C|3P1              -0.01445       -0.00132       -0.01656       -0.01640       -0.00094        0.00986
     52 4C|3D-2             -0.00160        0.00097       -0.00288        0.00005       -0.00440       -0.00614
     53 4C|3D-1             -0.00175        0.00329       -0.00350       -0.00423        0.00044       -0.00463
     54 4C|3D0               0.00113       -0.00063       -0.00503       -0.00337       -0.00131       -0.00431
     55 4C|3D1              -0.00030        0.00107        0.00891       -0.00336        0.01109        0.01281
     56 4C|3D2               0.00176       -0.00597       -0.00243       -0.00216        0.00196       -0.00183
     57 5C|1S0               0.00044        0.00012       -0.00050        0.00178        0.00132       -0.00091
     58 5C|2S0              -0.02429        0.00430       -0.00154        0.00157        0.00345       -0.00124
     59 5C|3S0              -0.06460       -0.00492        0.00478       -0.04331       -0.00884        0.02322
     60 5C|2P-1              0.01318       -0.00217        0.11342        0.03040        0.02438        0.05345
     61 5C|3P-1              0.03694       -0.02594        0.06547        0.01115        0.00484        0.03075
     62 5C|2P0               0.00421       -0.01286       -0.17749       -0.11077       -0.04377       -0.19202
     63 5C|3P0               0.01708       -0.01387       -0.11062       -0.07589       -0.02938       -0.12010
     64 5C|2P1              -0.00990        0.08955       -0.01664       -0.00167       -0.01056       -0.01039
     65 5C|3P1               0.01323        0.02566       -0.00804       -0.02131       -0.00188        0.00016
     66 5C|3D-2             -0.00016       -0.00180        0.00920        0.00088       -0.00006       -0.00390
     67 5C|3D-1             -0.00065        0.00178        0.00612        0.00981       -0.01137       -0.00765
     68 5C|3D0              -0.00084        0.00132        0.00453        0.00980       -0.01142       -0.00440
     69 5C|3D1              -0.00008        0.00073        0.00718       -0.01157        0.00450       -0.01492
     70 5C|3D2               0.00307       -0.00570       -0.00082        0.00762       -0.00550       -0.00211
     71 6C|1S0               0.00033       -0.00003       -0.00084        0.00020       -0.00006       -0.00004
     72 6C|2S0               0.00227        0.00058        0.01758       -0.01131        0.00161       -0.01279
     73 6C|3S0              -0.00570        0.01050        0.04635       -0.01043        0.01217       -0.02450
     74 6C|2P-1              0.00413       -0.02252       -0.03150       -0.03530        0.06712        0.10242
     75 6C|3P-1              0.01199       -0.02003        0.00169       -0.05461        0.04794        0.06780
     76 6C|2P0               0.00903        0.00174        0.00470        0.09417       -0.18972       -0.19441
     77 6C|3P0               0.00857       -0.00186        0.00777        0.05274       -0.13472       -0.14299
     78 6C|2P1               0.00155       -0.02473       -0.03083        0.02797       -0.01137        0.00310
     79 6C|3P1               0.01456       -0.01282        0.00723        0.00282       -0.01030       -0.01127
     80 6C|3D-2             -0.00304       -0.00072       -0.00410       -0.00352        0.00273       -0.00215
     81 6C|3D-1             -0.00090        0.00229        0.00788        0.00659       -0.00006        0.00716
     82 6C|3D0               0.00011        0.00063        0.00583        0.00244        0.00037        0.00487
     83 6C|3D1              -0.00066        0.00142        0.01480        0.01074       -0.00357        0.00437
     84 6C|3D2               0.00244       -0.00512        0.00433        0.00388        0.00087        0.00437
     85 7H|1S0              -0.03334        0.04518        0.01208       -0.00374        0.00148       -0.00755
     86 7H|2S0              -0.02799        0.03683        0.01040       -0.00663        0.00111       -0.00727
     87 7H|2P-1             -0.00007       -0.00075       -0.00325       -0.00306        0.00203       -0.00035
     88 7H|2P0               0.00042        0.00045        0.00739        0.00745       -0.00461        0.00080
     89 7H|2P1               0.00057        0.00013        0.00054        0.00027       -0.00049       -0.00012
     90 8H|1S0              -0.00289       -0.01077       -0.00385        0.00545        0.00284       -0.00073
     91 8H|2S0               0.02813       -0.03913       -0.00006        0.00410        0.00215       -0.00181
     92 8H|2P-1              0.00088       -0.00116       -0.00316       -0.00143       -0.00110       -0.00341
     93 8H|2P0               0.00058        0.00027        0.00794        0.00344        0.00277        0.00831
     94 8H|2P1               0.00201       -0.00160        0.00072        0.00017        0.00009        0.00053
     95 9H|1S0               0.00309        0.00982        0.00276       -0.00342       -0.00848        0.00668
     96 9H|2S0              -0.03169        0.04152        0.01092        0.01204        0.00748       -0.01899
     97 9H|2P-1              0.00196       -0.00111        0.00151        0.00434       -0.00307        0.00176
     98 9H|2P0               0.00073       -0.00049       -0.00550       -0.00893        0.00605       -0.00148
     99 9H|2P1               0.00069       -0.00166        0.00010       -0.00064       -0.00019        0.00059
    100 10H|1S0              0.00944        0.00433        0.00444       -0.00858       -0.00746       -0.00182
    101 10H|2S0              0.00438        0.00475       -0.01663        0.02346       -0.00158        0.00416
    102 10H|2P-1            -0.00016       -0.00065       -0.00125       -0.00103        0.00298        0.00394
    103 10H|2P0              0.00019        0.00007       -0.00007        0.00395       -0.00717       -0.00710
    104 10H|2P1              0.00011       -0.00101        0.00042       -0.00058       -0.00125       -0.00121
    105 11C|1S0             -0.00044        0.00012       -0.00050       -0.00178        0.00132        0.00091
    106 11C|2S0              0.02429        0.00428       -0.00154       -0.00157        0.00346        0.00124
    107 11C|3S0              0.06459       -0.00497        0.00480        0.04330       -0.00884       -0.02323
    108 11C|2P-1             0.01317        0.00215       -0.11341        0.03040       -0.02438        0.05346
    109 11C|3P-1             0.03696        0.02591       -0.06546        0.01116       -0.00484        0.03075
    110 11C|2P0             -0.00422       -0.01286       -0.17747        0.11077       -0.04377        0.19204
    111 11C|3P0             -0.01709       -0.01386       -0.11061        0.07589       -0.02938        0.12011
    112 11C|2P1             -0.00999       -0.08954        0.01664       -0.00168        0.01056       -0.01041
    113 11C|3P1              0.01321       -0.02567        0.00806       -0.02131        0.00190        0.00015
    114 11C|3D-2             0.00016       -0.00180        0.00920       -0.00088       -0.00005        0.00390
    115 11C|3D-1            -0.00066       -0.00178       -0.00612        0.00981        0.01137       -0.00765
    116 11C|3D0              0.00084        0.00131        0.00453       -0.00980       -0.01142        0.00440
    117 11C|3D1             -0.00008       -0.00073       -0.00718       -0.01157       -0.00450       -0.01492
    118 11C|3D2             -0.00308       -0.00570       -0.00082       -0.00762       -0.00550        0.00211
    119 12C|1S0              0.00080        0.00041        0.00068       -0.00053        0.00080        0.00037
    120 12C|2S0             -0.03701       -0.02619       -0.01465       -0.00535       -0.00556       -0.01538
    121 12C|3S0             -0.07110       -0.04190       -0.04622       -0.00601       -0.03311       -0.03214
    122 12C|2P-1            -0.00732       -0.01868       -0.03445        0.11841        0.06791        0.02566
    123 12C|3P-1             0.00159       -0.01126       -0.03268        0.09175        0.04618        0.00377
    124 12C|2P0              0.00771        0.01265       -0.14374        0.24467        0.17000        0.04452
    125 12C|3P0              0.00077        0.00461       -0.09094        0.16097        0.11671        0.04638
    126 12C|2P1              0.06507        0.09747       -0.02580       -0.02458       -0.02385       -0.02978
    127 12C|3P1             -0.01445        0.00133        0.01656       -0.01639        0.00095        0.00986
    128 12C|3D-2             0.00160        0.00097       -0.00288       -0.00005       -0.00440        0.00614
    129 12C|3D-1            -0.00175       -0.00328        0.00350       -0.00423       -0.00044       -0.00463
    130 12C|3D0             -0.00113       -0.00063       -0.00503        0.00337       -0.00131        0.00431
    131 12C|3D1             -0.00031       -0.00108       -0.00891       -0.00336       -0.01108        0.01282
    132 12C|3D2             -0.00177       -0.00597       -0.00243        0.00216        0.00196        0.00183
    133 13C|1S0             -0.00033       -0.00003       -0.00084       -0.00020       -0.00006        0.00004
    134 13C|2S0             -0.00227        0.00058        0.01758        0.01131        0.00161        0.01280
    135 13C|3S0              0.00570        0.01049        0.04636        0.01043        0.01218        0.02450
    136 13C|2P-1             0.00416        0.02253        0.03150       -0.03531       -0.06711        0.10244
    137 13C|3P-1             0.01201        0.02002       -0.00169       -0.05462       -0.04792        0.06781
    138 13C|2P0             -0.00904        0.00175        0.00470       -0.09420       -0.18968        0.19443
    139 13C|3P0             -0.00858       -0.00186        0.00777       -0.05277       -0.13470        0.14301
    140 13C|2P1              0.00157        0.02473        0.03083        0.02797        0.01137        0.00310
    141 13C|3P1              0.01457        0.01281       -0.00723        0.00282        0.01029       -0.01127
    142 13C|3D-2             0.00304       -0.00072       -0.00410        0.00353        0.00273        0.00215
    143 13C|3D-1            -0.00091       -0.00229       -0.00788        0.00659        0.00006        0.00716
    144 13C|3D0             -0.00011        0.00063        0.00583       -0.00244        0.00037       -0.00487
    145 13C|3D1             -0.00066       -0.00142       -0.01480        0.01074        0.00356        0.00437
    146 13C|3D2             -0.00244       -0.00512        0.00433       -0.00388        0.00087       -0.00437
    147 14C|1S0             -0.00008       -0.00005       -0.00021        0.00024       -0.00047       -0.00011
    148 14C|2S0              0.00550       -0.00375        0.00869        0.00354        0.00359        0.00780
    149 14C|3S0              0.00684       -0.00474        0.02647        0.00427        0.02251        0.02512
    150 14C|2P-1            -0.05404       -0.05595        0.01805        0.04903        0.08316       -0.06002
    151 14C|3P-1            -0.02450       -0.02831        0.02425        0.02941        0.05438       -0.02740
    152 14C|2P0              0.01639        0.02084        0.04266        0.12437        0.19550       -0.15213
    153 14C|3P0              0.00690        0.00960        0.02126        0.08064        0.12419       -0.10242
    154 14C|2P1             -0.05790       -0.08446        0.01401       -0.00662       -0.00472        0.02428
    155 14C|3P1             -0.02759       -0.04038        0.02406       -0.00537        0.00668        0.02389
    156 14C|3D-2             0.00542        0.00357       -0.00126        0.00793        0.00483        0.00249
    157 14C|3D-1            -0.00668       -0.00883       -0.01072        0.00388       -0.00411        0.01076
    158 14C|3D0              0.00211        0.00324        0.00830       -0.00035        0.00494       -0.00795
    159 14C|3D1             -0.00400       -0.00272       -0.01026        0.01717        0.01017        0.00600
    160 14C|3D2             -0.02102       -0.01962        0.00754       -0.00310        0.00195       -0.00519
    161 15H|1S0             -0.00307        0.00984        0.00276        0.00342       -0.00848       -0.00668
    162 15H|2S0              0.03173        0.04149        0.01093       -0.01204        0.00749        0.01900
    163 15H|2P-1             0.00196        0.00110       -0.00151        0.00434        0.00307        0.00176
    164 15H|2P0             -0.00073       -0.00049       -0.00550        0.00893        0.00605        0.00148
    165 15H|2P1              0.00069        0.00166       -0.00010       -0.00064        0.00019        0.00059
    166 16C|1S0             -0.00039       -0.00032        0.00024        0.00016       -0.00014       -0.00013
    167 16C|2S0             -0.01406       -0.01871       -0.00711       -0.00403        0.00033       -0.00517
    168 16C|3S0             -0.03030       -0.04270       -0.02505       -0.01385        0.00477       -0.01241
    169 16C|2P-1            -0.04922       -0.04102        0.07517       -0.08024       -0.04998       -0.01367
    170 16C|3P-1            -0.02114       -0.01321        0.05568       -0.04574       -0.03077       -0.00687
    171 16C|2P0              0.00832        0.03733        0.20222       -0.19095       -0.11689       -0.01872
    172 16C|3P0              0.00305        0.01941        0.12870       -0.13210       -0.07878       -0.01452
    173 16C|2P1              0.01680       -0.01252       -0.03490       -0.00144        0.00936       -0.00949
    174 16C|3P1              0.03202        0.01623       -0.03582       -0.00529        0.00159       -0.00968
    175 16C|3D-2             0.00245        0.00268       -0.00170       -0.00043       -0.00427        0.00885
    176 16C|3D-1            -0.00189       -0.00161        0.00603       -0.00226        0.00173       -0.00489
    177 16C|3D0              0.00045       -0.00044       -0.00602        0.00155       -0.00298        0.00612
    178 16C|3D1             -0.00127       -0.00149       -0.00650       -0.00162       -0.01166        0.01674
    179 16C|3D2             -0.00374       -0.00534       -0.00375        0.00080       -0.00050        0.00091
    180 17H|1S0             -0.00944        0.00434        0.00444        0.00858       -0.00746        0.00182
    181 17H|2S0             -0.00438        0.00475       -0.01663       -0.02345       -0.00157       -0.00416
    182 17H|2P-1            -0.00016        0.00065        0.00125       -0.00103       -0.00298        0.00394
    183 17H|2P0             -0.00019        0.00007       -0.00007       -0.00395       -0.00717        0.00711
    184 17H|2P1              0.00011        0.00101       -0.00042       -0.00058        0.00125       -0.00121
    185 18C|1S0             -0.00076       -0.00019       -0.00011        0.00014        0.00003       -0.00009
    186 18C|2S0              0.03043        0.02987       -0.00229        0.00222       -0.00222       -0.00223
    187 18C|3S0              0.05610        0.04834        0.00090       -0.00450       -0.00666        0.00216
    188 18C|2P-1             0.07755        0.08576        0.08550       -0.03454        0.03161       -0.09031
    189 18C|3P-1            -0.00381        0.00056        0.06859       -0.02306        0.02469       -0.05876
    190 18C|2P0             -0.04223       -0.01566        0.21701       -0.08383        0.08012       -0.21889
    191 18C|3P0             -0.00471        0.01115        0.13363       -0.06186        0.05058       -0.15752
    192 18C|2P1             -0.00255        0.00653       -0.01163        0.01133       -0.00888        0.01274
    193 18C|3P1             -0.00317       -0.00549       -0.00919        0.00531       -0.00832        0.00926
    194 18C|3D-2             0.00046        0.00036        0.00435       -0.00156       -0.00028       -0.00015
    195 18C|3D-1            -0.00006       -0.00129       -0.00439        0.00963        0.01059       -0.00521
    196 18C|3D0              0.00140        0.00253        0.00429       -0.00853       -0.00883        0.00371
    197 18C|3D1             -0.00118        0.00015        0.00672       -0.00251        0.00109       -0.00377
    198 18C|3D2             -0.00384       -0.00541        0.00079       -0.00549       -0.00504        0.00232
    199 19H|1S0              0.03339        0.04516        0.01207        0.00374        0.00148        0.00755
    200 19H|2S0              0.02803        0.03681        0.01040        0.00663        0.00111        0.00727
    201 19H|2P-1            -0.00007        0.00075        0.00325       -0.00306       -0.00203       -0.00035
    202 19H|2P0             -0.00042        0.00045        0.00739       -0.00745       -0.00461       -0.00079
    203 19H|2P1              0.00057       -0.00013       -0.00054        0.00027        0.00049       -0.00012
    204 20H|1S0              0.00287       -0.01078       -0.00385       -0.00545        0.00284        0.00073
    205 20H|2S0             -0.02817       -0.03911       -0.00006       -0.00410        0.00215        0.00181
    206 20H|2P-1             0.00089        0.00116        0.00316       -0.00143        0.00110       -0.00341
    207 20H|2P0             -0.00058        0.00027        0.00794       -0.00344        0.00277       -0.00831
    208 20H|2P1              0.00202        0.00160       -0.00072        0.00017       -0.00009        0.00053
    209 21Cl|1S0             0.00005        0.00003       -0.00003        0.00003        0.00000       -0.00002
    210 21Cl|2S0             0.00034        0.00018       -0.00025        0.00025        0.00002       -0.00011
    211 21Cl|3S0             0.00073        0.00039       -0.00126        0.00094       -0.00027        0.00103
    212 21Cl|4S0             0.00008        0.00014       -0.00235        0.00011       -0.00020        0.00465
    213 21Cl|2P-1           -0.00119        0.00106       -0.00019        0.00003       -0.00009        0.00012
    214 21Cl|3P-1            0.26462       -0.22833        0.04227       -0.06027        0.08946        0.06195
    215 21Cl|4P-1            0.20801       -0.18160        0.03643       -0.05232        0.07923        0.05448
    216 21Cl|2P0            -0.00030        0.00044        0.00024       -0.00017        0.00010       -0.00004
    217 21Cl|3P0             0.07200       -0.09569       -0.08309        0.14805       -0.21867       -0.14512
    218 21Cl|4P0             0.05629       -0.07590       -0.06894        0.12887       -0.19062       -0.12852
    219 21Cl|2P1            -0.00153        0.00149        0.00000       -0.00002       -0.00002       -0.00005
    220 21Cl|3P1             0.32482       -0.32894        0.02703        0.00061       -0.01030       -0.02194
    221 21Cl|4P1             0.25593       -0.26109        0.02386        0.00150       -0.00765       -0.02160
    222 21Cl|3D-2            0.00088       -0.00143        0.00007       -0.00283        0.00378        0.00256
    223 21Cl|3D-1            0.00254       -0.00188        0.00168       -0.00278        0.00638        0.00714
    224 21Cl|3D0             0.00059       -0.00088        0.00144       -0.00325        0.00669        0.00669
    225 21Cl|3D1             0.00113       -0.00066        0.00133        0.00619       -0.00765       -0.00436
    226 21Cl|3D2            -0.00677        0.00482        0.00097       -0.00120        0.00300        0.00278
    227 22Cl|1S0            -0.00005        0.00003       -0.00003       -0.00003        0.00000        0.00002
    228 22Cl|2S0            -0.00034        0.00018       -0.00025       -0.00025        0.00002        0.00011
    229 22Cl|3S0            -0.00073        0.00039       -0.00126       -0.00094       -0.00027       -0.00103
    230 22Cl|4S0            -0.00008        0.00014       -0.00235       -0.00011       -0.00020       -0.00465
    231 22Cl|2P-1           -0.00120       -0.00106        0.00019        0.00003        0.00009        0.00012
    232 22Cl|3P-1            0.26481        0.22811       -0.04228       -0.06029       -0.08944        0.06196
    233 22Cl|4P-1            0.20817        0.18143       -0.03643       -0.05233       -0.07921        0.05448
    234 22Cl|2P0             0.00030        0.00044        0.00024        0.00017        0.00010        0.00004
    235 22Cl|3P0            -0.07209       -0.09563       -0.08309       -0.14809       -0.21862        0.14514
    236 22Cl|4P0            -0.05636       -0.07586       -0.06894       -0.12891       -0.19058        0.12854
    237 22Cl|2P1            -0.00153       -0.00148       -0.00000       -0.00002        0.00002       -0.00005
    238 22Cl|3P1             0.32509        0.32865       -0.02703        0.00062        0.01030       -0.02194
    239 22Cl|4P1             0.25614        0.26087       -0.02386        0.00151        0.00764       -0.02159
    240 22Cl|3D-2           -0.00088       -0.00143        0.00007        0.00283        0.00378       -0.00256
    241 22Cl|3D-1            0.00254        0.00188       -0.00168       -0.00278       -0.00638        0.00714
    242 22Cl|3D0            -0.00059       -0.00088        0.00144        0.00325        0.00669       -0.00669
    243 22Cl|3D1             0.00113        0.00066       -0.00132        0.00619        0.00765       -0.00436
    244 22Cl|3D2             0.00677        0.00481        0.00097        0.00120        0.00300       -0.00278
 
         Orbital                58             59             60             61             62             63
         Energy             -0.04624       -0.02359       -0.02317        0.00290        0.02931        0.03354
         Occ No.             0.00000        0.00000        0.00000        0.00000        0.00000        0.00000
      1 1C|1S0              -0.00038       -0.00075       -0.00058        0.00018        0.00383       -0.00884
      2 1C|2S0               0.00538        0.00163       -0.00016       -0.00687       -0.05094        0.03603
      3 1C|3S0               0.03330        0.03940        0.01168       -0.04535       -0.32914        0.45196
      4 1C|2P-1              0.04415       -0.08512        0.08465        0.05981       -0.00935        0.02491
      5 1C|3P-1              0.06084       -0.12056        0.13544        0.06545       -0.06104        0.01217
      6 1C|2P0              -0.10668        0.20460       -0.20970       -0.15055       -0.01602        0.00622
      7 1C|3P0              -0.13849        0.26011       -0.25561       -0.21294       -0.04322        0.00554
      8 1C|2P1              -0.01820        0.00224       -0.02244        0.00973       -0.03261        0.05208
      9 1C|3P1              -0.03883        0.00269       -0.04301        0.03345       -0.03655        0.02693
     10 1C|3D-2             -0.01010       -0.00479        0.00690       -0.00467        0.00224       -0.00394
     11 1C|3D-1             -0.00680        0.00267       -0.00205       -0.00955        0.00454       -0.00336
     12 1C|3D0              -0.00813       -0.00032       -0.00106       -0.01021       -0.00363       -0.00246
     13 1C|3D1               0.01783        0.01475       -0.01288        0.01498        0.00563        0.00003
     14 1C|3D2              -0.00184        0.00095       -0.00242       -0.00287       -0.00903        0.01032
     15 2C|1S0               0.00004        0.00083       -0.00068       -0.00018        0.00382       -0.00255
     16 2C|2S0               0.00134       -0.00405       -0.00925       -0.00141       -0.00975        0.01692
     17 2C|3S0               0.00337       -0.03820        0.02811       -0.00028       -0.15113        0.05458
     18 2C|2P-1             -0.09631       -0.00483       -0.00254       -0.09285       -0.05267        0.03453
     19 2C|3P-1             -0.11038       -0.01079       -0.00986       -0.14672       -0.11048        0.09551
     20 2C|2P0               0.23957        0.00982        0.00271        0.23924        0.02665        0.02524
     21 2C|3P0               0.30371        0.01777       -0.00471        0.34127        0.03519        0.04765
     22 2C|2P1               0.01437        0.00272        0.00257        0.02153       -0.07402        0.08496
     23 2C|3P1               0.01594        0.01408       -0.01226        0.03650       -0.18052        0.28042
     24 2C|3D-2             -0.00338        0.00296       -0.00150       -0.00450        0.01398       -0.01496
     25 2C|3D-1             -0.00029        0.01795       -0.01881        0.00221       -0.00311        0.00575
     26 2C|3D0              -0.00123        0.01603       -0.01687        0.00067       -0.00502        0.00818
     27 2C|3D1               0.00759       -0.00137        0.00227        0.01028        0.00578       -0.00333
     28 2C|3D2               0.00142        0.01035       -0.00720       -0.00164        0.01926       -0.01922
     29 3C|1S0               0.00050       -0.00066       -0.00080       -0.00077        0.00667       -0.01125
     30 3C|2S0              -0.01206       -0.00024       -0.00289        0.02938       -0.12352        0.10245
     31 3C|3S0              -0.06174        0.03063        0.00769        0.15657       -0.75830        0.83728
     32 3C|2P-1              0.04897        0.09701       -0.08465        0.03362        0.21864       -0.17901
     33 3C|3P-1              0.06746        0.12352       -0.15181        0.02079        0.27798       -0.13409
     34 3C|2P0              -0.08800       -0.22995        0.22616       -0.17433        0.04717       -0.11122
     35 3C|3P0              -0.11006       -0.28370        0.25825       -0.22615        0.05251       -0.10358
     36 3C|2P1              -0.00371       -0.02864        0.00061       -0.00335       -0.16608        0.17754
     37 3C|3P1               0.01535       -0.04466       -0.01775       -0.02875       -0.17547        0.12112
     38 3C|3D-2             -0.00815        0.00496       -0.00831       -0.00006       -0.01210        0.01270
     39 3C|3D-1              0.01445       -0.00019        0.00150        0.01546        0.00595       -0.00103
     40 3C|3D0               0.00934        0.00165       -0.00190        0.01303        0.00044       -0.00153
     41 3C|3D1               0.01731       -0.01599        0.01551        0.01261       -0.00638        0.00359
     42 3C|3D2               0.00850       -0.00118        0.00267        0.00695       -0.00092        0.00568
     43 4C|1S0               0.00075        0.00106        0.00081       -0.00173        0.00151        0.00069
     44 4C|2S0               0.01898       -0.00580       -0.00842       -0.02991       -0.00360        0.03281
     45 4C|3S0               0.04483       -0.03552       -0.00604       -0.05298       -0.00870       -0.00089
     46 4C|2P-1              0.08851       -0.06420        0.10595        0.00144        0.04488       -0.05073
     47 4C|3P-1              0.10878       -0.07812        0.24342        0.01815        0.14618       -0.23111
     48 4C|2P0              -0.15236        0.20282       -0.19331       -0.08375        0.04226        0.00032
     49 4C|3P0              -0.17485        0.28513       -0.21109       -0.12037        0.08023       -0.05904
     50 4C|2P1              -0.02896        0.01956       -0.00491        0.01611        0.04502       -0.06027
     51 4C|3P1               0.01270       -0.01120       -0.08407       -0.07318        0.17557       -0.20444
     52 4C|3D-2              0.00790        0.00726       -0.00597        0.00602        0.02376       -0.01833
     53 4C|3D-1              0.00642       -0.00357        0.00636        0.00987        0.00980       -0.00531
     54 4C|3D0               0.00924       -0.00178       -0.00158        0.00841       -0.00152        0.00479
     55 4C|3D1              -0.01596       -0.01534        0.01390       -0.02166        0.00606       -0.00933
     56 4C|3D2               0.00123        0.00010        0.00128        0.00820       -0.01594        0.00725
     57 5C|1S0              -0.00018        0.00590        0.00952        0.00004       -0.00274       -0.00213
     58 5C|2S0              -0.00082        0.00911        0.00747        0.00597       -0.05806        0.00690
     59 5C|3S0              -0.00080       -0.07181       -0.24995        0.01051       -0.03800        0.20076
     60 5C|2P-1             -0.09970       -0.00437        0.00046       -0.11178        0.02769       -0.02311
     61 5C|3P-1             -0.11396        0.00639       -0.00973       -0.09574       -0.03030       -0.01014
     62 5C|2P0               0.22862        0.00732        0.00807        0.26461        0.04156       -0.00609
     63 5C|3P0               0.25352        0.00814        0.02183        0.36872        0.04173       -0.00104
     64 5C|2P1               0.01460       -0.01133        0.01271        0.01536        0.03533        0.05457
     65 5C|3P1               0.01608       -0.01520       -0.10811        0.03693       -0.18394        0.18063
     66 5C|3D-2             -0.00488       -0.00260        0.00464        0.01675       -0.00024       -0.00262
     67 5C|3D-1             -0.00358       -0.01627        0.01814        0.00215       -0.00251        0.00333
     68 5C|3D0               0.00069       -0.01917        0.01410        0.00072       -0.01066       -0.00233
     69 5C|3D1              -0.02530        0.00154       -0.00255        0.01339        0.00110        0.00025
     70 5C|3D2               0.00218       -0.00736        0.01262       -0.00737        0.01686       -0.00869
     71 6C|1S0              -0.00083        0.00117        0.00091        0.00170        0.00059        0.00105
     72 6C|2S0              -0.01871       -0.00718       -0.00808        0.03101       -0.01937        0.04833
     73 6C|3S0              -0.03903       -0.04851       -0.01014        0.04513       -0.01910        0.07135
     74 6C|2P-1              0.08688        0.07293       -0.10201       -0.00099        0.00618        0.02419
     75 6C|3P-1              0.09044        0.07904       -0.23734        0.05862       -0.03229        0.11428
     76 6C|2P0              -0.13318       -0.21332        0.19032       -0.08028       -0.03137       -0.01069
     77 6C|3P0              -0.15270       -0.28583        0.20100       -0.11193       -0.05093        0.03596
     78 6C|2P1               0.00287       -0.00171        0.02677       -0.02357       -0.00574       -0.02109
     79 6C|3P1              -0.03645       -0.02947        0.01476        0.03191        0.06002       -0.15579
     80 6C|3D-2              0.00494       -0.00458        0.00608        0.00337       -0.00886        0.00338
     81 6C|3D-1             -0.01114        0.00129        0.00015       -0.01740        0.00390       -0.00161
     82 6C|3D0              -0.00923       -0.00168       -0.00261       -0.00800       -0.00355        0.00179
     83 6C|3D1              -0.01412        0.01395       -0.01462       -0.01460       -0.00593        0.00097
     84 6C|3D2              -0.00589        0.00412       -0.00327       -0.00975       -0.00571       -0.00020
     85 7H|1S0              -0.00767        0.00303        0.00375        0.00493        0.04766       -0.04382
     86 7H|2S0              -0.01405        0.00941        0.00657        0.01799        0.33139       -0.33077
     87 7H|2P-1              0.00190       -0.00392        0.00459        0.00336        0.00290       -0.00146
     88 7H|2P0              -0.00508        0.01072       -0.01084       -0.00805        0.00056       -0.00081
     89 7H|2P1              -0.00062        0.00049       -0.00040        0.00021       -0.00102        0.00243
     90 8H|1S0               0.00194        0.00746        0.00773       -0.00703        0.05927       -0.06747
     91 8H|2S0               0.00276        0.01685        0.03153       -0.02565        0.40435       -0.48020
     92 8H|2P-1             -0.00491       -0.00023        0.00009       -0.00476       -0.00055       -0.00070
     93 8H|2P0               0.01162        0.00068        0.00003        0.01306        0.00196        0.00103
     94 8H|2P1               0.00094        0.00005        0.00053        0.00024        0.00410       -0.00534
     95 9H|1S0               0.00811       -0.00805        0.00297       -0.01443        0.06933       -0.05452
     96 9H|2S0               0.03042        0.04956        0.13747       -0.05023        0.36938       -0.42654
     97 9H|2P-1              0.00421       -0.00502        0.00396        0.00089       -0.00536        0.00528
     98 9H|2P0              -0.00679        0.01060       -0.01060       -0.00526       -0.00141        0.00211
     99 9H|2P1              -0.00038       -0.00194       -0.00179       -0.00062       -0.00156        0.00139
    100 10H|1S0             -0.00563       -0.00949        0.00120        0.00470        0.03068       -0.01466
    101 10H|2S0             -0.02431        0.04855        0.13547       -0.00348        0.13711       -0.27290
    102 10H|2P-1             0.00395        0.00426       -0.00463        0.00051        0.00312       -0.00265
    103 10H|2P0             -0.00592       -0.01112        0.01020       -0.00582        0.00072       -0.00097
    104 10H|2P1             -0.00068       -0.00358       -0.00060        0.00051       -0.00095        0.00190
    105 11C|1S0             -0.00018        0.00593       -0.00950       -0.00004        0.00274       -0.00212
    106 11C|2S0             -0.00084        0.00913       -0.00745       -0.00596        0.05805        0.00698
    107 11C|3S0             -0.00081       -0.07252        0.24976       -0.01052        0.03775        0.20078
    108 11C|2P-1             0.09970        0.00438        0.00046       -0.11179        0.02767        0.02315
    109 11C|3P-1             0.11397       -0.00635       -0.00979       -0.09575       -0.03035        0.01007
    110 11C|2P0              0.22861        0.00739       -0.00807       -0.26461       -0.04155       -0.00614
    111 11C|3P0              0.25351        0.00828       -0.02182       -0.36872       -0.04172       -0.00105
    112 11C|2P1             -0.01461        0.01129        0.01275        0.01537        0.03540       -0.05452
    113 11C|3P1             -0.01608        0.01550       -0.10808        0.03694       -0.18371       -0.18091
    114 11C|3D-2            -0.00488       -0.00258       -0.00465       -0.01675        0.00024       -0.00261
    115 11C|3D-1             0.00359        0.01622        0.01818        0.00215       -0.00251       -0.00333
    116 11C|3D0              0.00069       -0.01913       -0.01415       -0.00072        0.01066       -0.00231
    117 11C|3D1              0.02530       -0.00153       -0.00256        0.01339        0.00110       -0.00025
    118 11C|3D2              0.00218       -0.00732       -0.01264        0.00736       -0.01684       -0.00871
    119 12C|1S0              0.00075        0.00106       -0.00081        0.00173       -0.00152        0.00069
    120 12C|2S0              0.01899       -0.00583        0.00841        0.02990        0.00355        0.03281
    121 12C|3S0              0.04484       -0.03555        0.00594        0.05299        0.00868       -0.00090
    122 12C|2P-1            -0.08850        0.06389        0.10614        0.00146        0.04482        0.05079
    123 12C|3P-1            -0.10876        0.07741        0.24367        0.01816        0.14588        0.23130
    124 12C|2P0             -0.15233        0.20225        0.19391        0.08378       -0.04225        0.00026
    125 12C|3P0             -0.17482        0.28450        0.21193        0.12042       -0.08014       -0.05914
    126 12C|2P1              0.02896       -0.01954       -0.00496        0.01611        0.04494        0.06034
    127 12C|3P1             -0.01273        0.01145       -0.08399       -0.07319        0.17537        0.20474
    128 12C|3D-2             0.00790        0.00724        0.00599       -0.00602       -0.02374       -0.01836
    129 12C|3D-1            -0.00642        0.00355        0.00637        0.00988        0.00979        0.00532
    130 12C|3D0              0.00924       -0.00178        0.00158       -0.00841        0.00151        0.00479
    131 12C|3D1              0.01596        0.01530        0.01395       -0.02166        0.00605        0.00933
    132 12C|3D2              0.00123        0.00011       -0.00128       -0.00820        0.01593        0.00727
    133 13C|1S0             -0.00083        0.00118       -0.00090       -0.00170       -0.00059        0.00105
    134 13C|2S0             -0.01871       -0.00720        0.00806       -0.03101        0.01931        0.04836
    135 13C|3S0             -0.03902       -0.04854        0.00997       -0.04513        0.01901        0.07135
    136 13C|2P-1            -0.08689       -0.07264       -0.10222       -0.00101        0.00621       -0.02418
    137 13C|3P-1            -0.09045       -0.07839       -0.23758        0.05862       -0.03217       -0.11436
    138 13C|2P0             -0.13320       -0.21279       -0.19092        0.08024        0.03138       -0.01065
    139 13C|3P0             -0.15272       -0.28527       -0.20180        0.11188        0.05089        0.03604
    140 13C|2P1             -0.00287        0.00163        0.02677       -0.02357       -0.00577        0.02108
    141 13C|3P1              0.03645        0.02942        0.01482        0.03191        0.05981        0.15585
    142 13C|3D-2             0.00494       -0.00456       -0.00609       -0.00337        0.00885        0.00339
    143 13C|3D-1             0.01114       -0.00129        0.00015       -0.01740        0.00390        0.00162
    144 13C|3D0             -0.00923       -0.00169        0.00261        0.00800        0.00355        0.00179
    145 13C|3D1              0.01412       -0.01391       -0.01466       -0.01460       -0.00593       -0.00098
    146 13C|3D2             -0.00589        0.00411        0.00329        0.00975        0.00571       -0.00019
    147 14C|1S0              0.00050       -0.00066        0.00080        0.00077       -0.00665       -0.01126
    148 14C|2S0             -0.01206       -0.00025        0.00289       -0.02937        0.12339        0.10261
    149 14C|3S0             -0.06176        0.03065       -0.00758       -0.15656        0.75728        0.83832
    150 14C|2P-1            -0.04897       -0.09678       -0.08493        0.03361        0.21839        0.17928
    151 14C|3P-1            -0.06747       -0.12309       -0.15217        0.02079        0.27779        0.13445
    152 14C|2P0             -0.08801       -0.22932       -0.22682        0.17429       -0.04703       -0.11128
    153 14C|3P0             -0.11007       -0.28299       -0.25906        0.22609       -0.05239       -0.10365
    154 14C|2P1              0.00370        0.02865        0.00069       -0.00335       -0.16584       -0.17775
    155 14C|3P1             -0.01536        0.04472       -0.01759       -0.02875       -0.17526       -0.12131
    156 14C|3D-2            -0.00815        0.00493        0.00832        0.00006        0.01208        0.01272
    157 14C|3D-1            -0.01445        0.00018        0.00150        0.01546        0.00595        0.00103
    158 14C|3D0              0.00934        0.00165        0.00190       -0.01303       -0.00043       -0.00153
    159 14C|3D1             -0.01731        0.01595        0.01555        0.01261       -0.00638       -0.00359
    160 14C|3D2              0.00850       -0.00117       -0.00267       -0.00695        0.00092        0.00568
    161 15H|1S0              0.00811       -0.00804       -0.00299        0.01443       -0.06926       -0.05461
    162 15H|2S0              0.03042        0.04996       -0.13735        0.05024       -0.36885       -0.42704
    163 15H|2P-1            -0.00421        0.00501        0.00398        0.00089       -0.00536       -0.00529
    164 15H|2P0             -0.00678        0.01057        0.01063        0.00526        0.00140        0.00212
    165 15H|2P1              0.00037        0.00194       -0.00179       -0.00062       -0.00156       -0.00139
    166 16C|1S0             -0.00038       -0.00075        0.00058       -0.00018       -0.00381       -0.00885
    167 16C|2S0              0.00538        0.00163        0.00017        0.00687        0.05090        0.03610
    168 16C|3S0              0.03329        0.03943       -0.01156        0.04535        0.32857        0.45240
    169 16C|2P-1            -0.04415        0.08487        0.08491        0.05983       -0.00932       -0.02493
    170 16C|3P-1            -0.06084        0.12017        0.13581        0.06548       -0.06102       -0.01225
    171 16C|2P0             -0.10666        0.20397        0.21029        0.15059        0.01602        0.00625
    172 16C|3P0             -0.13847        0.25933        0.25636        0.21300        0.04323        0.00560
    173 16C|2P1              0.01819       -0.00217       -0.02245        0.00973       -0.03255       -0.05212
    174 16C|3P1              0.03883       -0.00257       -0.04302        0.03346       -0.03653       -0.02699
    175 16C|3D-2            -0.01010       -0.00477       -0.00691        0.00467       -0.00223       -0.00394
    176 16C|3D-1             0.00680       -0.00266       -0.00205       -0.00955        0.00453        0.00336
    177 16C|3D0             -0.00813       -0.00033        0.00106        0.01021        0.00363       -0.00246
    178 16C|3D1             -0.01783       -0.01472       -0.01292        0.01498        0.00563       -0.00002
    179 16C|3D2             -0.00184        0.00095        0.00242        0.00287        0.00902        0.01034
    180 17H|1S0             -0.00563       -0.00948       -0.00122       -0.00470       -0.03066       -0.01470
    181 17H|2S0             -0.02431        0.04894       -0.13531        0.00349       -0.13678       -0.27309
    182 17H|2P-1            -0.00395       -0.00424       -0.00464        0.00051        0.00312        0.00265
    183 17H|2P0             -0.00592       -0.01109       -0.01023        0.00582       -0.00071       -0.00097
    184 17H|2P1              0.00068        0.00358       -0.00059        0.00051       -0.00094       -0.00190
    185 18C|1S0              0.00004        0.00083        0.00068        0.00018       -0.00382       -0.00255
    186 18C|2S0              0.00134       -0.00407        0.00924        0.00141        0.00973        0.01694
    187 18C|3S0              0.00336       -0.03812       -0.02823        0.00029        0.15108        0.05480
    188 18C|2P-1             0.09631        0.00485       -0.00253       -0.09285       -0.05263       -0.03460
    189 18C|3P-1             0.11037        0.01085       -0.00983       -0.14672       -0.11035       -0.09565
    190 18C|2P0              0.23957        0.00987       -0.00270       -0.23924       -0.02667        0.02521
    191 18C|3P0              0.30371        0.01780        0.00473       -0.34127       -0.03525        0.04761
    192 18C|2P1             -0.01437       -0.00272        0.00256        0.02153       -0.07391       -0.08506
    193 18C|3P1             -0.01593       -0.01405       -0.01231        0.03651       -0.18019       -0.28067
    194 18C|3D-2            -0.00338        0.00296        0.00151        0.00450       -0.01396       -0.01498
    195 18C|3D-1             0.00029       -0.01790       -0.01887        0.00220       -0.00310       -0.00576
    196 18C|3D0             -0.00123        0.01598        0.01691       -0.00067        0.00501        0.00818
    197 18C|3D1             -0.00759        0.00136        0.00227        0.01028        0.00578        0.00334
    198 18C|3D2              0.00142        0.01033        0.00723        0.00164       -0.01924       -0.01924
    199 19H|1S0             -0.00767        0.00305       -0.00373       -0.00493       -0.04760       -0.04388
    200 19H|2S0             -0.01405        0.00943       -0.00653       -0.01798       -0.33100       -0.33122
    201 19H|2P-1            -0.00190        0.00390        0.00461        0.00336        0.00289        0.00147
    202 19H|2P0             -0.00508        0.01068        0.01087        0.00805       -0.00056       -0.00081
    203 19H|2P1              0.00061       -0.00048       -0.00040        0.00021       -0.00101       -0.00243
    204 20H|1S0              0.00194        0.00749       -0.00771        0.00703       -0.05918       -0.06754
    205 20H|2S0              0.00276        0.01694       -0.03149        0.02566       -0.40376       -0.48075
    206 20H|2P-1             0.00491        0.00023        0.00009       -0.00476       -0.00055        0.00070
    207 20H|2P0              0.01162        0.00068       -0.00003       -0.01306       -0.00196        0.00103
    208 20H|2P1             -0.00094       -0.00005        0.00053        0.00024        0.00409        0.00535
    209 21Cl|1S0            -0.00004       -0.00005        0.00002        0.00065       -0.00471        0.00394
    210 21Cl|2S0            -0.00005       -0.00023        0.00026        0.00376       -0.02790        0.02300
    211 21Cl|3S0             0.00593        0.00208        0.00389       -0.01191        0.06437       -0.06225
    212 21Cl|4S0             0.01645        0.00879        0.00180       -0.06524        0.40722       -0.34692
    213 21Cl|2P-1            0.00005       -0.00013       -0.00007       -0.00022        0.00001        0.00028
    214 21Cl|3P-1           -0.00133       -0.02378        0.03482       -0.04476        0.15717       -0.15605
    215 21Cl|4P-1           -0.00255       -0.03392        0.05291       -0.08101        0.34561       -0.33132
    216 21Cl|2P0             0.00013        0.00027       -0.00037        0.00015        0.00006        0.00015
    217 21Cl|3P0             0.03514        0.07067       -0.06180        0.03041        0.08844       -0.06688
    218 21Cl|4P0             0.05124        0.10699       -0.09225        0.04242        0.18783       -0.14431
    219 21Cl|2P1            -0.00014       -0.00011        0.00011        0.00024        0.00006       -0.00021
    220 21Cl|3P1            -0.01165       -0.00044       -0.01231        0.03213       -0.14051        0.12995
    221 21Cl|4P1            -0.01781        0.00127       -0.01289        0.06190       -0.31214        0.27914
    222 21Cl|3D-2           -0.00305       -0.00733        0.01097       -0.01913        0.06205       -0.06471
    223 21Cl|3D-1           -0.00381       -0.02122        0.01876       -0.00592       -0.03401        0.02871
    224 21Cl|3D0            -0.00323       -0.01947        0.02054       -0.01472        0.01777       -0.02318
    225 21Cl|3D1             0.01470        0.01625       -0.01321        0.01601        0.03453       -0.02681
    226 21Cl|3D2            -0.00139       -0.00893        0.00885       -0.00286        0.00801       -0.01350
    227 22Cl|1S0            -0.00004       -0.00005       -0.00002       -0.00065        0.00470        0.00395
    228 22Cl|2S0            -0.00005       -0.00022       -0.00027       -0.00375        0.02787        0.02304
    229 22Cl|3S0             0.00593        0.00209       -0.00388        0.01191       -0.06429       -0.06233
    230 22Cl|4S0             0.01646        0.00880       -0.00176        0.06523       -0.40678       -0.34747
    231 22Cl|2P-1           -0.00005        0.00013       -0.00007       -0.00022        0.00001       -0.00028
    232 22Cl|3P-1            0.00133        0.02368        0.03489       -0.04475        0.15696        0.15625
    233 22Cl|4P-1            0.00256        0.03378        0.05300       -0.08099        0.34517        0.33177
    234 22Cl|2P0             0.00013        0.00027        0.00037       -0.00015       -0.00006        0.00015
    235 22Cl|3P0             0.03514        0.07050        0.06201       -0.03040       -0.08834       -0.06699
    236 22Cl|4P0             0.05125        0.10674        0.09257       -0.04241       -0.18763       -0.14455
    237 22Cl|2P1             0.00014        0.00010        0.00011        0.00024        0.00006        0.00021
    238 22Cl|3P1             0.01165        0.00047       -0.01231        0.03212       -0.14034       -0.13013
    239 22Cl|4P1             0.01782       -0.00123       -0.01289        0.06189       -0.31178       -0.27956
    240 22Cl|3D-2           -0.00305       -0.00730       -0.01099        0.01913       -0.06197       -0.06479
    241 22Cl|3D-1            0.00381        0.02117        0.01882       -0.00592       -0.03397       -0.02875
    242 22Cl|3D0            -0.00324       -0.01941       -0.02060        0.01472       -0.01774       -0.02321
    243 22Cl|3D1            -0.01470       -0.01622       -0.01326        0.01601        0.03450        0.02685
    244 22Cl|3D2            -0.00139       -0.00890       -0.00887        0.00286       -0.00799       -0.01351
 
 
 [Mulliken Population Analysis]
  Atomic charges: 
     1C       0.0547
     2C       0.1263
     3C      -0.1467
     4C       0.1347
     5C       0.0082
     6C       0.0352
     7H      -0.0239
     8H      -0.0271
     9H      -0.0355
    10H      -0.0398
    11C       0.0081
    12C       0.1347
    13C       0.0352
    14C      -0.1466
    15H      -0.0355
    16C       0.0547
    17H      -0.0398
    18C       0.1263
    19H      -0.0239
    20H      -0.0271
    21Cl     -0.0860
    22Cl     -0.0860
     Sum:    -0.0000
 
 [Lowdin Population Analysis]
  Atomic charges: 
     1C      -0.0133
     2C      -0.0317
     3C      -0.1401
     4C      -0.0252
     5C      -0.0129
     6C      -0.0179
     7H       0.0314
     8H       0.0302
     9H       0.0283
    10H       0.0274
    11C      -0.0129
    12C      -0.0252
    13C      -0.0179
    14C      -0.1401
    15H       0.0283
    16C      -0.0133
    17H       0.0274
    18C      -0.0316
    19H       0.0314
    20H       0.0302
    21Cl      0.1240
    22Cl      0.1240
     Sum:    -0.0000
 
 
 [Dipole moment: Debye]
              X          Y          Z         |u|
   Elec:-.8880E-04 0.9486E-04 0.1107E+01
   Nucl:0.7224E-13 0.7224E-13 0.7224E-13
   Totl:   -0.0001     0.0001     1.1071     1.1071
 
 ++++++++  DATA CHECK +++++++++++++++++++++++++++++++++
  CHECKDATA:HF:ENERGY:  -1382.566322407
 ++++++++++ END DATA CHECK ++++++++++++++++++++++++++++
 
 
 ---------------------------------------------------------------
  Timing of SCF calculation                                                       
 
  CPU TIME(S)      SYSTEM TIME(S)     WALL TIME(S)
        202.850            0.480              25.530
 ---------------------------------------------------------------
 
|******************************************************************************|
 
    Total cpu     time:        202.88  S
    Total system  time:          0.49  S
    Total wall    time:         25.53  S
 
    Current time   2022-05-04  12:27:39
    End running module scf
|******************************************************************************|
 
('/scratch/2,7-dicl-dibenzene_503', '/apps/users/lcz/task2/section1/isomer1/B3LYP_cc-pVDZ/BDF')
 Warning! Removing scratch files. If you would like to keep scratch files for restaring. Please use -keeptmpdir

Sender: Unischeduler System <lcz@mgt01>
Subject: Job 127775: <#!/bin/bash
#BSUB -J intel
#BSUB -o 2,7-dicl-dibenzene.out
#BSUB -n 8
#BSUB -q cqueue
#BSUB -R span[hosts=1]
export BDFHOME=/apps/users/lcz/bdf-pkg
export BDF_TMPDIR=/scratch/2,7-dicl-dibenzene_503
export USE_LIBCINT=no
export LD_LIBRARY_PATH=/apps/users/lcz/bdf-pkg/extlibs:/apps/users/lcz/bdf-pkg/libso:/apps/software/intel2019/mkl/lib/intel64:/apps/software/intel2019/compilers_and_libraries_2019/linux/lib/intel64:$LD_LIBRARY_PATH
ulimit -s unlimited
ulimit -t unlimited
export OMP_NUM_THREADS=8
export OMP_STACKSIZE=20G
/apps/users/lcz/bdf-pkg/sbin/bdfdrv.py -tmpdir /scratch/2,7-dicl-dibenzene_503 -r 2,7-dicl-dibenzene.inp > 2,7-dicl-dibenzene.out
rm -rf .2,7-dicl-dibenzene.wrk> Done

Job <#!/bin/bash
#BSUB -J intel
#BSUB -o 2,7-dicl-dibenzene.out
#BSUB -n 8
#BSUB -q cqueue
#BSUB -R span[hosts=1]
export BDFHOME=/apps/users/lcz/bdf-pkg
export BDF_TMPDIR=/scratch/2,7-dicl-dibenzene_503
export USE_LIBCINT=no
export LD_LIBRARY_PATH=/apps/users/lcz/bdf-pkg/extlibs:/apps/users/lcz/bdf-pkg/libso:/apps/software/intel2019/mkl/lib/intel64:/apps/software/intel2019/compilers_and_libraries_2019/linux/lib/intel64:$LD_LIBRARY_PATH
ulimit -s unlimited
ulimit -t unlimited
export OMP_NUM_THREADS=8
export OMP_STACKSIZE=20G
/apps/users/lcz/bdf-pkg/sbin/bdfdrv.py -tmpdir /scratch/2,7-dicl-dibenzene_503 -r 2,7-dicl-dibenzene.inp > 2,7-dicl-dibenzene.out
rm -rf .2,7-dicl-dibenzene.wrk> was submitted from host <mgt01> by user <lcz>.
Job was executed on host(s) <8*cnode02>, in queue <cqueue>, as user <lcz>.
</apps/users/lcz> was used as the home directory.
</apps/users/lcz/task2/section1/isomer1/B3LYP_cc-pVDZ/BDF> was used as the working directory.
Started at 2022-05-04 12:27:13
Results reported at 2022-05-04 12:27:39

Your job looked like:

------------------------------------------------------------
# User input
#!/bin/bash
#BSUB -J intel
#BSUB -o 2,7-dicl-dibenzene.out
#BSUB -n 8
#BSUB -q cqueue
#BSUB -R span[hosts=1]
export BDFHOME=/apps/users/lcz/bdf-pkg
export BDF_TMPDIR=/scratch/2,7-dicl-dibenzene_503
export USE_LIBCINT=no
export LD_LIBRARY_PATH=/apps/users/lcz/bdf-pkg/extlibs:/apps/users/lcz/bdf-pkg/libso:/apps/software/intel2019/mkl/lib/intel64:/apps/software/intel2019/compilers_and_libraries_2019/linux/lib/intel64:$LD_LIBRARY_PATH
ulimit -s unlimited
ulimit -t unlimited
export OMP_NUM_THREADS=8
export OMP_STACKSIZE=20G
/apps/users/lcz/bdf-pkg/sbin/bdfdrv.py -tmpdir /scratch/2,7-dicl-dibenzene_503 -r 2,7-dicl-dibenzene.inp > 2,7-dicl-dibenzene.out
rm -rf .2,7-dicl-dibenzene.wrk
------------------------------------------------------------

Successfully completed.

Resource usage summary:

    CPU time   :          192.54 sec.
    Max Memory :               326 MB
    Max Processes  :               5


The output (if any) follows:

