#!awk.bdf.output
====================== BDF version information ============================
commit 15a5aac1bbb5a2a101a9aa715fa1cdc141611229
Author: Yibo Lei <leiyb@nwu.edu.cn>
Date:   Sun Jan 16 18:50:00 2022 +0800

    change Vircut to VSD and add Pre-CMO by MCSCF MOs and refine ploop search of xianci
===========================================================================
BDFHOME =  /apps/software/bdf-pkg
BDF_TMPDIR = /tmp
BDF_MPIRUN =  None
BDF_MPIROOT =  None
|---------------------------------------------------------------------|
 Could not find mpirun. Set to serial running ...


(' BDFHOME     = ', '/apps/users/lcz/bdf-pkg')
(' BDF_WORKDIR = ', '/apps/users/lcz/exe9/task1/bdf/bivinyl')
(' BDF_TMPDIR  = ', '/scratch/trans-1,3-bivinyl-rhf_496')
(' BDFTASK     = ', 'trans-1,3-bivinyl-rhf')

  BDF parallel running information ...
('  BDF_MASTER_NODE', 'cnode07')
('  BDF_MPIROOT = ', 'None')
  Total number of computational nodes   = 1
  Number of processes per node          = 1
  Number of openmp threads per process  = 8


('  Singlepoint_task = ', True)
('  Fragmp2_task     = ', False)


$compass
title
trans-1,3-bivinyl rhf ground state sp
basis
cc-pvdz
geometry
C -6.64118154871840 -1.62152199820221 -0.00000009697356
H -6.14278421708044 -2.59598105665497 -0.00000014220472
H -7.73333554424968 -1.61977238029341 -0.00000042278070
C -5.93549956067656 -0.47904328673011 0.00000030766916
H -6.46384951769643 0.48219250457623 0.00000027918139
C -4.47901443536966 -0.41544209462766 0.00000033271928
H -3.95066484182954 -1.37667808135024 0.00000039582290
C -3.77333222954333 0.72703646535930 -0.00000006376917
H -4.27172926240940 1.70149564387711 -0.00000005020219
H -2.68117824242655 0.72528655404596 -0.00000053946240
end geometry
nosymm
saorb
$end
$xuanyuan
$end
$scf
rhf
charge
0
molden
$end
('tmpstdin ', True)
('npro is ', 1)
('\n BDF command: ', '/apps/users/lcz/bdf-pkg/bin/compass.x /scratch/trans-1,3-bivinyl-rhf_496/trans-1,3-bivinyl-rhfXX0.compass.inp')
  BDF process        0 of        1 on Serial  
 
|******************************************************************************|
 
    Start running module compass
    Current time   2022-04-23  12:26:01
 
|******************************************************************************|

 ++++++++++ Reading compass input ++++++++++++++++++
 TITLE
 BASIS
 Input Basis set is cc-pVDZ
 Spherical GTO 5d,7f
 GEOMETRY
 C      -6.64118155     -1.62152200     -0.00000010
 H      -6.14278422     -2.59598106     -0.00000014
 H      -7.73333554     -1.61977238     -0.00000042
 C      -5.93549956     -0.47904329      0.00000031
 H      -6.46384952      0.48219250      0.00000028
 C      -4.47901444     -0.41544209      0.00000033
 H      -3.95066484     -1.37667808      0.00000040
 C      -3.77333223      0.72703647     -0.00000006
 H      -4.27172926      1.70149564     -0.00000005
 H      -2.68117824      0.72528655     -0.00000054
 Number of atoms:       10
 NOSYMM
 SAORB
 $END
 ++++++++++ End of reading compass input +++++++++++++


|-------------------------------------------------------------------------------------------|

 Atom           Cartcoord(Bohr)                 Charge Basis Auxbas Uatom Nstab Alink  Mass
  C      -12.550014    -3.064232    -0.000000     6.00    1     0     0     0   E     11.9967
  H      -11.608180    -4.905693    -0.000000     1.00    2     0     0     0   E      1.0073
  H      -14.613886    -3.060926    -0.000001     1.00    2     0     0     0   E      1.0073
  C      -11.216469    -0.905261     0.000001     6.00    1     0     0     0   E     11.9967
  H      -12.214905     0.911212     0.000001     1.00    2     0     0     0   E      1.0073
  C       -8.464111    -0.785072     0.000001     6.00    1     0     0     0   E     11.9967
  H       -7.465675    -2.601545     0.000001     1.00    2     0     0     0   E      1.0073
  C       -7.130564     1.373900    -0.000000     6.00    1     0     0     0   E     11.9967
  H       -8.072398     3.215361    -0.000000     1.00    2     0     0     0   E      1.0073
  H       -5.066693     1.370593    -0.000001     1.00    2     0     0     0   E      1.0073
 
|--------------------------------------------------------------------------------------------|

  End of reading atomic basis sets ..
 Printing basis sets for checking ....

 Atomic label:  C    6
 Maximum L  2 9s4p1d ----> 3s2p1d NBF =  14
 #--->s function
      Exp Coef          Norm Coef       Con Coef
          6665.000000   0.186365E+04    0.000692   -0.000293    0.000000
          1000.000000   0.449278E+03    0.005326   -0.002318    0.000000
           228.000000   0.148240E+03    0.027061   -0.011500    0.000000
            64.710000   0.576426E+02    0.101657   -0.046827    0.000000
            21.060000   0.248376E+02    0.274575   -0.128466    0.000000
             7.495000   0.114444E+02    0.448294   -0.301266    0.000000
             2.797000   0.546430E+01    0.284903   -0.255631    0.000000
             0.521500   0.155044E+01    0.015195    1.093793    0.000000
             0.159600   0.637954E+00    0.000000    0.000000    1.000000
 #--->p function
      Exp Coef          Norm Coef       Con Coef
             9.439000   0.482661E+02    0.056979    0.000000
             2.002000   0.694727E+01    0.313207    0.000000
             0.545600   0.136797E+01    0.760377    0.000000
             0.151700   0.276195E+00    0.000000    1.000000
 #--->d function
      Exp Coef          Norm Coef       Con Coef
             0.550000   0.916567E+00    1.000000
 

 Atomic label:  H    1
 Maximum L  1 4s1p ----> 2s1p NBF =   5
 #--->s function
      Exp Coef          Norm Coef       Con Coef
            13.010000   0.173070E+02    0.033499    0.000000
             1.962000   0.418831E+01    0.234801    0.000000
             0.444600   0.137560E+01    0.813683    0.000000
             0.122000   0.521537E+00    0.000000    1.000000
 #--->p function
      Exp Coef          Norm Coef       Con Coef
             0.727000   0.195840E+01    1.000000
 
 
 Atomic masses
   11.9967    1.0073    1.0073   11.9967    1.0073
   11.9967    1.0073   11.9967    1.0073    1.0073

 Molecular center of mass
        -9.84028948    -0.84516628     0.00000018

 Molecular center of nuclear charge
        -9.84028948    -0.84516630     0.00000015
 [molesym]
 Representation generated
 C|1|)|                     1
 Symmetry check OK
  Number of symmery unique centers:                     10

|-------------------------------------------------------------------------------------------|

 Atom           Cartcoord(Bohr)                 Charge Basis Auxbas Uatom Nstab Alink  Mass
  C      -12.550014    -3.064232    -0.000000     6.00    1     0     0     0   E     11.9967
  H      -11.608180    -4.905693    -0.000000     1.00    2     0     0     0   E      1.0073
  H      -14.613886    -3.060926    -0.000001     1.00    2     0     0     0   E      1.0073
  C      -11.216469    -0.905261     0.000001     6.00    1     0     0     0   E     11.9967
  H      -12.214905     0.911212     0.000001     1.00    2     0     0     0   E      1.0073
  C       -8.464111    -0.785072     0.000001     6.00    1     0     0     0   E     11.9967
  H       -7.465675    -2.601545     0.000001     1.00    2     0     0     0   E      1.0073
  C       -7.130564     1.373900    -0.000000     6.00    1     0     0     0   E     11.9967
  H       -8.072398     3.215361    -0.000000     1.00    2     0     0     0   E      1.0073
  H       -5.066693     1.370593    -0.000001     1.00    2     0     0     0   E      1.0073
 
|--------------------------------------------------------------------------------------------|

Number of irreps:    1
IRREP:   1   1   1
DIMEN:   1   1   1

 Irreps of multipole moment operators ...
 Operator  Component    Irrep       Row
  Dipole       x           A           1
  Dipole       y           A           1
  Dipole       z           A           1
  Quadpole     xx          A           1
  Quadpole     xy          A           1
  Quadpole     yy          A           1
  Quadpole     xz          A           1
  Quadpole     yz          A           1
  Quadpole     zz          A           1
 
 Generate symmetry adapted orbital ...
 Print Multab
  1

|--------------------------------------------------|
         Symmetry adapted orbital                   

  Irrep : A 

Total number of basis functions:      86      86

  Irrep :     A
  Norb  :     86
|--------------------------------------------------|

Total number of shells:       24
 R max for this shell (Bohr)   12.5599999999998       9.691695042155263E-011
 R max for this shell (Bohr)   12.6699999999998       9.644888246466983E-011
 R max for this shell (Bohr)   6.99999999999994       9.556501796124278E-011
 R max for this shell (Bohr)   14.0099999999998       3.009977724958305E-010
 R max for this shell (Bohr)   5.92999999999996       9.975876222407632E-011
 
Number of atoms:      10
Number of basis functions:      86
 
|******************************************************************************|
 
    Total cpu     time:          0.01  S
    Total system  time:          0.01  S
    Total wall    time:          0.75  S
 
    Current time   2022-04-23  12:26:02
    End running module compass
|******************************************************************************|
 
 Filename: /scratch/trans-1,3-bivinyl-rhf_496/trans-1,3-bivinyl-rhf.undmol mode: w+b 
BDFTASK: trans-1,3-bivinyl-rhf 
INPUT FILE: trans-1,3-bivinyl-rhf.undmolinp 
 Scratch dir: trans-1,3-bivinyl-rhf 
 Scratch dir: trans-1,3-bivinyl-rhf 
string trans-1,3-bivinyl-rhf.undmolinp len 31 
 Filename: trans-1,3-bivinyl-rhf.chkfil mode: rb 

 Read data from check file! 
Found string UNDMOLIN at position 10 
Idisk 2375808 
Number of irreps: 1, number of basis: 86 
irrep: 1, num: 86 
char= (A) 
char= ( ) 
j= 1 
rpmname: a 
('tmpstdin ', True)
('npro is ', 1)
('\n BDF command: ', '/apps/users/lcz/bdf-pkg/bin/xuanyuan.x /scratch/trans-1,3-bivinyl-rhf_496/trans-1,3-bivinyl-rhfXX1.xuanyuan.inp')
  BDF process        0 of        1 on Serial  
 
|******************************************************************************|
 
    Start running module xuanyuan
    Current time   2022-04-23  12:26:02
 
|******************************************************************************|

|-------------------------------------------------------------------------------------------|

 Atom           Cartcoord(Bohr)                 Charge Basis Auxbas Uatom Nstab Alink  Mass
  C      -12.550014    -3.064232    -0.000000     6.00    1     0     1     1   E     11.9967
  H      -11.608180    -4.905693    -0.000000     1.00    2     0     1     1   E      1.0073
  H      -14.613886    -3.060926    -0.000001     1.00    2     0     1     1   E      1.0073
  C      -11.216469    -0.905261     0.000001     6.00    1     0     1     1   E     11.9967
  H      -12.214905     0.911212     0.000001     1.00    2     0     1     1   E      1.0073
  C       -8.464111    -0.785072     0.000001     6.00    1     0     1     1   E     11.9967
  H       -7.465675    -2.601545     0.000001     1.00    2     0     1     1   E      1.0073
  C       -7.130564     1.373900    -0.000000     6.00    1     0     1     1   E     11.9967
  H       -8.072398     3.215361    -0.000000     1.00    2     0     1     1   E      1.0073
  H       -5.066693     1.370593    -0.000001     1.00    2     0     1     1   E      1.0073
 
|--------------------------------------------------------------------------------------------|

 $xuanyuan                                                                      
                                          
 $end                                                                           
                                          
  Mass polarization term:  F
 Total nuclear charge :         30.00
 Nuclear repulsion energy :     103.3351396400 a.u.

 Total number of primitive  basis sets :          146
 Total number of prim-cart  basis sets :          150
 Total number of contracted basis sets :           86

  Estimate memory for calculating 2e integrals...
 Minium memory to calculate ERIs:        0.960 M

[aoint_1e]
  Calculating one electron integrals ...
  S T and V integrals ....
  Dipole and Quadupole integrals ....
  Finish calculating one electron integrals ...
 
 ---------------------------------------------------------------
  Timing to calculate 1-electronic integrals                                      
 
  CPU TIME(S)      SYSTEM TIME(S)     WALL TIME(S)
          0.020            0.090               0.020
 ---------------------------------------------------------------
 
 Finish calculating 1e integral ...
 Character Table
    1
 
 Total number of electronic repulsion integrals       6999411
 
 Number  of  symmetry adapted ERIs:             6999411
 Actual  Memory  of  SO-ERI buffer:       7 M
 Optimized Memory of SO-ERI buffer:       7 M
 
 Calculating ERIs...
 
 ---------------------------------------------------------------
  Timing to calculate 2-electronic integrals                                      
 
  CPU TIME(S)      SYSTEM TIME(S)     WALL TIME(S)
          2.300            0.440               1.350
 ---------------------------------------------------------------
 
 Symadpt    time      0.160     0.020     0.080
 Indices    time      0.410     0.020     0.260
 Sort save  time      0.030     0.100     0.120
 ERI total  time      0.850     0.110     0.610
 Zeta & Rys time      0.000     0.000     0.000
 2D         time      0.000     0.000     0.000
 2D-6D      time      0.000     0.000     0.000
 6D cntr    time      0.000     0.000     0.000
 HRR        time      0.000     0.000     0.000
|******************************************************************************|
 
    Total cpu     time:          2.38  S
    Total system  time:          0.54  S
    Total wall    time:          1.46  S
 
    Current time   2022-04-23  12:26:03
    End running module xuanyuan
|******************************************************************************|
 
('tmpstdin ', True)
('npro is ', 1)
('\n BDF command: ', '/apps/users/lcz/bdf-pkg/bin/scf.x /scratch/trans-1,3-bivinyl-rhf_496/trans-1,3-bivinyl-rhfXX2.scf.inp')
  BDF process        0 of        1 on Serial  
 
|******************************************************************************|
 
    Start running module scf
    Current time   2022-04-23  12:26:04
 
|******************************************************************************|

|-------------------------------------------------------------------------------------------|

 Atom           Cartcoord(Bohr)                 Charge Basis Auxbas Uatom Nstab Alink  Mass
  C      -12.550014    -3.064232    -0.000000     6.00    1     0     1     1   E     11.9967
  H      -11.608180    -4.905693    -0.000000     1.00    2     0     1     1   E      1.0073
  H      -14.613886    -3.060926    -0.000001     1.00    2     0     1     1   E      1.0073
  C      -11.216469    -0.905261     0.000001     6.00    1     0     1     1   E     11.9967
  H      -12.214905     0.911212     0.000001     1.00    2     0     1     1   E      1.0073
  C       -8.464111    -0.785072     0.000001     6.00    1     0     1     1   E     11.9967
  H       -7.465675    -2.601545     0.000001     1.00    2     0     1     1   E      1.0073
  C       -7.130564     1.373900    -0.000000     6.00    1     0     1     1   E     11.9967
  H       -8.072398     3.215361    -0.000000     1.00    2     0     1     1   E      1.0073
  H       -5.066693     1.370593    -0.000001     1.00    2     0     1     1   E      1.0073
 
|--------------------------------------------------------------------------------------------|

  [ SCF control ] 
 $scf
 rhf
 charge
 molden
 $end
 
  --- PRINT: Information about SCF Calculation --- 
 ICTRL_FRAGSCF=  0
 IPRTMO=  1
 MAXITER=  100
 THRENE= 0.10E-07 THRDEN= 0.50E-05
 DAMP= 0.00 VSHIFT= 0.00
 IFDIIS= T
 THRDIIS= 0.10E+01
 MINDIIS=   2 MAXDIIS=   8
 iCHECK=  0
 iAUFBAU=  1
 INIGUESS=  0
 IfMPEC= F
 IfCOSX= F
 Occupation number:
  Without occupation number in input.

 Wave function information ...
 Total Nuclear charge    :      30
 Total electrons         :      30
 ECP-core electrons      :       0
 Spin multiplicity(2S+1) :       1
 Num. of alpha electrons :      15
 Num. of beta  electrons :      15
 

 Threshold in dft prescreening ...
 Thresh_shellvalue_dft :  0.10000E-09
 ThreshRho     :  0.10000E-11

  --- END:  Information about SCF Calculation  --- 
 
 The SMH converger is used...
 Finish scf input!

 DirectHF  F
  Reading 1-e integrals ...
  Start so_scf_init
  Finish so_scf_init
 
 Total number of electronic repulsion integrals       6999411
 Nuclear repulsion energy =   103.33513964
 
 iniguess                     0                     0
 
 [ATOM SCF control]
  heff=                      0
 After initial atom grid ...
 Finish atom    1  C             -37.3274218272
 After initial atom grid ...
 Finish atom    2  H              -0.4992784034
 
 Superposition of atomic densities as initial guess.
 skipaocheck T F
 Solve HC=EC in pflmo space.  F       15       71
 Initial guess energy =   -152.3053577292
 

 Start SCF iteration......


Iter.   idiis  vshift       SCF Energy            DeltaE          RMSDeltaD          MaxDeltaD      Damping    Times(S) 
   1      0    0.000    -156.4128295427      -4.1074718134       0.0143858851       0.2716482089    0.0000      0.18
   2      1    0.000    -154.7892990740       1.6235304687       0.0067094156       0.1011962533    0.0000      0.17
   3      2    0.000    -154.8216409596      -0.0323418856       0.0037409794       0.0471016059    0.0000      0.17
   4      3    0.000    -154.9329991881      -0.1113582285       0.0003441295       0.0037572990    0.0000      0.17
   5      4    0.000    -154.9337361246      -0.0007369365       0.0000713349       0.0008709430    0.0000      0.17
   6      5    0.000    -154.9337636852      -0.0000275606       0.0000155691       0.0002928031    0.0000      0.16
   7      6    0.000    -154.9337652613      -0.0000015761       0.0000027296       0.0000375950    0.0000      0.17
   8      7    0.000    -154.9337652968      -0.0000000355       0.0000002471       0.0000045275    0.0000      0.19
 diis/vshift is closed at iter =   8
   9      0    0.000    -154.9337652970      -0.0000000002       0.0000000483       0.0000006069    0.0000      0.17

  Label              CPU Time        SYS Time        Wall Time
 SCF iteration time:        11.850 S        1.030 S        1.620 S

 Final DeltaE = -2.024194145633373E-010
 Final DeltaD =  4.826130735478802E-008  5.000000000000000E-005
 
 Final scf result
   E_tot =              -154.93376530
   E_ele =              -258.26890494
   E_nn  =               103.33513964
   E_1e  =              -412.06616495
   E_ne  =              -566.66646346
   E_kin =               154.60029851
   E_ee  =               153.79726001
   E_xc  =                 0.00000000
  Virial Theorem      2.002157
 

 [Final occupation pattern: ]
 
 Irreps:        A   
 
 detailed occupation for iden/irep:      1   1
    1.00 1.00 1.00 1.00 1.00 1.00 1.00 1.00 1.00 1.00
    1.00 1.00 1.00 1.00 1.00 0.00 0.00 0.00 0.00 0.00
    0.00 0.00 0.00 0.00 0.00 0.00 0.00 0.00 0.00 0.00
    0.00 0.00 0.00 0.00 0.00 0.00 0.00 0.00 0.00 0.00
    0.00 0.00 0.00 0.00 0.00 0.00 0.00 0.00 0.00 0.00
    0.00 0.00 0.00 0.00 0.00 0.00 0.00 0.00 0.00 0.00
    0.00 0.00 0.00 0.00 0.00 0.00 0.00 0.00 0.00 0.00
    0.00 0.00 0.00 0.00 0.00 0.00 0.00 0.00 0.00 0.00
    0.00 0.00 0.00 0.00 0.00 0.00
 Alpha      15.00
 

 [Orbital energies:]

 Energy of occ-orbs:    A            15
             -11.24533150     -11.24454077     -11.23817631     -11.23816476      -1.08890675
              -0.99680584      -0.82340636      -0.74859502      -0.63906676      -0.62929616
              -0.55335601      -0.53904554      -0.48938484      -0.44129752      -0.32043335
 Energy of vir-orbs:    A            71
               0.11798088       0.20155656       0.20602566       0.21405062       0.24137325
               0.26803971       0.27613540       0.29255658       0.42930297       0.44059146
               0.54604776       0.57711402       0.59487190       0.67408825       0.70016136
               0.70834957       0.73283332       0.75977112       0.78406900       0.80984337
               0.82728408       0.86586306       0.88333886       0.92073164       0.95393397
               0.98246966       1.00312961       1.09964101       1.12169018       1.17176060
               1.18558264       1.21810990       1.23973936       1.23986725       1.28358382
               1.31923126       1.35199517       1.44834435       1.59694550       1.69593499
               1.70602696       1.73108978       1.73974043       1.74041219       1.83559432
               1.87388531       1.87859852       1.90713573       1.91454229       1.93654467
               1.99610431       2.02421158       2.07522246       2.14812580       2.16873578
               2.21798057       2.23947998       2.41306115       2.42065544       2.43774414
               2.46784533       2.53395690       2.55392800       2.58396703       2.65656148
               2.80348795       2.80825408       3.02448447       3.05887276       3.34649166
               3.50670410
 
 Alpha   HOMO energy:      -0.32043335 au      -8.71943887 eV  Irrep: A       
 Alpha   LUMO energy:       0.11798088 au       3.21042456 eV  Irrep: A       
 HOMO-LUMO gap:       0.43841424 au      11.92986343 eV
 
 Frontier orbitals of each irrep:
 
  Symmetry   1 A       
 
         Orbital                10             11             12             13             14             15
         Energy             -0.62930       -0.55336       -0.53905       -0.48938       -0.44130       -0.32043
         Occ No.             2.00000        2.00000        2.00000        2.00000        2.00000        2.00000
      1 1C|1S0               0.00127        0.00002        0.00117       -0.00016       -0.00000        0.00000
      2 1C|2S0              -0.01293        0.04203        0.01242        0.00889       -0.00000        0.00000
      3 1C|3S0              -0.02523        0.03625        0.00557       -0.00628        0.00000        0.00000
      4 1C|2P-1              0.20993        0.19885        0.22080        0.09286       -0.00000        0.00000
      5 1C|3P-1              0.07564        0.07860        0.08799        0.02928       -0.00000        0.00000
      6 1C|2P0               0.00000       -0.00000       -0.00000       -0.00000       -0.22692        0.31200
      7 1C|3P0               0.00000        0.00000        0.00000       -0.00000       -0.15803        0.26801
      8 1C|2P1              -0.13737        0.22311       -0.17277       -0.15143       -0.00000        0.00000
      9 1C|3P1              -0.04548        0.09220       -0.06575       -0.07828        0.00000        0.00000
     10 1C|3D-2              0.00595        0.01310        0.01468        0.01424       -0.00000        0.00000
     11 1C|3D-1              0.00000        0.00000        0.00000       -0.00000       -0.02027        0.01846
     12 1C|3D0              -0.00021        0.00115        0.00000        0.00165        0.00000       -0.00000
     13 1C|3D1               0.00000        0.00000        0.00000        0.00000       -0.01289        0.01156
     14 1C|3D2              -0.00254       -0.00868        0.01688        0.02812        0.00000       -0.00000
     15 2H|1S0              -0.20965       -0.04355       -0.24600       -0.15805       -0.00000        0.00000
     16 2H|2S0              -0.06462       -0.02221       -0.10896       -0.09117       -0.00000        0.00000
     17 2H|2P-1             -0.01349        0.00254       -0.01352       -0.00752       -0.00000        0.00000
     18 2H|2P0               0.00000        0.00000       -0.00000       -0.00000       -0.00808        0.01053
     19 2H|2P1               0.00687        0.00668        0.00434       -0.00167       -0.00000        0.00000
     20 3H|1S0               0.10092       -0.17186        0.17078        0.16263       -0.00000        0.00000
     21 3H|2S0               0.03311       -0.06949        0.07619        0.08162       -0.00000        0.00000
     22 3H|2P-1              0.00479        0.00530        0.00666        0.00464       -0.00000        0.00000
     23 3H|2P0               0.00000        0.00000        0.00000        0.00000       -0.00749        0.01123
     24 3H|2P1               0.00706       -0.01019        0.00970        0.00746       -0.00000        0.00000
     25 4C|1S0              -0.00330        0.00145        0.00347        0.00153        0.00000       -0.00000
     26 4C|2S0               0.01266        0.00529       -0.03249        0.03576        0.00000       -0.00000
     27 4C|3S0               0.02034       -0.02726       -0.07754        0.06382       -0.00000        0.00000
     28 4C|2P-1              0.03863       -0.26456       -0.15496       -0.12807       -0.00000        0.00000
     29 4C|3P-1              0.01792       -0.08576       -0.05600       -0.06955        0.00000        0.00000
     30 4C|2P0               0.00000        0.00000       -0.00000       -0.00000       -0.30249        0.23653
     31 4C|3P0              -0.00000       -0.00000       -0.00000       -0.00000       -0.19708        0.19875
     32 4C|2P1              -0.24611       -0.14214       -0.00515        0.25941       -0.00000        0.00000
     33 4C|3P1              -0.09410       -0.04891       -0.01577        0.10275       -0.00000        0.00000
     34 4C|3D-2              0.00068        0.02522        0.00726        0.02457        0.00000       -0.00000
     35 4C|3D-1              0.00000        0.00000        0.00000        0.00000        0.01515       -0.02487
     36 4C|3D0               0.00244        0.00236        0.00001       -0.00118       -0.00000       -0.00000
     37 4C|3D1               0.00000        0.00000        0.00000        0.00000       -0.00675       -0.02433
     38 4C|3D2              -0.00385       -0.01254        0.01856        0.02837       -0.00000        0.00000
     39 5H|1S0               0.12980       -0.14731       -0.14837       -0.22483        0.00000       -0.00000
     40 5H|2S0               0.03575       -0.06935       -0.06431       -0.12144       -0.00000       -0.00000
     41 5H|2P-1             -0.01126        0.00309        0.00863        0.01062       -0.00000        0.00000
     42 5H|2P0               0.00000       -0.00000        0.00000       -0.00000       -0.01049        0.00792
     43 5H|2P1               0.00197       -0.01120       -0.00424       -0.00161       -0.00000        0.00000
     44 6C|1S0              -0.00330        0.00145       -0.00347        0.00153        0.00000        0.00000
     45 6C|2S0               0.01266        0.00529        0.03249        0.03576        0.00000        0.00000
     46 6C|3S0               0.02034       -0.02726        0.07754        0.06382        0.00000       -0.00000
     47 6C|2P-1             -0.03864        0.26456       -0.15496        0.12807        0.00000        0.00000
     48 6C|3P-1             -0.01792        0.08576       -0.05600        0.06955        0.00000       -0.00000
     49 6C|2P0               0.00000        0.00000        0.00000       -0.00000       -0.30249       -0.23653
     50 6C|3P0              -0.00000       -0.00000        0.00000       -0.00000       -0.19708       -0.19875
     51 6C|2P1               0.24611        0.14214       -0.00515       -0.25941        0.00000        0.00000
     52 6C|3P1               0.09410        0.04891       -0.01577       -0.10275       -0.00000        0.00000
     53 6C|3D-2              0.00068        0.02522       -0.00726        0.02457        0.00000        0.00000
     54 6C|3D-1             -0.00000       -0.00000        0.00000        0.00000       -0.01515       -0.02487
     55 6C|3D0               0.00244        0.00236       -0.00001       -0.00118       -0.00000        0.00000
     56 6C|3D1              -0.00000       -0.00000        0.00000       -0.00000        0.00675       -0.02433
     57 6C|3D2              -0.00385       -0.01254       -0.01856        0.02837       -0.00000       -0.00000
     58 7H|1S0               0.12980       -0.14731        0.14837       -0.22483        0.00000        0.00000
     59 7H|2S0               0.03575       -0.06935        0.06431       -0.12144        0.00000       -0.00000
     60 7H|2P-1              0.01126       -0.00309        0.00863       -0.01062        0.00000        0.00000
     61 7H|2P0               0.00000       -0.00000       -0.00000        0.00000       -0.01049       -0.00792
     62 7H|2P1              -0.00197        0.01120       -0.00424        0.00161        0.00000        0.00000
     63 8C|1S0               0.00127        0.00002       -0.00117       -0.00016       -0.00000       -0.00000
     64 8C|2S0              -0.01293        0.04203       -0.01242        0.00889       -0.00000       -0.00000
     65 8C|3S0              -0.02523        0.03625       -0.00557       -0.00628        0.00000        0.00000
     66 8C|2P-1             -0.20993       -0.19885        0.22080       -0.09286        0.00000        0.00000
     67 8C|3P-1             -0.07564       -0.07860        0.08799       -0.02928        0.00000        0.00000
     68 8C|2P0               0.00000        0.00000        0.00000       -0.00000       -0.22692       -0.31200
     69 8C|3P0               0.00000        0.00000       -0.00000       -0.00000       -0.15803       -0.26801
     70 8C|2P1               0.13737       -0.22311       -0.17277        0.15143        0.00000       -0.00000
     71 8C|3P1               0.04548       -0.09220       -0.06575        0.07828        0.00000        0.00000
     72 8C|3D-2              0.00595        0.01310       -0.01468        0.01424       -0.00000       -0.00000
     73 8C|3D-1             -0.00000       -0.00000        0.00000        0.00000        0.02027        0.01846
     74 8C|3D0              -0.00021        0.00115       -0.00000        0.00165        0.00000       -0.00000
     75 8C|3D1              -0.00000       -0.00000        0.00000       -0.00000        0.01289        0.01156
     76 8C|3D2              -0.00254       -0.00868       -0.01688        0.02812        0.00000        0.00000
     77 9H|1S0              -0.20965       -0.04355        0.24600       -0.15805       -0.00000       -0.00000
     78 9H|2S0              -0.06462       -0.02221        0.10896       -0.09117       -0.00000       -0.00000
     79 9H|2P-1              0.01349       -0.00254       -0.01352        0.00752        0.00000        0.00000
     80 9H|2P0               0.00000        0.00000        0.00000       -0.00000       -0.00808       -0.01053
     81 9H|2P1              -0.00687       -0.00668        0.00434        0.00167        0.00000        0.00000
     82 10H|1S0              0.10092       -0.17186       -0.17078        0.16263       -0.00000       -0.00000
     83 10H|2S0              0.03311       -0.06949       -0.07619        0.08162       -0.00000       -0.00000
     84 10H|2P-1            -0.00479       -0.00530        0.00666       -0.00464        0.00000        0.00000
     85 10H|2P0              0.00000        0.00000       -0.00000        0.00000       -0.00749       -0.01123
     86 10H|2P1             -0.00706        0.01019        0.00970       -0.00746        0.00000        0.00000
 
         Orbital                16             17             18             19             20             21
         Energy              0.11798        0.20156        0.20603        0.21405        0.24137        0.26804
         Occ No.             0.00000        0.00000        0.00000        0.00000        0.00000        0.00000
      1 1C|1S0              -0.00000        0.01303        0.04172        0.03842       -0.00000       -0.01354
      2 1C|2S0               0.00000       -0.03284       -0.02573       -0.08170        0.00000        0.01549
      3 1C|3S0               0.00001       -0.38304       -1.30928       -1.18489       -0.00000        0.38818
      4 1C|2P-1              0.00000        0.10286        0.09060        0.04583       -0.00000       -0.13023
      5 1C|3P-1              0.00000        0.43722        0.25204        0.30416       -0.00001       -0.61324
      6 1C|2P0               0.29559       -0.00000        0.00000       -0.00000       -0.15836        0.00000
      7 1C|3P0               0.51364        0.00000        0.00000       -0.00000       -0.58009       -0.00000
      8 1C|2P1               0.00000       -0.08430        0.08084        0.09343       -0.00000        0.16387
      9 1C|3P1               0.00000       -0.24207        0.10075        0.49777       -0.00000        0.94987
     10 1C|3D-2             -0.00000        0.00577        0.00157        0.00896        0.00000       -0.00958
     11 1C|3D-1             -0.01271        0.00000       -0.00000        0.00000        0.02545       -0.00000
     12 1C|3D0              -0.00000        0.00568        0.01777        0.00940        0.00000       -0.00498
     13 1C|3D1              -0.01215       -0.00000        0.00000        0.00000        0.00280        0.00000
     14 1C|3D2              -0.00000       -0.00074        0.00081       -0.00673       -0.00000       -0.00921
     15 2H|1S0              -0.00000        0.01692       -0.00686        0.01253        0.00000       -0.00908
     16 2H|2S0               0.00000        0.97907        0.60564        0.61501       -0.00001       -1.58144
     17 2H|2P-1             -0.00000        0.01180        0.01027        0.00607        0.00000       -0.01691
     18 2H|2P0               0.01390        0.00000       -0.00000       -0.00000       -0.01252       -0.00000
     19 2H|2P1              -0.00000       -0.00405        0.00075       -0.00695        0.00000        0.00817
     20 3H|1S0              -0.00000       -0.00117        0.02969        0.01497        0.00000        0.00490
     21 3H|2S0               0.00000       -0.22086        0.78686        1.24036       -0.00001        1.12801
     22 3H|2P-1             -0.00000       -0.00257        0.00299       -0.00062        0.00000        0.00366
     23 3H|2P0               0.01569       -0.00000        0.00000        0.00000       -0.00754        0.00000
     24 3H|2P1              -0.00000       -0.00210        0.01415        0.01651        0.00000        0.01366
     25 4C|1S0               0.00000       -0.01954        0.01790        0.01505       -0.00000        0.00426
     26 4C|2S0               0.00000        0.03617       -0.03216        0.01101       -0.00000       -0.02673
     27 4C|3S0              -0.00000        0.51834       -0.56788       -0.53334        0.00000       -0.08797
     28 4C|2P-1              0.00000        0.11077       -0.10973       -0.06130        0.00000       -0.00971
     29 4C|3P-1              0.00000        0.40351       -0.80180       -0.08149       -0.00001        0.17390
     30 4C|2P0              -0.22661        0.00000       -0.00000        0.00000        0.30793       -0.00000
     31 4C|3P0              -0.36286        0.00000       -0.00000        0.00001        0.84468        0.00000
     32 4C|2P1              -0.00000       -0.07951        0.05160        0.00850       -0.00000        0.01456
     33 4C|3P1               0.00001       -0.17620        0.17815       -0.04729       -0.00001       -0.18147
     34 4C|3D-2             -0.00000       -0.00069        0.01095       -0.01743        0.00000       -0.00543
     35 4C|3D-1             -0.01657        0.00000       -0.00000       -0.00000        0.01631       -0.00000
     36 4C|3D0              -0.00000       -0.00780        0.00513        0.00532        0.00000       -0.00268
     37 4C|3D1              -0.02870        0.00000       -0.00000       -0.00000       -0.01759       -0.00000
     38 4C|3D2               0.00000        0.00438       -0.00138        0.00424       -0.00000       -0.01241
     39 5H|1S0              -0.00000       -0.04352       -0.02088        0.02450       -0.00000        0.04106
     40 5H|2S0              -0.00000       -1.07122        0.99807        0.38765       -0.00000        0.10271
     41 5H|2P-1              0.00000        0.00987       -0.00602       -0.00984        0.00000        0.00168
     42 5H|2P0              -0.01013        0.00000       -0.00000        0.00000        0.02028       -0.00000
     43 5H|2P1              -0.00000       -0.01005        0.01034       -0.00647        0.00000        0.00131
     44 6C|1S0               0.00000        0.01954        0.01790       -0.01505       -0.00000        0.00426
     45 6C|2S0               0.00000       -0.03617       -0.03216       -0.01101       -0.00000       -0.02673
     46 6C|3S0               0.00000       -0.51834       -0.56788        0.53334        0.00001       -0.08797
     47 6C|2P-1              0.00000        0.11077        0.10973       -0.06130        0.00000        0.00971
     48 6C|3P-1              0.00000        0.40351        0.80180       -0.08149        0.00001       -0.17390
     49 6C|2P0              -0.22661        0.00000       -0.00000       -0.00000       -0.30793       -0.00000
     50 6C|3P0              -0.36286       -0.00000       -0.00000       -0.00000       -0.84468        0.00000
     51 6C|2P1               0.00000       -0.07951       -0.05160        0.00850        0.00000       -0.01456
     52 6C|3P1               0.00001       -0.17620       -0.17815       -0.04729       -0.00001        0.18147
     53 6C|3D-2             -0.00000        0.00069        0.01095        0.01743       -0.00000       -0.00543
     54 6C|3D-1              0.01657       -0.00000        0.00000       -0.00000        0.01631       -0.00000
     55 6C|3D0              -0.00000        0.00780        0.00513       -0.00532       -0.00000       -0.00268
     56 6C|3D1               0.02870        0.00000        0.00000       -0.00000       -0.01759        0.00000
     57 6C|3D2               0.00000       -0.00438       -0.00138       -0.00424        0.00000       -0.01241
     58 7H|1S0              -0.00000        0.04352       -0.02088       -0.02450        0.00000        0.04106
     59 7H|2S0              -0.00000        1.07122        0.99807       -0.38765        0.00001        0.10271
     60 7H|2P-1             -0.00000        0.00987        0.00602       -0.00984       -0.00000       -0.00168
     61 7H|2P0              -0.01013       -0.00000       -0.00000       -0.00000       -0.02028       -0.00000
     62 7H|2P1              -0.00000       -0.01005       -0.01034       -0.00647        0.00000       -0.00131
     63 8C|1S0               0.00000       -0.01303        0.04172       -0.03842        0.00000       -0.01354
     64 8C|2S0               0.00000        0.03284       -0.02573        0.08170       -0.00000        0.01549
     65 8C|3S0              -0.00000        0.38304       -1.30928        1.18489       -0.00001        0.38818
     66 8C|2P-1             -0.00000        0.10286       -0.09060        0.04583       -0.00000        0.13024
     67 8C|3P-1              0.00001        0.43722       -0.25204        0.30416        0.00000        0.61325
     68 8C|2P0               0.29559       -0.00000        0.00000        0.00000        0.15836        0.00000
     69 8C|3P0               0.51364       -0.00000        0.00000        0.00000        0.58009       -0.00000
     70 8C|2P1               0.00000       -0.08430       -0.08084        0.09343       -0.00000       -0.16387
     71 8C|3P1               0.00000       -0.24207       -0.10075        0.49777        0.00000       -0.94987
     72 8C|3D-2             -0.00000       -0.00577        0.00157       -0.00896       -0.00000       -0.00958
     73 8C|3D-1              0.01271        0.00000        0.00000       -0.00000        0.02545        0.00000
     74 8C|3D0               0.00000       -0.00568        0.01777       -0.00940       -0.00000       -0.00498
     75 8C|3D1               0.01215       -0.00000       -0.00000        0.00000        0.00280       -0.00000
     76 8C|3D2               0.00000        0.00074        0.00081        0.00673        0.00000       -0.00921
     77 9H|1S0              -0.00000       -0.01692       -0.00686       -0.01253       -0.00000       -0.00908
     78 9H|2S0              -0.00000       -0.97907        0.60564       -0.61501        0.00001       -1.58144
     79 9H|2P-1              0.00000        0.01180       -0.01027        0.00607        0.00000        0.01691
     80 9H|2P0               0.01390       -0.00000       -0.00000        0.00000        0.01252       -0.00000
     81 9H|2P1              -0.00000       -0.00405       -0.00075       -0.00695        0.00000       -0.00817
     82 10H|1S0             -0.00000        0.00117        0.02969       -0.01497       -0.00000        0.00490
     83 10H|2S0             -0.00000        0.22086        0.78686       -1.24036        0.00000        1.12801
     84 10H|2P-1             0.00000       -0.00257       -0.00299       -0.00062        0.00000       -0.00366
     85 10H|2P0              0.01569        0.00000        0.00000       -0.00000        0.00754        0.00000
     86 10H|2P1              0.00000       -0.00210       -0.01415        0.01651        0.00000       -0.01366
 
 
 [Mulliken Population Analysis]
  Atomic charges: 
     1C      -0.0344
     2H       0.0444
     3H       0.0537
     4C      -0.0904
     5H       0.0267
     6C      -0.0904
     7H       0.0267
     8C      -0.0344
     9H       0.0444
    10H       0.0537
     Sum:     0.0000
 
 [Lowdin Population Analysis]
  Atomic charges: 
     1C      -0.0468
     2H       0.0231
     3H       0.0267
     4C      -0.0327
     5H       0.0298
     6C      -0.0327
     7H       0.0298
     8C      -0.0468
     9H       0.0231
    10H       0.0267
     Sum:     0.0000
 
 
 [Dipole moment: Debye]
              X          Y          Z         |u|
   Elec:0.7504E+03 0.6445E+02 -.9808E-05
   Nucl:-.7504E+03 -.6445E+02 0.1152E-04
   Totl:   -0.0000     0.0000     0.0000     0.0000
  Reorder orbital via orbital energy ...                     1
                     1

 Output to Molden format ...

 
 ---------------------------------------------------------------
  Timing of SCF calculation                                                       
 
  CPU TIME(S)      SYSTEM TIME(S)     WALL TIME(S)
         13.890            1.080               2.040
 ---------------------------------------------------------------
 
|******************************************************************************|
 
    Total cpu     time:         13.89  S
    Total system  time:          1.08  S
    Total wall    time:          2.06  S
 
    Current time   2022-04-23  12:26:06
    End running module scf
|******************************************************************************|
 
('/scratch/trans-1,3-bivinyl-rhf_496', '/apps/users/lcz/exe9/task1/bdf/bivinyl')
 Warning! Removing scratch files. If you would like to keep scratch files for restaring. Please use -keeptmpdir

Sender: Unischeduler System <lcz@mgt01>
Subject: Job 123313: <#!/bin/bash
#BSUB -J intel
#BSUB -o trans-1,3-bivinyl-rhf.out
#BSUB -n 8
#BSUB -q cqueue
#BSUB -R span[hosts=1]
export BDFHOME=/apps/users/lcz/bdf-pkg
export BDF_TMPDIR=/scratch/trans-1,3-bivinyl-rhf_496
export USE_LIBCINT=no
export LD_LIBRARY_PATH=/apps/users/lcz/bdf-pkg/extlibs:/apps/users/lcz/bdf-pkg/libso:/apps/software/intel2019/mkl/lib/intel64:/apps/software/intel2019/compilers_and_libraries_2019/linux/lib/intel64:$LD_LIBRARY_PATH
ulimit -s unlimited
ulimit -t unlimited
export OMP_NUM_THREADS=8
export OMP_STACKSIZE=20G
/apps/users/lcz/bdf-pkg/sbin/bdfdrv.py -tmpdir /scratch/trans-1,3-bivinyl-rhf_496 -r trans-1,3-bivinyl-rhf.inp > trans-1,3-bivinyl-rhf.out
rm -rf .trans-1,3-bivinyl-rhf.wrk> Done

Job <#!/bin/bash
#BSUB -J intel
#BSUB -o trans-1,3-bivinyl-rhf.out
#BSUB -n 8
#BSUB -q cqueue
#BSUB -R span[hosts=1]
export BDFHOME=/apps/users/lcz/bdf-pkg
export BDF_TMPDIR=/scratch/trans-1,3-bivinyl-rhf_496
export USE_LIBCINT=no
export LD_LIBRARY_PATH=/apps/users/lcz/bdf-pkg/extlibs:/apps/users/lcz/bdf-pkg/libso:/apps/software/intel2019/mkl/lib/intel64:/apps/software/intel2019/compilers_and_libraries_2019/linux/lib/intel64:$LD_LIBRARY_PATH
ulimit -s unlimited
ulimit -t unlimited
export OMP_NUM_THREADS=8
export OMP_STACKSIZE=20G
/apps/users/lcz/bdf-pkg/sbin/bdfdrv.py -tmpdir /scratch/trans-1,3-bivinyl-rhf_496 -r trans-1,3-bivinyl-rhf.inp > trans-1,3-bivinyl-rhf.out
rm -rf .trans-1,3-bivinyl-rhf.wrk> was submitted from host <mgt01> by user <lcz>.
Job was executed on host(s) <8*cnode07>, in queue <cqueue>, as user <lcz>.
</apps/users/lcz> was used as the home directory.
</apps/users/lcz/exe9/task1/bdf/bivinyl> was used as the working directory.
Started at 2022-04-23 12:25:59
Results reported at 2022-04-23 12:26:06

Your job looked like:

------------------------------------------------------------
# User input
#!/bin/bash
#BSUB -J intel
#BSUB -o trans-1,3-bivinyl-rhf.out
#BSUB -n 8
#BSUB -q cqueue
#BSUB -R span[hosts=1]
export BDFHOME=/apps/users/lcz/bdf-pkg
export BDF_TMPDIR=/scratch/trans-1,3-bivinyl-rhf_496
export USE_LIBCINT=no
export LD_LIBRARY_PATH=/apps/users/lcz/bdf-pkg/extlibs:/apps/users/lcz/bdf-pkg/libso:/apps/software/intel2019/mkl/lib/intel64:/apps/software/intel2019/compilers_and_libraries_2019/linux/lib/intel64:$LD_LIBRARY_PATH
ulimit -s unlimited
ulimit -t unlimited
export OMP_NUM_THREADS=8
export OMP_STACKSIZE=20G
/apps/users/lcz/bdf-pkg/sbin/bdfdrv.py -tmpdir /scratch/trans-1,3-bivinyl-rhf_496 -r trans-1,3-bivinyl-rhf.inp > trans-1,3-bivinyl-rhf.out
rm -rf .trans-1,3-bivinyl-rhf.wrk
------------------------------------------------------------

Successfully completed.

Resource usage summary:

    CPU time   :           16.96 sec.
    Max Memory :                49 MB
    Max Processes  :               5


The output (if any) follows:

