#!awk.bdf.output
====================== BDF version information ============================
commit 15a5aac1bbb5a2a101a9aa715fa1cdc141611229
Author: Yibo Lei <leiyb@nwu.edu.cn>
Date:   Sun Jan 16 18:50:00 2022 +0800

    change Vircut to VSD and add Pre-CMO by MCSCF MOs and refine ploop search of xianci
===========================================================================
BDFHOME =  /apps/software/bdf-pkg
BDF_TMPDIR = /tmp
BDF_MPIRUN =  None
BDF_MPIROOT =  None
|---------------------------------------------------------------------|
 Could not find mpirun. Set to serial running ...


(' BDFHOME     = ', '/apps/users/lcz/bdf-pkg')
(' BDF_WORKDIR = ', '/apps/users/lcz/task2/section1/isomer2/RHF_cc-pVDZ/BDF')
(' BDF_TMPDIR  = ', '/scratch/3,8-dicl-dibenzene_250')
(' BDFTASK     = ', '3,8-dicl-dibenzene')

  BDF parallel running information ...
('  BDF_MASTER_NODE', 'cnode12')
('  BDF_MPIROOT = ', 'None')
  Total number of computational nodes   = 1
  Number of processes per node          = 1
  Number of openmp threads per process  = 8


('  Singlepoint_task = ', True)
('  Fragmp2_task     = ', False)


$compass
title
isomer-2
basis
cc-pvdz
Geometry
C -2.58160084178652 0.85828318402722 0.00080156853200
C -1.19423075211164 0.86536269424988 0.00098054343823
C -0.48184821662044 2.06241189554032 0.00026969425476
C -1.19416423453283 3.25950055784776 -0.00062846767782
C -2.58153392669185 3.26665691565461 -0.00081697160061
C -3.26678503079028 2.06248916662553 0.00011048883372
H -3.12770213250513 -0.07395399173453 0.00130680306569
H -0.65977525765669 -0.07535746059244 0.00163025822144
H -0.65965646486742 4.20019103552288 -0.00124317258025
H -3.12758341376550 4.19892427265791 -0.00156478051965
C 1.01725661812022 2.06237059889130 0.00078164411047
C 1.72979440054537 2.06154569389869 -1.19627740111421
C 1.72939598080617 2.06315592590829 1.19791401450705
C 3.11712542600413 2.06150240870885 -1.20321779640295
H 1.19530943085168 2.06092784488391 -2.13697707431363
C 3.11678391264014 2.06312227056329 1.20519298930278
H 1.19468583944535 2.06380338066680 2.13849130201270
C 3.80213032469577 2.06229337795585 0.00112229842861
H 3.66351142389813 2.06086028564820 -2.13528741294019
H 3.66287659702490 2.06373408667386 2.13743659617327
Cl -5.00747133311841 2.06253716373157 -0.00043793949156
Cl 5.54284890041484 2.06224511267023 0.00136880576014
end Geometry
$end
$xuanyuan
$end
$scf
rhf
$end
('tmpstdin ', True)
('npro is ', 1)
('\n BDF command: ', '/apps/users/lcz/bdf-pkg/bin/compass.x /scratch/3,8-dicl-dibenzene_250/3,8-dicl-dibenzeneXX0.compass.inp')
  BDF process        0 of        1 on Serial  
 
|******************************************************************************|
 
    Start running module compass
    Current time   2022-05-04  13:00:30
 
|******************************************************************************|

 ++++++++++ Reading compass input ++++++++++++++++++
 TITLE
 BASIS
 Input Basis set is cc-pVDZ
 Spherical GTO 5d,7f
 GEOMETRY
 C      -2.58160084      0.85828318      0.00080157
 C      -1.19423075      0.86536269      0.00098054
 C      -0.48184822      2.06241190      0.00026969
 C      -1.19416423      3.25950056     -0.00062847
 C      -2.58153393      3.26665692     -0.00081697
 C      -3.26678503      2.06248917      0.00011049
 H      -3.12770213     -0.07395399      0.00130680
 H      -0.65977526     -0.07535746      0.00163026
 H      -0.65965646      4.20019104     -0.00124317
 H      -3.12758341      4.19892427     -0.00156478
 C       1.01725662      2.06237060      0.00078164
 C       1.72979440      2.06154569     -1.19627740
 C       1.72939598      2.06315593      1.19791401
 C       3.11712543      2.06150241     -1.20321780
 H       1.19530943      2.06092784     -2.13697707
 C       3.11678391      2.06312227      1.20519299
 H       1.19468584      2.06380338      2.13849130
 C       3.80213032      2.06229338      0.00112230
 H       3.66351142      2.06086029     -2.13528741
 H       3.66287660      2.06373409      2.13743660
 Cl     -5.00747133      2.06253716     -0.00043794
 Cl      5.54284890      2.06224511      0.00136881
 Number of atoms:       22
 $END
 ++++++++++ End of reading compass input +++++++++++++


|-------------------------------------------------------------------------------------------|

 Atom           Cartcoord(Bohr)                 Charge Basis Auxbas Uatom Nstab Alink  Mass
  C       -4.878519     1.621920     0.001515     6.00    1     0     0     0   E     11.9967
  C       -2.256769     1.635298     0.001853     6.00    1     0     0     0   E     11.9967
  C       -0.910561     3.897394     0.000510     6.00    1     0     0     0   E     11.9967
  C       -2.256643     6.159563    -0.001188     6.00    1     0     0     0   E     11.9967
  C       -4.878392     6.173087    -0.001544     6.00    1     0     0     0   E     11.9967
  C       -6.173329     3.897540     0.000209     6.00    1     0     0     0   E     11.9967
  H       -5.910500    -0.139753     0.002469     1.00    2     0     0     0   E      1.0073
  H       -1.246795    -0.142405     0.003081     1.00    2     0     0     0   E      1.0073
  H       -1.246570     7.937211    -0.002349     1.00    2     0     0     0   E      1.0073
  H       -5.910276     7.934817    -0.002957     1.00    2     0     0     0   E      1.0073
  C        1.922336     3.897316     0.001477     6.00    1     0     0     0   E     11.9967
  C        3.268838     3.895757    -2.260637     6.00    1     0     0     0   E     11.9967
  C        3.268085     3.898800     2.263729     6.00    1     0     0     0   E     11.9967
  C        5.890513     3.895675    -2.273752     6.00    1     0     0     0   E     11.9967
  H        2.258807     3.894589    -4.038301     1.00    2     0     0     0   E      1.0073
  C        5.889868     3.898736     2.277485     6.00    1     0     0     0   E     11.9967
  H        2.257629     3.900023     4.041163     1.00    2     0     0     0   E      1.0073
  C        7.184985     3.897170     0.002121     6.00    1     0     0     0   E     11.9967
  H        6.923033     3.894462    -4.035108     1.00    2     0     0     0   E      1.0073
  H        6.921834     3.899892     4.039170     1.00    2     0     0     0   E      1.0073
  Cl      -9.462749     3.897630    -0.000828    17.00    3     0     0     0   E     34.9689
  Cl      10.474466     3.897078     0.002587    17.00    3     0     0     0   E     34.9689
 
|--------------------------------------------------------------------------------------------|

  End of reading atomic basis sets ..
 Printing basis sets for checking ....

 Atomic label:  C    6
 Maximum L  2 9s4p1d ----> 3s2p1d NBF =  14
 #--->s function
      Exp Coef          Norm Coef       Con Coef
          6665.000000   0.186365E+04    0.000692   -0.000293    0.000000
          1000.000000   0.449278E+03    0.005326   -0.002318    0.000000
           228.000000   0.148240E+03    0.027061   -0.011500    0.000000
            64.710000   0.576426E+02    0.101657   -0.046827    0.000000
            21.060000   0.248376E+02    0.274575   -0.128466    0.000000
             7.495000   0.114444E+02    0.448294   -0.301266    0.000000
             2.797000   0.546430E+01    0.284903   -0.255631    0.000000
             0.521500   0.155044E+01    0.015195    1.093793    0.000000
             0.159600   0.637954E+00    0.000000    0.000000    1.000000
 #--->p function
      Exp Coef          Norm Coef       Con Coef
             9.439000   0.482661E+02    0.056979    0.000000
             2.002000   0.694727E+01    0.313207    0.000000
             0.545600   0.136797E+01    0.760377    0.000000
             0.151700   0.276195E+00    0.000000    1.000000
 #--->d function
      Exp Coef          Norm Coef       Con Coef
             0.550000   0.916567E+00    1.000000
 

 Atomic label:  H    1
 Maximum L  1 4s1p ----> 2s1p NBF =   5
 #--->s function
      Exp Coef          Norm Coef       Con Coef
            13.010000   0.173070E+02    0.033499    0.000000
             1.962000   0.418831E+01    0.234801    0.000000
             0.444600   0.137560E+01    0.813683    0.000000
             0.122000   0.521537E+00    0.000000    1.000000
 #--->p function
      Exp Coef          Norm Coef       Con Coef
             0.727000   0.195840E+01    1.000000
 

 Atomic label:  Cl  17
 Maximum L  2 12s8p1d ----> 4s3p1d NBF =  18
 #--->s function
      Exp Coef          Norm Coef       Con Coef
        127900.000000   0.170871E+05    0.000241   -0.000068    0.000038    0.000000
         19170.000000   0.411606E+04    0.001871   -0.000520    0.000291    0.000000
          4363.000000   0.135629E+04    0.009708   -0.002757    0.001534    0.000000
          1236.000000   0.526658E+03    0.039315   -0.011120    0.006255    0.000000
           403.600000   0.227498E+03    0.125930   -0.038475    0.021485    0.000000
           145.700000   0.105952E+03    0.299336   -0.099183    0.056986    0.000000
            56.810000   0.522798E+02    0.421879   -0.200781    0.115865    0.000000
            23.230000   0.267333E+02    0.237197   -0.129918    0.084710    0.000000
             6.644000   0.104553E+02    0.019153    0.507897   -0.403641    0.000000
             2.575000   0.513568E+01   -0.003348    0.608872   -0.752342    0.000000
             0.537100   0.158510E+01    0.000930    0.042027    1.175087    0.000000
             0.193800   0.737956E+00    0.000000    0.000000    0.000000    1.000000
 #--->p function
      Exp Coef          Norm Coef       Con Coef
           417.600000   0.550725E+04    0.005261   -0.002292    0.000000
            98.330000   0.903321E+03    0.039840   -0.017209    0.000000
            31.040000   0.213740E+03    0.164683   -0.075044    0.000000
            11.190000   0.597066E+02    0.387389   -0.177250    0.000000
             4.249000   0.177968E+02    0.457151   -0.244691    0.000000
             1.624000   0.534831E+01    0.151662    0.142817    0.000000
             0.532200   0.132611E+01    0.001816    0.925035    0.000000
             0.162000   0.299832E+00    0.000000    0.000000    1.000000
 #--->d function
      Exp Coef          Norm Coef       Con Coef
             0.600000   0.106732E+01    1.000000
 
 
 Atomic masses
   11.9967   11.9967   11.9967   11.9967   11.9967
   11.9967    1.0073    1.0073    1.0073    1.0073
   11.9967   11.9967   11.9967   11.9967    1.0073
   11.9967    1.0073   11.9967    1.0073    1.0073
   34.9689   34.9689

 Molecular center of mass
         0.50586577     3.89735452     0.00094626

 Molecular center of nuclear charge
         0.50586686     3.89735452     0.00094508
 [molesym]
 
 Auto decide molecular point group! Rotate coordinates into standard orientation!
 Threshold= 0.10000E-08 0.10000E-11 0.10000E-03
 
 zgeomsort being called!
gsym: C01 , noper=    1
 Exiting zgeomsort....
 Representation generated
  Binary group is observed ...
  Point group name C(1)                         1
  User set point group as C(1)    
  Largest Abelian Subgroup C(1)                         1
 Representation generated
 C|1|)|                     1
 Symmetry check OK
 Molecule has been symmetrized
  Number of symmery unique centers:                     22

|-------------------------------------------------------------------------------------------|

 Atom           Cartcoord(Bohr)                 Charge Basis Auxbas Uatom Nstab Alink  Mass
  C        0.203171     5.384235    -2.266704     6.00    1     0     0     0   E     11.9967
  C        0.200954     2.762486    -2.253296     6.00    1     0     0     0   E     11.9967
  C        0.000803     1.416428     0.000017     6.00    1     0     0     0   E     11.9967
  C       -0.198293     2.762659     2.253320     6.00    1     0     0     0   E     11.9967
  C       -0.198450     5.384409     2.266709     6.00    1     0     0     0   E     11.9967
  C        0.002476     6.679195    -0.000037     6.00    1     0     0     0   E     11.9967
  H        0.359131     6.416100    -4.021528     1.00    2     0     0     0   E      1.0073
  H        0.357530     1.752395    -4.024024     1.00    2     0     0     0   E      1.0073
  H       -0.355461     1.752703     4.024073     1.00    2     0     0     0   E      1.0073
  H       -0.353415     6.416409     4.021542     1.00    2     0     0     0   E      1.0073
  C       -0.000899    -1.416469    -0.000025     6.00    1     0     0     0   E     11.9967
  C        2.252039    -2.763555     0.199616     6.00    1     0     0     0   E     11.9967
  C       -2.254678    -2.761633    -0.199638     6.00    1     0     0     0   E     11.9967
  C        2.264419    -5.385234     0.200813     6.00    1     0     0     0   E     11.9967
  H        4.023032    -1.753985     0.356471     1.00    2     0     0     0   E      1.0073
  C       -2.269063    -5.383412    -0.200812     6.00    1     0     0     0   E     11.9967
  H       -4.024914    -1.750718    -0.356503     1.00    2     0     0     0   E      1.0073
  C       -0.002913    -6.679118    -0.000002     6.00    1     0     0     0   E     11.9967
  H        4.018635    -6.418210     0.356260     1.00    2     0     0     0   E      1.0073
  H       -4.024145    -6.414923    -0.356256     1.00    2     0     0     0   E      1.0073
  Cl       0.004366     9.968615     0.000005    17.00    3     0     0     0   E     34.9689
  Cl      -0.004235    -9.968599     0.000007    17.00    3     0     0     0   E     34.9689
 
|--------------------------------------------------------------------------------------------|

Number of irreps:    1
IRREP:   1   1   1
DIMEN:   1   1   1

 Irreps of multipole moment operators ...
 Operator  Component    Irrep       Row
  Dipole       x           A           1
  Dipole       y           A           1
  Dipole       z           A           1
  Quadpole     xx          A           1
  Quadpole     xy          A           1
  Quadpole     yy          A           1
  Quadpole     xz          A           1
  Quadpole     yz          A           1
  Quadpole     zz          A           1
 
 Generate symmetry adapted orbital ...
 Print Multab
  1

|--------------------------------------------------|
         Symmetry adapted orbital                   

  Irrep : A 

Total number of basis functions:     244     244

  Irrep :     A
  Norb  :    244
|--------------------------------------------------|

Total number of shells:       58
 R max for this shell (Bohr)   12.5599999999998       9.691695042155263E-011
 R max for this shell (Bohr)   12.6699999999998       9.644888246466983E-011
 R max for this shell (Bohr)   6.99999999999994       9.556501796124278E-011
 R max for this shell (Bohr)   14.0099999999998       3.009977724958305E-010
 R max for this shell (Bohr)   5.92999999999996       9.975876222407632E-011
 R max for this shell (Bohr)   11.4099999999998       9.698100467202825E-011
 R max for this shell (Bohr)   12.2699999999998       9.780730793330455E-011
 R max for this shell (Bohr)   6.70999999999994       9.619579851317601E-011
 
Number of atoms:      22
Number of basis functions:     244
 
|******************************************************************************|
 
    Total cpu     time:          0.01  S
    Total system  time:          0.02  S
    Total wall    time:          0.04  S
 
    Current time   2022-05-04  13:00:30
    End running module compass
|******************************************************************************|
 
('tmpstdin ', True)
('npro is ', 1)
('\n BDF command: ', '/apps/users/lcz/bdf-pkg/bin/xuanyuan.x /scratch/3,8-dicl-dibenzene_250/3,8-dicl-dibenzeneXX1.xuanyuan.inp')
  BDF process        0 of        1 on Serial  
 
|******************************************************************************|
 
    Start running module xuanyuan
    Current time   2022-05-04  13:00:30
 
|******************************************************************************|

|-------------------------------------------------------------------------------------------|

 Atom           Cartcoord(Bohr)                 Charge Basis Auxbas Uatom Nstab Alink  Mass
  C        0.203171     5.384235    -2.266704     6.00    1     0     1     1   E     11.9967
  C        0.200954     2.762486    -2.253296     6.00    1     0     1     1   E     11.9967
  C        0.000803     1.416428     0.000017     6.00    1     0     1     1   E     11.9967
  C       -0.198293     2.762659     2.253320     6.00    1     0     1     1   E     11.9967
  C       -0.198450     5.384409     2.266709     6.00    1     0     1     1   E     11.9967
  C        0.002476     6.679195    -0.000037     6.00    1     0     1     1   E     11.9967
  H        0.359131     6.416100    -4.021528     1.00    2     0     1     1   E      1.0073
  H        0.357530     1.752395    -4.024024     1.00    2     0     1     1   E      1.0073
  H       -0.355461     1.752703     4.024073     1.00    2     0     1     1   E      1.0073
  H       -0.353415     6.416409     4.021542     1.00    2     0     1     1   E      1.0073
  C       -0.000899    -1.416469    -0.000025     6.00    1     0     1     1   E     11.9967
  C        2.252039    -2.763555     0.199616     6.00    1     0     1     1   E     11.9967
  C       -2.254678    -2.761633    -0.199638     6.00    1     0     1     1   E     11.9967
  C        2.264419    -5.385234     0.200813     6.00    1     0     1     1   E     11.9967
  H        4.023032    -1.753985     0.356471     1.00    2     0     1     1   E      1.0073
  C       -2.269063    -5.383412    -0.200812     6.00    1     0     1     1   E     11.9967
  H       -4.024914    -1.750718    -0.356503     1.00    2     0     1     1   E      1.0073
  C       -0.002913    -6.679118    -0.000002     6.00    1     0     1     1   E     11.9967
  H        4.018635    -6.418210     0.356260     1.00    2     0     1     1   E      1.0073
  H       -4.024145    -6.414923    -0.356256     1.00    2     0     1     1   E      1.0073
  Cl       0.004366     9.968615     0.000005    17.00    3     0     1     1   E     34.9689
  Cl      -0.004235    -9.968599     0.000007    17.00    3     0     1     1   E     34.9689
 
|--------------------------------------------------------------------------------------------|

 $xuanyuan                                                                      
                                          
 $end                                                                           
                                          
  Mass polarization term:  F
 Total nuclear charge :        114.00
 Nuclear repulsion energy :     927.5445036572 a.u.

 Total number of primitive  basis sets :          450
 Total number of prim-cart  basis sets :          464
 Total number of contracted basis sets :          244

  Estimate memory for calculating 2e integrals...
 Minium memory to calculate ERIs:        7.784 M

[aoint_1e]
  Calculating one electron integrals ...
  S T and V integrals ....
  Dipole and Quadupole integrals ....
  Finish calculating one electron integrals ...
 
 ---------------------------------------------------------------
  Timing to calculate 1-electronic integrals                                      
 
  CPU TIME(S)      SYSTEM TIME(S)     WALL TIME(S)
          0.090            0.020               0.010
 ---------------------------------------------------------------
 
 Finish calculating 1e integral ...
 Direct SCF required. Skip 2e integral!
 Set significant shell pairs!

 Number of significant pairs:     1521
 Timing caluclate K2 integrals.
 CPU:       0.19 SYS:       0.03 WALL:       0.04
 lenk2                 33826                     9
|******************************************************************************|
 
    Total cpu     time:          0.35  S
    Total system  time:          0.07  S
    Total wall    time:          0.09  S
 
    Current time   2022-05-04  13:00:30
    End running module xuanyuan
|******************************************************************************|
 
('tmpstdin ', True)
('npro is ', 1)
('\n BDF command: ', '/apps/users/lcz/bdf-pkg/bin/scf.x /scratch/3,8-dicl-dibenzene_250/3,8-dicl-dibenzeneXX2.scf.inp')
  BDF process        0 of        1 on Serial  
 
|******************************************************************************|
 
    Start running module scf
    Current time   2022-05-04  13:00:30
 
|******************************************************************************|

|-------------------------------------------------------------------------------------------|

 Atom           Cartcoord(Bohr)                 Charge Basis Auxbas Uatom Nstab Alink  Mass
  C        0.203171     5.384235    -2.266704     6.00    1     0     1     1   E     11.9967
  C        0.200954     2.762486    -2.253296     6.00    1     0     1     1   E     11.9967
  C        0.000803     1.416428     0.000017     6.00    1     0     1     1   E     11.9967
  C       -0.198293     2.762659     2.253320     6.00    1     0     1     1   E     11.9967
  C       -0.198450     5.384409     2.266709     6.00    1     0     1     1   E     11.9967
  C        0.002476     6.679195    -0.000037     6.00    1     0     1     1   E     11.9967
  H        0.359131     6.416100    -4.021528     1.00    2     0     1     1   E      1.0073
  H        0.357530     1.752395    -4.024024     1.00    2     0     1     1   E      1.0073
  H       -0.355461     1.752703     4.024073     1.00    2     0     1     1   E      1.0073
  H       -0.353415     6.416409     4.021542     1.00    2     0     1     1   E      1.0073
  C       -0.000899    -1.416469    -0.000025     6.00    1     0     1     1   E     11.9967
  C        2.252039    -2.763555     0.199616     6.00    1     0     1     1   E     11.9967
  C       -2.254678    -2.761633    -0.199638     6.00    1     0     1     1   E     11.9967
  C        2.264419    -5.385234     0.200813     6.00    1     0     1     1   E     11.9967
  H        4.023032    -1.753985     0.356471     1.00    2     0     1     1   E      1.0073
  C       -2.269063    -5.383412    -0.200812     6.00    1     0     1     1   E     11.9967
  H       -4.024914    -1.750718    -0.356503     1.00    2     0     1     1   E      1.0073
  C       -0.002913    -6.679118    -0.000002     6.00    1     0     1     1   E     11.9967
  H        4.018635    -6.418210     0.356260     1.00    2     0     1     1   E      1.0073
  H       -4.024145    -6.414923    -0.356256     1.00    2     0     1     1   E      1.0073
  Cl       0.004366     9.968615     0.000005    17.00    3     0     1     1   E     34.9689
  Cl      -0.004235    -9.968599     0.000007    17.00    3     0     1     1   E     34.9689
 
|--------------------------------------------------------------------------------------------|

  [ SCF control ] 
 $scf
 rhf
 $end
 
  --- PRINT: Information about SCF Calculation --- 
 ICTRL_FRAGSCF=  0
 IPRTMO=  1
 MAXITER=  100
 THRENE= 0.10E-07 THRDEN= 0.50E-05
 DAMP= 0.00 VSHIFT= 0.00
 IFDIIS= T
 THRDIIS= 0.10E+01
 MINDIIS=   2 MAXDIIS=   8
 iCHECK=  0
 iAUFBAU=  1
 INIGUESS=  0
 IfMPEC= F
 IfCOSX= F
 Occupation number:
  Without occupation number in input.

 Wave function information ...
 Total Nuclear charge    :     114
 Total electrons         :     114
 ECP-core electrons      :       0
 Spin multiplicity(2S+1) :       1
 Num. of alpha electrons :      57
 Num. of beta  electrons :      57
 

 Threshold in dft prescreening ...
 Thresh_shellvalue_dft :  0.10000E-09
 ThreshRho     :  0.10000E-11

  --- END:  Information about SCF Calculation  --- 
 
 The SMH converger is used...
 Finish scf input!

 DirectHF  T
 Number of significient shell pairs :     1521
 Estimate memory for direct ERI calculations:           8.163 M

 IF USE_LIBCINT :    F

 Nuclear repulsion energy =   927.54450366
 
 iniguess                     0                     0
 
 [ATOM SCF control]
  heff=                      0
 After initial atom grid ...
 Finish atom    1  C             -37.3274218272
 After initial atom grid ...
 Finish atom    2  H              -0.4992784034
 After initial atom grid ...
 Finish atom    3  Cl           -459.2701096140
 
 Superposition of atomic densities as initial guess.
 skipaocheck F F
 Check basis set linear dependence! Tolerance =   0.100000E-04

 Check basis set linear dependence! Tolerance =   0.100000E-04
 Threshold of basis set linear depedent tol_linear is :    0.100000E-04
 Solve HC=EC in pflmo space.  F       57      187
 Initial guess energy =  -1370.4635083814
 

 Start SCF iteration......


Iter.   idiis  vshift       SCF Energy            DeltaE          RMSDeltaD          MaxDeltaD      Damping    Times(S) 
   1      0    0.000   -1385.6494643439     -15.1859559625       0.0087463542       0.2697098315    0.0000      0.33
   2      1    0.000   -1377.8428952190       7.8065691249       0.0036410443       0.0904138597    0.0000      1.94
   3      2    0.000   -1377.9241559525      -0.0812607335       0.0018206122       0.0447120890    0.0000      1.91
   4      3    0.000   -1378.1259720408      -0.2018160883       0.0002494344       0.0067722170    0.0000      1.90
   5      4    0.000   -1378.1274043980      -0.0014323572       0.0000904068       0.0032138925    0.0000      1.82
   6      5    0.000   -1378.1275809931      -0.0001765951       0.0000219461       0.0006093889    0.0000      1.85
   7      6    0.000   -1378.1275929422      -0.0000119492       0.0000064630       0.0002701791    0.0000      1.78
   8      7    0.000   -1378.1275936617      -0.0000007194       0.0000023697       0.0001334642    0.0000      1.92
   9      8    0.000   -1378.1275937635      -0.0000001018       0.0000003547       0.0000161504    0.0000      1.86
  10      2    0.000   -1378.1275937723      -0.0000000088       0.0000000994       0.0000038024    0.0000      2.02
 diis/vshift is closed at iter =  10
  11      0    0.000   -1378.1275937724      -0.0000000001       0.0000000255       0.0000009636    0.0000      1.72

  Label              CPU Time        SYS Time        Wall Time
 SCF iteration time:       152.940 S        0.280 S       19.200 S

 Final DeltaE = -1.225544110639021E-010
 Final DeltaD =  2.551560569376559E-008  5.000000000000000E-005
 
 Final scf result
   E_tot =             -1378.12759377
   E_ele =             -2305.67209743
   E_nn  =               927.54450366
   E_1e  =             -3734.24591860
   E_ne  =             -5112.35421306
   E_kin =              1378.10829446
   E_ee  =              1428.57382117
   E_xc  =                 0.00000000
  Virial Theorem      2.000014
 

 [Final occupation pattern: ]
 
 Irreps:        A   
 
 detailed occupation for iden/irep:      1   1
    1.00 1.00 1.00 1.00 1.00 1.00 1.00 1.00 1.00 1.00
    1.00 1.00 1.00 1.00 1.00 1.00 1.00 1.00 1.00 1.00
    1.00 1.00 1.00 1.00 1.00 1.00 1.00 1.00 1.00 1.00
    1.00 1.00 1.00 1.00 1.00 1.00 1.00 1.00 1.00 1.00
    1.00 1.00 1.00 1.00 1.00 1.00 1.00 1.00 1.00 1.00
    1.00 1.00 1.00 1.00 1.00 1.00 1.00 0.00 0.00 0.00
    0.00 0.00 0.00 0.00 0.00 0.00 0.00 0.00 0.00 0.00
    0.00 0.00 0.00 0.00 0.00 0.00 0.00 0.00 0.00 0.00
    0.00 0.00 0.00 0.00 0.00 0.00 0.00 0.00 0.00 0.00
    0.00 0.00 0.00 0.00 0.00 0.00 0.00 0.00 0.00 0.00
    0.00 0.00 0.00 0.00 0.00 0.00 0.00 0.00 0.00 0.00
    0.00 0.00 0.00 0.00 0.00 0.00 0.00 0.00 0.00 0.00
    0.00 0.00 0.00 0.00 0.00 0.00 0.00 0.00 0.00 0.00
    0.00 0.00 0.00 0.00 0.00 0.00 0.00 0.00 0.00 0.00
    0.00 0.00 0.00 0.00 0.00 0.00 0.00 0.00 0.00 0.00
    0.00 0.00 0.00 0.00 0.00 0.00 0.00 0.00 0.00 0.00
    0.00 0.00 0.00 0.00 0.00 0.00 0.00 0.00 0.00 0.00
    0.00 0.00 0.00 0.00 0.00 0.00 0.00 0.00 0.00 0.00
    0.00 0.00 0.00 0.00 0.00 0.00 0.00 0.00 0.00 0.00
    0.00 0.00 0.00 0.00 0.00 0.00 0.00 0.00 0.00 0.00
    0.00 0.00 0.00 0.00 0.00 0.00 0.00 0.00 0.00 0.00
    0.00 0.00 0.00 0.00 0.00 0.00 0.00 0.00 0.00 0.00
    0.00 0.00 0.00 0.00 0.00 0.00 0.00 0.00 0.00 0.00
    0.00 0.00 0.00 0.00 0.00 0.00 0.00 0.00 0.00 0.00
    0.00 0.00 0.00 0.00
 Alpha      57.00
 

 [Orbital energies:]

 Energy of occ-orbs:    A            57
            -104.83670705    -104.83670356     -11.30943459     -11.30943114     -11.26377381
             -11.26311416     -11.25893086     -11.25892968     -11.25887295     -11.25886980
             -11.25722610     -11.25722321     -11.25713594     -11.25712228     -10.56372920
             -10.56372528      -8.03137224      -8.03136825      -8.02793717      -8.02793333
              -8.02783895      -8.02783506      -1.20661071      -1.19576110      -1.14502839
              -1.11535311      -1.04034297      -1.04033958      -1.03674339      -0.97460907
              -0.85583258      -0.85582252      -0.84610289      -0.80188240      -0.72904723
              -0.67417463      -0.66145089      -0.66144996      -0.65237250      -0.63921885
              -0.60741395      -0.60740602      -0.58747892      -0.54976527      -0.54976358
              -0.54024904      -0.52150159      -0.52149263      -0.49952576      -0.47030099
              -0.47029726      -0.45640635      -0.45640588      -0.36153509      -0.35376899
              -0.33924375      -0.33924066
 Energy of vir-orbs:    A           187
               0.10150813       0.11762222       0.11762263       0.13224413       0.17299515
               0.17361363       0.21211023       0.21211734       0.22298245       0.23989946
               0.24612208       0.24638903       0.26279917       0.26280461       0.32976477
               0.32976539       0.37272043       0.38071115       0.42985105       0.43447937
               0.43449844       0.44890532       0.47192671       0.47755619       0.47755873
               0.58241099       0.58242212       0.59632191       0.61865210       0.62243836
               0.63423372       0.63424780       0.66778104       0.66778197       0.67259887
               0.68748673       0.69144382       0.69620089       0.70298719       0.71175305
               0.71175472       0.71343743       0.72020379       0.72972373       0.73192588
               0.73192607       0.73481434       0.73506291       0.76760928       0.76961327
               0.76961500       0.78039366       0.78039554       0.80540161       0.80540677
               0.85334510       0.86597557       0.86597706       0.88234548       0.88235267
               0.88367801       0.89062494       0.89771160       0.89772648       0.90541606
               0.94578579       0.95116058       0.95116275       0.96635816       0.97547291
               0.98223607       0.98297820       0.99708357       0.99708594       1.05020785
               1.07021625       1.07629489       1.10618272       1.11907099       1.13020706
               1.13020881       1.14875470       1.14877835       1.14938761       1.15173588
               1.17803243       1.17804114       1.20961934       1.22356402       1.22357133
               1.22504313       1.23012868       1.25086061       1.27805659       1.29309417
               1.29956517       1.30477961       1.33290592       1.34976505       1.34978155
               1.36988563       1.40023771       1.43395339       1.46259341       1.46261324
               1.47962361       1.47962415       1.50520521       1.50521590       1.58217861
               1.58787892       1.58788417       1.62000164       1.68111378       1.69626772
               1.73549605       1.74693812       1.74695456       1.75525791       1.79788491
               1.79790138       1.81717272       1.82464194       1.82767269       1.82767494
               1.87023331       1.89868371       1.90396803       1.90397538       1.90969499
               1.92537258       1.93955822       1.94828937       1.97009374       1.97285507
               1.98241123       1.98241459       2.01844689       2.02476432       2.02476650
               2.02806867       2.06227882       2.06238020       2.07712905       2.12757958
               2.13740620       2.13889639       2.13889849       2.14740825       2.19092491
               2.19094411       2.22754738       2.24871568       2.25806422       2.26084588
               2.26084705       2.26377456       2.32669494       2.32671873       2.38892658
               2.39828805       2.41641937       2.44478848       2.45404918       2.45405290
               2.55614904       2.56662117       2.67651000       2.67653584       2.72356280
               2.75386315       2.78560154       2.78560177       2.83763283       2.83768205
               2.94396238       2.98606272       2.99454819       3.00633175       3.02907106
               3.04415543       3.04417726       3.08733786       3.27227130       3.27233368
               3.73907271       3.88756310
 
 Alpha   HOMO energy:      -0.33924066 au      -9.23121184 eV  Irrep: A       
 Alpha   LUMO energy:       0.10150813 au       2.76217797 eV  Irrep: A       
 HOMO-LUMO gap:       0.44074879 au      11.99338980 eV
 
 Frontier orbitals of each irrep:
 
  Symmetry   1 A       
 
         Orbital                52             53             54             55             56             57
         Energy             -0.45641       -0.45641       -0.36154       -0.35377       -0.33924       -0.33924
         Occ No.             2.00000        2.00000        2.00000        2.00000        2.00000        2.00000
      1 1C|1S0              -0.00226       -0.00000        0.00000       -0.00000        0.00000        0.00024
      2 1C|2S0               0.03516        0.00001        0.00001       -0.00002        0.00008        0.01178
      3 1C|3S0               0.07143        0.00002        0.00002       -0.00002        0.00012        0.01995
      4 1C|2P-1              0.08751        0.00002       -0.00005        0.00007       -0.00019       -0.02827
      5 1C|3P-1              0.02537        0.00000       -0.00004        0.00006       -0.00012       -0.01433
      6 1C|2P0               0.07895        0.00088        0.01739       -0.01792        0.01478        0.00737
      7 1C|3P0               0.02530        0.00056        0.01351       -0.01437        0.01150        0.00218
      8 1C|2P1              -0.00700        0.00969        0.19585       -0.20178        0.16596       -0.00159
      9 1C|3P1              -0.00225        0.00622        0.15222       -0.16195        0.12947       -0.00092
     10 1C|3D-2             -0.00086       -0.00071       -0.01310        0.01334        0.01744       -0.00040
     11 1C|3D-1              0.00970       -0.00006       -0.00116        0.00118        0.00156        0.00336
     12 1C|3D0              -0.00055        0.00005        0.00032       -0.00033        0.00289       -0.00094
     13 1C|3D1               0.00014        0.00035        0.00203       -0.00211        0.01870        0.00000
     14 1C|3D2               0.00058       -0.00003       -0.00019        0.00020       -0.00166       -0.00037
     15 2C|1S0              -0.00009       -0.00000       -0.00000        0.00000        0.00001        0.00120
     16 2C|2S0              -0.01905       -0.00000        0.00001        0.00001       -0.00016       -0.02873
     17 2C|3S0              -0.04192       -0.00001        0.00001        0.00000       -0.00027       -0.04753
     18 2C|2P-1             -0.05463       -0.00002       -0.00009        0.00007        0.00030        0.04824
     19 2C|3P-1             -0.03133       -0.00001       -0.00007        0.00006        0.00014        0.02047
     20 2C|2P0              -0.04307        0.00103        0.01728       -0.01725       -0.01292       -0.03602
     21 2C|3P0              -0.02185        0.00058        0.01408       -0.01340       -0.01015       -0.00482
     22 2C|2P1               0.00378        0.01168        0.19486       -0.19484       -0.14350        0.00408
     23 2C|3P1               0.00191        0.00653        0.15883       -0.15129       -0.11425        0.00113
     24 2C|3D-2             -0.00078        0.00043        0.01258       -0.01428        0.02001       -0.00035
     25 2C|3D-1              0.00871        0.00004        0.00112       -0.00127        0.00180        0.00269
     26 2C|3D0               0.00308        0.00013        0.00024       -0.00022       -0.00268       -0.00019
     27 2C|3D1              -0.00027        0.00081        0.00158       -0.00141       -0.01737        0.00002
     28 2C|3D2               0.00231       -0.00007       -0.00013        0.00011        0.00156       -0.00126
     29 3C|1S0              -0.00000        0.00000        0.00000        0.00000        0.00000       -0.00000
     30 3C|2S0               0.00000       -0.00000        0.00000        0.00000       -0.00003        0.00000
     31 3C|3S0              -0.00000        0.00001       -0.00000       -0.00000       -0.00006        0.00000
     32 3C|2P-1              0.00000        0.00000       -0.00000       -0.00000        0.00019        0.00000
     33 3C|3P-1              0.00000       -0.00001       -0.00000       -0.00000        0.00017        0.00000
     34 3C|2P0               0.02609        0.00112       -0.00001       -0.00002       -0.02644        0.05290
     35 3C|3P0               0.00272        0.00102       -0.00001       -0.00002       -0.02185        0.03701
     36 3C|2P1              -0.00231        0.01261        0.00000        0.00000       -0.30189       -0.00294
     37 3C|3P1              -0.00024        0.01156        0.00000        0.00000       -0.24904       -0.00184
     38 3C|3D-2             -0.00040       -0.00073       -0.00000        0.00000       -0.01328       -0.00203
     39 3C|3D-1              0.00454       -0.00006        0.00000       -0.00001       -0.00104        0.02375
     40 3C|3D0               0.00000        0.00000       -0.00343        0.00323        0.00000       -0.00000
     41 3C|3D1               0.00000       -0.00000       -0.02215        0.02087       -0.00000        0.00001
     42 3C|3D2              -0.00000       -0.00000        0.00198       -0.00186       -0.00001       -0.00000
     43 4C|1S0               0.00009       -0.00000        0.00000       -0.00000       -0.00001       -0.00120
     44 4C|2S0               0.01905        0.00000       -0.00001       -0.00001        0.00017        0.02873
     45 4C|3S0               0.04192        0.00001       -0.00001       -0.00000        0.00027        0.04753
     46 4C|2P-1              0.05463        0.00000        0.00009       -0.00007       -0.00025       -0.04824
     47 4C|3P-1              0.03133       -0.00000        0.00007       -0.00006       -0.00010       -0.02047
     48 4C|2P0              -0.04307        0.00102       -0.01725        0.01727       -0.01293       -0.03602
     49 4C|3P0              -0.02185        0.00057       -0.01407        0.01340       -0.01015       -0.00482
     50 4C|2P1               0.00385        0.01168       -0.19486        0.19484       -0.14350        0.00397
     51 4C|3P1               0.00196        0.00653       -0.15883        0.15129       -0.11425        0.00105
     52 4C|3D-2             -0.00077        0.00043       -0.01258        0.01428        0.02001       -0.00036
     53 4C|3D-1              0.00871        0.00004       -0.00111        0.00126        0.00178        0.00269
     54 4C|3D0              -0.00308       -0.00013        0.00025       -0.00022        0.00269        0.00019
     55 4C|3D1               0.00027       -0.00081        0.00158       -0.00141        0.01737       -0.00002
     56 4C|3D2              -0.00231        0.00007       -0.00015        0.00014       -0.00153        0.00126
     57 5C|1S0               0.00226        0.00000       -0.00000        0.00000       -0.00000       -0.00024
     58 5C|2S0              -0.03516       -0.00001       -0.00001        0.00002       -0.00006       -0.01178
     59 5C|3S0              -0.07143       -0.00001       -0.00002        0.00002       -0.00011       -0.01995
     60 5C|2P-1             -0.08750       -0.00001        0.00005       -0.00007        0.00014        0.02827
     61 5C|3P-1             -0.02536       -0.00001        0.00004       -0.00006        0.00005        0.01433
     62 5C|2P0               0.07895        0.00087       -0.01731        0.01783        0.01471        0.00737
     63 5C|3P0               0.02531        0.00055       -0.01346        0.01432        0.01147        0.00217
     64 5C|2P1              -0.00699        0.00969       -0.19586        0.20179        0.16596       -0.00164
     65 5C|3P1              -0.00223        0.00622       -0.15222        0.16196        0.12947       -0.00097
     66 5C|3D-2             -0.00086       -0.00071        0.01310       -0.01334        0.01744       -0.00040
     67 5C|3D-1              0.00971       -0.00006        0.00116       -0.00118        0.00157        0.00336
     68 5C|3D0               0.00055       -0.00005        0.00031       -0.00033       -0.00288        0.00094
     69 5C|3D1              -0.00013       -0.00035        0.00203       -0.00211       -0.01870        0.00000
     70 5C|3D2              -0.00058        0.00003       -0.00017        0.00018        0.00168        0.00037
     71 6C|1S0               0.00000        0.00000       -0.00000        0.00000       -0.00000        0.00000
     72 6C|2S0               0.00000        0.00000       -0.00000       -0.00000       -0.00004        0.00000
     73 6C|3S0               0.00000       -0.00000        0.00000        0.00000       -0.00006        0.00000
     74 6C|2P-1             -0.00001       -0.00001        0.00000        0.00000       -0.00013        0.00000
     75 6C|3P-1             -0.00000       -0.00000       -0.00000       -0.00000       -0.00010        0.00000
     76 6C|2P0              -0.13299        0.00033       -0.00002        0.00002        0.02720       -0.00107
     77 6C|3P0              -0.04422        0.00016       -0.00000        0.00002        0.02131        0.00234
     78 6C|2P1               0.01178        0.00403        0.00000       -0.00000        0.30705       -0.00168
     79 6C|3P1               0.00392        0.00196        0.00000       -0.00000        0.24035       -0.00160
     80 6C|3D-2             -0.00304       -0.00201       -0.00000        0.00000       -0.01834       -0.00002
     81 6C|3D-1              0.03435       -0.00017        0.00001       -0.00001       -0.00162        0.00144
     82 6C|3D0               0.00000        0.00000       -0.00355        0.00363       -0.00000       -0.00000
     83 6C|3D1               0.00002       -0.00000       -0.02292        0.02348        0.00000       -0.00000
     84 6C|3D2              -0.00000       -0.00000        0.00205       -0.00210       -0.00001        0.00000
     85 7H|1S0              -0.00959        0.00000       -0.00001        0.00002       -0.00008       -0.01566
     86 7H|2S0              -0.03186       -0.00000       -0.00001        0.00002       -0.00008       -0.01406
     87 7H|2P-1             -0.00028       -0.00000       -0.00000        0.00000       -0.00000       -0.00018
     88 7H|2P0               0.00221        0.00003        0.00065       -0.00066        0.00053       -0.00033
     89 7H|2P1              -0.00020        0.00029        0.00735       -0.00746        0.00600       -0.00000
     90 8H|1S0               0.05415        0.00001        0.00001       -0.00001       -0.00001       -0.00590
     91 8H|2S0               0.03164        0.00001        0.00000       -0.00001        0.00014        0.02193
     92 8H|2P-1              0.00108        0.00000       -0.00000        0.00000       -0.00000       -0.00103
     93 8H|2P0               0.00175        0.00004        0.00066       -0.00062       -0.00048       -0.00145
     94 8H|2P1              -0.00016        0.00042        0.00739       -0.00695       -0.00535        0.00016
     95 9H|1S0              -0.05415       -0.00001       -0.00001        0.00001        0.00005        0.00590
     96 9H|2S0              -0.03164       -0.00000       -0.00000        0.00001       -0.00011       -0.02193
     97 9H|2P-1             -0.00108       -0.00000        0.00000       -0.00000        0.00001        0.00103
     98 9H|2P0               0.00175        0.00004       -0.00065        0.00062       -0.00048       -0.00145
     99 9H|2P1              -0.00016        0.00042       -0.00739        0.00695       -0.00535        0.00016
    100 10H|1S0              0.00959        0.00000        0.00001       -0.00002        0.00010        0.01566
    101 10H|2S0              0.03186        0.00001        0.00001       -0.00002        0.00009        0.01406
    102 10H|2P-1             0.00028        0.00000        0.00000       -0.00000       -0.00000        0.00018
    103 10H|2P0              0.00221        0.00003       -0.00065        0.00066        0.00053       -0.00033
    104 10H|2P1             -0.00019        0.00029       -0.00735        0.00746        0.00600       -0.00001
    105 11C|1S0              0.00000        0.00000        0.00000       -0.00000       -0.00000        0.00000
    106 11C|2S0             -0.00000        0.00000        0.00000       -0.00000       -0.00001        0.00000
    107 11C|3S0             -0.00000        0.00001       -0.00000        0.00000        0.00001       -0.00000
    108 11C|2P-1             0.00000       -0.00002        0.00000        0.00000       -0.00005       -0.00001
    109 11C|3P-1             0.00000       -0.00003        0.00000       -0.00000       -0.00002       -0.00001
    110 11C|2P0              0.01261        0.00231        0.00012        0.00007        0.00294       -0.30190
    111 11C|3P0              0.01156        0.00024        0.00010        0.00006        0.00184       -0.24905
    112 11C|2P1             -0.00112        0.02609       -0.00001       -0.00001        0.05290        0.02644
    113 11C|3P1             -0.00103        0.00272       -0.00001       -0.00000        0.03701        0.02185
    114 11C|3D-2            -0.00006       -0.00454       -0.00000       -0.00000       -0.02375       -0.00104
    115 11C|3D-1             0.00073       -0.00040        0.00000        0.00000       -0.00203        0.01328
    116 11C|3D0              0.00000        0.00000       -0.00343       -0.00323        0.00000       -0.00000
    117 11C|3D1              0.00000        0.00000       -0.02216       -0.02086       -0.00000       -0.00000
    118 11C|3D2             -0.00000       -0.00000        0.00198        0.00186       -0.00002       -0.00000
    119 12C|1S0             -0.00000        0.00009       -0.00000       -0.00000       -0.00120        0.00001
    120 12C|2S0             -0.00000        0.01906       -0.00000       -0.00000        0.02874       -0.00017
    121 12C|3S0             -0.00001        0.04192        0.00000       -0.00000        0.04755       -0.00027
    122 12C|2P-1             0.00001       -0.05461       -0.00001       -0.00001        0.04827       -0.00028
    123 12C|3P-1             0.00001       -0.03131       -0.00001       -0.00001        0.02048       -0.00012
    124 12C|2P0              0.01168       -0.00381       -0.19496       -0.19471       -0.00402       -0.14356
    125 12C|3P0              0.00653       -0.00193       -0.15891       -0.15118       -0.00109       -0.11431
    126 12C|2P1             -0.00103       -0.04309        0.01727        0.01725       -0.03601        0.01293
    127 12C|3P1             -0.00057       -0.02186        0.01408        0.01339       -0.00482        0.01016
    128 12C|3D-2             0.00004       -0.00871       -0.00112       -0.00127       -0.00269        0.00179
    129 12C|3D-1            -0.00043       -0.00077        0.01260        0.01428       -0.00035       -0.02001
    130 12C|3D0             -0.00013       -0.00046        0.00024        0.00022        0.00100        0.00268
    131 12C|3D1             -0.00081       -0.00027        0.00158        0.00141        0.00002        0.01736
    132 12C|3D2              0.00007       -0.00383       -0.00014       -0.00013        0.00080       -0.00155
    133 13C|1S0              0.00000       -0.00009       -0.00000       -0.00000        0.00120       -0.00001
    134 13C|2S0              0.00000       -0.01905       -0.00000        0.00000       -0.02873        0.00016
    135 13C|3S0              0.00001       -0.04193        0.00000       -0.00000       -0.04752        0.00027
    136 13C|2P-1            -0.00001        0.05465        0.00001        0.00001       -0.04820        0.00027
    137 13C|3P-1            -0.00001        0.03133        0.00001        0.00001       -0.02046        0.00011
    138 13C|2P0              0.01168       -0.00381        0.19501        0.19473       -0.00402       -0.14344
    139 13C|3P0              0.00653       -0.00194        0.15894        0.15119       -0.00109       -0.11420
    140 13C|2P1             -0.00103       -0.04303       -0.01728       -0.01725       -0.03604        0.01292
    141 13C|3P1             -0.00057       -0.02184       -0.01408       -0.01339       -0.00483        0.01015
    142 13C|3D-2             0.00004       -0.00871        0.00111        0.00126       -0.00269        0.00179
    143 13C|3D-1            -0.00043       -0.00077       -0.01258       -0.01427       -0.00035       -0.02001
    144 13C|3D0              0.00013        0.00046        0.00025        0.00022       -0.00100       -0.00268
    145 13C|3D1              0.00081        0.00027        0.00158        0.00141       -0.00002       -0.01738
    146 13C|3D2             -0.00007        0.00382       -0.00014       -0.00013       -0.00079        0.00156
    147 14C|1S0             -0.00000        0.00226        0.00000        0.00000       -0.00024        0.00000
    148 14C|2S0              0.00001       -0.03516        0.00000        0.00000       -0.01179        0.00007
    149 14C|3S0              0.00001       -0.07144       -0.00000        0.00000       -0.01996        0.00011
    150 14C|2P-1            -0.00002        0.08746       -0.00001       -0.00001       -0.02828        0.00017
    151 14C|3P-1            -0.00000        0.02536       -0.00001       -0.00001       -0.01433        0.00009
    152 14C|2P0              0.00969        0.00700       -0.19605       -0.20170        0.00161        0.16582
    153 14C|3P0              0.00622        0.00224       -0.15237       -0.16189        0.00094        0.12936
    154 14C|2P1             -0.00087        0.07899        0.01737        0.01787        0.00736       -0.01473
    155 14C|3P1             -0.00056        0.02532        0.01350        0.01434        0.00217       -0.01147
    156 14C|3D-2            -0.00006       -0.00971        0.00116        0.00118       -0.00336        0.00156
    157 14C|3D-1             0.00071       -0.00086       -0.01311       -0.01333       -0.00040       -0.01744
    158 14C|3D0             -0.00005       -0.00077        0.00032        0.00033       -0.00015       -0.00289
    159 14C|3D1             -0.00035        0.00014        0.00204        0.00211        0.00000       -0.01870
    160 14C|3D2              0.00003        0.00018       -0.00018       -0.00019        0.00099        0.00166
    161 15H|1S0              0.00001       -0.05415       -0.00000        0.00000        0.00591       -0.00003
    162 15H|2S0              0.00001       -0.03164        0.00000       -0.00000       -0.02193        0.00013
    163 15H|2P-1            -0.00000        0.00108       -0.00000       -0.00000       -0.00103        0.00001
    164 15H|2P0              0.00042        0.00016       -0.00739       -0.00695       -0.00016       -0.00535
    165 15H|2P1             -0.00004        0.00175        0.00065        0.00062       -0.00145        0.00048
    166 16C|1S0              0.00000       -0.00226        0.00000        0.00000        0.00024       -0.00000
    167 16C|2S0             -0.00001        0.03516        0.00000       -0.00000        0.01178       -0.00007
    168 16C|3S0             -0.00001        0.07143       -0.00000        0.00000        0.01994       -0.00011
    169 16C|2P-1             0.00002       -0.08753        0.00001        0.00001        0.02825       -0.00016
    170 16C|3P-1             0.00001       -0.02538        0.00001        0.00001        0.01432       -0.00008
    171 16C|2P0              0.00969        0.00700        0.19591        0.20163        0.00161        0.16608
    172 16C|3P0              0.00622        0.00224        0.15226        0.16183        0.00094        0.12957
    173 16C|2P1             -0.00087        0.07890       -0.01736       -0.01786        0.00738       -0.01476
    174 16C|3P1             -0.00056        0.02529       -0.01349       -0.01434        0.00218       -0.01149
    175 16C|3D-2            -0.00006       -0.00970       -0.00116       -0.00118       -0.00336        0.00157
    176 16C|3D-1             0.00071       -0.00086        0.01311        0.01333       -0.00040       -0.01745
    177 16C|3D0              0.00005        0.00078        0.00031        0.00033        0.00015        0.00289
    178 16C|3D1              0.00035       -0.00014        0.00203        0.00211       -0.00000        0.01869
    179 16C|3D2             -0.00003       -0.00020       -0.00018       -0.00019       -0.00100       -0.00166
    180 17H|1S0             -0.00001        0.05414       -0.00000        0.00000       -0.00589        0.00003
    181 17H|2S0             -0.00001        0.03164        0.00000       -0.00000        0.02194       -0.00013
    182 17H|2P-1             0.00000       -0.00108        0.00000        0.00000        0.00103       -0.00001
    183 17H|2P0              0.00042        0.00016        0.00739        0.00695       -0.00016       -0.00534
    184 17H|2P1             -0.00004        0.00175       -0.00065       -0.00062       -0.00145        0.00048
    185 18C|1S0              0.00000       -0.00000       -0.00000        0.00000       -0.00000        0.00000
    186 18C|2S0              0.00000       -0.00000       -0.00000        0.00000        0.00000       -0.00000
    187 18C|3S0              0.00000       -0.00001        0.00000        0.00000        0.00000       -0.00000
    188 18C|2P-1             0.00000        0.00005       -0.00000        0.00000        0.00000        0.00001
    189 18C|3P-1             0.00000        0.00001        0.00000       -0.00000        0.00000        0.00001
    190 18C|2P0              0.00403       -0.01178       -0.00008       -0.00003        0.00168        0.30706
    191 18C|3P0              0.00196       -0.00392       -0.00006       -0.00002        0.00160        0.24036
    192 18C|2P1             -0.00033       -0.13297        0.00001        0.00000       -0.00108       -0.02720
    193 18C|3P1             -0.00016       -0.04420        0.00001        0.00000        0.00234       -0.02131
    194 18C|3D-2            -0.00017       -0.03435       -0.00000       -0.00000       -0.00144       -0.00162
    195 18C|3D-1             0.00201       -0.00304        0.00000        0.00001       -0.00002        0.01834
    196 18C|3D0             -0.00000        0.00000       -0.00355       -0.00363        0.00000       -0.00000
    197 18C|3D1              0.00000       -0.00000       -0.02294       -0.02347       -0.00000       -0.00001
    198 18C|3D2             -0.00000       -0.00003        0.00205        0.00210        0.00000        0.00000
    199 19H|1S0             -0.00000        0.00959       -0.00000       -0.00000        0.01566       -0.00009
    200 19H|2S0             -0.00001        0.03186       -0.00000       -0.00000        0.01406       -0.00008
    201 19H|2P-1             0.00000       -0.00028       -0.00000       -0.00000       -0.00018        0.00000
    202 19H|2P0              0.00029        0.00020       -0.00736       -0.00745        0.00001        0.00599
    203 19H|2P1             -0.00003        0.00221        0.00065        0.00066       -0.00033       -0.00053
    204 20H|1S0              0.00000       -0.00958       -0.00000       -0.00000       -0.01565        0.00009
    205 20H|2S0              0.00001       -0.03186       -0.00000       -0.00000       -0.01405        0.00008
    206 20H|2P-1            -0.00000        0.00028        0.00000        0.00000        0.00018       -0.00000
    207 20H|2P0              0.00029        0.00020        0.00735        0.00745        0.00001        0.00600
    208 20H|2P1             -0.00003        0.00221       -0.00065       -0.00066       -0.00033       -0.00053
    209 21Cl|1S0             0.00000       -0.00000       -0.00000        0.00000        0.00000       -0.00000
    210 21Cl|2S0             0.00000       -0.00000       -0.00000        0.00000        0.00000       -0.00000
    211 21Cl|3S0             0.00000       -0.00000        0.00000        0.00000       -0.00000        0.00000
    212 21Cl|4S0            -0.00000        0.00000        0.00000        0.00000       -0.00001        0.00000
    213 21Cl|2P-1           -0.00000       -0.00000       -0.00000       -0.00000        0.00000       -0.00000
    214 21Cl|3P-1            0.00002        0.00002       -0.00000       -0.00000        0.00014       -0.00000
    215 21Cl|4P-1            0.00002        0.00002       -0.00000       -0.00000        0.00014       -0.00000
    216 21Cl|2P0            -0.00015        0.00000        0.00000       -0.00000       -0.00008       -0.00005
    217 21Cl|3P0             0.57966       -0.00271        0.00003       -0.00003       -0.02265       -0.01140
    218 21Cl|4P0             0.47980       -0.00224        0.00003       -0.00003       -0.02244       -0.01135
    219 21Cl|2P1             0.00001        0.00002       -0.00000        0.00000       -0.00096        0.00001
    220 21Cl|3P1            -0.05135       -0.03191       -0.00000        0.00000       -0.25488        0.00249
    221 21Cl|4P1            -0.04250       -0.02638       -0.00000        0.00000       -0.25255        0.00247
    222 21Cl|3D-2            0.00070        0.00059       -0.00000        0.00000       -0.01961        0.00011
    223 21Cl|3D-1           -0.00786        0.00005        0.00000       -0.00000       -0.00174       -0.00000
    224 21Cl|3D0            -0.00000        0.00000       -0.00033        0.00035       -0.00000       -0.00000
    225 21Cl|3D1            -0.00000        0.00000       -0.00216        0.00229       -0.00000       -0.00000
    226 21Cl|3D2             0.00000        0.00000        0.00019       -0.00020       -0.00002        0.00000
    227 22Cl|1S0             0.00000       -0.00000        0.00000        0.00000       -0.00000        0.00000
    228 22Cl|2S0             0.00000       -0.00000        0.00000        0.00000       -0.00000        0.00000
    229 22Cl|3S0             0.00000       -0.00000        0.00000        0.00000       -0.00000        0.00000
    230 22Cl|4S0             0.00000       -0.00000        0.00000       -0.00000       -0.00000        0.00000
    231 22Cl|2P-1            0.00000        0.00000        0.00000       -0.00000        0.00000       -0.00000
    232 22Cl|3P-1           -0.00000       -0.00022        0.00000        0.00000       -0.00000       -0.00001
    233 22Cl|4P-1           -0.00000       -0.00019        0.00000        0.00000        0.00000       -0.00001
    234 22Cl|2P0             0.00002       -0.00001        0.00000        0.00000       -0.00001       -0.00096
    235 22Cl|3P0            -0.03191        0.05135        0.00009        0.00003       -0.00249       -0.25487
    236 22Cl|4P0            -0.02639        0.04250        0.00008        0.00003       -0.00247       -0.25254
    237 22Cl|2P1            -0.00000       -0.00015       -0.00000       -0.00000       -0.00005        0.00008
    238 22Cl|3P1             0.00271        0.57966       -0.00001       -0.00000       -0.01140        0.02265
    239 22Cl|4P1             0.00224        0.47980       -0.00001       -0.00000       -0.01135        0.02244
    240 22Cl|3D-2            0.00005        0.00786        0.00000       -0.00000        0.00000       -0.00174
    241 22Cl|3D-1           -0.00059        0.00070       -0.00000       -0.00000        0.00011        0.01961
    242 22Cl|3D0            -0.00000       -0.00000       -0.00033       -0.00035        0.00000       -0.00000
    243 22Cl|3D1            -0.00000        0.00000       -0.00216       -0.00229        0.00000        0.00001
    244 22Cl|3D2             0.00000        0.00001        0.00019        0.00020        0.00000       -0.00000
 
         Orbital                58             59             60             61             62             63
         Energy              0.10151        0.11762        0.11762        0.13224        0.17300        0.17361
         Occ No.             0.00000        0.00000        0.00000        0.00000        0.00000        0.00000
      1 1C|1S0              -0.00000       -0.00004        0.00062       -0.00000        0.01417        0.00754
      2 1C|2S0               0.00002        0.00094       -0.01966        0.00001       -0.01250       -0.03517
      3 1C|3S0               0.00008        0.00511       -0.09967        0.00016       -0.45146       -0.35866
      4 1C|2P-1             -0.00006       -0.00146        0.02763       -0.00006       -0.03534       -0.02599
      5 1C|3P-1             -0.00007       -0.00359        0.06765       -0.00000       -0.09836       -0.16823
      6 1C|2P0               0.01701        0.01348        0.00378        0.01687        0.06761        0.07324
      7 1C|3P0               0.03142        0.02399        0.05525        0.03099        0.17725        0.36582
      8 1C|2P1               0.19162        0.15419        0.00754        0.19006       -0.00601       -0.00652
      9 1C|3P1               0.35423        0.30002        0.01042        0.34860       -0.01575       -0.03253
     10 1C|3D-2              0.01322       -0.02665       -0.00103        0.01882        0.00054        0.00082
     11 1C|3D-1              0.00117       -0.00218       -0.00351        0.00167       -0.00620       -0.00928
     12 1C|3D0               0.00023       -0.00365       -0.00029        0.00020        0.01046        0.01265
     13 1C|3D1               0.00151       -0.02361       -0.00128        0.00128       -0.00065       -0.00181
     14 1C|3D2              -0.00012        0.00215       -0.00107       -0.00010        0.01089        0.00171
     15 2C|1S0              -0.00000        0.00005       -0.00091        0.00000        0.00480        0.01132
     16 2C|2S0              -0.00001       -0.00214        0.04277       -0.00000       -0.06406       -0.02731
     17 2C|3S0               0.00011       -0.00532        0.10352        0.00001       -0.27438       -0.29878
     18 2C|2P-1              0.00007        0.00194       -0.03970        0.00008        0.02663        0.00992
     19 2C|3P-1              0.00013       -0.00270        0.05136        0.00019        0.20189        0.16474
     20 2C|2P0              -0.01540        0.01194        0.03540       -0.01889        0.04889        0.05492
     21 2C|3P0              -0.03155        0.02575       -0.03066       -0.03146        0.38762        0.27630
     22 2C|2P1              -0.17365        0.15447        0.00462       -0.21326       -0.00431       -0.00485
     23 2C|3P1              -0.35600        0.27255        0.01645       -0.35489       -0.03425       -0.02438
     24 2C|3D-2              0.01778        0.02739        0.00118        0.01334        0.00004       -0.00106
     25 2C|3D-1              0.00158        0.00233        0.00229        0.00119       -0.00043        0.01190
     26 2C|3D0              -0.00013       -0.00364        0.00132       -0.00017       -0.00106        0.01395
     27 2C|3D1              -0.00087       -0.02310       -0.00082       -0.00106        0.00031       -0.00173
     28 2C|3D2               0.00009        0.00176        0.00656        0.00011        0.00162        0.00476
     29 3C|1S0              -0.00000       -0.00000       -0.00000        0.00000        0.01029       -0.00946
     30 3C|2S0              -0.00000       -0.00003       -0.00000        0.00000        0.00612       -0.04657
     31 3C|3S0               0.00000        0.00005        0.00000       -0.00000       -0.46496        0.28632
     32 3C|2P-1              0.00000        0.00020        0.00001        0.00000       -0.01844        0.05423
     33 3C|3P-1              0.00000        0.00028        0.00001       -0.00000       -0.28867       -0.65241
     34 3C|2P0               0.00001       -0.02860       -0.00569        0.00001       -0.00000        0.00000
     35 3C|3P0               0.00011       -0.04426       -0.11009       -0.00003       -0.00000       -0.00001
     36 3C|2P1              -0.00000       -0.32522       -0.01598       -0.00000       -0.00002        0.00002
     37 3C|3P1              -0.00001       -0.56112       -0.01866        0.00000       -0.00013       -0.00034
     38 3C|3D-2              0.00000        0.01412        0.00395        0.00000       -0.00000        0.00003
     39 3C|3D-1             -0.00000        0.00310       -0.03645       -0.00001       -0.00000        0.00000
     40 3C|3D0               0.00471       -0.00000        0.00000        0.00423       -0.01403       -0.01636
     41 3C|3D1               0.03047        0.00000       -0.00001        0.02733        0.00267        0.00000
     42 3C|3D2              -0.00272        0.00001        0.00000       -0.00244        0.00565       -0.02832
     43 4C|1S0               0.00000       -0.00004        0.00091       -0.00000        0.00480        0.01132
     44 4C|2S0               0.00001        0.00216       -0.04277        0.00000       -0.06406       -0.02731
     45 4C|3S0              -0.00011        0.00509       -0.10353       -0.00001       -0.27438       -0.29878
     46 4C|2P-1             -0.00007       -0.00206        0.03969       -0.00008        0.02662        0.00992
     47 4C|3P-1             -0.00013        0.00247       -0.05137       -0.00019        0.20186        0.16472
     48 4C|2P0               0.01537        0.01191        0.03541        0.01889       -0.04889       -0.05492
     49 4C|3P0               0.03152        0.02577       -0.03064        0.03142       -0.38762       -0.27629
     50 4C|2P1               0.17365        0.15446        0.00475        0.21326        0.00435        0.00488
     51 4C|3P1               0.35600        0.27254        0.01662        0.35489        0.03443        0.02457
     52 4C|3D-2             -0.01778        0.02740        0.00119       -0.01334       -0.00004        0.00105
     53 4C|3D-1             -0.00157        0.00231        0.00229       -0.00118        0.00043       -0.01190
     54 4C|3D0              -0.00013        0.00365       -0.00132       -0.00016       -0.00106        0.01395
     55 4C|3D1              -0.00087        0.02310        0.00082       -0.00106        0.00031       -0.00174
     56 4C|3D2               0.00007       -0.00171       -0.00656        0.00008        0.00162        0.00476
     57 5C|1S0               0.00000        0.00002       -0.00062        0.00000        0.01417        0.00754
     58 5C|2S0              -0.00002       -0.00103        0.01965       -0.00001       -0.01250       -0.03517
     59 5C|3S0              -0.00008       -0.00491        0.09968       -0.00016       -0.45146       -0.35866
     60 5C|2P-1              0.00006        0.00132       -0.02764        0.00006       -0.03534       -0.02599
     61 5C|3P-1              0.00007        0.00321       -0.06766        0.00000       -0.09838       -0.16825
     62 5C|2P0              -0.01694        0.01352        0.00378       -0.01680       -0.06761       -0.07325
     63 5C|3P0              -0.03134        0.02371        0.05522       -0.03078       -0.17725       -0.36583
     64 5C|2P1              -0.19163        0.15419        0.00742       -0.19006        0.00597        0.00646
     65 5C|3P1              -0.35423        0.30006        0.01019       -0.34862        0.01565        0.03229
     66 5C|3D-2             -0.01322       -0.02665       -0.00104       -0.01882       -0.00056       -0.00082
     67 5C|3D-1             -0.00117       -0.00220       -0.00351       -0.00167        0.00620        0.00928
     68 5C|3D0               0.00023        0.00364        0.00029        0.00020        0.01046        0.01265
     69 5C|3D1               0.00151        0.02361        0.00128        0.00128       -0.00064       -0.00180
     70 5C|3D2              -0.00015       -0.00219        0.00107       -0.00013        0.01089        0.00171
     71 6C|1S0              -0.00000       -0.00000       -0.00000       -0.00000        0.00736        0.00995
     72 6C|2S0               0.00000        0.00007        0.00000       -0.00000       -0.05575       -0.05349
     73 6C|3S0               0.00000        0.00011        0.00001       -0.00000       -0.31782       -0.57158
     74 6C|2P-1              0.00000        0.00021        0.00001       -0.00000       -0.14032       -0.14271
     75 6C|3P-1              0.00000        0.00054        0.00003       -0.00000       -0.10363       -0.01408
     76 6C|2P0               0.00001       -0.03036       -0.00292        0.00002       -0.00000       -0.00000
     77 6C|3P0               0.00007       -0.05448        0.03698        0.00022       -0.00000       -0.00000
     78 6C|2P1              -0.00000       -0.34345       -0.01715       -0.00000       -0.00008       -0.00007
     79 6C|3P1              -0.00001       -0.59233       -0.03331       -0.00002       -0.00009       -0.00005
     80 6C|3D-2             -0.00000       -0.01753       -0.00058       -0.00000        0.00001        0.00001
     81 6C|3D-1              0.00001       -0.00138       -0.00348        0.00001       -0.00000       -0.00000
     82 6C|3D0              -0.00460       -0.00001       -0.00000       -0.00493       -0.01101       -0.01188
     83 6C|3D1              -0.02975        0.00000       -0.00001       -0.03191        0.00120        0.00138
     84 6C|3D2               0.00266       -0.00001        0.00000        0.00285       -0.00559       -0.00516
     85 7H|1S0              -0.00001       -0.00065        0.01287       -0.00001        0.03026        0.04200
     86 7H|2S0              -0.00005       -0.00324        0.06646       -0.00003        0.56860        0.73296
     87 7H|2P-1             -0.00000       -0.00002        0.00032       -0.00000       -0.00368       -0.00250
     88 7H|2P0               0.00083        0.00073        0.00002        0.00094        0.00459        0.00345
     89 7H|2P1               0.00933        0.00824        0.00042        0.01060       -0.00041       -0.00031
     90 8H|1S0               0.00000       -0.00062        0.01262        0.00000        0.01716        0.04292
     91 8H|2S0              -0.00002        0.00196       -0.03805        0.00006        0.72414        0.58680
     92 8H|2P-1              0.00000       -0.00011        0.00205        0.00000        0.00379        0.00093
     93 8H|2P0              -0.00083        0.00068        0.00175       -0.00095        0.00622        0.00108
     94 8H|2P1              -0.00936        0.00868        0.00028       -0.01071       -0.00055       -0.00009
     95 9H|1S0              -0.00000        0.00065       -0.01262       -0.00000        0.01716        0.04292
     96 9H|2S0               0.00002       -0.00187        0.03805       -0.00006        0.72414        0.58680
     97 9H|2P-1             -0.00000        0.00010       -0.00205       -0.00000        0.00379        0.00093
     98 9H|2P0               0.00083        0.00068        0.00175        0.00095       -0.00622       -0.00108
     99 9H|2P1               0.00936        0.00868        0.00029        0.01071        0.00055        0.00010
    100 10H|1S0              0.00001        0.00064       -0.01287        0.00001        0.03026        0.04200
    101 10H|2S0              0.00005        0.00345       -0.06645        0.00003        0.56860        0.73296
    102 10H|2P-1             0.00000        0.00001       -0.00032        0.00000       -0.00368       -0.00250
    103 10H|2P0             -0.00083        0.00073        0.00002       -0.00094       -0.00459       -0.00345
    104 10H|2P1             -0.00933        0.00824        0.00041       -0.01060        0.00040        0.00030
    105 11C|1S0             -0.00000        0.00000        0.00000       -0.00000        0.01030        0.00945
    106 11C|2S0             -0.00000        0.00002        0.00000        0.00000        0.00620        0.04658
    107 11C|3S0              0.00000        0.00001        0.00000        0.00000       -0.46547       -0.28558
    108 11C|2P-1            -0.00000        0.00004        0.00001        0.00000        0.01854        0.05419
    109 11C|3P-1            -0.00000       -0.00011        0.00002       -0.00000        0.28733       -0.65286
    110 11C|2P0             -0.00011       -0.01598        0.32522        0.00004       -0.00000        0.00000
    111 11C|3P0             -0.00022       -0.01866        0.56112        0.00004       -0.00000       -0.00002
    112 11C|2P1              0.00001        0.00569       -0.02860       -0.00000        0.00001        0.00003
    113 11C|3P1              0.00002        0.11007       -0.04426       -0.00000        0.00010       -0.00047
    114 11C|3D-2             0.00000       -0.03645       -0.00310       -0.00000        0.00001       -0.00003
    115 11C|3D-1            -0.00002       -0.00395        0.01412        0.00001        0.00000       -0.00000
    116 11C|3D0              0.00471        0.00000        0.00000       -0.00423        0.01194        0.01633
    117 11C|3D1              0.03047       -0.00000        0.00003       -0.02733       -0.00267        0.00001
    118 11C|3D2             -0.00272       -0.00003       -0.00000        0.00244       -0.00927        0.02835
    119 12C|1S0              0.00000       -0.00091       -0.00005       -0.00000        0.00478       -0.01133
    120 12C|2S0              0.00000        0.04277        0.00215        0.00000       -0.06400        0.02743
    121 12C|3S0             -0.00000        0.10353        0.00521       -0.00000       -0.27387        0.29951
    122 12C|2P-1             0.00001        0.03972        0.00199       -0.00001       -0.02659        0.00995
    123 12C|3P-1             0.00001       -0.05133       -0.00259       -0.00001       -0.20147        0.16492
    124 12C|2P0              0.17373        0.00468       -0.15436       -0.21328       -0.00432        0.00487
    125 12C|3P0              0.35616        0.01653       -0.27231       -0.35493       -0.03429        0.02452
    126 12C|2P1             -0.01539       -0.03538        0.01192        0.01889       -0.04880        0.05499
    127 12C|3P1             -0.03155        0.03065        0.02574        0.03144       -0.38711        0.27689
    128 12C|3D-2            -0.00157        0.00228       -0.00232        0.00118       -0.00045       -0.01189
    129 12C|3D-1             0.01777       -0.00119        0.02741       -0.01334       -0.00004       -0.00105
    130 12C|3D0             -0.00013        0.00502       -0.00333        0.00016        0.00194        0.00285
    131 12C|3D1             -0.00085        0.00082       -0.02309        0.00105       -0.00031       -0.00173
    132 12C|3D2              0.00008        0.00443        0.00229       -0.00009       -0.00014       -0.01448
    133 13C|1S0             -0.00000        0.00091        0.00005       -0.00000        0.00478       -0.01133
    134 13C|2S0              0.00000       -0.04276       -0.00215        0.00000       -0.06401        0.02744
    135 13C|3S0             -0.00000       -0.10353       -0.00521       -0.00000       -0.27383        0.29919
    136 13C|2P-1            -0.00001       -0.03967       -0.00200        0.00001       -0.02662        0.00998
    137 13C|3P-1            -0.00001        0.05136        0.00257        0.00001       -0.20171        0.16525
    138 13C|2P0             -0.17358        0.00469       -0.15458        0.21323        0.00432       -0.00487
    139 13C|3P0             -0.35586        0.01654       -0.27278        0.35483        0.03429       -0.02454
    140 13C|2P1              0.01538       -0.03543        0.01193       -0.01889        0.04877       -0.05501
    141 13C|3P1              0.03153        0.03063        0.02578       -0.03143        0.38697       -0.27697
    142 13C|3D-2             0.00158        0.00229       -0.00231       -0.00118        0.00045        0.01191
    143 13C|3D-1            -0.01779       -0.00118        0.02738        0.01334        0.00004        0.00106
    144 13C|3D0             -0.00014       -0.00502        0.00333        0.00016        0.00194        0.00285
    145 13C|3D1             -0.00088       -0.00082        0.02311        0.00107       -0.00031       -0.00173
    146 13C|3D2              0.00008       -0.00442       -0.00229       -0.00010       -0.00014       -0.01445
    147 14C|1S0             -0.00000        0.00062        0.00003       -0.00000        0.01415       -0.00756
    148 14C|2S0             -0.00000       -0.01966       -0.00099        0.00000       -0.01243        0.03519
    149 14C|3S0              0.00000       -0.09966       -0.00501        0.00000       -0.45083        0.35939
    150 14C|2P-1            -0.00001       -0.02763       -0.00140        0.00001        0.03532       -0.02609
    151 14C|3P-1            -0.00001       -0.06761       -0.00341        0.00001        0.09814       -0.16868
    152 14C|2P0             -0.19158        0.00748       -0.15427        0.19004       -0.00598        0.00650
    153 14C|3P0             -0.35416        0.01031       -0.30019        0.34856       -0.01564        0.03243
    154 14C|2P1              0.01697       -0.00380        0.01351       -0.01684       -0.06745        0.07335
    155 14C|3P1              0.03138       -0.05526        0.02386       -0.03088       -0.17646        0.36603
    156 14C|3D-2            -0.00117       -0.00351        0.00219        0.00167       -0.00620        0.00931
    157 14C|3D-1             0.01323        0.00104       -0.02663       -0.01883       -0.00055        0.00082
    158 14C|3D0              0.00024       -0.00078       -0.00370       -0.00020        0.00421        0.00484
    159 14C|3D1              0.00153        0.00128       -0.02361       -0.00129        0.00064       -0.00181
    160 14C|3D2             -0.00014       -0.00079        0.00208        0.00012        0.01447       -0.01183
    161 15H|1S0              0.00000        0.01262        0.00063        0.00000        0.01709       -0.04295
    162 15H|2S0             -0.00000       -0.03808       -0.00191       -0.00000        0.72302       -0.58799
    163 15H|2P-1             0.00000       -0.00205       -0.00010       -0.00000       -0.00378        0.00094
    164 15H|2P0              0.00937        0.00028       -0.00867       -0.01071       -0.00055        0.00010
    165 15H|2P1             -0.00083       -0.00175        0.00068        0.00095       -0.00622        0.00109
    166 16C|1S0             -0.00000       -0.00062       -0.00003       -0.00000        0.01415       -0.00756
    167 16C|2S0             -0.00000        0.01965        0.00099        0.00000       -0.01242        0.03518
    168 16C|3S0              0.00000        0.09968        0.00501        0.00000       -0.45077        0.35955
    169 16C|2P-1             0.00001        0.02763        0.00138       -0.00001        0.03527       -0.02603
    170 16C|3P-1             0.00001        0.06767        0.00339       -0.00001        0.09799       -0.16828
    171 16C|2P0              0.19167        0.00747       -0.15411       -0.19007        0.00598       -0.00650
    172 16C|3P0              0.35432        0.01029       -0.29988       -0.34863        0.01564       -0.03244
    173 16C|2P1             -0.01698       -0.00377        0.01350        0.01684        0.06748       -0.07339
    174 16C|3P1             -0.03139       -0.05521        0.02384        0.03089        0.17655       -0.36620
    175 16C|3D-2             0.00117       -0.00351        0.00219       -0.00167        0.00618       -0.00929
    176 16C|3D-1            -0.01321        0.00104       -0.02667        0.01882        0.00055       -0.00082
    177 16C|3D0              0.00023        0.00078        0.00370       -0.00020        0.00421        0.00484
    178 16C|3D1              0.00150       -0.00128        0.02360       -0.00126        0.00064       -0.00181
    179 16C|3D2             -0.00013        0.00078       -0.00207        0.00011        0.01449       -0.01185
    180 17H|1S0              0.00000       -0.01261       -0.00063       -0.00000        0.01709       -0.04295
    181 17H|2S0             -0.00000        0.03802        0.00191       -0.00000        0.72298       -0.58816
    182 17H|2P-1            -0.00000        0.00205        0.00010        0.00000       -0.00379        0.00094
    183 17H|2P0             -0.00936        0.00028       -0.00869        0.01071        0.00055       -0.00010
    184 17H|2P1              0.00083       -0.00175        0.00068       -0.00095        0.00621       -0.00109
    185 18C|1S0             -0.00000       -0.00000       -0.00000        0.00000        0.00734       -0.00996
    186 18C|2S0              0.00000        0.00000        0.00000        0.00000       -0.05567        0.05362
    187 18C|3S0             -0.00000        0.00002        0.00000        0.00000       -0.31674        0.57219
    188 18C|2P-1            -0.00000       -0.00000        0.00001       -0.00000        0.14008       -0.14300
    189 18C|3P-1            -0.00000        0.00001        0.00002       -0.00000        0.10371       -0.01441
    190 18C|2P0             -0.00015       -0.01715        0.34344        0.00007       -0.00000        0.00000
    191 18C|3P0             -0.00025       -0.03331        0.59233        0.00012        0.00000       -0.00000
    192 18C|2P1              0.00001        0.00292       -0.03036       -0.00001        0.00006       -0.00006
    193 18C|3P1              0.00002       -0.03698       -0.05448       -0.00001        0.00005       -0.00003
    194 18C|3D-2            -0.00000       -0.00348        0.00138        0.00000        0.00001       -0.00001
    195 18C|3D-1             0.00002        0.00058       -0.01753       -0.00002        0.00000       -0.00000
    196 18C|3D0             -0.00460        0.00000       -0.00000        0.00493        0.00066       -0.00147
    197 18C|3D1             -0.02975        0.00000       -0.00002        0.03191       -0.00120        0.00138
    198 18C|3D2              0.00266       -0.00000        0.00000       -0.00285       -0.01230        0.01289
    199 19H|1S0              0.00000        0.01287        0.00065       -0.00000        0.03018       -0.04206
    200 19H|2S0              0.00000        0.06645        0.00334       -0.00000        0.56720       -0.73398
    201 19H|2P-1            -0.00000       -0.00032       -0.00002        0.00000        0.00368       -0.00250
    202 19H|2P0             -0.00933        0.00042       -0.00824        0.01060       -0.00041        0.00031
    203 19H|2P1              0.00083       -0.00002        0.00073       -0.00094       -0.00458        0.00346
    204 20H|1S0             -0.00000       -0.01288       -0.00065       -0.00000        0.03018       -0.04206
    205 20H|2S0              0.00000       -0.06645       -0.00334       -0.00000        0.56720       -0.73404
    206 20H|2P-1             0.00000        0.00032        0.00002       -0.00000        0.00368       -0.00250
    207 20H|2P0              0.00933        0.00042       -0.00823       -0.01060        0.00041       -0.00031
    208 20H|2P1             -0.00083       -0.00002        0.00073        0.00094        0.00458       -0.00346
    209 21Cl|1S0             0.00000        0.00000        0.00000       -0.00000       -0.00188       -0.00254
    210 21Cl|2S0             0.00000        0.00001        0.00000       -0.00000       -0.01047       -0.01524
    211 21Cl|3S0            -0.00000       -0.00004       -0.00000        0.00000        0.03251        0.02476
    212 21Cl|4S0            -0.00000       -0.00018       -0.00001        0.00000        0.15967        0.15664
    213 21Cl|2P-1           -0.00000       -0.00000       -0.00000        0.00000        0.00201        0.00265
    214 21Cl|3P-1            0.00000        0.00004        0.00000       -0.00000       -0.11637       -0.11622
    215 21Cl|4P-1            0.00000        0.00010        0.00001       -0.00000       -0.25404       -0.26318
    216 21Cl|2P0             0.00000        0.00000        0.00018        0.00000        0.00000        0.00000
    217 21Cl|3P0             0.00001        0.00775        0.00938        0.00001       -0.00000       -0.00000
    218 21Cl|4P0             0.00000        0.01605        0.00999       -0.00002       -0.00000       -0.00000
    219 21Cl|2P1            -0.00000        0.00011       -0.00001       -0.00000        0.00000        0.00000
    220 21Cl|3P1            -0.00000        0.09262        0.00386       -0.00000       -0.00007       -0.00007
    221 21Cl|4P1            -0.00000        0.18646        0.00856        0.00000       -0.00014       -0.00015
    222 21Cl|3D-2           -0.00000        0.05602        0.00259       -0.00000       -0.00004       -0.00004
    223 21Cl|3D-1            0.00001        0.00483        0.00280        0.00001       -0.00000       -0.00000
    224 21Cl|3D0            -0.00157       -0.00001       -0.00000       -0.00170        0.02739        0.02988
    225 21Cl|3D1            -0.01013        0.00000       -0.00000       -0.01098       -0.00098       -0.00126
    226 21Cl|3D2             0.00090        0.00006        0.00000        0.00098        0.03649        0.03762
    227 22Cl|1S0             0.00000        0.00000        0.00000        0.00000       -0.00188        0.00255
    228 22Cl|2S0             0.00000        0.00000        0.00000        0.00000       -0.01045        0.01527
    229 22Cl|3S0            -0.00000       -0.00000       -0.00000       -0.00000        0.03246       -0.02482
    230 22Cl|4S0            -0.00000       -0.00001       -0.00000       -0.00000        0.15944       -0.15702
    231 22Cl|2P-1           -0.00000        0.00000       -0.00000        0.00000       -0.00200        0.00265
    232 22Cl|3P-1           -0.00000        0.00000       -0.00000       -0.00000        0.11618       -0.11647
    233 22Cl|4P-1           -0.00000       -0.00000       -0.00001       -0.00000        0.25362       -0.26374
    234 22Cl|2P0             0.00000       -0.00001       -0.00011       -0.00000        0.00000        0.00000
    235 22Cl|3P0             0.00005        0.00386       -0.09262       -0.00002       -0.00000        0.00000
    236 22Cl|4P0             0.00008        0.00856       -0.18644       -0.00004       -0.00000        0.00000
    237 22Cl|2P1            -0.00000       -0.00018        0.00000        0.00000       -0.00000        0.00000
    238 22Cl|3P1            -0.00000       -0.00938        0.00775        0.00000        0.00005       -0.00005
    239 22Cl|4P1            -0.00001       -0.00999        0.01605        0.00000        0.00010       -0.00011
    240 22Cl|3D-2            0.00000        0.00280       -0.00483       -0.00000       -0.00003        0.00004
    241 22Cl|3D-1           -0.00002       -0.00259        0.05602        0.00001       -0.00000        0.00000
    242 22Cl|3D0            -0.00157       -0.00000       -0.00000        0.00170        0.01788       -0.01768
    243 22Cl|3D1            -0.01013       -0.00000        0.00002        0.01098        0.00098       -0.00126
    244 22Cl|3D2             0.00090        0.00000       -0.00000       -0.00098        0.04189       -0.04478
 
 
 [Mulliken Population Analysis]
  Atomic charges: 
     1C       0.0989
     2C       0.0330
     3C      -0.0944
     4C       0.0330
     5C       0.0989
     6C      -0.1966
     7H       0.0398
     8H       0.0241
     9H       0.0241
    10H       0.0398
    11C      -0.0945
    12C       0.0331
    13C       0.0330
    14C       0.0989
    15H       0.0241
    16C       0.0989
    17H       0.0241
    18C      -0.1967
    19H       0.0398
    20H       0.0398
    21Cl     -0.1004
    22Cl     -0.1005
     Sum:     0.0000
 
 [Lowdin Population Analysis]
  Atomic charges: 
     1C      -0.0285
     2C      -0.0085
     3C      -0.0252
     4C      -0.0085
     5C      -0.0285
     6C      -0.1359
     7H       0.0343
     8H       0.0327
     9H       0.0327
    10H       0.0343
    11C      -0.0252
    12C      -0.0085
    13C      -0.0086
    14C      -0.0285
    15H       0.0327
    16C      -0.0285
    17H       0.0327
    18C      -0.1359
    19H       0.0343
    20H       0.0343
    21Cl      0.1010
    22Cl      0.1010
     Sum:     0.0000
 
 
 [Dipole moment: Debye]
              X          Y          Z         |u|
   Elec:0.5882E-04 0.1760E-03 0.5185E-05
   Nucl:-.2744E-13 0.7224E-13 0.1340E-12
   Totl:    0.0001     0.0002     0.0000     0.0002
 
 ---------------------------------------------------------------
  Timing of SCF calculation                                                       
 
  CPU TIME(S)      SYSTEM TIME(S)     WALL TIME(S)
        153.710            0.360              19.350
 ---------------------------------------------------------------
 
|******************************************************************************|
 
    Total cpu     time:        153.72  S
    Total system  time:          0.36  S
    Total wall    time:         19.35  S
 
    Current time   2022-05-04  13:00:50
    End running module scf
|******************************************************************************|
 
('/scratch/3,8-dicl-dibenzene_250', '/apps/users/lcz/task2/section1/isomer2/RHF_cc-pVDZ/BDF')
 Warning! Removing scratch files. If you would like to keep scratch files for restaring. Please use -keeptmpdir

Sender: Unischeduler System <lcz@mgt01>
Subject: Job 127789: <#!/bin/bash
#BSUB -J intel
#BSUB -o 3,8-dicl-dibenzene.out
#BSUB -n 8
#BSUB -q cqueue
#BSUB -R span[hosts=1]
export BDFHOME=/apps/users/lcz/bdf-pkg
export BDF_TMPDIR=/scratch/3,8-dicl-dibenzene_250
export USE_LIBCINT=no
export LD_LIBRARY_PATH=/apps/users/lcz/bdf-pkg/extlibs:/apps/users/lcz/bdf-pkg/libso:/apps/software/intel2019/mkl/lib/intel64:/apps/software/intel2019/compilers_and_libraries_2019/linux/lib/intel64:$LD_LIBRARY_PATH
ulimit -s unlimited
ulimit -t unlimited
export OMP_NUM_THREADS=8
export OMP_STACKSIZE=20G
/apps/users/lcz/bdf-pkg/sbin/bdfdrv.py -tmpdir /scratch/3,8-dicl-dibenzene_250 -r 3,8-dicl-dibenzene.inp > 3,8-dicl-dibenzene.out
rm -rf .3,8-dicl-dibenzene.wrk> Done

Job <#!/bin/bash
#BSUB -J intel
#BSUB -o 3,8-dicl-dibenzene.out
#BSUB -n 8
#BSUB -q cqueue
#BSUB -R span[hosts=1]
export BDFHOME=/apps/users/lcz/bdf-pkg
export BDF_TMPDIR=/scratch/3,8-dicl-dibenzene_250
export USE_LIBCINT=no
export LD_LIBRARY_PATH=/apps/users/lcz/bdf-pkg/extlibs:/apps/users/lcz/bdf-pkg/libso:/apps/software/intel2019/mkl/lib/intel64:/apps/software/intel2019/compilers_and_libraries_2019/linux/lib/intel64:$LD_LIBRARY_PATH
ulimit -s unlimited
ulimit -t unlimited
export OMP_NUM_THREADS=8
export OMP_STACKSIZE=20G
/apps/users/lcz/bdf-pkg/sbin/bdfdrv.py -tmpdir /scratch/3,8-dicl-dibenzene_250 -r 3,8-dicl-dibenzene.inp > 3,8-dicl-dibenzene.out
rm -rf .3,8-dicl-dibenzene.wrk> was submitted from host <mgt01> by user <lcz>.
Job was executed on host(s) <8*cnode12>, in queue <cqueue>, as user <lcz>.
</apps/users/lcz> was used as the home directory.
</apps/users/lcz/task2/section1/isomer2/RHF_cc-pVDZ/BDF> was used as the working directory.
Started at 2022-05-04 13:00:30
Results reported at 2022-05-04 13:00:50

Your job looked like:

------------------------------------------------------------
# User input
#!/bin/bash
#BSUB -J intel
#BSUB -o 3,8-dicl-dibenzene.out
#BSUB -n 8
#BSUB -q cqueue
#BSUB -R span[hosts=1]
export BDFHOME=/apps/users/lcz/bdf-pkg
export BDF_TMPDIR=/scratch/3,8-dicl-dibenzene_250
export USE_LIBCINT=no
export LD_LIBRARY_PATH=/apps/users/lcz/bdf-pkg/extlibs:/apps/users/lcz/bdf-pkg/libso:/apps/software/intel2019/mkl/lib/intel64:/apps/software/intel2019/compilers_and_libraries_2019/linux/lib/intel64:$LD_LIBRARY_PATH
ulimit -s unlimited
ulimit -t unlimited
export OMP_NUM_THREADS=8
export OMP_STACKSIZE=20G
/apps/users/lcz/bdf-pkg/sbin/bdfdrv.py -tmpdir /scratch/3,8-dicl-dibenzene_250 -r 3,8-dicl-dibenzene.inp > 3,8-dicl-dibenzene.out
rm -rf .3,8-dicl-dibenzene.wrk
------------------------------------------------------------

Successfully completed.

Resource usage summary:

    CPU time   :          132.87 sec.
    Max Memory :               246 MB
    Max Processes  :               5


The output (if any) follows:

