    end of RCAS, DRT ..........
               15             25
          15        25
          16        37
          17        53
          18        95
          19       151
          20       213
          21       275
          22       335
          23       374
          24       395
          25       402
       J    K   A  B  JM   J0   J1   J2   J3         Y1            Y2      Y3         X   IND
       1   15   7  0  2    26    0   27   28          0      7980     30954     46746  0 0 0 0 0 0 0 0
       2    1   0  0  0     0    0    0    0          0         0         0         0  0 0 0 0 0 0 0 0
       3   15   7  1  2    29   26   30   31       6134     14114     27610     44536  0 0 0 0 0 0 0 0
       4    1   0  0  0     0    0    0    0          0         0         0         0  0 0 0 0 0 0 0 0
       5    1   0  0  0     0    0    0    0          0         0         0         0  0 0 0 0 0 0 0 0
       6    1   0  0  0     0    0    0    0          0         0         0         0  0 0 0 0 0 0 0 0
       7    1   0  0  0     0    0    0    0          0         0         0         0  0 0 0 0 0 0 0 0
       8    1   0  0  0     0    0    0    0          0         0         0         0  0 0 0 0 0 0 0 0
       9    1   0  0  0     0    0    0    0          0         0         0         0  0 0 0 0 0 0 0 0
      10    1   0  0  0     0    0    0    0          0         0         0         0  0 0 0 0 0 0 0 0
      11   15   7  2  2    32   33   34   35        996      5254      8418     16132  0 0 0 0 0 0 0 0
      12    1   0  0  0     0    0    0    0          0         0         0         0  0 0 0 0 0 0 0 0
      13    1   0  0  0     0    0    0    0          0         0         0         0  0 0 0 0 0 0 0 0
      14    1   0  0  0     0    0    0    0          0         0         0         0  0 0 0 0 0 0 0 0
      15    1   0  0  0     0    0    0    0          0         0         0         0  0 0 0 0 0 0 0 0
      16    1   0  0  0     0    0    0    0          0         0         0         0  0 0 0 0 0 0 0 0
      17    1   0  0  0     0    0    0    0          0         0         0         0  0 0 0 0 0 0 0 0
      18    1   0  0  0     0    0    0    0          0         0         0         0  0 0 0 0 0 0 0 0
      19   15   8  0  2    36    0   33   37          0       632      4890      9468  0 0 0 0 0 0 0 0
      20    1   0  0  0     0    0    0    0          0         0         0         0  0 0 0 0 0 0 0 0
      21    1   0  0  0     0    0    0    0          0         0         0         0  0 0 0 0 0 0 0 0
      22    1   0  0  0     0    0    0    0          0         0         0         0  0 0 0 0 0 0 0 0
      23    1   0  0  0     0    0    0    0          0         0         0         0  0 0 0 0 0 0 0 0
      24    1   0  0  0     0    0    0    0          0         0         0         0  0 0 0 0 0 0 0 0
      25    1   0  0  0     0    0    0    0          0         0         0         0  0 0 0 0 0 0 0 0
      26   16   7  0  2    38    0   39   40          0       882      4284      7980  0 0 0 0 0 0 0 0
      27   16   6  1  2    39   40   41   42       3402      7098     13230     22974  1 0 0 0 0 0 0 0
      28   16   6  0  2    40    0   42   43          0      3696     13440     15792  2 0 0 0 0 0 0 0
      29   16   7  1  2    44   38   45   39        464      1346      2732      6134  0 0 0 0 0 0 0 0
      30   16   6  2  2    45   39   46   41       1386      4788      7364     13496  1 0 0 0 0 0 0 0
      31   16   6  1  2    39   40   41   47       3402      7098     13230     16926  2 0 0 0 0 0 0 0
      32   16   7  2  2     0   44   48   49          0       464       772       996  0 0 0 0 0 0 0 0
      33   16   7  1  2    44   50   49   39        464       632       856      4258  1 0 0 0 0 0 0 0
      34   16   6  3  2    48   49   51   46        308       532       588      3164  1 0 0 0 0 0 0 0
      35   16   6  2  2    49   39   46   52        224      3626      6202      7714  2 0 0 0 0 0 0 0
      36   16   8  0  2     0    0   44   50          0         0       464       632  0 0 0 0 0 0 0 0
      37   16   7  0  2    50    0   39   53          0       168      3570      4578  2 0 0 0 0 0 0 0
      38   17   7  0  2    54    0   55   56          0        56       364       882  0 0 0 0 0 0 0 0
      39   17   6  1  2    57   58   59   60        315       861      1680      3402  1 0 0 0 0 0 0 0
      40   17   6  0  2    56    0   61   62          0       518      2128      3696  2 0 0 0 0 0 0 0
      41   17   5  2  2    63   61   64   65        798      2408      3612      6132  2 0 0 0 0 0 0 0
      42   17   5  1  2    60   66   67   68       1722      3486      6216      9744  3 0 0 0 0 0 0 0
      43   17   5  0  2    69    0   70   71          0       490      1568      2352  4 0 0 0 0 0 0 0
      44   17   7  1  2    72   73   74   57         15        72       149       464  0 0 0 0 0 0 0 0
      45   17   6  2  2    75   55   76   63         77       385       588      1386  1 0 0 0 0 0 0 0
      46   17   5  3  2    77   59   78   79        203      1022      1337      2576  2 0 0 0 0 0 0 0
      47   17   5  1  2    80   81   82   83        518      1204      2128      3696  4 0 0 0 0 0 0 0
      48   17   6  3  2    84   74   85   77          7        84       105       308  1 0 0 0 0 0 0 0
      49   17   6  2  2    86   87   88   89          7        56        77       224  2 0 0 0 0 0 0 0
      50   17   7  0  2    90    0   87   91          0         7        56       168  2 0 0 0 0 0 0 0
      51   17   5  4  2     0   88    0   92          0         0        21        56  2 0 0 0 0 0 0 0
      52   17   5  2  2    89   93   94   95        147       553       798      1512  4 0 0 0 0 0 0 0
      53   17   6  0  2    91    0   93   69          0       112       518      1008  4 0 0 0 0 0 0 0
      54   18   7  0  2    96    0   97   98          0         1        14        56  0 0 0 0 0 0 0 0
      55   18   6  1  1    97   98   99  100         13        55       112       308  0 1 0 0 0 0 0 0
      56   18   6  0  2    98    0  100  101          0        42       238       518  0 2 0 0 0 0 0 0
      57   18   6  1  2   102  103  104  105         13        56       113       315  1 0 0 0 0 0 0 0
      58   18   6  0  1   103    0  105  106          0        43       245       546  1 1 0 0 0 0 0 0
      59   18   5  2  1   104  105  107  108         57       259       384       819  1 1 0 0 0 0 0 0
      60   18   5  1  2   105  106  108  109        202       503       938      1722  1 2 0 0 0 0 0 0
      61   18   5  1  1   100  101  110  111        196       476       896      1610  2 1 0 0 0 0 0 0
      62   18   5  0  2   101    0  111  112          0       280       994      1568  2 2 0 0 0 0 0 0
      63   18   5  2  2    99  100  113  110         57       253       378       798  2 0 0 0 0 0 0 0
      64   18   4  3  1   113  110  114  115        125       545       700      1204  2 1 0 0 0 0 0 0
      65   18   4  2  2   110  111  115  116        420      1134      1638      2520  2 2 0 0 0 0 0 0
      66   18   5  0  1   106    0  109  117          0       301      1085      1764  3 1 0 0 0 0 0 0
      67   18   4  2  1   108  109  118  119        435      1219      1743      2730  3 1 0 0 0 0 0 0
      68   18   4  1  2   109  117  119  120        784      1463      2450      3528  3 2 0 0 0 0 0 0
      69   18   5  0  2   121    0  122  123          0        70       280       490  4 0 0 0 0 0 0 0
      70   18   4  1  1   122  123  124  125        210       420       714      1078  4 1 0 0 0 0 0 0
      71   18   4  0  2   123    0  125  126          0       210       574       784  4 2 0 0 0 0 0 0
      72   18   7  1  2     0  127  128  102          0         1         2        15  0 0 0 0 0 0 0 0
      73   18   7  0  1   127    0  102  103          0         1        14        57  0 1 0 0 0 0 0 0
      74   18   6  2  1   128  102  129  104          1        14        20        77  0 1 0 0 0 0 0 0
      75   18   6  2  2   130   97  131   99          1        14        20        77  1 0 0 0 0 0 0 0
      76   18   5  3  1   131   99  132  113          6        63        78       203  1 1 0 0 0 0 0 0
      77   18   5  3  2   129  104  133  107          6        63        78       203  2 0 0 0 0 0 0 0
      78   18   4  4  1   133  107  134  135         15       140       160       315  2 1 0 0 0 0 0 0
      79   18   4  3  2   107  108  135  118        125       560       715      1239  2 2 0 0 0 0 0 0
      80   18   5  1  2   136  137  138  139         42       133       238       518  4 0 0 0 0 0 0 0
      81   18   5  0  1   137    0  139  140          0        91       371       686  4 1 0 0 0 0 0 0
      82   18   4  2  1   138  139  141  142        105       385       525       924  4 1 0 0 0 0 0 0
      83   18   4  1  2   139  140  142  143        280       595       994      1568  4 2 0 0 0 0 0 0
      84   18   6  3  2     0  128    0  129          0         0         1         7  1 0 0 0 0 0 0 0
      85   18   5  4  1     0  129    0  133          0         0         6        21  1 1 0 0 0 0 0 0
      86   18   6  2  2     0  144    0  145          0         0         1         7  2 0 0 0 0 0 0 0
      87   18   6  1  1   144  146  145  147          1         7        13        49  2 1 0 0 0 0 0 0
      88   18   5  3  1     0  145    0  148          0         0         6        21  2 1 0 0 0 0 0 0
      89   18   5  2  2   145  147  148  149          6        42        57       147  2 2 0 0 0 0 0 0
      90   18   7  0  2     0    0  144  146          0         0         1         7  2 0 0 0 0 0 0 0
      91   18   6  0  2   146    0  147  121          0         6        42       112  2 2 0 0 0 0 0 0
      92   18   4  4  2     0  148    0  150          0         0        15        35  2 2 0 0 0 0 0 0
      93   18   5  1  1   147  121  149  122         36       106       196       406  4 1 0 0 0 0 0 0
      94   18   4  3  1   148  149  150  151         15       105       125       245  4 1 0 0 0 0 0 0
      95   18   4  2  2   149  122  151  124         90       300       420       714  4 2 0 0 0 0 0 0
      96   19   7  0  2     0    0    0  152          0         0         0         1  0 0 0 0 0 0 0 0
      97   19   6  1  1     0  152  153  154          0         1         2        13  0 1 0 0 0 0 0 0
      98   19   6  0  2   152    0  154  155          0         1        12        42  0 2 0 0 0 0 0 0
      99   19   5  2  2   153  154  156  157          1        12        17        57  0 2 0 0 0 0 0 0
     100   19   5  1  1   154  155  157  158         11        41        81       196  0 3 0 0 0 0 0 0
     101   19   5  0  2   155    0  158  159          0        30       145       280  0 4 0 0 0 0 0 0
     102   19   6  1  2     0  160  161  162          0         1         2        13  1 0 0 0 0 0 0 0
     103   19   6  0  1   160    0  162  163          0         1        12        43  1 1 0 0 0 0 0 0
     104   19   5  2  1   161  162  164  165          1        12        17        57  1 1 0 0 0 0 0 0
     105   19   5  1  2   162  163  165  166         11        42        82       202  1 2 0 0 0 0 0 0
     106   19   5  0  1   163    0  166  167          0        31       151       301  1 3 0 0 0 0 0 0
     107   19   4  3  2   164  165  168  169          5        45        55       125  1 2 0 0 0 0 0 0
     108   19   4  2  1   165  166  169  170         40       160       230       435  1 3 0 0 0 0 0 0
     109   19   4  1  2   166  167  170  171        120       270       475       784  1 4 0 0 0 0 0 0
     110   19   4  2  2   157  158  172  173         40       155       225       420  2 2 0 0 0 0 0 0
     111   19   4  1  1   158  159  173  174        115       250       445       714  2 3 0 0 0 0 0 0
     112   19   4  0  2   159    0  174  175          0       135       404       574  2 4 0 0 0 0 0 0
     113   19   4  3  1   156  157  176  172          5        45        55       125  2 1 0 0 0 0 0 0
     114   19   3  4  2   176  172  177  178         10        80        90       155  2 2 0 0 0 0 0 0
     115   19   3  3  1   172  173  178  179         70       265       330       504  2 3 0 0 0 0 0 0
     116   19   3  2  2   173  174  179  180        195       464       638       882  2 4 0 0 0 0 0 0
     117   19   4  0  1   167    0  171  181          0       150       459       679  3 3 0 0 0 0 0 0
     118   19   3  3  2   169  170  182  183         70       275       340       524  3 2 0 0 0 0 0 0
     119   19   3  2  1   170  171  183  184        205       514       698       987  3 3 0 0 0 0 0 0
     120   19   3  1  2   171  181  184  185        309       529       818      1078  3 4 0 0 0 0 0 0
     121   19   5  0  2   186    0  187  188          0         5        30        70  4 0 0 0 0 0 0 0
     122   19   4  1  1   187  188  189  190         25        65       115       210  4 1 0 0 0 0 0 0
     123   19   4  0  2   188    0  190  191          0        40       135       210  4 2 0 0 0 0 0 0
     124   19   3  2  2   189  190  192  193         50       145       195       294  4 2 0 0 0 0 0 0
     125   19   3  1  1   190  191  193  194         95       170       269       364  4 3 0 0 0 0 0 0
     126   19   3  0  2   191    0  194  195          0        75       170       210  4 4 0 0 0 0 0 0
     127   19   7  0  1     0    0    0  160          0         0         0         1  0 1 0 0 0 0 0 0
     128   19   6  2  1     0    0    0  161          0         0         0         1  0 1 0 0 0 0 0 0
     129   19   5  3  2     0  161    0  164          0         0         1         6  0 2 0 0 0 0 0 0
     130   19   6  2  2     0    0    0  153          0         0         0         1  1 0 0 0 0 0 0 0
     131   19   5  3  1     0  153    0  156          0         0         1         6  1 1 0 0 0 0 0 0
     132   19   4  4  2     0  156    0  176          0         0         5        15  1 2 0 0 0 0 0 0
     133   19   4  4  1     0  164    0  168          0         0         5        15  2 1 0 0 0 0 0 0
     134   19   3  5  2     0  168    0  196          0         0        10        20  2 2 0 0 0 0 0 0
     135   19   3  4  1   168  169  196  182         10        80        90       155  2 3 0 0 0 0 0 0
     136   19   5  1  2   197  198  199  200          1         7        12        42  4 0 0 0 0 0 0 0
     137   19   5  0  1   198    0  200  201          0         6        36        91  4 1 0 0 0 0 0 0
     138   19   4  2  1   199  200  202  203          5        35        45       105  4 1 0 0 0 0 0 0
     139   19   4  1  2   200  201  203  204         30        85       145       280  4 2 0 0 0 0 0 0
     140   19   4  0  1   201    0  204  205          0        55       190       315  4 3 0 0 0 0 0 0
     141   19   3  3  2   202  203  206  207         10        70        80       140  4 2 0 0 0 0 0 0
     142   19   3  2  1   203  204  207  208         60       195       255       399  4 3 0 0 0 0 0 0
     143   19   3  1  2   204  205  208  209        135       260       404       574  4 4 0 0 0 0 0 0
     144   19   6  1  1     0    0    0  210          0         0         0         1  2 1 0 0 0 0 0 0
     145   19   5  2  2     0  210    0  211          0         0         1         6  2 2 0 0 0 0 0 0
     146   19   6  0  2     0    0  210  186          0         0         1         6  2 2 0 0 0 0 0 0
     147   19   5  1  1   210  186  211  187          1         6        11        36  2 3 0 0 0 0 0 0
     148   19   4  3  1     0  211    0  212          0         0         5        15  2 3 0 0 0 0 0 0
     149   19   4  2  2   211  187  212  189          5        30        40        90  2 4 0 0 0 0 0 0
     150   19   3  4  2     0  212    0  213          0         0        10        20  2 4 0 0 0 0 0 0
     151   19   3  3  1   212  189  213  192         10        60        70       120  4 3 0 0 0 0 0 0
     152   20   6  0  2     0    0    0  214          0         0         0         1  0 2 0 0 0 0 0 0
     153   20   5  2  2     0    0    0  215          0         0         0         1  0 2 0 0 0 0 0 0
     154   20   5  1  1     0  214  215  216          0         1         2        11  0 3 0 0 0 0 0 0
     155   20   5  0  2   214    0  216  217          0         1        10        30  0 4 0 0 0 0 0 0
     156   20   4  3  1     0  215    0  218          0         0         1         5  0 3 0 0 0 0 0 0
     157   20   4  2  2   215  216  218  219          1        10        14        40  0 4 0 0 0 0 0 0
     158   20   4  1  1   216  217  219  220          9        29        55       115  0 5 0 0 0 0 0 0
     159   20   4  0  2   217    0  220  221          0        20        80       135  0 6 0 0 0 0 0 0
     160   20   6  0  1     0    0    0  222          0         0         0         1  1 1 0 0 0 0 0 0
     161   20   5  2  1     0    0    0  223          0         0         0         1  1 1 0 0 0 0 0 0
     162   20   5  1  2     0  222  223  224          0         1         2        11  1 2 0 0 0 0 0 0
     163   20   5  0  1   222    0  224  225          0         1        10        31  1 3 0 0 0 0 0 0
     164   20   4  3  2     0  223    0  226          0         0         1         5  1 2 0 0 0 0 0 0
     165   20   4  2  1   223  224  226  227          1        10        14        40  1 3 0 0 0 0 0 0
     166   20   4  1  2   224  225  227  228          9        30        56       120  1 4 0 0 0 0 0 0
     167   20   4  0  1   225    0  228  229          0        21        85       150  1 5 0 0 0 0 0 0
     168   20   3  4  1     0  226    0  230          0         0         4        10  1 3 0 0 0 0 0 0
     169   20   3  3  2   226  227  230  231          4        30        36        70  1 4 0 0 0 0 0 0
     170   20   3  2  1   227  228  231  232         26        90       124       205  1 5 0 0 0 0 0 0
     171   20   3  1  2   228  229  232  233         64       129       210       309  1 6 0 0 0 0 0 0
     172   20   3  3  1   218  219  234  235          4        30        36        70  2 3 0 0 0 0 0 0
     173   20   3  2  2   219  220  235  236         26        86       120       195  2 4 0 0 0 0 0 0
     174   20   3  1  1   220  221  236  237         60       115       190       269  2 5 0 0 0 0 0 0
     175   20   3  0  2   221    0  237  238          0        55       134       170  2 6 0 0 0 0 0 0
     176   20   3  4  2     0  218    0  234          0         0         4        10  2 2 0 0 0 0 0 0
     177   20   2  5  1     0  234    0  239          0         0         6        10  2 3 0 0 0 0 0 0
     178   20   2  4  2   234  235  239  240          6        40        44        65  2 4 0 0 0 0 0 0
     179   20   2  3  1   235  236  240  241         34       109       130       174  2 5 0 0 0 0 0 0
     180   20   2  2  2   236  237  241  242         75       154       198       244  2 6 0 0 0 0 0 0
     181   20   3  0  1   229    0  233  243          0        65       164       220  3 5 0 0 0 0 0 0
     182   20   2  4  1   230  231  244  245          6        40        44        65  3 3 0 0 0 0 0 0
     183   20   2  3  2   231  232  245  246         34       115       136       184  3 4 0 0 0 0 0 0
     184   20   2  2  1   232  233  246  247         81       180       228       289  3 5 0 0 0 0 0 0
     185   20   2  1  2   233  243  247  248         99       155       216       260  3 6 0 0 0 0 0 0
     186   20   5  0  2     0    0  249  250          0         0         1         5  4 0 0 0 0 0 0 0
     187   20   4  1  1   249  250  251  252          1         5         9        25  4 1 0 0 0 0 0 0
     188   20   4  0  2   250    0  252  253          0         4        20        40  4 2 0 0 0 0 0 0
     189   20   3  2  2   251  252  254  255          4        20        26        50  4 2 0 0 0 0 0 0
     190   20   3  1  1   252  253  255  256         16        36        60        95  4 3 0 0 0 0 0 0
     191   20   3  0  2   253    0  256  257          0        20        55        75  4 4 0 0 0 0 0 0
     192   20   2  3  1   254  255  258  259          6        30        34        50  4 3 0 0 0 0 0 0
     193   20   2  2  2   255  256  259  260         24        59        75        99  4 4 0 0 0 0 0 0
     194   20   2  1  1   256  257  260  261         35        55        79        95  4 5 0 0 0 0 0 0
     195   20   2  0  2   257    0  261  262          0        20        36        40  4 6 0 0 0 0 0 0
     196   20   2  5  2     0  230    0  244          0         0         6        10  2 4 0 0 0 0 0 0
     197   20   5  1  2     0    0    0  263          0         0         0         1  4 0 0 0 0 0 0 0
     198   20   5  0  1     0    0  263  264          0         0         1         6  4 1 0 0 0 0 0 0
     199   20   4  2  1     0  263    0  265          0         0         1         5  4 1 0 0 0 0 0 0
     200   20   4  1  2   263  264  265  266          1         6        10        30  4 2 0 0 0 0 0 0
     201   20   4  0  1   264    0  266  267          0         5        25        55  4 3 0 0 0 0 0 0
     202   20   3  3  2     0  265    0  268          0         0         4        10  4 2 0 0 0 0 0 0
     203   20   3  2  1   265  266  268  269          4        24        30        60  4 3 0 0 0 0 0 0
     204   20   3  1  2   266  267  269  270         20        50        80       135  4 4 0 0 0 0 0 0
     205   20   3  0  1   267    0  270  271          0        30        85       125  4 5 0 0 0 0 0 0
     206   20   2  4  1     0  268    0  272          0         0         6        10  4 3 0 0 0 0 0 0
     207   20   2  3  2   268  269  272  273          6        36        40        60  4 4 0 0 0 0 0 0
     208   20   2  2  1   269  270  273  274         30        85       105       144  4 5 0 0 0 0 0 0
     209   20   2  1  2   270  271  274  275         55        95       134       170  4 6 0 0 0 0 0 0
     210   20   5  1  1     0    0    0  249          0         0         0         1  2 3 0 0 0 0 0 0
     211   20   4  2  2     0  249    0  251          0         0         1         5  2 4 0 0 0 0 0 0
     212   20   3  3  1     0  251    0  254          0         0         4        10  2 5 0 0 0 0 0 0
     213   20   2  4  2     0  254    0  258          0         0         6        10  2 6 0 0 0 0 0 0
     214   21   5  0  2     0    0    0  276          0         0         0         1  0 4 0 0 0 0 0 0
     215   21   4  2  2     0    0    0  277          0         0         0         1  0 4 0 0 0 0 0 0
     216   21   4  1  1     0  276  277  278          0         1         2         9  0 5 0 0 0 0 0 0
     217   21   4  0  2   276    0  278  279          0         1         8        20  0 6 0 0 0 0 0 0
     218   21   3  3  1     0  277    0  280          0         0         1         4  0 5 0 0 0 0 0 0
     219   21   3  2  2   277  278  280  281          1         8        11        26  0 6 0 0 0 0 0 0
     220   21   3  1  1   278  279  281  282          7        19        34        60  0 7 0 0 0 0 0 0
     221   21   3  0  2   279    0  282  283          0        12        38        55  0 8 0 0 0 0 0 0
     222   21   5  0  1     0    0    0  284          0         0         0         1  1 3 0 0 0 0 0 0
     223   21   4  2  1     0    0    0  285          0         0         0         1  1 3 0 0 0 0 0 0
     224   21   4  1  2     0  284  285  286          0         1         2         9  1 4 0 0 0 0 0 0
     225   21   4  0  1   284    0  286  287          0         1         8        21  1 5 0 0 0 0 0 0
     226   21   3  3  2     0  285    0  288          0         0         1         4  1 4 0 0 0 0 0 0
     227   21   3  2  1   285  286  288  289          1         8        11        26  1 5 0 0 0 0 0 0
     228   21   3  1  2   286  287  289  290          7        20        35        64  1 6 0 0 0 0 0 0
     229   21   3  0  1   287    0  290  291          0        13        42        65  1 7 0 0 0 0 0 0
     230   21   2  4  1     0  288    0  292          0         0         3         6  1 5 0 0 0 0 0 0
     231   21   2  3  2   288  289  292  293          3        18        21        34  1 6 0 0 0 0 0 0
     232   21   2  2  1   289  290  293  294         15        44        57        81  1 7 0 0 0 0 0 0
     233   21   2  1  2   290  291  294  295         29        52        76        99  1 8 0 0 0 0 0 0
     234   21   2  4  2     0  280    0  296          0         0         3         6  2 4 0 0 0 0 0 0
     235   21   2  3  1   280  281  296  297          3        18        21        34  2 5 0 0 0 0 0 0
     236   21   2  2  2   281  282  297  298         15        41        54        75  2 6 0 0 0 0 0 0
     237   21   2  1  1   282  283  298  299         26        43        64        79  2 7 0 0 0 0 0 0
     238   21   2  0  2   283    0  299  300          0        17        32        36  2 8 0 0 0 0 0 0
     239   21   1  5  1     0  296    0  301          0         0         3         4  2 5 0 0 0 0 0 0
     240   21   1  4  2   296  297  301  302          3        16        17        21  2 6 0 0 0 0 0 0
     241   21   1  3  1   297  298  302  303         13        34        38        44  2 7 0 0 0 0 0 0
     242   21   1  2  2   298  299  303  304         21        36        42        46  2 8 0 0 0 0 0 0
     243   21   2  0  1   291    0  295  305          0        23        46        56  3 7 0 0 0 0 0 0
     244   21   1  5  2     0  292    0  306          0         0         3         4  3 4 0 0 0 0 0 0
     245   21   1  4  1   292  293  306  307          3        16        17        21  3 5 0 0 0 0 0 0
     246   21   1  3  2   293  294  307  308         13        37        41        48  3 6 0 0 0 0 0 0
     247   21   1  2  1   294  295  308  309         24        47        54        61  3 7 0 0 0 0 0 0
     248   21   1  1  2   295  305  309  310         23        33        40        44  3 8 0 0 0 0 0 0
     249   21   4  1  1     0    0    0  311          0         0         0         1  4 1 0 0 0 0 0 0
     250   21   4  0  2     0    0  311  312          0         0         1         4  4 2 0 0 0 0 0 0
     251   21   3  2  2     0  311    0  313          0         0         1         4  4 2 0 0 0 0 0 0
     252   21   3  1  1   311  312  313  314          1         4         7        16  4 3 0 0 0 0 0 0
     253   21   3  0  2   312    0  314  315          0         3        12        20  4 4 0 0 0 0 0 0
     254   21   2  3  1     0  313    0  316          0         0         3         6  4 3 0 0 0 0 0 0
     255   21   2  2  2   313  314  316  317          3        12        15        24  4 4 0 0 0 0 0 0
     256   21   2  1  1   314  315  317  318          9        17        26        35  4 5 0 0 0 0 0 0
     257   21   2  0  2   315    0  318  319          0         8        17        20  4 6 0 0 0 0 0 0
     258   21   1  4  2     0  316    0  320          0         0         3         4  4 4 0 0 0 0 0 0
     259   21   1  3  1   316  317  320  321          3        12        13        16  4 5 0 0 0 0 0 0
     260   21   1  2  2   317  318  321  322          9        18        21        24  4 6 0 0 0 0 0 0
     261   21   1  1  1   318  319  322  323          9        12        15        16  4 7 0 0 0 0 0 0
     262   21   1  0  2   319    0  323    0          0         3         0         4  4 8 0 0 0 0 0 0
     263   21   4  1  2     0    0    0  324          0         0         0         1  4 2 0 0 0 0 0 0
     264   21   4  0  1     0    0  324  325          0         0         1         5  4 3 0 0 0 0 0 0
     265   21   3  2  1     0  324    0  326          0         0         1         4  4 3 0 0 0 0 0 0
     266   21   3  1  2   324  325  326  327          1         5         8        20  4 4 0 0 0 0 0 0
     267   21   3  0  1   325    0  327  328          0         4        16        30  4 5 0 0 0 0 0 0
     268   21   2  3  2     0  326    0  329          0         0         3         6  4 4 0 0 0 0 0 0
     269   21   2  2  1   326  327  329  330          3        15        18        30  4 5 0 0 0 0 0 0
     270   21   2  1  2   327  328  330  331         12        26        38        55  4 6 0 0 0 0 0 0
     271   21   2  0  1   328    0  331  332          0        14        31        40  4 7 0 0 0 0 0 0
     272   21   1  4  1     0  329    0  333          0         0         3         4  4 5 0 0 0 0 0 0
     273   21   1  3  2   329  330  333  334          3        15        16        20  4 6 0 0 0 0 0 0
     274   21   1  2  1   330  331  334  335         12        29        33        39  4 7 0 0 0 0 0 0
     275   21   1  1  2   331  332  335  310         17        26        32        36  4 8 0 0 0 0 0 0
     276   22   4  0  2     0    0    0  336          0         0         0         1  0 6 0 0 0 0 0 0
     277   22   3  2  2     0    0    0  337          0         0         0         1  0 6 0 0 0 0 0 0
     278   22   3  1  1     0  336  337  338          0         1         2         7  0 7 0 0 0 0 0 0
     279   22   3  0  2   336    0  338  339          0         1         6        12  0 8 0 0 0 0 0 0
     280   22   2  3  1     0  337    0  340          0         0         1         3  0 7 0 0 0 0 0 0
     281   22   2  2  2   337  338  340  341          1         6         8        15  0 8 0 0 0 0 0 0
     282   22   2  1  1   338  339  341  342          5        11        18        26  0 9 0 0 0 0 0 0
     283   22   2  0  2   339    0  342  343          0         6        14        17  010 0 0 0 0 0 0
     284   22   4  0  1     0    0    0  344          0         0         0         1  1 5 0 0 0 0 0 0
     285   22   3  2  1     0    0    0  345          0         0         0         1  1 5 0 0 0 0 0 0
     286   22   3  1  2     0  344  345  346          0         1         2         7  1 6 0 0 0 0 0 0
     287   22   3  0  1   344    0  346  347          0         1         6        13  1 7 0 0 0 0 0 0
     288   22   2  3  2     0  345    0  348          0         0         1         3  1 6 0 0 0 0 0 0
     289   22   2  2  1   345  346  348  349          1         6         8        15  1 7 0 0 0 0 0 0
     290   22   2  1  2   346  347  349  350          5        12        19        29  1 8 0 0 0 0 0 0
     291   22   2  0  1   347    0  350  351          0         7        17        23  1 9 0 0 0 0 0 0
     292   22   1  4  1     0  348    0  352          0         0         2         3  1 7 0 0 0 0 0 0
     293   22   1  3  2   348  349  352  353          2         9        10        13  1 8 0 0 0 0 0 0
     294   22   1  2  1   349  350  353  354          7        17        20        24  1 9 0 0 0 0 0 0
     295   22   1  1  2   350  351  354  355         10        16        20        23  110 0 0 0 0 0 0
     296   22   1  4  2     0  340    0  356          0         0         2         3  2 6 0 0 0 0 0 0
     297   22   1  3  1   340  341  356  357          2         9        10        13  2 7 0 0 0 0 0 0
     298   22   1  2  2   341  342  357  358          7        15        18        21  2 8 0 0 0 0 0 0
     299   22   1  1  1   342  343  358  359          8        11        14        15  2 9 0 0 0 0 0 0
     300   22   1  0  2   343    0  359    0          0         3         0         4  210 0 0 0 0 0 0
     301   22   0  5  1     0  356    0    0          0         0         0         1  2 7 0 0 0 0 0 0
     302   22   0  4  2   356  357    0    0          1         0         0         4  2 8 0 0 0 0 0 0
     303   22   0  3  1   357  358    0    0          3         0         0         6  2 9 0 0 0 0 0 0
     304   22   0  2  2   358  359    0    0          3         0         0         4  210 0 0 0 0 0 0
     305   22   1  0  1   351    0  355  360          0         6         9        10  3 9 0 0 0 0 0 0
     306   22   0  5  2     0  352    0    0          0         0         0         1  3 6 0 0 0 0 0 0
     307   22   0  4  1   352  353    0    0          1         0         0         4  3 7 0 0 0 0 0 0
     308   22   0  3  2   353  354    0    0          3         0         0         7  3 8 0 0 0 0 0 0
     309   22   0  2  1   354  355    0    0          4         0         0         7  3 9 0 0 0 0 0 0
     310   22   0  1  2   355  360    0    0          3         0         0         4  310 0 0 0 0 0 0
     311   22   3  1  1     0    0    0  361          0         0         0         1  4 3 0 0 0 0 0 0
     312   22   3  0  2     0    0  361  362          0         0         1         3  4 4 0 0 0 0 0 0
     313   22   2  2  2     0  361    0  363          0         0         1         3  4 4 0 0 0 0 0 0
     314   22   2  1  1   361  362  363  364          1         3         5         9  4 5 0 0 0 0 0 0
     315   22   2  0  2   362    0  364  365          0         2         6         8  4 6 0 0 0 0 0 0
     316   22   1  3  1     0  363    0  366          0         0         2         3  4 5 0 0 0 0 0 0
     317   22   1  2  2   363  364  366  367          2         6         7         9  4 6 0 0 0 0 0 0
     318   22   1  1  1   364  365  367  359          4         6         8         9  4 7 0 0 0 0 0 0
     319   22   1  0  2   365    0  359    0          0         2         0         3  4 8 0 0 0 0 0 0
     320   22   0  4  2     0  366    0    0          0         0         0         1  4 6 0 0 0 0 0 0
     321   22   0  3  1   366  367    0    0          1         0         0         3  4 7 0 0 0 0 0 0
     322   22   0  2  2   367  359    0    0          2         0         0         3  4 8 0 0 0 0 0 0
     323   22   0  1  1   359    0    0    0          0         0         0         1  4 9 0 0 0 0 0 0
     324   22   3  1  2     0    0    0  368          0         0         0         1  4 4 0 0 0 0 0 0
     325   22   3  0  1     0    0  368  369          0         0         1         4  4 5 0 0 0 0 0 0
     326   22   2  2  1     0  368    0  370          0         0         1         3  4 5 0 0 0 0 0 0
     327   22   2  1  2   368  369  370  371          1         4         6        12  4 6 0 0 0 0 0 0
     328   22   2  0  1   369    0  371  372          0         3         9        14  4 7 0 0 0 0 0 0
     329   22   1  3  2     0  370    0  373          0         0         2         3  4 6 0 0 0 0 0 0
     330   22   1  2  1   370  371  373  374          2         8         9        12  4 7 0 0 0 0 0 0
     331   22   1  1  2   371  372  374  355          6        11        14        17  4 8 0 0 0 0 0 0
     332   22   1  0  1   372    0  355  360          0         5         8         9  4 9 0 0 0 0 0 0
     333   22   0  4  1     0  373    0    0          0         0         0         1  4 7 0 0 0 0 0 0
     334   22   0  3  2   373  374    0    0          1         0         0         4  4 8 0 0 0 0 0 0
     335   22   0  2  1   374  355    0    0          3         0         0         6  4 9 0 0 0 0 0 0
     336   23   3  0  2     0    0    0  375          0         0         0         1  0 8 0 0 0 0 0 0
     337   23   2  2  2     0    0    0  376          0         0         0         1  0 8 0 0 0 0 0 0
     338   23   2  1  1     0  375  376  377          0         1         2         5  0 9 0 0 0 0 0 0
     339   23   2  0  2   375    0  377  378          0         1         4         6  010 0 0 0 0 0 0
     340   23   1  3  1     0  376    0  379          0         0         1         2  0 9 0 0 0 0 0 0
     341   23   1  2  2   376  377  379  380          1         4         5         7  010 0 0 0 0 0 0
     342   23   1  1  1   377  378  380  381          3         5         7         8  011 0 0 0 0 0 0
     343   23   1  0  2   378    0  381    0          0         2         0         3  012 0 0 0 0 0 0
     344   23   3  0  1     0    0    0  382          0         0         0         1  1 7 0 0 0 0 0 0
     345   23   2  2  1     0    0    0  383          0         0         0         1  1 7 0 0 0 0 0 0
     346   23   2  1  2     0  382  383  384          0         1         2         5  1 8 0 0 0 0 0 0
     347   23   2  0  1   382    0  384  385          0         1         4         7  1 9 0 0 0 0 0 0
     348   23   1  3  2     0  383    0  386          0         0         1         2  1 8 0 0 0 0 0 0
     349   23   1  2  1   383  384  386  387          1         4         5         7  1 9 0 0 0 0 0 0
     350   23   1  1  2   384  385  387  388          3         6         8        10  110 0 0 0 0 0 0
     351   23   1  0  1   385    0  388  389          0         3         5         6  111 0 0 0 0 0 0
     352   23   0  4  1     0  386    0    0          0         0         0         1  1 9 0 0 0 0 0 0
     353   23   0  3  2   386  387    0    0          1         0         0         3  110 0 0 0 0 0 0
     354   23   0  2  1   387  388    0    0          2         0         0         4  111 0 0 0 0 0 0
     355   23   0  1  2   388  389    0    0          2         0         0         3  112 0 0 0 0 0 0
     356   23   0  4  2     0  379    0    0          0         0         0         1  2 8 0 0 0 0 0 0
     357   23   0  3  1   379  380    0    0          1         0         0         3  2 9 0 0 0 0 0 0
     358   23   0  2  2   380  381    0    0          2         0         0         3  210 0 0 0 0 0 0
     359   23   0  1  1   381    0    0    0          0         0         0         1  211 0 0 0 0 0 0
     360   23   0  0  1   389    0    0    0          0         0         0         1  311 0 0 0 0 0 0
     361   23   2  1  1     0    0    0  390          0         0         0         1  4 5 0 0 0 0 0 0
     362   23   2  0  2     0    0  390  391          0         0         1         2  4 6 0 0 0 0 0 0
     363   23   1  2  2     0  390    0  392          0         0         1         2  4 6 0 0 0 0 0 0
     364   23   1  1  1   390  391  392  381          1         2         3         4  4 7 0 0 0 0 0 0
     365   23   1  0  2   391    0  381    0          0         1         0         2  4 8 0 0 0 0 0 0
     366   23   0  3  1     0  392    0    0          0         0         0         1  4 7 0 0 0 0 0 0
     367   23   0  2  2   392  381    0    0          1         0         0         2  4 8 0 0 0 0 0 0
     368   23   2  1  2     0    0    0  393          0         0         0         1  4 6 0 0 0 0 0 0
     369   23   2  0  1     0    0  393  394          0         0         1         3  4 7 0 0 0 0 0 0
     370   23   1  2  1     0  393    0  395          0         0         1         2  4 7 0 0 0 0 0 0
     371   23   1  1  2   393  394  395  388          1         3         4         6  4 8 0 0 0 0 0 0
     372   23   1  0  1   394    0  388  389          0         2         4         5  4 9 0 0 0 0 0 0
     373   23   0  3  2     0  395    0    0          0         0         0         1  4 8 0 0 0 0 0 0
     374   23   0  2  1   395  388    0    0          1         0         0         3  4 9 0 0 0 0 0 0
     375   24   2  0  2     0    0    0  396          0         0         0         1  010 0 0 0 0 0 0
     376   24   1  2  2     0    0    0  397          0         0         0         1  010 0 0 0 0 0 0
     377   24   1  1  1     0  396  397  398          0         1         2         3  011 0 0 0 0 0 0
     378   24   1  0  2   396    0  398 2442          0         1         0         2  012 0 0 0 0 0 0
     379   24   0  3  1     0  397    0    0          0         0         0         1  011 0 0 0 0 0 0
     380   24   0  2  2   397  398    0    0          1         0         0         2  012 0 0 0 0 0 0
     381   24   0  1  1   398 2442    0    0          0         0         0         1  013 0 0 0 0 0 0
     382   24   2  0  1     0    0    0  399          0         0         0         1  1 9 0 0 0 0 0 0
     383   24   1  2  1     0    0    0  400          0         0         0         1  1 9 0 0 0 0 0 0
     384   24   1  1  2     0  399  400  401          0         1         2         3  110 0 0 0 0 0 0
     385   24   1  0  1   399    0  401  402          0         1         2         3  111 0 0 0 0 0 0
     386   24   0  3  2     0  400    0    0          0         0         0         1  110 0 0 0 0 0 0
     387   24   0  2  1   400  401    0    0          1         0         0         2  111 0 0 0 0 0 0
     388   24   0  1  2   401  402    0    0          1         0         0         2  112 0 0 0 0 0 0
     389   24   0  0  1   402    0    0    0          0         0         0         1  113 0 0 0 0 0 0
     390   24   1  1  1     0    0    0  398          0         0         0         1  4 7 0 0 0 0 0 0
     391   24   1  0  2     0    0  398 2442          0         0         0         1  4 8 0 0 0 0 0 0
     392   24   0  2  2     0  398    0    0          0         0         0         1  4 8 0 0 0 0 0 0
     393   24   1  1  2     0    0    0  401          0         0         0         1  4 8 0 0 0 0 0 0
     394   24   1  0  1     0    0  401  402          0         0         1         2  4 9 0 0 0 0 0 0
     395   24   0  2  1     0  401    0    0          0         0         0         1  4 9 0 0 0 0 0 0
     396   25   1  0  2  2447    0 2448 2449          0         0         0         1  012 0 0 0 0 0 0
     397   25   0  2  2     0    0    0    0          0         0         0         1  012 0 0 0 0 0 0
     398   25   0  1  1     0    0    0    0          0         0         0         1  013 0 0 0 0 0 0
     399   25   1  0  1     0    0    0    0          0         0         0         1  111 0 0 0 0 0 0
     400   25   0  2  1     0    0    0    0          0         0         0         1  111 0 0 0 0 0 0
     401   25   0  1  2     0    0    0    0          0         0         0         1  112 0 0 0 0 0 0
     402   25   0  0  1     0    0    0    0          0         0         0         1  113 0 0 0 0 0 0
