#!awk.bdf.output
====================== BDF version information ============================
commit 15a5aac1bbb5a2a101a9aa715fa1cdc141611229
Author: Yibo Lei <leiyb@nwu.edu.cn>
Date:   Sun Jan 16 18:50:00 2022 +0800

    change Vircut to VSD and add Pre-CMO by MCSCF MOs and refine ploop search of xianci
===========================================================================
BDFHOME =  /apps/software/bdf-pkg
BDF_TMPDIR = /tmp
BDF_MPIRUN =  None
BDF_MPIROOT =  None
|---------------------------------------------------------------------|
 Could not find mpirun. Set to serial running ...


(' BDFHOME     = ', '/apps/users/lcz/bdf-pkg')
(' BDF_WORKDIR = ', '/apps/users/lcz/exe9/task1/bdf/benzene')
(' BDF_TMPDIR  = ', '/scratch/ben-rhf_617')
(' BDFTASK     = ', 'ben-rhf')

  BDF parallel running information ...
('  BDF_MASTER_NODE', 'cnode16')
('  BDF_MPIROOT = ', 'None')
  Total number of computational nodes   = 1
  Number of processes per node          = 1
  Number of openmp threads per process  = 8


('  Singlepoint_task = ', True)
('  Fragmp2_task     = ', False)


$compass
title
benzene rhf
basis
cc-pvdz
geometry
C 1.21105763915345 0.69916522296351 -0.00000002423937
C 0.00000000882288 1.39827374718112 -0.00000003476372
C -1.21105761456966 0.69916520818333 0.00000001202970
C -1.21105765944965 -0.69916521253772 -0.00000002028759
C -0.00000002924690 -1.39827375425198 -0.00000006510495
C 1.21105759634142 -0.69916519566758 -0.00000001139166
H 2.15727867932261 1.24550656935944 0.00000002108822
H -0.00000003268748 2.49090825711365 -0.00000007876766
H -2.15727859099377 1.24550663211660 0.00000011262075
H -2.15727863065228 -1.24550666379260 0.00000002492918
H -0.00000001076256 -2.49090826242235 -0.00000006787266
H 2.15727864472193 -1.24550654824542 0.00000013175977
end geometry
nosymm
saorb
$end
$xuanyuan
$end
$scf
rhf
charge
0
molden
$end
('tmpstdin ', True)
('npro is ', 1)
('\n BDF command: ', '/apps/users/lcz/bdf-pkg/bin/compass.x /scratch/ben-rhf_617/ben-rhfXX0.compass.inp')
  BDF process        0 of        1 on Serial  
 
|******************************************************************************|
 
    Start running module compass
    Current time   2022-04-23  18:14:49
 
|******************************************************************************|

 ++++++++++ Reading compass input ++++++++++++++++++
 TITLE
 BASIS
 Input Basis set is cc-pVDZ
 Spherical GTO 5d,7f
 GEOMETRY
 C       1.21105764      0.69916522     -0.00000002
 C       0.00000001      1.39827375     -0.00000003
 C      -1.21105761      0.69916521      0.00000001
 C      -1.21105766     -0.69916521     -0.00000002
 C      -0.00000003     -1.39827375     -0.00000007
 C       1.21105760     -0.69916520     -0.00000001
 H       2.15727868      1.24550657      0.00000002
 H      -0.00000003      2.49090826     -0.00000008
 H      -2.15727859      1.24550663      0.00000011
 H      -2.15727863     -1.24550666      0.00000002
 H      -0.00000001     -2.49090826     -0.00000007
 H       2.15727864     -1.24550655      0.00000013
 Number of atoms:       12
 NOSYMM
 SAORB
 $END
 ++++++++++ End of reading compass input +++++++++++++


|-------------------------------------------------------------------------------------------|

 Atom           Cartcoord(Bohr)                 Charge Basis Auxbas Uatom Nstab Alink  Mass
  C        2.288567     1.321231    -0.000000     6.00    1     0     0     0   E     11.9967
  C        0.000000     2.642354    -0.000000     6.00    1     0     0     0   E     11.9967
  C       -2.288567     1.321231     0.000000     6.00    1     0     0     0   E     11.9967
  C       -2.288567    -1.321231    -0.000000     6.00    1     0     0     0   E     11.9967
  C       -0.000000    -2.642354    -0.000000     6.00    1     0     0     0   E     11.9967
  C        2.288567    -1.321231    -0.000000     6.00    1     0     0     0   E     11.9967
  H        4.076666     2.353666     0.000000     1.00    2     0     0     0   E      1.0073
  H       -0.000000     4.707134    -0.000000     1.00    2     0     0     0   E      1.0073
  H       -4.076666     2.353666     0.000000     1.00    2     0     0     0   E      1.0073
  H       -4.076666    -2.353666     0.000000     1.00    2     0     0     0   E      1.0073
  H       -0.000000    -4.707134    -0.000000     1.00    2     0     0     0   E      1.0073
  H        4.076666    -2.353666     0.000000     1.00    2     0     0     0   E      1.0073
 
|--------------------------------------------------------------------------------------------|

  End of reading atomic basis sets ..
 Printing basis sets for checking ....

 Atomic label:  C    6
 Maximum L  2 9s4p1d ----> 3s2p1d NBF =  14
 #--->s function
      Exp Coef          Norm Coef       Con Coef
          6665.000000   0.186365E+04    0.000692   -0.000293    0.000000
          1000.000000   0.449278E+03    0.005326   -0.002318    0.000000
           228.000000   0.148240E+03    0.027061   -0.011500    0.000000
            64.710000   0.576426E+02    0.101657   -0.046827    0.000000
            21.060000   0.248376E+02    0.274575   -0.128466    0.000000
             7.495000   0.114444E+02    0.448294   -0.301266    0.000000
             2.797000   0.546430E+01    0.284903   -0.255631    0.000000
             0.521500   0.155044E+01    0.015195    1.093793    0.000000
             0.159600   0.637954E+00    0.000000    0.000000    1.000000
 #--->p function
      Exp Coef          Norm Coef       Con Coef
             9.439000   0.482661E+02    0.056979    0.000000
             2.002000   0.694727E+01    0.313207    0.000000
             0.545600   0.136797E+01    0.760377    0.000000
             0.151700   0.276195E+00    0.000000    1.000000
 #--->d function
      Exp Coef          Norm Coef       Con Coef
             0.550000   0.916567E+00    1.000000
 

 Atomic label:  H    1
 Maximum L  1 4s1p ----> 2s1p NBF =   5
 #--->s function
      Exp Coef          Norm Coef       Con Coef
            13.010000   0.173070E+02    0.033499    0.000000
             1.962000   0.418831E+01    0.234801    0.000000
             0.444600   0.137560E+01    0.813683    0.000000
             0.122000   0.521537E+00    0.000000    1.000000
 #--->p function
      Exp Coef          Norm Coef       Con Coef
             0.727000   0.195840E+01    1.000000
 
 
 Atomic masses
   11.9967   11.9967   11.9967   11.9967   11.9967
   11.9967    1.0073    1.0073    1.0073    1.0073
    1.0073    1.0073

 Molecular center of mass
        -0.00000002     0.00000000    -0.00000004

 Molecular center of nuclear charge
        -0.00000001     0.00000000    -0.00000003
 [molesym]
 Representation generated
 C|1|)|                     1
 Symmetry check OK
  Number of symmery unique centers:                     12

|-------------------------------------------------------------------------------------------|

 Atom           Cartcoord(Bohr)                 Charge Basis Auxbas Uatom Nstab Alink  Mass
  C        2.288567     1.321231    -0.000000     6.00    1     0     0     0   E     11.9967
  C        0.000000     2.642354    -0.000000     6.00    1     0     0     0   E     11.9967
  C       -2.288567     1.321231     0.000000     6.00    1     0     0     0   E     11.9967
  C       -2.288567    -1.321231    -0.000000     6.00    1     0     0     0   E     11.9967
  C       -0.000000    -2.642354    -0.000000     6.00    1     0     0     0   E     11.9967
  C        2.288567    -1.321231    -0.000000     6.00    1     0     0     0   E     11.9967
  H        4.076666     2.353666     0.000000     1.00    2     0     0     0   E      1.0073
  H       -0.000000     4.707134    -0.000000     1.00    2     0     0     0   E      1.0073
  H       -4.076666     2.353666     0.000000     1.00    2     0     0     0   E      1.0073
  H       -4.076666    -2.353666     0.000000     1.00    2     0     0     0   E      1.0073
  H       -0.000000    -4.707134    -0.000000     1.00    2     0     0     0   E      1.0073
  H        4.076666    -2.353666     0.000000     1.00    2     0     0     0   E      1.0073
 
|--------------------------------------------------------------------------------------------|

Number of irreps:    1
IRREP:   1   1   1
DIMEN:   1   1   1

 Irreps of multipole moment operators ...
 Operator  Component    Irrep       Row
  Dipole       x           A           1
  Dipole       y           A           1
  Dipole       z           A           1
  Quadpole     xx          A           1
  Quadpole     xy          A           1
  Quadpole     yy          A           1
  Quadpole     xz          A           1
  Quadpole     yz          A           1
  Quadpole     zz          A           1
 
 Generate symmetry adapted orbital ...
 Print Multab
  1

|--------------------------------------------------|
         Symmetry adapted orbital                   

  Irrep : A 

Total number of basis functions:     114     114

  Irrep :     A
  Norb  :    114
|--------------------------------------------------|

Total number of shells:       30
 R max for this shell (Bohr)   12.5599999999998       9.691695042155263E-011
 R max for this shell (Bohr)   12.6699999999998       9.644888246466983E-011
 R max for this shell (Bohr)   6.99999999999994       9.556501796124278E-011
 R max for this shell (Bohr)   14.0099999999998       3.009977724958305E-010
 R max for this shell (Bohr)   5.92999999999996       9.975876222407632E-011
 
Number of atoms:      12
Number of basis functions:     114
 
|******************************************************************************|
 
    Total cpu     time:          0.01  S
    Total system  time:          0.02  S
    Total wall    time:          0.87  S
 
    Current time   2022-04-23  18:14:50
    End running module compass
|******************************************************************************|
 
 Filename: /scratch/ben-rhf_617/ben-rhf.undmol mode: w+b 
BDFTASK: ben-rhf 
INPUT FILE: ben-rhf.undmolinp 
 Scratch dir: ben-rhf 
 Scratch dir: ben-rhf 
string ben-rhf.undmolinp len 17 
 Filename: ben-rhf.chkfil mode: rb 

 Read data from check file! 
Found string UNDMOLIN at position 10 
Idisk 2422144 
Number of irreps: 1, number of basis: 114 
irrep: 1, num: 114 
char= (A) 
char= ( ) 
j= 1 
rpmname: a 
('tmpstdin ', True)
('npro is ', 1)
('\n BDF command: ', '/apps/users/lcz/bdf-pkg/bin/xuanyuan.x /scratch/ben-rhf_617/ben-rhfXX1.xuanyuan.inp')
  BDF process        0 of        1 on Serial  
 
|******************************************************************************|
 
    Start running module xuanyuan
    Current time   2022-04-23  18:14:50
 
|******************************************************************************|

|-------------------------------------------------------------------------------------------|

 Atom           Cartcoord(Bohr)                 Charge Basis Auxbas Uatom Nstab Alink  Mass
  C        2.288567     1.321231    -0.000000     6.00    1     0     1     1   E     11.9967
  C        0.000000     2.642354    -0.000000     6.00    1     0     1     1   E     11.9967
  C       -2.288567     1.321231     0.000000     6.00    1     0     1     1   E     11.9967
  C       -2.288567    -1.321231    -0.000000     6.00    1     0     1     1   E     11.9967
  C       -0.000000    -2.642354    -0.000000     6.00    1     0     1     1   E     11.9967
  C        2.288567    -1.321231    -0.000000     6.00    1     0     1     1   E     11.9967
  H        4.076666     2.353666     0.000000     1.00    2     0     1     1   E      1.0073
  H       -0.000000     4.707134    -0.000000     1.00    2     0     1     1   E      1.0073
  H       -4.076666     2.353666     0.000000     1.00    2     0     1     1   E      1.0073
  H       -4.076666    -2.353666     0.000000     1.00    2     0     1     1   E      1.0073
  H       -0.000000    -4.707134    -0.000000     1.00    2     0     1     1   E      1.0073
  H        4.076666    -2.353666     0.000000     1.00    2     0     1     1   E      1.0073
 
|--------------------------------------------------------------------------------------------|

 $xuanyuan                                                                      
                                          
 $end                                                                           
                                          
  Mass polarization term:  F
 Total nuclear charge :         42.00
 Nuclear repulsion energy :     202.8150925965 a.u.

 Total number of primitive  basis sets :          198
 Total number of prim-cart  basis sets :          204
 Total number of contracted basis sets :          114

  Estimate memory for calculating 2e integrals...
 Minium memory to calculate ERIs:        0.960 M

[aoint_1e]
  Calculating one electron integrals ...
  S T and V integrals ....
  Dipole and Quadupole integrals ....
  Finish calculating one electron integrals ...
 
 ---------------------------------------------------------------
  Timing to calculate 1-electronic integrals                                      
 
  CPU TIME(S)      SYSTEM TIME(S)     WALL TIME(S)
          0.040            0.160               0.020
 ---------------------------------------------------------------
 
 Finish calculating 1e integral ...
 Character Table
    1
 
 Total number of electronic repulsion integrals      21487290
 
 Number  of  symmetry adapted ERIs:            21487290
 Actual  Memory  of  SO-ERI buffer:      21 M
 Optimized Memory of SO-ERI buffer:      21 M
 
 Calculating ERIs...
 
 ---------------------------------------------------------------
  Timing to calculate 2-electronic integrals                                      
 
  CPU TIME(S)      SYSTEM TIME(S)     WALL TIME(S)
          3.850            0.690               3.210
 ---------------------------------------------------------------
 
 Symadpt    time      0.280     0.030     0.210
 Indices    time      0.810     0.030     0.800
 Sort save  time      0.060     0.200     0.260
 ERI total  time      1.680     0.130     1.430
 Zeta & Rys time      0.000     0.000     0.000
 2D         time      0.000     0.000     0.000
 2D-6D      time      0.000     0.000     0.000
 6D cntr    time      0.000     0.000     0.000
 HRR        time      0.000     0.000     0.000
|******************************************************************************|
 
    Total cpu     time:          3.94  S
    Total system  time:          0.85  S
    Total wall    time:          3.35  S
 
    Current time   2022-04-23  18:14:54
    End running module xuanyuan
|******************************************************************************|
 
('tmpstdin ', True)
('npro is ', 1)
('\n BDF command: ', '/apps/users/lcz/bdf-pkg/bin/scf.x /scratch/ben-rhf_617/ben-rhfXX2.scf.inp')
  BDF process        0 of        1 on Serial  
 
|******************************************************************************|
 
    Start running module scf
    Current time   2022-04-23  18:14:54
 
|******************************************************************************|

|-------------------------------------------------------------------------------------------|

 Atom           Cartcoord(Bohr)                 Charge Basis Auxbas Uatom Nstab Alink  Mass
  C        2.288567     1.321231    -0.000000     6.00    1     0     1     1   E     11.9967
  C        0.000000     2.642354    -0.000000     6.00    1     0     1     1   E     11.9967
  C       -2.288567     1.321231     0.000000     6.00    1     0     1     1   E     11.9967
  C       -2.288567    -1.321231    -0.000000     6.00    1     0     1     1   E     11.9967
  C       -0.000000    -2.642354    -0.000000     6.00    1     0     1     1   E     11.9967
  C        2.288567    -1.321231    -0.000000     6.00    1     0     1     1   E     11.9967
  H        4.076666     2.353666     0.000000     1.00    2     0     1     1   E      1.0073
  H       -0.000000     4.707134    -0.000000     1.00    2     0     1     1   E      1.0073
  H       -4.076666     2.353666     0.000000     1.00    2     0     1     1   E      1.0073
  H       -4.076666    -2.353666     0.000000     1.00    2     0     1     1   E      1.0073
  H       -0.000000    -4.707134    -0.000000     1.00    2     0     1     1   E      1.0073
  H        4.076666    -2.353666     0.000000     1.00    2     0     1     1   E      1.0073
 
|--------------------------------------------------------------------------------------------|

  [ SCF control ] 
 $scf
 rhf
 charge
 molden
 $end
 
  --- PRINT: Information about SCF Calculation --- 
 ICTRL_FRAGSCF=  0
 IPRTMO=  1
 MAXITER=  100
 THRENE= 0.10E-07 THRDEN= 0.50E-05
 DAMP= 0.00 VSHIFT= 0.00
 IFDIIS= T
 THRDIIS= 0.10E+01
 MINDIIS=   2 MAXDIIS=   8
 iCHECK=  0
 iAUFBAU=  1
 INIGUESS=  0
 IfMPEC= F
 IfCOSX= F
 Occupation number:
  Without occupation number in input.

 Wave function information ...
 Total Nuclear charge    :      42
 Total electrons         :      42
 ECP-core electrons      :       0
 Spin multiplicity(2S+1) :       1
 Num. of alpha electrons :      21
 Num. of beta  electrons :      21
 

 Threshold in dft prescreening ...
 Thresh_shellvalue_dft :  0.10000E-09
 ThreshRho     :  0.10000E-11

  --- END:  Information about SCF Calculation  --- 
 
 The SMH converger is used...
 Finish scf input!

 DirectHF  F
  Reading 1-e integrals ...
  Start so_scf_init
  Finish so_scf_init
 
 Total number of electronic repulsion integrals      21487290
 Nuclear repulsion energy =   202.81509260
 
 iniguess                     0                     0
 
 [ATOM SCF control]
  heff=                      0
 After initial atom grid ...
 Finish atom    1  C             -37.3274218272
 After initial atom grid ...
 Finish atom    2  H              -0.4992784034
 
 Superposition of atomic densities as initial guess.
 skipaocheck T F
 Solve HC=EC in pflmo space.  F       21       93
 Initial guess energy =   -226.9602013836
 

 Start SCF iteration......


Iter.   idiis  vshift       SCF Energy            DeltaE          RMSDeltaD          MaxDeltaD      Damping    Times(S) 
   1      0    0.000    -233.7534947812      -6.7932933976       0.0128970643       0.2694139075    0.0000      0.41
   2      1    0.000    -230.5575813871       3.1959133941       0.0052053238       0.0836380228    0.0000      0.41
   3      2    0.000    -230.5814416124      -0.0238602253       0.0028579421       0.0375445716    0.0000      0.40
   4      3    0.000    -230.7203634587      -0.1389218463       0.0003198999       0.0055669784    0.0000      0.40
   5      4    0.000    -230.7212271776      -0.0008637189       0.0000768188       0.0012751725    0.0000      0.40
   6      5    0.000    -230.7213019069      -0.0000747293       0.0000074788       0.0001198087    0.0000      0.40
   7      6    0.000    -230.7213021039      -0.0000001970       0.0000004888       0.0000084438    0.0000      0.41
   8      7    0.000    -230.7213021043      -0.0000000004       0.0000000305       0.0000004294    0.0000      0.42
 diis/vshift is closed at iter =   8
   9      0    0.000    -230.7213021043      -0.0000000000       0.0000000015       0.0000000241    0.0000      0.39

  Label              CPU Time        SYS Time        Wall Time
 SCF iteration time:        20.110 S        1.490 S        3.720 S

 Final DeltaE = -2.671640686457977E-012
 Final DeltaD =  1.483631517805506E-009  5.000000000000000E-005
 
 Final scf result
   E_tot =              -230.72130210
   E_ele =              -433.53639470
   E_nn  =               202.81509260
   E_1e  =              -712.04711671
   E_ne  =              -942.38947604
   E_kin =               230.34235933
   E_ee  =               278.51072201
   E_xc  =                 0.00000000
  Virial Theorem      2.001645
 

 [Final occupation pattern: ]
 
 Irreps:        A   
 
 detailed occupation for iden/irep:      1   1
    1.00 1.00 1.00 1.00 1.00 1.00 1.00 1.00 1.00 1.00
    1.00 1.00 1.00 1.00 1.00 1.00 1.00 1.00 1.00 1.00
    1.00 0.00 0.00 0.00 0.00 0.00 0.00 0.00 0.00 0.00
    0.00 0.00 0.00 0.00 0.00 0.00 0.00 0.00 0.00 0.00
    0.00 0.00 0.00 0.00 0.00 0.00 0.00 0.00 0.00 0.00
    0.00 0.00 0.00 0.00 0.00 0.00 0.00 0.00 0.00 0.00
    0.00 0.00 0.00 0.00 0.00 0.00 0.00 0.00 0.00 0.00
    0.00 0.00 0.00 0.00 0.00 0.00 0.00 0.00 0.00 0.00
    0.00 0.00 0.00 0.00 0.00 0.00 0.00 0.00 0.00 0.00
    0.00 0.00 0.00 0.00 0.00 0.00 0.00 0.00 0.00 0.00
    0.00 0.00 0.00 0.00 0.00 0.00 0.00 0.00 0.00 0.00
    0.00 0.00 0.00 0.00
 Alpha      21.00
 

 [Orbital energies:]

 Energy of occ-orbs:    A            21
             -11.24149547     -11.24095191     -11.24095143     -11.23977836     -11.23977812
             -11.23920699      -1.14600994      -1.01112586      -1.01109885      -0.81948876
              -0.81948691      -0.70216191      -0.63855987      -0.61400897      -0.58246711
              -0.58242698      -0.49786501      -0.48975300      -0.48972898      -0.33325575
              -0.33323657
 Energy of vir-orbs:    A            93
               0.13617986       0.13618112       0.18106972       0.21935172       0.21935612
               0.25489561       0.25489729       0.27106796       0.34884075       0.43556226
               0.43557555       0.46699356       0.46699507       0.58530502       0.58649494
               0.66723206       0.68077324       0.71216418       0.73225087       0.73225840
               0.73737031       0.73738568       0.73858529       0.73860379       0.74057889
               0.82245271       0.82245577       0.85089109       0.85089312       0.88420732
               0.88422708       0.90884917       0.98486971       0.99657954       1.04893510
               1.10462474       1.10464145       1.12198878       1.15024880       1.20413112
               1.20414521       1.24191863       1.24194693       1.24292754       1.24296966
               1.30538782       1.31665009       1.31667949       1.46684110       1.51028208
               1.51032550       1.71883300       1.73940600       1.73944248       1.76323720
               1.80620031       1.86761546       1.86763146       1.88655137       1.88663785
               1.89467551       1.94791106       1.94791142       1.95829080       1.95829096
               1.96113223       2.08524056       2.08526118       2.11200390       2.14353212
               2.14359711       2.15823458       2.15825726       2.16568521       2.25778077
               2.25779630       2.27091777       2.27092931       2.31675546       2.49397893
               2.55005553       2.68722134       2.74920133       2.74920975       2.76816716
               2.76820803       2.94695989       2.94702952       2.99788511       3.11706860
               3.25143023       3.25147020       3.99984398
 
 Alpha   HOMO energy:      -0.33323657 au      -9.06783219 eV  Irrep: A       
 Alpha   LUMO energy:       0.13617986 au       3.70564409 eV  Irrep: A       
 HOMO-LUMO gap:       0.46941642 au      12.77347628 eV
 
 Frontier orbitals of each irrep:
 
  Symmetry   1 A       
 
         Orbital                16             17             18             19             20             21
         Energy             -0.58243       -0.49787       -0.48975       -0.48973       -0.33326       -0.33324
         Occ No.             2.00000        2.00000        2.00000        2.00000        2.00000        2.00000
      1 1C|1S0              -0.00021        0.00000        0.00224        0.00130       -0.00000        0.00000
      2 1C|2S0              -0.02190       -0.00000        0.01172        0.00677       -0.00000        0.00000
      3 1C|3S0              -0.03016       -0.00000       -0.00069       -0.00040        0.00000       -0.00000
      4 1C|2P-1              0.00720       -0.00000        0.01533       -0.24621        0.00000        0.00000
      5 1C|3P-1              0.02846       -0.00000        0.00491       -0.10141       -0.00000        0.00000
      6 1C|2P0               0.00000       -0.21537       -0.00000        0.00000       -0.27774       -0.16020
      7 1C|3P0              -0.00000       -0.12896       -0.00000        0.00000       -0.22439       -0.12944
      8 1C|2P1               0.16299        0.00000       -0.22860        0.01518       -0.00000        0.00000
      9 1C|3P1               0.05103        0.00000       -0.09579        0.00485       -0.00000        0.00000
     10 1C|3D-2              0.01238        0.00000       -0.03001       -0.00529        0.00000       -0.00000
     11 1C|3D-1              0.00000        0.00786       -0.00000       -0.00000        0.01853       -0.01937
     12 1C|3D0               0.00054        0.00000       -0.00004       -0.00002       -0.00000        0.00000
     13 1C|3D1               0.00000        0.01361        0.00000       -0.00000        0.00205        0.01854
     14 1C|3D2              -0.01324       -0.00000       -0.00527       -0.02392        0.00000       -0.00000
     15 2C|1S0              -0.00042       -0.00000        0.00000       -0.00259        0.00000       -0.00000
     16 2C|2S0              -0.04373       -0.00000        0.00000       -0.01353        0.00000       -0.00000
     17 2C|3S0              -0.06023        0.00000       -0.00000        0.00080       -0.00000        0.00000
     18 2C|2P-1              0.28956        0.00000       -0.00008        0.21980        0.00000        0.00000
     19 2C|3P-1              0.11687       -0.00000       -0.00003        0.09297        0.00000       -0.00000
     20 2C|2P0               0.00000       -0.21536       -0.00000        0.00000       -0.00013       -0.32064
     21 2C|3P0              -0.00000       -0.12895       -0.00000        0.00000       -0.00011       -0.25905
     22 2C|2P1              -0.00000       -0.00000        0.25502        0.00009        0.00000        0.00000
     23 2C|3P1              -0.00000        0.00000        0.10422        0.00004        0.00000       -0.00000
     24 2C|3D-2              0.00000       -0.00000       -0.02087       -0.00001        0.00000       -0.00000
     25 2C|3D-1             -0.00000        0.01571        0.00000       -0.00000        0.00001        0.01275
     26 2C|3D0               0.00108       -0.00000       -0.00000        0.00005        0.00000       -0.00000
     27 2C|3D1               0.00000        0.00000        0.00000        0.00000       -0.03007        0.00001
     28 2C|3D2              -0.00822       -0.00000        0.00001       -0.03306        0.00000       -0.00000
     29 3C|1S0              -0.00021        0.00000       -0.00224        0.00129       -0.00000        0.00000
     30 3C|2S0              -0.02190        0.00000       -0.01172        0.00677       -0.00000        0.00000
     31 3C|3S0              -0.03016       -0.00000        0.00069       -0.00040        0.00000       -0.00000
     32 3C|2P-1              0.00718       -0.00000       -0.01516       -0.24622        0.00000        0.00000
     33 3C|3P-1              0.02845        0.00000       -0.00484       -0.10141       -0.00000        0.00000
     34 3C|2P0              -0.00000       -0.21537       -0.00000        0.00000        0.27761       -0.16043
     35 3C|3P0               0.00000       -0.12896       -0.00000        0.00000        0.22428       -0.12962
     36 3C|2P1              -0.16297        0.00000       -0.22859       -0.01534       -0.00000        0.00000
     37 3C|3P1              -0.05103       -0.00000       -0.09578       -0.00492        0.00000       -0.00000
     38 3C|3D-2             -0.01238        0.00000       -0.03002        0.00527       -0.00000        0.00000
     39 3C|3D-1              0.00000        0.00786        0.00000        0.00000       -0.01855       -0.01936
     40 3C|3D0               0.00054        0.00000        0.00004       -0.00002       -0.00000        0.00000
     41 3C|3D1              -0.00000       -0.01361       -0.00000        0.00000        0.00204       -0.01854
     42 3C|3D2              -0.01324       -0.00000        0.00528       -0.02392        0.00000        0.00000
     43 4C|1S0               0.00021       -0.00000        0.00224        0.00130        0.00000       -0.00000
     44 4C|2S0               0.02190       -0.00000        0.01172        0.00677        0.00000       -0.00000
     45 4C|3S0               0.03016        0.00000       -0.00069       -0.00040       -0.00000        0.00000
     46 4C|2P-1              0.00720        0.00000       -0.01533        0.24621        0.00000        0.00000
     47 4C|3P-1              0.02846        0.00000       -0.00491        0.10141       -0.00000        0.00000
     48 4C|2P0              -0.00000       -0.21537       -0.00000        0.00000        0.27774        0.16020
     49 4C|3P0              -0.00000       -0.12896       -0.00000        0.00000        0.22439        0.12944
     50 4C|2P1               0.16299       -0.00000        0.22860       -0.01518       -0.00000        0.00000
     51 4C|3P1               0.05104        0.00000        0.09579       -0.00485       -0.00000        0.00000
     52 4C|3D-2             -0.01238       -0.00000       -0.03001       -0.00529       -0.00000        0.00000
     53 4C|3D-1              0.00000       -0.00786        0.00000        0.00000        0.01853       -0.01937
     54 4C|3D0              -0.00054       -0.00000       -0.00004       -0.00002        0.00000       -0.00000
     55 4C|3D1              -0.00000       -0.01361       -0.00000        0.00000        0.00205        0.01854
     56 4C|3D2               0.01324        0.00000       -0.00527       -0.02392       -0.00000        0.00000
     57 5C|1S0               0.00042       -0.00000        0.00000       -0.00259       -0.00000        0.00000
     58 5C|2S0               0.04373       -0.00000        0.00000       -0.01353       -0.00000        0.00000
     59 5C|3S0               0.06023       -0.00000        0.00000        0.00080        0.00000       -0.00000
     60 5C|2P-1              0.28956       -0.00000        0.00008       -0.21980        0.00000        0.00000
     61 5C|3P-1              0.11687       -0.00000        0.00003       -0.09297        0.00000       -0.00000
     62 5C|2P0              -0.00000       -0.21536       -0.00000        0.00000        0.00013        0.32064
     63 5C|3P0               0.00000       -0.12895       -0.00000        0.00000        0.00011        0.25905
     64 5C|2P1              -0.00000        0.00000       -0.25502       -0.00009       -0.00000        0.00000
     65 5C|3P1               0.00000        0.00000       -0.10422       -0.00004       -0.00000        0.00000
     66 5C|3D-2             -0.00000        0.00000       -0.02087       -0.00001       -0.00000        0.00000
     67 5C|3D-1              0.00000       -0.01571       -0.00000       -0.00000        0.00001        0.01275
     68 5C|3D0              -0.00108        0.00000       -0.00000        0.00005       -0.00000        0.00000
     69 5C|3D1              -0.00000       -0.00000       -0.00000       -0.00000       -0.03007        0.00001
     70 5C|3D2               0.00822       -0.00000        0.00001       -0.03306       -0.00000        0.00000
     71 6C|1S0               0.00021        0.00000       -0.00224        0.00129        0.00000       -0.00000
     72 6C|2S0               0.02190        0.00000       -0.01172        0.00677        0.00000       -0.00000
     73 6C|3S0               0.03016       -0.00000        0.00069       -0.00040       -0.00000        0.00000
     74 6C|2P-1              0.00718        0.00000        0.01516        0.24622       -0.00000       -0.00000
     75 6C|3P-1              0.02845        0.00000        0.00484        0.10141       -0.00000        0.00000
     76 6C|2P0              -0.00000       -0.21537       -0.00000        0.00000       -0.27761        0.16043
     77 6C|3P0              -0.00000       -0.12896       -0.00000        0.00000       -0.22428        0.12962
     78 6C|2P1              -0.16297       -0.00000        0.22859        0.01534       -0.00000       -0.00000
     79 6C|3P1              -0.05102       -0.00000        0.09578        0.00492        0.00000       -0.00000
     80 6C|3D-2              0.01238        0.00000       -0.03002        0.00527        0.00000       -0.00000
     81 6C|3D-1              0.00000       -0.00786       -0.00000        0.00000       -0.01855       -0.01936
     82 6C|3D0              -0.00054        0.00000        0.00004       -0.00002        0.00000       -0.00000
     83 6C|3D1               0.00000        0.01361        0.00000       -0.00000        0.00204       -0.01854
     84 6C|3D2               0.01324       -0.00000        0.00528       -0.02392       -0.00000       -0.00000
     85 7H|1S0               0.11159        0.00000       -0.18961       -0.10956       -0.00000        0.00000
     86 7H|2S0               0.04054       -0.00000       -0.09929       -0.05738        0.00000       -0.00000
     87 7H|2P-1             -0.00731       -0.00000        0.00802       -0.00330        0.00000       -0.00000
     88 7H|2P0              -0.00000       -0.00730        0.00000        0.00000       -0.01033       -0.00596
     89 7H|2P1              -0.00427       -0.00000        0.00595        0.00802        0.00000       -0.00000
     90 8H|1S0               0.22328        0.00000       -0.00008        0.21899        0.00000       -0.00000
     91 8H|2S0               0.08113        0.00000       -0.00004        0.11469       -0.00000        0.00000
     92 8H|2P-1             -0.01472        0.00000        0.00000       -0.01059       -0.00000        0.00000
     93 8H|2P0               0.00000       -0.00730       -0.00000        0.00000       -0.00000       -0.01192
     94 8H|2P1              -0.00000        0.00000        0.00793        0.00000       -0.00000        0.00000
     95 9H|1S0               0.11156       -0.00000        0.18968       -0.10943       -0.00000        0.00000
     96 9H|2S0               0.04054       -0.00000        0.09933       -0.05731        0.00000       -0.00000
     97 9H|2P-1             -0.00731       -0.00000       -0.00802       -0.00331        0.00000        0.00000
     98 9H|2P0              -0.00000       -0.00730       -0.00000        0.00000        0.01032       -0.00597
     99 9H|2P1               0.00427        0.00000        0.00596       -0.00802       -0.00000        0.00000
    100 10H|1S0             -0.11159        0.00000       -0.18961       -0.10956        0.00000       -0.00000
    101 10H|2S0             -0.04054        0.00000       -0.09929       -0.05738       -0.00000        0.00000
    102 10H|2P-1            -0.00731       -0.00000       -0.00802        0.00330        0.00000       -0.00000
    103 10H|2P0             -0.00000       -0.00730       -0.00000        0.00000        0.01033        0.00596
    104 10H|2P1             -0.00427        0.00000       -0.00595       -0.00802        0.00000       -0.00000
    105 11H|1S0             -0.22328        0.00000       -0.00008        0.21899       -0.00000        0.00000
    106 11H|2S0             -0.08113       -0.00000       -0.00004        0.11469        0.00000       -0.00000
    107 11H|2P-1            -0.01472       -0.00000       -0.00000        0.01059       -0.00000        0.00000
    108 11H|2P0              0.00000       -0.00730       -0.00000       -0.00000        0.00000        0.01192
    109 11H|2P1             -0.00000        0.00000       -0.00793       -0.00000       -0.00000       -0.00000
    110 12H|1S0             -0.11156       -0.00000        0.18968       -0.10943       -0.00000       -0.00000
    111 12H|2S0             -0.04054       -0.00000        0.09933       -0.05731       -0.00000        0.00000
    112 12H|2P-1            -0.00731        0.00000        0.00802        0.00331        0.00000       -0.00000
    113 12H|2P0              0.00000       -0.00730       -0.00000        0.00000       -0.01032        0.00597
    114 12H|2P1              0.00427       -0.00000       -0.00596        0.00802       -0.00000        0.00000
 
         Orbital                22             23             24             25             26             27
         Energy              0.13618        0.13618        0.18107        0.21935        0.21936        0.25490
         Occ No.             0.00000        0.00000        0.00000        0.00000        0.00000        0.00000
      1 1C|1S0               0.00000        0.00000        0.02176       -0.02338        0.01350       -0.02054
      2 1C|2S0               0.00000        0.00000       -0.03156        0.01560       -0.00904        0.06600
      3 1C|3S0              -0.00000       -0.00000       -0.57229        0.87860       -0.50743        0.85917
      4 1C|2P-1              0.00000       -0.00000       -0.04772        0.06733       -0.04536        0.02415
      5 1C|3P-1             -0.00000       -0.00000       -0.13961        0.37019       -0.02572        0.31206
      6 1C|2P0              -0.27275        0.15454       -0.00000        0.00000        0.00000        0.00000
      7 1C|3P0              -0.50487        0.28605       -0.00000        0.00000       -0.00000        0.00000
      8 1C|2P1              -0.00000       -0.00000       -0.08264        0.12305       -0.06741        0.08039
      9 1C|3P1               0.00000        0.00000       -0.24178        0.45261       -0.37070        0.76389
     10 1C|3D-2              0.00000        0.00000        0.00699        0.00594       -0.00537        0.00965
     11 1C|3D-1             -0.02159       -0.02676       -0.00000        0.00000        0.00000       -0.00000
     12 1C|3D0               0.00000       -0.00000        0.00492       -0.00794        0.00458       -0.00463
     13 1C|3D1               0.00123        0.02182        0.00000       -0.00000        0.00000       -0.00000
     14 1C|3D2               0.00000       -0.00000        0.00403        0.00536        0.00025        0.01191
     15 2C|1S0               0.00000        0.00000        0.02176        0.00001        0.02700       -0.00002
     16 2C|2S0               0.00000        0.00000       -0.03154       -0.00001       -0.01799        0.00006
     17 2C|3S0              -0.00000       -0.00000       -0.57232       -0.00046       -1.01505        0.00076
     18 2C|2P-1             -0.00000       -0.00000       -0.09543       -0.00007       -0.16197        0.00007
     19 2C|3P-1             -0.00000        0.00000       -0.27905       -0.00030       -0.66626        0.00071
     20 2C|2P0               0.00254       -0.31348        0.00000       -0.00000       -0.00000        0.00000
     21 2C|3P0               0.00470       -0.58025        0.00000       -0.00000       -0.00000        0.00000
     22 2C|2P1              -0.00000        0.00000        0.00000        0.00644       -0.00000       -0.03851
     23 2C|3P1               0.00000        0.00000        0.00000       -0.18836        0.00009       -0.22284
     24 2C|3D-2              0.00000       -0.00000       -0.00000        0.00335       -0.00000       -0.01096
     25 2C|3D-1              0.00009       -0.01119       -0.00000       -0.00000       -0.00000       -0.00000
     26 2C|3D0               0.00000        0.00000        0.00493        0.00000        0.00917       -0.00000
     27 2C|3D1              -0.03917       -0.00032        0.00000       -0.00000       -0.00000       -0.00000
     28 2C|3D2               0.00000        0.00000       -0.00807        0.00000        0.00904       -0.00001
     29 3C|1S0               0.00000        0.00000        0.02176        0.02339        0.01348        0.02055
     30 3C|2S0               0.00000       -0.00000       -0.03156       -0.01561       -0.00903       -0.06606
     31 3C|3S0              -0.00000       -0.00000       -0.57229       -0.87906       -0.50663       -0.85994
     32 3C|2P-1             -0.00000       -0.00000       -0.04772       -0.06737       -0.04529       -0.02423
     33 3C|3P-1              0.00000        0.00000       -0.13961       -0.37021       -0.02538       -0.31266
     34 3C|2P0               0.27021        0.15895       -0.00000       -0.00000        0.00000       -0.00000
     35 3C|3P0               0.50016        0.29420       -0.00000       -0.00000       -0.00000       -0.00000
     36 3C|2P1               0.00000        0.00000        0.08264        0.12312        0.06729        0.08042
     37 3C|3P1               0.00000        0.00000        0.24178        0.45295        0.37028        0.76435
     38 3C|3D-2             -0.00000        0.00000       -0.00699        0.00594        0.00536        0.00967
     39 3C|3D-1              0.02202       -0.02641        0.00000        0.00000        0.00000        0.00000
     40 3C|3D0               0.00000        0.00000        0.00492        0.00794        0.00457        0.00464
     41 3C|3D1               0.00158       -0.02180       -0.00000       -0.00000       -0.00000       -0.00000
     42 3C|3D2              -0.00000        0.00000        0.00403       -0.00536        0.00025       -0.01190
     43 4C|1S0              -0.00000        0.00000        0.02176        0.02338       -0.01350       -0.02054
     44 4C|2S0              -0.00000        0.00000       -0.03156       -0.01560        0.00904        0.06600
     45 4C|3S0               0.00000       -0.00000       -0.57229       -0.87860        0.50743        0.85918
     46 4C|2P-1             -0.00000        0.00000        0.04772        0.06733       -0.04536       -0.02415
     47 4C|3P-1              0.00000        0.00000        0.13961        0.37019       -0.02572       -0.31205
     48 4C|2P0              -0.27275        0.15454       -0.00000       -0.00000       -0.00000        0.00000
     49 4C|3P0              -0.50487        0.28605       -0.00000       -0.00000       -0.00000        0.00000
     50 4C|2P1               0.00000        0.00000        0.08264        0.12305       -0.06741       -0.08039
     51 4C|3P1              -0.00000       -0.00000        0.24178        0.45261       -0.37070       -0.76388
     52 4C|3D-2             -0.00000       -0.00000        0.00699       -0.00594        0.00537        0.00965
     53 4C|3D-1              0.02159        0.02676       -0.00000        0.00000        0.00000        0.00000
     54 4C|3D0              -0.00000        0.00000        0.00492        0.00794       -0.00458       -0.00464
     55 4C|3D1              -0.00123       -0.02182       -0.00000       -0.00000        0.00000        0.00000
     56 4C|3D2              -0.00000       -0.00000        0.00403       -0.00536       -0.00025        0.01191
     57 5C|1S0               0.00000        0.00000        0.02176       -0.00001       -0.02700       -0.00002
     58 5C|2S0               0.00000       -0.00000       -0.03154        0.00001        0.01799        0.00006
     59 5C|3S0              -0.00000       -0.00000       -0.57232        0.00046        1.01505        0.00075
     60 5C|2P-1              0.00000        0.00000        0.09543       -0.00007       -0.16197       -0.00007
     61 5C|3P-1             -0.00000       -0.00000        0.27905       -0.00030       -0.66626       -0.00072
     62 5C|2P0               0.00254       -0.31348        0.00000        0.00000        0.00000        0.00000
     63 5C|3P0               0.00470       -0.58025        0.00000        0.00000        0.00000        0.00000
     64 5C|2P1               0.00000       -0.00000        0.00000        0.00644       -0.00000        0.03851
     65 5C|3P1              -0.00000       -0.00000       -0.00000       -0.18836        0.00009        0.22284
     66 5C|3D-2              0.00000       -0.00000       -0.00000       -0.00335        0.00000       -0.01096
     67 5C|3D-1             -0.00009        0.01119        0.00000       -0.00000       -0.00000        0.00000
     68 5C|3D0               0.00000        0.00000        0.00493       -0.00000       -0.00917       -0.00000
     69 5C|3D1               0.03917        0.00032        0.00000       -0.00000       -0.00000        0.00000
     70 5C|3D2              -0.00000        0.00000       -0.00807       -0.00000       -0.00904       -0.00001
     71 6C|1S0              -0.00000        0.00000        0.02176       -0.02339       -0.01348        0.02055
     72 6C|2S0              -0.00000       -0.00000       -0.03156        0.01561        0.00903       -0.06606
     73 6C|3S0               0.00000       -0.00000       -0.57229        0.87906        0.50663       -0.85992
     74 6C|2P-1              0.00000        0.00000        0.04772       -0.06737       -0.04529        0.02423
     75 6C|3P-1             -0.00000       -0.00000        0.13961       -0.37021       -0.02538        0.31267
     76 6C|2P0               0.27021        0.15895       -0.00000        0.00000       -0.00000       -0.00000
     77 6C|3P0               0.50016        0.29420       -0.00000        0.00000        0.00000       -0.00000
     78 6C|2P1              -0.00000       -0.00000       -0.08264        0.12312        0.06729       -0.08042
     79 6C|3P1              -0.00000       -0.00000       -0.24178        0.45295        0.37028       -0.76436
     80 6C|3D-2             -0.00000        0.00000       -0.00699       -0.00594       -0.00536        0.00967
     81 6C|3D-1             -0.02202        0.02641       -0.00000        0.00000        0.00000       -0.00000
     82 6C|3D0               0.00000        0.00000        0.00492       -0.00794       -0.00457        0.00464
     83 6C|3D1              -0.00158        0.02180        0.00000       -0.00000       -0.00000        0.00000
     84 6C|3D2              -0.00000        0.00000        0.00403        0.00536       -0.00025       -0.01190
     85 7H|1S0              -0.00000       -0.00000        0.03139       -0.00454        0.00263       -0.00041
     86 7H|2S0              -0.00000        0.00000        0.75076       -1.13451        0.65592       -1.33906
     87 7H|2P-1              0.00000        0.00000       -0.00381        0.00800       -0.00721        0.00607
     88 7H|2P0              -0.01456        0.00825       -0.00000        0.00000       -0.00000        0.00000
     89 7H|2P1              -0.00000       -0.00000       -0.00659        0.01645       -0.00801        0.01781
     90 8H|1S0               0.00000        0.00000        0.03139        0.00000        0.00523       -0.00000
     91 8H|2S0               0.00000        0.00000        0.75064        0.00060        1.31015       -0.00117
     92 8H|2P-1             -0.00000       -0.00000       -0.00761       -0.00001       -0.02108        0.00002
     93 8H|2P0               0.00014       -0.01673        0.00000        0.00000        0.00000        0.00000
     94 8H|2P1              -0.00000       -0.00000        0.00000        0.00259       -0.00000       -0.00730
     95 9H|1S0               0.00000        0.00000        0.03139        0.00455        0.00263        0.00041
     96 9H|2S0               0.00000        0.00000        0.75076        1.13510        0.65488        1.34022
     97 9H|2P-1             -0.00000       -0.00000       -0.00381       -0.00801       -0.00721       -0.00608
     98 9H|2P0               0.01442        0.00848       -0.00000       -0.00000       -0.00000       -0.00000
     99 9H|2P1               0.00000        0.00000        0.00659        0.01646        0.00800        0.01782
    100 10H|1S0              0.00000        0.00000        0.03139        0.00454       -0.00263       -0.00041
    101 10H|2S0              0.00000        0.00000        0.75076        1.13451       -0.65592       -1.33905
    102 10H|2P-1            -0.00000       -0.00000        0.00381        0.00800       -0.00721       -0.00607
    103 10H|2P0             -0.01456        0.00825       -0.00000       -0.00000        0.00000        0.00000
    104 10H|2P1              0.00000        0.00000        0.00659        0.01645       -0.00801       -0.01781
    105 11H|1S0             -0.00000        0.00000        0.03139       -0.00000       -0.00523       -0.00000
    106 11H|2S0             -0.00000        0.00000        0.75064       -0.00060       -1.31015       -0.00118
    107 11H|2P-1            -0.00000        0.00000        0.00761       -0.00001       -0.02108       -0.00002
    108 11H|2P0              0.00014       -0.01673        0.00000       -0.00000       -0.00000        0.00000
    109 11H|2P1              0.00000        0.00000       -0.00000        0.00259       -0.00000        0.00730
    110 12H|1S0              0.00000        0.00000        0.03139       -0.00455       -0.00263        0.00041
    111 12H|2S0              0.00000        0.00000        0.75076       -1.13510       -0.65488        1.34023
    112 12H|2P-1             0.00000        0.00000        0.00381       -0.00801       -0.00721        0.00608
    113 12H|2P0              0.01442        0.00848       -0.00000        0.00000        0.00000       -0.00000
    114 12H|2P1             -0.00000       -0.00000       -0.00659        0.01646        0.00800       -0.01782
 
 
 [Mulliken Population Analysis]
  Atomic charges: 
     1C      -0.0288
     2C      -0.0288
     3C      -0.0288
     4C      -0.0288
     5C      -0.0288
     6C      -0.0288
     7H       0.0288
     8H       0.0288
     9H       0.0288
    10H       0.0288
    11H       0.0288
    12H       0.0288
     Sum:     0.0000
 
 [Lowdin Population Analysis]
  Atomic charges: 
     1C      -0.0287
     2C      -0.0287
     3C      -0.0287
     4C      -0.0287
     5C      -0.0287
     6C      -0.0287
     7H       0.0287
     8H       0.0287
     9H       0.0287
    10H       0.0287
    11H       0.0287
    12H       0.0287
     Sum:     0.0000
 
 
 [Dipole moment: Debye]
              X          Y          Z         |u|
   Elec:0.1680E-05 -.3693E-06 0.2314E-05
   Nucl:-.1416E-05 0.3812E-06 -.3453E-05
   Totl:    0.0000     0.0000    -0.0000     0.0000
  Reorder orbital via orbital energy ...                     1
                     1

 Output to Molden format ...

 
 ---------------------------------------------------------------
  Timing of SCF calculation                                                       
 
  CPU TIME(S)      SYSTEM TIME(S)     WALL TIME(S)
         21.930            1.550               4.040
 ---------------------------------------------------------------
 
|******************************************************************************|
 
    Total cpu     time:         21.93  S
    Total system  time:          1.55  S
    Total wall    time:          4.05  S
 
    Current time   2022-04-23  18:14:58
    End running module scf
|******************************************************************************|
 
('/scratch/ben-rhf_617', '/apps/users/lcz/exe9/task1/bdf/benzene')
 Warning! Removing scratch files. If you would like to keep scratch files for restaring. Please use -keeptmpdir

Sender: Unischeduler System <lcz@mgt01>
Subject: Job 123450: <#!/bin/bash
#BSUB -J intel
#BSUB -o ben-rhf.out
#BSUB -n 8
#BSUB -q cqueue
#BSUB -R span[hosts=1]
export BDFHOME=/apps/users/lcz/bdf-pkg
export BDF_TMPDIR=/scratch/ben-rhf_617
export USE_LIBCINT=no
export LD_LIBRARY_PATH=/apps/users/lcz/bdf-pkg/extlibs:/apps/users/lcz/bdf-pkg/libso:/apps/software/intel2019/mkl/lib/intel64:/apps/software/intel2019/compilers_and_libraries_2019/linux/lib/intel64:$LD_LIBRARY_PATH
ulimit -s unlimited
ulimit -t unlimited
export OMP_NUM_THREADS=8
export OMP_STACKSIZE=20G
/apps/users/lcz/bdf-pkg/sbin/bdfdrv.py -tmpdir /scratch/ben-rhf_617 -r ben-rhf.inp > ben-rhf.out
rm -rf .ben-rhf.wrk> Done

Job <#!/bin/bash
#BSUB -J intel
#BSUB -o ben-rhf.out
#BSUB -n 8
#BSUB -q cqueue
#BSUB -R span[hosts=1]
export BDFHOME=/apps/users/lcz/bdf-pkg
export BDF_TMPDIR=/scratch/ben-rhf_617
export USE_LIBCINT=no
export LD_LIBRARY_PATH=/apps/users/lcz/bdf-pkg/extlibs:/apps/users/lcz/bdf-pkg/libso:/apps/software/intel2019/mkl/lib/intel64:/apps/software/intel2019/compilers_and_libraries_2019/linux/lib/intel64:$LD_LIBRARY_PATH
ulimit -s unlimited
ulimit -t unlimited
export OMP_NUM_THREADS=8
export OMP_STACKSIZE=20G
/apps/users/lcz/bdf-pkg/sbin/bdfdrv.py -tmpdir /scratch/ben-rhf_617 -r ben-rhf.inp > ben-rhf.out
rm -rf .ben-rhf.wrk> was submitted from host <mgt01> by user <lcz>.
Job was executed on host(s) <8*cnode16>, in queue <cqueue>, as user <lcz>.
</apps/users/lcz> was used as the home directory.
</apps/users/lcz/exe9/task1/bdf/benzene> was used as the working directory.
Started at 2022-04-23 18:14:46
Results reported at 2022-04-23 18:14:58

Your job looked like:

------------------------------------------------------------
# User input
#!/bin/bash
#BSUB -J intel
#BSUB -o ben-rhf.out
#BSUB -n 8
#BSUB -q cqueue
#BSUB -R span[hosts=1]
export BDFHOME=/apps/users/lcz/bdf-pkg
export BDF_TMPDIR=/scratch/ben-rhf_617
export USE_LIBCINT=no
export LD_LIBRARY_PATH=/apps/users/lcz/bdf-pkg/extlibs:/apps/users/lcz/bdf-pkg/libso:/apps/software/intel2019/mkl/lib/intel64:/apps/software/intel2019/compilers_and_libraries_2019/linux/lib/intel64:$LD_LIBRARY_PATH
ulimit -s unlimited
ulimit -t unlimited
export OMP_NUM_THREADS=8
export OMP_STACKSIZE=20G
/apps/users/lcz/bdf-pkg/sbin/bdfdrv.py -tmpdir /scratch/ben-rhf_617 -r ben-rhf.inp > ben-rhf.out
rm -rf .ben-rhf.wrk
------------------------------------------------------------

Successfully completed.

Resource usage summary:

    CPU time   :            0.14 sec.
    Max Memory :                53 MB
    Max Processes  :               5


The output (if any) follows:

