#!awk.bdf.output
====================== BDF version information ============================
commit 15a5aac1bbb5a2a101a9aa715fa1cdc141611229
Author: Yibo Lei <leiyb@nwu.edu.cn>
Date:   Sun Jan 16 18:50:00 2022 +0800

    change Vircut to VSD and add Pre-CMO by MCSCF MOs and refine ploop search of xianci
===========================================================================
BDFHOME =  /apps/software/bdf-pkg
BDF_TMPDIR = /tmp
BDF_MPIRUN =  None
BDF_MPIROOT =  None
|---------------------------------------------------------------------|
 Could not find mpirun. Set to serial running ...


(' BDFHOME     = ', '/apps/users/lcz/bdf-pkg')
(' BDF_WORKDIR = ', '/apps/users/lcz/exe9/task1/bdf/benzene')
(' BDF_TMPDIR  = ', '/scratch/ben-cas66_401')
(' BDFTASK     = ', 'ben-cas66')

  BDF parallel running information ...
('  BDF_MASTER_NODE', 'cnode03')
('  BDF_MPIROOT = ', 'None')
  Total number of computational nodes   = 1
  Number of processes per node          = 1
  Number of openmp threads per process  = 8


('  Singlepoint_task = ', True)
('  Fragmp2_task     = ', False)


$compass
title
benzene cas66
basis
cc-pvdz
geometry
C 1.21105763915345 0.69916522296351 -0.00000002423937
C 0.00000000882288 1.39827374718112 -0.00000003476372
C -1.21105761456966 0.69916520818333 0.00000001202970
C -1.21105765944965 -0.69916521253772 -0.00000002028759
C -0.00000002924690 -1.39827375425198 -0.00000006510495
C 1.21105759634142 -0.69916519566758 -0.00000001139166
H 2.15727867932261 1.24550656935944 0.00000002108822
H -0.00000003268748 2.49090825711365 -0.00000007876766
H -2.15727859099377 1.24550663211660 0.00000011262075
H -2.15727863065228 -1.24550666379260 0.00000002492918
H -0.00000001076256 -2.49090826242235 -0.00000006787266
H 2.15727864472193 -1.24550654824542 0.00000013175977
end geometry
nosymm
saorb
$end
$xuanyuan
$end
$scf
rhf
charge
0
$end
$mcscf
guess
hforb
sortact
2
17 30
19 24
close
18
active
6
actel
6
spin
1
iprtmo
1
molden
$end
('tmpstdin ', True)
('npro is ', 1)
('\n BDF command: ', '/apps/users/lcz/bdf-pkg/bin/compass.x /scratch/ben-cas66_401/ben-cas66XX0.compass.inp')
  BDF process        0 of        1 on Serial  
 
|******************************************************************************|
 
    Start running module compass
    Current time   2022-04-24  17:23:06
 
|******************************************************************************|

 ++++++++++ Reading compass input ++++++++++++++++++
 TITLE
 BASIS
 Input Basis set is cc-pVDZ
 Spherical GTO 5d,7f
 GEOMETRY
 C       1.21105764      0.69916522     -0.00000002
 C       0.00000001      1.39827375     -0.00000003
 C      -1.21105761      0.69916521      0.00000001
 C      -1.21105766     -0.69916521     -0.00000002
 C      -0.00000003     -1.39827375     -0.00000007
 C       1.21105760     -0.69916520     -0.00000001
 H       2.15727868      1.24550657      0.00000002
 H      -0.00000003      2.49090826     -0.00000008
 H      -2.15727859      1.24550663      0.00000011
 H      -2.15727863     -1.24550666      0.00000002
 H      -0.00000001     -2.49090826     -0.00000007
 H       2.15727864     -1.24550655      0.00000013
 Number of atoms:       12
 NOSYMM
 SAORB
 $END
 ++++++++++ End of reading compass input +++++++++++++


|-------------------------------------------------------------------------------------------|

 Atom           Cartcoord(Bohr)                 Charge Basis Auxbas Uatom Nstab Alink  Mass
  C        2.288567     1.321231    -0.000000     6.00    1     0     0     0   E     11.9967
  C        0.000000     2.642354    -0.000000     6.00    1     0     0     0   E     11.9967
  C       -2.288567     1.321231     0.000000     6.00    1     0     0     0   E     11.9967
  C       -2.288567    -1.321231    -0.000000     6.00    1     0     0     0   E     11.9967
  C       -0.000000    -2.642354    -0.000000     6.00    1     0     0     0   E     11.9967
  C        2.288567    -1.321231    -0.000000     6.00    1     0     0     0   E     11.9967
  H        4.076666     2.353666     0.000000     1.00    2     0     0     0   E      1.0073
  H       -0.000000     4.707134    -0.000000     1.00    2     0     0     0   E      1.0073
  H       -4.076666     2.353666     0.000000     1.00    2     0     0     0   E      1.0073
  H       -4.076666    -2.353666     0.000000     1.00    2     0     0     0   E      1.0073
  H       -0.000000    -4.707134    -0.000000     1.00    2     0     0     0   E      1.0073
  H        4.076666    -2.353666     0.000000     1.00    2     0     0     0   E      1.0073
 
|--------------------------------------------------------------------------------------------|

  End of reading atomic basis sets ..
 Printing basis sets for checking ....

 Atomic label:  C    6
 Maximum L  2 9s4p1d ----> 3s2p1d NBF =  14
 #--->s function
      Exp Coef          Norm Coef       Con Coef
          6665.000000   0.186365E+04    0.000692   -0.000293    0.000000
          1000.000000   0.449278E+03    0.005326   -0.002318    0.000000
           228.000000   0.148240E+03    0.027061   -0.011500    0.000000
            64.710000   0.576426E+02    0.101657   -0.046827    0.000000
            21.060000   0.248376E+02    0.274575   -0.128466    0.000000
             7.495000   0.114444E+02    0.448294   -0.301266    0.000000
             2.797000   0.546430E+01    0.284903   -0.255631    0.000000
             0.521500   0.155044E+01    0.015195    1.093793    0.000000
             0.159600   0.637954E+00    0.000000    0.000000    1.000000
 #--->p function
      Exp Coef          Norm Coef       Con Coef
             9.439000   0.482661E+02    0.056979    0.000000
             2.002000   0.694727E+01    0.313207    0.000000
             0.545600   0.136797E+01    0.760377    0.000000
             0.151700   0.276195E+00    0.000000    1.000000
 #--->d function
      Exp Coef          Norm Coef       Con Coef
             0.550000   0.916567E+00    1.000000
 

 Atomic label:  H    1
 Maximum L  1 4s1p ----> 2s1p NBF =   5
 #--->s function
      Exp Coef          Norm Coef       Con Coef
            13.010000   0.173070E+02    0.033499    0.000000
             1.962000   0.418831E+01    0.234801    0.000000
             0.444600   0.137560E+01    0.813683    0.000000
             0.122000   0.521537E+00    0.000000    1.000000
 #--->p function
      Exp Coef          Norm Coef       Con Coef
             0.727000   0.195840E+01    1.000000
 
 
 Atomic masses
   11.9967   11.9967   11.9967   11.9967   11.9967
   11.9967    1.0073    1.0073    1.0073    1.0073
    1.0073    1.0073

 Molecular center of mass
        -0.00000002     0.00000000    -0.00000004

 Molecular center of nuclear charge
        -0.00000001     0.00000000    -0.00000003
 [molesym]
 Representation generated
 C|1|)|                     1
 Symmetry check OK
  Number of symmery unique centers:                     12

|-------------------------------------------------------------------------------------------|

 Atom           Cartcoord(Bohr)                 Charge Basis Auxbas Uatom Nstab Alink  Mass
  C        2.288567     1.321231    -0.000000     6.00    1     0     0     0   E     11.9967
  C        0.000000     2.642354    -0.000000     6.00    1     0     0     0   E     11.9967
  C       -2.288567     1.321231     0.000000     6.00    1     0     0     0   E     11.9967
  C       -2.288567    -1.321231    -0.000000     6.00    1     0     0     0   E     11.9967
  C       -0.000000    -2.642354    -0.000000     6.00    1     0     0     0   E     11.9967
  C        2.288567    -1.321231    -0.000000     6.00    1     0     0     0   E     11.9967
  H        4.076666     2.353666     0.000000     1.00    2     0     0     0   E      1.0073
  H       -0.000000     4.707134    -0.000000     1.00    2     0     0     0   E      1.0073
  H       -4.076666     2.353666     0.000000     1.00    2     0     0     0   E      1.0073
  H       -4.076666    -2.353666     0.000000     1.00    2     0     0     0   E      1.0073
  H       -0.000000    -4.707134    -0.000000     1.00    2     0     0     0   E      1.0073
  H        4.076666    -2.353666     0.000000     1.00    2     0     0     0   E      1.0073
 
|--------------------------------------------------------------------------------------------|

Number of irreps:    1
IRREP:   1   1   1
DIMEN:   1   1   1

 Irreps of multipole moment operators ...
 Operator  Component    Irrep       Row
  Dipole       x           A           1
  Dipole       y           A           1
  Dipole       z           A           1
  Quadpole     xx          A           1
  Quadpole     xy          A           1
  Quadpole     yy          A           1
  Quadpole     xz          A           1
  Quadpole     yz          A           1
  Quadpole     zz          A           1
 
 Generate symmetry adapted orbital ...
 Print Multab
  1

|--------------------------------------------------|
         Symmetry adapted orbital                   

  Irrep : A 

Total number of basis functions:     114     114

  Irrep :     A
  Norb  :    114
|--------------------------------------------------|

Total number of shells:       30
 R max for this shell (Bohr)   12.5599999999998       9.691695042155263E-011
 R max for this shell (Bohr)   12.6699999999998       9.644888246466983E-011
 R max for this shell (Bohr)   6.99999999999994       9.556501796124278E-011
 R max for this shell (Bohr)   14.0099999999998       3.009977724958305E-010
 R max for this shell (Bohr)   5.92999999999996       9.975876222407632E-011
 
Number of atoms:      12
Number of basis functions:     114
 
|******************************************************************************|
 
    Total cpu     time:          0.02  S
    Total system  time:          0.02  S
    Total wall    time:          0.42  S
 
    Current time   2022-04-24  17:23:06
    End running module compass
|******************************************************************************|
 
 Filename: /scratch/ben-cas66_401/ben-cas66.undmol mode: w+b 
BDFTASK: ben-cas66 
INPUT FILE: ben-cas66.undmolinp 
 Scratch dir: ben-cas66 
 Scratch dir: ben-cas66 
string ben-cas66.undmolinp len 19 
 Filename: ben-cas66.chkfil mode: rb 

 Read data from check file! 
Found string UNDMOLIN at position 10 
Idisk 2422144 
Number of irreps: 1, number of basis: 114 
irrep: 1, num: 114 
char= (A) 
char= ( ) 
j= 1 
rpmname: a 
('tmpstdin ', True)
('npro is ', 1)
('\n BDF command: ', '/apps/users/lcz/bdf-pkg/bin/xuanyuan.x /scratch/ben-cas66_401/ben-cas66XX1.xuanyuan.inp')
  BDF process        0 of        1 on Serial  
 
|******************************************************************************|
 
    Start running module xuanyuan
    Current time   2022-04-24  17:23:07
 
|******************************************************************************|

|-------------------------------------------------------------------------------------------|

 Atom           Cartcoord(Bohr)                 Charge Basis Auxbas Uatom Nstab Alink  Mass
  C        2.288567     1.321231    -0.000000     6.00    1     0     1     1   E     11.9967
  C        0.000000     2.642354    -0.000000     6.00    1     0     1     1   E     11.9967
  C       -2.288567     1.321231     0.000000     6.00    1     0     1     1   E     11.9967
  C       -2.288567    -1.321231    -0.000000     6.00    1     0     1     1   E     11.9967
  C       -0.000000    -2.642354    -0.000000     6.00    1     0     1     1   E     11.9967
  C        2.288567    -1.321231    -0.000000     6.00    1     0     1     1   E     11.9967
  H        4.076666     2.353666     0.000000     1.00    2     0     1     1   E      1.0073
  H       -0.000000     4.707134    -0.000000     1.00    2     0     1     1   E      1.0073
  H       -4.076666     2.353666     0.000000     1.00    2     0     1     1   E      1.0073
  H       -4.076666    -2.353666     0.000000     1.00    2     0     1     1   E      1.0073
  H       -0.000000    -4.707134    -0.000000     1.00    2     0     1     1   E      1.0073
  H        4.076666    -2.353666     0.000000     1.00    2     0     1     1   E      1.0073
 
|--------------------------------------------------------------------------------------------|

 $xuanyuan                                                                      
                                          
 $end                                                                           
                                          
  Mass polarization term:  F
 Total nuclear charge :         42.00
 Nuclear repulsion energy :     202.8150925965 a.u.

 Total number of primitive  basis sets :          198
 Total number of prim-cart  basis sets :          204
 Total number of contracted basis sets :          114

  Estimate memory for calculating 2e integrals...
 Minium memory to calculate ERIs:        0.960 M

[aoint_1e]
  Calculating one electron integrals ...
  S T and V integrals ....
  Dipole and Quadupole integrals ....
  Finish calculating one electron integrals ...
 
 ---------------------------------------------------------------
  Timing to calculate 1-electronic integrals                                      
 
  CPU TIME(S)      SYSTEM TIME(S)     WALL TIME(S)
          0.030            0.020               0.000
 ---------------------------------------------------------------
 
 Finish calculating 1e integral ...
 Character Table
    1
 
 Total number of electronic repulsion integrals      21487290
 
 Number  of  symmetry adapted ERIs:            21487290
 Actual  Memory  of  SO-ERI buffer:      21 M
 Optimized Memory of SO-ERI buffer:      21 M
 
 Calculating ERIs...
 
 ---------------------------------------------------------------
  Timing to calculate 2-electronic integrals                                      
 
  CPU TIME(S)      SYSTEM TIME(S)     WALL TIME(S)
          3.920            0.930               3.520
 ---------------------------------------------------------------
 
 Symadpt    time      0.240     0.020     0.200
 Indices    time      0.580     0.050     0.940
 Sort save  time      0.080     0.330     0.410
 ERI total  time      1.480     0.130     1.340
 Zeta & Rys time      0.000     0.000     0.000
 2D         time      0.000     0.000     0.000
 2D-6D      time      0.000     0.000     0.000
 6D cntr    time      0.000     0.000     0.000
 HRR        time      0.000     0.000     0.000
|******************************************************************************|
 
    Total cpu     time:          4.00  S
    Total system  time:          1.00  S
    Total wall    time:          3.63  S
 
    Current time   2022-04-24  17:23:10
    End running module xuanyuan
|******************************************************************************|
 
('tmpstdin ', True)
('npro is ', 1)
('\n BDF command: ', '/apps/users/lcz/bdf-pkg/bin/scf.x /scratch/ben-cas66_401/ben-cas66XX2.scf.inp')
  BDF process        0 of        1 on Serial  
 
|******************************************************************************|
 
    Start running module scf
    Current time   2022-04-24  17:23:10
 
|******************************************************************************|

|-------------------------------------------------------------------------------------------|

 Atom           Cartcoord(Bohr)                 Charge Basis Auxbas Uatom Nstab Alink  Mass
  C        2.288567     1.321231    -0.000000     6.00    1     0     1     1   E     11.9967
  C        0.000000     2.642354    -0.000000     6.00    1     0     1     1   E     11.9967
  C       -2.288567     1.321231     0.000000     6.00    1     0     1     1   E     11.9967
  C       -2.288567    -1.321231    -0.000000     6.00    1     0     1     1   E     11.9967
  C       -0.000000    -2.642354    -0.000000     6.00    1     0     1     1   E     11.9967
  C        2.288567    -1.321231    -0.000000     6.00    1     0     1     1   E     11.9967
  H        4.076666     2.353666     0.000000     1.00    2     0     1     1   E      1.0073
  H       -0.000000     4.707134    -0.000000     1.00    2     0     1     1   E      1.0073
  H       -4.076666     2.353666     0.000000     1.00    2     0     1     1   E      1.0073
  H       -4.076666    -2.353666     0.000000     1.00    2     0     1     1   E      1.0073
  H       -0.000000    -4.707134    -0.000000     1.00    2     0     1     1   E      1.0073
  H        4.076666    -2.353666     0.000000     1.00    2     0     1     1   E      1.0073
 
|--------------------------------------------------------------------------------------------|

  [ SCF control ] 
 $scf
 rhf
 charge
 $end
 
  --- PRINT: Information about SCF Calculation --- 
 ICTRL_FRAGSCF=  0
 IPRTMO=  1
 MAXITER=  100
 THRENE= 0.10E-07 THRDEN= 0.50E-05
 DAMP= 0.00 VSHIFT= 0.00
 IFDIIS= T
 THRDIIS= 0.10E+01
 MINDIIS=   2 MAXDIIS=   8
 iCHECK=  0
 iAUFBAU=  1
 INIGUESS=  0
 IfMPEC= F
 IfCOSX= F
 Occupation number:
  Without occupation number in input.

 Wave function information ...
 Total Nuclear charge    :      42
 Total electrons         :      42
 ECP-core electrons      :       0
 Spin multiplicity(2S+1) :       1
 Num. of alpha electrons :      21
 Num. of beta  electrons :      21
 

 Threshold in dft prescreening ...
 Thresh_shellvalue_dft :  0.10000E-09
 ThreshRho     :  0.10000E-11

  --- END:  Information about SCF Calculation  --- 
 
 The SMH converger is used...
 Finish scf input!

 DirectHF  F
  Reading 1-e integrals ...
  Start so_scf_init
  Finish so_scf_init
 
 Total number of electronic repulsion integrals      21487290
 Nuclear repulsion energy =   202.81509260
 
 iniguess                     0                     0
 
 [ATOM SCF control]
  heff=                      0
 After initial atom grid ...
 Finish atom    1  C             -37.3274218272
 After initial atom grid ...
 Finish atom    2  H              -0.4992784034
 
 Superposition of atomic densities as initial guess.
 skipaocheck T F
 Solve HC=EC in pflmo space.  F       21       93
 Initial guess energy =   -226.9602013836
 

 Start SCF iteration......


Iter.   idiis  vshift       SCF Energy            DeltaE          RMSDeltaD          MaxDeltaD      Damping    Times(S) 
   1      0    0.000    -233.7534947812      -6.7932933976       0.0128970644       0.2694138074    0.0000      0.58
   2      1    0.000    -230.5575798473       3.1959149338       0.0052053398       0.0836380306    0.0000      0.57
   3      2    0.000    -230.5814396384      -0.0238597911       0.0028579507       0.0375447328    0.0000      0.57
   4      3    0.000    -230.7203635283      -0.1389238898       0.0003198988       0.0055667536    0.0000      0.57
   5      4    0.000    -230.7212271823      -0.0008636541       0.0000768192       0.0012751803    0.0000      0.56
   6      5    0.000    -230.7213019068      -0.0000747245       0.0000074796       0.0001198196    0.0000      0.56
   7      6    0.000    -230.7213021039      -0.0000001971       0.0000004888       0.0000084443    0.0000      0.58
   8      7    0.000    -230.7213021043      -0.0000000004       0.0000000305       0.0000004288    0.0000      0.58
 diis/vshift is closed at iter =   8
   9      0    0.000    -230.7213021043      -0.0000000000       0.0000000015       0.0000000237    0.0000      0.55

  Label              CPU Time        SYS Time        Wall Time
 SCF iteration time:        21.440 S        3.010 S        5.140 S

 Final DeltaE = -2.728484105318785E-012
 Final DeltaD =  1.487320537605453E-009  5.000000000000000E-005
 
 Final scf result
   E_tot =              -230.72130210
   E_ele =              -433.53639470
   E_nn  =               202.81509260
   E_1e  =              -712.04711671
   E_ne  =              -942.38947604
   E_kin =               230.34235933
   E_ee  =               278.51072201
   E_xc  =                 0.00000000
  Virial Theorem      2.001645
 

 [Final occupation pattern: ]
 
 Irreps:        A   
 
 detailed occupation for iden/irep:      1   1
    1.00 1.00 1.00 1.00 1.00 1.00 1.00 1.00 1.00 1.00
    1.00 1.00 1.00 1.00 1.00 1.00 1.00 1.00 1.00 1.00
    1.00 0.00 0.00 0.00 0.00 0.00 0.00 0.00 0.00 0.00
    0.00 0.00 0.00 0.00 0.00 0.00 0.00 0.00 0.00 0.00
    0.00 0.00 0.00 0.00 0.00 0.00 0.00 0.00 0.00 0.00
    0.00 0.00 0.00 0.00 0.00 0.00 0.00 0.00 0.00 0.00
    0.00 0.00 0.00 0.00 0.00 0.00 0.00 0.00 0.00 0.00
    0.00 0.00 0.00 0.00 0.00 0.00 0.00 0.00 0.00 0.00
    0.00 0.00 0.00 0.00 0.00 0.00 0.00 0.00 0.00 0.00
    0.00 0.00 0.00 0.00 0.00 0.00 0.00 0.00 0.00 0.00
    0.00 0.00 0.00 0.00 0.00 0.00 0.00 0.00 0.00 0.00
    0.00 0.00 0.00 0.00
 Alpha      21.00
 

 [Orbital energies:]

 Energy of occ-orbs:    A            21
             -11.24149547     -11.24095191     -11.24095143     -11.23977836     -11.23977812
             -11.23920699      -1.14600994      -1.01112586      -1.01109885      -0.81948876
              -0.81948691      -0.70216191      -0.63855987      -0.61400897      -0.58246711
              -0.58242699      -0.49786501      -0.48975300      -0.48972898      -0.33325575
              -0.33323657
 Energy of vir-orbs:    A            93
               0.13617986       0.13618112       0.18106972       0.21935172       0.21935612
               0.25489561       0.25489729       0.27106796       0.34884075       0.43556226
               0.43557555       0.46699356       0.46699507       0.58530502       0.58649494
               0.66723206       0.68077324       0.71216418       0.73225087       0.73225840
               0.73737031       0.73738568       0.73858529       0.73860379       0.74057889
               0.82245271       0.82245577       0.85089109       0.85089312       0.88420732
               0.88422708       0.90884917       0.98486971       0.99657954       1.04893510
               1.10462474       1.10464145       1.12198878       1.15024880       1.20413112
               1.20414521       1.24191863       1.24194693       1.24292754       1.24296966
               1.30538782       1.31665009       1.31667949       1.46684110       1.51028208
               1.51032550       1.71883300       1.73940600       1.73944248       1.76323720
               1.80620031       1.86761546       1.86763146       1.88655137       1.88663785
               1.89467551       1.94791106       1.94791142       1.95829080       1.95829096
               1.96113223       2.08524056       2.08526118       2.11200390       2.14353212
               2.14359711       2.15823458       2.15825726       2.16568521       2.25778077
               2.25779630       2.27091777       2.27092931       2.31675546       2.49397893
               2.55005553       2.68722134       2.74920133       2.74920975       2.76816716
               2.76820803       2.94695989       2.94702952       2.99788511       3.11706860
               3.25143023       3.25147020       3.99984398
 
 Alpha   HOMO energy:      -0.33323657 au      -9.06783220 eV  Irrep: A       
 Alpha   LUMO energy:       0.13617986 au       3.70564409 eV  Irrep: A       
 HOMO-LUMO gap:       0.46941643 au      12.77347628 eV
 
 Frontier orbitals of each irrep:
 
  Symmetry   1 A       
 
         Orbital                16             17             18             19             20             21
         Energy             -0.58243       -0.49787       -0.48975       -0.48973       -0.33326       -0.33324
         Occ No.             2.00000        2.00000        2.00000        2.00000        2.00000        2.00000
      1 1C|1S0              -0.00021        0.00000        0.00224        0.00130        0.00000       -0.00000
      2 1C|2S0              -0.02190       -0.00000        0.01172        0.00677        0.00000       -0.00000
      3 1C|3S0              -0.03016       -0.00000       -0.00069       -0.00040       -0.00000        0.00000
      4 1C|2P-1              0.00719       -0.00000        0.01533       -0.24621       -0.00000       -0.00000
      5 1C|3P-1              0.02846       -0.00000        0.00491       -0.10141        0.00000       -0.00000
      6 1C|2P0               0.00000       -0.21537       -0.00000        0.00000        0.27775        0.16020
      7 1C|3P0              -0.00000       -0.12896       -0.00000        0.00000        0.22439        0.12943
      8 1C|2P1               0.16299        0.00000       -0.22860        0.01518        0.00000       -0.00000
      9 1C|3P1               0.05103        0.00000       -0.09579        0.00485        0.00000       -0.00000
     10 1C|3D-2              0.01238        0.00000       -0.03001       -0.00529       -0.00000        0.00000
     11 1C|3D-1              0.00000        0.00786       -0.00000       -0.00000       -0.01853        0.01937
     12 1C|3D0               0.00054        0.00000       -0.00004       -0.00002        0.00000       -0.00000
     13 1C|3D1               0.00000        0.01361        0.00000       -0.00000       -0.00205       -0.01854
     14 1C|3D2              -0.01324       -0.00000       -0.00527       -0.02392       -0.00000        0.00000
     15 2C|1S0              -0.00042       -0.00000        0.00000       -0.00259       -0.00000        0.00000
     16 2C|2S0              -0.04373       -0.00000        0.00000       -0.01353       -0.00000        0.00000
     17 2C|3S0              -0.06023        0.00000       -0.00000        0.00080        0.00000       -0.00000
     18 2C|2P-1              0.28956        0.00000       -0.00008        0.21980       -0.00000       -0.00000
     19 2C|3P-1              0.11687       -0.00000       -0.00003        0.09297       -0.00000        0.00000
     20 2C|2P0               0.00000       -0.21536       -0.00000        0.00000        0.00013        0.32064
     21 2C|3P0              -0.00000       -0.12895       -0.00000        0.00000        0.00011        0.25905
     22 2C|2P1              -0.00000       -0.00000        0.25502        0.00009       -0.00000       -0.00000
     23 2C|3P1              -0.00000        0.00000        0.10422        0.00004       -0.00000        0.00000
     24 2C|3D-2              0.00000       -0.00000       -0.02087       -0.00001       -0.00000        0.00000
     25 2C|3D-1             -0.00000        0.01571        0.00000       -0.00000       -0.00001       -0.01275
     26 2C|3D0               0.00108       -0.00000       -0.00000        0.00005       -0.00000        0.00000
     27 2C|3D1               0.00000        0.00000        0.00000        0.00000        0.03007       -0.00001
     28 2C|3D2              -0.00822       -0.00000        0.00001       -0.03306       -0.00000        0.00000
     29 3C|1S0              -0.00021        0.00000       -0.00224        0.00129        0.00000       -0.00000
     30 3C|2S0              -0.02190        0.00000       -0.01172        0.00677        0.00000       -0.00000
     31 3C|3S0              -0.03016       -0.00000        0.00069       -0.00040       -0.00000        0.00000
     32 3C|2P-1              0.00718       -0.00000       -0.01516       -0.24622       -0.00000       -0.00000
     33 3C|3P-1              0.02845        0.00000       -0.00484       -0.10141        0.00000       -0.00000
     34 3C|2P0              -0.00000       -0.21537       -0.00000        0.00000       -0.27761        0.16043
     35 3C|3P0               0.00000       -0.12896       -0.00000        0.00000       -0.22428        0.12962
     36 3C|2P1              -0.16297        0.00000       -0.22859       -0.01534        0.00000       -0.00000
     37 3C|3P1              -0.05103       -0.00000       -0.09578       -0.00492       -0.00000        0.00000
     38 3C|3D-2             -0.01238        0.00000       -0.03002        0.00527        0.00000       -0.00000
     39 3C|3D-1              0.00000        0.00786        0.00000        0.00000        0.01855        0.01936
     40 3C|3D0               0.00054        0.00000        0.00004       -0.00002        0.00000       -0.00000
     41 3C|3D1              -0.00000       -0.01361       -0.00000        0.00000       -0.00204        0.01854
     42 3C|3D2              -0.01324       -0.00000        0.00528       -0.02392       -0.00000       -0.00000
     43 4C|1S0               0.00021       -0.00000        0.00224        0.00130       -0.00000        0.00000
     44 4C|2S0               0.02190       -0.00000        0.01172        0.00677       -0.00000        0.00000
     45 4C|3S0               0.03016        0.00000       -0.00069       -0.00040        0.00000       -0.00000
     46 4C|2P-1              0.00719        0.00000       -0.01533        0.24621       -0.00000       -0.00000
     47 4C|3P-1              0.02846        0.00000       -0.00491        0.10141        0.00000       -0.00000
     48 4C|2P0              -0.00000       -0.21537       -0.00000        0.00000       -0.27775       -0.16020
     49 4C|3P0              -0.00000       -0.12896       -0.00000        0.00000       -0.22439       -0.12943
     50 4C|2P1               0.16299       -0.00000        0.22860       -0.01518        0.00000       -0.00000
     51 4C|3P1               0.05103        0.00000        0.09579       -0.00485        0.00000       -0.00000
     52 4C|3D-2             -0.01238       -0.00000       -0.03001       -0.00529        0.00000       -0.00000
     53 4C|3D-1              0.00000       -0.00786        0.00000        0.00000       -0.01853        0.01937
     54 4C|3D0              -0.00054       -0.00000       -0.00004       -0.00002       -0.00000        0.00000
     55 4C|3D1              -0.00000       -0.01361       -0.00000        0.00000       -0.00205       -0.01854
     56 4C|3D2               0.01324        0.00000       -0.00527       -0.02392        0.00000       -0.00000
     57 5C|1S0               0.00042       -0.00000        0.00000       -0.00259        0.00000       -0.00000
     58 5C|2S0               0.04373       -0.00000        0.00000       -0.01353        0.00000       -0.00000
     59 5C|3S0               0.06023       -0.00000        0.00000        0.00080       -0.00000        0.00000
     60 5C|2P-1              0.28956       -0.00000        0.00008       -0.21980       -0.00000       -0.00000
     61 5C|3P-1              0.11687       -0.00000        0.00003       -0.09297       -0.00000        0.00000
     62 5C|2P0              -0.00000       -0.21536       -0.00000        0.00000       -0.00013       -0.32064
     63 5C|3P0               0.00000       -0.12895       -0.00000        0.00000       -0.00011       -0.25905
     64 5C|2P1              -0.00000        0.00000       -0.25502       -0.00009        0.00000       -0.00000
     65 5C|3P1               0.00000        0.00000       -0.10422       -0.00004        0.00000       -0.00000
     66 5C|3D-2             -0.00000        0.00000       -0.02087       -0.00001        0.00000       -0.00000
     67 5C|3D-1              0.00000       -0.01571       -0.00000       -0.00000       -0.00001       -0.01275
     68 5C|3D0              -0.00108        0.00000       -0.00000        0.00005        0.00000       -0.00000
     69 5C|3D1              -0.00000       -0.00000       -0.00000       -0.00000        0.03007       -0.00001
     70 5C|3D2               0.00822       -0.00000        0.00001       -0.03306        0.00000       -0.00000
     71 6C|1S0               0.00021        0.00000       -0.00224        0.00129       -0.00000        0.00000
     72 6C|2S0               0.02190        0.00000       -0.01172        0.00677       -0.00000        0.00000
     73 6C|3S0               0.03016       -0.00000        0.00069       -0.00040        0.00000       -0.00000
     74 6C|2P-1              0.00718        0.00000        0.01516        0.24622        0.00000        0.00000
     75 6C|3P-1              0.02845        0.00000        0.00484        0.10141        0.00000       -0.00000
     76 6C|2P0              -0.00000       -0.21537       -0.00000        0.00000        0.27761       -0.16043
     77 6C|3P0              -0.00000       -0.12896       -0.00000        0.00000        0.22428       -0.12962
     78 6C|2P1              -0.16297       -0.00000        0.22859        0.01534        0.00000        0.00000
     79 6C|3P1              -0.05103       -0.00000        0.09578        0.00492       -0.00000        0.00000
     80 6C|3D-2              0.01238        0.00000       -0.03002        0.00527       -0.00000        0.00000
     81 6C|3D-1              0.00000       -0.00786       -0.00000        0.00000        0.01855        0.01936
     82 6C|3D0              -0.00054        0.00000        0.00004       -0.00002       -0.00000        0.00000
     83 6C|3D1               0.00000        0.01361        0.00000       -0.00000       -0.00204        0.01854
     84 6C|3D2               0.01324       -0.00000        0.00528       -0.02392        0.00000        0.00000
     85 7H|1S0               0.11159        0.00000       -0.18961       -0.10956        0.00000       -0.00000
     86 7H|2S0               0.04054       -0.00000       -0.09929       -0.05738       -0.00000        0.00000
     87 7H|2P-1             -0.00731       -0.00000        0.00802       -0.00330       -0.00000        0.00000
     88 7H|2P0              -0.00000       -0.00730        0.00000        0.00000        0.01033        0.00596
     89 7H|2P1              -0.00427       -0.00000        0.00595        0.00802       -0.00000        0.00000
     90 8H|1S0               0.22328        0.00000       -0.00008        0.21899       -0.00000        0.00000
     91 8H|2S0               0.08113        0.00000       -0.00004        0.11469        0.00000       -0.00000
     92 8H|2P-1             -0.01472        0.00000        0.00000       -0.01059        0.00000       -0.00000
     93 8H|2P0               0.00000       -0.00730       -0.00000        0.00000        0.00000        0.01192
     94 8H|2P1              -0.00000        0.00000        0.00793        0.00000        0.00000       -0.00000
     95 9H|1S0               0.11157       -0.00000        0.18968       -0.10943        0.00000       -0.00000
     96 9H|2S0               0.04054       -0.00000        0.09933       -0.05731       -0.00000        0.00000
     97 9H|2P-1             -0.00731       -0.00000       -0.00802       -0.00331       -0.00000       -0.00000
     98 9H|2P0              -0.00000       -0.00730       -0.00000        0.00000       -0.01032        0.00597
     99 9H|2P1               0.00427        0.00000        0.00596       -0.00802        0.00000       -0.00000
    100 10H|1S0             -0.11159        0.00000       -0.18961       -0.10956       -0.00000        0.00000
    101 10H|2S0             -0.04054        0.00000       -0.09929       -0.05738        0.00000       -0.00000
    102 10H|2P-1            -0.00731       -0.00000       -0.00802        0.00330       -0.00000        0.00000
    103 10H|2P0             -0.00000       -0.00730       -0.00000        0.00000       -0.01033       -0.00596
    104 10H|2P1             -0.00427        0.00000       -0.00595       -0.00802       -0.00000        0.00000
    105 11H|1S0             -0.22328        0.00000       -0.00008        0.21899        0.00000       -0.00000
    106 11H|2S0             -0.08113       -0.00000       -0.00004        0.11469       -0.00000        0.00000
    107 11H|2P-1            -0.01472       -0.00000       -0.00000        0.01059        0.00000       -0.00000
    108 11H|2P0              0.00000       -0.00730       -0.00000       -0.00000       -0.00000       -0.01192
    109 11H|2P1             -0.00000        0.00000       -0.00793       -0.00000        0.00000        0.00000
    110 12H|1S0             -0.11157       -0.00000        0.18968       -0.10943        0.00000        0.00000
    111 12H|2S0             -0.04054       -0.00000        0.09933       -0.05731        0.00000       -0.00000
    112 12H|2P-1            -0.00731        0.00000        0.00802        0.00331       -0.00000        0.00000
    113 12H|2P0              0.00000       -0.00730       -0.00000        0.00000        0.01032       -0.00597
    114 12H|2P1              0.00427       -0.00000       -0.00596        0.00802        0.00000       -0.00000
 
         Orbital                22             23             24             25             26             27
         Energy              0.13618        0.13618        0.18107        0.21935        0.21936        0.25490
         Occ No.             0.00000        0.00000        0.00000        0.00000        0.00000        0.00000
      1 1C|1S0               0.00000        0.00000        0.02176       -0.02338        0.01350       -0.02054
      2 1C|2S0               0.00000        0.00000       -0.03156        0.01560       -0.00904        0.06601
      3 1C|3S0              -0.00000       -0.00000       -0.57229        0.87861       -0.50741        0.85919
      4 1C|2P-1              0.00000       -0.00000       -0.04772        0.06733       -0.04535        0.02415
      5 1C|3P-1             -0.00000       -0.00000       -0.13961        0.37019       -0.02571        0.31207
      6 1C|2P0              -0.27277        0.15452       -0.00000        0.00000        0.00000        0.00000
      7 1C|3P0              -0.50489        0.28601       -0.00000        0.00000       -0.00000        0.00000
      8 1C|2P1              -0.00000       -0.00000       -0.08264        0.12306       -0.06740        0.08039
      9 1C|3P1               0.00000        0.00000       -0.24178        0.45262       -0.37069        0.76390
     10 1C|3D-2              0.00000        0.00000        0.00699        0.00594       -0.00537        0.00965
     11 1C|3D-1             -0.02159       -0.02676       -0.00000        0.00000        0.00000       -0.00000
     12 1C|3D0               0.00000       -0.00000        0.00492       -0.00794        0.00458       -0.00464
     13 1C|3D1               0.00122        0.02182        0.00000       -0.00000        0.00000       -0.00000
     14 1C|3D2               0.00000       -0.00000        0.00403        0.00536        0.00025        0.01191
     15 2C|1S0               0.00000        0.00000        0.02176        0.00001        0.02700       -0.00002
     16 2C|2S0               0.00000        0.00000       -0.03154       -0.00001       -0.01799        0.00005
     17 2C|3S0              -0.00000       -0.00000       -0.57232       -0.00044       -1.01505        0.00073
     18 2C|2P-1             -0.00000       -0.00000       -0.09543       -0.00007       -0.16197        0.00007
     19 2C|3P-1             -0.00000        0.00000       -0.27905       -0.00029       -0.66626        0.00068
     20 2C|2P0               0.00257       -0.31348        0.00000       -0.00000       -0.00000        0.00000
     21 2C|3P0               0.00476       -0.58025        0.00000       -0.00000       -0.00000        0.00000
     22 2C|2P1              -0.00000        0.00000        0.00000        0.00644       -0.00000       -0.03851
     23 2C|3P1               0.00000        0.00000        0.00000       -0.18836        0.00008       -0.22284
     24 2C|3D-2              0.00000       -0.00000       -0.00000        0.00335       -0.00000       -0.01096
     25 2C|3D-1              0.00009       -0.01119       -0.00000       -0.00000       -0.00000       -0.00000
     26 2C|3D0               0.00000        0.00000        0.00493        0.00000        0.00917       -0.00000
     27 2C|3D1              -0.03917       -0.00032        0.00000       -0.00000       -0.00000       -0.00000
     28 2C|3D2               0.00000        0.00000       -0.00807        0.00000        0.00904       -0.00001
     29 3C|1S0               0.00000        0.00000        0.02176        0.02339        0.01348        0.02055
     30 3C|2S0               0.00000       -0.00000       -0.03156       -0.01560       -0.00903       -0.06606
     31 3C|3S0              -0.00000       -0.00000       -0.57229       -0.87905       -0.50665       -0.85992
     32 3C|2P-1             -0.00000       -0.00000       -0.04772       -0.06737       -0.04530       -0.02423
     33 3C|3P-1              0.00000        0.00000       -0.13961       -0.37021       -0.02539       -0.31265
     34 3C|2P0               0.27020        0.15897       -0.00000       -0.00000        0.00000       -0.00000
     35 3C|3P0               0.50014        0.29425       -0.00000       -0.00000       -0.00000       -0.00000
     36 3C|2P1               0.00000        0.00000        0.08264        0.12311        0.06730        0.08042
     37 3C|3P1               0.00000        0.00000        0.24178        0.45295        0.37029        0.76434
     38 3C|3D-2             -0.00000        0.00000       -0.00699        0.00594        0.00536        0.00966
     39 3C|3D-1              0.02202       -0.02640        0.00000        0.00000        0.00000        0.00000
     40 3C|3D0               0.00000        0.00000        0.00492        0.00794        0.00457        0.00464
     41 3C|3D1               0.00158       -0.02180       -0.00000       -0.00000       -0.00000       -0.00000
     42 3C|3D2              -0.00000        0.00000        0.00403       -0.00536        0.00025       -0.01190
     43 4C|1S0              -0.00000        0.00000        0.02176        0.02338       -0.01350       -0.02054
     44 4C|2S0              -0.00000        0.00000       -0.03156       -0.01560        0.00904        0.06601
     45 4C|3S0               0.00000       -0.00000       -0.57229       -0.87861        0.50741        0.85920
     46 4C|2P-1             -0.00000        0.00000        0.04772        0.06733       -0.04535       -0.02415
     47 4C|3P-1              0.00000        0.00000        0.13961        0.37019       -0.02571       -0.31206
     48 4C|2P0              -0.27277        0.15452       -0.00000       -0.00000       -0.00000        0.00000
     49 4C|3P0              -0.50489        0.28601       -0.00000       -0.00000       -0.00000        0.00000
     50 4C|2P1               0.00000        0.00000        0.08264        0.12306       -0.06740       -0.08039
     51 4C|3P1              -0.00000       -0.00000        0.24178        0.45262       -0.37069       -0.76389
     52 4C|3D-2             -0.00000       -0.00000        0.00699       -0.00594        0.00537        0.00965
     53 4C|3D-1              0.02159        0.02676       -0.00000        0.00000        0.00000        0.00000
     54 4C|3D0              -0.00000        0.00000        0.00492        0.00794       -0.00458       -0.00464
     55 4C|3D1              -0.00122       -0.02182       -0.00000       -0.00000        0.00000        0.00000
     56 4C|3D2              -0.00000       -0.00000        0.00403       -0.00536       -0.00025        0.01191
     57 5C|1S0               0.00000        0.00000        0.02176       -0.00001       -0.02700       -0.00002
     58 5C|2S0               0.00000       -0.00000       -0.03154        0.00001        0.01799        0.00006
     59 5C|3S0              -0.00000       -0.00000       -0.57232        0.00044        1.01505        0.00072
     60 5C|2P-1              0.00000        0.00000        0.09543       -0.00007       -0.16197       -0.00007
     61 5C|3P-1             -0.00000       -0.00000        0.27905       -0.00029       -0.66626       -0.00069
     62 5C|2P0               0.00257       -0.31348        0.00000        0.00000        0.00000        0.00000
     63 5C|3P0               0.00476       -0.58025        0.00000        0.00000        0.00000        0.00000
     64 5C|2P1               0.00000       -0.00000        0.00000        0.00644       -0.00000        0.03851
     65 5C|3P1              -0.00000       -0.00000       -0.00000       -0.18836        0.00008        0.22284
     66 5C|3D-2              0.00000       -0.00000       -0.00000       -0.00335        0.00000       -0.01096
     67 5C|3D-1             -0.00009        0.01119        0.00000       -0.00000       -0.00000        0.00000
     68 5C|3D0               0.00000        0.00000        0.00493       -0.00000       -0.00917       -0.00000
     69 5C|3D1               0.03917        0.00032        0.00000       -0.00000       -0.00000        0.00000
     70 5C|3D2              -0.00000        0.00000       -0.00807       -0.00000       -0.00904       -0.00001
     71 6C|1S0              -0.00000        0.00000        0.02176       -0.02339       -0.01348        0.02055
     72 6C|2S0              -0.00000       -0.00000       -0.03156        0.01560        0.00903       -0.06606
     73 6C|3S0               0.00000       -0.00000       -0.57229        0.87905        0.50665       -0.85991
     74 6C|2P-1              0.00000        0.00000        0.04772       -0.06737       -0.04530        0.02423
     75 6C|3P-1             -0.00000       -0.00000        0.13961       -0.37021       -0.02539        0.31266
     76 6C|2P0               0.27020        0.15897       -0.00000        0.00000       -0.00000       -0.00000
     77 6C|3P0               0.50014        0.29425       -0.00000        0.00000        0.00000       -0.00000
     78 6C|2P1              -0.00000       -0.00000       -0.08264        0.12311        0.06730       -0.08042
     79 6C|3P1              -0.00000       -0.00000       -0.24178        0.45295        0.37029       -0.76435
     80 6C|3D-2             -0.00000        0.00000       -0.00699       -0.00594       -0.00536        0.00967
     81 6C|3D-1             -0.02202        0.02640       -0.00000        0.00000        0.00000       -0.00000
     82 6C|3D0               0.00000        0.00000        0.00492       -0.00794       -0.00457        0.00464
     83 6C|3D1              -0.00158        0.02180        0.00000       -0.00000       -0.00000        0.00000
     84 6C|3D2              -0.00000        0.00000        0.00403        0.00536       -0.00025       -0.01190
     85 7H|1S0              -0.00000       -0.00000        0.03139       -0.00454        0.00263       -0.00041
     86 7H|2S0              -0.00000        0.00000        0.75076       -1.13452        0.65589       -1.33908
     87 7H|2P-1              0.00000        0.00000       -0.00381        0.00800       -0.00721        0.00607
     88 7H|2P0              -0.01456        0.00825       -0.00000        0.00000       -0.00000        0.00000
     89 7H|2P1              -0.00000       -0.00000       -0.00659        0.01645       -0.00801        0.01781
     90 8H|1S0               0.00000        0.00000        0.03139        0.00000        0.00523       -0.00000
     91 8H|2S0               0.00000        0.00000        0.75064        0.00057        1.31015       -0.00112
     92 8H|2P-1             -0.00000       -0.00000       -0.00761       -0.00001       -0.02108        0.00002
     93 8H|2P0               0.00014       -0.01673        0.00000        0.00000        0.00000        0.00000
     94 8H|2P1              -0.00000       -0.00000        0.00000        0.00259       -0.00000       -0.00730
     95 9H|1S0               0.00000        0.00000        0.03139        0.00455        0.00263        0.00041
     96 9H|2S0               0.00000        0.00000        0.75076        1.13509        0.65491        1.34020
     97 9H|2P-1             -0.00000       -0.00000       -0.00381       -0.00801       -0.00721       -0.00608
     98 9H|2P0               0.01442        0.00849       -0.00000       -0.00000       -0.00000       -0.00000
     99 9H|2P1               0.00000        0.00000        0.00659        0.01646        0.00800        0.01782
    100 10H|1S0              0.00000        0.00000        0.03139        0.00454       -0.00263       -0.00041
    101 10H|2S0              0.00000        0.00000        0.75076        1.13452       -0.65589       -1.33907
    102 10H|2P-1            -0.00000       -0.00000        0.00381        0.00800       -0.00721       -0.00607
    103 10H|2P0             -0.01456        0.00825       -0.00000       -0.00000        0.00000        0.00000
    104 10H|2P1              0.00000        0.00000        0.00659        0.01645       -0.00801       -0.01781
    105 11H|1S0             -0.00000        0.00000        0.03139       -0.00000       -0.00523       -0.00000
    106 11H|2S0             -0.00000        0.00000        0.75064       -0.00057       -1.31015       -0.00113
    107 11H|2P-1            -0.00000        0.00000        0.00761       -0.00001       -0.02108       -0.00002
    108 11H|2P0              0.00014       -0.01673        0.00000       -0.00000       -0.00000        0.00000
    109 11H|2P1              0.00000        0.00000       -0.00000        0.00259       -0.00000        0.00730
    110 12H|1S0              0.00000        0.00000        0.03139       -0.00455       -0.00263        0.00041
    111 12H|2S0              0.00000        0.00000        0.75076       -1.13509       -0.65491        1.34021
    112 12H|2P-1             0.00000        0.00000        0.00381       -0.00801       -0.00721        0.00608
    113 12H|2P0              0.01442        0.00849       -0.00000        0.00000        0.00000       -0.00000
    114 12H|2P1             -0.00000       -0.00000       -0.00659        0.01646        0.00800       -0.01782
 
 
 [Mulliken Population Analysis]
  Atomic charges: 
     1C      -0.0288
     2C      -0.0288
     3C      -0.0288
     4C      -0.0288
     5C      -0.0288
     6C      -0.0288
     7H       0.0288
     8H       0.0288
     9H       0.0288
    10H       0.0288
    11H       0.0288
    12H       0.0288
     Sum:     0.0000
 
 [Lowdin Population Analysis]
  Atomic charges: 
     1C      -0.0287
     2C      -0.0287
     3C      -0.0287
     4C      -0.0287
     5C      -0.0287
     6C      -0.0287
     7H       0.0287
     8H       0.0287
     9H       0.0287
    10H       0.0287
    11H       0.0287
    12H       0.0287
     Sum:     0.0000
 
 
 [Dipole moment: Debye]
              X          Y          Z         |u|
   Elec:0.1675E-05 -.3693E-06 0.2314E-05
   Nucl:-.1416E-05 0.3812E-06 -.3453E-05
   Totl:    0.0000     0.0000    -0.0000     0.0000
 
 ---------------------------------------------------------------
  Timing of SCF calculation                                                       
 
  CPU TIME(S)      SYSTEM TIME(S)     WALL TIME(S)
         22.260            3.040               5.270
 ---------------------------------------------------------------
 
|******************************************************************************|
 
    Total cpu     time:         22.26  S
    Total system  time:          3.04  S
    Total wall    time:          5.27  S
 
    Current time   2022-04-24  17:23:15
    End running module scf
|******************************************************************************|
 
('tmpstdin ', True)
('npro is ', 1)
('\n BDF command: ', '/apps/users/lcz/bdf-pkg/bin/mcscf.x /scratch/ben-cas66_401/ben-cas66XX3.mcscf.inp')
  BDF process        0 of        1 on Serial  
 
|******************************************************************************|
 
    Start running module mcscf
    Current time   2022-04-24  17:23:15
 
|******************************************************************************|
 
 
                    **************************************************
                                            MCSCF                     
                       Write By Shuneng Mao, Bingbing Suo, Yibo Lei   
                    **************************************************

|-------------------------------------------------------------------------------------------|

 Atom           Cartcoord(Bohr)                 Charge Basis Auxbas Uatom Nstab Alink  Mass
  C        2.288567     1.321231    -0.000000     6.00    1     0     1     1   E     11.9967
  C        0.000000     2.642354    -0.000000     6.00    1     0     1     1   E     11.9967
  C       -2.288567     1.321231     0.000000     6.00    1     0     1     1   E     11.9967
  C       -2.288567    -1.321231    -0.000000     6.00    1     0     1     1   E     11.9967
  C       -0.000000    -2.642354    -0.000000     6.00    1     0     1     1   E     11.9967
  C        2.288567    -1.321231    -0.000000     6.00    1     0     1     1   E     11.9967
  H        4.076666     2.353666     0.000000     1.00    2     0     1     1   E      1.0073
  H       -0.000000     4.707134    -0.000000     1.00    2     0     1     1   E      1.0073
  H       -4.076666     2.353666     0.000000     1.00    2     0     1     1   E      1.0073
  H       -4.076666    -2.353666     0.000000     1.00    2     0     1     1   E      1.0073
  H       -0.000000    -4.707134    -0.000000     1.00    2     0     1     1   E      1.0073
  H        4.076666    -2.353666     0.000000     1.00    2     0     1     1   E      1.0073
 
|--------------------------------------------------------------------------------------------|

 $mcscf                                                                         
  
 guess                                                                          
  
 sortact                                                                        
  
 close                                                                          
  
 active                                                                         
  
 actel                                                                          
  
 spin                                                                           
  
 iprtmo                                                                         
  
 molden                                                                         
  
 $end                                                                           
  
 
    ******** Orbital information *******
     nsbas:   114
     nsorb:   114
     nscor:     0
     nscls:    18
     nsact:     6
     nsocc:    24
     nsval:    24
     nsvir:    90
     nsxvr:     0
 

    ******** MCSCF wavefunction information ********
    Group Sym:    1
    State Sym:    1
    Spin  Mul:    1
    Act  Elec:    6

          States average information
    Nstate:     1
    Nstmix:     1
    Istate:     1
    Weight:   1.000000

    ******** MCSCF solver ********
    Quasi-Newton     : F
    Werner-Algorithm : T
    GUGA-CI          : F
    UGA-CI           : T
    iCI              : F
    Selected         : F
    CASCI            : F
    CVS              : F
 Initial guess orbital: HF orbibtal
 
   sort active MOs by input active orbital number.
     1     17 =>     19   in irrep      1 of     17    19
     2     30 =>     24   in irrep      1 of     30    24
 
 Print initial guess orbital which may be sorted.
 

 Output to Molden format ...

  Start MCSCF iteration ...
 
 Total number of electronic repulsion integrals      21487290
Nuclear energy =    202.81509260
 
transform internal J and K oper need time =          6.00  s
SCF energy       -230.72130210 a.u.
mcscf_eneci(0)   -230.77589178 a.u.
 
The energy shift is :             0.0 a.u.
 

      Iter  MIC INN        Energy                Energy(Approx)    DeltaE    OrbGrad(0)  OrbGrad(1)   MaxRot       NLin NAug
 MACRO   1   4   0.   -230.793852138621      -230.794389246213   -.1796E-01  0.8971E-01  0.6959E-04  0.6177E-04      0    4
 MACRO   2   2   1.   -230.793858827520      -230.793860009590   -.6689E-05  0.7019E-02  0.1532E-03  0.8943E-04      0    2
 MACRO   3   2   1.   -230.793858827635      -230.793858827656   -.1148E-09  0.3001E-04  0.6463E-05  0.1486E-05      0    2
 
    State Averaged ci energy      -230.79385883
  CHECKDATA:MCSCF:NITER:        3
 ===============================================================
 MCSCF natural and resolution orbital coefficients:
 
 Print and Save MCSCF natural orbital
 
 
transform J and K oper need time =         12.81  s

Print final result



********** INITIAL GUESS INFO **********

  spintwo | symmetry |  nstates |     ncsf |     ncfg |   energy 
--------------------------------------------------------------------------------------
        0 |        0 |        1 |      175 |      141 |   -230.79385883, 


*************** Begin PRINT NONRELA CFGSPACE ***************

spintwo    = 0
irrep      = 0
nstates    = 1
ncfg       =          141
ncsf       =          175
ncsf full  =          175
ndet full  =          400
ndet eff   =          400

*********** state  0 ***********
Important ocfg:
    0 22200000000000000000000000000000    0    -9.406894e-01  88.489661
    1 22020000000000000000000000000000    0     1.476342e-01   2.179585
    2 20202000000000000000000000000000    0     1.476242e-01   2.179292
    3 21111000000000000000000000000000    0     1.373238e-01   1.885782
    4 21111000000000000000000000000000    1     1.134791e-01   1.287751
    5 12110100000000000000000000000000    1     1.091371e-01   1.191090
    6 11201100000000000000000000000000    1    -1.091344e-01   1.191032
    7 02220000000000000000000000000000    0     4.144315e-02   0.171753
    8 02202000000000000000000000000000    0     4.144063e-02   0.171733
    9 02200200000000000000000000000000    0     3.816788e-02   0.145679
   10 22002000000000000000000000000000    0     3.415566e-02   0.116661
   11 20220000000000000000000000000000    0     3.415471e-02   0.116654
   12 20022000000000000000000000000000    0    -3.279508e-02   0.107552
   13 22000200000000000000000000000000    0     3.264887e-02   0.106595
   14 20200200000000000000000000000000    0     3.264624e-02   0.106578
   15 12110100000000000000000000000000    0     3.182278e-02   0.101269
   16 11201100000000000000000000000000    0    -3.182253e-02   0.101267
   17 11021100000000000000000000000000    1     2.507558e-02   0.062878
   18 10112100000000000000000000000000    1    -2.507539e-02   0.062877
   19 02020200000000000000000000000000    0    -1.363500e-02   0.018591
   20 00202200000000000000000000000000    0    -1.363332e-02   0.018587
   21 21011100000000000000000000000000    0    -1.312543e-02   0.017228
   22 11121000000000000000000000000000    0     1.284040e-02   0.016488
   23 01111200000000000000000000000000    1    -1.182003e-02   0.013971
   24 20120100000000000000000000000000    0     1.071627e-02   0.011484
check importance : 175 / 175 (  100.00)

****************************


*************** End PRINT NONRELA CFGSPACE ***************



****************************************

 
 Calculate atomic population
 
 
 Print atomic population of state :                      1
 
 [Mulliken Population Analysis]
  Atomic charges: 
     1C      -0.0244
     2C      -0.0244
     3C      -0.0244
     4C      -0.0244
     5C      -0.0244
     6C      -0.0244
     7H       0.0244
     8H       0.0244
     9H       0.0244
    10H       0.0244
    11H       0.0244
    12H       0.0244
     Sum:    -0.0000
 
 [Lowdin Population Analysis]
  Atomic charges: 
     1C      -0.0257
     2C      -0.0257
     3C      -0.0257
     4C      -0.0257
     5C      -0.0257
     6C      -0.0257
     7H       0.0257
     8H       0.0257
     9H       0.0257
    10H       0.0257
    11H       0.0257
    12H       0.0257
     Sum:    -0.0000
 
 
 Calculate (transition) dipole moment
 
 
 Print Dipole moment of state :                      1
 
 [Dipole moment: a.u.]
              X          Y          Z         |u|
   Elec:0.6410E-06 -.1450E-06 0.9093E-06
   Nucl:-.5570E-06 0.1500E-06 -.1358E-05
   Totl:    0.0000     0.0000    -0.0000     0.0000
 
 [Dipole moment: Debye]
              X          Y          Z         |u|
   Elec:0.1629E-05 -.3686E-06 0.2311E-05
   Nucl:-.1416E-05 0.3812E-06 -.3453E-05
   Totl:    0.0000     0.0000    -0.0000     0.0000
 

 *** Electric transition dipole moments (Au) ***
State  I   J         X            Y            Z            |u|        f / Osc.
 
 
  HESSIAN diagonal    it=                    -1
  Reorder orbital to Molcas order ...

 Output to Molden format ...

 Print CMO informations =                      1
 Frontier orbitals of each irrep:
 
  Symmetry   1 A       
 
         Orbital                16             17             18             19             20             21
         Energy             -0.57797       -0.48478       -0.48476       -0.48734       -0.32026       -0.32024
         Occ No.             2.00000        2.00000        2.00000        1.96052        1.90062        1.90062
      1 1C|1S0               0.00018        0.00219        0.00127       -0.00000        0.00000       -0.00000
      2 1C|2S0               0.02206        0.01234        0.00713        0.00000        0.00000       -0.00000
      3 1C|3S0               0.03048        0.00129        0.00074        0.00000       -0.00000        0.00000
      4 1C|2P-1             -0.00708        0.01565       -0.24557       -0.00000       -0.00000       -0.00000
      5 1C|3P-1             -0.02820        0.00458       -0.10268       -0.00000        0.00000       -0.00000
      6 1C|2P0              -0.00000       -0.00000       -0.00000        0.21983        0.28734        0.16502
      7 1C|3P0               0.00000        0.00000       -0.00000        0.12612        0.21659        0.12439
      8 1C|2P1              -0.16226       -0.22760        0.01550       -0.00000        0.00000        0.00000
      9 1C|3P1              -0.05175       -0.09743        0.00452       -0.00000        0.00000       -0.00000
     10 1C|3D-2             -0.01227       -0.02983       -0.00514       -0.00000       -0.00000        0.00000
     11 1C|3D-1             -0.00000       -0.00000       -0.00000       -0.00732       -0.01691        0.01806
     12 1C|3D0              -0.00063       -0.00017       -0.00010       -0.00000        0.00000       -0.00000
     13 1C|3D1              -0.00000       -0.00000       -0.00000       -0.01268       -0.00159       -0.01695
     14 1C|3D2               0.01330       -0.00511       -0.02392        0.00000       -0.00000        0.00000
     15 2C|1S0               0.00035        0.00000       -0.00253        0.00000       -0.00000        0.00000
     16 2C|2S0               0.04406        0.00000       -0.01425        0.00000       -0.00000        0.00000
     17 2C|3S0               0.06087        0.00000       -0.00148       -0.00000        0.00000       -0.00000
     18 2C|2P-1             -0.28818       -0.00008        0.21861       -0.00000        0.00000       -0.00000
     19 2C|3P-1             -0.11785       -0.00003        0.09481        0.00000       -0.00000        0.00000
     20 2C|2P0              -0.00000        0.00000       -0.00000        0.21982        0.00076        0.33135
     21 2C|3P0               0.00000       -0.00000       -0.00000        0.12612        0.00057        0.24977
     22 2C|2P1               0.00001        0.25457        0.00009       -0.00000        0.00000       -0.00000
     23 2C|3P1               0.00000        0.10530        0.00004       -0.00000       -0.00000        0.00000
     24 2C|3D-2             -0.00000       -0.02096       -0.00001        0.00000       -0.00000        0.00000
     25 2C|3D-1              0.00000        0.00000       -0.00000       -0.01464       -0.00003       -0.01134
     26 2C|3D0              -0.00127       -0.00000        0.00019        0.00000       -0.00000        0.00000
     27 2C|3D1              -0.00000        0.00000        0.00000       -0.00000        0.02781       -0.00006
     28 2C|3D2               0.00797        0.00001       -0.03279        0.00000       -0.00000        0.00000
     29 3C|1S0               0.00018       -0.00219        0.00127       -0.00000        0.00000       -0.00000
     30 3C|2S0               0.02206       -0.01235        0.00713       -0.00000        0.00000       -0.00000
     31 3C|3S0               0.03047       -0.00128        0.00074        0.00000       -0.00000        0.00000
     32 3C|2P-1             -0.00706       -0.01548       -0.24558        0.00000       -0.00000       -0.00000
     33 3C|3P-1             -0.02819       -0.00451       -0.10268       -0.00000        0.00000       -0.00000
     34 3C|2P0              -0.00000        0.00000       -0.00000        0.21983       -0.28658        0.16633
     35 3C|3P0              -0.00000       -0.00000       -0.00000        0.12612       -0.21601        0.12538
     36 3C|2P1               0.16223       -0.22759       -0.01566       -0.00000        0.00000       -0.00000
     37 3C|3P1               0.05174       -0.09743       -0.00459        0.00000       -0.00000        0.00000
     38 3C|3D-2              0.01227       -0.02984        0.00512       -0.00000        0.00000       -0.00000
     39 3C|3D-1             -0.00000        0.00000        0.00000       -0.00732        0.01699        0.01798
     40 3C|3D0              -0.00063        0.00017       -0.00010       -0.00000        0.00000       -0.00000
     41 3C|3D1               0.00000       -0.00000        0.00000        0.01268       -0.00151        0.01695
     42 3C|3D2               0.01330        0.00513       -0.02392        0.00000       -0.00000       -0.00000
     43 4C|1S0              -0.00018        0.00219        0.00127        0.00000       -0.00000        0.00000
     44 4C|2S0              -0.02206        0.01234        0.00713        0.00000       -0.00000        0.00000
     45 4C|3S0              -0.03048        0.00128        0.00074       -0.00000        0.00000       -0.00000
     46 4C|2P-1             -0.00708       -0.01565        0.24557        0.00000       -0.00000       -0.00000
     47 4C|3P-1             -0.02820       -0.00458        0.10268       -0.00000       -0.00000       -0.00000
     48 4C|2P0               0.00000        0.00000       -0.00000        0.21983       -0.28734       -0.16502
     49 4C|3P0               0.00000       -0.00000        0.00000        0.12612       -0.21659       -0.12439
     50 4C|2P1              -0.16226        0.22760       -0.01550       -0.00000        0.00000        0.00000
     51 4C|3P1              -0.05175        0.09743       -0.00452       -0.00000        0.00000       -0.00000
     52 4C|3D-2              0.01227       -0.02983       -0.00514        0.00000        0.00000       -0.00000
     53 4C|3D-1             -0.00000        0.00000        0.00000        0.00732       -0.01691        0.01806
     54 4C|3D0               0.00063       -0.00017       -0.00010        0.00000       -0.00000        0.00000
     55 4C|3D1               0.00000       -0.00000        0.00000        0.01268       -0.00159       -0.01695
     56 4C|3D2              -0.01330       -0.00511       -0.02392       -0.00000        0.00000       -0.00000
     57 5C|1S0              -0.00035        0.00000       -0.00253        0.00000        0.00000       -0.00000
     58 5C|2S0              -0.04406        0.00000       -0.01425        0.00000        0.00000       -0.00000
     59 5C|3S0              -0.06087        0.00000       -0.00148        0.00000       -0.00000        0.00000
     60 5C|2P-1             -0.28818        0.00008       -0.21861        0.00000        0.00000       -0.00000
     61 5C|3P-1             -0.11785        0.00003       -0.09481        0.00000       -0.00000        0.00000
     62 5C|2P0               0.00000        0.00000        0.00000        0.21982       -0.00076       -0.33135
     63 5C|3P0              -0.00000        0.00000       -0.00000        0.12612       -0.00057       -0.24977
     64 5C|2P1               0.00001       -0.25457       -0.00009       -0.00000        0.00000       -0.00000
     65 5C|3P1              -0.00000       -0.10530       -0.00004       -0.00000        0.00000       -0.00000
     66 5C|3D-2              0.00000       -0.02096       -0.00001       -0.00000        0.00000       -0.00000
     67 5C|3D-1             -0.00000        0.00000       -0.00000        0.01464       -0.00003       -0.01134
     68 5C|3D0               0.00127       -0.00000        0.00019       -0.00000        0.00000       -0.00000
     69 5C|3D1               0.00000       -0.00000       -0.00000        0.00000        0.02781       -0.00006
     70 5C|3D2              -0.00797        0.00001       -0.03279        0.00000        0.00000       -0.00000
     71 6C|1S0              -0.00018       -0.00219        0.00127       -0.00000       -0.00000        0.00000
     72 6C|2S0              -0.02206       -0.01235        0.00713       -0.00000       -0.00000        0.00000
     73 6C|3S0              -0.03047       -0.00129        0.00074        0.00000        0.00000       -0.00000
     74 6C|2P-1             -0.00706        0.01548        0.24558        0.00000        0.00000        0.00000
     75 6C|3P-1             -0.02819        0.00451        0.10268       -0.00000        0.00000       -0.00000
     76 6C|2P0               0.00000        0.00000       -0.00000        0.21983        0.28658       -0.16633
     77 6C|3P0               0.00000       -0.00000        0.00000        0.12612        0.21601       -0.12538
     78 6C|2P1               0.16223        0.22759        0.01566        0.00000        0.00000       -0.00000
     79 6C|3P1               0.05174        0.09743        0.00459       -0.00000       -0.00000        0.00000
     80 6C|3D-2             -0.01227       -0.02984        0.00512       -0.00000       -0.00000        0.00000
     81 6C|3D-1             -0.00000       -0.00000       -0.00000        0.00732        0.01699        0.01798
     82 6C|3D0               0.00063        0.00017       -0.00010       -0.00000       -0.00000        0.00000
     83 6C|3D1               0.00000        0.00000       -0.00000       -0.01268       -0.00151        0.01695
     84 6C|3D2              -0.01330        0.00513       -0.02392        0.00000        0.00000        0.00000
     85 7H|1S0              -0.11168       -0.18961       -0.10956        0.00000        0.00000       -0.00000
     86 7H|2S0              -0.04117       -0.10048       -0.05807        0.00000       -0.00000        0.00000
     87 7H|2P-1              0.00730        0.00802       -0.00330        0.00000       -0.00000        0.00000
     88 7H|2P0               0.00000        0.00000        0.00000        0.00725        0.01027        0.00590
     89 7H|2P1               0.00429        0.00595        0.00802        0.00000       -0.00000        0.00000
     90 8H|1S0              -0.22346       -0.00008        0.21900        0.00000       -0.00000        0.00000
     91 8H|2S0              -0.08238       -0.00004        0.11606       -0.00000        0.00000       -0.00000
     92 8H|2P-1              0.01474        0.00000       -0.01059       -0.00000        0.00000       -0.00000
     93 8H|2P0              -0.00000       -0.00000        0.00000        0.00725        0.00003        0.01185
     94 8H|2P1               0.00000        0.00793        0.00000       -0.00000        0.00000       -0.00000
     95 9H|1S0              -0.11165        0.18969       -0.10943       -0.00000        0.00000       -0.00000
     96 9H|2S0              -0.04116        0.10052       -0.05799        0.00000       -0.00000        0.00000
     97 9H|2P-1              0.00730       -0.00802       -0.00331        0.00000       -0.00000       -0.00000
     98 9H|2P0               0.00000       -0.00000        0.00000        0.00725       -0.01025        0.00595
     99 9H|2P1              -0.00429        0.00596       -0.00802       -0.00000        0.00000       -0.00000
    100 10H|1S0              0.11168       -0.18961       -0.10956        0.00000       -0.00000        0.00000
    101 10H|2S0              0.04117       -0.10048       -0.05807       -0.00000        0.00000       -0.00000
    102 10H|2P-1             0.00730       -0.00802        0.00330        0.00000       -0.00000        0.00000
    103 10H|2P0              0.00000        0.00000        0.00000        0.00725       -0.01027       -0.00590
    104 10H|2P1              0.00429       -0.00595       -0.00802       -0.00000       -0.00000        0.00000
    105 11H|1S0              0.22346       -0.00008        0.21900        0.00000        0.00000       -0.00000
    106 11H|2S0              0.08238       -0.00004        0.11606        0.00000       -0.00000        0.00000
    107 11H|2P-1             0.01474       -0.00000        0.01059        0.00000        0.00000       -0.00000
    108 11H|2P0             -0.00000       -0.00000       -0.00000        0.00725       -0.00003       -0.01185
    109 11H|2P1              0.00000       -0.00793       -0.00000        0.00000        0.00000        0.00000
    110 12H|1S0              0.11165        0.18969       -0.10943       -0.00000        0.00000        0.00000
    111 12H|2S0              0.04116        0.10052       -0.05799        0.00000        0.00000       -0.00000
    112 12H|2P-1             0.00730        0.00802        0.00331       -0.00000       -0.00000        0.00000
    113 12H|2P0             -0.00000       -0.00000        0.00000        0.00725        0.01025       -0.00595
    114 12H|2P1             -0.00429       -0.00596        0.00802        0.00000        0.00000       -0.00000
 
         Orbital                22             23             24             25             26             27
         Energy              0.16664        0.16664        0.42312        0.18274        0.22121        0.22122
         Occ No.             0.10072        0.10072        0.03680        0.00000        0.00000        0.00000
      1 1C|1S0              -0.00000       -0.00000        0.00000       -0.02194        0.02360       -0.01363
      2 1C|2S0              -0.00000       -0.00000        0.00000        0.03135       -0.01507        0.00874
      3 1C|3S0              -0.00000        0.00000       -0.00000        0.57392       -0.88081        0.50881
      4 1C|2P-1              0.00000       -0.00000        0.00000        0.04741       -0.06711        0.04508
      5 1C|3P-1              0.00000        0.00000        0.00000        0.14026       -0.37184        0.02603
      6 1C|2P0              -0.22677        0.39461        0.39063        0.00000       -0.00000        0.00000
      7 1C|3P0              -0.17099        0.29754        0.29666       -0.00000        0.00000        0.00000
      8 1C|2P1               0.00000        0.00000       -0.00000        0.08209       -0.12252        0.06720
      9 1C|3P1              -0.00000       -0.00000       -0.00000        0.24290       -0.45476        0.37239
     10 1C|3D-2             -0.00000        0.00000       -0.00000       -0.00685       -0.00607        0.00540
     11 1C|3D-1              0.02522        0.01381        0.00151        0.00000       -0.00000       -0.00000
     12 1C|3D0               0.00000        0.00000        0.00000       -0.00487        0.00783       -0.00452
     13 1C|3D1              -0.01388       -0.00916        0.00262       -0.00000        0.00000       -0.00000
     14 1C|3D2               0.00000       -0.00000        0.00000       -0.00396       -0.00540       -0.00015
     15 2C|1S0              -0.00000       -0.00000       -0.00000       -0.02194       -0.00001       -0.02727
     16 2C|2S0              -0.00000       -0.00000       -0.00000        0.03133        0.00001        0.01738
     17 2C|3S0               0.00000       -0.00000       -0.00000        0.57395        0.00056        1.01766
     18 2C|2P-1              0.00000        0.00000        0.00000        0.09481        0.00009        0.16131
     19 2C|3P-1             -0.00000        0.00000        0.00000        0.28034        0.00036        0.66940
     20 2C|2P0               0.45512       -0.00091       -0.39062       -0.00000       -0.00000       -0.00000
     21 2C|3P0               0.34317       -0.00069       -0.29665       -0.00000       -0.00000       -0.00000
     22 2C|2P1              -0.00000        0.00000       -0.00000        0.00000       -0.00629        0.00000
     23 2C|3P1              -0.00000       -0.00000        0.00000       -0.00000        0.18905       -0.00010
     24 2C|3D-2              0.00000       -0.00000        0.00000        0.00000       -0.00328        0.00000
     25 2C|3D-1             -0.00119        0.00000       -0.00302        0.00000        0.00000        0.00000
     26 2C|3D0              -0.00000        0.00000        0.00000       -0.00488       -0.00000       -0.00905
     27 2C|3D1               0.00007        0.03319        0.00000        0.00000        0.00000        0.00000
     28 2C|3D2              -0.00000       -0.00000        0.00000        0.00791       -0.00001       -0.00919
     29 3C|1S0               0.00000       -0.00000       -0.00000       -0.02194       -0.02362       -0.01361
     30 3C|2S0               0.00000        0.00000       -0.00000        0.03135        0.01508        0.00873
     31 3C|3S0              -0.00000        0.00000       -0.00000        0.57392        0.88136        0.50785
     32 3C|2P-1              0.00000        0.00000        0.00000        0.04741        0.06716        0.04501
     33 3C|3P-1             -0.00000       -0.00000        0.00000        0.14026        0.37187        0.02562
     34 3C|2P0              -0.22835       -0.39369        0.39063        0.00000        0.00000        0.00000
     35 3C|3P0              -0.17218       -0.29685        0.29666        0.00000        0.00000        0.00000
     36 3C|2P1              -0.00000       -0.00000        0.00000       -0.08209       -0.12259       -0.06707
     37 3C|3P1              -0.00000       -0.00000        0.00000       -0.24290       -0.45517       -0.37190
     38 3C|3D-2             -0.00000        0.00000        0.00000        0.00685       -0.00608       -0.00540
     39 3C|3D-1              0.02516       -0.01391        0.00151       -0.00000       -0.00000       -0.00000
     40 3C|3D0               0.00000       -0.00000        0.00000       -0.00487       -0.00783       -0.00451
     41 3C|3D1               0.01384       -0.00922       -0.00262        0.00000        0.00000        0.00000
     42 3C|3D2              -0.00000        0.00000        0.00000       -0.00396        0.00540       -0.00016
     43 4C|1S0              -0.00000        0.00000       -0.00000       -0.02194       -0.02360        0.01363
     44 4C|2S0              -0.00000        0.00000       -0.00000        0.03135        0.01507       -0.00874
     45 4C|3S0               0.00000       -0.00000        0.00000        0.57392        0.88081       -0.50881
     46 4C|2P-1             -0.00000        0.00000        0.00000       -0.04741       -0.06711        0.04508
     47 4C|3P-1             -0.00000       -0.00000        0.00000       -0.14026       -0.37184        0.02603
     48 4C|2P0              -0.22677        0.39461       -0.39063        0.00000        0.00000       -0.00000
     49 4C|3P0              -0.17099        0.29754       -0.29666        0.00000        0.00000       -0.00000
     50 4C|2P1              -0.00000       -0.00000       -0.00000       -0.08209       -0.12252        0.06720
     51 4C|3P1               0.00000        0.00000       -0.00000       -0.24290       -0.45477        0.37239
     52 4C|3D-2              0.00000        0.00000        0.00000       -0.00685        0.00607       -0.00540
     53 4C|3D-1             -0.02522       -0.01381        0.00151        0.00000       -0.00000       -0.00000
     54 4C|3D0               0.00000        0.00000       -0.00000       -0.00487       -0.00783        0.00452
     55 4C|3D1               0.01388        0.00916        0.00262        0.00000        0.00000       -0.00000
     56 4C|3D2               0.00000       -0.00000       -0.00000       -0.00396        0.00540        0.00015
     57 5C|1S0               0.00000       -0.00000        0.00000       -0.02194        0.00001        0.02727
     58 5C|2S0               0.00000       -0.00000        0.00000        0.03133       -0.00001       -0.01738
     59 5C|3S0               0.00000        0.00000        0.00000        0.57395       -0.00056       -1.01766
     60 5C|2P-1              0.00000       -0.00000        0.00000       -0.09481        0.00009        0.16131
     61 5C|3P-1              0.00000        0.00000        0.00000       -0.28034        0.00036        0.66940
     62 5C|2P0               0.45512       -0.00091        0.39062       -0.00000        0.00000        0.00000
     63 5C|3P0               0.34317       -0.00069        0.29665       -0.00000        0.00000        0.00000
     64 5C|2P1               0.00000       -0.00000       -0.00000       -0.00000       -0.00629        0.00000
     65 5C|3P1               0.00000        0.00000        0.00000        0.00000        0.18905       -0.00010
     66 5C|3D-2              0.00000       -0.00000       -0.00000        0.00000        0.00328       -0.00000
     67 5C|3D-1              0.00119       -0.00000       -0.00302       -0.00000        0.00000        0.00000
     68 5C|3D0              -0.00000        0.00000       -0.00000       -0.00488        0.00000        0.00905
     69 5C|3D1              -0.00007       -0.03319        0.00000       -0.00000        0.00000        0.00000
     70 5C|3D2              -0.00000        0.00000       -0.00000        0.00791        0.00001        0.00919
     71 6C|1S0               0.00000        0.00000        0.00000       -0.02194        0.02362        0.01361
     72 6C|2S0               0.00000        0.00000        0.00000        0.03135       -0.01508       -0.00873
     73 6C|3S0              -0.00000       -0.00000       -0.00000        0.57392       -0.88136       -0.50785
     74 6C|2P-1             -0.00000       -0.00000       -0.00000       -0.04741        0.06716        0.04501
     75 6C|3P-1              0.00000        0.00000        0.00000       -0.14026        0.37187        0.02562
     76 6C|2P0              -0.22835       -0.39369       -0.39063        0.00000       -0.00000       -0.00000
     77 6C|3P0              -0.17218       -0.29685       -0.29666        0.00000       -0.00000       -0.00000
     78 6C|2P1               0.00000        0.00000        0.00000        0.08209       -0.12259       -0.06707
     79 6C|3P1               0.00000        0.00000        0.00000        0.24290       -0.45517       -0.37190
     80 6C|3D-2             -0.00000        0.00000       -0.00000        0.00685        0.00608        0.00540
     81 6C|3D-1             -0.02516        0.01391        0.00151        0.00000       -0.00000       -0.00000
     82 6C|3D0               0.00000       -0.00000        0.00000       -0.00487        0.00783        0.00451
     83 6C|3D1              -0.01384        0.00922       -0.00262       -0.00000        0.00000        0.00000
     84 6C|3D2              -0.00000        0.00000       -0.00000       -0.00396       -0.00540        0.00016
     85 7H|1S0               0.00000        0.00000        0.00000       -0.03071        0.00346       -0.00200
     86 7H|2S0              -0.00000        0.00000        0.00000       -0.75215        1.13675       -0.65735
     87 7H|2P-1             -0.00000       -0.00000        0.00000        0.00387       -0.00808        0.00730
     88 7H|2P0              -0.00439        0.00764        0.00392        0.00000       -0.00000        0.00000
     89 7H|2P1              -0.00000        0.00000       -0.00000        0.00671       -0.01663        0.00809
     90 8H|1S0              -0.00000       -0.00000        0.00000       -0.03072       -0.00000       -0.00398
     91 8H|2S0               0.00000       -0.00000        0.00000       -0.75203       -0.00071       -1.31282
     92 8H|2P-1              0.00000        0.00000       -0.00000        0.00775        0.00001        0.02130
     93 8H|2P0               0.00881       -0.00002       -0.00392       -0.00000       -0.00000       -0.00000
     94 8H|2P1               0.00000        0.00000       -0.00000       -0.00000       -0.00263        0.00000
     95 9H|1S0              -0.00000       -0.00000        0.00000       -0.03071       -0.00346       -0.00200
     96 9H|2S0              -0.00000       -0.00000        0.00000       -0.75215       -1.13747       -0.65611
     97 9H|2P-1              0.00000        0.00000       -0.00000        0.00387        0.00809        0.00729
     98 9H|2P0              -0.00442       -0.00762        0.00392        0.00000        0.00000        0.00000
     99 9H|2P1              -0.00000        0.00000        0.00000       -0.00671       -0.01664       -0.00807
    100 10H|1S0             -0.00000       -0.00000       -0.00000       -0.03071       -0.00346        0.00200
    101 10H|2S0             -0.00000       -0.00000       -0.00000       -0.75215       -1.13675        0.65735
    102 10H|2P-1             0.00000        0.00000        0.00000       -0.00387       -0.00808        0.00730
    103 10H|2P0             -0.00439        0.00764       -0.00392        0.00000        0.00000       -0.00000
    104 10H|2P1             -0.00000       -0.00000       -0.00000       -0.00671       -0.01663        0.00809
    105 11H|1S0             -0.00000        0.00000       -0.00000       -0.03072        0.00000        0.00398
    106 11H|2S0             -0.00000        0.00000        0.00000       -0.75203        0.00072        1.31282
    107 11H|2P-1            -0.00000        0.00000       -0.00000       -0.00775        0.00001        0.02130
    108 11H|2P0              0.00881       -0.00002        0.00392       -0.00000        0.00000        0.00000
    109 11H|2P1             -0.00000       -0.00000       -0.00000        0.00000       -0.00263        0.00000
    110 12H|1S0             -0.00000       -0.00000       -0.00000       -0.03071        0.00346        0.00200
    111 12H|2S0             -0.00000       -0.00000       -0.00000       -0.75215        1.13747        0.65611
    112 12H|2P-1            -0.00000       -0.00000        0.00000       -0.00387        0.00809        0.00729
    113 12H|2P0             -0.00442       -0.00762       -0.00392        0.00000       -0.00000       -0.00000
    114 12H|2P1              0.00000       -0.00000        0.00000        0.00671       -0.01664       -0.00807
 
 
 
                    Orbital information
 
  Start index:     1
 
        nsbas:   114
        nsorb:   114
        nscor:     0
        nscls:    18
        nsact:     6
        nsocc:    24
        nsval:    24
        nsvir:    90
        nsxvr:     0
 
    Group Sym:    1
    State Sym:    1
    Spin  Mul:    1
    Act  Elec:    6
          States average information
    Nstate:     1
    Istate:     1
    Weight:   1.000000

TARGET_MCSCF ROOT ENERGY        -230.793858827635

    Total number of ci calculation:   15
MO TRANS    70.51       CI     0.84  INT OPT     6.42  MIC OPT    15.21

    root   1
    energy=     -230.79385883     exe(eV)=    0.0000
 
 ++++++++  DATA CHECK +++++++++++++++++++++++++++++++++
  CHECKDATA:MCSCF:MCENERGY:     -230.7938588
 ++++++++++ END DATA CHECK ++++++++++++++++++++++++++++
 
  End   MCSCF Calculation
 Total wall time =   14.21
|******************************************************************************|
 
    Total cpu     time:         96.29  S
    Total system  time:          6.19  S
    Total wall    time:         14.22  S
 
    Current time   2022-04-24  17:23:30
    End running module mcscf
|******************************************************************************|
 
('/scratch/ben-cas66_401', '/apps/users/lcz/exe9/task1/bdf/benzene')
 Warning! Removing scratch files. If you would like to keep scratch files for restaring. Please use -keeptmpdir

Sender: Unischeduler System <lcz@mgt01>
Subject: Job 123795: <#!/bin/bash
#BSUB -J intel
#BSUB -o ben-cas66.out
#BSUB -n 8
#BSUB -q cqueue
#BSUB -R span[hosts=1]
export BDFHOME=/apps/users/lcz/bdf-pkg
export BDF_TMPDIR=/scratch/ben-cas66_401
export USE_LIBCINT=no
export LD_LIBRARY_PATH=/apps/users/lcz/bdf-pkg/extlibs:/apps/users/lcz/bdf-pkg/libso:/apps/software/intel2019/mkl/lib/intel64:/apps/software/intel2019/compilers_and_libraries_2019/linux/lib/intel64:$LD_LIBRARY_PATH
ulimit -s unlimited
ulimit -t unlimited
export OMP_NUM_THREADS=8
export OMP_STACKSIZE=20G
/apps/users/lcz/bdf-pkg/sbin/bdfdrv.py -tmpdir /scratch/ben-cas66_401 -r ben-cas66.inp > ben-cas66.out
rm -rf .ben-cas66.wrk> Done

Job <#!/bin/bash
#BSUB -J intel
#BSUB -o ben-cas66.out
#BSUB -n 8
#BSUB -q cqueue
#BSUB -R span[hosts=1]
export BDFHOME=/apps/users/lcz/bdf-pkg
export BDF_TMPDIR=/scratch/ben-cas66_401
export USE_LIBCINT=no
export LD_LIBRARY_PATH=/apps/users/lcz/bdf-pkg/extlibs:/apps/users/lcz/bdf-pkg/libso:/apps/software/intel2019/mkl/lib/intel64:/apps/software/intel2019/compilers_and_libraries_2019/linux/lib/intel64:$LD_LIBRARY_PATH
ulimit -s unlimited
ulimit -t unlimited
export OMP_NUM_THREADS=8
export OMP_STACKSIZE=20G
/apps/users/lcz/bdf-pkg/sbin/bdfdrv.py -tmpdir /scratch/ben-cas66_401 -r ben-cas66.inp > ben-cas66.out
rm -rf .ben-cas66.wrk> was submitted from host <mgt01> by user <lcz>.
Job was executed on host(s) <8*cnode03>, in queue <cqueue>, as user <lcz>.
</apps/users/lcz> was used as the home directory.
</apps/users/lcz/exe9/task1/bdf/benzene> was used as the working directory.
Started at 2022-04-24 17:23:05
Results reported at 2022-04-24 17:23:30

Your job looked like:

------------------------------------------------------------
# User input
#!/bin/bash
#BSUB -J intel
#BSUB -o ben-cas66.out
#BSUB -n 8
#BSUB -q cqueue
#BSUB -R span[hosts=1]
export BDFHOME=/apps/users/lcz/bdf-pkg
export BDF_TMPDIR=/scratch/ben-cas66_401
export USE_LIBCINT=no
export LD_LIBRARY_PATH=/apps/users/lcz/bdf-pkg/extlibs:/apps/users/lcz/bdf-pkg/libso:/apps/software/intel2019/mkl/lib/intel64:/apps/software/intel2019/compilers_and_libraries_2019/linux/lib/intel64:$LD_LIBRARY_PATH
ulimit -s unlimited
ulimit -t unlimited
export OMP_NUM_THREADS=8
export OMP_STACKSIZE=20G
/apps/users/lcz/bdf-pkg/sbin/bdfdrv.py -tmpdir /scratch/ben-cas66_401 -r ben-cas66.inp > ben-cas66.out
rm -rf .ben-cas66.wrk
------------------------------------------------------------

Successfully completed.

Resource usage summary:

    CPU time   :           57.66 sec.
    Max Memory :               375 MB
    Max Processes  :               5


The output (if any) follows:

