#!awk.bdf.output
====================== BDF version information ============================
commit 15a5aac1bbb5a2a101a9aa715fa1cdc141611229
Author: Yibo Lei <leiyb@nwu.edu.cn>
Date:   Sun Jan 16 18:50:00 2022 +0800

    change Vircut to VSD and add Pre-CMO by MCSCF MOs and refine ploop search of xianci
===========================================================================
BDFHOME =  /apps/software/bdf-pkg
BDF_TMPDIR = /tmp
BDF_MPIRUN =  None
BDF_MPIROOT =  None
|---------------------------------------------------------------------|
 Could not find mpirun. Set to serial running ...


(' BDFHOME     = ', '/apps/users/lcz/bdf-pkg')
(' BDF_WORKDIR = ', '/apps/users/lcz/task2/section1/isomer2/BLYP_cc-pVDZ/BDF')
(' BDF_TMPDIR  = ', '/scratch/3,8-dicl-dibenzene_633')
(' BDFTASK     = ', '3,8-dicl-dibenzene')

  BDF parallel running information ...
('  BDF_MASTER_NODE', 'cnode10')
('  BDF_MPIROOT = ', 'None')
  Total number of computational nodes   = 1
  Number of processes per node          = 1
  Number of openmp threads per process  = 8


('  Singlepoint_task = ', True)
('  Fragmp2_task     = ', False)


$compass
title
isomer-2
basis
cc-pvdz
Geometry
C -2.58160084178652 0.85828318402722 0.00080156853200
C -1.19423075211164 0.86536269424988 0.00098054343823
C -0.48184821662044 2.06241189554032 0.00026969425476
C -1.19416423453283 3.25950055784776 -0.00062846767782
C -2.58153392669185 3.26665691565461 -0.00081697160061
C -3.26678503079028 2.06248916662553 0.00011048883372
H -3.12770213250513 -0.07395399173453 0.00130680306569
H -0.65977525765669 -0.07535746059244 0.00163025822144
H -0.65965646486742 4.20019103552288 -0.00124317258025
H -3.12758341376550 4.19892427265791 -0.00156478051965
C 1.01725661812022 2.06237059889130 0.00078164411047
C 1.72979440054537 2.06154569389869 -1.19627740111421
C 1.72939598080617 2.06315592590829 1.19791401450705
C 3.11712542600413 2.06150240870885 -1.20321779640295
H 1.19530943085168 2.06092784488391 -2.13697707431363
C 3.11678391264014 2.06312227056329 1.20519298930278
H 1.19468583944535 2.06380338066680 2.13849130201270
C 3.80213032469577 2.06229337795585 0.00112229842861
H 3.66351142389813 2.06086028564820 -2.13528741294019
H 3.66287659702490 2.06373408667386 2.13743659617327
Cl -5.00747133311841 2.06253716373157 -0.00043793949156
Cl 5.54284890041484 2.06224511267023 0.00136880576014
end Geometry
$end
$xuanyuan
$end
$scf
rks
dft
blyp
$end
('tmpstdin ', True)
('npro is ', 1)
('\n BDF command: ', '/apps/users/lcz/bdf-pkg/bin/compass.x /scratch/3,8-dicl-dibenzene_633/3,8-dicl-dibenzeneXX0.compass.inp')
  BDF process        0 of        1 on Serial  
 
|******************************************************************************|
 
    Start running module compass
    Current time   2022-05-04  12:54:28
 
|******************************************************************************|

 ++++++++++ Reading compass input ++++++++++++++++++
 TITLE
 BASIS
 Input Basis set is cc-pVDZ
 Spherical GTO 5d,7f
 GEOMETRY
 C      -2.58160084      0.85828318      0.00080157
 C      -1.19423075      0.86536269      0.00098054
 C      -0.48184822      2.06241190      0.00026969
 C      -1.19416423      3.25950056     -0.00062847
 C      -2.58153393      3.26665692     -0.00081697
 C      -3.26678503      2.06248917      0.00011049
 H      -3.12770213     -0.07395399      0.00130680
 H      -0.65977526     -0.07535746      0.00163026
 H      -0.65965646      4.20019104     -0.00124317
 H      -3.12758341      4.19892427     -0.00156478
 C       1.01725662      2.06237060      0.00078164
 C       1.72979440      2.06154569     -1.19627740
 C       1.72939598      2.06315593      1.19791401
 C       3.11712543      2.06150241     -1.20321780
 H       1.19530943      2.06092784     -2.13697707
 C       3.11678391      2.06312227      1.20519299
 H       1.19468584      2.06380338      2.13849130
 C       3.80213032      2.06229338      0.00112230
 H       3.66351142      2.06086029     -2.13528741
 H       3.66287660      2.06373409      2.13743660
 Cl     -5.00747133      2.06253716     -0.00043794
 Cl      5.54284890      2.06224511      0.00136881
 Number of atoms:       22
 $END
 ++++++++++ End of reading compass input +++++++++++++


|-------------------------------------------------------------------------------------------|

 Atom           Cartcoord(Bohr)                 Charge Basis Auxbas Uatom Nstab Alink  Mass
  C       -4.878519     1.621920     0.001515     6.00    1     0     0     0   E     11.9967
  C       -2.256769     1.635298     0.001853     6.00    1     0     0     0   E     11.9967
  C       -0.910561     3.897394     0.000510     6.00    1     0     0     0   E     11.9967
  C       -2.256643     6.159563    -0.001188     6.00    1     0     0     0   E     11.9967
  C       -4.878392     6.173087    -0.001544     6.00    1     0     0     0   E     11.9967
  C       -6.173329     3.897540     0.000209     6.00    1     0     0     0   E     11.9967
  H       -5.910500    -0.139753     0.002469     1.00    2     0     0     0   E      1.0073
  H       -1.246795    -0.142405     0.003081     1.00    2     0     0     0   E      1.0073
  H       -1.246570     7.937211    -0.002349     1.00    2     0     0     0   E      1.0073
  H       -5.910276     7.934817    -0.002957     1.00    2     0     0     0   E      1.0073
  C        1.922336     3.897316     0.001477     6.00    1     0     0     0   E     11.9967
  C        3.268838     3.895757    -2.260637     6.00    1     0     0     0   E     11.9967
  C        3.268085     3.898800     2.263729     6.00    1     0     0     0   E     11.9967
  C        5.890513     3.895675    -2.273752     6.00    1     0     0     0   E     11.9967
  H        2.258807     3.894589    -4.038301     1.00    2     0     0     0   E      1.0073
  C        5.889868     3.898736     2.277485     6.00    1     0     0     0   E     11.9967
  H        2.257629     3.900023     4.041163     1.00    2     0     0     0   E      1.0073
  C        7.184985     3.897170     0.002121     6.00    1     0     0     0   E     11.9967
  H        6.923033     3.894462    -4.035108     1.00    2     0     0     0   E      1.0073
  H        6.921834     3.899892     4.039170     1.00    2     0     0     0   E      1.0073
  Cl      -9.462749     3.897630    -0.000828    17.00    3     0     0     0   E     34.9689
  Cl      10.474466     3.897078     0.002587    17.00    3     0     0     0   E     34.9689
 
|--------------------------------------------------------------------------------------------|

  End of reading atomic basis sets ..
 Printing basis sets for checking ....

 Atomic label:  C    6
 Maximum L  2 9s4p1d ----> 3s2p1d NBF =  14
 #--->s function
      Exp Coef          Norm Coef       Con Coef
          6665.000000   0.186365E+04    0.000692   -0.000293    0.000000
          1000.000000   0.449278E+03    0.005326   -0.002318    0.000000
           228.000000   0.148240E+03    0.027061   -0.011500    0.000000
            64.710000   0.576426E+02    0.101657   -0.046827    0.000000
            21.060000   0.248376E+02    0.274575   -0.128466    0.000000
             7.495000   0.114444E+02    0.448294   -0.301266    0.000000
             2.797000   0.546430E+01    0.284903   -0.255631    0.000000
             0.521500   0.155044E+01    0.015195    1.093793    0.000000
             0.159600   0.637954E+00    0.000000    0.000000    1.000000
 #--->p function
      Exp Coef          Norm Coef       Con Coef
             9.439000   0.482661E+02    0.056979    0.000000
             2.002000   0.694727E+01    0.313207    0.000000
             0.545600   0.136797E+01    0.760377    0.000000
             0.151700   0.276195E+00    0.000000    1.000000
 #--->d function
      Exp Coef          Norm Coef       Con Coef
             0.550000   0.916567E+00    1.000000
 

 Atomic label:  H    1
 Maximum L  1 4s1p ----> 2s1p NBF =   5
 #--->s function
      Exp Coef          Norm Coef       Con Coef
            13.010000   0.173070E+02    0.033499    0.000000
             1.962000   0.418831E+01    0.234801    0.000000
             0.444600   0.137560E+01    0.813683    0.000000
             0.122000   0.521537E+00    0.000000    1.000000
 #--->p function
      Exp Coef          Norm Coef       Con Coef
             0.727000   0.195840E+01    1.000000
 

 Atomic label:  Cl  17
 Maximum L  2 12s8p1d ----> 4s3p1d NBF =  18
 #--->s function
      Exp Coef          Norm Coef       Con Coef
        127900.000000   0.170871E+05    0.000241   -0.000068    0.000038    0.000000
         19170.000000   0.411606E+04    0.001871   -0.000520    0.000291    0.000000
          4363.000000   0.135629E+04    0.009708   -0.002757    0.001534    0.000000
          1236.000000   0.526658E+03    0.039315   -0.011120    0.006255    0.000000
           403.600000   0.227498E+03    0.125930   -0.038475    0.021485    0.000000
           145.700000   0.105952E+03    0.299336   -0.099183    0.056986    0.000000
            56.810000   0.522798E+02    0.421879   -0.200781    0.115865    0.000000
            23.230000   0.267333E+02    0.237197   -0.129918    0.084710    0.000000
             6.644000   0.104553E+02    0.019153    0.507897   -0.403641    0.000000
             2.575000   0.513568E+01   -0.003348    0.608872   -0.752342    0.000000
             0.537100   0.158510E+01    0.000930    0.042027    1.175087    0.000000
             0.193800   0.737956E+00    0.000000    0.000000    0.000000    1.000000
 #--->p function
      Exp Coef          Norm Coef       Con Coef
           417.600000   0.550725E+04    0.005261   -0.002292    0.000000
            98.330000   0.903321E+03    0.039840   -0.017209    0.000000
            31.040000   0.213740E+03    0.164683   -0.075044    0.000000
            11.190000   0.597066E+02    0.387389   -0.177250    0.000000
             4.249000   0.177968E+02    0.457151   -0.244691    0.000000
             1.624000   0.534831E+01    0.151662    0.142817    0.000000
             0.532200   0.132611E+01    0.001816    0.925035    0.000000
             0.162000   0.299832E+00    0.000000    0.000000    1.000000
 #--->d function
      Exp Coef          Norm Coef       Con Coef
             0.600000   0.106732E+01    1.000000
 
 
 Atomic masses
   11.9967   11.9967   11.9967   11.9967   11.9967
   11.9967    1.0073    1.0073    1.0073    1.0073
   11.9967   11.9967   11.9967   11.9967    1.0073
   11.9967    1.0073   11.9967    1.0073    1.0073
   34.9689   34.9689

 Molecular center of mass
         0.50586577     3.89735452     0.00094626

 Molecular center of nuclear charge
         0.50586686     3.89735452     0.00094508
 [molesym]
 
 Auto decide molecular point group! Rotate coordinates into standard orientation!
 Threshold= 0.10000E-08 0.10000E-11 0.10000E-03
 
 zgeomsort being called!
gsym: C01 , noper=    1
 Exiting zgeomsort....
 Representation generated
  Binary group is observed ...
  Point group name C(1)                         1
  User set point group as C(1)    
  Largest Abelian Subgroup C(1)                         1
 Representation generated
 C|1|)|                     1
 Symmetry check OK
 Molecule has been symmetrized
  Number of symmery unique centers:                     22

|-------------------------------------------------------------------------------------------|

 Atom           Cartcoord(Bohr)                 Charge Basis Auxbas Uatom Nstab Alink  Mass
  C        0.203171     5.384235    -2.266704     6.00    1     0     0     0   E     11.9967
  C        0.200954     2.762486    -2.253296     6.00    1     0     0     0   E     11.9967
  C        0.000803     1.416428     0.000017     6.00    1     0     0     0   E     11.9967
  C       -0.198293     2.762659     2.253320     6.00    1     0     0     0   E     11.9967
  C       -0.198450     5.384409     2.266709     6.00    1     0     0     0   E     11.9967
  C        0.002476     6.679195    -0.000037     6.00    1     0     0     0   E     11.9967
  H        0.359131     6.416100    -4.021528     1.00    2     0     0     0   E      1.0073
  H        0.357530     1.752395    -4.024024     1.00    2     0     0     0   E      1.0073
  H       -0.355461     1.752703     4.024073     1.00    2     0     0     0   E      1.0073
  H       -0.353415     6.416409     4.021542     1.00    2     0     0     0   E      1.0073
  C       -0.000899    -1.416469    -0.000025     6.00    1     0     0     0   E     11.9967
  C        2.252039    -2.763555     0.199616     6.00    1     0     0     0   E     11.9967
  C       -2.254678    -2.761633    -0.199638     6.00    1     0     0     0   E     11.9967
  C        2.264419    -5.385234     0.200813     6.00    1     0     0     0   E     11.9967
  H        4.023032    -1.753985     0.356471     1.00    2     0     0     0   E      1.0073
  C       -2.269063    -5.383412    -0.200812     6.00    1     0     0     0   E     11.9967
  H       -4.024914    -1.750718    -0.356503     1.00    2     0     0     0   E      1.0073
  C       -0.002913    -6.679118    -0.000002     6.00    1     0     0     0   E     11.9967
  H        4.018635    -6.418210     0.356260     1.00    2     0     0     0   E      1.0073
  H       -4.024145    -6.414923    -0.356256     1.00    2     0     0     0   E      1.0073
  Cl       0.004366     9.968615     0.000005    17.00    3     0     0     0   E     34.9689
  Cl      -0.004235    -9.968599     0.000007    17.00    3     0     0     0   E     34.9689
 
|--------------------------------------------------------------------------------------------|

Number of irreps:    1
IRREP:   1   1   1
DIMEN:   1   1   1

 Irreps of multipole moment operators ...
 Operator  Component    Irrep       Row
  Dipole       x           A           1
  Dipole       y           A           1
  Dipole       z           A           1
  Quadpole     xx          A           1
  Quadpole     xy          A           1
  Quadpole     yy          A           1
  Quadpole     xz          A           1
  Quadpole     yz          A           1
  Quadpole     zz          A           1
 
 Generate symmetry adapted orbital ...
 Print Multab
  1

|--------------------------------------------------|
         Symmetry adapted orbital                   

  Irrep : A 

Total number of basis functions:     244     244

  Irrep :     A
  Norb  :    244
|--------------------------------------------------|

Total number of shells:       58
 R max for this shell (Bohr)   12.5599999999998       9.691695042155263E-011
 R max for this shell (Bohr)   12.6699999999998       9.644888246466983E-011
 R max for this shell (Bohr)   6.99999999999994       9.556501796124278E-011
 R max for this shell (Bohr)   14.0099999999998       3.009977724958305E-010
 R max for this shell (Bohr)   5.92999999999996       9.975876222407632E-011
 R max for this shell (Bohr)   11.4099999999998       9.698100467202825E-011
 R max for this shell (Bohr)   12.2699999999998       9.780730793330455E-011
 R max for this shell (Bohr)   6.70999999999994       9.619579851317601E-011
 
Number of atoms:      22
Number of basis functions:     244
 
|******************************************************************************|
 
    Total cpu     time:          0.01  S
    Total system  time:          0.02  S
    Total wall    time:          0.03  S
 
    Current time   2022-05-04  12:54:28
    End running module compass
|******************************************************************************|
 
('tmpstdin ', True)
('npro is ', 1)
('\n BDF command: ', '/apps/users/lcz/bdf-pkg/bin/xuanyuan.x /scratch/3,8-dicl-dibenzene_633/3,8-dicl-dibenzeneXX1.xuanyuan.inp')
  BDF process        0 of        1 on Serial  
 
|******************************************************************************|
 
    Start running module xuanyuan
    Current time   2022-05-04  12:54:28
 
|******************************************************************************|

|-------------------------------------------------------------------------------------------|

 Atom           Cartcoord(Bohr)                 Charge Basis Auxbas Uatom Nstab Alink  Mass
  C        0.203171     5.384235    -2.266704     6.00    1     0     1     1   E     11.9967
  C        0.200954     2.762486    -2.253296     6.00    1     0     1     1   E     11.9967
  C        0.000803     1.416428     0.000017     6.00    1     0     1     1   E     11.9967
  C       -0.198293     2.762659     2.253320     6.00    1     0     1     1   E     11.9967
  C       -0.198450     5.384409     2.266709     6.00    1     0     1     1   E     11.9967
  C        0.002476     6.679195    -0.000037     6.00    1     0     1     1   E     11.9967
  H        0.359131     6.416100    -4.021528     1.00    2     0     1     1   E      1.0073
  H        0.357530     1.752395    -4.024024     1.00    2     0     1     1   E      1.0073
  H       -0.355461     1.752703     4.024073     1.00    2     0     1     1   E      1.0073
  H       -0.353415     6.416409     4.021542     1.00    2     0     1     1   E      1.0073
  C       -0.000899    -1.416469    -0.000025     6.00    1     0     1     1   E     11.9967
  C        2.252039    -2.763555     0.199616     6.00    1     0     1     1   E     11.9967
  C       -2.254678    -2.761633    -0.199638     6.00    1     0     1     1   E     11.9967
  C        2.264419    -5.385234     0.200813     6.00    1     0     1     1   E     11.9967
  H        4.023032    -1.753985     0.356471     1.00    2     0     1     1   E      1.0073
  C       -2.269063    -5.383412    -0.200812     6.00    1     0     1     1   E     11.9967
  H       -4.024914    -1.750718    -0.356503     1.00    2     0     1     1   E      1.0073
  C       -0.002913    -6.679118    -0.000002     6.00    1     0     1     1   E     11.9967
  H        4.018635    -6.418210     0.356260     1.00    2     0     1     1   E      1.0073
  H       -4.024145    -6.414923    -0.356256     1.00    2     0     1     1   E      1.0073
  Cl       0.004366     9.968615     0.000005    17.00    3     0     1     1   E     34.9689
  Cl      -0.004235    -9.968599     0.000007    17.00    3     0     1     1   E     34.9689
 
|--------------------------------------------------------------------------------------------|

 $xuanyuan                                                                      
                                          
 $end                                                                           
                                          
  Mass polarization term:  F
 Total nuclear charge :        114.00
 Nuclear repulsion energy :     927.5445036572 a.u.

 Total number of primitive  basis sets :          450
 Total number of prim-cart  basis sets :          464
 Total number of contracted basis sets :          244

  Estimate memory for calculating 2e integrals...
 Minium memory to calculate ERIs:        7.784 M

[aoint_1e]
  Calculating one electron integrals ...
  S T and V integrals ....
  Dipole and Quadupole integrals ....
  Finish calculating one electron integrals ...
 
 ---------------------------------------------------------------
  Timing to calculate 1-electronic integrals                                      
 
  CPU TIME(S)      SYSTEM TIME(S)     WALL TIME(S)
          0.100            0.020               0.020
 ---------------------------------------------------------------
 
 Finish calculating 1e integral ...
 Direct SCF required. Skip 2e integral!
 Set significant shell pairs!

 Number of significant pairs:     1521
 Timing caluclate K2 integrals.
 CPU:       0.20 SYS:       0.03 WALL:       0.04
 lenk2                 33826                     9
|******************************************************************************|
 
    Total cpu     time:          0.36  S
    Total system  time:          0.08  S
    Total wall    time:          0.10  S
 
    Current time   2022-05-04  12:54:28
    End running module xuanyuan
|******************************************************************************|
 
('tmpstdin ', True)
('npro is ', 1)
('\n BDF command: ', '/apps/users/lcz/bdf-pkg/bin/scf.x /scratch/3,8-dicl-dibenzene_633/3,8-dicl-dibenzeneXX2.scf.inp')
  BDF process        0 of        1 on Serial  
 
|******************************************************************************|
 
    Start running module scf
    Current time   2022-05-04  12:54:28
 
|******************************************************************************|

|-------------------------------------------------------------------------------------------|

 Atom           Cartcoord(Bohr)                 Charge Basis Auxbas Uatom Nstab Alink  Mass
  C        0.203171     5.384235    -2.266704     6.00    1     0     1     1   E     11.9967
  C        0.200954     2.762486    -2.253296     6.00    1     0     1     1   E     11.9967
  C        0.000803     1.416428     0.000017     6.00    1     0     1     1   E     11.9967
  C       -0.198293     2.762659     2.253320     6.00    1     0     1     1   E     11.9967
  C       -0.198450     5.384409     2.266709     6.00    1     0     1     1   E     11.9967
  C        0.002476     6.679195    -0.000037     6.00    1     0     1     1   E     11.9967
  H        0.359131     6.416100    -4.021528     1.00    2     0     1     1   E      1.0073
  H        0.357530     1.752395    -4.024024     1.00    2     0     1     1   E      1.0073
  H       -0.355461     1.752703     4.024073     1.00    2     0     1     1   E      1.0073
  H       -0.353415     6.416409     4.021542     1.00    2     0     1     1   E      1.0073
  C       -0.000899    -1.416469    -0.000025     6.00    1     0     1     1   E     11.9967
  C        2.252039    -2.763555     0.199616     6.00    1     0     1     1   E     11.9967
  C       -2.254678    -2.761633    -0.199638     6.00    1     0     1     1   E     11.9967
  C        2.264419    -5.385234     0.200813     6.00    1     0     1     1   E     11.9967
  H        4.023032    -1.753985     0.356471     1.00    2     0     1     1   E      1.0073
  C       -2.269063    -5.383412    -0.200812     6.00    1     0     1     1   E     11.9967
  H       -4.024914    -1.750718    -0.356503     1.00    2     0     1     1   E      1.0073
  C       -0.002913    -6.679118    -0.000002     6.00    1     0     1     1   E     11.9967
  H        4.018635    -6.418210     0.356260     1.00    2     0     1     1   E      1.0073
  H       -4.024145    -6.414923    -0.356256     1.00    2     0     1     1   E      1.0073
  Cl       0.004366     9.968615     0.000005    17.00    3     0     1     1   E     34.9689
  Cl      -0.004235    -9.968599     0.000007    17.00    3     0     1     1   E     34.9689
 
|--------------------------------------------------------------------------------------------|

  [ SCF control ] 
 $scf
 rks
 dft
 Exchange and Correlation functional(ALL): BLYP      
 $end
 
  --- PRINT: Information about SCF Calculation --- 
 ICTRL_FRAGSCF=  0
 IPRTMO=  1
 MAXITER=  100
 THRENE= 0.10E-07 THRDEN= 0.50E-05
 DAMP= 0.00 VSHIFT= 0.00
 IFDIIS= T
 THRDIIS= 0.10E+01
 MINDIIS=   2 MAXDIIS=   8
 iCHECK=  0
 iAUFBAU=  1
 INIGUESS=  0
 IfMPEC= F
 IfCOSX= F
 Occupation number:
  Without occupation number in input.

 Wave function information ...
 Total Nuclear charge    :     114
 Total electrons         :     114
 ECP-core electrons      :       0
 Spin multiplicity(2S+1) :       1
 Num. of alpha electrons :      57
 Num. of beta  electrons :      57
 

 Threshold in dft prescreening ...
 Thresh_shellvalue_dft :  0.10000E-09
 ThreshRho     :  0.10000E-11

  DFT options:
 upden=  1
 fullvxc=  0
  --- END:  Information about SCF Calculation  --- 
 
 The SMH converger is used...
 Numerical grid implemented by Yong Zhang 
 Finish scf input!

 DirectHF  T
 Number of significient shell pairs :     1521
 Estimate memory for direct ERI calculations:           8.163 M

 IF USE_LIBCINT :    F

 Nuclear repulsion energy =   927.54450366
 
 iniguess                     0                     0
 
 [ATOM SCF control]
  heff=                      0
 After initial atom grid ...
 Finish atom    1  C             -37.7880065263
 After initial atom grid ...
 Finish atom    2  H              -0.8060260041
 After initial atom grid ...
 Finish atom    3  Cl           -460.1306525646
 
 Superposition of atomic densities as initial guess.
 [dft_init]
 Switch to Ultra Coarse grid ...
   1  C     Second Kind Chebyshev ( 21)  Lebedev ( -194)         
   2  H     Second Kind Chebyshev ( 21)  Lebedev ( -194)         
   3  Cl    Second Kind Chebyshev ( 42)  Lebedev ( -194)         
  Partition Function:  SSF   Partitioning with Scalar=  0.64.
  Gtol, Npblock, Icoulpot, Iop_adaptive :  0.10E-05    128      0          0
 
  --- PRINT: Information about DFT Calculation --- 
 No. of ATOMS =         22
 No. of Shells =         0
 No. of Batches =        0
 No. of Grids =          0
 No. of Basis Functions =      244
 No. of Records for [basval] =               0
 Estimated DiskSpace for storage [basval] =           0.000M
 
 Max No. of Rad point per atom =     0
 Max No. of Ang point per atom =     0
 Max No. of Grids per batch =          0
 Max No. of Basis per shell =          0
 Max No. of Records in one batch =               0
 Estimated Mem for [basval] =      0.000M
 Estimated Mem for [func] in R-DFT =      0.000M
 Estimated Mem for [func] in U-DFT =      0.000M
 DirectGrid:        T
  --- END : Information about DFT Calculation --- 
 
 
  Initializing informations for ZY-Numerical Integration...
  Number of atoms     =      22
  Total Prim and Cont =     450    244
  Timing for ZY-NI-INIT:       0.040 S      0.000 S      0.010 S

 Time to calculate dft grid and perform basis seiving ...
 CPU:       0.340 S    Sys:       0.000 S    Wall:        0.050 S

 skipaocheck F F
 Check basis set linear dependence! Tolerance =   0.100000E-04

 Check basis set linear dependence! Tolerance =   0.100000E-04
 Threshold of basis set linear depedent tol_linear is :    0.100000E-04
 Solve HC=EC in pflmo space.  F       57      187
 Initial guess energy =  -1380.1655914779
 
 [scf_cycle_init_ecdenpot]
Meomory for coulpotential         0.00  G

 Start SCF iteration......


Iter.   idiis  vshift       SCF Energy            DeltaE          RMSDeltaD          MaxDeltaD      Damping    Times(S) 
   1      0    0.000   -1383.1349523690      -2.9693608911       0.0076398197       0.1792137285    0.0000      0.31
   2      1    0.000   -1377.9899232244       5.1450291446       0.0017953187       0.0456680995    0.0000      1.91
   3      2    0.000   -1378.1159253073      -0.1260020829       0.0006777831       0.0200237083    0.0000      1.85
  Turn on DFT calculation ...
  Turn off incremental Fock calculation ...
   4      1    0.000   -1382.2505558829      -4.1346305756       0.0038447637       0.0961982814    0.0000      1.86
   5      2    0.000   -1382.3276268986      -0.0770710157       0.0008399681       0.0237198860    0.0000      1.84
   6      3    0.000   -1382.3349514729      -0.0073245743       0.0003871964       0.0097752249    0.0000      1.77
 Switch to Medium grid ...
   1  C     Second Kind Chebyshev ( 75)  Lebedev ( -302)         
   2  H     Second Kind Chebyshev ( 75)  Lebedev ( -302)         
   3  Cl    Second Kind Chebyshev ( 88)  Lebedev ( -434)         
  Partition Function:  SSF   Partitioning with Scalar=  0.64.
  Gtol, Npblock, Icoulpot, Iop_adaptive :  0.10E-05    128      0          0

 Time to calculate dft grid and perform basis seiving ...
 CPU:       1.470 S    Sys:       0.010 S    Wall:        0.190 S

 [scf_cycle_init_ecdenpot]
Meomory for coulpotential         0.02  G
   7      1    0.000   -1382.3136600815       0.0212913913       0.0001016738       0.0033525953    0.0000      2.15
   8      2    0.000   -1382.3136686858      -0.0000086043       0.0000540111       0.0020266864    0.0000      1.90
   9      3    0.000   -1382.3137585633      -0.0000898775       0.0000101630       0.0002951555    0.0000      2.01
  10      4    0.000   -1382.3137615606      -0.0000029973       0.0000015330       0.0000627989    0.0000      1.99
  11      5    0.000   -1382.3137616083      -0.0000000477       0.0000006347       0.0000227260    0.0000      1.93
  12      6    0.000   -1382.3137616137      -0.0000000053       0.0000001972       0.0000085375    0.0000      1.93
 diis/vshift is closed at iter =  12
  13      0    0.000   -1382.3137616066       0.0000000071       0.0000002412       0.0000095567    0.0000      2.10

  Label              CPU Time        SYS Time        Wall Time
 SCF iteration time:       189.340 S        0.390 S       23.770 S

 Final DeltaE =  7.094058673828840E-009
 Final DeltaD =  2.411937176452922E-007  5.000000000000000E-005
 
 Final scf result
   E_tot =             -1382.31376161
   E_ele =             -2309.85826526
   E_nn  =               927.54450366
   E_1e  =             -3736.56220367
   E_ne  =             -5114.43014092
   E_kin =              1377.86793726
   E_ee  =              1551.22277355
   E_xc  =              -124.51883515
  Virial Theorem      2.003227
 

 [Final occupation pattern: ]
 
 Irreps:        A   
 
 detailed occupation for iden/irep:      1   1
    1.00 1.00 1.00 1.00 1.00 1.00 1.00 1.00 1.00 1.00
    1.00 1.00 1.00 1.00 1.00 1.00 1.00 1.00 1.00 1.00
    1.00 1.00 1.00 1.00 1.00 1.00 1.00 1.00 1.00 1.00
    1.00 1.00 1.00 1.00 1.00 1.00 1.00 1.00 1.00 1.00
    1.00 1.00 1.00 1.00 1.00 1.00 1.00 1.00 1.00 1.00
    1.00 1.00 1.00 1.00 1.00 1.00 1.00 0.00 0.00 0.00
    0.00 0.00 0.00 0.00 0.00 0.00 0.00 0.00 0.00 0.00
    0.00 0.00 0.00 0.00 0.00 0.00 0.00 0.00 0.00 0.00
    0.00 0.00 0.00 0.00 0.00 0.00 0.00 0.00 0.00 0.00
    0.00 0.00 0.00 0.00 0.00 0.00 0.00 0.00 0.00 0.00
    0.00 0.00 0.00 0.00 0.00 0.00 0.00 0.00 0.00 0.00
    0.00 0.00 0.00 0.00 0.00 0.00 0.00 0.00 0.00 0.00
    0.00 0.00 0.00 0.00 0.00 0.00 0.00 0.00 0.00 0.00
    0.00 0.00 0.00 0.00 0.00 0.00 0.00 0.00 0.00 0.00
    0.00 0.00 0.00 0.00 0.00 0.00 0.00 0.00 0.00 0.00
    0.00 0.00 0.00 0.00 0.00 0.00 0.00 0.00 0.00 0.00
    0.00 0.00 0.00 0.00 0.00 0.00 0.00 0.00 0.00 0.00
    0.00 0.00 0.00 0.00 0.00 0.00 0.00 0.00 0.00 0.00
    0.00 0.00 0.00 0.00 0.00 0.00 0.00 0.00 0.00 0.00
    0.00 0.00 0.00 0.00 0.00 0.00 0.00 0.00 0.00 0.00
    0.00 0.00 0.00 0.00 0.00 0.00 0.00 0.00 0.00 0.00
    0.00 0.00 0.00 0.00 0.00 0.00 0.00 0.00 0.00 0.00
    0.00 0.00 0.00 0.00 0.00 0.00 0.00 0.00 0.00 0.00
    0.00 0.00 0.00 0.00 0.00 0.00 0.00 0.00 0.00 0.00
    0.00 0.00 0.00 0.00
 Alpha      57.00
 

 [Orbital energies:]

 Energy of occ-orbs:    A            57
            -100.74658797    -100.74658346      -9.98283296      -9.98282813      -9.94254544
              -9.94241447      -9.93851464      -9.93851399      -9.93850945      -9.93850701
              -9.93752247      -9.93752073      -9.93751987      -9.93751813      -9.17710308
              -9.17710136      -7.01008692      -7.01008280      -6.99910046      -6.99909629
              -6.99849074      -6.99848671      -0.81536671      -0.81043340      -0.77432986
              -0.75244792      -0.68920832      -0.68614203      -0.68613968      -0.63952979
              -0.55983481      -0.55982681      -0.55331776      -0.52389636      -0.48071374
              -0.44532195      -0.42454983      -0.42454903      -0.41767915      -0.40460111
              -0.38411098      -0.38410448      -0.38289652      -0.35201428      -0.35201286
              -0.34754325      -0.31864570      -0.31863910      -0.30606458      -0.28872047
              -0.28871659      -0.26540661      -0.26540608      -0.23833793      -0.23330771
              -0.21402226      -0.21402019
 Energy of vir-orbs:    A           187
              -0.05206054      -0.04053559      -0.04053547      -0.03438012       0.00472872
               0.00519861       0.06409094       0.06578170       0.07075774       0.07076283
               0.09588835       0.09971674       0.09971731       0.10537051       0.12196019
               0.12196593       0.18092704       0.20490521       0.24269811       0.24312894
               0.24313854       0.25125273       0.26838847       0.27589744       0.27590346
               0.36596795       0.36597863       0.36816028       0.38818478       0.39262374
               0.41087382       0.41088765       0.42068019       0.42197831       0.42198085
               0.44149266       0.44702926       0.44703007       0.44841177       0.45337537
               0.45467383       0.46613914       0.47278842       0.47372110       0.47372227
               0.47721782       0.47954848       0.48607031       0.50270709       0.51936491
               0.51936706       0.52714713       0.52714945       0.54068479       0.54068754
               0.58590329       0.58596124       0.58596886       0.59763904       0.61153533
               0.61154902       0.61672923       0.63066884       0.63068252       0.63244423
               0.66452797       0.66452919       0.67291538       0.67647221       0.68419646
               0.69081606       0.69793307       0.72570103       0.72570537       0.77103258
               0.77910677       0.78098936       0.83159192       0.84488239       0.84930467
               0.84930574       0.87613220       0.87613606       0.88485102       0.88610414
               0.88950025       0.88951583       0.93212793       0.94262522       0.94262956
               0.94756871       0.95233489       0.97138777       0.98994954       0.99234305
               1.00932073       1.01175370       1.04205541       1.06736580       1.06738337
               1.08533134       1.11199933       1.14767792       1.17006352       1.17008179
               1.17499881       1.17500186       1.21725686       1.21726870       1.26837359
               1.31326385       1.31326854       1.31593657       1.38330832       1.38766981
               1.42376888       1.43450202       1.43451412       1.43886809       1.48372670
               1.48374269       1.49739507       1.50105465       1.51436327       1.51436820
               1.55846350       1.56008494       1.56009119       1.56980319       1.58905425
               1.61404727       1.62802123       1.62971277       1.63631287       1.63969098
               1.63969312       1.64905226       1.68799991       1.68801246       1.69000501
               1.71132428       1.72245388       1.72256966       1.75085452       1.76752333
               1.77845290       1.77888667       1.79580500       1.79581082       1.84190429
               1.84191161       1.88889089       1.89625680       1.91248011       1.91552516
               1.91552620       1.92125517       1.97045749       1.97047956       2.02223683
               2.03547167       2.04023294       2.08899623       2.09636929       2.09637114
               2.18487267       2.20415884       2.28171887       2.28175597       2.32786561
               2.35654979       2.36345503       2.36345630       2.45060490       2.45065128
               2.55667002       2.58861482       2.60476512       2.63557280       2.63559178
               2.64474430       2.64924438       2.67021822       2.84792742       2.84798586
               3.29642820       3.44321289
 
 Alpha   HOMO energy:      -0.21402019 au      -5.82378824 eV  Irrep: A       
 Alpha   LUMO energy:      -0.05206054 au      -1.41664005 eV  Irrep: A       
 HOMO-LUMO gap:       0.16195965 au       4.40714818 eV
 
 Frontier orbitals of each irrep:
 
  Symmetry   1 A       
 
         Orbital                52             53             54             55             56             57
         Energy             -0.26541       -0.26541       -0.23834       -0.23331       -0.21402       -0.21402
         Occ No.             2.00000        2.00000        2.00000        2.00000        2.00000        2.00000
      1 1C|1S0               0.00000        0.00000        0.00000        0.00000        0.00000        0.00008
      2 1C|2S0              -0.04590        0.00000       -0.00001       -0.00001        0.00007        0.01252
      3 1C|3S0              -0.06744       -0.00001       -0.00005       -0.00006        0.00009        0.03871
      4 1C|2P-1             -0.09455       -0.00000        0.00005        0.00006       -0.00016       -0.03274
      5 1C|3P-1              0.00758        0.00000        0.00004        0.00007       -0.00012       -0.02583
      6 1C|2P0              -0.07918       -0.00080       -0.01886       -0.01969        0.01686        0.00972
      7 1C|3P0               0.02066       -0.00047       -0.01187       -0.01305        0.01111       -0.00545
      8 1C|2P1               0.00706       -0.00902       -0.21221       -0.22157        0.18934       -0.00169
      9 1C|3P1              -0.00178       -0.00522       -0.13358       -0.14697        0.12593       -0.00007
     10 1C|3D-2              0.00052        0.00041        0.00889        0.00913        0.01273       -0.00035
     11 1C|3D-1             -0.00586        0.00004        0.00078        0.00080        0.00114        0.00330
     12 1C|3D0               0.00222       -0.00004        0.00014        0.00013        0.00190       -0.00052
     13 1C|3D1              -0.00054       -0.00024        0.00086        0.00085        0.01228        0.00004
     14 1C|3D2              -0.00216        0.00002       -0.00007       -0.00007       -0.00109        0.00014
     15 2C|1S0               0.00082       -0.00000        0.00000        0.00000       -0.00000        0.00042
     16 2C|2S0               0.02469        0.00000        0.00001        0.00001       -0.00014       -0.03237
     17 2C|3S0               0.05409        0.00001        0.00002        0.00002       -0.00019       -0.07838
     18 2C|2P-1              0.05658        0.00001        0.00010        0.00009        0.00025        0.05471
     19 2C|3P-1              0.04259        0.00000        0.00006        0.00007        0.00005        0.00294
     20 2C|2P0               0.04337       -0.00073       -0.01904       -0.01885       -0.01226       -0.04171
     21 2C|3P0              -0.01902       -0.00041       -0.01287       -0.01167       -0.00836       -0.00326
     22 2C|2P1              -0.00377       -0.00828       -0.21495       -0.21291       -0.13640        0.00435
     23 2C|3P1               0.00173       -0.00468       -0.14527       -0.13145       -0.09508        0.00073
     24 2C|3D-2              0.00064       -0.00053       -0.00821       -0.01013        0.01768       -0.00025
     25 2C|3D-1             -0.00717       -0.00005       -0.00073       -0.00090        0.00158        0.00198
     26 2C|3D0              -0.00215       -0.00006        0.00020        0.00020       -0.00181        0.00058
     27 2C|3D1               0.00033       -0.00040        0.00126        0.00132       -0.01177       -0.00017
     28 2C|3D2               0.00005        0.00003       -0.00012       -0.00013        0.00106       -0.00155
     29 3C|1S0               0.00000       -0.00000        0.00000        0.00000        0.00000        0.00000
     30 3C|2S0              -0.00000        0.00000        0.00001        0.00001       -0.00003        0.00000
     31 3C|3S0              -0.00000        0.00000       -0.00002        0.00003       -0.00012        0.00000
     32 3C|2P-1             -0.00000       -0.00001        0.00000       -0.00000        0.00020        0.00000
     33 3C|3P-1             -0.00000       -0.00001       -0.00001        0.00001        0.00009        0.00000
     34 3C|2P0              -0.02747       -0.00049       -0.00001       -0.00002       -0.02711        0.05799
     35 3C|3P0              -0.02790       -0.00008        0.00001       -0.00002       -0.01647        0.01141
     36 3C|2P1               0.00243       -0.00544        0.00000        0.00000       -0.30887       -0.00376
     37 3C|3P1               0.00247       -0.00097       -0.00000        0.00000       -0.18772       -0.00014
     38 3C|3D-2              0.00047        0.00021        0.00000        0.00000       -0.00685       -0.00173
     39 3C|3D-1             -0.00531        0.00002       -0.00000       -0.00001       -0.00051        0.01986
     40 3C|3D0              -0.00000       -0.00000        0.00286        0.00251        0.00000       -0.00000
     41 3C|3D1              -0.00001        0.00000        0.01849        0.01624       -0.00000        0.00001
     42 3C|3D2               0.00000        0.00000       -0.00165       -0.00145       -0.00000       -0.00000
     43 4C|1S0              -0.00082        0.00000        0.00000        0.00000        0.00000       -0.00042
     44 4C|2S0              -0.02469       -0.00000        0.00000       -0.00000        0.00015        0.03237
     45 4C|3S0              -0.05409       -0.00000        0.00002        0.00003        0.00028        0.07838
     46 4C|2P-1             -0.05657        0.00001       -0.00010       -0.00008       -0.00022       -0.05472
     47 4C|3P-1             -0.04259        0.00001       -0.00004       -0.00004        0.00002       -0.00294
     48 4C|2P0               0.04336       -0.00073        0.01904        0.01887       -0.01228       -0.04171
     49 4C|3P0              -0.01902       -0.00041        0.01286        0.01165       -0.00842       -0.00327
     50 4C|2P1              -0.00392       -0.00828        0.21495        0.21291       -0.13640        0.00426
     51 4C|3P1               0.00163       -0.00468        0.14527        0.13146       -0.09508        0.00069
     52 4C|3D-2              0.00063       -0.00053        0.00822        0.01013        0.01769       -0.00026
     53 4C|3D-1             -0.00717       -0.00005        0.00072        0.00089        0.00156        0.00198
     54 4C|3D0               0.00215        0.00006        0.00020        0.00020        0.00182       -0.00058
     55 4C|3D1              -0.00034        0.00040        0.00126        0.00132        0.01177        0.00018
     56 4C|3D2              -0.00005       -0.00004       -0.00011       -0.00011       -0.00103        0.00155
     57 5C|1S0              -0.00000        0.00000        0.00000        0.00000       -0.00000       -0.00008
     58 5C|2S0               0.04590        0.00000        0.00002        0.00003       -0.00005       -0.01252
     59 5C|3S0               0.06744       -0.00000        0.00001       -0.00001       -0.00015       -0.03871
     60 5C|2P-1              0.09454       -0.00000       -0.00006       -0.00007        0.00012        0.03274
     61 5C|3P-1             -0.00758        0.00000       -0.00001       -0.00002        0.00009        0.02583
     62 5C|2P0              -0.07919       -0.00080        0.01874        0.01957        0.01678        0.00972
     63 5C|3P0               0.02065       -0.00046        0.01183        0.01303        0.01110       -0.00546
     64 5C|2P1               0.00697       -0.00902        0.21222        0.22158        0.18934       -0.00173
     65 5C|3P1              -0.00187       -0.00523        0.13359        0.14697        0.12593       -0.00009
     66 5C|3D-2              0.00052        0.00041       -0.00889       -0.00913        0.01273       -0.00035
     67 5C|3D-1             -0.00586        0.00004       -0.00079       -0.00081        0.00115        0.00330
     68 5C|3D0              -0.00222        0.00004        0.00013        0.00013       -0.00189        0.00052
     69 5C|3D1               0.00053        0.00024        0.00086        0.00085       -0.01228       -0.00004
     70 5C|3D2               0.00216       -0.00002       -0.00008       -0.00008        0.00110       -0.00014
     71 6C|1S0               0.00000       -0.00000        0.00000        0.00000        0.00000        0.00000
     72 6C|2S0               0.00000       -0.00000        0.00000        0.00000       -0.00004        0.00000
     73 6C|3S0               0.00000        0.00001        0.00003        0.00003       -0.00004        0.00000
     74 6C|2P-1              0.00000        0.00000       -0.00000       -0.00000       -0.00014        0.00000
     75 6C|3P-1              0.00000       -0.00001       -0.00000       -0.00001       -0.00010        0.00000
     76 6C|2P0               0.13138       -0.00031        0.00004        0.00004        0.02657       -0.00300
     77 6C|3P0               0.07779       -0.00010        0.00000        0.00003        0.01605       -0.00508
     78 6C|2P1              -0.01163       -0.00348       -0.00000       -0.00000        0.30006       -0.00108
     79 6C|3P1              -0.00689       -0.00116       -0.00000       -0.00000        0.18166       -0.00036
     80 6C|3D-2              0.00281        0.00144        0.00000        0.00000       -0.01561       -0.00005
     81 6C|3D-1             -0.03168        0.00013       -0.00001       -0.00001       -0.00138        0.00139
     82 6C|3D0              -0.00000       -0.00000        0.00284        0.00294       -0.00000       -0.00000
     83 6C|3D1              -0.00002        0.00000        0.01836        0.01902       -0.00000       -0.00000
     84 6C|3D2               0.00000        0.00000       -0.00164       -0.00170       -0.00001        0.00000
     85 7H|1S0               0.00698       -0.00000        0.00002        0.00002       -0.00008       -0.02145
     86 7H|2S0               0.05696       -0.00000        0.00002        0.00002       -0.00010       -0.02078
     87 7H|2P-1              0.00050       -0.00000        0.00000        0.00000       -0.00000       -0.00028
     88 7H|2P0              -0.00293       -0.00003       -0.00072       -0.00074        0.00060       -0.00005
     89 7H|2P1               0.00026       -0.00028       -0.00812       -0.00833        0.00672       -0.00002
     90 8H|1S0              -0.05702       -0.00000       -0.00002       -0.00002        0.00002       -0.00351
     91 8H|2S0              -0.05129       -0.00000       -0.00002       -0.00003        0.00018        0.02952
     92 8H|2P-1             -0.00002        0.00000        0.00000        0.00000       -0.00000       -0.00070
     93 8H|2P0              -0.00014       -0.00002       -0.00074       -0.00069       -0.00046       -0.00177
     94 8H|2P1               0.00001       -0.00023       -0.00837       -0.00781       -0.00513        0.00018
     95 9H|1S0               0.05703       -0.00000        0.00002        0.00002        0.00004        0.00351
     96 9H|2S0               0.05129        0.00000        0.00002        0.00001       -0.00011       -0.02952
     97 9H|2P-1              0.00002        0.00000       -0.00000       -0.00000        0.00000        0.00070
     98 9H|2P0              -0.00014       -0.00002        0.00074        0.00069       -0.00046       -0.00177
     99 9H|2P1               0.00001       -0.00023        0.00837        0.00781       -0.00513        0.00018
    100 10H|1S0             -0.00698       -0.00000       -0.00002       -0.00003        0.00011        0.02145
    101 10H|2S0             -0.05696       -0.00000       -0.00004       -0.00005        0.00010        0.02077
    102 10H|2P-1            -0.00050       -0.00000       -0.00000       -0.00000        0.00000        0.00028
    103 10H|2P0             -0.00293       -0.00003        0.00072        0.00074        0.00059       -0.00005
    104 10H|2P1              0.00026       -0.00028        0.00812        0.00833        0.00672       -0.00003
    105 11C|1S0             -0.00000        0.00000       -0.00000        0.00000       -0.00000        0.00000
    106 11C|2S0             -0.00000       -0.00000       -0.00001        0.00001       -0.00001        0.00000
    107 11C|3S0             -0.00000       -0.00000        0.00002        0.00003       -0.00001        0.00000
    108 11C|2P-1            -0.00000        0.00002        0.00000        0.00000       -0.00006       -0.00001
    109 11C|3P-1            -0.00000        0.00002       -0.00001       -0.00001        0.00000       -0.00001
    110 11C|2P0             -0.00545       -0.00242       -0.00007        0.00004        0.00376       -0.30888
    111 11C|3P0             -0.00097       -0.00246       -0.00004        0.00002        0.00014       -0.18772
    112 11C|2P1              0.00049       -0.02747        0.00001       -0.00000        0.05799        0.02711
    113 11C|3P1              0.00008       -0.02789        0.00000       -0.00000        0.01141        0.01647
    114 11C|3D-2             0.00002        0.00531        0.00000       -0.00000       -0.01986       -0.00051
    115 11C|3D-1            -0.00021        0.00047       -0.00001        0.00000       -0.00173        0.00685
    116 11C|3D0             -0.00000       -0.00000        0.00286       -0.00251        0.00000       -0.00000
    117 11C|3D1             -0.00000        0.00000        0.01850       -0.01623       -0.00000       -0.00000
    118 11C|3D2              0.00000        0.00000       -0.00165        0.00145       -0.00002       -0.00000
    119 12C|1S0             -0.00000       -0.00082       -0.00000        0.00000       -0.00042       -0.00000
    120 12C|2S0              0.00000       -0.02469       -0.00000        0.00000        0.03238       -0.00015
    121 12C|3S0              0.00001       -0.05410       -0.00002        0.00002        0.07842       -0.00024
    122 12C|2P-1             0.00000        0.05655        0.00001       -0.00001        0.05475       -0.00024
    123 12C|3P-1             0.00000        0.04258        0.00001       -0.00002        0.00294       -0.00002
    124 12C|2P0             -0.00828        0.00385        0.21509       -0.21276       -0.00431       -0.13645
    125 12C|3P0             -0.00468       -0.00168        0.14536       -0.13135       -0.00071       -0.09511
    126 12C|2P1              0.00073        0.04338       -0.01905        0.01885       -0.04170        0.01227
    127 12C|3P1              0.00041       -0.01899       -0.01287        0.01165       -0.00328        0.00839
    128 12C|3D-2            -0.00005        0.00717        0.00073       -0.00090       -0.00198        0.00158
    129 12C|3D-1             0.00053        0.00064       -0.00823        0.01013       -0.00025       -0.01769
    130 12C|3D0              0.00006       -0.00112        0.00020       -0.00021        0.00164        0.00181
    131 12C|3D1              0.00040        0.00034        0.00126       -0.00132       -0.00017        0.01176
    132 12C|3D2             -0.00004        0.00184       -0.00011        0.00012        0.00028       -0.00105
    133 13C|1S0              0.00000        0.00082       -0.00000        0.00000        0.00042        0.00000
    134 13C|2S0             -0.00000        0.02469       -0.00000        0.00000       -0.03236        0.00015
    135 13C|3S0             -0.00000        0.05408       -0.00002        0.00002       -0.07835        0.00024
    136 13C|2P-1            -0.00000       -0.05659       -0.00001        0.00001       -0.05467        0.00023
    137 13C|3P-1            -0.00000       -0.04257        0.00000       -0.00001       -0.00296        0.00001
    138 13C|2P0             -0.00827        0.00385       -0.21509        0.21277       -0.00431       -0.13637
    139 13C|3P0             -0.00468       -0.00168       -0.14535        0.13136       -0.00071       -0.09506
    140 13C|2P1              0.00073        0.04332        0.01905       -0.01885       -0.04173        0.01227
    141 13C|3P1              0.00041       -0.01903        0.01287       -0.01165       -0.00326        0.00839
    142 13C|3D-2            -0.00005        0.00717       -0.00073        0.00090       -0.00198        0.00157
    143 13C|3D-1             0.00053        0.00064        0.00822       -0.01012       -0.00026       -0.01769
    144 13C|3D0             -0.00006        0.00112        0.00020       -0.00021       -0.00163       -0.00181
    145 13C|3D1             -0.00040       -0.00034        0.00126       -0.00132        0.00017       -0.01178
    146 13C|3D2              0.00004       -0.00183       -0.00011        0.00012       -0.00027        0.00106
    147 14C|1S0              0.00000       -0.00000       -0.00000        0.00000       -0.00008        0.00000
    148 14C|2S0             -0.00000        0.04591       -0.00000        0.00001       -0.01252        0.00006
    149 14C|3S0             -0.00000        0.06746        0.00002       -0.00004       -0.03874        0.00012
    150 14C|2P-1            -0.00000       -0.09451        0.00001       -0.00001       -0.03276        0.00015
    151 14C|3P-1            -0.00000        0.00756        0.00002       -0.00003       -0.02584        0.00011
    152 14C|2P0             -0.00902       -0.00702        0.21242       -0.22145        0.00171        0.18925
    153 14C|3P0             -0.00523        0.00183        0.13371       -0.14689        0.00008        0.12587
    154 14C|2P1              0.00080       -0.07922       -0.01882        0.01962        0.00970       -0.01681
    155 14C|3P1              0.00046        0.02065       -0.01186        0.01303       -0.00546       -0.01110
    156 14C|3D-2             0.00004        0.00586       -0.00079        0.00081       -0.00330        0.00114
    157 14C|3D-1            -0.00041        0.00052        0.00889       -0.00912       -0.00035       -0.01272
    158 14C|3D0              0.00004        0.00298        0.00013       -0.00013       -0.00038       -0.00190
    159 14C|3D1              0.00024       -0.00053        0.00086       -0.00085        0.00004       -0.01228
    160 14C|3D2             -0.00002       -0.00083       -0.00008        0.00008        0.00038        0.00110
    161 15H|1S0             -0.00000        0.05702        0.00000       -0.00000        0.00353       -0.00001
    162 15H|2S0             -0.00000        0.05128       -0.00000       -0.00001       -0.02951        0.00014
    163 15H|2P-1            -0.00000       -0.00002       -0.00000        0.00000       -0.00070        0.00000
    164 15H|2P0             -0.00023       -0.00001        0.00838       -0.00781       -0.00018       -0.00513
    165 15H|2P1              0.00002       -0.00014       -0.00074        0.00069       -0.00177        0.00046
    166 16C|1S0             -0.00000        0.00000       -0.00000        0.00000        0.00008       -0.00000
    167 16C|2S0              0.00000       -0.04590       -0.00001        0.00001        0.01251       -0.00006
    168 16C|3S0              0.00000       -0.06744        0.00002       -0.00004        0.03867       -0.00012
    169 16C|2P-1            -0.00000        0.09457       -0.00001        0.00001        0.03271       -0.00013
    170 16C|3P-1            -0.00000       -0.00758        0.00001       -0.00002        0.02581       -0.00010
    171 16C|2P0             -0.00902       -0.00702       -0.21231        0.22141        0.00171        0.18942
    172 16C|3P0             -0.00522        0.00183       -0.13365        0.14686        0.00008        0.12598
    173 16C|2P1              0.00080       -0.07913        0.01881       -0.01961        0.00973       -0.01683
    174 16C|3P1              0.00046        0.02066        0.01186       -0.01303       -0.00544       -0.01111
    175 16C|3D-2             0.00004        0.00585        0.00079       -0.00081       -0.00329        0.00114
    176 16C|3D-1            -0.00041        0.00052       -0.00889        0.00912       -0.00035       -0.01273
    177 16C|3D0             -0.00004       -0.00298        0.00013       -0.00013        0.00038        0.00190
    178 16C|3D1             -0.00024        0.00054        0.00086       -0.00084       -0.00004        0.01227
    179 16C|3D2              0.00002        0.00084       -0.00008        0.00008       -0.00039       -0.00109
    180 17H|1S0              0.00000       -0.05701        0.00000       -0.00000       -0.00350        0.00001
    181 17H|2S0              0.00000       -0.05128       -0.00000       -0.00001        0.02954       -0.00014
    182 17H|2P-1             0.00000        0.00002       -0.00000        0.00000        0.00071       -0.00000
    183 17H|2P0             -0.00023       -0.00001       -0.00838        0.00781       -0.00018       -0.00513
    184 17H|2P1              0.00002       -0.00014        0.00074       -0.00069       -0.00177        0.00046
    185 18C|1S0             -0.00000        0.00000       -0.00000        0.00000       -0.00000        0.00000
    186 18C|2S0             -0.00000        0.00000       -0.00000        0.00000        0.00000        0.00000
    187 18C|3S0              0.00000        0.00000       -0.00003        0.00003        0.00001       -0.00000
    188 18C|2P-1            -0.00000       -0.00005       -0.00000        0.00000        0.00000        0.00001
    189 18C|3P-1             0.00000       -0.00003       -0.00000        0.00001        0.00000        0.00001
    190 18C|2P0             -0.00348        0.01163        0.00004       -0.00001        0.00108        0.30006
    191 18C|3P0             -0.00116        0.00688        0.00003       -0.00001        0.00036        0.18166
    192 18C|2P1              0.00031        0.13137       -0.00000        0.00000       -0.00301       -0.02657
    193 18C|3P1              0.00010        0.07777       -0.00000        0.00000       -0.00508       -0.01605
    194 18C|3D-2             0.00013        0.03168        0.00000       -0.00000       -0.00138       -0.00137
    195 18C|3D-1            -0.00144        0.00281       -0.00000        0.00001       -0.00005        0.01561
    196 18C|3D0             -0.00000        0.00000        0.00284       -0.00294        0.00000       -0.00000
    197 18C|3D1             -0.00000        0.00000        0.01837       -0.01901        0.00000       -0.00000
    198 18C|3D2              0.00000        0.00003       -0.00164        0.00170        0.00000       -0.00000
    199 19H|1S0              0.00000       -0.00698        0.00000       -0.00000        0.02146       -0.00009
    200 19H|2S0              0.00000       -0.05697        0.00001       -0.00001        0.02078       -0.00010
    201 19H|2P-1            -0.00000        0.00050        0.00000       -0.00000       -0.00028        0.00000
    202 19H|2P0             -0.00029       -0.00026        0.00812       -0.00832        0.00003        0.00672
    203 19H|2P1              0.00003       -0.00293       -0.00072        0.00074       -0.00005       -0.00060
    204 20H|1S0             -0.00000        0.00697        0.00000       -0.00000       -0.02144        0.00009
    205 20H|2S0             -0.00000        0.05696        0.00001       -0.00001       -0.02076        0.00010
    206 20H|2P-1             0.00000       -0.00050        0.00000        0.00000        0.00028       -0.00000
    207 20H|2P0             -0.00028       -0.00026       -0.00812        0.00832        0.00003        0.00672
    208 20H|2P1              0.00003       -0.00293        0.00072       -0.00074       -0.00005       -0.00060
    209 21Cl|1S0            -0.00000       -0.00000        0.00000        0.00000       -0.00000        0.00000
    210 21Cl|2S0            -0.00000       -0.00000        0.00000        0.00000       -0.00000        0.00000
    211 21Cl|3S0            -0.00000        0.00000        0.00000        0.00000       -0.00000        0.00000
    212 21Cl|4S0            -0.00000        0.00000       -0.00001       -0.00000        0.00001       -0.00000
    213 21Cl|2P-1            0.00000        0.00000       -0.00000       -0.00000       -0.00000        0.00000
    214 21Cl|3P-1           -0.00002       -0.00002        0.00000        0.00000        0.00020       -0.00000
    215 21Cl|4P-1           -0.00002       -0.00002        0.00001        0.00000        0.00017       -0.00000
    216 21Cl|2P0             0.00367       -0.00001        0.00000        0.00000        0.00005        0.00001
    217 21Cl|3P0            -0.59032        0.00207       -0.00009       -0.00007       -0.03019       -0.02026
    218 21Cl|4P0            -0.46593        0.00163       -0.00007       -0.00006       -0.02592       -0.01712
    219 21Cl|2P1            -0.00033       -0.00016       -0.00000       -0.00000        0.00061       -0.00000
    220 21Cl|3P1             0.05230        0.02341        0.00001        0.00001       -0.33982        0.00332
    221 21Cl|4P1             0.04128        0.01851        0.00001        0.00001       -0.29190        0.00282
    222 21Cl|3D-2           -0.00080       -0.00040        0.00000        0.00000       -0.01915        0.00010
    223 21Cl|3D-1            0.00898       -0.00004       -0.00000       -0.00000       -0.00170       -0.00018
    224 21Cl|3D0             0.00000       -0.00000        0.00046        0.00050        0.00000       -0.00000
    225 21Cl|3D1             0.00000       -0.00000        0.00300        0.00326       -0.00000       -0.00000
    226 21Cl|3D2            -0.00000       -0.00000       -0.00027       -0.00029       -0.00002        0.00000
    227 22Cl|1S0            -0.00000        0.00000       -0.00000        0.00000       -0.00000        0.00000
    228 22Cl|2S0            -0.00000        0.00000       -0.00000        0.00000       -0.00000        0.00000
    229 22Cl|3S0            -0.00000       -0.00000       -0.00000        0.00000       -0.00000        0.00000
    230 22Cl|4S0             0.00000       -0.00000        0.00001       -0.00000       -0.00000       -0.00000
    231 22Cl|2P-1           -0.00000       -0.00000       -0.00000        0.00000       -0.00000        0.00000
    232 22Cl|3P-1            0.00000        0.00023        0.00000       -0.00000       -0.00000       -0.00001
    233 22Cl|4P-1            0.00000        0.00018        0.00001       -0.00000       -0.00000       -0.00001
    234 22Cl|2P0            -0.00016        0.00033        0.00000       -0.00000        0.00000        0.00061
    235 22Cl|3P0             0.02341       -0.05230       -0.00009        0.00002       -0.00332       -0.33981
    236 22Cl|4P0             0.01851       -0.04128       -0.00007        0.00002       -0.00282       -0.29189
    237 22Cl|2P1             0.00001        0.00367       -0.00000        0.00000        0.00001       -0.00005
    238 22Cl|3P1            -0.00207       -0.59032        0.00001       -0.00000       -0.02026        0.03018
    239 22Cl|4P1            -0.00163       -0.46593        0.00001       -0.00000       -0.01712        0.02592
    240 22Cl|3D-2           -0.00004       -0.00898        0.00000       -0.00000        0.00018       -0.00170
    241 22Cl|3D-1            0.00040       -0.00080        0.00000        0.00000        0.00010        0.01915
    242 22Cl|3D0            -0.00000        0.00000        0.00046       -0.00050       -0.00000       -0.00000
    243 22Cl|3D1             0.00000       -0.00000        0.00300       -0.00326        0.00000        0.00001
    244 22Cl|3D2            -0.00000       -0.00001       -0.00027        0.00029        0.00000       -0.00000
 
         Orbital                58             59             60             61             62             63
         Energy             -0.05206       -0.04054       -0.04054       -0.03438        0.00473        0.00520
         Occ No.             0.00000        0.00000        0.00000        0.00000        0.00000        0.00000
      1 1C|1S0              -0.00000        0.00001        0.00019       -0.00000        0.00271        0.00495
      2 1C|2S0              -0.00002        0.00240        0.02027       -0.00001       -0.01205       -0.00258
      3 1C|3S0              -0.00005        0.00987        0.08152       -0.00006       -0.14025       -0.16181
      4 1C|2P-1              0.00008       -0.00379       -0.03077        0.00007       -0.00802       -0.01653
      5 1C|3P-1              0.00005       -0.00661       -0.05386       -0.00003       -0.01590       -0.00207
      6 1C|2P0              -0.02087        0.01606       -0.00295       -0.02044        0.08278        0.08281
      7 1C|3P0              -0.02558        0.01702       -0.03471       -0.02464        0.18164        0.14719
      8 1C|2P1              -0.23512        0.18298       -0.02206       -0.23025       -0.00736       -0.00734
      9 1C|3P1              -0.28848        0.23555       -0.02562       -0.27713       -0.01610       -0.01302
     10 1C|3D-2             -0.01322       -0.02218        0.00236       -0.01709        0.00148        0.00134
     11 1C|3D-1             -0.00117       -0.00153        0.00375       -0.00152       -0.01678       -0.01523
     12 1C|3D0               0.00002       -0.00334        0.00059        0.00004        0.01858        0.01835
     13 1C|3D1               0.00016       -0.02167        0.00275        0.00024       -0.00245       -0.00209
     14 1C|3D2              -0.00003        0.00213        0.00152       -0.00004        0.00495        0.00854
     15 2C|1S0               0.00000       -0.00008       -0.00070        0.00000        0.00234       -0.00146
     16 2C|2S0               0.00001       -0.00551       -0.04581       -0.00000       -0.03733       -0.05728
     17 2C|3S0              -0.00004       -0.01169       -0.09690       -0.00004       -0.13915       -0.14789
     18 2C|2P-1             -0.00009        0.00544        0.04567       -0.00009       -0.02684       -0.01858
     19 2C|3P-1             -0.00011       -0.00470       -0.03855       -0.00020        0.02546        0.03750
     20 2C|2P0               0.01919        0.01148       -0.04306        0.02255        0.03836        0.02875
     21 2C|3P0               0.02556        0.01990        0.00526        0.02507        0.10631        0.11222
     22 2C|2P1               0.21640        0.18573       -0.01864        0.25444       -0.00334       -0.00250
     23 2C|3P1               0.28834        0.21422       -0.02647        0.28205       -0.00931       -0.00984
     24 2C|3D-2             -0.01662        0.02307       -0.00267       -0.01281       -0.00112       -0.00073
     25 2C|3D-1             -0.00147        0.00191       -0.00145       -0.00114        0.01265        0.00824
     26 2C|3D0              -0.00009       -0.00332        0.00020       -0.00007        0.00822        0.00191
     27 2C|3D1              -0.00058       -0.02141        0.00205       -0.00046       -0.00144       -0.00052
     28 2C|3D2               0.00004        0.00118       -0.00646        0.00003       -0.00185       -0.00253
     29 3C|1S0              -0.00001       -0.00000        0.00000        0.00000       -0.00008        0.00056
     30 3C|2S0              -0.00002       -0.00004        0.00000       -0.00000       -0.03160       -0.01667
     31 3C|3S0               0.00019       -0.00001        0.00000       -0.00014       -0.02485       -0.15118
     32 3C|2P-1             -0.00000        0.00024       -0.00003        0.00001        0.02560       -0.02330
     33 3C|3P-1             -0.00020        0.00022       -0.00002       -0.00005       -0.18609       -0.09086
     34 3C|2P0              -0.00002       -0.03321        0.01257       -0.00001       -0.00001       -0.00001
     35 3C|3P0              -0.00008       -0.03087        0.06861        0.00003       -0.00001       -0.00001
     36 3C|2P1               0.00000       -0.38636        0.04586        0.00000       -0.00007       -0.00010
     37 3C|3P1               0.00001       -0.43661        0.04696       -0.00000       -0.00021       -0.00016
     38 3C|3D-2             -0.00000        0.01279       -0.00449       -0.00000        0.00002        0.00000
     39 3C|3D-1              0.00000        0.00512        0.03263        0.00001        0.00000       -0.00000
     40 3C|3D0              -0.00423       -0.00000       -0.00000       -0.00365       -0.00578       -0.00535
     41 3C|3D1              -0.02733        0.00000        0.00001       -0.02360       -0.00032        0.00095
     42 3C|3D2               0.00243        0.00001       -0.00000        0.00211       -0.01359        0.00139
     43 4C|1S0              -0.00000        0.00008        0.00070        0.00000        0.00234       -0.00146
     44 4C|2S0              -0.00002        0.00554        0.04581       -0.00000       -0.03733       -0.05728
     45 4C|3S0               0.00008        0.01162        0.09691       -0.00001       -0.13915       -0.14789
     46 4C|2P-1              0.00009       -0.00557       -0.04566        0.00010       -0.02685       -0.01858
     47 4C|3P-1              0.00009        0.00455        0.03857        0.00009        0.02546        0.03749
     48 4C|2P0              -0.01914        0.01144       -0.04307       -0.02254       -0.03835       -0.02873
     49 4C|3P0              -0.02555        0.01989        0.00525       -0.02502       -0.10629       -0.11221
     50 4C|2P1              -0.21640        0.18572       -0.01879       -0.25443        0.00346        0.00263
     51 4C|3P1              -0.28834        0.21421       -0.02660       -0.28205        0.00952        0.01005
     52 4C|3D-2              0.01662        0.02307       -0.00268        0.01281        0.00112        0.00073
     53 4C|3D-1              0.00147        0.00189       -0.00145        0.00113       -0.01264       -0.00824
     54 4C|3D0              -0.00009        0.00333       -0.00020       -0.00007        0.00822        0.00191
     55 4C|3D1              -0.00058        0.02141       -0.00205       -0.00046       -0.00143       -0.00052
     56 4C|3D2               0.00006       -0.00113        0.00646        0.00005       -0.00185       -0.00253
     57 5C|1S0              -0.00000       -0.00003       -0.00019       -0.00000        0.00271        0.00495
     58 5C|2S0               0.00002       -0.00249       -0.02026        0.00001       -0.01205       -0.00258
     59 5C|3S0               0.00009       -0.00982       -0.08153        0.00016       -0.14025       -0.16181
     60 5C|2P-1             -0.00008        0.00363        0.03078       -0.00008       -0.00802       -0.01654
     61 5C|3P-1             -0.00009        0.00633        0.05390       -0.00006       -0.01591       -0.00208
     62 5C|2P0               0.02079        0.01612       -0.00295        0.02036       -0.08278       -0.08281
     63 5C|3P0               0.02551        0.01693       -0.03469        0.02447       -0.18164       -0.14719
     64 5C|2P1               0.23512        0.18299       -0.02192        0.23025        0.00732        0.00732
     65 5C|3P1               0.28848        0.23558       -0.02545        0.27715        0.01608        0.01305
     66 5C|3D-2              0.01322       -0.02218        0.00236        0.01709       -0.00149       -0.00136
     67 5C|3D-1              0.00117       -0.00155        0.00376        0.00151        0.01678        0.01523
     68 5C|3D0               0.00002        0.00332       -0.00059        0.00004        0.01858        0.01836
     69 5C|3D1               0.00016        0.02167       -0.00274        0.00024       -0.00242       -0.00206
     70 5C|3D2              -0.00001       -0.00216       -0.00151       -0.00001        0.00495        0.00854
     71 6C|1S0              -0.00000       -0.00000        0.00000       -0.00000        0.00488        0.00477
     72 6C|2S0              -0.00000        0.00010       -0.00001       -0.00001       -0.12572       -0.12878
     73 6C|3S0              -0.00001        0.00032       -0.00004        0.00000       -0.68914       -0.65557
     74 6C|2P-1              0.00000        0.00030       -0.00004       -0.00000       -0.28872       -0.29989
     75 6C|3P-1             -0.00002        0.00043       -0.00005       -0.00001       -0.31085       -0.34047
     76 6C|2P0              -0.00001       -0.03592        0.00412       -0.00002       -0.00001       -0.00001
     77 6C|3P0              -0.00004       -0.04442       -0.02194       -0.00015       -0.00001       -0.00001
     78 6C|2P1               0.00000       -0.40520        0.04892        0.00000       -0.00020       -0.00022
     79 6C|3P1               0.00000       -0.46493        0.05852        0.00001       -0.00026       -0.00029
     80 6C|3D-2              0.00000       -0.01645        0.00172        0.00000        0.00001        0.00001
     81 6C|3D-1             -0.00001       -0.00110        0.00314       -0.00001       -0.00000       -0.00000
     82 6C|3D0               0.00412       -0.00000        0.00000        0.00429       -0.00973       -0.01019
     83 6C|3D1               0.02661        0.00000        0.00001        0.02775        0.00068        0.00074
     84 6C|3D2              -0.00238       -0.00000       -0.00000       -0.00248       -0.00928       -0.00936
     85 7H|1S0               0.00001       -0.00208       -0.01717        0.00001        0.06600        0.06107
     86 7H|2S0               0.00004       -0.00540       -0.04491        0.00003        0.36843        0.33955
     87 7H|2P-1              0.00000       -0.00013       -0.00100        0.00001        0.00301        0.00202
     88 7H|2P0              -0.00099        0.00090        0.00044       -0.00105       -0.00386       -0.00325
     89 7H|2P1              -0.01117        0.00940       -0.00119       -0.01188        0.00034        0.00029
     90 8H|1S0              -0.00001       -0.00116       -0.00973       -0.00001        0.05321        0.03892
     91 8H|2S0              -0.00001        0.00251        0.02063        0.00001        0.26070        0.28102
     92 8H|2P-1             -0.00000       -0.00028       -0.00226       -0.00000       -0.00379       -0.00328
     93 8H|2P0               0.00099        0.00055       -0.00268        0.00106       -0.00314       -0.00168
     94 8H|2P1               0.01121        0.00976       -0.00094        0.01197        0.00028        0.00015
     95 9H|1S0               0.00000        0.00118        0.00973        0.00000        0.05321        0.03892
     96 9H|2S0              -0.00002       -0.00248       -0.02063        0.00007        0.26070        0.28102
     97 9H|2P-1              0.00000        0.00027        0.00226        0.00000       -0.00379       -0.00328
     98 9H|2P0              -0.00099        0.00055       -0.00268       -0.00106        0.00314        0.00168
     99 9H|2P1              -0.01121        0.00976       -0.00095       -0.01197       -0.00028       -0.00014
    100 10H|1S0             -0.00001        0.00206        0.01718       -0.00000        0.06600        0.06107
    101 10H|2S0             -0.00003        0.00543        0.04490       -0.00000        0.36843        0.33955
    102 10H|2P-1            -0.00000        0.00012        0.00100       -0.00000        0.00301        0.00202
    103 10H|2P0              0.00099        0.00090        0.00044        0.00105        0.00386        0.00325
    104 10H|2P1              0.01117        0.00940       -0.00118        0.01188       -0.00034       -0.00029
    105 11C|1S0              0.00001        0.00000       -0.00000        0.00000        0.00007        0.00056
    106 11C|2S0              0.00002        0.00003       -0.00000       -0.00000        0.03188       -0.01617
    107 11C|3S0             -0.00019        0.00003       -0.00000       -0.00014        0.02721       -0.15080
    108 11C|2P-1            -0.00000        0.00004       -0.00002       -0.00001        0.02522        0.02371
    109 11C|3P-1            -0.00020       -0.00007       -0.00001        0.00005       -0.18748        0.08781
    110 11C|2P0              0.00014       -0.04586       -0.38637       -0.00006        0.00000       -0.00000
    111 11C|3P0              0.00018       -0.04696       -0.43661       -0.00005        0.00000        0.00000
    112 11C|2P1             -0.00001        0.01256        0.03321        0.00001        0.00002       -0.00000
    113 11C|3P1             -0.00002        0.06860        0.03087        0.00000       -0.00007        0.00005
    114 11C|3D-2            -0.00000       -0.03263        0.00512        0.00000       -0.00002       -0.00001
    115 11C|3D-1             0.00002       -0.00449       -0.01279       -0.00001       -0.00000       -0.00000
    116 11C|3D0             -0.00422        0.00000       -0.00000        0.00365        0.00881        0.00402
    117 11C|3D1             -0.02733       -0.00000       -0.00002        0.02360       -0.00030       -0.00096
    118 11C|3D2              0.00245       -0.00003        0.00001       -0.00211        0.01186       -0.00375
    119 12C|1S0              0.00000        0.00070       -0.00008        0.00000       -0.00232       -0.00150
    120 12C|2S0              0.00000        0.04582       -0.00552       -0.00000        0.03824       -0.05666
    121 12C|3S0             -0.00002        0.09691       -0.01165       -0.00002        0.14151       -0.14563
    122 12C|2P-1            -0.00001        0.04569       -0.00550        0.00001       -0.02714        0.01816
    123 12C|3P-1            -0.00002       -0.03854        0.00463        0.00006        0.02596       -0.03706
    124 12C|2P0             -0.21651        0.01870        0.18559        0.25446        0.00344       -0.00251
    125 12C|3P0             -0.28847        0.02651        0.21402        0.28208        0.00957       -0.00979
    126 12C|2P1              0.01918       -0.04304       -0.01145       -0.02255        0.03877       -0.02812
    127 12C|3P1              0.02556        0.00526       -0.01988       -0.02505        0.10803       -0.11048
    128 12C|3D-2             0.00147        0.00145        0.00190       -0.00114       -0.01277        0.00804
    129 12C|3D-1            -0.01662       -0.00268       -0.02309        0.01281       -0.00113        0.00071
    130 12C|3D0             -0.00009        0.00570        0.00266        0.00007        0.00576       -0.00305
    131 12C|3D1             -0.00059        0.00205        0.02140        0.00047       -0.00144        0.00050
    132 12C|3D2              0.00005        0.00305       -0.00230       -0.00004       -0.00621        0.00029
    133 13C|1S0              0.00000       -0.00070        0.00008        0.00000       -0.00232       -0.00150
    134 13C|2S0              0.00000       -0.04581        0.00552       -0.00000        0.03823       -0.05669
    135 13C|3S0             -0.00002       -0.09691        0.01165       -0.00002        0.14146       -0.14567
    136 13C|2P-1             0.00001       -0.04564        0.00551       -0.00001       -0.02714        0.01814
    137 13C|3P-1             0.00000        0.03857       -0.00462        0.00004        0.02611       -0.03708
    138 13C|2P0              0.21632        0.01874        0.18588       -0.25439       -0.00344        0.00251
    139 13C|3P0              0.28823        0.02655        0.21441       -0.28200       -0.00957        0.00979
    140 13C|2P1             -0.01916       -0.04309       -0.01147        0.02254       -0.03882        0.02811
    141 13C|3P1             -0.02554        0.00524       -0.01991        0.02504       -0.10803        0.11047
    142 13C|3D-2            -0.00147        0.00146        0.00189        0.00114        0.01278       -0.00803
    143 13C|3D-1             0.01663       -0.00267       -0.02306       -0.01281        0.00113       -0.00071
    144 13C|3D0             -0.00009       -0.00569       -0.00266        0.00007        0.00576       -0.00306
    145 13C|3D1             -0.00056       -0.00205       -0.02142        0.00045       -0.00144        0.00050
    146 13C|3D2              0.00005       -0.00305        0.00231       -0.00004       -0.00619        0.00028
    147 14C|1S0              0.00000       -0.00019        0.00002       -0.00000       -0.00278        0.00491
    148 14C|2S0              0.00000       -0.02026        0.00244       -0.00000        0.01208       -0.00239
    149 14C|3S0             -0.00002       -0.08153        0.00984        0.00005        0.14274       -0.15955
    150 14C|2P-1             0.00001       -0.03078        0.00372       -0.00000       -0.00832        0.01642
    151 14C|3P-1            -0.00001       -0.05385        0.00648        0.00003       -0.01606        0.00187
    152 14C|2P0              0.23507        0.02200        0.18310       -0.23022        0.00745       -0.00721
    153 14C|3P0              0.28842        0.02555        0.23570       -0.27710        0.01629       -0.01277
    154 14C|2P1             -0.02083       -0.00297       -0.01610        0.02039        0.08407       -0.08146
    155 14C|3P1             -0.02554       -0.03472       -0.01699        0.02456        0.18391       -0.14426
    156 14C|3D-2             0.00117       -0.00375       -0.00153       -0.00151        0.01704       -0.01498
    157 14C|3D-1            -0.01323        0.00236        0.02216        0.01709        0.00151       -0.00133
    158 14C|3D0              0.00003       -0.00102        0.00353       -0.00004        0.00503       -0.00170
    159 14C|3D1              0.00015        0.00275        0.02168       -0.00023       -0.00246        0.00204
    160 14C|3D2             -0.00001       -0.00127       -0.00181        0.00002       -0.01886        0.01985
    161 15H|1S0              0.00000        0.00973       -0.00117       -0.00000       -0.05382        0.03807
    162 15H|2S0              0.00001       -0.02065        0.00250        0.00004       -0.26506        0.27678
    163 15H|2P-1            -0.00000       -0.00226        0.00027       -0.00000       -0.00384        0.00322
    164 15H|2P0             -0.01122        0.00095        0.00975        0.01197       -0.00028        0.00014
    165 15H|2P1              0.00099       -0.00268       -0.00055       -0.00106       -0.00317        0.00163
    166 16C|1S0              0.00000        0.00019       -0.00002       -0.00000       -0.00278        0.00491
    167 16C|2S0              0.00000        0.02026       -0.00244       -0.00000        0.01208       -0.00237
    168 16C|3S0             -0.00002        0.08153       -0.00984        0.00005        0.14279       -0.15947
    169 16C|2P-1            -0.00001        0.03077       -0.00370        0.00001       -0.00825        0.01638
    170 16C|3P-1            -0.00003        0.05389       -0.00646        0.00005       -0.01585        0.00179
    171 16C|2P0             -0.23518        0.02198        0.18287        0.23027       -0.00745        0.00721
    172 16C|3P0             -0.28856        0.02552        0.23542        0.27716       -0.01630        0.01277
    173 16C|2P1              0.02084       -0.00294       -0.01608       -0.02040       -0.08409        0.08148
    174 16C|3P1              0.02555       -0.03468       -0.01697       -0.02456       -0.18398        0.14424
    175 16C|3D-2            -0.00117       -0.00376       -0.00154        0.00151       -0.01701        0.01495
    176 16C|3D-1             0.01321        0.00236        0.02220       -0.01708       -0.00151        0.00133
    177 16C|3D0              0.00003        0.00102       -0.00353       -0.00004        0.00503       -0.00170
    178 16C|3D1              0.00018       -0.00274       -0.02166       -0.00025       -0.00246        0.00204
    179 16C|3D2             -0.00001        0.00127        0.00181        0.00002       -0.01889        0.01988
    180 17H|1S0              0.00000       -0.00972        0.00117       -0.00000       -0.05383        0.03807
    181 17H|2S0              0.00001        0.02061       -0.00249        0.00004       -0.26510        0.27677
    182 17H|2P-1             0.00000        0.00226       -0.00027       -0.00000       -0.00384        0.00322
    183 17H|2P0              0.01121        0.00095        0.00977       -0.01197        0.00028       -0.00014
    184 17H|2P1             -0.00099       -0.00268       -0.00055        0.00106        0.00316       -0.00162
    185 18C|1S0              0.00000       -0.00000        0.00000       -0.00000       -0.00495        0.00469
    186 18C|2S0              0.00000        0.00000       -0.00000       -0.00001        0.12777       -0.12677
    187 18C|3S0              0.00001        0.00002       -0.00000        0.00000        0.69950       -0.64449
    188 18C|2P-1             0.00000       -0.00000       -0.00002        0.00000       -0.29348        0.29527
    189 18C|3P-1            -0.00002        0.00000       -0.00002        0.00001       -0.31628        0.33550
    190 18C|2P0              0.00017       -0.04891       -0.40519       -0.00008        0.00000       -0.00000
    191 18C|3P0              0.00019       -0.05852       -0.46492       -0.00010       -0.00000       -0.00000
    192 18C|2P1             -0.00002        0.00412        0.03592        0.00001       -0.00012        0.00012
    193 18C|3P1             -0.00002       -0.02194        0.04442        0.00001       -0.00016        0.00013
    194 18C|3D-2             0.00000       -0.00314       -0.00110       -0.00000       -0.00001        0.00001
    195 18C|3D-1            -0.00002        0.00172        0.01645        0.00002       -0.00000        0.00000
    196 18C|3D0              0.00412        0.00000        0.00000       -0.00429        0.00322       -0.00296
    197 18C|3D1              0.02661        0.00000        0.00002       -0.02775        0.00069       -0.00073
    198 18C|3D2             -0.00238       -0.00000       -0.00000        0.00248        0.01328       -0.01329
    199 19H|1S0              0.00000        0.01718       -0.00207        0.00000       -0.06696        0.06002
    200 19H|2S0             -0.00001        0.04491       -0.00542        0.00001       -0.37372        0.33359
    201 19H|2P-1             0.00000       -0.00100        0.00012       -0.00000        0.00305       -0.00198
    202 19H|2P0              0.01117        0.00118        0.00940       -0.01188       -0.00035        0.00028
    203 19H|2P1             -0.00099        0.00044       -0.00090        0.00105       -0.00391        0.00319
    204 20H|1S0              0.00000       -0.01718        0.00207        0.00000       -0.06697        0.06001
    205 20H|2S0             -0.00001       -0.04490        0.00541        0.00001       -0.37379        0.33358
    206 20H|2P-1            -0.00000        0.00100       -0.00012       -0.00000        0.00304       -0.00197
    207 20H|2P0             -0.01118        0.00118        0.00939        0.01188        0.00035       -0.00028
    208 20H|2P1              0.00099        0.00044       -0.00090       -0.00105        0.00392       -0.00319
    209 21Cl|1S0            -0.00000        0.00000       -0.00000       -0.00000       -0.00399       -0.00383
    210 21Cl|2S0            -0.00000        0.00000       -0.00000       -0.00000       -0.02317       -0.02189
    211 21Cl|3S0            -0.00000       -0.00006        0.00001        0.00000        0.07008        0.07599
    212 21Cl|4S0             0.00001       -0.00019        0.00002        0.00001        0.38475        0.39700
    213 21Cl|2P-1           -0.00000        0.00000       -0.00000        0.00000       -0.00094       -0.00118
    214 21Cl|3P-1           -0.00000        0.00008       -0.00001       -0.00001       -0.23694       -0.24584
    215 21Cl|4P-1           -0.00001        0.00015       -0.00002       -0.00002       -0.48060       -0.49473
    216 21Cl|2P0            -0.00000        0.00001       -0.00023       -0.00000       -0.00000       -0.00000
    217 21Cl|3P0            -0.00001        0.00974       -0.01194       -0.00001       -0.00000       -0.00000
    218 21Cl|4P0            -0.00000        0.01448       -0.01015        0.00001       -0.00000       -0.00000
    219 21Cl|2P1             0.00000        0.00047       -0.00004        0.00000       -0.00000       -0.00000
    220 21Cl|3P1             0.00000        0.12454       -0.01407        0.00000       -0.00012       -0.00013
    221 21Cl|4P1             0.00000        0.17486       -0.02036       -0.00000       -0.00026       -0.00026
    222 21Cl|3D-2            0.00000        0.05394       -0.00632        0.00000       -0.00007       -0.00007
    223 21Cl|3D-1           -0.00001        0.00453       -0.00264       -0.00001       -0.00000       -0.00000
    224 21Cl|3D0             0.00144       -0.00002        0.00000        0.00149        0.04679        0.04761
    225 21Cl|3D1             0.00933        0.00000        0.00000        0.00963       -0.00114       -0.00106
    226 21Cl|3D2            -0.00083        0.00004       -0.00000       -0.00086        0.06829        0.07057
    227 22Cl|1S0             0.00000        0.00000       -0.00000       -0.00000        0.00405       -0.00377
    228 22Cl|2S0             0.00000        0.00000       -0.00000       -0.00000        0.02352       -0.02152
    229 22Cl|3S0             0.00000       -0.00000        0.00000        0.00000       -0.07128        0.07487
    230 22Cl|4S0            -0.00001       -0.00001        0.00000        0.00001       -0.39102        0.39080
    231 22Cl|2P-1           -0.00000        0.00000        0.00000       -0.00000       -0.00096        0.00117
    232 22Cl|3P-1           -0.00000        0.00000        0.00000        0.00001       -0.24085        0.24205
    233 22Cl|4P-1           -0.00001       -0.00000        0.00001        0.00002       -0.48843        0.48701
    234 22Cl|2P0            -0.00000        0.00004        0.00047        0.00000       -0.00000       -0.00000
    235 22Cl|3P0            -0.00006        0.01407        0.12453        0.00003        0.00000       -0.00000
    236 22Cl|4P0            -0.00008        0.02035        0.17485        0.00004        0.00000       -0.00000
    237 22Cl|2P1             0.00000       -0.00023       -0.00001       -0.00000       -0.00000        0.00000
    238 22Cl|3P1             0.00001       -0.01194       -0.00974       -0.00000       -0.00010        0.00009
    239 22Cl|4P1             0.00001       -0.01015       -0.01448       -0.00000       -0.00020        0.00019
    240 22Cl|3D-2           -0.00000        0.00264        0.00453        0.00000        0.00006       -0.00006
    241 22Cl|3D-1            0.00002       -0.00632       -0.05393       -0.00001        0.00000        0.00000
    242 22Cl|3D0             0.00144       -0.00000        0.00000       -0.00149       -0.03634        0.03674
    243 22Cl|3D1             0.00933       -0.00000       -0.00002       -0.00963       -0.00115        0.00104
    244 22Cl|3D2            -0.00083        0.00000        0.00000        0.00086       -0.07588        0.07532
 
 
 [Mulliken Population Analysis]
  Atomic charges: 
     1C       0.1549
     2C       0.0661
     3C       0.0234
     4C       0.0661
     5C       0.1549
     6C      -0.1213
     7H      -0.0568
     8H      -0.0726
     9H      -0.0726
    10H      -0.0568
    11C       0.0233
    12C       0.0661
    13C       0.0661
    14C       0.1549
    15H      -0.0726
    16C       0.1549
    17H      -0.0726
    18C      -0.1213
    19H      -0.0568
    20H      -0.0568
    21Cl     -0.0852
    22Cl     -0.0852
     Sum:     0.0000
 
 [Lowdin Population Analysis]
  Atomic charges: 
     1C      -0.0272
     2C      -0.0069
     3C      -0.0187
     4C      -0.0069
     5C      -0.0272
     6C      -0.1441
     7H       0.0257
     8H       0.0246
     9H       0.0246
    10H       0.0257
    11C      -0.0187
    12C      -0.0069
    13C      -0.0069
    14C      -0.0272
    15H       0.0246
    16C      -0.0272
    17H       0.0246
    18C      -0.1440
    19H       0.0257
    20H       0.0257
    21Cl      0.1306
    22Cl      0.1306
     Sum:     0.0000
 
 
 [Dipole moment: Debye]
              X          Y          Z         |u|
   Elec:0.6581E-04 0.1730E-03 0.2032E-04
   Nucl:-.2744E-13 0.7224E-13 0.1340E-12
   Totl:    0.0001     0.0002     0.0000     0.0002
 
 ---------------------------------------------------------------
  Timing of SCF calculation                                                       
 
  CPU TIME(S)      SYSTEM TIME(S)     WALL TIME(S)
        190.510            0.450              23.970
 ---------------------------------------------------------------
 
|******************************************************************************|
 
    Total cpu     time:        190.53  S
    Total system  time:          0.45  S
    Total wall    time:         23.98  S
 
    Current time   2022-05-04  12:54:52
    End running module scf
|******************************************************************************|
 
('/scratch/3,8-dicl-dibenzene_633', '/apps/users/lcz/task2/section1/isomer2/BLYP_cc-pVDZ/BDF')
 Warning! Removing scratch files. If you would like to keep scratch files for restaring. Please use -keeptmpdir

Sender: Unischeduler System <lcz@mgt01>
Subject: Job 127801: <#!/bin/bash
#BSUB -J intel
#BSUB -o 3,8-dicl-dibenzene.out
#BSUB -n 8
#BSUB -q cqueue
#BSUB -R span[hosts=1]
export BDFHOME=/apps/users/lcz/bdf-pkg
export BDF_TMPDIR=/scratch/3,8-dicl-dibenzene_633
export USE_LIBCINT=no
export LD_LIBRARY_PATH=/apps/users/lcz/bdf-pkg/extlibs:/apps/users/lcz/bdf-pkg/libso:/apps/software/intel2019/mkl/lib/intel64:/apps/software/intel2019/compilers_and_libraries_2019/linux/lib/intel64:$LD_LIBRARY_PATH
ulimit -s unlimited
ulimit -t unlimited
export OMP_NUM_THREADS=8
export OMP_STACKSIZE=20G
/apps/users/lcz/bdf-pkg/sbin/bdfdrv.py -tmpdir /scratch/3,8-dicl-dibenzene_633 -r 3,8-dicl-dibenzene.inp > 3,8-dicl-dibenzene.out
rm -rf .3,8-dicl-dibenzene.wrk> Done

Job <#!/bin/bash
#BSUB -J intel
#BSUB -o 3,8-dicl-dibenzene.out
#BSUB -n 8
#BSUB -q cqueue
#BSUB -R span[hosts=1]
export BDFHOME=/apps/users/lcz/bdf-pkg
export BDF_TMPDIR=/scratch/3,8-dicl-dibenzene_633
export USE_LIBCINT=no
export LD_LIBRARY_PATH=/apps/users/lcz/bdf-pkg/extlibs:/apps/users/lcz/bdf-pkg/libso:/apps/software/intel2019/mkl/lib/intel64:/apps/software/intel2019/compilers_and_libraries_2019/linux/lib/intel64:$LD_LIBRARY_PATH
ulimit -s unlimited
ulimit -t unlimited
export OMP_NUM_THREADS=8
export OMP_STACKSIZE=20G
/apps/users/lcz/bdf-pkg/sbin/bdfdrv.py -tmpdir /scratch/3,8-dicl-dibenzene_633 -r 3,8-dicl-dibenzene.inp > 3,8-dicl-dibenzene.out
rm -rf .3,8-dicl-dibenzene.wrk> was submitted from host <mgt01> by user <lcz>.
Job was executed on host(s) <8*cnode10>, in queue <cqueue>, as user <lcz>.
</apps/users/lcz> was used as the home directory.
</apps/users/lcz/task2/section1/isomer2/BLYP_cc-pVDZ/BDF> was used as the working directory.
Started at 2022-05-04 12:54:28
Results reported at 2022-05-04 12:54:52

Your job looked like:

------------------------------------------------------------
# User input
#!/bin/bash
#BSUB -J intel
#BSUB -o 3,8-dicl-dibenzene.out
#BSUB -n 8
#BSUB -q cqueue
#BSUB -R span[hosts=1]
export BDFHOME=/apps/users/lcz/bdf-pkg
export BDF_TMPDIR=/scratch/3,8-dicl-dibenzene_633
export USE_LIBCINT=no
export LD_LIBRARY_PATH=/apps/users/lcz/bdf-pkg/extlibs:/apps/users/lcz/bdf-pkg/libso:/apps/software/intel2019/mkl/lib/intel64:/apps/software/intel2019/compilers_and_libraries_2019/linux/lib/intel64:$LD_LIBRARY_PATH
ulimit -s unlimited
ulimit -t unlimited
export OMP_NUM_THREADS=8
export OMP_STACKSIZE=20G
/apps/users/lcz/bdf-pkg/sbin/bdfdrv.py -tmpdir /scratch/3,8-dicl-dibenzene_633 -r 3,8-dicl-dibenzene.inp > 3,8-dicl-dibenzene.out
rm -rf .3,8-dicl-dibenzene.wrk
------------------------------------------------------------

Successfully completed.

Resource usage summary:

    CPU time   :          143.99 sec.
    Max Memory :               317 MB
    Max Processes  :               5


The output (if any) follows:

