#!awk.bdf.output
====================== BDF version information ============================
commit 15a5aac1bbb5a2a101a9aa715fa1cdc141611229
Author: Yibo Lei <leiyb@nwu.edu.cn>
Date:   Sun Jan 16 18:50:00 2022 +0800

    change Vircut to VSD and add Pre-CMO by MCSCF MOs and refine ploop search of xianci
===========================================================================
BDFHOME =  /apps/software/bdf-pkg
BDF_TMPDIR = /tmp
BDF_MPIRUN =  None
BDF_MPIROOT =  None
|---------------------------------------------------------------------|
 Could not find mpirun. Set to serial running ...


(' BDFHOME     = ', '/apps/users/lcz/bdf-pkg')
(' BDF_WORKDIR = ', '/apps/users/lcz/task2/section1/isomer1/BLYP_cc-pVDZ/BDF')
(' BDF_TMPDIR  = ', '/scratch/2,7-dicl-dibenzene_546')
(' BDFTASK     = ', '2,7-dicl-dibenzene')

  BDF parallel running information ...
('  BDF_MASTER_NODE', 'cnode12')
('  BDF_MPIROOT = ', 'None')
  Total number of computational nodes   = 1
  Number of processes per node          = 1
  Number of openmp threads per process  = 8


('  Singlepoint_task = ', True)
('  Fragmp2_task     = ', False)


$compass
title
isomer-1
basis
cc-pvdz
Geometry
C -0.84533195991773 0.95631204799741 0.86695688758137
C 0.46296917953950 0.89055132107898 0.41153738968092
C 1.06498249109929 2.05041746604826 -0.04872626223504
C 0.38682375533153 3.25825741761093 -0.05957630313133
C -0.92916629483352 3.32496446678289 0.39786117470048
C -1.53691904595740 2.15806885302784 0.86178357772044
H -1.33177779310003 0.05786162666320 1.22288286662819
H 1.00911644617855 -0.04137764481499 0.41174217012473
H 0.89340943637666 4.14652768979640 -0.40661874558071
H -2.56260459262502 2.18503471734340 1.20271069002731
C -1.66709331376272 4.62322731007777 0.38662794093699
C -2.42161858132883 5.01473379007752 1.49250102782185
C -1.61923201631221 5.46623475990715 -0.72389685760276
C -3.10577169358506 6.21908872396761 1.47479389475736
H -2.46369194088787 4.39499072034369 2.37581764658229
C -2.30901947987771 6.66904435935388 -0.72694800403690
H -1.05555752795261 5.17208444276276 -1.59838613456934
C -3.05941590604282 7.05751618377553 0.37275066068088
H -2.26865845182014 7.30948735218955 -1.59800079723894
H -3.60007805771479 7.99261925989212 0.37887337421372
Cl 2.70997882629083 1.99495162290832 -0.61716762133114
Cl -4.03387825909787 6.68923511320967 2.87110846426962
end Geometry
$end
$xuanyuan
$end
$scf
rks
dft
blyp
grid
ultra fine
$end
('tmpstdin ', True)
('npro is ', 1)
('\n BDF command: ', '/apps/users/lcz/bdf-pkg/bin/compass.x /scratch/2,7-dicl-dibenzene_546/2,7-dicl-dibenzeneXX0.compass.inp')
  BDF process        0 of        1 on Serial  
 
|******************************************************************************|
 
    Start running module compass
    Current time   2022-05-04  12:58:29
 
|******************************************************************************|

 ++++++++++ Reading compass input ++++++++++++++++++
 TITLE
 BASIS
 Input Basis set is cc-pVDZ
 Spherical GTO 5d,7f
 GEOMETRY
 C      -0.84533196      0.95631205      0.86695689
 C       0.46296918      0.89055132      0.41153739
 C       1.06498249      2.05041747     -0.04872626
 C       0.38682376      3.25825742     -0.05957630
 C      -0.92916629      3.32496447      0.39786117
 C      -1.53691905      2.15806885      0.86178358
 H      -1.33177779      0.05786163      1.22288287
 H       1.00911645     -0.04137764      0.41174217
 H       0.89340944      4.14652769     -0.40661875
 H      -2.56260459      2.18503472      1.20271069
 C      -1.66709331      4.62322731      0.38662794
 C      -2.42161858      5.01473379      1.49250103
 C      -1.61923202      5.46623476     -0.72389686
 C      -3.10577169      6.21908872      1.47479389
 H      -2.46369194      4.39499072      2.37581765
 C      -2.30901948      6.66904436     -0.72694800
 H      -1.05555753      5.17208444     -1.59838613
 C      -3.05941591      7.05751618      0.37275066
 H      -2.26865845      7.30948735     -1.59800080
 H      -3.60007806      7.99261926      0.37887337
 Cl      2.70997883      1.99495162     -0.61716762
 Cl     -4.03387826      6.68923511      2.87110846
 Number of atoms:       22
 $END
 ++++++++++ End of reading compass input +++++++++++++


|-------------------------------------------------------------------------------------------|

 Atom           Cartcoord(Bohr)                 Charge Basis Auxbas Uatom Nstab Alink  Mass
  C       -1.597446     1.807168     1.638311     6.00    1     0     0     0   E     11.9967
  C        0.874885     1.682898     0.777693     6.00    1     0     0     0   E     11.9967
  C        2.012525     3.874727    -0.092079     6.00    1     0     0     0   E     11.9967
  C        0.730991     6.157214    -0.112583     6.00    1     0     0     0   E     11.9967
  C       -1.755870     6.283272     0.751849     6.00    1     0     0     0   E     11.9967
  C       -2.904356     4.078159     1.628535     6.00    1     0     0     0   E     11.9967
  H       -2.516695     0.109343     2.310914     1.00    2     0     0     0   E      1.0073
  H        1.906954    -0.078192     0.778080     1.00    2     0     0     0   E      1.0073
  H        1.688299     7.835802    -0.768398     1.00    2     0     0     0   E      1.0073
  H       -4.842621     4.129117     2.272794     1.00    2     0     0     0   E      1.0073
  C       -3.150350     8.736633     0.730621     6.00    1     0     0     0   E     11.9967
  C       -4.576196     9.476473     2.820418     6.00    1     0     0     0   E     11.9967
  C       -3.059905    10.329687    -1.367967     6.00    1     0     0     0   E     11.9967
  C       -5.869058    11.752374     2.786957     6.00    1     0     0     0   E     11.9967
  H       -4.655703     8.305329     4.489645     1.00    2     0     0     0   E      1.0073
  C       -4.363414    12.602667    -1.373733     6.00    1     0     0     0   E     11.9967
  H       -1.994715     9.773823    -3.020512     1.00    2     0     0     0   E      1.0073
  C       -5.781458    13.336773     0.704397     6.00    1     0     0     0   E     11.9967
  H       -4.287143    13.812929    -3.019784     1.00    2     0     0     0   E      1.0073
  H       -6.803162    15.103861     0.715967     1.00    2     0     0     0   E      1.0073
  Cl       5.121118     3.769912    -1.166278    17.00    3     0     0     0   E     34.9689
  Cl      -7.622925    12.640822     5.425609    17.00    3     0     0     0   E     34.9689
 
|--------------------------------------------------------------------------------------------|

  End of reading atomic basis sets ..
 Printing basis sets for checking ....

 Atomic label:  C    6
 Maximum L  2 9s4p1d ----> 3s2p1d NBF =  14
 #--->s function
      Exp Coef          Norm Coef       Con Coef
          6665.000000   0.186365E+04    0.000692   -0.000293    0.000000
          1000.000000   0.449278E+03    0.005326   -0.002318    0.000000
           228.000000   0.148240E+03    0.027061   -0.011500    0.000000
            64.710000   0.576426E+02    0.101657   -0.046827    0.000000
            21.060000   0.248376E+02    0.274575   -0.128466    0.000000
             7.495000   0.114444E+02    0.448294   -0.301266    0.000000
             2.797000   0.546430E+01    0.284903   -0.255631    0.000000
             0.521500   0.155044E+01    0.015195    1.093793    0.000000
             0.159600   0.637954E+00    0.000000    0.000000    1.000000
 #--->p function
      Exp Coef          Norm Coef       Con Coef
             9.439000   0.482661E+02    0.056979    0.000000
             2.002000   0.694727E+01    0.313207    0.000000
             0.545600   0.136797E+01    0.760377    0.000000
             0.151700   0.276195E+00    0.000000    1.000000
 #--->d function
      Exp Coef          Norm Coef       Con Coef
             0.550000   0.916567E+00    1.000000
 

 Atomic label:  H    1
 Maximum L  1 4s1p ----> 2s1p NBF =   5
 #--->s function
      Exp Coef          Norm Coef       Con Coef
            13.010000   0.173070E+02    0.033499    0.000000
             1.962000   0.418831E+01    0.234801    0.000000
             0.444600   0.137560E+01    0.813683    0.000000
             0.122000   0.521537E+00    0.000000    1.000000
 #--->p function
      Exp Coef          Norm Coef       Con Coef
             0.727000   0.195840E+01    1.000000
 

 Atomic label:  Cl  17
 Maximum L  2 12s8p1d ----> 4s3p1d NBF =  18
 #--->s function
      Exp Coef          Norm Coef       Con Coef
        127900.000000   0.170871E+05    0.000241   -0.000068    0.000038    0.000000
         19170.000000   0.411606E+04    0.001871   -0.000520    0.000291    0.000000
          4363.000000   0.135629E+04    0.009708   -0.002757    0.001534    0.000000
          1236.000000   0.526658E+03    0.039315   -0.011120    0.006255    0.000000
           403.600000   0.227498E+03    0.125930   -0.038475    0.021485    0.000000
           145.700000   0.105952E+03    0.299336   -0.099183    0.056986    0.000000
            56.810000   0.522798E+02    0.421879   -0.200781    0.115865    0.000000
            23.230000   0.267333E+02    0.237197   -0.129918    0.084710    0.000000
             6.644000   0.104553E+02    0.019153    0.507897   -0.403641    0.000000
             2.575000   0.513568E+01   -0.003348    0.608872   -0.752342    0.000000
             0.537100   0.158510E+01    0.000930    0.042027    1.175087    0.000000
             0.193800   0.737956E+00    0.000000    0.000000    0.000000    1.000000
 #--->p function
      Exp Coef          Norm Coef       Con Coef
           417.600000   0.550725E+04    0.005261   -0.002292    0.000000
            98.330000   0.903321E+03    0.039840   -0.017209    0.000000
            31.040000   0.213740E+03    0.164683   -0.075044    0.000000
            11.190000   0.597066E+02    0.387389   -0.177250    0.000000
             4.249000   0.177968E+02    0.457151   -0.244691    0.000000
             1.624000   0.534831E+01    0.151662    0.142817    0.000000
             0.532200   0.132611E+01    0.001816    0.925035    0.000000
             0.162000   0.299832E+00    0.000000    0.000000    1.000000
 #--->d function
      Exp Coef          Norm Coef       Con Coef
             0.600000   0.106732E+01    1.000000
 
 
 Atomic masses
   11.9967   11.9967   11.9967   11.9967   11.9967
   11.9967    1.0073    1.0073    1.0073    1.0073
   11.9967   11.9967   11.9967   11.9967    1.0073
   11.9967    1.0073   11.9967    1.0073    1.0073
   34.9689   34.9689

 Molecular center of mass
        -2.08295632     7.72406478     1.16874165

 Molecular center of nuclear charge
        -2.11117037     7.70774369     1.13615649
 [molesym]
 
 Auto decide molecular point group! Rotate coordinates into standard orientation!
 Threshold= 0.10000E-08 0.10000E-11 0.10000E-03
 
 zgeomsort being called!
gsym: C01 , noper=    1
 Exiting zgeomsort....
 Representation generated
  Binary group is observed ...
  Point group name C(1)                         1
  User set point group as C(1)    
  Largest Abelian Subgroup C(1)                         1
 Representation generated
 C|1|)|                     1
 Symmetry check OK
 Molecule has been symmetrized
  Number of symmery unique centers:                     22

|-------------------------------------------------------------------------------------------|

 Atom           Cartcoord(Bohr)                 Charge Basis Auxbas Uatom Nstab Alink  Mass
  C        4.972896     2.930355     1.419925     6.00    1     0     0     0   E     11.9967
  C        6.622307     1.084673     0.558861     6.00    1     0     0     0   E     11.9967
  C        5.631937    -1.182136    -0.298803     6.00    1     0     0     0   E     11.9967
  C        3.051617    -1.623000    -0.308019     6.00    1     0     0     0   E     11.9967
  C        1.391802     0.232148     0.558610     6.00    1     0     0     0   E     11.9967
  C        2.385668     2.515928     1.422730     6.00    1     0     0     0   E     11.9967
  H        5.717786     4.705523     2.108361     1.00    2     0     0     0   E      1.0073
  H        8.640367     1.391212     0.550388     1.00    2     0     0     0   E      1.0073
  H        2.342720    -3.397222    -1.024810     1.00    2     0     0     0   E      1.0073
  H        1.133085     3.964080     2.135771     1.00    2     0     0     0   E      1.0073
  C       -1.391794    -0.232182     0.558542     6.00    1     0     0     0   E     11.9967
  C       -3.051657     1.622960    -0.308035     6.00    1     0     0     0   E     11.9967
  C       -2.385617    -2.515936     1.422748     6.00    1     0     0     0   E     11.9967
  C       -5.631963     1.182199    -0.298823     6.00    1     0     0     0   E     11.9967
  H       -2.342477     3.397095    -1.024783     1.00    2     0     0     0   E      1.0073
  C       -4.972873    -2.930316     1.419932     6.00    1     0     0     0   E     11.9967
  H       -1.133123    -3.964139     2.135831     1.00    2     0     0     0   E      1.0073
  C       -6.622277    -1.084673     0.558859     6.00    1     0     0     0   E     11.9967
  H       -5.717806    -4.705446     2.108424     1.00    2     0     0     0   E      1.0073
  H       -8.640339    -1.391222     0.550409     1.00    2     0     0     0   E      1.0073
  Cl       7.663779    -3.522136    -1.405264    17.00    3     0     0     0   E     34.9689
  Cl      -7.663807     3.522135    -1.405251    17.00    3     0     0     0   E     34.9689
 
|--------------------------------------------------------------------------------------------|

Number of irreps:    1
IRREP:   1   1   1
DIMEN:   1   1   1

 Irreps of multipole moment operators ...
 Operator  Component    Irrep       Row
  Dipole       x           A           1
  Dipole       y           A           1
  Dipole       z           A           1
  Quadpole     xx          A           1
  Quadpole     xy          A           1
  Quadpole     yy          A           1
  Quadpole     xz          A           1
  Quadpole     yz          A           1
  Quadpole     zz          A           1
 
 Generate symmetry adapted orbital ...
 Print Multab
  1

|--------------------------------------------------|
         Symmetry adapted orbital                   

  Irrep : A 

Total number of basis functions:     244     244

  Irrep :     A
  Norb  :    244
|--------------------------------------------------|

Total number of shells:       58
 R max for this shell (Bohr)   12.5599999999998       9.691695042155263E-011
 R max for this shell (Bohr)   12.6699999999998       9.644888246466983E-011
 R max for this shell (Bohr)   6.99999999999994       9.556501796124278E-011
 R max for this shell (Bohr)   14.0099999999998       3.009977724958305E-010
 R max for this shell (Bohr)   5.92999999999996       9.975876222407632E-011
 R max for this shell (Bohr)   11.4099999999998       9.698100467202825E-011
 R max for this shell (Bohr)   12.2699999999998       9.780730793330455E-011
 R max for this shell (Bohr)   6.70999999999994       9.619579851317601E-011
 
Number of atoms:      22
Number of basis functions:     244
 
|******************************************************************************|
 
    Total cpu     time:          0.01  S
    Total system  time:          0.02  S
    Total wall    time:          0.03  S
 
    Current time   2022-05-04  12:58:29
    End running module compass
|******************************************************************************|
 
('tmpstdin ', True)
('npro is ', 1)
('\n BDF command: ', '/apps/users/lcz/bdf-pkg/bin/xuanyuan.x /scratch/2,7-dicl-dibenzene_546/2,7-dicl-dibenzeneXX1.xuanyuan.inp')
  BDF process        0 of        1 on Serial  
 
|******************************************************************************|
 
    Start running module xuanyuan
    Current time   2022-05-04  12:58:29
 
|******************************************************************************|

|-------------------------------------------------------------------------------------------|

 Atom           Cartcoord(Bohr)                 Charge Basis Auxbas Uatom Nstab Alink  Mass
  C        4.972896     2.930355     1.419925     6.00    1     0     1     1   E     11.9967
  C        6.622307     1.084673     0.558861     6.00    1     0     1     1   E     11.9967
  C        5.631937    -1.182136    -0.298803     6.00    1     0     1     1   E     11.9967
  C        3.051617    -1.623000    -0.308019     6.00    1     0     1     1   E     11.9967
  C        1.391802     0.232148     0.558610     6.00    1     0     1     1   E     11.9967
  C        2.385668     2.515928     1.422730     6.00    1     0     1     1   E     11.9967
  H        5.717786     4.705523     2.108361     1.00    2     0     1     1   E      1.0073
  H        8.640367     1.391212     0.550388     1.00    2     0     1     1   E      1.0073
  H        2.342720    -3.397222    -1.024810     1.00    2     0     1     1   E      1.0073
  H        1.133085     3.964080     2.135771     1.00    2     0     1     1   E      1.0073
  C       -1.391794    -0.232182     0.558542     6.00    1     0     1     1   E     11.9967
  C       -3.051657     1.622960    -0.308035     6.00    1     0     1     1   E     11.9967
  C       -2.385617    -2.515936     1.422748     6.00    1     0     1     1   E     11.9967
  C       -5.631963     1.182199    -0.298823     6.00    1     0     1     1   E     11.9967
  H       -2.342477     3.397095    -1.024783     1.00    2     0     1     1   E      1.0073
  C       -4.972873    -2.930316     1.419932     6.00    1     0     1     1   E     11.9967
  H       -1.133123    -3.964139     2.135831     1.00    2     0     1     1   E      1.0073
  C       -6.622277    -1.084673     0.558859     6.00    1     0     1     1   E     11.9967
  H       -5.717806    -4.705446     2.108424     1.00    2     0     1     1   E      1.0073
  H       -8.640339    -1.391222     0.550409     1.00    2     0     1     1   E      1.0073
  Cl       7.663779    -3.522136    -1.405264    17.00    3     0     1     1   E     34.9689
  Cl      -7.663807     3.522135    -1.405251    17.00    3     0     1     1   E     34.9689
 
|--------------------------------------------------------------------------------------------|

 $xuanyuan                                                                      
                                          
 $end                                                                           
                                          
  Mass polarization term:  F
 Total nuclear charge :        114.00
 Nuclear repulsion energy :     944.8190688836 a.u.

 Total number of primitive  basis sets :          450
 Total number of prim-cart  basis sets :          464
 Total number of contracted basis sets :          244

  Estimate memory for calculating 2e integrals...
 Minium memory to calculate ERIs:        7.784 M

[aoint_1e]
  Calculating one electron integrals ...
  S T and V integrals ....
  Dipole and Quadupole integrals ....
  Finish calculating one electron integrals ...
 
 ---------------------------------------------------------------
  Timing to calculate 1-electronic integrals                                      
 
  CPU TIME(S)      SYSTEM TIME(S)     WALL TIME(S)
          0.090            0.020               0.010
 ---------------------------------------------------------------
 
 Finish calculating 1e integral ...
 Direct SCF required. Skip 2e integral!
 Set significant shell pairs!

 Number of significant pairs:     1534
 Timing caluclate K2 integrals.
 CPU:       0.20 SYS:       0.04 WALL:       0.04
 lenk2                 33826                     9
|******************************************************************************|
 
    Total cpu     time:          0.35  S
    Total system  time:          0.07  S
    Total wall    time:          0.10  S
 
    Current time   2022-05-04  12:58:29
    End running module xuanyuan
|******************************************************************************|
 
('tmpstdin ', True)
('npro is ', 1)
('\n BDF command: ', '/apps/users/lcz/bdf-pkg/bin/scf.x /scratch/2,7-dicl-dibenzene_546/2,7-dicl-dibenzeneXX2.scf.inp')
  BDF process        0 of        1 on Serial  
 
|******************************************************************************|
 
    Start running module scf
    Current time   2022-05-04  12:58:29
 
|******************************************************************************|

|-------------------------------------------------------------------------------------------|

 Atom           Cartcoord(Bohr)                 Charge Basis Auxbas Uatom Nstab Alink  Mass
  C        4.972896     2.930355     1.419925     6.00    1     0     1     1   E     11.9967
  C        6.622307     1.084673     0.558861     6.00    1     0     1     1   E     11.9967
  C        5.631937    -1.182136    -0.298803     6.00    1     0     1     1   E     11.9967
  C        3.051617    -1.623000    -0.308019     6.00    1     0     1     1   E     11.9967
  C        1.391802     0.232148     0.558610     6.00    1     0     1     1   E     11.9967
  C        2.385668     2.515928     1.422730     6.00    1     0     1     1   E     11.9967
  H        5.717786     4.705523     2.108361     1.00    2     0     1     1   E      1.0073
  H        8.640367     1.391212     0.550388     1.00    2     0     1     1   E      1.0073
  H        2.342720    -3.397222    -1.024810     1.00    2     0     1     1   E      1.0073
  H        1.133085     3.964080     2.135771     1.00    2     0     1     1   E      1.0073
  C       -1.391794    -0.232182     0.558542     6.00    1     0     1     1   E     11.9967
  C       -3.051657     1.622960    -0.308035     6.00    1     0     1     1   E     11.9967
  C       -2.385617    -2.515936     1.422748     6.00    1     0     1     1   E     11.9967
  C       -5.631963     1.182199    -0.298823     6.00    1     0     1     1   E     11.9967
  H       -2.342477     3.397095    -1.024783     1.00    2     0     1     1   E      1.0073
  C       -4.972873    -2.930316     1.419932     6.00    1     0     1     1   E     11.9967
  H       -1.133123    -3.964139     2.135831     1.00    2     0     1     1   E      1.0073
  C       -6.622277    -1.084673     0.558859     6.00    1     0     1     1   E     11.9967
  H       -5.717806    -4.705446     2.108424     1.00    2     0     1     1   E      1.0073
  H       -8.640339    -1.391222     0.550409     1.00    2     0     1     1   E      1.0073
  Cl       7.663779    -3.522136    -1.405264    17.00    3     0     1     1   E     34.9689
  Cl      -7.663807     3.522135    -1.405251    17.00    3     0     1     1   E     34.9689
 
|--------------------------------------------------------------------------------------------|

  [ SCF control ] 
 $scf
 rks
 dft
 Exchange and Correlation functional(ALL): BLYP      
 grid
 $end
 
  --- PRINT: Information about SCF Calculation --- 
 ICTRL_FRAGSCF=  0
 IPRTMO=  1
 MAXITER=  100
 THRENE= 0.10E-07 THRDEN= 0.50E-05
 DAMP= 0.00 VSHIFT= 0.00
 IFDIIS= T
 THRDIIS= 0.10E+01
 MINDIIS=   2 MAXDIIS=   8
 iCHECK=  0
 iAUFBAU=  1
 INIGUESS=  0
 IfMPEC= F
 IfCOSX= F
 Occupation number:
  Without occupation number in input.

 Wave function information ...
 Total Nuclear charge    :     114
 Total electrons         :     114
 ECP-core electrons      :       0
 Spin multiplicity(2S+1) :       1
 Num. of alpha electrons :      57
 Num. of beta  electrons :      57
 

 Threshold in dft prescreening ...
 Thresh_shellvalue_dft :  0.10000E-09
 ThreshRho     :  0.10000E-11

  DFT options:
 upden=  1
 fullvxc=  0
  --- END:  Information about SCF Calculation  --- 
 
 The SMH converger is used...
 Numerical grid implemented by Yong Zhang 
 Finish scf input!

 DirectHF  T
 Number of significient shell pairs :     1534
 Estimate memory for direct ERI calculations:           8.164 M

 IF USE_LIBCINT :    F

 Nuclear repulsion energy =   944.81906888
 
 iniguess                     0                     0
 
 [ATOM SCF control]
  heff=                      0
 After initial atom grid ...
 Finish atom    1  C             -37.7880065263
 After initial atom grid ...
 Finish atom    2  H              -0.8060260041
 After initial atom grid ...
 Finish atom    3  Cl           -460.1306525646
 
 Superposition of atomic densities as initial guess.
 [dft_init]
 Switch to Ultra Coarse grid ...
   1  C     Second Kind Chebyshev ( 21)  Lebedev ( -194)         
   2  H     Second Kind Chebyshev ( 21)  Lebedev ( -194)         
   3  Cl    Second Kind Chebyshev ( 42)  Lebedev ( -194)         
  Partition Function:  SSF   Partitioning with Scalar=  0.64.
  Gtol, Npblock, Icoulpot, Iop_adaptive :  0.10E-05    128      0          0
 
  --- PRINT: Information about DFT Calculation --- 
 No. of ATOMS =         22
 No. of Shells =         0
 No. of Batches =        0
 No. of Grids =          0
 No. of Basis Functions =      244
 No. of Records for [basval] =               0
 Estimated DiskSpace for storage [basval] =           0.000M
 
 Max No. of Rad point per atom =     0
 Max No. of Ang point per atom =     0
 Max No. of Grids per batch =          0
 Max No. of Basis per shell =          0
 Max No. of Records in one batch =               0
 Estimated Mem for [basval] =      0.000M
 Estimated Mem for [func] in R-DFT =      0.000M
 Estimated Mem for [func] in U-DFT =      0.000M
 DirectGrid:        T
  --- END : Information about DFT Calculation --- 
 
 
  Initializing informations for ZY-Numerical Integration...
  Number of atoms     =      22
  Total Prim and Cont =     450    244
  Timing for ZY-NI-INIT:       0.040 S      0.000 S      0.010 S

 Time to calculate dft grid and perform basis seiving ...
 CPU:       0.330 S    Sys:       0.010 S    Wall:        0.040 S

 skipaocheck F F
 Check basis set linear dependence! Tolerance =   0.100000E-04

 Check basis set linear dependence! Tolerance =   0.100000E-04
 Threshold of basis set linear depedent tol_linear is :    0.100000E-04
 Solve HC=EC in pflmo space.  F       57      187
 Initial guess energy =  -1380.1655914779
 
 [scf_cycle_init_ecdenpot]
Meomory for coulpotential         0.00  G

 Start SCF iteration......


Iter.   idiis  vshift       SCF Energy            DeltaE          RMSDeltaD          MaxDeltaD      Damping    Times(S) 
   1      0    0.000   -1383.1503445197      -2.9847530418       0.0076494678       0.1825784913    0.0000      0.32
   2      1    0.000   -1377.9913811934       5.1589633263       0.0018358212       0.0486054534    0.0000      1.95
   3      2    0.000   -1378.1177923449      -0.1264111515       0.0006914632       0.0252838126    0.0000      1.91
  Turn on DFT calculation ...
  Turn off incremental Fock calculation ...
   4      1    0.000   -1382.2535350725      -4.1357427276       0.0039837838       0.1060939596    0.0000      1.88
   5      2    0.000   -1382.3309313862      -0.0773963137       0.0008470486       0.0230584010    0.0000      1.90
   6      3    0.000   -1382.3382942225      -0.0073628363       0.0004040483       0.0099461933    0.0000      1.82
 Switch to Ultra Fine grid ...
   1  C     Second Kind Chebyshev (100)  Lebedev (-1202)         
   2  H     Second Kind Chebyshev (100)  Lebedev (-1202)         
   3  Cl    Second Kind Chebyshev (125)  Lebedev (-1454)         
  Partition Function:  SSF   Partitioning with Scalar=  0.64.
  Gtol, Npblock, Icoulpot, Iop_adaptive :  0.10E-05    128      0          0

 Time to calculate dft grid and perform basis seiving ...
 CPU:       8.230 S    Sys:       0.100 S    Wall:        1.050 S

 [scf_cycle_init_ecdenpot]
Meomory for coulpotential         0.08  G
   7      1    0.000   -1382.3169948260       0.0212993965       0.0001031690       0.0033940256    0.0000      3.56
   8      2    0.000   -1382.3170053232      -0.0000104972       0.0000520272       0.0020412574    0.0000      2.43
   9      3    0.000   -1382.3170944784      -0.0000891552       0.0000100350       0.0002774272    0.0000      2.55
  10      4    0.000   -1382.3170973449      -0.0000028665       0.0000015779       0.0000540974    0.0000      2.52
  11      5    0.000   -1382.3170973921      -0.0000000473       0.0000005668       0.0000195004    0.0000      2.51
  12      6    0.000   -1382.3170973979      -0.0000000058       0.0000002302       0.0000077347    0.0000      2.44
 diis/vshift is closed at iter =  12
  13      0    0.000   -1382.3170973987      -0.0000000008       0.0000001519       0.0000036069    0.0000      2.68

  Label              CPU Time        SYS Time        Wall Time
 SCF iteration time:       228.420 S        0.510 S       28.690 S

 Final DeltaE = -7.630660547874868E-010
 Final DeltaD =  1.518625891444492E-007  5.000000000000000E-005
 
 Final scf result
   E_tot =             -1382.31709740
   E_ele =             -2327.13616628
   E_nn  =               944.81906888
   E_1e  =             -3771.06429056
   E_ne  =             -5148.94200262
   E_kin =              1377.87771205
   E_ee  =              1568.44993398
   E_xc  =              -124.52180970
  Virial Theorem      2.003222
 

 [Final occupation pattern: ]
 
 Irreps:        A   
 
 detailed occupation for iden/irep:      1   1
    1.00 1.00 1.00 1.00 1.00 1.00 1.00 1.00 1.00 1.00
    1.00 1.00 1.00 1.00 1.00 1.00 1.00 1.00 1.00 1.00
    1.00 1.00 1.00 1.00 1.00 1.00 1.00 1.00 1.00 1.00
    1.00 1.00 1.00 1.00 1.00 1.00 1.00 1.00 1.00 1.00
    1.00 1.00 1.00 1.00 1.00 1.00 1.00 1.00 1.00 1.00
    1.00 1.00 1.00 1.00 1.00 1.00 1.00 0.00 0.00 0.00
    0.00 0.00 0.00 0.00 0.00 0.00 0.00 0.00 0.00 0.00
    0.00 0.00 0.00 0.00 0.00 0.00 0.00 0.00 0.00 0.00
    0.00 0.00 0.00 0.00 0.00 0.00 0.00 0.00 0.00 0.00
    0.00 0.00 0.00 0.00 0.00 0.00 0.00 0.00 0.00 0.00
    0.00 0.00 0.00 0.00 0.00 0.00 0.00 0.00 0.00 0.00
    0.00 0.00 0.00 0.00 0.00 0.00 0.00 0.00 0.00 0.00
    0.00 0.00 0.00 0.00 0.00 0.00 0.00 0.00 0.00 0.00
    0.00 0.00 0.00 0.00 0.00 0.00 0.00 0.00 0.00 0.00
    0.00 0.00 0.00 0.00 0.00 0.00 0.00 0.00 0.00 0.00
    0.00 0.00 0.00 0.00 0.00 0.00 0.00 0.00 0.00 0.00
    0.00 0.00 0.00 0.00 0.00 0.00 0.00 0.00 0.00 0.00
    0.00 0.00 0.00 0.00 0.00 0.00 0.00 0.00 0.00 0.00
    0.00 0.00 0.00 0.00 0.00 0.00 0.00 0.00 0.00 0.00
    0.00 0.00 0.00 0.00 0.00 0.00 0.00 0.00 0.00 0.00
    0.00 0.00 0.00 0.00 0.00 0.00 0.00 0.00 0.00 0.00
    0.00 0.00 0.00 0.00 0.00 0.00 0.00 0.00 0.00 0.00
    0.00 0.00 0.00 0.00 0.00 0.00 0.00 0.00 0.00 0.00
    0.00 0.00 0.00 0.00 0.00 0.00 0.00 0.00 0.00 0.00
    0.00 0.00 0.00 0.00
 Alpha      57.00
 

 [Orbital energies:]

 Energy of occ-orbs:    A            57
            -100.74679626    -100.74678426      -9.98385653      -9.98385270      -9.94783438
              -9.94772455      -9.93849559      -9.93849056      -9.93797616      -9.93797320
              -9.93783738      -9.93783675      -9.93397825      -9.93397704      -9.17733187
              -9.17732621      -7.01031530      -7.01030955      -6.99932583      -6.99932007
              -6.99871071      -6.99870515      -0.81707484      -0.81047857      -0.77261272
              -0.75437575      -0.70804230      -0.67718954      -0.66246051      -0.65665836
              -0.57627688      -0.55898055      -0.53623245      -0.52221178      -0.47856428
              -0.45597670      -0.43310650      -0.42240855      -0.41130227      -0.40101530
              -0.38681728      -0.38443926      -0.38233598      -0.35696914      -0.34966076
              -0.33750065      -0.32548996      -0.31456665      -0.30971718      -0.29805545
              -0.28732774      -0.26714423      -0.26458047      -0.24942828      -0.22395531
              -0.21804800      -0.20957653
 Energy of vir-orbs:    A           187
              -0.06310884      -0.04257534      -0.04235137      -0.01880797       0.00393815
               0.00854584       0.05336724       0.05559498       0.08015304       0.08601610
               0.09049154       0.10218431       0.10310656       0.11391255       0.11873735
               0.13933469       0.19900344       0.20725948       0.21862230       0.23713506
               0.25634171       0.25938606       0.26520212       0.29303497       0.30328235
               0.33648289       0.33730491       0.36817547       0.36876095       0.41612757
               0.41664669       0.41786328       0.42273024       0.43300535       0.44114781
               0.44491535       0.44926949       0.45060601       0.45492257       0.46025847
               0.46578888       0.46640885       0.47240440       0.47597353       0.48027465
               0.48739969       0.49673537       0.49903301       0.50490695       0.51697581
               0.51954428       0.53989066       0.54829996       0.55188242       0.56173267
               0.56644097       0.57769907       0.59973283       0.60242659       0.60379358
               0.60777907       0.61312470       0.62627448       0.63204557       0.63329377
               0.66335351       0.66540776       0.67726237       0.67983654       0.68679714
               0.69845083       0.70346937       0.73425141       0.74181921       0.76298176
               0.78484209       0.78735261       0.82672785       0.83357260       0.83487214
               0.85338955       0.87334747       0.87562866       0.87566787       0.88829973
               0.90574264       0.90860792       0.93708837       0.93950606       0.96900357
               0.97015133       0.97628369       0.98223513       0.99702906       1.00462971
               1.01464600       1.02164564       1.02517352       1.02884792       1.05238789
               1.06624000       1.07322869       1.13963067       1.16352195       1.16515990
               1.17181619       1.19026187       1.19429671       1.24752334       1.26752617
               1.29872054       1.34391897       1.34769123       1.37102277       1.40875155
               1.41050818       1.43621615       1.44040103       1.45761978       1.45801687
               1.46454746       1.48629061       1.48891194       1.54320442       1.54681285
               1.56093104       1.57386100       1.57919470       1.58763905       1.59187701
               1.59876631       1.60302906       1.61978837       1.62405342       1.63830366
               1.64836530       1.66927806       1.68684893       1.70448691       1.70678808
               1.71928661       1.74218998       1.74346478       1.76003801       1.76977270
               1.79437164       1.80271630       1.80869371       1.81710346       1.82619368
               1.82778003       1.84979252       1.85715329       1.86525100       1.88161334
               1.92584109       1.94621176       1.96051852       1.96194491       2.01847683
               2.04329909       2.05545077       2.09391619       2.14408577       2.14751785
               2.15042214       2.17428777       2.27984528       2.29185687       2.33450491
               2.34048031       2.35146866       2.37253242       2.44329318       2.47035646
               2.48665915       2.59488834       2.61456645       2.61967141       2.64453045
               2.69048662       2.71472527       2.72288608       2.80343579       2.84811732
               3.32876348       3.44867805
 
 Alpha   HOMO energy:      -0.20957653 au      -5.70286997 eV  Irrep: A       
 Alpha   LUMO energy:      -0.06310884 au      -1.71727956 eV  Irrep: A       
 HOMO-LUMO gap:       0.14646769 au       3.98559042 eV
 
 Frontier orbitals of each irrep:
 
  Symmetry   1 A       
 
         Orbital                52             53             54             55             56             57
         Energy             -0.26714       -0.26458       -0.24943       -0.22396       -0.21805       -0.20958
         Occ No.             2.00000        2.00000        2.00000        2.00000        2.00000        2.00000
      1 1C|1S0              -0.00045        0.00041       -0.00029        0.00016       -0.00014        0.00017
      2 1C|2S0              -0.01486        0.01995        0.00668       -0.00464        0.00034        0.00485
      3 1C|3S0              -0.03433        0.04845        0.02682       -0.01669        0.00537        0.01119
      4 1C|2P-1              0.04892       -0.03765        0.07938        0.08045        0.04705       -0.00780
      5 1C|3P-1              0.01823       -0.00726        0.05750        0.04242        0.02690       -0.00300
      6 1C|2P0               0.00793       -0.04556       -0.21009       -0.19024       -0.10984        0.00507
      7 1C|3P0               0.00217       -0.02305       -0.12895       -0.12706       -0.07108        0.00476
      8 1C|2P1              -0.01727       -0.01214       -0.03699        0.00350       -0.00904       -0.00935
      9 1C|3P1              -0.03757        0.02149       -0.03951        0.00781       -0.00046       -0.00878
     10 1C|3D-2              0.00211       -0.00235        0.00137        0.00048       -0.00397       -0.00843
     11 1C|3D-1              0.00193       -0.00155        0.00527        0.00191       -0.00218       -0.00449
     12 1C|3D0               0.00026        0.00082        0.00520        0.00146       -0.00324       -0.00564
     13 1C|3D1               0.00101       -0.00152       -0.00580       -0.00027        0.01086        0.01588
     14 1C|3D2              -0.00361        0.00510        0.00323        0.00053       -0.00078       -0.00091
     15 2C|1S0              -0.00038       -0.00018        0.00012        0.00017        0.00002        0.00012
     16 2C|2S0               0.03218       -0.03163        0.00364        0.00205       -0.00247        0.00271
     17 2C|3S0               0.05444       -0.04645        0.00061       -0.00509       -0.00815       -0.00212
     18 2C|2P-1             -0.07723        0.08937        0.08260        0.04280       -0.03455       -0.08992
     19 2C|3P-1              0.01308       -0.00643        0.06817        0.02713       -0.02645       -0.05637
     20 2C|2P0              -0.04269        0.00820       -0.21668       -0.10277        0.08785        0.21703
     21 2C|3P0              -0.00128       -0.01894       -0.12667       -0.07297        0.05362        0.15066
     22 2C|2P1               0.00339        0.00429       -0.01104       -0.01286        0.00957        0.01209
     23 2C|3P1               0.00522       -0.00936       -0.00878       -0.00554        0.00885        0.00879
     24 2C|3D-2              0.00030       -0.00042       -0.00401       -0.00117       -0.00015       -0.00023
     25 2C|3D-1             -0.00032       -0.00100       -0.00475       -0.00834       -0.00948       -0.00536
     26 2C|3D0               0.00160       -0.00287       -0.00432       -0.00738       -0.00791       -0.00394
     27 2C|3D1               0.00105        0.00034        0.00574        0.00211       -0.00114       -0.00280
     28 2C|3D2              -0.00337        0.00470       -0.00099       -0.00496       -0.00450       -0.00240
     29 3C|1S0              -0.00006       -0.00001        0.00025        0.00026       -0.00052        0.00015
     30 3C|2S0               0.00577        0.00342       -0.00912        0.00460        0.00376       -0.00771
     31 3C|3S0               0.00769        0.00750       -0.02991        0.00686        0.02579       -0.02717
     32 3C|2P-1              0.05249       -0.05530        0.01610       -0.04293       -0.08228       -0.06255
     33 3C|3P-1              0.02829       -0.03267        0.02496       -0.02525       -0.05116       -0.02581
     34 3C|2P0               0.01600       -0.02163       -0.03340        0.10827        0.19256        0.15985
     35 3C|3P0               0.00807       -0.01128       -0.01393        0.06675        0.11641        0.10220
     36 3C|2P1               0.05727       -0.08226        0.01669        0.00420        0.00395        0.02482
     37 3C|3P1               0.03445       -0.04739        0.02788        0.00346       -0.00903        0.02415
     38 3C|3D-2              0.00527       -0.00354        0.00121        0.00780        0.00457       -0.00162
     39 3C|3D-1              0.00662       -0.00898       -0.00978       -0.00434        0.00432        0.00999
     40 3C|3D0               0.00215       -0.00348       -0.00776       -0.00068        0.00501        0.00757
     41 3C|3D1               0.00375       -0.00303       -0.00943       -0.01694       -0.00959        0.00428
     42 3C|3D2              -0.02071        0.01905       -0.00792       -0.00325        0.00214        0.00469
     43 4C|1S0               0.00036        0.00002       -0.00061       -0.00052        0.00093       -0.00038
     44 4C|2S0              -0.03916        0.02874        0.01389       -0.00686       -0.00559        0.01495
     45 4C|3S0              -0.06919        0.03557        0.05104       -0.00911       -0.03923        0.03379
     46 4C|2P-1              0.00767       -0.02113       -0.03418       -0.12336       -0.06826        0.01505
     47 4C|3P-1             -0.00100       -0.01605       -0.03236       -0.09182       -0.04629       -0.00537
     48 4C|2P0               0.00987       -0.00761        0.14976        0.25308        0.17042       -0.02336
     49 4C|3P0               0.00157       -0.00244        0.09140        0.16159        0.11229       -0.03280
     50 4C|2P1              -0.06510        0.09579       -0.02915        0.02819        0.02469       -0.02794
     51 4C|3P1               0.02373       -0.01052        0.01968        0.01595       -0.00257        0.01309
     52 4C|3D-2              0.00140       -0.00084        0.00261        0.00065       -0.00397       -0.00553
     53 4C|3D-1              0.00186       -0.00317        0.00286        0.00401        0.00017       -0.00397
     54 4C|3D0              -0.00146        0.00117        0.00425        0.00325       -0.00140       -0.00352
     55 4C|3D1               0.00008       -0.00125       -0.00814        0.00162        0.01006        0.01197
     56 4C|3D2              -0.00120        0.00523        0.00222        0.00210        0.00173       -0.00154
     57 5C|1S0              -0.00037       -0.00014        0.00058       -0.00177        0.00139       -0.00113
     58 5C|2S0               0.02523       -0.00481        0.00205       -0.00143        0.00368       -0.00137
     59 5C|3S0               0.07249        0.00712       -0.00389        0.04436       -0.00693        0.02968
     60 5C|2P-1             -0.01487       -0.00147       -0.11541       -0.03598        0.02532        0.05019
     61 5C|3P-1             -0.04161        0.02511       -0.05860       -0.01218        0.00174        0.02787
     62 5C|2P0              -0.00235        0.02012        0.17510        0.13137       -0.04520       -0.18013
     63 5C|3P0              -0.01704        0.01887        0.10497        0.08373       -0.02941       -0.10232
     64 5C|2P1               0.01010       -0.08776        0.01830        0.00251       -0.01139       -0.01024
     65 5C|3P1              -0.01818       -0.01819        0.00751        0.02303        0.00026        0.00292
     66 5C|3D-2              0.00044        0.00110       -0.00860       -0.00036       -0.00007       -0.00393
     67 5C|3D-1              0.00051       -0.00160       -0.00612       -0.00843       -0.01043       -0.00793
     68 5C|3D0               0.00097       -0.00146       -0.00462       -0.00874       -0.01079       -0.00493
     69 5C|3D1               0.00030       -0.00124       -0.00725        0.01243        0.00453       -0.01281
     70 5C|3D2              -0.00296        0.00506        0.00050       -0.00712       -0.00506       -0.00261
     71 6C|1S0              -0.00029       -0.00002        0.00084       -0.00012       -0.00002       -0.00009
     72 6C|2S0              -0.00192       -0.00123       -0.01807        0.01303        0.00188       -0.01177
     73 6C|3S0               0.00491       -0.01040       -0.05392        0.01358        0.01378       -0.02517
     74 6C|2P-1             -0.00431        0.02346        0.03636        0.02464        0.06645        0.10614
     75 6C|3P-1             -0.01270        0.02082       -0.00060        0.04960        0.04653        0.07183
     76 6C|2P0              -0.00786       -0.00260       -0.01297       -0.07349       -0.18923       -0.20383
     77 6C|3P0              -0.00800        0.00158       -0.01226       -0.03474       -0.13014       -0.14383
     78 6C|2P1              -0.00164        0.02436        0.03153       -0.02923       -0.01130        0.00061
     79 6C|3P1              -0.01606        0.01202       -0.00998       -0.00005       -0.01061       -0.01077
     80 6C|3D-2              0.00295        0.00087        0.00387        0.00322        0.00224       -0.00190
     81 6C|3D-1              0.00086       -0.00245       -0.00724       -0.00720       -0.00031        0.00582
     82 6C|3D0              -0.00012       -0.00084       -0.00545       -0.00285       -0.00003        0.00396
     83 6C|3D1               0.00063       -0.00190       -0.01419       -0.01000       -0.00247        0.00363
     84 6C|3D2              -0.00257        0.00489       -0.00426       -0.00407        0.00087        0.00369
     85 7H|1S0               0.03335       -0.04560       -0.01221        0.00474        0.00156       -0.00741
     86 7H|2S0               0.03129       -0.04153       -0.01090        0.00807        0.00132       -0.00732
     87 7H|2P-1              0.00029        0.00058        0.00337        0.00307        0.00194       -0.00014
     88 7H|2P0              -0.00034       -0.00087       -0.00769       -0.00745       -0.00437        0.00025
     89 7H|2P1              -0.00052       -0.00022       -0.00059       -0.00023       -0.00048       -0.00018
     90 8H|1S0               0.00365        0.00950        0.00463       -0.00596        0.00309       -0.00122
     91 8H|2S0              -0.03253        0.04384       -0.00094       -0.00456        0.00269       -0.00259
     92 8H|2P-1             -0.00088        0.00129        0.00309        0.00176       -0.00119       -0.00339
     93 8H|2P0              -0.00060       -0.00055       -0.00789       -0.00419        0.00302        0.00821
     94 8H|2P1              -0.00206        0.00169       -0.00079       -0.00024        0.00012        0.00052
     95 9H|1S0              -0.00432       -0.00932       -0.00406        0.00298       -0.00845        0.00682
     96 9H|2S0               0.03607       -0.04787       -0.01116       -0.01184        0.00796       -0.02189
     97 9H|2P-1             -0.00207        0.00117       -0.00162       -0.00459       -0.00302        0.00136
     98 9H|2P0              -0.00070        0.00076        0.00568        0.00920        0.00607       -0.00073
     99 9H|2P1              -0.00073        0.00168       -0.00024        0.00059       -0.00021        0.00067
    100 10H|1S0             -0.00926       -0.00438       -0.00392        0.00887       -0.00759       -0.00094
    101 10H|2S0             -0.00453       -0.00481        0.01903       -0.02673       -0.00230        0.00184
    102 10H|2P-1             0.00017        0.00057        0.00143        0.00064        0.00293        0.00405
    103 10H|2P0             -0.00015       -0.00012       -0.00026       -0.00323       -0.00721       -0.00752
    104 10H|2P1              0.00006        0.00089       -0.00040        0.00071       -0.00129       -0.00116
    105 11C|1S0              0.00037       -0.00014        0.00058        0.00177        0.00139        0.00113
    106 11C|2S0             -0.02523       -0.00479        0.00204        0.00143        0.00369        0.00137
    107 11C|3S0             -0.07248        0.00719       -0.00391       -0.04434       -0.00693       -0.02969
    108 11C|2P-1            -0.01486        0.00149        0.11541       -0.03598       -0.02531        0.05020
    109 11C|3P-1            -0.04163       -0.02506        0.05859       -0.01218       -0.00173        0.02787
    110 11C|2P0              0.00236        0.02012        0.17508       -0.13137       -0.04521        0.18014
    111 11C|3P0              0.01705        0.01886        0.10496       -0.08373       -0.02942        0.10233
    112 11C|2P1              0.01020        0.08774       -0.01830        0.00252        0.01139       -0.01026
    113 11C|3P1             -0.01816        0.01820       -0.00753        0.02303       -0.00023        0.00291
    114 11C|3D-2            -0.00044        0.00110       -0.00860        0.00036       -0.00007        0.00393
    115 11C|3D-1             0.00051        0.00160        0.00612       -0.00843        0.01043       -0.00793
    116 11C|3D0             -0.00098       -0.00145       -0.00461        0.00875       -0.01079        0.00493
    117 11C|3D1              0.00030        0.00124        0.00725        0.01243       -0.00453       -0.01281
    118 11C|3D2              0.00297        0.00505        0.00050        0.00712       -0.00506        0.00261
    119 12C|1S0             -0.00036        0.00002       -0.00061        0.00052        0.00093        0.00038
    120 12C|2S0              0.03919        0.02870        0.01390        0.00685       -0.00559       -0.01495
    121 12C|3S0              0.06921        0.03550        0.05103        0.00911       -0.03922       -0.03378
    122 12C|2P-1             0.00769        0.02112        0.03417       -0.12338        0.06824        0.01504
    123 12C|3P-1            -0.00099        0.01605        0.03236       -0.09183        0.04626       -0.00538
    124 12C|2P0             -0.00987       -0.00759        0.14974       -0.25313        0.17038        0.02334
    125 12C|3P0             -0.00157       -0.00244        0.09138       -0.16162        0.11227        0.03278
    126 12C|2P1             -0.06520       -0.09572        0.02916        0.02818       -0.02469       -0.02793
    127 12C|3P1              0.02375        0.01050       -0.01967        0.01594        0.00258        0.01309
    128 12C|3D-2            -0.00141       -0.00084        0.00261       -0.00065       -0.00397        0.00553
    129 12C|3D-1             0.00187        0.00316       -0.00286        0.00401       -0.00017       -0.00397
    130 12C|3D0              0.00146        0.00117        0.00425       -0.00325       -0.00140        0.00352
    131 12C|3D1              0.00008        0.00125        0.00814        0.00162       -0.01006        0.01198
    132 12C|3D2              0.00120        0.00523        0.00222       -0.00210        0.00173        0.00153
    133 13C|1S0              0.00029       -0.00002        0.00085        0.00012       -0.00002        0.00009
    134 13C|2S0              0.00192       -0.00123       -0.01807       -0.01302        0.00187        0.01178
    135 13C|3S0             -0.00492       -0.01039       -0.05393       -0.01358        0.01379        0.02517
    136 13C|2P-1            -0.00435       -0.02346       -0.03636        0.02465       -0.06644        0.10616
    137 13C|3P-1            -0.01272       -0.02081        0.00059        0.04960       -0.04651        0.07184
    138 13C|2P0              0.00786       -0.00261       -0.01296        0.07352       -0.18919        0.20385
    139 13C|3P0              0.00800        0.00157       -0.01226        0.03477       -0.13013        0.14384
    140 13C|2P1             -0.00168       -0.02436       -0.03153       -0.02924        0.01130        0.00062
    141 13C|3P1             -0.01608       -0.01201        0.00999       -0.00006        0.01060       -0.01077
    142 13C|3D-2            -0.00295        0.00087        0.00387       -0.00322        0.00224        0.00190
    143 13C|3D-1             0.00086        0.00245        0.00724       -0.00720        0.00031        0.00582
    144 13C|3D0              0.00012       -0.00084       -0.00545        0.00285       -0.00003       -0.00396
    145 13C|3D1              0.00063        0.00190        0.01419       -0.01000        0.00247        0.00363
    146 13C|3D2              0.00258        0.00489       -0.00426        0.00407        0.00087       -0.00369
    147 14C|1S0              0.00006       -0.00001        0.00025       -0.00026       -0.00052       -0.00015
    148 14C|2S0             -0.00576        0.00342       -0.00912       -0.00460        0.00376        0.00771
    149 14C|3S0             -0.00768        0.00751       -0.02990       -0.00686        0.02578        0.02716
    150 14C|2P-1             0.05255        0.05526       -0.01611       -0.04294        0.08227       -0.06256
    151 14C|3P-1             0.02832        0.03265       -0.02497       -0.02525        0.05115       -0.02582
    152 14C|2P0             -0.01603       -0.02162       -0.03341       -0.10831        0.19253       -0.15987
    153 14C|3P0             -0.00808       -0.01127       -0.01393       -0.06678        0.11638       -0.10221
    154 14C|2P1              0.05735        0.08221       -0.01669        0.00421       -0.00395        0.02482
    155 14C|3P1              0.03451        0.04736       -0.02787        0.00346        0.00903        0.02414
    156 14C|3D-2            -0.00527       -0.00353        0.00121       -0.00780        0.00457        0.00162
    157 14C|3D-1             0.00663        0.00897        0.00978       -0.00434       -0.00432        0.00999
    158 14C|3D0             -0.00216       -0.00348       -0.00776        0.00068        0.00501       -0.00757
    159 14C|3D1              0.00375        0.00303        0.00943       -0.01694        0.00959        0.00428
    160 14C|3D2              0.02073        0.01903       -0.00792        0.00325        0.00214       -0.00469
    161 15H|1S0              0.00430       -0.00933       -0.00406       -0.00298       -0.00845       -0.00681
    162 15H|2S0             -0.03612       -0.04783       -0.01116        0.01184        0.00797        0.02189
    163 15H|2P-1            -0.00207       -0.00117        0.00162       -0.00459        0.00302        0.00136
    164 15H|2P0              0.00070        0.00076        0.00568       -0.00921        0.00607        0.00073
    165 15H|2P1             -0.00073       -0.00168        0.00024        0.00059        0.00021        0.00067
    166 16C|1S0              0.00045        0.00041       -0.00029       -0.00016       -0.00014       -0.00017
    167 16C|2S0              0.01488        0.01994        0.00668        0.00464        0.00034       -0.00485
    168 16C|3S0              0.03437        0.04841        0.02683        0.01669        0.00536       -0.01119
    169 16C|2P-1             0.04896        0.03761       -0.07939        0.08047       -0.04704       -0.00780
    170 16C|3P-1             0.01823        0.00724       -0.05750        0.04244       -0.02690       -0.00300
    171 16C|2P0             -0.00798       -0.04556       -0.21008        0.19027       -0.10980       -0.00506
    172 16C|3P0             -0.00219       -0.02305       -0.12894        0.12708       -0.07106       -0.00475
    173 16C|2P1             -0.01725        0.01216        0.03699        0.00350        0.00903       -0.00936
    174 16C|3P1             -0.03759       -0.02146        0.03951        0.00781        0.00045       -0.00878
    175 16C|3D-2            -0.00211       -0.00235        0.00137       -0.00048       -0.00397        0.00843
    176 16C|3D-1             0.00194        0.00155       -0.00527        0.00191        0.00218       -0.00449
    177 16C|3D0             -0.00026        0.00082        0.00520       -0.00146       -0.00324        0.00564
    178 16C|3D1              0.00101        0.00152        0.00580       -0.00027       -0.01086        0.01588
    179 16C|3D2              0.00361        0.00510        0.00323       -0.00053       -0.00078        0.00091
    180 17H|1S0              0.00926       -0.00438       -0.00392       -0.00887       -0.00758        0.00094
    181 17H|2S0              0.00452       -0.00481        0.01903        0.02673       -0.00229       -0.00184
    182 17H|2P-1             0.00017       -0.00057       -0.00143        0.00064       -0.00293        0.00405
    183 17H|2P0              0.00015       -0.00012       -0.00026        0.00323       -0.00720        0.00752
    184 17H|2P1              0.00006       -0.00089        0.00040        0.00071        0.00129       -0.00116
    185 18C|1S0              0.00038       -0.00018        0.00012       -0.00017        0.00002       -0.00011
    186 18C|2S0             -0.03221       -0.03160        0.00364       -0.00205       -0.00247       -0.00271
    187 18C|3S0             -0.05449       -0.04640        0.00061        0.00509       -0.00814        0.00212
    188 18C|2P-1            -0.07733       -0.08931       -0.08260        0.04280        0.03454       -0.08992
    189 18C|3P-1             0.01308        0.00641       -0.06817        0.02713        0.02644       -0.05637
    190 18C|2P0              0.04270        0.00815       -0.21668        0.10277        0.08784       -0.21704
    191 18C|3P0              0.00126       -0.01895       -0.12666        0.07297        0.05362       -0.15066
    192 18C|2P1              0.00338       -0.00429        0.01104       -0.01286       -0.00957        0.01209
    193 18C|3P1              0.00523        0.00935        0.00878       -0.00553       -0.00884        0.00879
    194 18C|3D-2            -0.00030       -0.00042       -0.00401        0.00117       -0.00015        0.00023
    195 18C|3D-1            -0.00031        0.00100        0.00475       -0.00834        0.00948       -0.00536
    196 18C|3D0             -0.00160       -0.00287       -0.00432        0.00739       -0.00791        0.00394
    197 18C|3D1              0.00105       -0.00034       -0.00574        0.00211        0.00114       -0.00280
    198 18C|3D2              0.00337        0.00470       -0.00099        0.00496       -0.00450        0.00240
    199 19H|1S0             -0.03341       -0.04558       -0.01221       -0.00475        0.00155        0.00741
    200 19H|2S0             -0.03134       -0.04151       -0.01090       -0.00807        0.00132        0.00732
    201 19H|2P-1             0.00029       -0.00058       -0.00337        0.00307       -0.00194       -0.00014
    202 19H|2P0              0.00034       -0.00087       -0.00769        0.00745       -0.00437       -0.00024
    203 19H|2P1             -0.00052        0.00022        0.00059       -0.00023        0.00048       -0.00018
    204 20H|1S0             -0.00363        0.00951        0.00463        0.00597        0.00309        0.00121
    205 20H|2S0              0.03258        0.04382       -0.00094        0.00457        0.00269        0.00259
    206 20H|2P-1            -0.00088       -0.00129       -0.00309        0.00176        0.00119       -0.00339
    207 20H|2P0              0.00060       -0.00055       -0.00789        0.00419        0.00302       -0.00821
    208 20H|2P1             -0.00206       -0.00168        0.00079       -0.00024       -0.00012        0.00052
    209 21Cl|1S0            -0.00004       -0.00003        0.00003       -0.00003        0.00000       -0.00003
    210 21Cl|2S0            -0.00032       -0.00021        0.00028       -0.00026       -0.00001       -0.00015
    211 21Cl|3S0            -0.00096       -0.00058        0.00156       -0.00116       -0.00038        0.00106
    212 21Cl|4S0            -0.00101       -0.00030        0.00331       -0.00092       -0.00019        0.00536
    213 21Cl|2P-1            0.00158       -0.00143        0.00036       -0.00017       -0.00026        0.00003
    214 21Cl|3P-1           -0.26376        0.22806       -0.05093        0.05969        0.09580        0.07037
    215 21Cl|4P-1           -0.20682        0.18057       -0.04242        0.05040        0.08300        0.06061
    216 21Cl|2P0             0.00042       -0.00062       -0.00038        0.00042        0.00049        0.00025
    217 21Cl|3P0            -0.07432        0.09882        0.07982       -0.14472       -0.23299       -0.16739
    218 21Cl|4P0            -0.05804        0.07806        0.06507       -0.12329       -0.19870       -0.14424
    219 21Cl|2P1             0.00208       -0.00200        0.00008        0.00004       -0.00001       -0.00002
    220 21Cl|3P1            -0.32581        0.32858       -0.04053        0.00254       -0.01042       -0.02380
    221 21Cl|4P1            -0.25542        0.25994       -0.03483        0.00145       -0.00734       -0.02317
    222 21Cl|3D-2           -0.00109        0.00132        0.00027        0.00250        0.00368        0.00280
    223 21Cl|3D-1           -0.00252        0.00192       -0.00154        0.00196        0.00630        0.00731
    224 21Cl|3D0            -0.00071        0.00079       -0.00107        0.00242        0.00657        0.00696
    225 21Cl|3D1            -0.00120        0.00052       -0.00185       -0.00588       -0.00756       -0.00461
    226 21Cl|3D2             0.00681       -0.00491       -0.00062        0.00084        0.00296        0.00287
    227 22Cl|1S0             0.00004       -0.00003        0.00003        0.00003        0.00000        0.00003
    228 22Cl|2S0             0.00032       -0.00021        0.00028        0.00026       -0.00001        0.00015
    229 22Cl|3S0             0.00096       -0.00058        0.00156        0.00116       -0.00038       -0.00106
    230 22Cl|4S0             0.00101       -0.00030        0.00331        0.00092       -0.00019       -0.00535
    231 22Cl|2P-1            0.00159        0.00143       -0.00036       -0.00017        0.00026        0.00003
    232 22Cl|3P-1           -0.26398       -0.22781        0.05094        0.05971       -0.09577        0.07038
    233 22Cl|4P-1           -0.20700       -0.18037        0.04243        0.05041       -0.08298        0.06061
    234 22Cl|2P0            -0.00042       -0.00062       -0.00038       -0.00042        0.00049       -0.00025
    235 22Cl|3P0             0.07442        0.09876        0.07982        0.14476       -0.23294        0.16741
    236 22Cl|4P0             0.05812        0.07801        0.06507        0.12333       -0.19865        0.14426
    237 22Cl|2P1             0.00208        0.00200       -0.00008        0.00004        0.00001       -0.00002
    238 22Cl|3P1            -0.32612       -0.32825        0.04053        0.00253        0.01042       -0.02380
    239 22Cl|4P1            -0.25566       -0.25968        0.03484        0.00144        0.00734       -0.02316
    240 22Cl|3D-2            0.00109        0.00132        0.00027       -0.00250        0.00368       -0.00281
    241 22Cl|3D-1           -0.00252       -0.00192        0.00154        0.00196       -0.00630        0.00731
    242 22Cl|3D0             0.00071        0.00079       -0.00107       -0.00243        0.00657       -0.00696
    243 22Cl|3D1            -0.00120       -0.00052        0.00185       -0.00588        0.00756       -0.00461
    244 22Cl|3D2            -0.00681       -0.00490       -0.00062       -0.00084        0.00296       -0.00287
 
         Orbital                58             59             60             61             62             63
         Energy             -0.06311       -0.04258       -0.04235       -0.01881        0.00394        0.00855
         Occ No.             0.00000        0.00000        0.00000        0.00000        0.00000        0.00000
      1 1C|1S0              -0.00026       -0.00077        0.00060       -0.00007        0.00220        0.00595
      2 1C|2S0               0.00535        0.00159        0.00035        0.00592       -0.05033       -0.03779
      3 1C|3S0               0.02949        0.04055       -0.01266        0.03742       -0.27290       -0.35262
      4 1C|2P-1              0.04660       -0.08750       -0.08904       -0.06115        0.00151       -0.01543
      5 1C|3P-1              0.05959       -0.11622       -0.12731       -0.06202       -0.03797       -0.01109
      6 1C|2P0              -0.11291        0.21110        0.21940        0.15416       -0.01790        0.00117
      7 1C|3P0              -0.13525        0.24558        0.24728        0.19972       -0.04087        0.00080
      8 1C|2P1              -0.01886        0.00245        0.02298       -0.01062       -0.03267       -0.05208
      9 1C|3P1              -0.03492        0.00226        0.03974       -0.03005       -0.03159       -0.02649
     10 1C|3D-2             -0.00969       -0.00479       -0.00661        0.00450        0.00191        0.00367
     11 1C|3D-1             -0.00666        0.00273        0.00231        0.00934        0.00442        0.00423
     12 1C|3D0              -0.00781       -0.00025        0.00134        0.00987       -0.00410        0.00140
     13 1C|3D1               0.01683        0.01455        0.01228       -0.01435        0.00541       -0.00014
     14 1C|3D2              -0.00187        0.00105        0.00252        0.00257       -0.00880       -0.00979
     15 2C|1S0               0.00002        0.00078        0.00064        0.00020        0.00308        0.00229
     16 2C|2S0               0.00150       -0.00386        0.00902        0.00150       -0.00611       -0.01114
     17 2C|3S0               0.00474       -0.03922       -0.02186        0.00074       -0.11512       -0.04843
     18 2C|2P-1             -0.09983       -0.00612        0.00432        0.09493       -0.05822       -0.03710
     19 2C|3P-1             -0.10720       -0.01130        0.01133        0.13520       -0.11130       -0.09512
     20 2C|2P0               0.24821        0.01292       -0.00680       -0.24761        0.03249       -0.02981
     21 2C|3P0               0.28929        0.02021       -0.00058       -0.32476        0.03849       -0.05360
     22 2C|2P1               0.01473        0.00310       -0.00312       -0.02316       -0.06952       -0.08195
     23 2C|3P1               0.01476        0.01483        0.00969       -0.03643       -0.14969       -0.22588
     24 2C|3D-2             -0.00340        0.00277        0.00145        0.00472        0.01375        0.01523
     25 2C|3D-1             -0.00056        0.01726        0.01803       -0.00248       -0.00335       -0.00603
     26 2C|3D0              -0.00146        0.01538        0.01619       -0.00089       -0.00497       -0.00770
     27 2C|3D1               0.00764       -0.00115       -0.00228       -0.01016        0.00603        0.00332
     28 2C|3D2               0.00134        0.00995        0.00688        0.00191        0.01921        0.01948
     29 3C|1S0               0.00038       -0.00067        0.00079        0.00050        0.00486        0.00848
     30 3C|2S0              -0.01285       -0.00068        0.00299       -0.03299       -0.13244       -0.11682
     31 3C|3S0              -0.06115        0.02947       -0.00811       -0.16378       -0.74511       -0.80501
     32 3C|2P-1              0.04941        0.10113        0.08633       -0.03172        0.23494        0.19877
     33 3C|3P-1              0.06176        0.12089        0.13938       -0.01779        0.27842        0.16742
     34 3C|2P0              -0.08634       -0.23902       -0.23132        0.18552        0.04851        0.12183
     35 3C|3P0              -0.10005       -0.26977       -0.24380        0.22018        0.05248        0.11753
     36 3C|2P1              -0.00430       -0.02937       -0.00033       -0.00061       -0.17862       -0.19489
     37 3C|3P1               0.01194       -0.04281        0.01738        0.01995       -0.18228       -0.15910
     38 3C|3D-2             -0.00796        0.00471        0.00802       -0.00024       -0.01148       -0.01168
     39 3C|3D-1              0.01390       -0.00000       -0.00169       -0.01466        0.00638        0.00151
     40 3C|3D0               0.00886        0.00168        0.00161       -0.01269        0.00021        0.00013
     41 3C|3D1               0.01687       -0.01515       -0.01506       -0.01196       -0.00581       -0.00377
     42 3C|3D2               0.00825       -0.00104       -0.00262       -0.00655       -0.00045       -0.00487
     43 4C|1S0               0.00081        0.00105       -0.00068        0.00182        0.00143       -0.00008
     44 4C|2S0               0.01909       -0.00497        0.00880        0.03012       -0.00030       -0.02465
     45 4C|3S0               0.04412       -0.03443        0.00876        0.05326       -0.00468       -0.02039
     46 4C|2P-1              0.09313       -0.06634       -0.10901        0.00017        0.04487        0.04709
     47 4C|3P-1              0.10661       -0.07931       -0.22438       -0.01210        0.12430        0.17232
     48 4C|2P0              -0.16166        0.20769        0.20154        0.08358        0.04031        0.00047
     49 4C|3P0              -0.17079        0.26648        0.20549        0.10996        0.06735        0.04020
     50 4C|2P1              -0.03010        0.01959        0.00469       -0.01559        0.04856        0.06463
     51 4C|3P1               0.00884       -0.01007        0.07826        0.06642        0.16312        0.17883
     52 4C|3D-2              0.00739        0.00715        0.00541       -0.00549        0.02371        0.01886
     53 4C|3D-1              0.00633       -0.00353       -0.00639       -0.00931        0.00931        0.00520
     54 4C|3D0               0.00911       -0.00174        0.00115       -0.00803       -0.00098       -0.00426
     55 4C|3D1              -0.01491       -0.01501       -0.01324        0.02115        0.00570        0.00971
     56 4C|3D2               0.00129       -0.00003       -0.00145       -0.00815       -0.01537       -0.00789
     57 5C|1S0              -0.00025        0.00530       -0.00856       -0.00002       -0.00267        0.00092
     58 5C|2S0              -0.00100        0.00839       -0.00580       -0.00708       -0.05770       -0.00986
     59 5C|3S0              -0.00018       -0.05585        0.22790       -0.01429       -0.04932       -0.13852
     60 5C|2P-1             -0.10312       -0.00596        0.00094        0.11578        0.02776        0.02792
     61 5C|3P-1             -0.10273        0.00606        0.00928        0.09358       -0.02741        0.00702
     62 5C|2P0               0.23459        0.01115       -0.01212       -0.27285        0.05000        0.00654
     63 5C|3P0               0.24138        0.01152       -0.02540       -0.34343        0.04558       -0.00191
     64 5C|2P1               0.01499       -0.01107       -0.01295       -0.01544        0.03219       -0.06002
     65 5C|3P1               0.01435       -0.00897        0.09358       -0.03803       -0.14660       -0.13782
     66 5C|3D-2             -0.00468       -0.00257       -0.00460       -0.01597       -0.00085        0.00225
     67 5C|3D-1             -0.00321       -0.01562       -0.01755       -0.00188       -0.00189       -0.00240
     68 5C|3D0               0.00094       -0.01854       -0.01337       -0.00071       -0.00982        0.00110
     69 5C|3D1              -0.02443        0.00105        0.00226       -0.01310        0.00131       -0.00065
     70 5C|3D2               0.00223       -0.00712       -0.01201        0.00740        0.01518        0.00774
     71 6C|1S0              -0.00092        0.00113       -0.00082       -0.00175        0.00018       -0.00142
     72 6C|2S0              -0.01869       -0.00693        0.00772       -0.03133       -0.01760       -0.04287
     73 6C|3S0              -0.03798       -0.04932        0.01193       -0.04569       -0.01101       -0.06174
     74 6C|2P-1              0.08903        0.07820        0.10490       -0.00017        0.00858       -0.01808
     75 6C|3P-1              0.08721        0.08329        0.21772       -0.05562       -0.02297       -0.07674
     76 6C|2P0              -0.13487       -0.22346       -0.19675        0.08365       -0.02998        0.01158
     77 6C|3P0              -0.14127       -0.27231       -0.19346        0.10550       -0.04330       -0.02235
     78 6C|2P1               0.00300       -0.00242       -0.02711        0.02436       -0.00868        0.01503
     79 6C|3P1              -0.03136       -0.03052       -0.01298       -0.02590        0.04291        0.10811
     80 6C|3D-2              0.00457       -0.00448       -0.00585       -0.00341       -0.00750       -0.00277
     81 6C|3D-1             -0.01074        0.00099        0.00006        0.01683        0.00302        0.00162
     82 6C|3D0              -0.00902       -0.00184        0.00241        0.00757       -0.00363       -0.00158
     83 6C|3D1              -0.01356        0.01337        0.01442        0.01376       -0.00572       -0.00050
     84 6C|3D2              -0.00572        0.00383        0.00310        0.00931       -0.00530        0.00047
     85 7H|1S0              -0.00815        0.00290       -0.00416       -0.00427        0.04844        0.04539
     86 7H|2S0              -0.01393        0.00890       -0.00707       -0.01295        0.27207        0.27276
     87 7H|2P-1              0.00198       -0.00395       -0.00477       -0.00329        0.00367        0.00249
     88 7H|2P0              -0.00531        0.01083        0.01108        0.00805        0.00054        0.00138
     89 7H|2P1              -0.00069        0.00048        0.00045       -0.00030       -0.00082       -0.00210
     90 8H|1S0               0.00213        0.00767       -0.00816        0.00850        0.06079        0.06961
     91 8H|2S0               0.00315        0.01534       -0.02943        0.02938        0.34643        0.41181
     92 8H|2P-1             -0.00497       -0.00031       -0.00001        0.00484       -0.00078        0.00066
     93 8H|2P0               0.01185        0.00084       -0.00022       -0.01320        0.00222       -0.00123
     94 8H|2P1               0.00096        0.00008       -0.00056       -0.00016        0.00468        0.00569
     95 9H|1S0               0.00794       -0.00783       -0.00302        0.01538        0.07080        0.05703
     96 9H|2S0               0.02942        0.04163       -0.12447        0.05129        0.32979        0.35879
     97 9H|2P-1              0.00436       -0.00505       -0.00391       -0.00094       -0.00550       -0.00550
     98 9H|2P0              -0.00714        0.01063        0.01088        0.00502       -0.00153       -0.00231
     99 9H|2P1              -0.00037       -0.00192        0.00198        0.00061       -0.00151       -0.00121
    100 10H|1S0             -0.00501       -0.00956       -0.00121       -0.00376        0.02748        0.01077
    101 10H|2S0             -0.02384        0.03962       -0.12205        0.00785        0.10394        0.19412
    102 10H|2P-1             0.00398        0.00443        0.00460       -0.00051        0.00297        0.00270
    103 10H|2P0             -0.00591       -0.01134       -0.01033        0.00590        0.00060        0.00101
    104 10H|2P1             -0.00063       -0.00358        0.00076       -0.00057       -0.00082       -0.00191
    105 11C|1S0             -0.00025        0.00534        0.00853        0.00002        0.00267        0.00091
    106 11C|2S0             -0.00102        0.00842        0.00576        0.00707        0.05770       -0.00994
    107 11C|3S0             -0.00019       -0.05710       -0.22760        0.01429        0.04916       -0.13856
    108 11C|2P-1             0.10311        0.00598        0.00092        0.11578        0.02773       -0.02797
    109 11C|3P-1             0.10273       -0.00600        0.00935        0.09359       -0.02745       -0.00696
    110 11C|2P0              0.23458        0.01127        0.01207        0.27286       -0.04999        0.00659
    111 11C|3P0              0.24136        0.01173        0.02534        0.34343       -0.04558       -0.00189
    112 11C|2P1             -0.01501        0.01100       -0.01301       -0.01544        0.03226        0.05998
    113 11C|3P1             -0.01435        0.00948        0.09353       -0.03804       -0.14644        0.13803
    114 11C|3D-2            -0.00468       -0.00255        0.00461        0.01597        0.00085        0.00224
    115 11C|3D-1             0.00321        0.01552       -0.01763       -0.00189       -0.00188        0.00240
    116 11C|3D0              0.00094       -0.01846        0.01347        0.00071        0.00982        0.00109
    117 11C|3D1              0.02443       -0.00104        0.00227       -0.01310        0.00131        0.00065
    118 11C|3D2              0.00223       -0.00705        0.01205       -0.00740       -0.01517        0.00776
    119 12C|1S0              0.00081        0.00105        0.00067       -0.00182       -0.00143       -0.00008
    120 12C|2S0              0.01909       -0.00503       -0.00877       -0.03012        0.00026       -0.02464
    121 12C|3S0              0.04414       -0.03448       -0.00857       -0.05326        0.00464       -0.02038
    122 12C|2P-1            -0.09313        0.06573       -0.10939        0.00015        0.04482       -0.04715
    123 12C|3P-1            -0.10659        0.07806       -0.22484       -0.01211        0.12409       -0.17247
    124 12C|2P0             -0.16163        0.20656       -0.20270       -0.08362       -0.04030        0.00052
    125 12C|3P0             -0.17076        0.26532       -0.20698       -0.11001       -0.06728        0.04028
    126 12C|2P1              0.03010       -0.01957        0.00479       -0.01559        0.04848       -0.06469
    127 12C|3P1             -0.00886        0.01051        0.07817        0.06642        0.16295       -0.17908
    128 12C|3D-2             0.00739        0.00712       -0.00545        0.00549       -0.02369        0.01889
    129 12C|3D-1            -0.00633        0.00349       -0.00641       -0.00932        0.00930       -0.00521
    130 12C|3D0              0.00911       -0.00174       -0.00114        0.00803        0.00098       -0.00426
    131 12C|3D1              0.01491        0.01495       -0.01332        0.02115        0.00569       -0.00971
    132 12C|3D2              0.00129       -0.00002        0.00145        0.00815        0.01536       -0.00791
    133 13C|1S0             -0.00092        0.00114        0.00081        0.00175       -0.00018       -0.00142
    134 13C|2S0             -0.01869       -0.00697       -0.00769        0.03134        0.01754       -0.04289
    135 13C|3S0             -0.03797       -0.04939       -0.01162        0.04570        0.01093       -0.06174
    136 13C|2P-1            -0.08904       -0.07763        0.10532       -0.00016        0.00859        0.01807
    137 13C|3P-1            -0.08722       -0.08211        0.21818       -0.05561       -0.02290        0.07679
    138 13C|2P0             -0.13489       -0.22238        0.19796       -0.08362        0.02999        0.01154
    139 13C|3P0             -0.14129       -0.27125        0.19493       -0.10546        0.04328       -0.02241
    140 13C|2P1             -0.00299        0.00228       -0.02712        0.02436       -0.00869       -0.01502
    141 13C|3P1              0.03136        0.03044       -0.01313       -0.02590        0.04277       -0.10815
    142 13C|3D-2             0.00457       -0.00445        0.00588        0.00341        0.00749       -0.00278
    143 13C|3D-1             0.01074       -0.00098        0.00007        0.01682        0.00302       -0.00162
    144 13C|3D0             -0.00902       -0.00186       -0.00240       -0.00757        0.00363       -0.00158
    145 13C|3D1              0.01355       -0.01328        0.01449        0.01376       -0.00572        0.00050
    146 13C|3D2             -0.00572        0.00381       -0.00312       -0.00932        0.00530        0.00046
    147 14C|1S0              0.00038       -0.00067       -0.00078       -0.00050       -0.00485        0.00849
    148 14C|2S0             -0.01285       -0.00070       -0.00298        0.03299        0.13229       -0.11699
    149 14C|3S0             -0.06117        0.02951        0.00793        0.16377        0.74418       -0.80599
    150 14C|2P-1            -0.04941       -0.10067        0.08688       -0.03171        0.23468       -0.19904
    151 14C|3P-1            -0.06177       -0.12013        0.14005       -0.01779        0.27820       -0.16776
    152 14C|2P0             -0.08635       -0.23777        0.23263       -0.18548       -0.04837        0.12189
    153 14C|3P0             -0.10006       -0.26845        0.24528       -0.22012       -0.05235        0.11761
    154 14C|2P1              0.00430        0.02938       -0.00049       -0.00061       -0.17837        0.19510
    155 14C|3P1             -0.01196        0.04292        0.01712        0.01996       -0.18205        0.15929
    156 14C|3D-2            -0.00796        0.00466       -0.00805        0.00024        0.01146       -0.01170
    157 14C|3D-1            -0.01390       -0.00001       -0.00169       -0.01466        0.00638       -0.00151
    158 14C|3D0              0.00886        0.00167       -0.00162        0.01269       -0.00021        0.00013
    159 14C|3D1             -0.01687        0.01507       -0.01514       -0.01196       -0.00580        0.00378
    160 14C|3D2              0.00825       -0.00102        0.00262        0.00655        0.00044       -0.00487
    161 15H|1S0              0.00794       -0.00781        0.00306       -0.01538       -0.07074        0.05712
    162 15H|2S0              0.02942        0.04231        0.12426       -0.05130       -0.32937        0.35922
    163 15H|2P-1            -0.00436        0.00503       -0.00394       -0.00094       -0.00550        0.00551
    164 15H|2P0             -0.00714        0.01057       -0.01094       -0.00503        0.00153       -0.00231
    165 15H|2P1              0.00037        0.00193        0.00197        0.00061       -0.00151        0.00121
    166 16C|1S0             -0.00026       -0.00078       -0.00060        0.00008       -0.00219        0.00596
    167 16C|2S0              0.00535        0.00159       -0.00036       -0.00592        0.05028       -0.03785
    168 16C|3S0              0.02948        0.04061        0.01243       -0.03742        0.27248       -0.35295
    169 16C|2P-1            -0.04660        0.08701       -0.08953       -0.06117        0.00152        0.01543
    170 16C|3P-1            -0.05959        0.11552       -0.12797       -0.06205       -0.03796        0.01114
    171 16C|2P0             -0.11289        0.20986       -0.22057       -0.15420        0.01791        0.00115
    172 16C|3P0             -0.13523        0.24418       -0.24863       -0.19977        0.04088        0.00075
    173 16C|2P1              0.01886       -0.00232        0.02299       -0.01062       -0.03260        0.05212
    174 16C|3P1              0.03491       -0.00205        0.03976       -0.03005       -0.03157        0.02654
    175 16C|3D-2            -0.00969       -0.00475        0.00664       -0.00450       -0.00190        0.00367
    176 16C|3D-1             0.00666       -0.00271        0.00232        0.00934        0.00442       -0.00423
    177 16C|3D0             -0.00781       -0.00026       -0.00134       -0.00987        0.00410        0.00139
    178 16C|3D1             -0.01683       -0.01448        0.01236       -0.01434        0.00541        0.00014
    179 16C|3D2             -0.00187        0.00103       -0.00253       -0.00257        0.00878       -0.00980
    180 17H|1S0             -0.00501       -0.00955        0.00126        0.00377       -0.02747        0.01080
    181 17H|2S0             -0.02384        0.04029        0.12181       -0.00787       -0.10372        0.19425
    182 17H|2P-1            -0.00398       -0.00440        0.00462       -0.00051        0.00296       -0.00270
    183 17H|2P0             -0.00592       -0.01129        0.01040       -0.00590       -0.00060        0.00101
    184 17H|2P1              0.00063        0.00359        0.00074       -0.00057       -0.00081        0.00191
    185 18C|1S0              0.00002        0.00077       -0.00065       -0.00020       -0.00308        0.00230
    186 18C|2S0              0.00149       -0.00391       -0.00901       -0.00150        0.00610       -0.01115
    187 18C|3S0              0.00474       -0.03910        0.02208       -0.00075        0.11507       -0.04858
    188 18C|2P-1             0.09983        0.00616        0.00430        0.09493       -0.05818        0.03717
    189 18C|3P-1             0.10720        0.01139        0.01127        0.13521       -0.11117        0.09525
    190 18C|2P0              0.24821        0.01300        0.00675        0.24761       -0.03252       -0.02978
    191 18C|3P0              0.28929        0.02025        0.00050        0.32476       -0.03855       -0.05355
    192 18C|2P1             -0.01473       -0.00311       -0.00311       -0.02315       -0.06942        0.08204
    193 18C|3P1             -0.01475       -0.01478        0.00978       -0.03643       -0.14944        0.22607
    194 18C|3D-2            -0.00340        0.00276       -0.00147       -0.00472       -0.01373        0.01525
    195 18C|3D-1             0.00056       -0.01716        0.01813       -0.00248       -0.00334        0.00604
    196 18C|3D0             -0.00146        0.01529       -0.01627        0.00089        0.00497       -0.00770
    197 18C|3D1             -0.00764        0.00114       -0.00229       -0.01016        0.00602       -0.00333
    198 18C|3D2              0.00134        0.00991       -0.00694       -0.00191       -0.01918        0.01950
    199 19H|1S0             -0.00816        0.00293        0.00414        0.00427       -0.04838        0.04545
    200 19H|2S0             -0.01394        0.00894        0.00702        0.01294       -0.27176        0.27311
    201 19H|2P-1            -0.00197        0.00392       -0.00479       -0.00329        0.00366       -0.00249
    202 19H|2P0             -0.00531        0.01077       -0.01114       -0.00805       -0.00053        0.00138
    203 19H|2P1              0.00069       -0.00048        0.00045       -0.00030       -0.00082        0.00210
    204 20H|1S0              0.00213        0.00772        0.00812       -0.00850       -0.06071        0.06969
    205 20H|2S0              0.00315        0.01551        0.02935       -0.02938       -0.34596        0.41225
    206 20H|2P-1             0.00497        0.00031       -0.00002        0.00484       -0.00078       -0.00066
    207 20H|2P0              0.01185        0.00085        0.00021        0.01320       -0.00222       -0.00123
    208 20H|2P1             -0.00096       -0.00008       -0.00056       -0.00016        0.00468       -0.00570
    209 21Cl|1S0            -0.00003       -0.00005       -0.00001       -0.00064       -0.00423       -0.00382
    210 21Cl|2S0             0.00004       -0.00027       -0.00022       -0.00360       -0.02465       -0.02201
    211 21Cl|3S0             0.00642        0.00220       -0.00398        0.01435        0.07269        0.07199
    212 21Cl|4S0             0.01726        0.00982       -0.00329        0.07115        0.40695        0.37395
    213 21Cl|2P-1            0.00010       -0.00010        0.00003        0.00035        0.00079        0.00052
    214 21Cl|3P-1           -0.00080       -0.02570       -0.03686        0.05094        0.16869        0.17245
    215 21Cl|4P-1           -0.00097       -0.03377       -0.05261        0.08714        0.34600        0.34829
    216 21Cl|2P0             0.00013        0.00027        0.00033       -0.00010        0.00044        0.00023
    217 21Cl|3P0             0.03656        0.07621        0.06561       -0.03183        0.09576        0.07446
    218 21Cl|4P0             0.05001        0.10758        0.09092       -0.04035        0.18918        0.15260
    219 21Cl|2P1            -0.00017       -0.00012       -0.00007       -0.00035       -0.00063       -0.00050
    220 21Cl|3P1            -0.01293       -0.00043        0.01293       -0.03717       -0.15088       -0.14420
    221 21Cl|4P1            -0.01857        0.00065        0.01339       -0.06676       -0.31186       -0.29327
    222 21Cl|3D-2           -0.00256       -0.00722       -0.01076        0.02052        0.06440        0.06889
    223 21Cl|3D-1           -0.00358       -0.02099       -0.01822        0.00533       -0.03571       -0.03119
    224 21Cl|3D0            -0.00274       -0.01921       -0.02009        0.01543        0.01907        0.02524
    225 21Cl|3D1             0.01436        0.01626        0.01272       -0.01502        0.03612        0.02881
    226 21Cl|3D2            -0.00120       -0.00877       -0.00875        0.00320        0.00816        0.01367
    227 22Cl|1S0            -0.00003       -0.00005        0.00002        0.00064        0.00423       -0.00383
    228 22Cl|2S0             0.00004       -0.00027        0.00022        0.00360        0.02462       -0.02204
    229 22Cl|3S0             0.00642        0.00223        0.00397       -0.01435       -0.07260        0.07208
    230 22Cl|4S0             0.01727        0.00985        0.00322       -0.07113       -0.40650        0.37448
    231 22Cl|2P-1           -0.00010        0.00010        0.00003        0.00035        0.00079       -0.00052
    232 22Cl|3P-1            0.00080        0.02550       -0.03700        0.05093        0.16846       -0.17266
    233 22Cl|4P-1            0.00097        0.03348       -0.05279        0.08713        0.34557       -0.34872
    234 22Cl|2P0             0.00013        0.00027       -0.00034        0.00010       -0.00044        0.00023
    235 22Cl|3P0             0.03656        0.07586       -0.06603        0.03182       -0.09566        0.07458
    236 22Cl|4P0             0.05002        0.10710       -0.09152        0.04034       -0.18898        0.15283
    237 22Cl|2P1             0.00017        0.00012       -0.00007       -0.00035       -0.00063        0.00050
    238 22Cl|3P1             0.01293        0.00050        0.01293       -0.03716       -0.15071        0.14439
    239 22Cl|4P1             0.01858       -0.00057        0.01339       -0.06675       -0.31152        0.29367
    240 22Cl|3D-2           -0.00256       -0.00717        0.01080       -0.02052       -0.06432        0.06897
    241 22Cl|3D-1            0.00358        0.02089       -0.01834        0.00533       -0.03567        0.03123
    242 22Cl|3D0            -0.00274       -0.01910        0.02019       -0.01543       -0.01904        0.02526
    243 22Cl|3D1            -0.01436       -0.01619        0.01281       -0.01502        0.03609       -0.02885
    244 22Cl|3D2            -0.00120       -0.00872        0.00880       -0.00320       -0.00814        0.01368
 
 
 [Mulliken Population Analysis]
  Atomic charges: 
     1C       0.0823
     2C       0.1476
     3C      -0.1261
     4C       0.1437
     5C       0.0352
     6C       0.0532
     7H      -0.0536
     8H      -0.0590
     9H      -0.0684
    10H      -0.0712
    11C       0.0352
    12C       0.1437
    13C       0.0532
    14C      -0.1261
    15H      -0.0684
    16C       0.0823
    17H      -0.0712
    18C       0.1476
    19H      -0.0536
    20H      -0.0590
    21Cl     -0.0837
    22Cl     -0.0836
     Sum:     0.0000
 
 [Lowdin Population Analysis]
  Atomic charges: 
     1C      -0.0104
     2C      -0.0289
     3C      -0.1410
     4C      -0.0229
     5C      -0.0108
     6C      -0.0149
     7H       0.0268
     8H       0.0251
     9H       0.0231
    10H       0.0226
    11C      -0.0108
    12C      -0.0229
    13C      -0.0149
    14C      -0.1411
    15H       0.0231
    16C      -0.0104
    17H       0.0226
    18C      -0.0289
    19H       0.0268
    20H       0.0251
    21Cl      0.1313
    22Cl      0.1313
     Sum:    -0.0000
 
 
 [Dipole moment: Debye]
              X          Y          Z         |u|
   Elec:-.9460E-04 0.8732E-04 0.1023E+01
   Nucl:0.7224E-13 0.7224E-13 0.7224E-13
   Totl:   -0.0001     0.0001     1.0228     1.0228
 
 ---------------------------------------------------------------
  Timing of SCF calculation                                                       
 
  CPU TIME(S)      SYSTEM TIME(S)     WALL TIME(S)
        229.580            0.610              28.890
 ---------------------------------------------------------------
 
|******************************************************************************|
 
    Total cpu     time:        229.61  S
    Total system  time:          0.62  S
    Total wall    time:         28.89  S
 
    Current time   2022-05-04  12:58:58
    End running module scf
|******************************************************************************|
 
('/scratch/2,7-dicl-dibenzene_546', '/apps/users/lcz/task2/section1/isomer1/BLYP_cc-pVDZ/BDF')
 Warning! Removing scratch files. If you would like to keep scratch files for restaring. Please use -keeptmpdir

Sender: Unischeduler System <lcz@mgt01>
Subject: Job 127788: <#!/bin/bash
#BSUB -J intel
#BSUB -o 2,7-dicl-dibenzene.out
#BSUB -n 8
#BSUB -q cqueue
#BSUB -R span[hosts=1]
export BDFHOME=/apps/users/lcz/bdf-pkg
export BDF_TMPDIR=/scratch/2,7-dicl-dibenzene_546
export USE_LIBCINT=no
export LD_LIBRARY_PATH=/apps/users/lcz/bdf-pkg/extlibs:/apps/users/lcz/bdf-pkg/libso:/apps/software/intel2019/mkl/lib/intel64:/apps/software/intel2019/compilers_and_libraries_2019/linux/lib/intel64:$LD_LIBRARY_PATH
ulimit -s unlimited
ulimit -t unlimited
export OMP_NUM_THREADS=8
export OMP_STACKSIZE=20G
/apps/users/lcz/bdf-pkg/sbin/bdfdrv.py -tmpdir /scratch/2,7-dicl-dibenzene_546 -r 2,7-dicl-dibenzene.inp > 2,7-dicl-dibenzene.out
rm -rf .2,7-dicl-dibenzene.wrk> Done

Job <#!/bin/bash
#BSUB -J intel
#BSUB -o 2,7-dicl-dibenzene.out
#BSUB -n 8
#BSUB -q cqueue
#BSUB -R span[hosts=1]
export BDFHOME=/apps/users/lcz/bdf-pkg
export BDF_TMPDIR=/scratch/2,7-dicl-dibenzene_546
export USE_LIBCINT=no
export LD_LIBRARY_PATH=/apps/users/lcz/bdf-pkg/extlibs:/apps/users/lcz/bdf-pkg/libso:/apps/software/intel2019/mkl/lib/intel64:/apps/software/intel2019/compilers_and_libraries_2019/linux/lib/intel64:$LD_LIBRARY_PATH
ulimit -s unlimited
ulimit -t unlimited
export OMP_NUM_THREADS=8
export OMP_STACKSIZE=20G
/apps/users/lcz/bdf-pkg/sbin/bdfdrv.py -tmpdir /scratch/2,7-dicl-dibenzene_546 -r 2,7-dicl-dibenzene.inp > 2,7-dicl-dibenzene.out
rm -rf .2,7-dicl-dibenzene.wrk> was submitted from host <mgt01> by user <lcz>.
Job was executed on host(s) <8*cnode12>, in queue <cqueue>, as user <lcz>.
</apps/users/lcz> was used as the home directory.
</apps/users/lcz/task2/section1/isomer1/BLYP_cc-pVDZ/BDF> was used as the working directory.
Started at 2022-05-04 12:58:29
Results reported at 2022-05-04 12:58:58

Your job looked like:

------------------------------------------------------------
# User input
#!/bin/bash
#BSUB -J intel
#BSUB -o 2,7-dicl-dibenzene.out
#BSUB -n 8
#BSUB -q cqueue
#BSUB -R span[hosts=1]
export BDFHOME=/apps/users/lcz/bdf-pkg
export BDF_TMPDIR=/scratch/2,7-dicl-dibenzene_546
export USE_LIBCINT=no
export LD_LIBRARY_PATH=/apps/users/lcz/bdf-pkg/extlibs:/apps/users/lcz/bdf-pkg/libso:/apps/software/intel2019/mkl/lib/intel64:/apps/software/intel2019/compilers_and_libraries_2019/linux/lib/intel64:$LD_LIBRARY_PATH
ulimit -s unlimited
ulimit -t unlimited
export OMP_NUM_THREADS=8
export OMP_STACKSIZE=20G
/apps/users/lcz/bdf-pkg/sbin/bdfdrv.py -tmpdir /scratch/2,7-dicl-dibenzene_546 -r 2,7-dicl-dibenzene.inp > 2,7-dicl-dibenzene.out
rm -rf .2,7-dicl-dibenzene.wrk
------------------------------------------------------------

Successfully completed.

Resource usage summary:

    CPU time   :          218.96 sec.
    Max Memory :               451 MB
    Max Processes  :               5


The output (if any) follows:

