#!awk.bdf.output
====================== BDF version information ============================
commit 15a5aac1bbb5a2a101a9aa715fa1cdc141611229
Author: Yibo Lei <leiyb@nwu.edu.cn>
Date:   Sun Jan 16 18:50:00 2022 +0800

    change Vircut to VSD and add Pre-CMO by MCSCF MOs and refine ploop search of xianci
===========================================================================
BDFHOME =  /apps/software/bdf-pkg
BDF_TMPDIR = /tmp
BDF_MPIRUN =  None
BDF_MPIROOT =  None
|---------------------------------------------------------------------|
 Could not find mpirun. Set to serial running ...


(' BDFHOME     = ', '/apps/users/lcz/bdf-pkg')
(' BDF_WORKDIR = ', '/apps/users/lcz/exe9/task2/bdf/bivinyl')
(' BDF_TMPDIR  = ', '/scratch/trans-1,3-bivinyl-cas44-ccpvdz_874')
(' BDFTASK     = ', 'trans-1,3-bivinyl-cas44-ccpvdz')

  BDF parallel running information ...
('  BDF_MASTER_NODE', 'cnode06')
('  BDF_MPIROOT = ', 'None')
  Total number of computational nodes   = 1
  Number of processes per node          = 1
  Number of openmp threads per process  = 8


('  Singlepoint_task = ', True)
('  Fragmp2_task     = ', False)


$compass
title
trans-1,3-bivinyl cas44 ground state sp
basis
cc-pvdz
geometry
C -6.64118154871840 -1.62152199820221 -0.00000009697356
H -6.14278421708044 -2.59598105665497 -0.00000014220472
H -7.73333554424968 -1.61977238029341 -0.00000042278070
C -5.93549956067656 -0.47904328673011 0.00000030766916
H -6.46384951769643 0.48219250457623 0.00000027918139
C -4.47901443536966 -0.41544209462766 0.00000033271928
H -3.95066484182954 -1.37667808135024 0.00000039582290
C -3.77333222954333 0.72703646535930 -0.00000006376917
H -4.27172926240940 1.70149564387711 -0.00000005020219
H -2.68117824242655 0.72528655404596 -0.00000053946240
end geometry
saorb
thresh
coarse
$end
$xuanyuan
$end
$scf
rhf
charge
0
$end
$mcscf
guess
hforb
close
7 0 0 6
active
0 2 2 0
actel
4
spin
1
iprtmo
1
molden
$end
('tmpstdin ', True)
('npro is ', 1)
('\n BDF command: ', '/apps/users/lcz/bdf-pkg/bin/compass.x /scratch/trans-1,3-bivinyl-cas44-ccpvdz_874/trans-1,3-bivinyl-cas44-ccpvdzXX0.compass.inp')
  BDF process        0 of        1 on Serial  
 
|******************************************************************************|
 
    Start running module compass
    Current time   2022-04-23  20:36:00
 
|******************************************************************************|

 ++++++++++ Reading compass input ++++++++++++++++++
 TITLE
 BASIS
 Input Basis set is cc-pVDZ
 Spherical GTO 5d,7f
 GEOMETRY
 C      -6.64118155     -1.62152200     -0.00000010
 H      -6.14278422     -2.59598106     -0.00000014
 H      -7.73333554     -1.61977238     -0.00000042
 C      -5.93549956     -0.47904329      0.00000031
 H      -6.46384952      0.48219250      0.00000028
 C      -4.47901444     -0.41544209      0.00000033
 H      -3.95066484     -1.37667808      0.00000040
 C      -3.77333223      0.72703647     -0.00000006
 H      -4.27172926      1.70149564     -0.00000005
 H      -2.68117824      0.72528655     -0.00000054
 Number of atoms:       10
 SAORB
 THRESH
 $END
 ++++++++++ End of reading compass input +++++++++++++


|-------------------------------------------------------------------------------------------|

 Atom           Cartcoord(Bohr)                 Charge Basis Auxbas Uatom Nstab Alink  Mass
  C      -12.550014    -3.064232    -0.000000     6.00    1     0     0     0   E     11.9967
  H      -11.608180    -4.905693    -0.000000     1.00    2     0     0     0   E      1.0073
  H      -14.613886    -3.060926    -0.000001     1.00    2     0     0     0   E      1.0073
  C      -11.216469    -0.905261     0.000001     6.00    1     0     0     0   E     11.9967
  H      -12.214905     0.911212     0.000001     1.00    2     0     0     0   E      1.0073
  C       -8.464111    -0.785072     0.000001     6.00    1     0     0     0   E     11.9967
  H       -7.465675    -2.601545     0.000001     1.00    2     0     0     0   E      1.0073
  C       -7.130564     1.373900    -0.000000     6.00    1     0     0     0   E     11.9967
  H       -8.072398     3.215361    -0.000000     1.00    2     0     0     0   E      1.0073
  H       -5.066693     1.370593    -0.000001     1.00    2     0     0     0   E      1.0073
 
|--------------------------------------------------------------------------------------------|

  End of reading atomic basis sets ..
 Printing basis sets for checking ....

 Atomic label:  C    6
 Maximum L  2 9s4p1d ----> 3s2p1d NBF =  14
 #--->s function
      Exp Coef          Norm Coef       Con Coef
          6665.000000   0.186365E+04    0.000692   -0.000293    0.000000
          1000.000000   0.449278E+03    0.005326   -0.002318    0.000000
           228.000000   0.148240E+03    0.027061   -0.011500    0.000000
            64.710000   0.576426E+02    0.101657   -0.046827    0.000000
            21.060000   0.248376E+02    0.274575   -0.128466    0.000000
             7.495000   0.114444E+02    0.448294   -0.301266    0.000000
             2.797000   0.546430E+01    0.284903   -0.255631    0.000000
             0.521500   0.155044E+01    0.015195    1.093793    0.000000
             0.159600   0.637954E+00    0.000000    0.000000    1.000000
 #--->p function
      Exp Coef          Norm Coef       Con Coef
             9.439000   0.482661E+02    0.056979    0.000000
             2.002000   0.694727E+01    0.313207    0.000000
             0.545600   0.136797E+01    0.760377    0.000000
             0.151700   0.276195E+00    0.000000    1.000000
 #--->d function
      Exp Coef          Norm Coef       Con Coef
             0.550000   0.916567E+00    1.000000
 

 Atomic label:  H    1
 Maximum L  1 4s1p ----> 2s1p NBF =   5
 #--->s function
      Exp Coef          Norm Coef       Con Coef
            13.010000   0.173070E+02    0.033499    0.000000
             1.962000   0.418831E+01    0.234801    0.000000
             0.444600   0.137560E+01    0.813683    0.000000
             0.122000   0.521537E+00    0.000000    1.000000
 #--->p function
      Exp Coef          Norm Coef       Con Coef
             0.727000   0.195840E+01    1.000000
 
 
 Atomic masses
   11.9967    1.0073    1.0073   11.9967    1.0073
   11.9967    1.0073   11.9967    1.0073    1.0073

 Molecular center of mass
        -9.84028948    -0.84516628     0.00000018

 Molecular center of nuclear charge
        -9.84028948    -0.84516630     0.00000015
 [molesym]
 
 Auto decide molecular point group! Rotate coordinates into standard orientation!
 Threshold= 0.10000E-02 0.10000E-01 0.10000E-01
 
 zgeomsort being called!
gsym: C02H, noper=    4
 Exiting zgeomsort....
 Representation generated
  Binary group is observed ...
  Point group name C(2H)                        4
  User set point group as C(2H)   
  Largest Abelian Subgroup C(2H)                        4
 Representation generated
 C|2|H|                     2
 Symmetry check OK
 Molecule has been symmetrized
  Number of symmery unique centers:                      5

|-------------------------------------------------------------------------------------------|

 Atom           Cartcoord(Bohr)                 Charge Basis Auxbas Uatom Nstab Alink  Mass
  C       -3.153812     1.523264     0.000000     6.00    1     0     0     0   E     11.9967
  H       -2.669104     3.534007     0.000000     1.00    2     0     0     0   E      1.0073
  H       -5.159592     1.037028     0.000000     1.00    2     0     0     0   E      1.0073
  C       -1.352024    -0.263651     0.000000     6.00    1     0     0     0   E     11.9967
  H       -1.897611    -2.263346     0.000000     1.00    2     0     0     0   E      1.0073
  C        1.352024     0.263651     0.000000     6.00    1     0     0     0   E     11.9967
  H        1.897611     2.263346     0.000000     1.00    2     0     0     0   E      1.0073
  C        3.153812    -1.523264     0.000000     6.00    1     0     0     0   E     11.9967
  H        2.669104    -3.534007     0.000000     1.00    2     0     0     0   E      1.0073
  H        5.159592    -1.037028     0.000000     1.00    2     0     0     0   E      1.0073
 
|--------------------------------------------------------------------------------------------|

Number of irreps:    4
IRREP:   4   4   3
DIMEN:   1   1   1

 Irreps of multipole moment operators ...
 Operator  Component    Irrep       Row
  Dipole       x           Bu          1
  Dipole       y           Bu          1
  Dipole       z           Au          1
  Quadpole     xx          Ag          1
  Quadpole     xy          Ag          1
  Quadpole     yy          Ag          1
  Quadpole     xz          Bg          1
  Quadpole     yz          Bg          1
  Quadpole     zz          Ag          1
 
 Generate symmetry adapted orbital ...
 Print Multab
  1  2  3  4
  2  1  4  3
  3  4  1  2
  4  3  2  1

|--------------------------------------------------|
          Symmetry adapted orbital                   

  Total number of basis functions:      86      86

  Number of irreps:   4
  Irrep :   Ag        Bg        Au        Bu      
  Norb  :     32        11        11        32
|--------------------------------------------------|

Total number of shells:       24
 R max for this shell (Bohr)   12.5599999999998       9.691695042155263E-011
 R max for this shell (Bohr)   12.6699999999998       9.644888246466983E-011
 R max for this shell (Bohr)   6.99999999999994       9.556501796124278E-011
 R max for this shell (Bohr)   14.0099999999998       3.009977724958305E-010
 R max for this shell (Bohr)   5.92999999999996       9.975876222407632E-011
 
Number of atoms:      10
Number of basis functions:      86
 
|******************************************************************************|
 
    Total cpu     time:          0.01  S
    Total system  time:          0.02  S
    Total wall    time:          0.04  S
 
    Current time   2022-04-23  20:36:00
    End running module compass
|******************************************************************************|
 
 Filename: /scratch/trans-1,3-bivinyl-cas44-ccpvdz_874/trans-1,3-bivinyl-cas44-ccpvdz.undmol mode: w+b 
BDFTASK: trans-1,3-bivinyl-cas44-ccpvdz 
INPUT FILE: trans-1,3-bivinyl-cas44-ccpvdz.undmolinp 
 Scratch dir: trans-1,3-bivinyl-cas44-ccpvdz 
 Scratch dir: trans-1,3-bivinyl-cas44-ccpvdz 
string trans-1,3-bivinyl-cas44-ccpvdz.undmolinp len 40 
 Filename: trans-1,3-bivinyl-cas44-ccpvdz.chkfil mode: rb 

 Read data from check file! 
Found string UNDMOLIN at position 10 
Idisk 2646936 
Number of irreps: 4, number of basis: 86 
irrep: 1, num: 32 
irrep: 2, num: 11 
irrep: 3, num: 11 
irrep: 4, num: 32 
char= (A) 
char= (g) 
char= ( ) 
j= 2 
char= (B) 
char= (g) 
char= ( ) 
j= 10 
char= (A) 
char= (u) 
char= ( ) 
j= 18 
char= (B) 
char= (u) 
char= ( ) 
j= 26 
rpmname: ag 
('tmpstdin ', True)
('npro is ', 1)
('\n BDF command: ', '/apps/users/lcz/bdf-pkg/bin/xuanyuan.x /scratch/trans-1,3-bivinyl-cas44-ccpvdz_874/trans-1,3-bivinyl-cas44-ccpvdzXX1.xuanyuan.inp')
  BDF process        0 of        1 on Serial  
 
|******************************************************************************|
 
    Start running module xuanyuan
    Current time   2022-04-23  20:36:00
 
|******************************************************************************|

|-------------------------------------------------------------------------------------------|

 Atom           Cartcoord(Bohr)                 Charge Basis Auxbas Uatom Nstab Alink  Mass
  C       -3.153812     1.523264     0.000000     6.00    1     0     1     2   E     11.9967
  H       -2.669104     3.534007     0.000000     1.00    2     0     1     2   E      1.0073
  H       -5.159592     1.037028     0.000000     1.00    2     0     1     2   E      1.0073
  C       -1.352024    -0.263651     0.000000     6.00    1     0     1     2   E     11.9967
  H       -1.897611    -2.263346     0.000000     1.00    2     0     1     2   E      1.0073
  C        1.352024     0.263651     0.000000     6.00    1     0     0     0   E     11.9967
  H        1.897611     2.263346     0.000000     1.00    2     0     0     0   E      1.0073
  C        3.153812    -1.523264     0.000000     6.00    1     0     0     0   E     11.9967
  H        2.669104    -3.534007     0.000000     1.00    2     0     0     0   E      1.0073
  H        5.159592    -1.037028     0.000000     1.00    2     0     0     0   E      1.0073
 
|--------------------------------------------------------------------------------------------|

 $xuanyuan                                                                      
                                          
 $end                                                                           
                                          
  Mass polarization term:  F
 Total nuclear charge :         30.00
 Nuclear repulsion energy :     103.3351396400 a.u.

 Total number of primitive  basis sets :          146
 Total number of prim-cart  basis sets :          150
 Total number of contracted basis sets :           86

  Estimate memory for calculating 2e integrals...
 Minium memory to calculate ERIs:        0.960 M

[aoint_1e]
  Calculating one electron integrals ...
  S T and V integrals ....
  Dipole and Quadupole integrals ....
  Finish calculating one electron integrals ...
 
 ---------------------------------------------------------------
  Timing to calculate 1-electronic integrals                                      
 
  CPU TIME(S)      SYSTEM TIME(S)     WALL TIME(S)
          0.030            0.130               0.020
 ---------------------------------------------------------------
 
 Finish calculating 1e integral ...
 Character Table
    1    1    1    1
    1   -1   -1    1
    1    1   -1   -1
    1   -1    1   -1
 
 Total number of electronic repulsion integrals       1858671
 
 Number  of  symmetry adapted ERIs:             1858671
 Actual  Memory  of  SO-ERI buffer:       2 M
 Optimized Memory of SO-ERI buffer:       2 M
 
 Calculating ERIs...
 
 ---------------------------------------------------------------
  Timing to calculate 2-electronic integrals                                      
 
  CPU TIME(S)      SYSTEM TIME(S)     WALL TIME(S)
          1.750            0.230               0.610
 ---------------------------------------------------------------
 
 Symadpt    time      0.290     0.050     0.090
 Indices    time      0.110     0.010     0.070
 Sort save  time      0.010     0.020     0.030
 ERI total  time      0.840     0.080     0.340
 Zeta & Rys time      0.000     0.000     0.000
 2D         time      0.000     0.000     0.000
 2D-6D      time      0.000     0.000     0.000
 6D cntr    time      0.000     0.000     0.000
 HRR        time      0.000     0.000     0.000
|******************************************************************************|
 
    Total cpu     time:          1.82  S
    Total system  time:          0.36  S
    Total wall    time:          0.68  S
 
    Current time   2022-04-23  20:36:00
    End running module xuanyuan
|******************************************************************************|
 
('tmpstdin ', True)
('npro is ', 1)
('\n BDF command: ', '/apps/users/lcz/bdf-pkg/bin/scf.x /scratch/trans-1,3-bivinyl-cas44-ccpvdz_874/trans-1,3-bivinyl-cas44-ccpvdzXX2.scf.inp')
  BDF process        0 of        1 on Serial  
 
|******************************************************************************|
 
    Start running module scf
    Current time   2022-04-23  20:36:00
 
|******************************************************************************|

|-------------------------------------------------------------------------------------------|

 Atom           Cartcoord(Bohr)                 Charge Basis Auxbas Uatom Nstab Alink  Mass
  C       -3.153812     1.523264     0.000000     6.00    1     0     1     2   E     11.9967
  H       -2.669104     3.534007     0.000000     1.00    2     0     1     2   E      1.0073
  H       -5.159592     1.037028     0.000000     1.00    2     0     1     2   E      1.0073
  C       -1.352024    -0.263651     0.000000     6.00    1     0     1     2   E     11.9967
  H       -1.897611    -2.263346     0.000000     1.00    2     0     1     2   E      1.0073
  C        1.352024     0.263651     0.000000     6.00    1     0     0     0   E     11.9967
  H        1.897611     2.263346     0.000000     1.00    2     0     0     0   E      1.0073
  C        3.153812    -1.523264     0.000000     6.00    1     0     0     0   E     11.9967
  H        2.669104    -3.534007     0.000000     1.00    2     0     0     0   E      1.0073
  H        5.159592    -1.037028     0.000000     1.00    2     0     0     0   E      1.0073
 
|--------------------------------------------------------------------------------------------|

  [ SCF control ] 
 $scf
 rhf
 charge
 $end
 
  --- PRINT: Information about SCF Calculation --- 
 ICTRL_FRAGSCF=  0
 IPRTMO=  1
 MAXITER=  100
 THRENE= 0.10E-07 THRDEN= 0.50E-05
 DAMP= 0.00 VSHIFT= 0.00
 IFDIIS= T
 THRDIIS= 0.10E+01
 MINDIIS=   2 MAXDIIS=   8
 iCHECK=  0
 iAUFBAU=  1
 INIGUESS=  0
 IfMPEC= F
 IfCOSX= F
 Occupation number:
  Without occupation number in input.

 Wave function information ...
 Total Nuclear charge    :      30
 Total electrons         :      30
 ECP-core electrons      :       0
 Spin multiplicity(2S+1) :       1
 Num. of alpha electrons :      15
 Num. of beta  electrons :      15
 

 Threshold in dft prescreening ...
 Thresh_shellvalue_dft :  0.10000E-09
 ThreshRho     :  0.10000E-11

  --- END:  Information about SCF Calculation  --- 
 
 The SMH converger is used...
 Finish scf input!

 DirectHF  F
  Reading 1-e integrals ...
  Start so_scf_init
  Finish so_scf_init
 
 Total number of electronic repulsion integrals       1858671
 Nuclear repulsion energy =   103.33513964
 
 iniguess                     0                     0
 
 [ATOM SCF control]
  heff=                      0
 After initial atom grid ...
 Finish atom    1  C             -37.3274218272
 After initial atom grid ...
 Finish atom    2  H              -0.4992784034
 
 Superposition of atomic densities as initial guess.
 skipaocheck T F
 Solve HC=EC in pflmo space.  F       15       71
 Initial guess energy =   -152.3053577292
 

 Start SCF iteration......


Iter.   idiis  vshift       SCF Energy            DeltaE          RMSDeltaD          MaxDeltaD      Damping    Times(S) 
   1      0    0.000    -156.4128295427      -4.1074718134       0.0145373662       0.2760958650    0.0000      0.04
   2      1    0.000    -154.7892413310       1.6235882116       0.0067530647       0.1031878375    0.0000      0.03
   3      2    0.000    -154.8215354760      -0.0322941449       0.0037744506       0.0618928319    0.0000      0.04
   4      3    0.000    -154.9329961366      -0.1114606606       0.0003468185       0.0043227269    0.0000      0.04
   5      4    0.000    -154.9337356777      -0.0007395411       0.0000721153       0.0009988180    0.0000      0.03
   6      5    0.000    -154.9337636822      -0.0000280045       0.0000156475       0.0003308632    0.0000      0.03
   7      6    0.000    -154.9337652603      -0.0000015781       0.0000028682       0.0000469823    0.0000      0.04
   8      7    0.000    -154.9337652966      -0.0000000363       0.0000002919       0.0000055566    0.0000      0.03
   9      8    0.000    -154.9337652969      -0.0000000003       0.0000000698       0.0000019786    0.0000      0.04
 diis/vshift is closed at iter =   9
  10      0    0.000    -154.9337652969      -0.0000000000       0.0000000114       0.0000001955    0.0000      0.03

  Label              CPU Time        SYS Time        Wall Time
 SCF iteration time:         2.760 S        0.090 S        0.360 S

 Final DeltaE = -1.264766069652978E-011
 Final DeltaD =  1.138892216681716E-008  5.000000000000000E-005
 
 Final scf result
   E_tot =              -154.93376530
   E_ele =              -258.26890494
   E_nn  =               103.33513964
   E_1e  =              -412.06617739
   E_ne  =              -566.66648318
   E_kin =               154.60030578
   E_ee  =               153.79727246
   E_xc  =                 0.00000000
  Virial Theorem      2.002157
 

 [Final occupation pattern: ]
 
 Irreps:        Ag      Bg      Au      Bu  
 
 detailed occupation for iden/irep:      1   1
    1.00 1.00 1.00 1.00 1.00 1.00 1.00 0.00 0.00 0.00
    0.00 0.00 0.00 0.00 0.00 0.00 0.00 0.00 0.00 0.00
    0.00 0.00 0.00 0.00 0.00 0.00 0.00 0.00 0.00 0.00
    0.00 0.00
 detailed occupation for iden/irep:      1   2
    1.00 0.00 0.00 0.00 0.00 0.00 0.00 0.00 0.00 0.00
    0.00
 detailed occupation for iden/irep:      1   3
    1.00 0.00 0.00 0.00 0.00 0.00 0.00 0.00 0.00 0.00
    0.00
 detailed occupation for iden/irep:      1   4
    1.00 1.00 1.00 1.00 1.00 1.00 0.00 0.00 0.00 0.00
    0.00 0.00 0.00 0.00 0.00 0.00 0.00 0.00 0.00 0.00
    0.00 0.00 0.00 0.00 0.00 0.00 0.00 0.00 0.00 0.00
    0.00 0.00
 Alpha       7.00    1.00    1.00    6.00
 

 [Orbital energies:]

 Energy of occ-orbs:    Ag            7
             -11.24533253     -11.23817753      -1.08890743      -0.82340690      -0.62929658
              -0.55335663      -0.48938530
 Energy of vir-orbs:    Ag           25
               0.20602551       0.26803966       0.27613527       0.44059124       0.59487159
               0.70016093       0.78406859       0.86586275       0.95393354       1.00312913
               1.18558228       1.23973897       1.35199485       1.59694501       1.73108933
               1.74041201       1.87388491       2.02421126       2.21798002       2.46784492
               2.53395651       2.65656107       2.80825366       3.05887228       3.50670349

 Energy of occ-orbs:    Bg            1
              -0.32043392
 Energy of vir-orbs:    Bg           10
               0.24137281       0.73283286       0.80984284       1.17176011       1.23986685
               1.70602652       1.91454195       1.93654438       2.14812536       2.42065498

 Energy of occ-orbs:    Au            1
              -0.44129805
 Energy of vir-orbs:    Au           10
               0.11798035       0.67408778       0.82728358       1.12168970       1.28358329
               1.31923086       1.83559402       1.99610400       2.16873542       2.41306065

 Energy of occ-orbs:    Bu            6
             -11.24454180     -11.23816598      -0.99680644      -0.74859547      -0.63906726
              -0.53904584
 Energy of vir-orbs:    Bu           26
               0.20155642       0.21405050       0.29255645       0.42930271       0.54604741
               0.57711363       0.70834915       0.75977071       0.88333848       0.92073123
               0.98246921       1.09964054       1.21810957       1.44834398       1.69593463
               1.73974025       1.87859809       1.90713529       2.07522198       2.23947959
               2.43774350       2.55392761       2.58396668       2.80348749       3.02448406
               3.34649113
 
 Alpha   HOMO energy:      -0.32043392 au      -8.71945423 eV  Irrep: Bg      
 Alpha   LUMO energy:       0.11798035 au       3.21041011 eV  Irrep: Au      
 HOMO-LUMO gap:       0.43841427 au      11.92986433 eV
 
 Frontier orbitals of each irrep:
 
  Symmetry   1 Ag      
 
         Orbital                 2              3              4              5              6              7
         Energy            -11.23818       -1.08891       -0.82341       -0.62930       -0.55336       -0.48939
         Occ No.             2.00000        2.00000        2.00000        2.00000        2.00000        2.00000
      1 1C|1S0              -0.99590       -0.01798       -0.01911        0.00179       -0.00002        0.00022
      2 1C|2S0              -0.00397        0.23856        0.29992       -0.01828       -0.05945       -0.01257
      3 1C|3S0               0.00726        0.08804        0.23420       -0.03568       -0.05127        0.00889
      4 1C|2P-1             -0.00019       -0.07304        0.05265       -0.33410        0.19957        0.17780
      5 1C|3P-1             -0.00023       -0.00685        0.03316       -0.11906        0.07756        0.06617
      6 1C|2P1               0.00017        0.08897       -0.10246       -0.11939       -0.37257        0.17747
      7 1C|3P1               0.00039       -0.00715       -0.02307       -0.03750       -0.15278        0.09794
      8 1C|3D-2              0.00002       -0.01694        0.00687       -0.00913        0.02208       -0.00016
      9 1C|3D0               0.00076       -0.00545       -0.00377       -0.00030       -0.00163       -0.00234
     10 1C|3D2              -0.00011        0.00538       -0.00380        0.00063        0.00250       -0.04458
     11 2H|1S0               0.00032        0.08723        0.18623       -0.29650        0.06158        0.22351
     12 2H|2S0              -0.00125        0.00781        0.02933       -0.09138        0.03142        0.12893
     13 2H|2P-1             -0.00052       -0.01553       -0.02206        0.02082        0.00128       -0.00978
     14 2H|2P1              -0.00017       -0.00195       -0.00780        0.00498       -0.01002        0.00479
     15 3H|1S0               0.00046        0.07385        0.22903        0.14272        0.24304       -0.22999
     16 3H|2S0              -0.00117       -0.00090        0.04388        0.04683        0.09827       -0.11543
     17 3H|2P-1              0.00021        0.00017        0.00900       -0.00424        0.01067        0.00392
     18 3H|2P1               0.00056        0.01347        0.02546        0.01130        0.01226       -0.01179
     19 4C|1S0               0.11052       -0.02670        0.00681       -0.00467       -0.00205       -0.00216
     20 4C|2S0               0.00087        0.36425       -0.20668        0.01790       -0.00748       -0.05057
     21 4C|3S0              -0.00250        0.25760       -0.14059        0.02877        0.03856       -0.09026
     22 4C|2P-1             -0.00001        0.07094        0.07779       -0.13458       -0.31671       -0.26195
     23 4C|3P-1             -0.00050        0.07839        0.01925       -0.05578       -0.10172       -0.12963
     24 4C|2P1              -0.00011        0.03663       -0.24745       -0.32561        0.28300       -0.31428
     25 4C|3P1               0.00043       -0.00842       -0.08567       -0.12345        0.09564       -0.11825
     26 4C|3D-2              0.00015       -0.01079       -0.02529       -0.00333        0.03983        0.01269
     27 4C|3D0              -0.00029       -0.01877        0.00707        0.00345       -0.00334        0.00167
     28 4C|3D2              -0.00021        0.01826       -0.01241       -0.00441       -0.00044       -0.05154
     29 5H|1S0              -0.00017        0.13126       -0.11865        0.18356        0.20833        0.31795
     30 5H|2S0               0.00006        0.02325       -0.02143        0.05056        0.09807        0.17174
     31 5H|2P-1             -0.00028        0.01967       -0.01170        0.01613        0.00795        0.01514
     32 5H|2P1               0.00002        0.00666       -0.00885       -0.00102        0.01438       -0.00130
 
         Orbital                 8              9             10             11             12             13
         Energy              0.20603        0.26804        0.27614        0.44059        0.59487        0.70016
         Occ No.             0.00000        0.00000        0.00000        0.00000        0.00000        0.00000
      1 1C|1S0              -0.05900       -0.01915       -0.05211       -0.08463       -0.05843       -0.17574
      2 1C|2S0               0.03638        0.02190        0.06135       -0.09567       -0.13144       -0.31049
      3 1C|3S0               1.85160        0.54897        1.43159        4.46643       -0.17385        0.33119
      4 1C|2P-1              0.09781        0.23330        0.02545       -0.09850        0.22775        0.15262
      5 1C|3P-1              0.31319        1.15756       -0.32927       -2.48451       -0.93873        0.00953
      6 1C|2P1              -0.14114        0.18221       -0.11398        0.03062       -0.16096       -0.20941
      7 1C|3P1              -0.22194        1.10304       -0.65545        2.56601        0.43887        0.10305
      8 1C|3D-2              0.00146        0.00613        0.01414       -0.00640        0.03776       -0.07697
      9 1C|3D0              -0.02514       -0.00704       -0.01660       -0.07125       -0.00448        0.19138
     10 1C|3D2              -0.00203       -0.01776        0.02279        0.04561       -0.11000       -0.04540
     11 2H|1S0               0.00971       -0.01284       -0.05461        0.02784        0.61412       -0.53254
     12 2H|2S0              -0.85650       -2.23650       -0.50303        0.68978       -0.00244        0.08656
     13 2H|2P-1              0.01387        0.02596        0.00271        0.00890        0.03824       -0.06826
     14 2H|2P1              -0.00444        0.00563        0.01839        0.03452       -0.01169       -0.01779
     15 3H|1S0              -0.04199        0.00693        0.04790        0.24377       -0.20489       -0.40384
     16 3H|2S0              -1.11279        1.59524       -1.57530        0.53555        0.25143        0.26519
     17 3H|2P-1             -0.00057       -0.00051       -0.00485       -0.00284       -0.05642        0.05832
     18 3H|2P1              -0.02045        0.01999       -0.02364       -0.04349        0.05281        0.08645
     19 4C|1S0              -0.02531        0.00602        0.03687        0.06720       -0.02196       -0.30226
     20 4C|2S0               0.04548       -0.03780       -0.07034       -0.01200       -0.02028       -0.65103
     21 4C|3S0               0.80311       -0.12441       -1.59214       -4.10491       -0.27791        0.48644
     22 4C|2P-1             -0.16796        0.01818        0.11600       -0.12276       -0.16705       -0.35805
     23 4C|3P-1             -1.16139       -0.29917        1.07213       -3.89467        0.22664        0.54084
     24 4C|2P1              -0.03463        0.01680        0.12778        0.02028        0.35505       -0.20595
     25 4C|3P1               0.02043       -0.19195        0.52368        2.49682       -0.53427        0.17672
     26 4C|3D-2              0.01467       -0.00114       -0.00521        0.04853        0.05148       -0.02060
     27 4C|3D0              -0.00725       -0.00379        0.01696        0.02895        0.05464        0.19797
     28 4C|3D2              -0.00530       -0.01912        0.00981       -0.02312        0.10195       -0.00001
     29 5H|1S0               0.02953        0.05806        0.02778        0.04413       -0.34943       -0.29944
     30 5H|2S0              -1.41148        0.14526        2.05579       -1.86414        0.19321        0.15192
     31 5H|2P-1             -0.01170       -0.00188        0.02568       -0.01145        0.06948        0.07563
     32 5H|2P1              -0.01223        0.00236        0.00966       -0.01000       -0.02687        0.05230
 
 
  Symmetry   2 Bg      
 
         Orbital                33             34             35             36             37             38
         Energy             -0.32043        0.24137        0.73283        0.80984        1.17176        1.23987
         Occ No.             2.00000        0.00000        0.00000        0.00000        0.00000        0.00000
      1 1C|2P0               0.44124        0.22396        0.94422        0.42755       -0.10446        0.12212
      2 1C|3P0               0.37902        0.82037       -0.93817       -0.82950       -0.15565       -0.07954
      3 1C|3D-1             -0.02155        0.03406       -0.02242        0.03957        0.11750        0.51634
      4 1C|3D1               0.02201       -0.01227        0.05683       -0.16835        0.46487        0.13666
      5 2H|2P0               0.01489        0.01771        0.04022        0.00276        0.06727        0.40639
      6 3H|2P0               0.01588        0.01067        0.03181        0.05473       -0.30802       -0.18468
      7 4C|2P0               0.33450       -0.43547        0.27187       -0.97625       -0.32937        0.10739
      8 4C|3P0               0.28107       -1.19456       -0.35590        1.83266        0.69567       -0.01653
      9 4C|3D-1              0.02615        0.02825        0.11599       -0.05185        0.48951       -0.30878
     10 4C|3D1              -0.04169        0.01879       -0.09322        0.02923        0.00479        0.16047
     11 5H|2P0               0.01120       -0.02868       -0.01462        0.00464       -0.15771        0.21739
 
         Orbital                39
         Energy              1.70603
         Occ No.             0.00000
      1 1C|2P0              -0.11365
      2 1C|3P0              -0.67594
      3 1C|3D-1              0.49526
      4 1C|3D1              -0.33085
      5 2H|2P0               0.16197
      6 3H|2P0               0.51180
      7 4C|2P0               0.22178
      8 4C|3P0               1.14471
      9 4C|3D-1              0.51197
     10 4C|3D1               0.35991
     11 5H|2P0              -0.39134
 
 
  Symmetry   3 Au      
 
         Orbital                44             45             46             47             48             49
         Energy             -0.44130        0.11798        0.67409        0.82728        1.12169        1.28358
         Occ No.             2.00000        0.00000        0.00000        0.00000        0.00000        0.00000
      1 1C|2P0               0.32091        0.41803        0.68642        0.72617       -0.08839       -0.26156
      2 1C|3P0               0.22349        0.72640       -0.60535       -1.17959        0.06110        0.30800
      3 1C|3D-1             -0.02360        0.01345       -0.08021        0.04325       -0.41336       -0.14835
      4 1C|3D1               0.02443       -0.02092        0.06671       -0.01513       -0.26671        0.51962
      5 2H|2P0               0.01142        0.01966        0.02129        0.02295       -0.23295        0.03500
      6 3H|2P0               0.01060        0.02219        0.02772        0.00250        0.15649       -0.36630
      7 4C|2P0               0.42778       -0.32047        0.67449       -0.73916        0.09737        0.00457
      8 4C|3P0               0.27871       -0.51317       -0.49862        1.02252       -0.04890       -0.12419
      9 4C|3D-1              0.02307        0.01328        0.09921        0.05321       -0.25139        0.16017
     10 4C|3D1               0.00426       -0.04495       -0.00650       -0.18874       -0.43486       -0.42835
     11 5H|2P0               0.01484       -0.01432        0.00504       -0.01514        0.18814       -0.07646
 
         Orbital                50
         Energy              1.31923
         Occ No.             0.00000
      1 1C|2P0              -0.06917
      2 1C|3P0               0.06438
      3 1C|3D-1             -0.37303
      4 1C|3D1              -0.02902
      5 2H|2P0              -0.35551
      6 3H|2P0               0.16486
      7 4C|2P0              -0.16682
      8 4C|3P0               0.11922
      9 4C|3D-1              0.41214
     10 4C|3D1               0.19596
     11 5H|2P0              -0.44557
 
 
  Symmetry   4 Bu      
 
         Orbital                55             56             57             58             59             60
         Energy            -11.24454      -11.23817       -0.99681       -0.74860       -0.63907       -0.53905
         Occ No.             2.00000        2.00000        2.00000        2.00000        2.00000        2.00000
      1 1C|1S0              -0.12537       -0.99415        0.02439       -0.00602        0.00541       -0.00166
      2 1C|2S0              -0.00021       -0.00414       -0.34590        0.13811       -0.04727       -0.01756
      3 1C|3S0              -0.00026        0.00819       -0.21015        0.08151       -0.06821       -0.00788
      4 1C|2P-1             -0.00005       -0.00013        0.08208        0.20064       -0.11971        0.36077
      5 1C|3P-1              0.00011       -0.00076        0.01909        0.08274       -0.05065        0.14274
      6 1C|2P1               0.00003        0.00012       -0.07431       -0.04803        0.38633        0.16448
      7 1C|3P1              -0.00077        0.00069        0.00305       -0.02749        0.13796        0.06128
      8 1C|3D-2              0.00009        0.00005        0.01606        0.01379       -0.02187        0.00763
      9 1C|3D0              -0.00039        0.00078        0.00743        0.00048       -0.00049       -0.00000
     10 1C|3D2              -0.00005        0.00001        0.00390        0.00690       -0.00460       -0.03070
     11 2H|1S0              -0.00012        0.00039       -0.13587        0.21605       -0.05545        0.34789
     12 2H|2S0              -0.00020       -0.00104       -0.01496        0.04531       -0.01270        0.15409
     13 2H|2P-1              0.00016       -0.00056        0.02067       -0.02009        0.00318       -0.02002
     14 2H|2P1              -0.00005       -0.00020        0.00282       -0.00697        0.01154       -0.00150
     15 3H|1S0              -0.00016        0.00037       -0.14053        0.08631       -0.31313       -0.24152
     16 3H|2S0              -0.00035       -0.00107       -0.00566        0.02186       -0.09890       -0.10775
     17 3H|2P-1              0.00004        0.00020       -0.00396        0.00602       -0.01036        0.00595
     18 3H|2P1              -0.00011        0.00055       -0.02263        0.00871       -0.02074       -0.01554
     19 4C|1S0              -0.99426        0.12607        0.01852        0.00918       -0.00263       -0.00490
     20 4C|2S0              -0.00433        0.00078       -0.22997       -0.24058        0.09332        0.04595
     21 4C|3S0               0.01016       -0.00196       -0.21318       -0.16641        0.08444        0.10966
     22 4C|2P-1              0.00014        0.00005       -0.10510        0.22072        0.29805       -0.21135
     23 4C|3P-1              0.00074       -0.00091       -0.04419        0.09066        0.11160       -0.07178
     24 4C|2P1              -0.00021       -0.00005        0.17191        0.10183       -0.10455        0.05837
     25 4C|3P1               0.00222        0.00183        0.01546        0.00986        0.00630        0.04021
     26 4C|3D-2             -0.00005        0.00004        0.01889        0.00435       -0.00174       -0.00280
     27 4C|3D0               0.00092       -0.00061        0.00743       -0.00124        0.00122       -0.00002
     28 4C|3D2              -0.00011        0.00009        0.00926        0.00867       -0.01249       -0.02804
     29 5H|1S0               0.00037       -0.00026       -0.08080       -0.31500       -0.14402        0.20982
     30 5H|2S0              -0.00090       -0.00010       -0.01393       -0.06845       -0.03309        0.09095
     31 5H|2P-1              0.00061       -0.00025       -0.01283       -0.03044       -0.00765        0.01327
     32 5H|2P1               0.00013       -0.00009        0.00043       -0.00715       -0.00718        0.00298
 
         Orbital                61             62             63             64             65             66
         Energy              0.20156        0.21405        0.29256        0.42930        0.54605        0.57711
         Occ No.             0.00000        0.00000        0.00000        0.00000        0.00000        0.00000
      1 1C|1S0               0.01842        0.05433       -0.00265       -0.07873       -0.02014       -0.07745
      2 1C|2S0              -0.04644       -0.11554       -0.00901       -0.05420        0.11603       -0.19745
      3 1C|3S0              -0.54170       -1.67568        0.18412        1.74735        2.87285        0.79888
      4 1C|2P-1             -0.16933       -0.03209        0.15891        0.05207       -0.13440        0.18188
      5 1C|3P-1             -0.68127       -0.25345        1.09175       -0.32314       -2.82233       -1.02076
      6 1C|2P1              -0.08186        0.14363        0.14280       -0.04833        0.22174       -0.21584
      7 1C|3P1              -0.18813        0.78507        1.05555        2.28761        1.42693        0.81897
      8 1C|3D-2             -0.00774       -0.01561       -0.00823        0.00624       -0.01009        0.01533
      9 1C|3D0               0.00804        0.01329       -0.00119       -0.04986        0.00401       -0.05335
     10 1C|3D2               0.00278       -0.00271       -0.00144       -0.04144       -0.00647        0.16475
     11 2H|1S0               0.02392        0.01772       -0.05299        0.21257        0.12240       -0.15965
     12 2H|2S0               1.38461        0.86976       -1.74519       -0.93366        1.50643        0.64668
     13 2H|2P-1             -0.01756       -0.01064        0.01934        0.02870       -0.00548       -0.04624
     14 2H|2P1              -0.00166       -0.00755        0.00402        0.00989       -0.01182        0.04047
     15 3H|1S0              -0.00166        0.02118        0.05815        0.02309        0.02231        0.57330
     16 3H|2S0              -0.31234        1.75414        1.67206        0.91197        0.37057       -0.44058
     17 3H|2P-1              0.00284        0.00632        0.00783       -0.03158       -0.00828        0.00380
     18 3H|2P1              -0.00373        0.02250        0.01207        0.01671       -0.00387       -0.07282
     19 4C|1S0              -0.02763        0.02129       -0.02122        0.12435        0.00407        0.01308
     20 4C|2S0               0.05115        0.01556        0.13257       -0.02009       -0.00877        0.10097
     21 4C|3S0               0.73304       -0.75426        0.90430       -5.66637       -0.51350       -0.86977
     22 4C|2P-1             -0.17861        0.08710       -0.10483       -0.24080       -0.04931       -0.03065
     23 4C|3P-1             -0.61312        0.09640       -0.95537       -1.93500       -0.71023        0.03795
     24 4C|2P1              -0.07266       -0.00860        0.09107       -0.07048        0.25208        0.37644
     25 4C|3P1              -0.10871       -0.09199       -0.38425       -2.63787        4.79813        0.64149
     26 4C|3D-2              0.00368        0.02467       -0.00079        0.02205       -0.05811        0.09854
     27 4C|3D0              -0.01102        0.00753        0.00353        0.07392        0.01957        0.04881
     28 4C|3D2               0.00507       -0.00588       -0.04319       -0.02504        0.04724       -0.15289
     29 5H|1S0              -0.06155        0.03465       -0.01353        0.00456       -0.20989        0.47899
     30 5H|2S0              -1.51494        0.54822       -1.78736       -1.04578        0.84977       -0.01265
     31 5H|2P-1             -0.01690        0.01138       -0.02714        0.01649        0.02926       -0.04492
     32 5H|2P1              -0.01055       -0.01215        0.01239       -0.00479        0.02639       -0.01635
 
 
 [Mulliken Population Analysis]
  Atomic charges: 
     1C      -0.0344
     2H       0.0444
     3H       0.0537
     4C      -0.0904
     5H       0.0267
     6C      -0.0904
     7H       0.0267
     8C      -0.0344
     9H       0.0444
    10H       0.0537
     Sum:     0.0000
 
 [Lowdin Population Analysis]
  Atomic charges: 
     1C      -0.0468
     2H       0.0231
     3H       0.0267
     4C      -0.0327
     5H       0.0298
     6C      -0.0327
     7H       0.0298
     8C      -0.0468
     9H       0.0231
    10H       0.0267
     Sum:     0.0000
 
 
 [Dipole moment: Debye]
              X          Y          Z         |u|
   Elec:-.4369E-15 -.6146E-15 0.0000E+00
   Nucl:0.1580E-13 -.1129E-14 0.0000E+00
   Totl:    0.0000    -0.0000     0.0000     0.0000
 
 ---------------------------------------------------------------
  Timing of SCF calculation                                                       
 
  CPU TIME(S)      SYSTEM TIME(S)     WALL TIME(S)
          2.870            0.100               0.390
 ---------------------------------------------------------------
 
|******************************************************************************|
 
    Total cpu     time:          2.87  S
    Total system  time:          0.10  S
    Total wall    time:          0.39  S
 
    Current time   2022-04-23  20:36:01
    End running module scf
|******************************************************************************|
 
('tmpstdin ', True)
('npro is ', 1)
('\n BDF command: ', '/apps/users/lcz/bdf-pkg/bin/mcscf.x /scratch/trans-1,3-bivinyl-cas44-ccpvdz_874/trans-1,3-bivinyl-cas44-ccpvdzXX3.mcscf.inp')
  BDF process        0 of        1 on Serial  
 
|******************************************************************************|
 
    Start running module mcscf
    Current time   2022-04-23  20:36:01
 
|******************************************************************************|
 
 
                    **************************************************
                                            MCSCF                     
                       Write By Shuneng Mao, Bingbing Suo, Yibo Lei   
                    **************************************************

|-------------------------------------------------------------------------------------------|

 Atom           Cartcoord(Bohr)                 Charge Basis Auxbas Uatom Nstab Alink  Mass
  C       -3.153812     1.523264     0.000000     6.00    1     0     1     2   E     11.9967
  H       -2.669104     3.534007     0.000000     1.00    2     0     1     2   E      1.0073
  H       -5.159592     1.037028     0.000000     1.00    2     0     1     2   E      1.0073
  C       -1.352024    -0.263651     0.000000     6.00    1     0     1     2   E     11.9967
  H       -1.897611    -2.263346     0.000000     1.00    2     0     1     2   E      1.0073
  C        1.352024     0.263651     0.000000     6.00    1     0     0     0   E     11.9967
  H        1.897611     2.263346     0.000000     1.00    2     0     0     0   E      1.0073
  C        3.153812    -1.523264     0.000000     6.00    1     0     0     0   E     11.9967
  H        2.669104    -3.534007     0.000000     1.00    2     0     0     0   E      1.0073
  H        5.159592    -1.037028     0.000000     1.00    2     0     0     0   E      1.0073
 
|--------------------------------------------------------------------------------------------|

 $mcscf                                                                         
  
 guess                                                                          
  
 close                                                                          
  
 active                                                                         
  
 actel                                                                          
  
 spin                                                                           
  
 iprtmo                                                                         
  
 molden                                                                         
  
 $end                                                                           
  
 
    ******** Orbital information *******
     nsbas:    32   11   11   32
     nsorb:    32   11   11   32
     nscor:     0    0    0    0
     nscls:     7    0    0    6
     nsact:     0    2    2    0
     nsocc:     7    2    2    6
     nsval:     7    2    2    6
     nsvir:    25    9    9   26
     nsxvr:     0    0    0    0
 

    ******** MCSCF wavefunction information ********
    Group Sym:    4
    State Sym:    1
    Spin  Mul:    1
    Act  Elec:    4

          States average information
    Nstate:     1
    Nstmix:     1
    Istate:     1
    Weight:   1.000000

    ******** MCSCF solver ********
    Quasi-Newton     : F
    Werner-Algorithm : T
    GUGA-CI          : F
    UGA-CI           : T
    iCI              : F
    Selected         : F
    CASCI            : F
    CVS              : F
 Initial guess orbital: HF orbibtal
 
 Print initial guess orbital which may be sorted.
 

 Output to Molden format ...

  Start MCSCF iteration ...
 
 Total number of electronic repulsion integrals       1858671
Nuclear energy =    103.33513964
 
transform internal J and K oper need time =          0.24  s
SCF energy       -154.06605772 a.u.
mcscf_eneci(0)   -154.97031380 a.u.
 
The energy shift is :             0.0 a.u.
 

      Iter  MIC INN        Energy                Energy(Approx)    DeltaE    OrbGrad(0)  OrbGrad(1)   MaxRot       NLin NAug
 MACRO   1   4   0.   -154.988762317891      -154.989485951807   -.1845E-01  0.9491E-01  0.1692E-03  0.2556E-04      0    5
 MACRO   2   3   0.   -154.988777126474      -154.988778265260   -.1481E-04  0.9210E-02  0.1834E-03  0.1720E-04      0    3
 MACRO   3   2   0.   -154.988777126873      -154.988777126991   -.3994E-09  0.5596E-04  0.1731E-04  0.1482E-05      0    2
 
    State Averaged ci energy      -154.98877713
  CHECKDATA:MCSCF:NITER:        3
 ===============================================================
 MCSCF natural and resolution orbital coefficients:
 
 Print and Save MCSCF natural orbital
 
 
transform J and K oper need time =          0.33  s

Print final result



********** INITIAL GUESS INFO **********

  spintwo | symmetry |  nstates |     ncsf |     ncfg |   energy 
--------------------------------------------------------------------------------------
        0 |        0 |        1 |       12 |       11 |   -154.98877713, 


*************** Begin PRINT NONRELA CFGSPACE ***************

spintwo    = 0
irrep      = 0
nstates    = 1
ncfg       =           11
ncsf       =           12
ncsf full  =           12
ndet full  =           20
ndet eff   =           20

*********** state  0 ***********
Important ocfg:
    0 20200000000000000000000000000000    0     9.546207e-01  91.130064
    1 00220000000000000000000000000000    0    -1.813389e-01   3.288381
    2 11110000000000000000000000000000    0    -1.405098e-01   1.974299
    3 11110000000000000000000000000000    1    -1.279388e-01   1.636833
    4 20020000000000000000000000000000    0    -8.424428e-02   0.709710
    5 22000000000000000000000000000000    0    -7.813163e-02   0.610455
    6 02200000000000000000000000000000    0    -6.937969e-02   0.481354
    7 02020000000000000000000000000000    0     3.868628e-02   0.149663
    8 11020000000000000000000000000000    0    -9.782291e-03   0.009569
    9 02110000000000000000000000000000    0     9.755612e-03   0.009517
   10 20110000000000000000000000000000    0    -9.815003e-04   0.000096
   11 11200000000000000000000000000000    0     7.646363e-04   0.000058
check importance : 12 / 12 (  100.00)

****************************


*************** End PRINT NONRELA CFGSPACE ***************



****************************************

 
 Calculate atomic population
 
 
 Print atomic population of state :                      1
 
 [Mulliken Population Analysis]
  Atomic charges: 
     1C      -0.0207
     2H       0.0396
     3H       0.0484
     4C      -0.0888
     5H       0.0215
     6C      -0.0888
     7H       0.0215
     8C      -0.0207
     9H       0.0396
    10H       0.0484
     Sum:    -0.0000
 
 [Lowdin Population Analysis]
  Atomic charges: 
     1C      -0.0373
     2H       0.0202
     3H       0.0235
     4C      -0.0324
     5H       0.0259
     6C      -0.0324
     7H       0.0259
     8C      -0.0373
     9H       0.0202
    10H       0.0235
     Sum:    -0.0000
 
 
 Calculate (transition) dipole moment
 
 
 Print Dipole moment of state :                      1
 
 [Dipole moment: a.u.]
              X          Y          Z         |u|
   Elec:-.2989E-15 -.3400E-15 0.0000E+00
   Nucl:0.6217E-14 -.4441E-15 0.0000E+00
   Totl:    0.0000    -0.0000     0.0000     0.0000
 
 [Dipole moment: Debye]
              X          Y          Z         |u|
   Elec:-.7597E-15 -.8642E-15 0.0000E+00
   Nucl:0.1580E-13 -.1129E-14 0.0000E+00
   Totl:    0.0000    -0.0000     0.0000     0.0000
 

 *** Electric transition dipole moments (Au) ***
State  I   J         X            Y            Z            |u|        f / Osc.
 
 
  HESSIAN diagonal    it=                    -1

 Output to Molden format ...

 Print CMO informations =                      1
 Frontier orbitals of each irrep:
 
  Symmetry   1 Ag      
 
         Orbital                 2              3              4              5              6              7
         Energy            -11.22598       -1.08310       -0.81818       -0.62451       -0.54802       -0.48435
         Occ No.             2.00000        2.00000        2.00000        2.00000        2.00000        2.00000
      1 1C|1S0              -0.99373       -0.01819       -0.01976        0.00189        0.00013        0.00027
      2 1C|2S0              -0.00417        0.23906        0.29762       -0.01767        0.06087       -0.01185
      3 1C|3S0               0.00732        0.08936        0.23596       -0.03566        0.05203        0.00836
      4 1C|2P-1             -0.00015       -0.07346        0.05273       -0.33189       -0.20197        0.17341
      5 1C|3P-1             -0.00024       -0.00714        0.03288       -0.11945       -0.07825        0.06612
      6 1C|2P1               0.00013        0.08920       -0.10229       -0.12220        0.36904        0.17694
      7 1C|3P1               0.00042       -0.00689       -0.02265       -0.03922        0.15283        0.09907
      8 1C|3D-2              0.00004       -0.01690        0.00716       -0.00906       -0.02242       -0.00028
      9 1C|3D0               0.00075       -0.00572       -0.00329       -0.00054        0.00124       -0.00233
     10 1C|3D2              -0.00010        0.00532       -0.00376        0.00040       -0.00213       -0.04401
     11 2H|1S0               0.00032        0.08770        0.18659       -0.29742       -0.06449        0.22183
     12 2H|2S0              -0.00126        0.00805        0.03023       -0.09341       -0.03373        0.12975
     13 2H|2P-1             -0.00053       -0.01551       -0.02201        0.02091       -0.00114       -0.00974
     14 2H|2P1              -0.00018       -0.00188       -0.00779        0.00482        0.00999        0.00487
     15 3H|1S0               0.00047        0.07437        0.22957        0.14611       -0.24113       -0.23020
     16 3H|2S0              -0.00117       -0.00069        0.04519        0.04874       -0.09950       -0.11726
     17 3H|2P-1              0.00021        0.00013        0.00893       -0.00422       -0.01065        0.00387
     18 3H|2P1               0.00057        0.01346        0.02541        0.01153       -0.01211       -0.01178
     19 4C|1S0               0.12921       -0.02723        0.00770       -0.00465        0.00232       -0.00198
     20 4C|2S0               0.00098        0.36245       -0.20618        0.01694        0.00805       -0.05156
     21 4C|3S0              -0.00261        0.25748       -0.14408        0.02862       -0.03725       -0.09189
     22 4C|2P-1              0.00001        0.07137        0.07710       -0.13376        0.31527       -0.25905
     23 4C|3P-1             -0.00046        0.07731        0.01836       -0.05599        0.10354       -0.12996
     24 4C|2P1              -0.00013        0.03447       -0.24449       -0.32127       -0.28319       -0.31685
     25 4C|3P1               0.00041       -0.00820       -0.08537       -0.12395       -0.09833       -0.12243
     26 4C|3D-2              0.00010       -0.01090       -0.02536       -0.00327       -0.04037        0.01239
     27 4C|3D0              -0.00030       -0.01870        0.00652        0.00332        0.00289        0.00166
     28 4C|3D2              -0.00020        0.01802       -0.01209       -0.00369        0.00076       -0.05067
     29 5H|1S0              -0.00016        0.13128       -0.11970        0.18268       -0.20916        0.31788
     30 5H|2S0               0.00009        0.02324       -0.02256        0.05121       -0.10041        0.17446
     31 5H|2P-1             -0.00028        0.01961       -0.01177        0.01606       -0.00793        0.01521
     32 5H|2P1               0.00001        0.00650       -0.00879       -0.00101       -0.01427       -0.00145
 
         Orbital                 8              9             10             11             12             13
         Energy              0.20795        0.26980        0.27793        0.44252        0.59728        0.70397
         Occ No.             0.00000        0.00000        0.00000        0.00000        0.00000        0.00000
      1 1C|1S0               0.05980        0.01952       -0.05270       -0.08519        0.05933       -0.17689
      2 1C|2S0              -0.03477       -0.02166        0.06011       -0.09696        0.13381       -0.31109
      3 1C|3S0              -1.85907       -0.55421        1.42879        4.47779        0.16992        0.34489
      4 1C|2P-1             -0.09700       -0.23219        0.02507       -0.09781       -0.22927        0.15076
      5 1C|3P-1             -0.31268       -1.16285       -0.32861       -2.48991        0.94008        0.00966
      6 1C|2P1               0.14138       -0.18102       -0.11325        0.03005        0.16120       -0.20920
      7 1C|3P1               0.22596       -1.10618       -0.66093        2.56998       -0.43518        0.10969
      8 1C|3D-2             -0.00198       -0.00621        0.01442       -0.00721       -0.03760       -0.07686
      9 1C|3D0               0.02492        0.00698       -0.01636       -0.07137        0.00495        0.19267
     10 1C|3D2               0.00187        0.01772        0.02269        0.04548        0.10960       -0.04565
     11 2H|1S0              -0.01045        0.01101       -0.05432        0.02703       -0.61545       -0.53647
     12 2H|2S0               0.85420        2.24265       -0.50277        0.69107        0.00254        0.08739
     13 2H|2P-1             -0.01400       -0.02626        0.00277        0.00892       -0.03837       -0.06887
     14 2H|2P1               0.00432       -0.00556        0.01840        0.03430        0.01162       -0.01831
     15 3H|1S0               0.04040       -0.00554        0.04933        0.24294        0.20464       -0.40859
     16 3H|2S0               1.11983       -1.59542       -1.57789        0.53569       -0.24653        0.26965
     17 3H|2P-1              0.00059        0.00060       -0.00488       -0.00281        0.05617        0.05859
     18 3H|2P1               0.02075       -0.02015       -0.02383       -0.04357       -0.05258        0.08770
     19 4C|1S0               0.02581       -0.00624        0.03743        0.06795        0.02330       -0.30171
     20 4C|2S0              -0.04413        0.03750       -0.06925       -0.01067        0.02265       -0.65125
     21 4C|3S0              -0.80398        0.12364       -1.59342       -4.11600        0.27213        0.48186
     22 4C|2P-1              0.16733       -0.01764        0.11512       -0.12186        0.16576       -0.35708
     23 4C|3P-1              1.16653        0.30182        1.08188       -3.90215       -0.22447        0.52714
     24 4C|2P1               0.03419       -0.01669        0.12783        0.01996       -0.35514       -0.20232
     25 4C|3P1              -0.02228        0.19333        0.52402        2.50170        0.53359        0.17507
     26 4C|3D-2             -0.01487        0.00116       -0.00539        0.04928       -0.05165       -0.02025
     27 4C|3D0               0.00712        0.00383        0.01679        0.02911       -0.05481        0.19608
     28 4C|3D2               0.00527        0.01890        0.00974       -0.02280       -0.10136        0.00009
     29 5H|1S0              -0.03134       -0.05798        0.02610        0.04492        0.35023       -0.29582
     30 5H|2S0               1.41283       -0.14391        2.06295       -1.86544       -0.19041        0.14142
     31 5H|2P-1              0.01194        0.00186        0.02602       -0.01151       -0.06939        0.07493
     32 5H|2P1               0.01230       -0.00238        0.00974       -0.01036        0.02663        0.05237
 
 
  Symmetry   2 Bg      
 
         Orbital                33             34             35             36             37             38
         Energy             -0.30425        0.32751        0.69141        0.76251        1.17450        1.24257
         Occ No.             1.88521        0.06123        0.00000        0.00000        0.00000        0.00000
      1 1C|2P0              -0.45895       -0.54125       -0.86434       -0.29233       -0.11214       -0.11544
      2 1C|3P0              -0.35898       -0.32763        1.45572       -0.19264       -0.14596        0.07956
      3 1C|3D-1              0.01818       -0.00826        0.01161        0.03506        0.11605       -0.51622
      4 1C|3D1              -0.01854        0.01188        0.03364       -0.15413        0.46889       -0.13600
      5 2H|2P0              -0.01486       -0.00874       -0.02400       -0.02726        0.06717       -0.40594
      6 3H|2P0              -0.01580       -0.00796       -0.04341        0.01553       -0.31009        0.18453
      7 4C|2P0              -0.35207        0.71804        0.16584       -0.83475       -0.30558       -0.10776
      8 4C|3P0              -0.27304        0.54674       -1.12737        1.83937        0.68363        0.01985
      9 4C|3D-1             -0.02188        0.00722       -0.04609       -0.11615        0.48772        0.31004
     10 4C|3D1               0.03780       -0.02168        0.06089        0.07659        0.00417       -0.16055
     11 5H|2P0              -0.01138        0.01238       -0.00377        0.01811       -0.15688       -0.21787
 
         Orbital                39
         Energy              1.70425
         Occ No.             0.00000
      1 1C|2P0              -0.07997
      2 1C|3P0              -0.67657
      3 1C|3D-1              0.49752
      4 1C|3D1              -0.33737
      5 2H|2P0               0.16828
      6 3H|2P0               0.51240
      7 4C|2P0               0.17241
      8 4C|3P0               1.13630
      9 4C|3D-1              0.51622
     10 4C|3D1               0.35238
     11 5H|2P0              -0.39140
 
 
  Symmetry   3 Au      
 
         Orbital                44             45             46             47             48             49
         Energy             -0.42789        0.14866        0.67332        0.79053        1.12492        1.28564
         Occ No.             1.93420        0.11935        0.00000        0.00000        0.00000        0.00000
      1 1C|2P0              -0.33292       -0.62502        0.69216       -0.57740        0.06490       -0.23593
      2 1C|3P0              -0.21602       -0.42857       -0.69956        1.27710       -0.05410        0.30504
      3 1C|3D-1              0.02054       -0.00253       -0.07756       -0.04576        0.41261       -0.14461
      4 1C|3D1              -0.02115        0.00255        0.06624        0.01209        0.26668        0.51921
      5 2H|2P0              -0.01135       -0.01253        0.02132       -0.01594        0.23170        0.03861
      6 3H|2P0              -0.01060       -0.01326        0.02669        0.00496       -0.15698       -0.36580
      7 4C|2P0              -0.43984        0.47320        0.64962        0.68529       -0.07868       -0.00831
      8 4C|3P0              -0.26956        0.30207       -0.42789       -1.13884        0.04187       -0.12035
      9 4C|3D-1             -0.02040       -0.00534        0.09942       -0.04275        0.24827        0.16159
     10 4C|3D1              -0.00605        0.02733       -0.00986        0.15824        0.44044       -0.43268
     11 5H|2P0              -0.01472        0.00859        0.00558        0.01209       -0.18670       -0.07648
 
         Orbital                50
         Energy              1.32203
         Occ No.             0.00000
      1 1C|2P0               0.07381
      2 1C|3P0              -0.06642
      3 1C|3D-1              0.37390
      4 1C|3D1               0.02611
      5 2H|2P0               0.35568
      6 3H|2P0              -0.16291
      7 4C|2P0               0.15969
      8 4C|3P0              -0.11846
      9 4C|3D-1             -0.41230
     10 4C|3D1              -0.19626
     11 5H|2P0               0.44571
 
 
  Symmetry   4 Bu      
 
         Orbital                55             56             57             58             59             60
         Energy            -11.23125      -11.22597       -0.99185       -0.74389       -0.63411       -0.53455
         Occ No.             2.00000        2.00000        2.00000        2.00000        2.00000        2.00000
      1 1C|1S0               0.15004        0.99080       -0.02472       -0.00651       -0.00577       -0.00170
      2 1C|2S0               0.00034        0.00433        0.34526        0.13687        0.04569       -0.01773
      3 1C|3S0               0.00006       -0.00828        0.21032        0.08309        0.06828       -0.00800
      4 1C|2P-1              0.00006        0.00009       -0.08252        0.20002        0.11732        0.35899
      5 1C|3P-1             -0.00005        0.00081       -0.01887        0.08238        0.04970        0.14438
      6 1C|2P1              -0.00005       -0.00009        0.07469       -0.04776       -0.38527        0.16094
      7 1C|3P1               0.00078       -0.00070       -0.00286       -0.02713       -0.13824        0.06141
      8 1C|3D-2             -0.00006       -0.00006       -0.01598        0.01400        0.02210        0.00782
      9 1C|3D0               0.00038       -0.00077       -0.00753        0.00092        0.00096        0.00011
     10 1C|3D2               0.00006       -0.00001       -0.00387        0.00696        0.00448       -0.02997
     11 2H|1S0               0.00010       -0.00040        0.13610        0.21681        0.05342        0.34828
     12 2H|2S0               0.00021        0.00103        0.01510        0.04674        0.01260        0.15608
     13 2H|2P-1             -0.00014        0.00057       -0.02062       -0.02013       -0.00301       -0.02008
     14 2H|2P1               0.00005        0.00021       -0.00274       -0.00693       -0.01152       -0.00152
     15 3H|1S0               0.00015       -0.00038        0.14090        0.08634        0.31484       -0.24002
     16 3H|2S0               0.00039        0.00107        0.00610        0.02239        0.10176       -0.10834
     17 3H|2P-1             -0.00004       -0.00020        0.00385        0.00603        0.01024        0.00604
     18 3H|2P1               0.00009       -0.00057        0.02257        0.00869        0.02083       -0.01550
     19 4C|1S0               0.99089       -0.15073       -0.01865        0.00986        0.00285       -0.00510
     20 4C|2S0               0.00451       -0.00091        0.22944       -0.23892       -0.09352        0.04504
     21 4C|3S0              -0.01040        0.00210        0.21145       -0.16728       -0.08798        0.10801
     22 4C|2P-1             -0.00011       -0.00007        0.10509        0.21809       -0.29560       -0.21193
     23 4C|3P-1             -0.00079        0.00090        0.04371        0.09051       -0.11247       -0.07383
     24 4C|2P1               0.00015        0.00007       -0.17165        0.10195        0.10403        0.05837
     25 4C|3P1              -0.00238       -0.00187       -0.01694        0.01172       -0.00648        0.03898
     26 4C|3D-2              0.00004       -0.00001       -0.01895        0.00414        0.00212       -0.00251
     27 4C|3D0              -0.00087        0.00064       -0.00772       -0.00159       -0.00097        0.00025
     28 4C|3D2               0.00010       -0.00009       -0.00909        0.00824        0.01267       -0.02760
     29 5H|1S0              -0.00037        0.00027        0.08085       -0.31490        0.14350        0.21149
     30 5H|2S0               0.00089        0.00006        0.01385       -0.06994        0.03388        0.09271
     31 5H|2P-1             -0.00062        0.00027        0.01277       -0.03041        0.00760        0.01338
     32 5H|2P1              -0.00013        0.00010       -0.00048       -0.00707        0.00714        0.00301
 
         Orbital                61             62             63             64             65             66
         Energy              0.20335        0.21565        0.29453        0.43139        0.54886        0.58014
         Occ No.             0.00000        0.00000        0.00000        0.00000        0.00000        0.00000
      1 1C|1S0               0.01885        0.05506        0.00259       -0.07994        0.02005       -0.07729
      2 1C|2S0              -0.04628       -0.11399        0.00870       -0.05686       -0.11653       -0.19683
      3 1C|3S0              -0.54568       -1.67600       -0.18671        1.75533       -2.88899        0.80705
      4 1C|2P-1             -0.16847       -0.03125       -0.15805        0.05289        0.13381        0.18048
      5 1C|3P-1             -0.68482       -0.25318       -1.09841       -0.32419        2.83128       -1.02786
      6 1C|2P1              -0.08179        0.14334       -0.14158       -0.05001       -0.22158       -0.21332
      7 1C|3P1              -0.18892        0.79282       -1.05896        2.28974       -1.43702        0.81810
      8 1C|3D-2             -0.00802       -0.01613        0.00825        0.00584        0.01140        0.01559
      9 1C|3D0               0.00785        0.01289        0.00134       -0.04998       -0.00376       -0.05377
     10 1C|3D2               0.00274       -0.00262        0.00165       -0.04079        0.00737        0.16504
     11 2H|1S0               0.02265        0.01682        0.05142        0.21235       -0.12312       -0.15997
     12 2H|2S0               1.38969        0.86574        1.75179       -0.93342       -1.50674        0.65154
     13 2H|2P-1             -0.01772       -0.01073       -0.01966        0.02877        0.00524       -0.04639
     14 2H|2P1              -0.00169       -0.00766       -0.00395        0.00984        0.01216        0.04048
     15 3H|1S0              -0.00126        0.01953       -0.05692        0.02362       -0.02021        0.57657
     16 3H|2S0              -0.31195        1.76102       -1.67348        0.90620       -0.37890       -0.44124
     17 3H|2P-1              0.00291        0.00636       -0.00772       -0.03143        0.00807        0.00372
     18 3H|2P1              -0.00375        0.02274       -0.01225        0.01651        0.00357       -0.07362
     19 4C|1S0              -0.02813        0.02165        0.02197        0.12555       -0.00409        0.01202
     20 4C|2S0               0.05038        0.01654       -0.13075       -0.01724        0.00920        0.09843
     21 4C|3S0               0.73469       -0.76267       -0.90498       -5.68522        0.51468       -0.84699
     22 4C|2P-1             -0.17718        0.08700        0.10468       -0.23944        0.04861       -0.03151
     23 4C|3P-1             -0.61450        0.09428        0.96185       -1.94062        0.71929        0.04298
     24 4C|2P1              -0.07255       -0.00818       -0.08857       -0.06641       -0.24596        0.37268
     25 4C|3P1              -0.10851       -0.09421        0.39071       -2.65074       -4.82104        0.67637
     26 4C|3D-2              0.00426        0.02437        0.00017        0.02233        0.05619        0.09810
     27 4C|3D0              -0.01097        0.00775       -0.00362        0.07427       -0.01915        0.04808
     28 4C|3D2               0.00497       -0.00598        0.04314       -0.02584       -0.04753       -0.15246
     29 5H|1S0              -0.05958        0.03363        0.01150        0.00525        0.20925        0.48122
     30 5H|2S0              -1.51608        0.54817        1.79544       -1.04932       -0.84515       -0.00659
     31 5H|2P-1             -0.01719        0.01154        0.02752        0.01628       -0.02918       -0.04525
     32 5H|2P1              -0.01057       -0.01204       -0.01221       -0.00441       -0.02591       -0.01660
 
 
 
                    Orbital information
 
  Start index:     1   33   44   55
 
        nsbas:    32   11   11   32
        nsorb:    32   11   11   32
        nscor:     0    0    0    0
        nscls:     7    0    0    6
        nsact:     0    2    2    0
        nsocc:     7    2    2    6
        nsval:     7    2    2    6
        nsvir:    25    9    9   26
        nsxvr:     0    0    0    0
 
    Group Sym:    4
    State Sym:    1
    Spin  Mul:    1
    Act  Elec:    4
          States average information
    Nstate:     1
    Istate:     1
    Weight:   1.000000

TARGET_MCSCF ROOT ENERGY        -154.988777126873

    Total number of ci calculation:   14
MO TRANS     1.85       CI     0.64  INT OPT     0.00  MIC OPT     0.38

    root   1
    energy=     -154.98877713     exe(eV)=    0.0000
 
 ++++++++  DATA CHECK +++++++++++++++++++++++++++++++++
  CHECKDATA:MCSCF:MCENERGY:     -154.9887771
 ++++++++++ END DATA CHECK ++++++++++++++++++++++++++++
 
  End   MCSCF Calculation
 Total wall time =    0.53
|******************************************************************************|
 
    Total cpu     time:          3.49  S
    Total system  time:          0.55  S
    Total wall    time:          0.54  S
 
    Current time   2022-04-23  20:36:01
    End running module mcscf
|******************************************************************************|
 
('/scratch/trans-1,3-bivinyl-cas44-ccpvdz_874', '/apps/users/lcz/exe9/task2/bdf/bivinyl')
 Warning! Removing scratch files. If you would like to keep scratch files for restaring. Please use -keeptmpdir

Sender: Unischeduler System <lcz@mgt01>
Subject: Job 123625: <#!/bin/bash
#BSUB -J intel
#BSUB -o trans-1,3-bivinyl-cas44-ccpvdz.out
#BSUB -n 8
#BSUB -q cqueue
#BSUB -R span[hosts=1]
export BDFHOME=/apps/users/lcz/bdf-pkg
export BDF_TMPDIR=/scratch/trans-1,3-bivinyl-cas44-ccpvdz_874
export USE_LIBCINT=no
export LD_LIBRARY_PATH=/apps/users/lcz/bdf-pkg/extlibs:/apps/users/lcz/bdf-pkg/libso:/apps/software/intel2019/mkl/lib/intel64:/apps/software/intel2019/compilers_and_libraries_2019/linux/lib/intel64:$LD_LIBRARY_PATH
ulimit -s unlimited
ulimit -t unlimited
export OMP_NUM_THREADS=8
export OMP_STACKSIZE=20G
/apps/users/lcz/bdf-pkg/sbin/bdfdrv.py -tmpdir /scratch/trans-1,3-bivinyl-cas44-ccpvdz_874 -r trans-1,3-bivinyl-cas44-ccpvdz.inp > trans-1,3-bivinyl-cas44-ccpvdz.out
rm -rf .trans-1,3-bivinyl-cas44-ccpvdz.wrk> Done

Job <#!/bin/bash
#BSUB -J intel
#BSUB -o trans-1,3-bivinyl-cas44-ccpvdz.out
#BSUB -n 8
#BSUB -q cqueue
#BSUB -R span[hosts=1]
export BDFHOME=/apps/users/lcz/bdf-pkg
export BDF_TMPDIR=/scratch/trans-1,3-bivinyl-cas44-ccpvdz_874
export USE_LIBCINT=no
export LD_LIBRARY_PATH=/apps/users/lcz/bdf-pkg/extlibs:/apps/users/lcz/bdf-pkg/libso:/apps/software/intel2019/mkl/lib/intel64:/apps/software/intel2019/compilers_and_libraries_2019/linux/lib/intel64:$LD_LIBRARY_PATH
ulimit -s unlimited
ulimit -t unlimited
export OMP_NUM_THREADS=8
export OMP_STACKSIZE=20G
/apps/users/lcz/bdf-pkg/sbin/bdfdrv.py -tmpdir /scratch/trans-1,3-bivinyl-cas44-ccpvdz_874 -r trans-1,3-bivinyl-cas44-ccpvdz.inp > trans-1,3-bivinyl-cas44-ccpvdz.out
rm -rf .trans-1,3-bivinyl-cas44-ccpvdz.wrk> was submitted from host <mgt01> by user <lcz>.
Job was executed on host(s) <8*cnode06>, in queue <cqueue>, as user <lcz>.
</apps/users/lcz> was used as the home directory.
</apps/users/lcz/exe9/task2/bdf/bivinyl> was used as the working directory.
Started at 2022-04-23 20:36:00
Results reported at 2022-04-23 20:36:01

Your job looked like:

------------------------------------------------------------
# User input
#!/bin/bash
#BSUB -J intel
#BSUB -o trans-1,3-bivinyl-cas44-ccpvdz.out
#BSUB -n 8
#BSUB -q cqueue
#BSUB -R span[hosts=1]
export BDFHOME=/apps/users/lcz/bdf-pkg
export BDF_TMPDIR=/scratch/trans-1,3-bivinyl-cas44-ccpvdz_874
export USE_LIBCINT=no
export LD_LIBRARY_PATH=/apps/users/lcz/bdf-pkg/extlibs:/apps/users/lcz/bdf-pkg/libso:/apps/software/intel2019/mkl/lib/intel64:/apps/software/intel2019/compilers_and_libraries_2019/linux/lib/intel64:$LD_LIBRARY_PATH
ulimit -s unlimited
ulimit -t unlimited
export OMP_NUM_THREADS=8
export OMP_STACKSIZE=20G
/apps/users/lcz/bdf-pkg/sbin/bdfdrv.py -tmpdir /scratch/trans-1,3-bivinyl-cas44-ccpvdz_874 -r trans-1,3-bivinyl-cas44-ccpvdz.inp > trans-1,3-bivinyl-cas44-ccpvdz.out
rm -rf .trans-1,3-bivinyl-cas44-ccpvdz.wrk
------------------------------------------------------------

Successfully completed.

Resource usage summary:

    CPU time   :            0.01 sec.
    Max Memory :                 7 MB
    Max Processes  :               2


The output (if any) follows:

