#!awk.bdf.output
====================== BDF version information ============================
commit 15a5aac1bbb5a2a101a9aa715fa1cdc141611229
Author: Yibo Lei <leiyb@nwu.edu.cn>
Date:   Sun Jan 16 18:50:00 2022 +0800

    change Vircut to VSD and add Pre-CMO by MCSCF MOs and refine ploop search of xianci
===========================================================================
BDFHOME =  /apps/software/bdf-pkg
BDF_TMPDIR = /tmp
BDF_MPIRUN =  None
BDF_MPIROOT =  None
|---------------------------------------------------------------------|
 Could not find mpirun. Set to serial running ...


(' BDFHOME     = ', '/apps/users/lcz/bdf-pkg')
(' BDF_WORKDIR = ', '/apps/users/lcz/task2/section1/isomer2/B3LYP_cc-pVDZ/BDF')
(' BDF_TMPDIR  = ', '/scratch/3,8-dicl-dibenzene_351')
(' BDFTASK     = ', '3,8-dicl-dibenzene')

  BDF parallel running information ...
('  BDF_MASTER_NODE', 'cnode12')
('  BDF_MPIROOT = ', 'None')
  Total number of computational nodes   = 1
  Number of processes per node          = 1
  Number of openmp threads per process  = 8


('  Singlepoint_task = ', True)
('  Fragmp2_task     = ', False)


$compass
title
isomer-2
basis
cc-pvdz
Geometry
C -2.58160084178652 0.85828318402722 0.00080156853200
C -1.19423075211164 0.86536269424988 0.00098054343823
C -0.48184821662044 2.06241189554032 0.00026969425476
C -1.19416423453283 3.25950055784776 -0.00062846767782
C -2.58153392669185 3.26665691565461 -0.00081697160061
C -3.26678503079028 2.06248916662553 0.00011048883372
H -3.12770213250513 -0.07395399173453 0.00130680306569
H -0.65977525765669 -0.07535746059244 0.00163025822144
H -0.65965646486742 4.20019103552288 -0.00124317258025
H -3.12758341376550 4.19892427265791 -0.00156478051965
C 1.01725661812022 2.06237059889130 0.00078164411047
C 1.72979440054537 2.06154569389869 -1.19627740111421
C 1.72939598080617 2.06315592590829 1.19791401450705
C 3.11712542600413 2.06150240870885 -1.20321779640295
H 1.19530943085168 2.06092784488391 -2.13697707431363
C 3.11678391264014 2.06312227056329 1.20519298930278
H 1.19468583944535 2.06380338066680 2.13849130201270
C 3.80213032469577 2.06229337795585 0.00112229842861
H 3.66351142389813 2.06086028564820 -2.13528741294019
H 3.66287659702490 2.06373408667386 2.13743659617327
Cl -5.00747133311841 2.06253716373157 -0.00043793949156
Cl 5.54284890041484 2.06224511267023 0.00136880576014
end Geometry
check
$end
$xuanyuan
$end
$scf
rks
dft
gb3lyp
$end
('tmpstdin ', True)
('npro is ', 1)
('\n BDF command: ', '/apps/users/lcz/bdf-pkg/bin/compass.x /scratch/3,8-dicl-dibenzene_351/3,8-dicl-dibenzeneXX0.compass.inp')
  BDF process        0 of        1 on Serial  
 
|******************************************************************************|
 
    Start running module compass
    Current time   2022-05-04  13:08:52
 
|******************************************************************************|

 ++++++++++ Reading compass input ++++++++++++++++++
 TITLE
 BASIS
 Input Basis set is cc-pVDZ
 Spherical GTO 5d,7f
 GEOMETRY
 C      -2.58160084      0.85828318      0.00080157
 C      -1.19423075      0.86536269      0.00098054
 C      -0.48184822      2.06241190      0.00026969
 C      -1.19416423      3.25950056     -0.00062847
 C      -2.58153393      3.26665692     -0.00081697
 C      -3.26678503      2.06248917      0.00011049
 H      -3.12770213     -0.07395399      0.00130680
 H      -0.65977526     -0.07535746      0.00163026
 H      -0.65965646      4.20019104     -0.00124317
 H      -3.12758341      4.19892427     -0.00156478
 C       1.01725662      2.06237060      0.00078164
 C       1.72979440      2.06154569     -1.19627740
 C       1.72939598      2.06315593      1.19791401
 C       3.11712543      2.06150241     -1.20321780
 H       1.19530943      2.06092784     -2.13697707
 C       3.11678391      2.06312227      1.20519299
 H       1.19468584      2.06380338      2.13849130
 C       3.80213032      2.06229338      0.00112230
 H       3.66351142      2.06086029     -2.13528741
 H       3.66287660      2.06373409      2.13743660
 Cl     -5.00747133      2.06253716     -0.00043794
 Cl      5.54284890      2.06224511      0.00136881
 Number of atoms:       22
 CHECK
 $END
 ++++++++++ End of reading compass input +++++++++++++


|-------------------------------------------------------------------------------------------|

 Atom           Cartcoord(Bohr)                 Charge Basis Auxbas Uatom Nstab Alink  Mass
  C       -4.878519     1.621920     0.001515     6.00    1     0     0     0   E     11.9967
  C       -2.256769     1.635298     0.001853     6.00    1     0     0     0   E     11.9967
  C       -0.910561     3.897394     0.000510     6.00    1     0     0     0   E     11.9967
  C       -2.256643     6.159563    -0.001188     6.00    1     0     0     0   E     11.9967
  C       -4.878392     6.173087    -0.001544     6.00    1     0     0     0   E     11.9967
  C       -6.173329     3.897540     0.000209     6.00    1     0     0     0   E     11.9967
  H       -5.910500    -0.139753     0.002469     1.00    2     0     0     0   E      1.0073
  H       -1.246795    -0.142405     0.003081     1.00    2     0     0     0   E      1.0073
  H       -1.246570     7.937211    -0.002349     1.00    2     0     0     0   E      1.0073
  H       -5.910276     7.934817    -0.002957     1.00    2     0     0     0   E      1.0073
  C        1.922336     3.897316     0.001477     6.00    1     0     0     0   E     11.9967
  C        3.268838     3.895757    -2.260637     6.00    1     0     0     0   E     11.9967
  C        3.268085     3.898800     2.263729     6.00    1     0     0     0   E     11.9967
  C        5.890513     3.895675    -2.273752     6.00    1     0     0     0   E     11.9967
  H        2.258807     3.894589    -4.038301     1.00    2     0     0     0   E      1.0073
  C        5.889868     3.898736     2.277485     6.00    1     0     0     0   E     11.9967
  H        2.257629     3.900023     4.041163     1.00    2     0     0     0   E      1.0073
  C        7.184985     3.897170     0.002121     6.00    1     0     0     0   E     11.9967
  H        6.923033     3.894462    -4.035108     1.00    2     0     0     0   E      1.0073
  H        6.921834     3.899892     4.039170     1.00    2     0     0     0   E      1.0073
  Cl      -9.462749     3.897630    -0.000828    17.00    3     0     0     0   E     34.9689
  Cl      10.474466     3.897078     0.002587    17.00    3     0     0     0   E     34.9689
 
|--------------------------------------------------------------------------------------------|

  End of reading atomic basis sets ..
 Printing basis sets for checking ....

 Atomic label:  C    6
 Maximum L  2 9s4p1d ----> 3s2p1d NBF =  14
 #--->s function
      Exp Coef          Norm Coef       Con Coef
          6665.000000   0.186365E+04    0.000692   -0.000293    0.000000
          1000.000000   0.449278E+03    0.005326   -0.002318    0.000000
           228.000000   0.148240E+03    0.027061   -0.011500    0.000000
            64.710000   0.576426E+02    0.101657   -0.046827    0.000000
            21.060000   0.248376E+02    0.274575   -0.128466    0.000000
             7.495000   0.114444E+02    0.448294   -0.301266    0.000000
             2.797000   0.546430E+01    0.284903   -0.255631    0.000000
             0.521500   0.155044E+01    0.015195    1.093793    0.000000
             0.159600   0.637954E+00    0.000000    0.000000    1.000000
 #--->p function
      Exp Coef          Norm Coef       Con Coef
             9.439000   0.482661E+02    0.056979    0.000000
             2.002000   0.694727E+01    0.313207    0.000000
             0.545600   0.136797E+01    0.760377    0.000000
             0.151700   0.276195E+00    0.000000    1.000000
 #--->d function
      Exp Coef          Norm Coef       Con Coef
             0.550000   0.916567E+00    1.000000
 

 Atomic label:  H    1
 Maximum L  1 4s1p ----> 2s1p NBF =   5
 #--->s function
      Exp Coef          Norm Coef       Con Coef
            13.010000   0.173070E+02    0.033499    0.000000
             1.962000   0.418831E+01    0.234801    0.000000
             0.444600   0.137560E+01    0.813683    0.000000
             0.122000   0.521537E+00    0.000000    1.000000
 #--->p function
      Exp Coef          Norm Coef       Con Coef
             0.727000   0.195840E+01    1.000000
 

 Atomic label:  Cl  17
 Maximum L  2 12s8p1d ----> 4s3p1d NBF =  18
 #--->s function
      Exp Coef          Norm Coef       Con Coef
        127900.000000   0.170871E+05    0.000241   -0.000068    0.000038    0.000000
         19170.000000   0.411606E+04    0.001871   -0.000520    0.000291    0.000000
          4363.000000   0.135629E+04    0.009708   -0.002757    0.001534    0.000000
          1236.000000   0.526658E+03    0.039315   -0.011120    0.006255    0.000000
           403.600000   0.227498E+03    0.125930   -0.038475    0.021485    0.000000
           145.700000   0.105952E+03    0.299336   -0.099183    0.056986    0.000000
            56.810000   0.522798E+02    0.421879   -0.200781    0.115865    0.000000
            23.230000   0.267333E+02    0.237197   -0.129918    0.084710    0.000000
             6.644000   0.104553E+02    0.019153    0.507897   -0.403641    0.000000
             2.575000   0.513568E+01   -0.003348    0.608872   -0.752342    0.000000
             0.537100   0.158510E+01    0.000930    0.042027    1.175087    0.000000
             0.193800   0.737956E+00    0.000000    0.000000    0.000000    1.000000
 #--->p function
      Exp Coef          Norm Coef       Con Coef
           417.600000   0.550725E+04    0.005261   -0.002292    0.000000
            98.330000   0.903321E+03    0.039840   -0.017209    0.000000
            31.040000   0.213740E+03    0.164683   -0.075044    0.000000
            11.190000   0.597066E+02    0.387389   -0.177250    0.000000
             4.249000   0.177968E+02    0.457151   -0.244691    0.000000
             1.624000   0.534831E+01    0.151662    0.142817    0.000000
             0.532200   0.132611E+01    0.001816    0.925035    0.000000
             0.162000   0.299832E+00    0.000000    0.000000    1.000000
 #--->d function
      Exp Coef          Norm Coef       Con Coef
             0.600000   0.106732E+01    1.000000
 
 
 Atomic masses
   11.9967   11.9967   11.9967   11.9967   11.9967
   11.9967    1.0073    1.0073    1.0073    1.0073
   11.9967   11.9967   11.9967   11.9967    1.0073
   11.9967    1.0073   11.9967    1.0073    1.0073
   34.9689   34.9689

 Molecular center of mass
         0.50586577     3.89735452     0.00094626

 Molecular center of nuclear charge
         0.50586686     3.89735452     0.00094508
 [molesym]
 
 Auto decide molecular point group! Rotate coordinates into standard orientation!
 Threshold= 0.10000E-08 0.10000E-11 0.10000E-03
 
 zgeomsort being called!
gsym: C01 , noper=    1
 Exiting zgeomsort....
 Representation generated
  Binary group is observed ...
  Point group name C(1)                         1
  User set point group as C(1)    
  Largest Abelian Subgroup C(1)                         1
 Representation generated
 C|1|)|                     1
 Symmetry check OK
 Molecule has been symmetrized
  Number of symmery unique centers:                     22

|-------------------------------------------------------------------------------------------|

 Atom           Cartcoord(Bohr)                 Charge Basis Auxbas Uatom Nstab Alink  Mass
  C        0.203171     5.384235    -2.266704     6.00    1     0     0     0   E     11.9967
  C        0.200954     2.762486    -2.253296     6.00    1     0     0     0   E     11.9967
  C        0.000803     1.416428     0.000017     6.00    1     0     0     0   E     11.9967
  C       -0.198293     2.762659     2.253320     6.00    1     0     0     0   E     11.9967
  C       -0.198450     5.384409     2.266709     6.00    1     0     0     0   E     11.9967
  C        0.002476     6.679195    -0.000037     6.00    1     0     0     0   E     11.9967
  H        0.359131     6.416100    -4.021528     1.00    2     0     0     0   E      1.0073
  H        0.357530     1.752395    -4.024024     1.00    2     0     0     0   E      1.0073
  H       -0.355461     1.752703     4.024073     1.00    2     0     0     0   E      1.0073
  H       -0.353415     6.416409     4.021542     1.00    2     0     0     0   E      1.0073
  C       -0.000899    -1.416469    -0.000025     6.00    1     0     0     0   E     11.9967
  C        2.252039    -2.763555     0.199616     6.00    1     0     0     0   E     11.9967
  C       -2.254678    -2.761633    -0.199638     6.00    1     0     0     0   E     11.9967
  C        2.264419    -5.385234     0.200813     6.00    1     0     0     0   E     11.9967
  H        4.023032    -1.753985     0.356471     1.00    2     0     0     0   E      1.0073
  C       -2.269063    -5.383412    -0.200812     6.00    1     0     0     0   E     11.9967
  H       -4.024914    -1.750718    -0.356503     1.00    2     0     0     0   E      1.0073
  C       -0.002913    -6.679118    -0.000002     6.00    1     0     0     0   E     11.9967
  H        4.018635    -6.418210     0.356260     1.00    2     0     0     0   E      1.0073
  H       -4.024145    -6.414923    -0.356256     1.00    2     0     0     0   E      1.0073
  Cl       0.004366     9.968615     0.000005    17.00    3     0     0     0   E     34.9689
  Cl      -0.004235    -9.968599     0.000007    17.00    3     0     0     0   E     34.9689
 
|--------------------------------------------------------------------------------------------|

Number of irreps:    1
IRREP:   1   1   1
DIMEN:   1   1   1

 Irreps of multipole moment operators ...
 Operator  Component    Irrep       Row
  Dipole       x           A           1
  Dipole       y           A           1
  Dipole       z           A           1
  Quadpole     xx          A           1
  Quadpole     xy          A           1
  Quadpole     yy          A           1
  Quadpole     xz          A           1
  Quadpole     yz          A           1
  Quadpole     zz          A           1
 
 Print Multiplication table of irreps
 A    *A    =A    ; 
 
 Generate symmetry adapted orbital ...
 Print Multab
  1

|--------------------------------------------------|
         Symmetry adapted orbital                   

  Irrep : A 

Total number of basis functions:     244     244

  Irrep :     A
  Norb  :    244
|--------------------------------------------------|

Total number of shells:       58
 R max for this shell (Bohr)   12.5599999999998       9.691695042155263E-011
 R max for this shell (Bohr)   12.6699999999998       9.644888246466983E-011
 R max for this shell (Bohr)   6.99999999999994       9.556501796124278E-011
 R max for this shell (Bohr)   14.0099999999998       3.009977724958305E-010
 R max for this shell (Bohr)   5.92999999999996       9.975876222407632E-011
 R max for this shell (Bohr)   11.4099999999998       9.698100467202825E-011
 R max for this shell (Bohr)   12.2699999999998       9.780730793330455E-011
 R max for this shell (Bohr)   6.70999999999994       9.619579851317601E-011
 
Number of atoms:      22
Number of basis functions:     244
 
 
 ++++++++  DATA CHECK +++++++++++++++++++++++++++++++++
  CHECKDATA:COMPASS:C(1)    
  CHECKDATA:COMPASS:NATOM :       22
  CHECKDATA:COMPASS:NBAS  :      244
 ++++++++++ END DATA CHECK ++++++++++++++++++++++++++++
 
|******************************************************************************|
 
    Total cpu     time:          0.02  S
    Total system  time:          0.02  S
    Total wall    time:          0.03  S
 
    Current time   2022-05-04  13:08:52
    End running module compass
|******************************************************************************|
 
('tmpstdin ', True)
('npro is ', 1)
('\n BDF command: ', '/apps/users/lcz/bdf-pkg/bin/xuanyuan.x /scratch/3,8-dicl-dibenzene_351/3,8-dicl-dibenzeneXX1.xuanyuan.inp')
  BDF process        0 of        1 on Serial  
 
|******************************************************************************|
 
    Start running module xuanyuan
    Current time   2022-05-04  13:08:52
 
|******************************************************************************|

|-------------------------------------------------------------------------------------------|

 Atom           Cartcoord(Bohr)                 Charge Basis Auxbas Uatom Nstab Alink  Mass
  C        0.203171     5.384235    -2.266704     6.00    1     0     1     1   E     11.9967
  C        0.200954     2.762486    -2.253296     6.00    1     0     1     1   E     11.9967
  C        0.000803     1.416428     0.000017     6.00    1     0     1     1   E     11.9967
  C       -0.198293     2.762659     2.253320     6.00    1     0     1     1   E     11.9967
  C       -0.198450     5.384409     2.266709     6.00    1     0     1     1   E     11.9967
  C        0.002476     6.679195    -0.000037     6.00    1     0     1     1   E     11.9967
  H        0.359131     6.416100    -4.021528     1.00    2     0     1     1   E      1.0073
  H        0.357530     1.752395    -4.024024     1.00    2     0     1     1   E      1.0073
  H       -0.355461     1.752703     4.024073     1.00    2     0     1     1   E      1.0073
  H       -0.353415     6.416409     4.021542     1.00    2     0     1     1   E      1.0073
  C       -0.000899    -1.416469    -0.000025     6.00    1     0     1     1   E     11.9967
  C        2.252039    -2.763555     0.199616     6.00    1     0     1     1   E     11.9967
  C       -2.254678    -2.761633    -0.199638     6.00    1     0     1     1   E     11.9967
  C        2.264419    -5.385234     0.200813     6.00    1     0     1     1   E     11.9967
  H        4.023032    -1.753985     0.356471     1.00    2     0     1     1   E      1.0073
  C       -2.269063    -5.383412    -0.200812     6.00    1     0     1     1   E     11.9967
  H       -4.024914    -1.750718    -0.356503     1.00    2     0     1     1   E      1.0073
  C       -0.002913    -6.679118    -0.000002     6.00    1     0     1     1   E     11.9967
  H        4.018635    -6.418210     0.356260     1.00    2     0     1     1   E      1.0073
  H       -4.024145    -6.414923    -0.356256     1.00    2     0     1     1   E      1.0073
  Cl       0.004366     9.968615     0.000005    17.00    3     0     1     1   E     34.9689
  Cl      -0.004235    -9.968599     0.000007    17.00    3     0     1     1   E     34.9689
 
|--------------------------------------------------------------------------------------------|

 $xuanyuan                                                                      
                                          
 $end                                                                           
                                          
  Mass polarization term:  F
 Total nuclear charge :        114.00
 Nuclear repulsion energy :     927.5445036572 a.u.

 Total number of primitive  basis sets :          450
 Total number of prim-cart  basis sets :          464
 Total number of contracted basis sets :          244

  Estimate memory for calculating 2e integrals...
 Minium memory to calculate ERIs:        7.784 M

[aoint_1e]
  Calculating one electron integrals ...
  S T and V integrals ....
  Dipole and Quadupole integrals ....
  Finish calculating one electron integrals ...
 
 ---------------------------------------------------------------
  Timing to calculate 1-electronic integrals                                      
 
  CPU TIME(S)      SYSTEM TIME(S)     WALL TIME(S)
          0.090            0.020               0.010
 ---------------------------------------------------------------
 
 Finish calculating 1e integral ...
 Direct SCF required. Skip 2e integral!
 Set significant shell pairs!

 Number of significant pairs:     1521
 Timing caluclate K2 integrals.
 CPU:       0.21 SYS:       0.04 WALL:       0.03
 lenk2                 33826                     9
|******************************************************************************|
 
    Total cpu     time:          0.35  S
    Total system  time:          0.06  S
    Total wall    time:          0.10  S
 
    Current time   2022-05-04  13:08:52
    End running module xuanyuan
|******************************************************************************|
 
('tmpstdin ', True)
('npro is ', 1)
('\n BDF command: ', '/apps/users/lcz/bdf-pkg/bin/scf.x /scratch/3,8-dicl-dibenzene_351/3,8-dicl-dibenzeneXX2.scf.inp')
  BDF process        0 of        1 on Serial  
 
|******************************************************************************|
 
    Start running module scf
    Current time   2022-05-04  13:08:52
 
|******************************************************************************|

|-------------------------------------------------------------------------------------------|

 Atom           Cartcoord(Bohr)                 Charge Basis Auxbas Uatom Nstab Alink  Mass
  C        0.203171     5.384235    -2.266704     6.00    1     0     1     1   E     11.9967
  C        0.200954     2.762486    -2.253296     6.00    1     0     1     1   E     11.9967
  C        0.000803     1.416428     0.000017     6.00    1     0     1     1   E     11.9967
  C       -0.198293     2.762659     2.253320     6.00    1     0     1     1   E     11.9967
  C       -0.198450     5.384409     2.266709     6.00    1     0     1     1   E     11.9967
  C        0.002476     6.679195    -0.000037     6.00    1     0     1     1   E     11.9967
  H        0.359131     6.416100    -4.021528     1.00    2     0     1     1   E      1.0073
  H        0.357530     1.752395    -4.024024     1.00    2     0     1     1   E      1.0073
  H       -0.355461     1.752703     4.024073     1.00    2     0     1     1   E      1.0073
  H       -0.353415     6.416409     4.021542     1.00    2     0     1     1   E      1.0073
  C       -0.000899    -1.416469    -0.000025     6.00    1     0     1     1   E     11.9967
  C        2.252039    -2.763555     0.199616     6.00    1     0     1     1   E     11.9967
  C       -2.254678    -2.761633    -0.199638     6.00    1     0     1     1   E     11.9967
  C        2.264419    -5.385234     0.200813     6.00    1     0     1     1   E     11.9967
  H        4.023032    -1.753985     0.356471     1.00    2     0     1     1   E      1.0073
  C       -2.269063    -5.383412    -0.200812     6.00    1     0     1     1   E     11.9967
  H       -4.024914    -1.750718    -0.356503     1.00    2     0     1     1   E      1.0073
  C       -0.002913    -6.679118    -0.000002     6.00    1     0     1     1   E     11.9967
  H        4.018635    -6.418210     0.356260     1.00    2     0     1     1   E      1.0073
  H       -4.024145    -6.414923    -0.356256     1.00    2     0     1     1   E      1.0073
  Cl       0.004366     9.968615     0.000005    17.00    3     0     1     1   E     34.9689
  Cl      -0.004235    -9.968599     0.000007    17.00    3     0     1     1   E     34.9689
 
|--------------------------------------------------------------------------------------------|

  [ SCF control ] 
 $scf
 rks
 dft
 Exchange and Correlation functional(ALL): GB3LYP    
 $end
 
  --- PRINT: Information about SCF Calculation --- 
 ICTRL_FRAGSCF=  0
 IPRTMO=  1
 MAXITER=  100
 THRENE= 0.10E-07 THRDEN= 0.50E-05
 DAMP= 0.00 VSHIFT= 0.00
 IFDIIS= T
 THRDIIS= 0.10E+01
 MINDIIS=   2 MAXDIIS=   8
 iCHECK=  0
 iAUFBAU=  1
 INIGUESS=  0
 IfMPEC= F
 IfCOSX= F
 Occupation number:
  Without occupation number in input.

 Wave function information ...
 Total Nuclear charge    :     114
 Total electrons         :     114
 ECP-core electrons      :       0
 Spin multiplicity(2S+1) :       1
 Num. of alpha electrons :      57
 Num. of beta  electrons :      57
 

 Threshold in dft prescreening ...
 Thresh_shellvalue_dft :  0.10000E-09
 ThreshRho     :  0.10000E-11

  DFT options:
 upden=  1
 fullvxc=  0
  --- END:  Information about SCF Calculation  --- 
 
 The SMH converger is used...
 Numerical grid implemented by Yong Zhang 
 Finish scf input!

 DirectHF  T
 Number of significient shell pairs :     1521
 Estimate memory for direct ERI calculations:           8.163 M

 IF USE_LIBCINT :    F

 Nuclear repulsion energy =   927.54450366
 
 iniguess                     0                     0
 
 [ATOM SCF control]
  heff=                      0
 After initial atom grid ...
 Finish atom    1  C             -37.7418348959
 After initial atom grid ...
 Finish atom    2  H              -0.7470225210
 After initial atom grid ...
 Finish atom    3  Cl           -460.1127051481
 
 Superposition of atomic densities as initial guess.
 [dft_init]
 Switch to Ultra Coarse grid ...
   1  C     Second Kind Chebyshev ( 21)  Lebedev ( -194)         
   2  H     Second Kind Chebyshev ( 21)  Lebedev ( -194)         
   3  Cl    Second Kind Chebyshev ( 42)  Lebedev ( -194)         
  Partition Function:  SSF   Partitioning with Scalar=  0.64.
  Gtol, Npblock, Icoulpot, Iop_adaptive :  0.10E-05    128      0          0
 
  --- PRINT: Information about DFT Calculation --- 
 No. of ATOMS =         22
 No. of Shells =         0
 No. of Batches =        0
 No. of Grids =          0
 No. of Basis Functions =      244
 No. of Records for [basval] =               0
 Estimated DiskSpace for storage [basval] =           0.000M
 
 Max No. of Rad point per atom =     0
 Max No. of Ang point per atom =     0
 Max No. of Grids per batch =          0
 Max No. of Basis per shell =          0
 Max No. of Records in one batch =               0
 Estimated Mem for [basval] =      0.000M
 Estimated Mem for [func] in R-DFT =      0.000M
 Estimated Mem for [func] in U-DFT =      0.000M
 DirectGrid:        T
  --- END : Information about DFT Calculation --- 
 
 
  Initializing informations for ZY-Numerical Integration...
  Number of atoms     =      22
  Total Prim and Cont =     450    244
  Timing for ZY-NI-INIT:       0.030 S      0.000 S      0.000 S

 Time to calculate dft grid and perform basis seiving ...
 CPU:       0.330 S    Sys:       0.020 S    Wall:        0.040 S

 skipaocheck F F
 Check basis set linear dependence! Tolerance =   0.100000E-04

 Check basis set linear dependence! Tolerance =   0.100000E-04
 Threshold of basis set linear depedent tol_linear is :    0.100000E-04
 Solve HC=EC in pflmo space.  F       57      187
 Initial guess energy =  -1379.1036092155
 
 [scf_cycle_init_ecdenpot]
Meomory for coulpotential         0.00  G

 Start SCF iteration......


Iter.   idiis  vshift       SCF Energy            DeltaE          RMSDeltaD          MaxDeltaD      Damping    Times(S) 
   1      0    0.000   -1383.6534258110      -4.5498165955       0.0076456643       0.1983318305    0.0000      0.32
   2      1    0.000   -1378.0062424921       5.6471833189       0.0016243796       0.0401410366    0.0000      1.90
   3      2    0.000   -1378.1176758761      -0.1114333840       0.0005307745       0.0144938694    0.0000      1.86
  Turn on DFT calculation ...
  Turn off incremental Fock calculation ...
   4      1    0.000   -1382.5271789677      -4.4095030916       0.0027949411       0.0650835006    0.0000      1.93
   5      2    0.000   -1382.5770269947      -0.0498480270       0.0006406102       0.0192657471    0.0000      1.93
   6      3    0.000   -1382.5812739995      -0.0042470048       0.0002837628       0.0078237615    0.0000      1.87
 Switch to Medium grid ...
   1  C     Second Kind Chebyshev ( 75)  Lebedev ( -302)         
   2  H     Second Kind Chebyshev ( 75)  Lebedev ( -302)         
   3  Cl    Second Kind Chebyshev ( 88)  Lebedev ( -434)         
  Partition Function:  SSF   Partitioning with Scalar=  0.64.
  Gtol, Npblock, Icoulpot, Iop_adaptive :  0.10E-05    128      0          0

 Time to calculate dft grid and perform basis seiving ...
 CPU:       1.490 S    Sys:       0.020 S    Wall:        0.190 S

 [scf_cycle_init_ecdenpot]
Meomory for coulpotential         0.02  G
   7      1    0.000   -1382.5630540886       0.0182199109       0.0000820993       0.0028935388    0.0000      2.24
   8      2    0.000   -1382.5630598975      -0.0000058089       0.0000432488       0.0016953283    0.0000      1.97
   9      3    0.000   -1382.5631181758      -0.0000582784       0.0000071377       0.0002204503    0.0000      2.10
  10      4    0.000   -1382.5631197609      -0.0000015851       0.0000010277       0.0000467073    0.0000      2.06
  11      5    0.000   -1382.5631197844      -0.0000000234       0.0000004360       0.0000164499    0.0000      2.03
  12      6    0.000   -1382.5631197871      -0.0000000027       0.0000001200       0.0000047894    0.0000      2.00
 diis/vshift is closed at iter =  12
  13      0    0.000   -1382.5631197847       0.0000000024       0.0000001789       0.0000072061    0.0000      2.23

  Label              CPU Time        SYS Time        Wall Time
 SCF iteration time:       196.060 S        0.360 S       24.620 S

 Final DeltaE =  2.392425813013688E-009
 Final DeltaD =  1.789481496623456E-007  5.000000000000000E-005
 
 Final scf result
   E_tot =             -1382.56311978
   E_ele =             -2310.10762344
   E_nn  =               927.54450366
   E_1e  =             -3736.41692787
   E_ne  =             -5114.38562270
   E_kin =              1377.96869483
   E_ee  =              1527.02137701
   E_xc  =              -100.71207258
  Virial Theorem      2.003334
 

 [Final occupation pattern: ]
 
 Irreps:        A   
 
 detailed occupation for iden/irep:      1   1
    1.00 1.00 1.00 1.00 1.00 1.00 1.00 1.00 1.00 1.00
    1.00 1.00 1.00 1.00 1.00 1.00 1.00 1.00 1.00 1.00
    1.00 1.00 1.00 1.00 1.00 1.00 1.00 1.00 1.00 1.00
    1.00 1.00 1.00 1.00 1.00 1.00 1.00 1.00 1.00 1.00
    1.00 1.00 1.00 1.00 1.00 1.00 1.00 1.00 1.00 1.00
    1.00 1.00 1.00 1.00 1.00 1.00 1.00 0.00 0.00 0.00
    0.00 0.00 0.00 0.00 0.00 0.00 0.00 0.00 0.00 0.00
    0.00 0.00 0.00 0.00 0.00 0.00 0.00 0.00 0.00 0.00
    0.00 0.00 0.00 0.00 0.00 0.00 0.00 0.00 0.00 0.00
    0.00 0.00 0.00 0.00 0.00 0.00 0.00 0.00 0.00 0.00
    0.00 0.00 0.00 0.00 0.00 0.00 0.00 0.00 0.00 0.00
    0.00 0.00 0.00 0.00 0.00 0.00 0.00 0.00 0.00 0.00
    0.00 0.00 0.00 0.00 0.00 0.00 0.00 0.00 0.00 0.00
    0.00 0.00 0.00 0.00 0.00 0.00 0.00 0.00 0.00 0.00
    0.00 0.00 0.00 0.00 0.00 0.00 0.00 0.00 0.00 0.00
    0.00 0.00 0.00 0.00 0.00 0.00 0.00 0.00 0.00 0.00
    0.00 0.00 0.00 0.00 0.00 0.00 0.00 0.00 0.00 0.00
    0.00 0.00 0.00 0.00 0.00 0.00 0.00 0.00 0.00 0.00
    0.00 0.00 0.00 0.00 0.00 0.00 0.00 0.00 0.00 0.00
    0.00 0.00 0.00 0.00 0.00 0.00 0.00 0.00 0.00 0.00
    0.00 0.00 0.00 0.00 0.00 0.00 0.00 0.00 0.00 0.00
    0.00 0.00 0.00 0.00 0.00 0.00 0.00 0.00 0.00 0.00
    0.00 0.00 0.00 0.00 0.00 0.00 0.00 0.00 0.00 0.00
    0.00 0.00 0.00 0.00 0.00 0.00 0.00 0.00 0.00 0.00
    0.00 0.00 0.00 0.00
 Alpha      57.00
 

 [Orbital energies:]

 Energy of occ-orbs:    A            57
            -101.54703243    -101.54702817     -10.25288547     -10.25288105     -10.21140820
             -10.21116463     -10.20658780     -10.20658706     -10.20657645     -10.20657427
             -10.20547997     -10.20547719     -10.20546942     -10.20546602      -9.46557561
              -9.46557369      -7.22806602      -7.22806196      -7.21846438      -7.21846031
              -7.21806642      -7.21806246      -0.90629849      -0.90027548      -0.86163351
              -0.83820188      -0.77161804      -0.76952011      -0.76951752      -0.71906439
              -0.63165300      -0.63164456      -0.62454928      -0.59217987      -0.54335068
              -0.50365859      -0.48499158      -0.48499075      -0.47632348      -0.46344638
              -0.44076374      -0.44075686      -0.43659574      -0.40478652      -0.40478502
              -0.39852558      -0.37093702      -0.37092991      -0.35677770      -0.33740007
              -0.33739618      -0.31591972      -0.31591924      -0.27648517      -0.27089781
              -0.25224496      -0.25224278
 Energy of vir-orbs:    A           187
              -0.03351531      -0.02167956      -0.02167933      -0.01339784       0.02961849
               0.03025075       0.08754749       0.08769441       0.09095036       0.09095587
               0.11534221       0.12563963       0.13363411       0.13363427       0.14278631
               0.14279137       0.20732464       0.22831817       0.26827314       0.26968866
               0.26970015       0.27885233       0.29759805       0.30463523       0.30464058
               0.39743354       0.39744427       0.40222578       0.42392421       0.42661648
               0.44400307       0.44401765       0.45828511       0.45828668       0.45966809
               0.47791031       0.48732879       0.48733029       0.48805772       0.49196903
               0.49501183       0.50193473       0.50960961       0.51344488       0.51344536
               0.51355377       0.51389161       0.52079266       0.54229239       0.55789234
               0.55789422       0.56605080       0.56605245       0.58001129       0.58001181
               0.62630691       0.62972257       0.62972978       0.64272270       0.65478679
               0.65479850       0.66221871       0.67243159       0.67244756       0.67293980
               0.70556807       0.70556817       0.72252921       0.72397848       0.73015575
               0.73593795       0.73674227       0.76669068       0.76669492       0.81653266
               0.82118084       0.82694465       0.87530773       0.88406585       0.89346583
               0.89346596       0.92036735       0.92037812       0.92549330       0.92623636
               0.93089784       0.93090510       0.97459602       0.98587296       0.98587770
               0.99003274       0.99487023       1.01498119       1.03634708       1.03684325
               1.05538404       1.05628108       1.08718039       1.11103578       1.11105331
               1.12976239       1.15551276       1.19208991       1.21575491       1.21577408
               1.22276327       1.22276522       1.26239699       1.26240869       1.31853323
               1.35564454       1.35564931       1.36403095       1.43006553       1.43625357
               1.47299519       1.48412392       1.48413684       1.48929574       1.53362787
               1.53364405       1.54865891       1.55261668       1.56412532       1.56412976
               1.60923629       1.61671841       1.61672505       1.62382098       1.64025607
               1.66757835       1.67929248       1.68070344       1.68446441       1.69542046
               1.69542291       1.70090657       1.74240496       1.74241633       1.74451791
               1.76093819       1.77674962       1.77686466       1.80308246       1.82740092
               1.83506544       1.83794439       1.85132038       1.85132548       1.89800974
               1.89801925       1.94343164       1.95594541       1.96702696       1.97207261
               1.97207285       1.97590448       2.02845542       2.02847750       2.08324491
               2.09513871       2.10201662       2.14706525       2.15493768       2.15493987
               2.24574147       2.26362113       2.34748398       2.34751900       2.39420849
               2.42324177       2.43506981       2.43507001       2.51492289       2.51497070
               2.62103917       2.65753631       2.66905805       2.70366334       2.70368310
               2.70709789       2.70805257       2.74059369       2.92020211       2.92026154
               3.37224934       3.51948149
 
 Alpha   HOMO energy:      -0.25224278 au      -6.86387823 eV  Irrep: A       
 Alpha   LUMO energy:      -0.03351531 au      -0.91199846 eV  Irrep: A       
 HOMO-LUMO gap:       0.21872747 au       5.95187977 eV
 
 Frontier orbitals of each irrep:
 
  Symmetry   1 A       
 
         Orbital                52             53             54             55             56             57
         Energy             -0.31592       -0.31592       -0.27649       -0.27090       -0.25224       -0.25224
         Occ No.             2.00000        2.00000        2.00000        2.00000        2.00000        2.00000
      1 1C|1S0               0.00056        0.00000       -0.00000        0.00000        0.00000       -0.00010
      2 1C|2S0              -0.04321       -0.00000        0.00001       -0.00001        0.00007       -0.01238
      3 1C|3S0              -0.07032       -0.00001        0.00004       -0.00005        0.00010       -0.03485
      4 1C|2P-1             -0.09321       -0.00001       -0.00005        0.00007       -0.00018        0.03178
      5 1C|3P-1             -0.00075        0.00000       -0.00004        0.00007       -0.00013        0.02372
      6 1C|2P0              -0.08056       -0.00073        0.01860       -0.01933        0.01639       -0.00956
      7 1C|3P0               0.00760       -0.00043        0.01220       -0.01327        0.01114        0.00289
      8 1C|2P1               0.00717       -0.00819        0.20943       -0.21764        0.18408        0.00176
      9 1C|3P1              -0.00064       -0.00482        0.13726       -0.14949        0.12610        0.00036
     10 1C|3D-2              0.00061        0.00042       -0.00984        0.01009        0.01398        0.00037
     11 1C|3D-1             -0.00685        0.00004       -0.00087        0.00089        0.00125       -0.00336
     12 1C|3D0               0.00201       -0.00004       -0.00005        0.00005        0.00212        0.00062
     13 1C|3D1              -0.00046       -0.00023       -0.00033        0.00030        0.01371       -0.00003
     14 1C|3D2              -0.00169        0.00002        0.00002       -0.00002       -0.00122       -0.00001
     15 2C|1S0               0.00064       -0.00000       -0.00000        0.00000        0.00000       -0.00062
     16 2C|2S0               0.02325        0.00000       -0.00000        0.00001       -0.00015        0.03167
     17 2C|3S0               0.05129        0.00001       -0.00002        0.00002       -0.00024        0.07311
     18 2C|2P-1              0.05615        0.00001       -0.00010        0.00008        0.00028       -0.05356
     19 2C|3P-1              0.03976        0.00001       -0.00006        0.00007        0.00007       -0.00683
     20 2C|2P0               0.04508       -0.00072        0.01869       -0.01856       -0.01259        0.04100
     21 2C|3P0              -0.00797       -0.00039        0.01307       -0.01202       -0.00880        0.00519
     22 2C|2P1              -0.00394       -0.00818        0.21090       -0.20967       -0.13984       -0.00439
     23 2C|3P1               0.00074       -0.00446        0.14754       -0.13547       -0.09968       -0.00098
     24 2C|3D-2              0.00068       -0.00045        0.00923       -0.01108        0.01832        0.00028
     25 2C|3D-1             -0.00765       -0.00004        0.00082       -0.00099        0.00164       -0.00219
     26 2C|3D0              -0.00239       -0.00007       -0.00012        0.00013       -0.00200       -0.00046
     27 2C|3D1               0.00032       -0.00045       -0.00074        0.00082       -0.01296        0.00014
     28 2C|3D2              -0.00054        0.00004        0.00007       -0.00008        0.00116        0.00147
     29 3C|1S0               0.00000       -0.00000       -0.00000        0.00000        0.00000       -0.00000
     30 3C|2S0              -0.00000        0.00000       -0.00001        0.00000       -0.00003       -0.00000
     31 3C|3S0              -0.00000       -0.00000        0.00002        0.00002       -0.00011       -0.00000
     32 3C|2P-1             -0.00000       -0.00001       -0.00000       -0.00000        0.00020       -0.00000
     33 3C|3P-1             -0.00000       -0.00000        0.00001        0.00001        0.00011       -0.00000
     34 3C|2P0              -0.02896       -0.00062        0.00000       -0.00002       -0.02710       -0.05768
     35 3C|3P0              -0.02171       -0.00030       -0.00001       -0.00002       -0.01758       -0.01493
     36 3C|2P1               0.00256       -0.00697       -0.00000        0.00000       -0.30916        0.00355
     37 3C|3P1               0.00192       -0.00338        0.00000        0.00000       -0.20038        0.00029
     38 3C|3D-2              0.00046        0.00050       -0.00000        0.00000       -0.00822        0.00180
     39 3C|3D-1             -0.00516        0.00004        0.00000       -0.00001       -0.00062       -0.02077
     40 3C|3D0              -0.00000       -0.00000       -0.00300        0.00269        0.00000        0.00000
     41 3C|3D1              -0.00001        0.00000       -0.01942        0.01738       -0.00000       -0.00001
     42 3C|3D2               0.00000        0.00000        0.00173       -0.00155       -0.00000        0.00000
     43 4C|1S0              -0.00064        0.00000       -0.00000        0.00000       -0.00000        0.00062
     44 4C|2S0              -0.02325       -0.00000       -0.00000       -0.00000        0.00017       -0.03167
     45 4C|3S0              -0.05129       -0.00000       -0.00002        0.00002        0.00031       -0.07311
     46 4C|2P-1             -0.05615        0.00001        0.00010       -0.00008       -0.00025        0.05356
     47 4C|3P-1             -0.03976        0.00001        0.00005       -0.00004       -0.00000        0.00683
     48 4C|2P0               0.04507       -0.00072       -0.01868        0.01858       -0.01260        0.04101
     49 4C|3P0              -0.00797       -0.00039       -0.01306        0.01201       -0.00884        0.00519
     50 4C|2P1              -0.00406       -0.00818       -0.21090        0.20966       -0.13984       -0.00429
     51 4C|3P1               0.00066       -0.00446       -0.14754        0.13547       -0.09967       -0.00094
     52 4C|3D-2              0.00067       -0.00045       -0.00923        0.01108        0.01832        0.00029
     53 4C|3D-1             -0.00765       -0.00004       -0.00081        0.00098        0.00162       -0.00219
     54 4C|3D0               0.00239        0.00007       -0.00011        0.00013        0.00201        0.00046
     55 4C|3D1              -0.00032        0.00045       -0.00074        0.00082        0.01296       -0.00014
     56 4C|3D2               0.00054       -0.00004        0.00006       -0.00007       -0.00113       -0.00147
     57 5C|1S0              -0.00056        0.00000       -0.00000        0.00000       -0.00000        0.00010
     58 5C|2S0               0.04321        0.00000       -0.00002        0.00002       -0.00005        0.01238
     59 5C|3S0               0.07032       -0.00000       -0.00001       -0.00001       -0.00015        0.03485
     60 5C|2P-1              0.09321        0.00000        0.00006       -0.00007        0.00013       -0.03178
     61 5C|3P-1              0.00075        0.00000        0.00002       -0.00003        0.00009       -0.02372
     62 5C|2P0              -0.08058       -0.00073       -0.01850        0.01922        0.01632       -0.00956
     63 5C|3P0               0.00759       -0.00042       -0.01215        0.01324        0.01113        0.00289
     64 5C|2P1               0.00711       -0.00819       -0.20944        0.21765        0.18409        0.00180
     65 5C|3P1              -0.00071       -0.00482       -0.13727        0.14949        0.12610        0.00039
     66 5C|3D-2              0.00061        0.00042        0.00984       -0.01009        0.01398        0.00037
     67 5C|3D-1             -0.00685        0.00004        0.00087       -0.00090        0.00126       -0.00336
     68 5C|3D0              -0.00201        0.00004       -0.00005        0.00005       -0.00211       -0.00062
     69 5C|3D1               0.00046        0.00023       -0.00033        0.00030       -0.01371        0.00002
     70 5C|3D2               0.00169       -0.00002        0.00004       -0.00003        0.00123        0.00001
     71 6C|1S0               0.00000       -0.00000       -0.00000        0.00000       -0.00000       -0.00000
     72 6C|2S0               0.00000       -0.00000       -0.00000        0.00000       -0.00004       -0.00000
     73 6C|3S0              -0.00000        0.00001       -0.00002        0.00002       -0.00005       -0.00000
     74 6C|2P-1              0.00001        0.00000        0.00000       -0.00000       -0.00013       -0.00000
     75 6C|3P-1              0.00000       -0.00001        0.00000       -0.00001       -0.00011       -0.00000
     76 6C|2P0               0.13355       -0.00028       -0.00003        0.00003        0.02700        0.00293
     77 6C|3P0               0.06594       -0.00010       -0.00000        0.00002        0.01723        0.00345
     78 6C|2P1              -0.01183       -0.00320        0.00000       -0.00000        0.30492        0.00128
     79 6C|3P1              -0.00584       -0.00116        0.00000       -0.00000        0.19498        0.00068
     80 6C|3D-2              0.00286        0.00142       -0.00000        0.00000       -0.01608        0.00005
     81 6C|3D-1             -0.03223        0.00012        0.00001       -0.00001       -0.00142       -0.00144
     82 6C|3D0              -0.00000       -0.00000       -0.00301        0.00311       -0.00000        0.00000
     83 6C|3D1              -0.00002        0.00000       -0.01950        0.02011        0.00000        0.00000
     84 6C|3D2               0.00000        0.00000        0.00174       -0.00180       -0.00001       -0.00000
     85 7H|1S0               0.00851       -0.00000       -0.00001        0.00002       -0.00009        0.02023
     86 7H|2S0               0.05008       -0.00000       -0.00001        0.00001       -0.00010        0.01877
     87 7H|2P-1              0.00042       -0.00000       -0.00000        0.00000       -0.00000        0.00024
     88 7H|2P0              -0.00280       -0.00002        0.00071       -0.00073        0.00058        0.00012
     89 7H|2P1               0.00025       -0.00025        0.00800       -0.00818        0.00658        0.00002
     90 8H|1S0              -0.05742       -0.00001        0.00002       -0.00002        0.00001        0.00393
     91 8H|2S0              -0.04635       -0.00001        0.00001       -0.00002        0.00017       -0.02689
     92 8H|2P-1             -0.00029        0.00000       -0.00000        0.00000       -0.00000        0.00078
     93 8H|2P0              -0.00049       -0.00002        0.00073       -0.00068       -0.00047        0.00171
     94 8H|2P1               0.00004       -0.00025        0.00819       -0.00768       -0.00526       -0.00018
     95 9H|1S0               0.05742        0.00000       -0.00002        0.00002        0.00004       -0.00393
     96 9H|2S0               0.04635        0.00000       -0.00001        0.00001       -0.00012        0.02689
     97 9H|2P-1              0.00029        0.00000        0.00000       -0.00000        0.00001       -0.00078
     98 9H|2P0              -0.00049       -0.00002       -0.00072        0.00068       -0.00047        0.00171
     99 9H|2P1               0.00004       -0.00025       -0.00819        0.00768       -0.00526       -0.00018
    100 10H|1S0             -0.00851       -0.00000        0.00002       -0.00002        0.00011       -0.02023
    101 10H|2S0             -0.05008       -0.00001        0.00003       -0.00004        0.00010       -0.01877
    102 10H|2P-1            -0.00042       -0.00000        0.00000       -0.00000        0.00000       -0.00024
    103 10H|2P0             -0.00280       -0.00002       -0.00071        0.00072        0.00058        0.00012
    104 10H|2P1              0.00025       -0.00025       -0.00800        0.00818        0.00658        0.00002
    105 11C|1S0              0.00000       -0.00000        0.00000        0.00000       -0.00000       -0.00000
    106 11C|2S0             -0.00000       -0.00000        0.00001        0.00000       -0.00001       -0.00000
    107 11C|3S0             -0.00000       -0.00001       -0.00002        0.00002       -0.00000       -0.00000
    108 11C|2P-1            -0.00000        0.00002       -0.00000        0.00000       -0.00006        0.00001
    109 11C|3P-1            -0.00000        0.00002        0.00001       -0.00001       -0.00000        0.00001
    110 11C|2P0             -0.00697       -0.00256        0.00008        0.00004        0.00355        0.30916
    111 11C|3P0             -0.00338       -0.00192        0.00005        0.00002        0.00028        0.20039
    112 11C|2P1              0.00062       -0.02896       -0.00001       -0.00000        0.05767       -0.02711
    113 11C|3P1              0.00030       -0.02170       -0.00001       -0.00000        0.01492       -0.01758
    114 11C|3D-2             0.00004        0.00516       -0.00000       -0.00000       -0.02077        0.00062
    115 11C|3D-1            -0.00050        0.00046        0.00001        0.00000       -0.00180       -0.00822
    116 11C|3D0             -0.00000       -0.00000       -0.00300       -0.00269        0.00000        0.00000
    117 11C|3D1             -0.00000        0.00000       -0.01943       -0.01736       -0.00000        0.00000
    118 11C|3D2              0.00000        0.00000        0.00173        0.00155       -0.00002        0.00000
    119 12C|1S0             -0.00000       -0.00064        0.00000        0.00000       -0.00062       -0.00000
    120 12C|2S0              0.00000       -0.02325        0.00000        0.00000        0.03168        0.00016
    121 12C|3S0              0.00001       -0.05129        0.00002        0.00002        0.07315        0.00027
    122 12C|2P-1            -0.00000        0.05613       -0.00001       -0.00001        0.05359        0.00027
    123 12C|3P-1            -0.00000        0.03975       -0.00001       -0.00002        0.00683        0.00004
    124 12C|2P0             -0.00818        0.00400       -0.21103       -0.20952       -0.00434        0.13988
    125 12C|3P0             -0.00446       -0.00070       -0.14762       -0.13537       -0.00096        0.09972
    126 12C|2P1              0.00072        0.04509        0.01869        0.01856       -0.04099       -0.01260
    127 12C|3P1              0.00039       -0.00795        0.01307        0.01200       -0.00520       -0.00882
    128 12C|3D-2            -0.00004        0.00765       -0.00082       -0.00098       -0.00219       -0.00163
    129 12C|3D-1             0.00045        0.00068        0.00924        0.01108       -0.00029        0.01832
    130 12C|3D0              0.00007       -0.00073       -0.00012       -0.00013        0.00150       -0.00200
    131 12C|3D1              0.00045        0.00032       -0.00074       -0.00082       -0.00014       -0.01296
    132 12C|3D2             -0.00004        0.00234        0.00007        0.00007        0.00034        0.00116
    133 13C|1S0              0.00000        0.00064        0.00000        0.00000        0.00062        0.00000
    134 13C|2S0             -0.00000        0.02325        0.00000        0.00000       -0.03166       -0.00016
    135 13C|3S0             -0.00001        0.05128        0.00002        0.00002       -0.07308       -0.00027
    136 13C|2P-1             0.00000       -0.05617        0.00001        0.00001       -0.05352       -0.00026
    137 13C|3P-1             0.00000       -0.03975       -0.00000       -0.00001       -0.00684       -0.00003
    138 13C|2P0             -0.00818        0.00400        0.21105        0.20953       -0.00434        0.13980
    139 13C|3P0             -0.00446       -0.00070        0.14763        0.13537       -0.00096        0.09965
    140 13C|2P1              0.00072        0.04504       -0.01869       -0.01856       -0.04102       -0.01259
    141 13C|3P1              0.00039       -0.00798       -0.01308       -0.01200       -0.00519       -0.00881
    142 13C|3D-2            -0.00004        0.00765        0.00082        0.00098       -0.00219       -0.00163
    143 13C|3D-1             0.00045        0.00068       -0.00923       -0.01108       -0.00029        0.01832
    144 13C|3D0             -0.00007        0.00073       -0.00011       -0.00013       -0.00150        0.00200
    145 13C|3D1             -0.00045       -0.00032       -0.00074       -0.00082        0.00014        0.01297
    146 13C|3D2              0.00004       -0.00233        0.00007        0.00007       -0.00033       -0.00116
    147 14C|1S0              0.00000       -0.00056        0.00000        0.00000       -0.00010       -0.00000
    148 14C|2S0             -0.00000        0.04321        0.00000        0.00001       -0.01239       -0.00006
    149 14C|3S0             -0.00001        0.07033       -0.00001       -0.00003       -0.03488       -0.00013
    150 14C|2P-1             0.00000       -0.09317       -0.00001       -0.00001       -0.03180       -0.00016
    151 14C|3P-1            -0.00000       -0.00077       -0.00001       -0.00003       -0.02373       -0.00011
    152 14C|2P0             -0.00819       -0.00714       -0.20963       -0.21753        0.00178       -0.18399
    153 14C|3P0             -0.00482        0.00067       -0.13740       -0.14941        0.00038       -0.12603
    154 14C|2P1              0.00073       -0.08061        0.01857        0.01927        0.00955        0.01635
    155 14C|3P1              0.00043        0.00759        0.01219        0.01325       -0.00290        0.01113
    156 14C|3D-2             0.00004        0.00685        0.00087        0.00089       -0.00336       -0.00126
    157 14C|3D-1            -0.00042        0.00061       -0.00985       -0.01009       -0.00037        0.01398
    158 14C|3D0              0.00004        0.00246       -0.00005       -0.00005       -0.00032        0.00212
    159 14C|3D1              0.00023       -0.00046       -0.00033       -0.00030        0.00003        0.01372
    160 14C|3D2             -0.00002       -0.00089        0.00003        0.00003        0.00052       -0.00122
    161 15H|1S0             -0.00000        0.05742       -0.00000       -0.00000        0.00394        0.00002
    162 15H|2S0             -0.00000        0.04635        0.00000       -0.00001       -0.02688       -0.00014
    163 15H|2P-1            -0.00000       -0.00029        0.00000        0.00000       -0.00078       -0.00000
    164 15H|2P0             -0.00025       -0.00004       -0.00819       -0.00767       -0.00018        0.00526
    165 15H|2P1              0.00002       -0.00049        0.00073        0.00068       -0.00171       -0.00047
    166 16C|1S0             -0.00000        0.00056        0.00000        0.00000        0.00010        0.00000
    167 16C|2S0              0.00000       -0.04320        0.00000        0.00001        0.01237        0.00006
    168 16C|3S0              0.00001       -0.07032       -0.00001       -0.00003        0.03482        0.00013
    169 16C|2P-1            -0.00000        0.09324        0.00001        0.00001        0.03175        0.00015
    170 16C|3P-1            -0.00000        0.00076       -0.00000       -0.00001        0.02370        0.00010
    171 16C|2P0             -0.00819       -0.00714        0.20952        0.21748        0.00178       -0.18417
    172 16C|3P0             -0.00482        0.00067        0.13732        0.14938        0.00038       -0.12616
    173 16C|2P1              0.00073       -0.08052       -0.01856       -0.01926        0.00957        0.01637
    174 16C|3P1              0.00043        0.00760       -0.01218       -0.01325       -0.00288        0.01114
    175 16C|3D-2             0.00004        0.00685       -0.00087       -0.00089       -0.00336       -0.00126
    176 16C|3D-1            -0.00042        0.00061        0.00985        0.01009       -0.00037        0.01399
    177 16C|3D0             -0.00004       -0.00246       -0.00005       -0.00005        0.00032       -0.00212
    178 16C|3D1             -0.00023        0.00046       -0.00033       -0.00030       -0.00003       -0.01371
    179 16C|3D2              0.00002        0.00090        0.00003        0.00003       -0.00053        0.00122
    180 17H|1S0              0.00000       -0.05741       -0.00000       -0.00000       -0.00391       -0.00002
    181 17H|2S0              0.00000       -0.04635       -0.00000       -0.00001        0.02690        0.00014
    182 17H|2P-1            -0.00000        0.00029        0.00000        0.00000        0.00078        0.00000
    183 17H|2P0             -0.00025       -0.00004        0.00819        0.00767       -0.00018        0.00525
    184 17H|2P1              0.00002       -0.00049       -0.00073       -0.00068       -0.00171       -0.00047
    185 18C|1S0             -0.00000        0.00000        0.00000        0.00000       -0.00000       -0.00000
    186 18C|2S0             -0.00000        0.00000        0.00000        0.00000        0.00000       -0.00000
    187 18C|3S0              0.00000        0.00000        0.00002        0.00002        0.00001        0.00000
    188 18C|2P-1            -0.00000       -0.00005        0.00000        0.00000        0.00000       -0.00001
    189 18C|3P-1             0.00000       -0.00003        0.00000        0.00001        0.00000       -0.00001
    190 18C|2P0             -0.00320        0.01183       -0.00005       -0.00001        0.00128       -0.30493
    191 18C|3P0             -0.00115        0.00584       -0.00003       -0.00001        0.00068       -0.19498
    192 18C|2P1              0.00028        0.13354        0.00000        0.00000       -0.00294        0.02700
    193 18C|3P1              0.00010        0.06592        0.00000        0.00000       -0.00345        0.01723
    194 18C|3D-2             0.00012        0.03223       -0.00000       -0.00000       -0.00144        0.00142
    195 18C|3D-1            -0.00142        0.00286        0.00000        0.00001       -0.00005       -0.01608
    196 18C|3D0             -0.00000        0.00000       -0.00302       -0.00311        0.00000        0.00000
    197 18C|3D1             -0.00000        0.00000       -0.01951       -0.02009        0.00000        0.00000
    198 18C|3D2              0.00000        0.00003        0.00174        0.00179        0.00000        0.00000
    199 19H|1S0              0.00000       -0.00851       -0.00000       -0.00000        0.02024        0.00010
    200 19H|2S0              0.00000       -0.05009       -0.00001       -0.00001        0.01878        0.00010
    201 19H|2P-1            -0.00000        0.00043       -0.00000       -0.00000       -0.00024       -0.00000
    202 19H|2P0             -0.00025       -0.00025       -0.00801       -0.00817        0.00002       -0.00658
    203 19H|2P1              0.00002       -0.00280        0.00071        0.00072       -0.00012        0.00058
    204 20H|1S0             -0.00000        0.00850       -0.00000       -0.00000       -0.02023       -0.00010
    205 20H|2S0             -0.00000        0.05008       -0.00001       -0.00001       -0.01876       -0.00010
    206 20H|2P-1             0.00000       -0.00042       -0.00000        0.00000        0.00024        0.00000
    207 20H|2P0             -0.00025       -0.00025        0.00801        0.00817        0.00002       -0.00658
    208 20H|2P1              0.00002       -0.00280       -0.00071       -0.00072       -0.00012        0.00058
    209 21Cl|1S0            -0.00000       -0.00000       -0.00000        0.00000       -0.00000       -0.00000
    210 21Cl|2S0            -0.00000       -0.00000       -0.00000        0.00000       -0.00000       -0.00000
    211 21Cl|3S0            -0.00000        0.00000       -0.00000        0.00000       -0.00000       -0.00000
    212 21Cl|4S0             0.00000        0.00000        0.00001       -0.00000        0.00000        0.00000
    213 21Cl|2P-1            0.00000        0.00000        0.00000       -0.00000        0.00000        0.00000
    214 21Cl|3P-1           -0.00002       -0.00002       -0.00000        0.00000        0.00019        0.00000
    215 21Cl|4P-1           -0.00002       -0.00002       -0.00000        0.00000        0.00016        0.00000
    216 21Cl|2P0             0.00272       -0.00001       -0.00000        0.00000        0.00001        0.00001
    217 21Cl|3P0            -0.58878        0.00198        0.00006       -0.00005       -0.02846        0.01741
    218 21Cl|4P0            -0.46650        0.00157        0.00005       -0.00005       -0.02501        0.01517
    219 21Cl|2P1            -0.00024       -0.00012        0.00000       -0.00000        0.00007       -0.00000
    220 21Cl|3P1             0.05216        0.02269       -0.00001        0.00000       -0.32030       -0.00316
    221 21Cl|4P1             0.04133        0.01802       -0.00000        0.00000       -0.28158       -0.00277
    222 21Cl|3D-2           -0.00079       -0.00042       -0.00000        0.00000       -0.01938       -0.00011
    223 21Cl|3D-1            0.00889       -0.00004        0.00000       -0.00000       -0.00172        0.00011
    224 21Cl|3D0             0.00000       -0.00000       -0.00043        0.00046        0.00000        0.00000
    225 21Cl|3D1             0.00001       -0.00000       -0.00278        0.00300       -0.00000        0.00000
    226 21Cl|3D2            -0.00000       -0.00000        0.00025       -0.00027       -0.00002       -0.00000
    227 22Cl|1S0            -0.00000        0.00000        0.00000        0.00000       -0.00000       -0.00000
    228 22Cl|2S0            -0.00000        0.00000        0.00000        0.00000       -0.00000       -0.00000
    229 22Cl|3S0            -0.00000        0.00000        0.00000        0.00000       -0.00000       -0.00000
    230 22Cl|4S0             0.00000       -0.00000       -0.00001       -0.00000       -0.00000        0.00000
    231 22Cl|2P-1           -0.00000       -0.00000        0.00000        0.00000       -0.00000       -0.00000
    232 22Cl|3P-1            0.00000        0.00023       -0.00000       -0.00000       -0.00000        0.00001
    233 22Cl|4P-1            0.00000        0.00018       -0.00000       -0.00000       -0.00000        0.00001
    234 22Cl|2P0            -0.00012        0.00024       -0.00000       -0.00000       -0.00000       -0.00007
    235 22Cl|3P0             0.02269       -0.05216        0.00009        0.00002       -0.00316        0.32029
    236 22Cl|4P0             0.01802       -0.04133        0.00007        0.00002       -0.00277        0.28157
    237 22Cl|2P1             0.00001        0.00272        0.00000        0.00000       -0.00001        0.00001
    238 22Cl|3P1            -0.00198       -0.58879       -0.00001       -0.00000       -0.01741       -0.02846
    239 22Cl|4P1            -0.00157       -0.46650       -0.00001       -0.00000       -0.01517       -0.02501
    240 22Cl|3D-2           -0.00004       -0.00889       -0.00000       -0.00000        0.00011        0.00172
    241 22Cl|3D-1            0.00042       -0.00079       -0.00000        0.00000        0.00011       -0.01938
    242 22Cl|3D0            -0.00000        0.00000       -0.00043       -0.00046       -0.00000        0.00000
    243 22Cl|3D1             0.00000       -0.00000       -0.00278       -0.00300        0.00000       -0.00001
    244 22Cl|3D2            -0.00000       -0.00001        0.00025        0.00027        0.00000        0.00000
 
         Orbital                58             59             60             61             62             63
         Energy             -0.03352       -0.02168       -0.02168       -0.01340        0.02962        0.03025
         Occ No.             0.00000        0.00000        0.00000        0.00000        0.00000        0.00000
      1 1C|1S0              -0.00000       -0.00001        0.00003        0.00000        0.00336        0.00605
      2 1C|2S0              -0.00002        0.00129        0.02026       -0.00001       -0.01679       -0.00556
      3 1C|3S0              -0.00006        0.00571        0.08589       -0.00008       -0.18201       -0.20807
      4 1C|2P-1              0.00007       -0.00207       -0.03024        0.00007       -0.01215       -0.02161
      5 1C|3P-1              0.00006       -0.00392       -0.05766       -0.00003       -0.03139       -0.01537
      6 1C|2P0              -0.02007        0.01567       -0.00250       -0.01974        0.08247        0.08181
      7 1C|3P0              -0.02677        0.01991       -0.03549       -0.02594        0.20479        0.15619
      8 1C|2P1              -0.22608        0.17829       -0.01170       -0.22238       -0.00733       -0.00726
      9 1C|3P1              -0.30193        0.24926       -0.01351       -0.29166       -0.01816       -0.01382
     10 1C|3D-2             -0.01346       -0.02349        0.00122       -0.01769        0.00147        0.00130
     11 1C|3D-1             -0.00120       -0.00183        0.00373       -0.00157       -0.01671       -0.01477
     12 1C|3D0              -0.00002       -0.00347        0.00041        0.00000        0.01866        0.01821
     13 1C|3D1              -0.00009       -0.02244        0.00160        0.00002       -0.00249       -0.00204
     14 1C|3D2              -0.00000        0.00210        0.00150       -0.00002        0.00455        0.00888
     15 2C|1S0               0.00000       -0.00002       -0.00031        0.00000        0.00362       -0.00085
     16 2C|2S0               0.00001       -0.00298       -0.04549       -0.00000       -0.03693       -0.06009
     17 2C|3S0              -0.00005       -0.00681       -0.10313       -0.00003       -0.16204       -0.17022
     18 2C|2P-1             -0.00008        0.00286        0.04439       -0.00009       -0.02009       -0.01060
     19 2C|3P-1             -0.00011       -0.00274       -0.04057       -0.00020        0.04286        0.05531
     20 2C|2P0               0.01843        0.01333       -0.04113        0.02181        0.04263        0.03243
     21 2C|3P0               0.02682        0.02070        0.00730        0.02635        0.13062        0.14557
     22 2C|2P1               0.20779        0.18031       -0.00824        0.24607       -0.00373       -0.00283
     23 2C|3P1               0.30257        0.22716       -0.01567        0.29661       -0.01147       -0.01280
     24 2C|3D-2             -0.01711        0.02434       -0.00148       -0.01317       -0.00120       -0.00070
     25 2C|3D-1             -0.00152        0.00207       -0.00156       -0.00117        0.01351        0.00789
     26 2C|3D0              -0.00006       -0.00344       -0.00024       -0.00003        0.00948        0.00172
     27 2C|3D1              -0.00038       -0.02207        0.00096       -0.00023       -0.00157       -0.00046
     28 2C|3D2               0.00002        0.00158       -0.00646        0.00001       -0.00117       -0.00212
     29 3C|1S0              -0.00001       -0.00000        0.00000        0.00000       -0.00061        0.00151
     30 3C|2S0              -0.00002       -0.00004        0.00000       -0.00000       -0.03474       -0.01467
     31 3C|3S0               0.00017        0.00000        0.00000       -0.00012       -0.00818       -0.18825
     32 3C|2P-1             -0.00000        0.00023       -0.00001        0.00001        0.03223       -0.02424
     33 3C|3P-1             -0.00016        0.00024       -0.00001       -0.00005       -0.23148       -0.11311
     34 3C|2P0              -0.00001       -0.03280        0.00915       -0.00001       -0.00001       -0.00001
     35 3C|3P0              -0.00009       -0.03654        0.06941        0.00003       -0.00001       -0.00001
     36 3C|2P1               0.00000       -0.37534        0.02412        0.00000       -0.00005       -0.00009
     37 3C|3P1               0.00001       -0.46288        0.02460       -0.00000       -0.00022       -0.00015
     38 3C|3D-2             -0.00000        0.01356       -0.00391       -0.00000        0.00002        0.00000
     39 3C|3D-1              0.00000        0.00345        0.03383        0.00001        0.00000       -0.00000
     40 3C|3D0              -0.00439       -0.00000       -0.00000       -0.00382       -0.00764       -0.00687
     41 3C|3D1              -0.02839        0.00000        0.00001       -0.02466       -0.00025        0.00121
     42 3C|3D2               0.00253        0.00001       -0.00000        0.00220       -0.01608        0.00167
     43 4C|1S0              -0.00000        0.00002        0.00031        0.00000        0.00362       -0.00085
     44 4C|2S0              -0.00002        0.00301        0.04549       -0.00000       -0.03693       -0.06009
     45 4C|3S0               0.00009        0.00671        0.10314       -0.00001       -0.16204       -0.17022
     46 4C|2P-1              0.00009       -0.00298       -0.04438        0.00009       -0.02010       -0.01060
     47 4C|3P-1              0.00010        0.00257        0.04058        0.00011        0.04285        0.05530
     48 4C|2P0              -0.01838        0.01330       -0.04114       -0.02180       -0.04262       -0.03242
     49 4C|3P0              -0.02680        0.02070        0.00728       -0.02630       -0.13061       -0.14556
     50 4C|2P1              -0.20779        0.18030       -0.00840       -0.24607        0.00383        0.00294
     51 4C|3P1              -0.30257        0.22715       -0.01582       -0.29661        0.01167        0.01300
     52 4C|3D-2              0.01711        0.02434       -0.00148        0.01317        0.00120        0.00070
     53 4C|3D-1              0.00151        0.00205       -0.00155        0.00116       -0.01351       -0.00789
     54 4C|3D0              -0.00006        0.00344        0.00024       -0.00003        0.00949        0.00172
     55 4C|3D1              -0.00038        0.02207       -0.00096       -0.00023       -0.00157       -0.00045
     56 4C|3D2               0.00004       -0.00152        0.00646        0.00003       -0.00117       -0.00212
     57 5C|1S0              -0.00000       -0.00001       -0.00003       -0.00000        0.00336        0.00605
     58 5C|2S0               0.00002       -0.00138       -0.02026        0.00001       -0.01679       -0.00556
     59 5C|3S0               0.00009       -0.00562       -0.08590        0.00017       -0.18201       -0.20807
     60 5C|2P-1             -0.00008        0.00192        0.03025       -0.00007       -0.01216       -0.02162
     61 5C|3P-1             -0.00009        0.00363        0.05768       -0.00005       -0.03141       -0.01538
     62 5C|2P0               0.01999        0.01573       -0.00250        0.01966       -0.08247       -0.08181
     63 5C|3P0               0.02671        0.01978       -0.03546        0.02576       -0.20479       -0.15619
     64 5C|2P1               0.22608        0.17829       -0.01155        0.22239        0.00729        0.00723
     65 5C|3P1               0.30194        0.24928       -0.01330        0.29168        0.01812        0.01383
     66 5C|3D-2              0.01347       -0.02348        0.00123        0.01769       -0.00149       -0.00132
     67 5C|3D-1              0.00119       -0.00185        0.00373        0.00157        0.01672        0.01477
     68 5C|3D0              -0.00001        0.00345       -0.00040        0.00000        0.01866        0.01821
     69 5C|3D1              -0.00009        0.02245       -0.00160        0.00002       -0.00247       -0.00201
     70 5C|3D2               0.00002       -0.00213       -0.00150        0.00001        0.00455        0.00888
     71 6C|1S0              -0.00000       -0.00000        0.00000       -0.00000        0.00645        0.00619
     72 6C|2S0              -0.00000        0.00009       -0.00001       -0.00001       -0.11504       -0.11752
     73 6C|3S0              -0.00001        0.00027       -0.00002        0.00000       -0.68444       -0.62912
     74 6C|2P-1              0.00000        0.00028       -0.00002       -0.00000       -0.26576       -0.27563
     75 6C|3P-1             -0.00002        0.00045       -0.00003       -0.00000       -0.29847       -0.33283
     76 6C|2P0              -0.00001       -0.03493        0.00233       -0.00002       -0.00001       -0.00001
     77 6C|3P0              -0.00005       -0.04550       -0.02564       -0.00016       -0.00001       -0.00001
     78 6C|2P1               0.00000       -0.39425        0.02599        0.00000       -0.00017       -0.00019
     79 6C|3P1               0.00000       -0.49259        0.03501        0.00001       -0.00024       -0.00028
     80 6C|3D-2              0.00000       -0.01722        0.00087        0.00000        0.00001        0.00001
     81 6C|3D-1             -0.00001       -0.00133        0.00313       -0.00001       -0.00000       -0.00000
     82 6C|3D0               0.00427       -0.00001        0.00000        0.00448       -0.01064       -0.01103
     83 6C|3D1               0.02759        0.00000        0.00001        0.02897        0.00082        0.00088
     84 6C|3D2              -0.00246       -0.00001       -0.00000       -0.00259       -0.00920       -0.00923
     85 7H|1S0               0.00001       -0.00108       -0.01617        0.00001        0.06392        0.05777
     86 7H|2S0               0.00004       -0.00306       -0.04697        0.00003        0.42505        0.38456
     87 7H|2P-1              0.00000       -0.00007       -0.00092        0.00001        0.00251        0.00138
     88 7H|2P0              -0.00097        0.00086        0.00042       -0.00104       -0.00348       -0.00272
     89 7H|2P1              -0.01091        0.00930       -0.00066       -0.01176        0.00031        0.00024
     90 8H|1S0              -0.00001       -0.00068       -0.01052       -0.00001        0.05345        0.03662
     91 8H|2S0              -0.00001        0.00147        0.02197       -0.00000        0.31117        0.34127
     92 8H|2P-1             -0.00000       -0.00015       -0.00231       -0.00000       -0.00343       -0.00263
     93 8H|2P0               0.00097        0.00070       -0.00248        0.00105       -0.00308       -0.00117
     94 8H|2P1               0.01096        0.00966       -0.00042        0.01184        0.00028        0.00011
     95 9H|1S0               0.00000        0.00070        0.01052        0.00000        0.05345        0.03662
     96 9H|2S0              -0.00002       -0.00143       -0.02197        0.00007        0.31117        0.34127
     97 9H|2P-1              0.00000        0.00015        0.00231        0.00000       -0.00343       -0.00263
     98 9H|2P0              -0.00097        0.00070       -0.00248       -0.00105        0.00308        0.00117
     99 9H|2P1              -0.01096        0.00966       -0.00042       -0.01184       -0.00027       -0.00010
    100 10H|1S0             -0.00001        0.00106        0.01618       -0.00001        0.06392        0.05777
    101 10H|2S0             -0.00003        0.00313        0.04697       -0.00001        0.42505        0.38456
    102 10H|2P-1            -0.00000        0.00006        0.00092       -0.00000        0.00251        0.00139
    103 10H|2P0              0.00097        0.00086        0.00042        0.00104        0.00348        0.00272
    104 10H|2P1              0.01091        0.00930       -0.00065        0.01176       -0.00031       -0.00024
    105 11C|1S0              0.00001        0.00000       -0.00000        0.00000        0.00060        0.00152
    106 11C|2S0              0.00002        0.00002       -0.00000       -0.00000        0.03491       -0.01431
    107 11C|3S0             -0.00017        0.00004       -0.00000       -0.00012        0.01010       -0.18819
    108 11C|2P-1            -0.00000        0.00004       -0.00002       -0.00001        0.03196        0.02459
    109 11C|3P-1            -0.00016       -0.00007       -0.00001        0.00005       -0.23262        0.11058
    110 11C|2P0              0.00014       -0.02412       -0.37535       -0.00006        0.00000       -0.00000
    111 11C|3P0              0.00020       -0.02460       -0.46288       -0.00004        0.00000        0.00000
    112 11C|2P1             -0.00001        0.00915        0.03280        0.00000        0.00002        0.00000
    113 11C|3P1             -0.00002        0.06940        0.03654        0.00000       -0.00010        0.00006
    114 11C|3D-2            -0.00000       -0.03383        0.00345        0.00000       -0.00002       -0.00001
    115 11C|3D-1             0.00002       -0.00391       -0.01356       -0.00001       -0.00000       -0.00000
    116 11C|3D0             -0.00439        0.00000       -0.00000        0.00382        0.01006        0.00499
    117 11C|3D1             -0.02839       -0.00000       -0.00003        0.02465       -0.00024       -0.00122
    118 11C|3D2              0.00254       -0.00003        0.00000       -0.00220        0.01470       -0.00496
    119 12C|1S0              0.00000        0.00031       -0.00002        0.00000       -0.00361       -0.00089
    120 12C|2S0              0.00000        0.04550       -0.00300       -0.00000        0.03756       -0.05968
    121 12C|3S0             -0.00002        0.10314       -0.00676       -0.00002        0.16385       -0.16847
    122 12C|2P-1            -0.00001        0.04441       -0.00292        0.00001       -0.02021        0.01040
    123 12C|3P-1            -0.00002       -0.04055        0.00266        0.00006        0.04332       -0.05481
    124 12C|2P0             -0.20790        0.00831        0.18018        0.24609        0.00380       -0.00285
    125 12C|3P0             -0.30272        0.01573        0.22695        0.29664        0.01170       -0.01277
    126 12C|2P1              0.01842       -0.04111       -0.01330       -0.02181        0.04294       -0.03197
    127 12C|3P1              0.02682        0.00729       -0.02068       -0.02633        0.13208       -0.14415
    128 12C|3D-2             0.00151        0.00155        0.00206       -0.00117       -0.01359        0.00774
    129 12C|3D-1            -0.01711       -0.00148       -0.02436        0.01316       -0.00120        0.00069
    130 12C|3D0             -0.00006        0.00547        0.00306        0.00004        0.00578       -0.00263
    131 12C|3D1             -0.00039        0.00096        0.02206        0.00024       -0.00158        0.00044
    132 12C|3D2              0.00003        0.00344       -0.00220       -0.00002       -0.00764        0.00036
    133 13C|1S0              0.00000       -0.00031        0.00002        0.00000       -0.00361       -0.00089
    134 13C|2S0              0.00000       -0.04549        0.00299       -0.00000        0.03755       -0.05971
    135 13C|3S0             -0.00002       -0.10314        0.00676       -0.00002        0.16378       -0.16850
    136 13C|2P-1             0.00001       -0.04436        0.00293       -0.00001       -0.02020        0.01038
    137 13C|3P-1             0.00001        0.04058       -0.00265        0.00003        0.04350       -0.05487
    138 13C|2P0              0.20771        0.00833        0.18045       -0.24603       -0.00381        0.00285
    139 13C|3P0              0.30245        0.01576        0.22736       -0.29656       -0.01170        0.01277
    140 13C|2P1             -0.01840       -0.04116       -0.01332        0.02180       -0.04298        0.03196
    141 13C|3P1             -0.02680        0.00727       -0.02072        0.02632       -0.13208        0.14412
    142 13C|3D-2            -0.00152        0.00156        0.00206        0.00117        0.01360       -0.00774
    143 13C|3D-1             0.01712       -0.00148       -0.02433       -0.01317        0.00121       -0.00069
    144 13C|3D0             -0.00006       -0.00547       -0.00306        0.00004        0.00578       -0.00264
    145 13C|3D1             -0.00036       -0.00096       -0.02208        0.00022       -0.00157        0.00044
    146 13C|3D2              0.00003       -0.00343        0.00221       -0.00002       -0.00762        0.00034
    147 14C|1S0              0.00000       -0.00003        0.00000       -0.00000       -0.00342        0.00602
    148 14C|2S0              0.00000       -0.02026        0.00133       -0.00000        0.01684       -0.00539
    149 14C|3S0             -0.00002       -0.08589        0.00567        0.00005        0.18411       -0.20614
    150 14C|2P-1             0.00001       -0.03024        0.00200       -0.00001       -0.01242        0.02150
    151 14C|3P-1            -0.00000       -0.05764        0.00378        0.00003       -0.03169        0.01509
    152 14C|2P0              0.22603        0.01163        0.17840       -0.22235        0.00739       -0.00716
    153 14C|3P0              0.30187        0.01342        0.24941       -0.29163        0.01828       -0.01363
    154 14C|2P1             -0.02003       -0.00252       -0.01571        0.01970        0.08331       -0.08092
    155 14C|3P1             -0.02673       -0.03549       -0.01985        0.02584        0.20636       -0.15399
    156 14C|3D-2             0.00119       -0.00373       -0.00184       -0.00157        0.01689       -0.01461
    157 14C|3D-1            -0.01348        0.00123        0.02346        0.01769        0.00150       -0.00129
    158 14C|3D0             -0.00001       -0.00110        0.00356       -0.00000        0.00540       -0.00136
    159 14C|3D1             -0.00011        0.00160        0.02245       -0.00001       -0.00250        0.00200
    160 14C|3D2              0.00001       -0.00111       -0.00194       -0.00000       -0.01863        0.02000
    161 15H|1S0              0.00000        0.01052       -0.00069       -0.00000       -0.05383        0.03606
    162 15H|2S0              0.00001       -0.02199        0.00145        0.00003       -0.31464        0.33792
    163 15H|2P-1            -0.00000       -0.00231        0.00015       -0.00000       -0.00346        0.00259
    164 15H|2P0             -0.01097        0.00042        0.00966        0.01184       -0.00027        0.00010
    165 15H|2P1              0.00097       -0.00248       -0.00070       -0.00105       -0.00310        0.00114
    166 16C|1S0              0.00000        0.00003       -0.00000       -0.00000       -0.00343        0.00602
    167 16C|2S0              0.00000        0.02026       -0.00133       -0.00000        0.01684       -0.00537
    168 16C|3S0             -0.00001        0.08590       -0.00567        0.00005        0.18417       -0.20605
    169 16C|2P-1            -0.00001        0.03024       -0.00198        0.00001       -0.01235        0.02146
    170 16C|3P-1            -0.00002        0.05768       -0.00377        0.00005       -0.03146        0.01500
    171 16C|2P0             -0.22615        0.01162        0.17818        0.22240       -0.00739        0.00716
    172 16C|3P0             -0.30202        0.01340        0.24911        0.29169       -0.01829        0.01363
    173 16C|2P1              0.02004       -0.00249       -0.01569       -0.01970       -0.08333        0.08094
    174 16C|3P1              0.02675       -0.03545       -0.01983       -0.02585       -0.20645        0.15399
    175 16C|3D-2            -0.00119       -0.00373       -0.00184        0.00157       -0.01686        0.01458
    176 16C|3D-1             0.01345        0.00123        0.02350       -0.01768       -0.00149        0.00129
    177 16C|3D0             -0.00001        0.00110       -0.00356       -0.00000        0.00540       -0.00136
    178 16C|3D1             -0.00008       -0.00160       -0.02244       -0.00003       -0.00250        0.00200
    179 16C|3D2              0.00001        0.00110        0.00194        0.00000       -0.01866        0.02003
    180 17H|1S0              0.00000       -0.01052        0.00069       -0.00000       -0.05384        0.03605
    181 17H|2S0              0.00001        0.02195       -0.00145        0.00003       -0.31469        0.33790
    182 17H|2P-1             0.00000        0.00231       -0.00015       -0.00000       -0.00346        0.00259
    183 17H|2P0              0.01096        0.00042        0.00967       -0.01184        0.00027       -0.00010
    184 17H|2P1             -0.00097       -0.00247       -0.00070        0.00105        0.00309       -0.00114
    185 18C|1S0              0.00000       -0.00000        0.00000       -0.00000       -0.00652        0.00612
    186 18C|2S0              0.00000        0.00000       -0.00000       -0.00001        0.11629       -0.11631
    187 18C|3S0              0.00001        0.00002       -0.00000        0.00000        0.69106       -0.62185
    188 18C|2P-1             0.00000       -0.00000       -0.00002        0.00000       -0.26868        0.27283
    189 18C|3P-1            -0.00002        0.00001       -0.00002        0.00000       -0.30202        0.32971
    190 18C|2P0              0.00018       -0.02599       -0.39424       -0.00007        0.00000       -0.00000
    191 18C|3P0              0.00022       -0.03501       -0.49258       -0.00010       -0.00000       -0.00000
    192 18C|2P1             -0.00002        0.00232        0.03492        0.00001       -0.00011        0.00011
    193 18C|3P1             -0.00002       -0.02564        0.04549        0.00001       -0.00016        0.00013
    194 18C|3D-2             0.00000       -0.00313       -0.00133       -0.00000       -0.00001        0.00001
    195 18C|3D-1            -0.00002        0.00087        0.01722        0.00002       -0.00000        0.00000
    196 18C|3D0              0.00427        0.00000        0.00000       -0.00448        0.00268       -0.00245
    197 18C|3D1              0.02759        0.00000        0.00002       -0.02897        0.00083       -0.00087
    198 18C|3D2             -0.00246       -0.00000       -0.00000        0.00259        0.01396       -0.01402
    199 19H|1S0              0.00000        0.01618       -0.00107        0.00000       -0.06452        0.05709
    200 19H|2S0             -0.00001        0.04697       -0.00309        0.00001       -0.42900        0.38001
    201 19H|2P-1             0.00000       -0.00092        0.00006       -0.00000        0.00253       -0.00136
    202 19H|2P0              0.01091        0.00066        0.00930       -0.01175       -0.00031        0.00024
    203 19H|2P1             -0.00097        0.00042       -0.00086        0.00104       -0.00351        0.00268
    204 20H|1S0              0.00000       -0.01618        0.00107        0.00000       -0.06454        0.05709
    205 20H|2S0             -0.00001       -0.04697        0.00309        0.00001       -0.42907        0.37999
    206 20H|2P-1            -0.00000        0.00092       -0.00006       -0.00000        0.00252       -0.00136
    207 20H|2P0             -0.01092        0.00066        0.00929        0.01176        0.00031       -0.00024
    208 20H|2P1              0.00097        0.00042       -0.00085       -0.00104        0.00351       -0.00268
    209 21Cl|1S0            -0.00000        0.00000       -0.00000       -0.00000       -0.00433       -0.00411
    210 21Cl|2S0            -0.00000        0.00000       -0.00000       -0.00000       -0.02559       -0.02386
    211 21Cl|3S0            -0.00000       -0.00005        0.00000        0.00000        0.06098        0.06726
    212 21Cl|4S0             0.00001       -0.00018        0.00001        0.00001        0.37542        0.38634
    213 21Cl|2P-1           -0.00000        0.00000       -0.00000        0.00000        0.00012       -0.00012
    214 21Cl|3P-1           -0.00000        0.00007       -0.00001       -0.00001       -0.21753       -0.22524
    215 21Cl|4P-1           -0.00001        0.00014       -0.00001       -0.00001       -0.47035       -0.48236
    216 21Cl|2P0            -0.00000        0.00003       -0.00023       -0.00000        0.00000        0.00000
    217 21Cl|3P0            -0.00001        0.00970       -0.01068       -0.00001       -0.00000       -0.00000
    218 21Cl|4P0            -0.00000        0.01507       -0.00929        0.00001       -0.00000       -0.00000
    219 21Cl|2P1             0.00000        0.00049       -0.00001        0.00000        0.00000       -0.00000
    220 21Cl|3P1             0.00000        0.11697       -0.00682        0.00000       -0.00012       -0.00012
    221 21Cl|4P1             0.00000        0.17631       -0.01089       -0.00000       -0.00026       -0.00026
    222 21Cl|3D-2            0.00000        0.05505       -0.00344        0.00000       -0.00007       -0.00007
    223 21Cl|3D-1           -0.00001        0.00473       -0.00249       -0.00001       -0.00000       -0.00000
    224 21Cl|3D0             0.00147       -0.00002        0.00000        0.00154        0.04486        0.04532
    225 21Cl|3D1             0.00951        0.00000        0.00000        0.00992       -0.00120       -0.00110
    226 21Cl|3D2            -0.00085        0.00004       -0.00000       -0.00088        0.06423        0.06620
    227 22Cl|1S0             0.00000        0.00000       -0.00000       -0.00000        0.00437       -0.00406
    228 22Cl|2S0             0.00000        0.00000       -0.00000       -0.00000        0.02585       -0.02359
    229 22Cl|3S0             0.00000       -0.00000       -0.00000        0.00000       -0.06169        0.06661
    230 22Cl|4S0            -0.00001       -0.00000        0.00000        0.00001       -0.37949        0.38236
    231 22Cl|2P-1           -0.00000        0.00000        0.00000       -0.00000        0.00012        0.00012
    232 22Cl|3P-1           -0.00000        0.00000        0.00000        0.00001       -0.21991        0.22294
    233 22Cl|4P-1           -0.00001       -0.00000        0.00001        0.00001       -0.47545        0.47739
    234 22Cl|2P0            -0.00000        0.00001        0.00049        0.00000       -0.00000       -0.00000
    235 22Cl|3P0            -0.00006        0.00682        0.11696        0.00002        0.00000       -0.00000
    236 22Cl|4P0            -0.00008        0.01089        0.17629        0.00003        0.00000       -0.00000
    237 22Cl|2P1             0.00000       -0.00023       -0.00003       -0.00000       -0.00000       -0.00000
    238 22Cl|3P1             0.00001       -0.01068       -0.00970       -0.00000       -0.00009        0.00009
    239 22Cl|4P1             0.00001       -0.00929       -0.01507       -0.00000       -0.00019        0.00019
    240 22Cl|3D-2           -0.00000        0.00249        0.00473        0.00000        0.00006       -0.00006
    241 22Cl|3D-1            0.00002       -0.00344       -0.05504       -0.00001        0.00000        0.00000
    242 22Cl|3D0             0.00147       -0.00000        0.00000       -0.00153       -0.03356        0.03432
    243 22Cl|3D1             0.00951       -0.00000       -0.00002       -0.00992       -0.00121        0.00109
    244 22Cl|3D2            -0.00085        0.00000        0.00000        0.00089       -0.07173        0.07159
 
 
 [Mulliken Population Analysis]
  Atomic charges: 
     1C       0.1343
     2C       0.0510
     3C      -0.0080
     4C       0.0510
     5C       0.1343
     6C      -0.1434
     7H      -0.0250
     8H      -0.0408
     9H      -0.0408
    10H      -0.0250
    11C      -0.0080
    12C       0.0511
    13C       0.0510
    14C       0.1343
    15H      -0.0408
    16C       0.1343
    17H      -0.0408
    18C      -0.1434
    19H      -0.0250
    20H      -0.0250
    21Cl     -0.0876
    22Cl     -0.0876
     Sum:     0.0000
 
 [Lowdin Population Analysis]
  Atomic charges: 
     1C      -0.0299
     2C      -0.0095
     3C      -0.0216
     4C      -0.0095
     5C      -0.0299
     6C      -0.1434
     7H       0.0307
     8H       0.0295
     9H       0.0295
    10H       0.0307
    11C      -0.0216
    12C      -0.0094
    13C      -0.0095
    14C      -0.0299
    15H       0.0295
    16C      -0.0299
    17H       0.0295
    18C      -0.1434
    19H       0.0307
    20H       0.0307
    21Cl      0.1232
    22Cl      0.1232
     Sum:     0.0000
 
 
 [Dipole moment: Debye]
              X          Y          Z         |u|
   Elec:0.5789E-04 0.1685E-03 0.9580E-05
   Nucl:-.2744E-13 0.7224E-13 0.1340E-12
   Totl:    0.0001     0.0002     0.0000     0.0002
 
 ++++++++  DATA CHECK +++++++++++++++++++++++++++++++++
  CHECKDATA:HF:ENERGY:  -1382.563119785
 ++++++++++ END DATA CHECK ++++++++++++++++++++++++++++
 
 
 ---------------------------------------------------------------
  Timing of SCF calculation                                                       
 
  CPU TIME(S)      SYSTEM TIME(S)     WALL TIME(S)
        197.250            0.450              24.820
 ---------------------------------------------------------------
 
|******************************************************************************|
 
    Total cpu     time:        197.27  S
    Total system  time:          0.45  S
    Total wall    time:         24.82  S
 
    Current time   2022-05-04  13:09:17
    End running module scf
|******************************************************************************|
 
('/scratch/3,8-dicl-dibenzene_351', '/apps/users/lcz/task2/section1/isomer2/B3LYP_cc-pVDZ/BDF')
 Warning! Removing scratch files. If you would like to keep scratch files for restaring. Please use -keeptmpdir

Sender: Unischeduler System <lcz@mgt01>
Subject: Job 127797: <#!/bin/bash
#BSUB -J intel
#BSUB -o 3,8-dicl-dibenzene.out
#BSUB -n 8
#BSUB -q cqueue
#BSUB -R span[hosts=1]
export BDFHOME=/apps/users/lcz/bdf-pkg
export BDF_TMPDIR=/scratch/3,8-dicl-dibenzene_351
export USE_LIBCINT=no
export LD_LIBRARY_PATH=/apps/users/lcz/bdf-pkg/extlibs:/apps/users/lcz/bdf-pkg/libso:/apps/software/intel2019/mkl/lib/intel64:/apps/software/intel2019/compilers_and_libraries_2019/linux/lib/intel64:$LD_LIBRARY_PATH
ulimit -s unlimited
ulimit -t unlimited
export OMP_NUM_THREADS=8
export OMP_STACKSIZE=20G
/apps/users/lcz/bdf-pkg/sbin/bdfdrv.py -tmpdir /scratch/3,8-dicl-dibenzene_351 -r 3,8-dicl-dibenzene.inp > 3,8-dicl-dibenzene.out
rm -rf .3,8-dicl-dibenzene.wrk> Done

Job <#!/bin/bash
#BSUB -J intel
#BSUB -o 3,8-dicl-dibenzene.out
#BSUB -n 8
#BSUB -q cqueue
#BSUB -R span[hosts=1]
export BDFHOME=/apps/users/lcz/bdf-pkg
export BDF_TMPDIR=/scratch/3,8-dicl-dibenzene_351
export USE_LIBCINT=no
export LD_LIBRARY_PATH=/apps/users/lcz/bdf-pkg/extlibs:/apps/users/lcz/bdf-pkg/libso:/apps/software/intel2019/mkl/lib/intel64:/apps/software/intel2019/compilers_and_libraries_2019/linux/lib/intel64:$LD_LIBRARY_PATH
ulimit -s unlimited
ulimit -t unlimited
export OMP_NUM_THREADS=8
export OMP_STACKSIZE=20G
/apps/users/lcz/bdf-pkg/sbin/bdfdrv.py -tmpdir /scratch/3,8-dicl-dibenzene_351 -r 3,8-dicl-dibenzene.inp > 3,8-dicl-dibenzene.out
rm -rf .3,8-dicl-dibenzene.wrk> was submitted from host <mgt01> by user <lcz>.
Job was executed on host(s) <8*cnode12>, in queue <cqueue>, as user <lcz>.
</apps/users/lcz> was used as the home directory.
</apps/users/lcz/task2/section1/isomer2/B3LYP_cc-pVDZ/BDF> was used as the working directory.
Started at 2022-05-04 13:08:52
Results reported at 2022-05-04 13:09:18

Your job looked like:

------------------------------------------------------------
# User input
#!/bin/bash
#BSUB -J intel
#BSUB -o 3,8-dicl-dibenzene.out
#BSUB -n 8
#BSUB -q cqueue
#BSUB -R span[hosts=1]
export BDFHOME=/apps/users/lcz/bdf-pkg
export BDF_TMPDIR=/scratch/3,8-dicl-dibenzene_351
export USE_LIBCINT=no
export LD_LIBRARY_PATH=/apps/users/lcz/bdf-pkg/extlibs:/apps/users/lcz/bdf-pkg/libso:/apps/software/intel2019/mkl/lib/intel64:/apps/software/intel2019/compilers_and_libraries_2019/linux/lib/intel64:$LD_LIBRARY_PATH
ulimit -s unlimited
ulimit -t unlimited
export OMP_NUM_THREADS=8
export OMP_STACKSIZE=20G
/apps/users/lcz/bdf-pkg/sbin/bdfdrv.py -tmpdir /scratch/3,8-dicl-dibenzene_351 -r 3,8-dicl-dibenzene.inp > 3,8-dicl-dibenzene.out
rm -rf .3,8-dicl-dibenzene.wrk
------------------------------------------------------------

Successfully completed.

Resource usage summary:

    CPU time   :          122.56 sec.
    Max Memory :               320 MB
    Max Processes  :               5


The output (if any) follows:

