#!awk.bdf.output
====================== BDF version information ============================
commit 15a5aac1bbb5a2a101a9aa715fa1cdc141611229
Author: Yibo Lei <leiyb@nwu.edu.cn>
Date:   Sun Jan 16 18:50:00 2022 +0800

    change Vircut to VSD and add Pre-CMO by MCSCF MOs and refine ploop search of xianci
===========================================================================
BDFHOME =  /apps/software/bdf-pkg
BDF_TMPDIR = /tmp
BDF_MPIRUN =  None
BDF_MPIROOT =  None
|---------------------------------------------------------------------|
 Could not find mpirun. Set to serial running ...


(' BDFHOME     = ', '/apps/users/lcz/bdf-pkg')
(' BDF_WORKDIR = ', '/apps/users/lcz/exe9/task2/bdf/benzene')
(' BDF_TMPDIR  = ', '/scratch/ben-cas66-ccpvdz_242')
(' BDFTASK     = ', 'ben-cas66-ccpvdz')

  BDF parallel running information ...
('  BDF_MASTER_NODE', 'cnode10')
('  BDF_MPIROOT = ', 'None')
  Total number of computational nodes   = 1
  Number of processes per node          = 1
  Number of openmp threads per process  = 8


('  Singlepoint_task = ', True)
('  Fragmp2_task     = ', False)


$compass
title
benzene cas66
basis
cc-pvdz
geometry
C 1.21105763915345 0.69916522296351 -0.00000002423937
C 0.00000000882288 1.39827374718112 -0.00000003476372
C -1.21105761456966 0.69916520818333 0.00000001202970
C -1.21105765944965 -0.69916521253772 -0.00000002028759
C -0.00000002924690 -1.39827375425198 -0.00000006510495
C 1.21105759634142 -0.69916519566758 -0.00000001139166
H 2.15727867932261 1.24550656935944 0.00000002108822
H -0.00000003268748 2.49090825711365 -0.00000007876766
H -2.15727859099377 1.24550663211660 0.00000011262075
H -2.15727863065228 -1.24550666379260 0.00000002492918
H -0.00000001076256 -2.49090826242235 -0.00000006787266
H 2.15727864472193 -1.24550654824542 0.00000013175977
end geometry
thresh
coarse
saorb
group
d(2h)
$end
$xuanyuan
$end
$scf
rhf
charge
0
$end
$mcscf
guess
hforb
close
6 3 0 0 0 0 5 4
active
0 0 1 2 1 2 0 0
actel
6
spin
1
iprtmo
1
molden
symmetry
1
$end
('tmpstdin ', True)
('npro is ', 1)
('\n BDF command: ', '/apps/users/lcz/bdf-pkg/bin/compass.x /scratch/ben-cas66-ccpvdz_242/ben-cas66-ccpvdzXX0.compass.inp')
  BDF process        0 of        1 on Serial  
 
|******************************************************************************|
 
    Start running module compass
    Current time   2022-04-23  20:17:27
 
|******************************************************************************|

 ++++++++++ Reading compass input ++++++++++++++++++
 TITLE
 BASIS
 Input Basis set is cc-pVDZ
 Spherical GTO 5d,7f
 GEOMETRY
 C       1.21105764      0.69916522     -0.00000002
 C       0.00000001      1.39827375     -0.00000003
 C      -1.21105761      0.69916521      0.00000001
 C      -1.21105766     -0.69916521     -0.00000002
 C      -0.00000003     -1.39827375     -0.00000007
 C       1.21105760     -0.69916520     -0.00000001
 H       2.15727868      1.24550657      0.00000002
 H      -0.00000003      2.49090826     -0.00000008
 H      -2.15727859      1.24550663      0.00000011
 H      -2.15727863     -1.24550666      0.00000002
 H      -0.00000001     -2.49090826     -0.00000007
 H       2.15727864     -1.24550655      0.00000013
 Number of atoms:       12
 THRESH
 SAORB
 GROUP
 $END
 ++++++++++ End of reading compass input +++++++++++++


|-------------------------------------------------------------------------------------------|

 Atom           Cartcoord(Bohr)                 Charge Basis Auxbas Uatom Nstab Alink  Mass
  C        2.288567     1.321231    -0.000000     6.00    1     0     0     0   E     11.9967
  C        0.000000     2.642354    -0.000000     6.00    1     0     0     0   E     11.9967
  C       -2.288567     1.321231     0.000000     6.00    1     0     0     0   E     11.9967
  C       -2.288567    -1.321231    -0.000000     6.00    1     0     0     0   E     11.9967
  C       -0.000000    -2.642354    -0.000000     6.00    1     0     0     0   E     11.9967
  C        2.288567    -1.321231    -0.000000     6.00    1     0     0     0   E     11.9967
  H        4.076666     2.353666     0.000000     1.00    2     0     0     0   E      1.0073
  H       -0.000000     4.707134    -0.000000     1.00    2     0     0     0   E      1.0073
  H       -4.076666     2.353666     0.000000     1.00    2     0     0     0   E      1.0073
  H       -4.076666    -2.353666     0.000000     1.00    2     0     0     0   E      1.0073
  H       -0.000000    -4.707134    -0.000000     1.00    2     0     0     0   E      1.0073
  H        4.076666    -2.353666     0.000000     1.00    2     0     0     0   E      1.0073
 
|--------------------------------------------------------------------------------------------|

  End of reading atomic basis sets ..
 Printing basis sets for checking ....

 Atomic label:  C    6
 Maximum L  2 9s4p1d ----> 3s2p1d NBF =  14
 #--->s function
      Exp Coef          Norm Coef       Con Coef
          6665.000000   0.186365E+04    0.000692   -0.000293    0.000000
          1000.000000   0.449278E+03    0.005326   -0.002318    0.000000
           228.000000   0.148240E+03    0.027061   -0.011500    0.000000
            64.710000   0.576426E+02    0.101657   -0.046827    0.000000
            21.060000   0.248376E+02    0.274575   -0.128466    0.000000
             7.495000   0.114444E+02    0.448294   -0.301266    0.000000
             2.797000   0.546430E+01    0.284903   -0.255631    0.000000
             0.521500   0.155044E+01    0.015195    1.093793    0.000000
             0.159600   0.637954E+00    0.000000    0.000000    1.000000
 #--->p function
      Exp Coef          Norm Coef       Con Coef
             9.439000   0.482661E+02    0.056979    0.000000
             2.002000   0.694727E+01    0.313207    0.000000
             0.545600   0.136797E+01    0.760377    0.000000
             0.151700   0.276195E+00    0.000000    1.000000
 #--->d function
      Exp Coef          Norm Coef       Con Coef
             0.550000   0.916567E+00    1.000000
 

 Atomic label:  H    1
 Maximum L  1 4s1p ----> 2s1p NBF =   5
 #--->s function
      Exp Coef          Norm Coef       Con Coef
            13.010000   0.173070E+02    0.033499    0.000000
             1.962000   0.418831E+01    0.234801    0.000000
             0.444600   0.137560E+01    0.813683    0.000000
             0.122000   0.521537E+00    0.000000    1.000000
 #--->p function
      Exp Coef          Norm Coef       Con Coef
             0.727000   0.195840E+01    1.000000
 
 
 Atomic masses
   11.9967   11.9967   11.9967   11.9967   11.9967
   11.9967    1.0073    1.0073    1.0073    1.0073
    1.0073    1.0073

 Molecular center of mass
        -0.00000002     0.00000000    -0.00000004

 Molecular center of nuclear charge
        -0.00000001     0.00000000    -0.00000003
 [molesym]
 
 Auto decide molecular point group! Rotate coordinates into standard orientation!
 Threshold= 0.10000E-02 0.10000E-01 0.10000E-01
 
User set molecular point group as D(2H)   
 zgeomsort being called!
gsym: D06H, noper=   24
 Exiting zgeomsort....
 Representation generated
  Binary group is observed ...
  Point group name D(6H)                        8
  User set point group as D(2H)   
  Largest Abelian Subgroup D(2H)                        8
 Representation generated
 D|2|H|                     2
 Symmetry check OK
 Molecule has been symmetrized
  Number of symmery unique centers:                      4

|-------------------------------------------------------------------------------------------|

 Atom           Cartcoord(Bohr)                 Charge Basis Auxbas Uatom Nstab Alink  Mass
  C       -2.642573     0.000000     0.000000     6.00    1     0     0     0   E     11.9967
  C       -1.321260     2.288425     0.000000     6.00    1     0     0     0   E     11.9967
  C        1.321260     2.288425     0.000000     6.00    1     0     0     0   E     11.9967
  C        2.642573    -0.000000     0.000000     6.00    1     0     0     0   E     11.9967
  C        1.321260    -2.288425     0.000000     6.00    1     0     0     0   E     11.9967
  C       -1.321260    -2.288425     0.000000     6.00    1     0     0     0   E     11.9967
  H       -4.707329     0.000000     0.000000     1.00    2     0     0     0   E      1.0073
  H       -2.353615     4.076583     0.000000     1.00    2     0     0     0   E      1.0073
  H        2.353615     4.076583     0.000000     1.00    2     0     0     0   E      1.0073
  H        4.707329    -0.000000     0.000000     1.00    2     0     0     0   E      1.0073
  H        2.353615    -4.076583     0.000000     1.00    2     0     0     0   E      1.0073
  H       -2.353615    -4.076583     0.000000     1.00    2     0     0     0   E      1.0073
 
|--------------------------------------------------------------------------------------------|

Number of irreps:    8
IRREP:   7   8   6
DIMEN:   1   1   1

 Irreps of multipole moment operators ...
 Operator  Component    Irrep       Row
  Dipole       x           B3u         1
  Dipole       y           B2u         1
  Dipole       z           B1u         1
  Quadpole     xx          Ag          1
  Quadpole     xy          B1g         1
  Quadpole     yy          Ag          1
  Quadpole     xz          B2g         1
  Quadpole     yz          B3g         1
  Quadpole     zz          Ag          1
 
 Generate symmetry adapted orbital ...
 Print Multab
  1  2  3  4  5  6  7  8
  2  1  4  3  6  5  8  7
  3  4  1  2  7  8  5  6
  4  3  2  1  8  7  6  5
  5  6  7  8  1  2  3  4
  6  5  8  7  2  1  4  3
  7  8  5  6  3  4  1  2
  8  7  6  5  4  3  2  1

|--------------------------------------------------|
          Symmetry adapted orbital                   

  Total number of basis functions:     114     114

  Number of irreps:   8
  Irrep :   Ag        B1g       B3g       B2g       Au        B1u       B3u       B2u     
  Norb  :     24        18         6         9         6         9        24        18
|--------------------------------------------------|

Total number of shells:       30
 R max for this shell (Bohr)   12.5599999999998       9.691695042155263E-011
 R max for this shell (Bohr)   12.6699999999998       9.644888246466983E-011
 R max for this shell (Bohr)   6.99999999999994       9.556501796124278E-011
 R max for this shell (Bohr)   14.0099999999998       3.009977724958305E-010
 R max for this shell (Bohr)   5.92999999999996       9.975876222407632E-011
 
Number of atoms:      12
Number of basis functions:     114
 
|******************************************************************************|
 
    Total cpu     time:          0.02  S
    Total system  time:          0.02  S
    Total wall    time:          0.04  S
 
    Current time   2022-04-23  20:17:27
    End running module compass
|******************************************************************************|
 
 Filename: /scratch/ben-cas66-ccpvdz_242/ben-cas66-ccpvdz.undmol mode: w+b 
BDFTASK: ben-cas66-ccpvdz 
INPUT FILE: ben-cas66-ccpvdz.undmolinp 
 Scratch dir: ben-cas66-ccpvdz 
 Scratch dir: ben-cas66-ccpvdz 
string ben-cas66-ccpvdz.undmolinp len 26 
 Filename: ben-cas66-ccpvdz.chkfil mode: rb 

 Read data from check file! 
Found string UNDMOLIN at position 10 
Idisk 3362416 
Number of irreps: 8, number of basis: 114 
irrep: 1, num: 24 
irrep: 2, num: 18 
irrep: 3, num: 6 
irrep: 4, num: 9 
irrep: 5, num: 6 
irrep: 6, num: 9 
irrep: 7, num: 24 
irrep: 8, num: 18 
char= (A) 
char= (g) 
char= ( ) 
j= 2 
char= (B) 
char= (1) 
char= (g) 
char= ( ) 
j= 11 
char= (B) 
char= (3) 
char= (g) 
char= ( ) 
j= 19 
char= (B) 
char= (2) 
char= (g) 
char= ( ) 
j= 27 
char= (A) 
char= (u) 
char= ( ) 
j= 34 
char= (B) 
char= (1) 
char= (u) 
char= ( ) 
j= 43 
char= (B) 
char= (3) 
char= (u) 
char= ( ) 
j= 51 
char= (B) 
char= (2) 
char= (u) 
char= ( ) 
j= 59 
rpmname: ag 
('tmpstdin ', True)
('npro is ', 1)
('\n BDF command: ', '/apps/users/lcz/bdf-pkg/bin/xuanyuan.x /scratch/ben-cas66-ccpvdz_242/ben-cas66-ccpvdzXX1.xuanyuan.inp')
  BDF process        0 of        1 on Serial  
 
|******************************************************************************|
 
    Start running module xuanyuan
    Current time   2022-04-23  20:17:27
 
|******************************************************************************|

|-------------------------------------------------------------------------------------------|

 Atom           Cartcoord(Bohr)                 Charge Basis Auxbas Uatom Nstab Alink  Mass
  C       -2.642573     0.000000     0.000000     6.00    1     0     1     4   E     11.9967
  C       -1.321260     2.288425     0.000000     6.00    1     0     1     2   E     11.9967
  C        1.321260     2.288425     0.000000     6.00    1     0     0     0   E     11.9967
  C        2.642573    -0.000000     0.000000     6.00    1     0     0     0   E     11.9967
  C        1.321260    -2.288425     0.000000     6.00    1     0     0     0   E     11.9967
  C       -1.321260    -2.288425     0.000000     6.00    1     0     0     0   E     11.9967
  H       -4.707329     0.000000     0.000000     1.00    2     0     1     4   E      1.0073
  H       -2.353615     4.076583     0.000000     1.00    2     0     1     2   E      1.0073
  H        2.353615     4.076583     0.000000     1.00    2     0     0     0   E      1.0073
  H        4.707329    -0.000000     0.000000     1.00    2     0     0     0   E      1.0073
  H        2.353615    -4.076583     0.000000     1.00    2     0     0     0   E      1.0073
  H       -2.353615    -4.076583     0.000000     1.00    2     0     0     0   E      1.0073
 
|--------------------------------------------------------------------------------------------|

 $xuanyuan                                                                      
                                          
 $end                                                                           
                                          
  Mass polarization term:  F
 Total nuclear charge :         42.00
 Nuclear repulsion energy :     202.8150927648 a.u.

 Total number of primitive  basis sets :          198
 Total number of prim-cart  basis sets :          204
 Total number of contracted basis sets :          114

  Estimate memory for calculating 2e integrals...
 Minium memory to calculate ERIs:        0.960 M

[aoint_1e]
  Calculating one electron integrals ...
  S T and V integrals ....
  Dipole and Quadupole integrals ....
  Finish calculating one electron integrals ...
 
 ---------------------------------------------------------------
  Timing to calculate 1-electronic integrals                                      
 
  CPU TIME(S)      SYSTEM TIME(S)     WALL TIME(S)
          0.030            0.050               0.010
 ---------------------------------------------------------------
 
 Finish calculating 1e integral ...
 Character Table
    1    1    1    1    1    1    1    1
    1   -1    1   -1    1   -1    1   -1
    1    1   -1   -1   -1    1    1   -1
    1   -1   -1    1   -1   -1    1    1
    1    1    1    1   -1   -1   -1   -1
    1   -1    1   -1   -1    1   -1    1
    1    1   -1   -1    1   -1   -1    1
    1   -1   -1    1    1    1   -1   -1
 
 Total number of electronic repulsion integrals       2836392
 
 Number  of  symmetry adapted ERIs:             2836392
 Actual  Memory  of  SO-ERI buffer:       3 M
 Optimized Memory of SO-ERI buffer:       3 M
 
 Calculating ERIs...
 
 ---------------------------------------------------------------
  Timing to calculate 2-electronic integrals                                      
 
  CPU TIME(S)      SYSTEM TIME(S)     WALL TIME(S)
          2.300            0.200               1.130
 ---------------------------------------------------------------
 
 Symadpt    time      0.640     0.040     0.340
 Indices    time      0.150     0.010     0.180
 Sort save  time      0.010     0.020     0.040
 ERI total  time      1.130     0.060     0.450
 Zeta & Rys time      0.000     0.000     0.000
 2D         time      0.000     0.000     0.000
 2D-6D      time      0.000     0.000     0.000
 6D cntr    time      0.000     0.000     0.000
 HRR        time      0.000     0.000     0.000
|******************************************************************************|
 
    Total cpu     time:          2.39  S
    Total system  time:          0.25  S
    Total wall    time:          1.20  S
 
    Current time   2022-04-23  20:17:28
    End running module xuanyuan
|******************************************************************************|
 
('tmpstdin ', True)
('npro is ', 1)
('\n BDF command: ', '/apps/users/lcz/bdf-pkg/bin/scf.x /scratch/ben-cas66-ccpvdz_242/ben-cas66-ccpvdzXX2.scf.inp')
  BDF process        0 of        1 on Serial  
 
|******************************************************************************|
 
    Start running module scf
    Current time   2022-04-23  20:17:28
 
|******************************************************************************|

|-------------------------------------------------------------------------------------------|

 Atom           Cartcoord(Bohr)                 Charge Basis Auxbas Uatom Nstab Alink  Mass
  C       -2.642573     0.000000     0.000000     6.00    1     0     1     4   E     11.9967
  C       -1.321260     2.288425     0.000000     6.00    1     0     1     2   E     11.9967
  C        1.321260     2.288425     0.000000     6.00    1     0     0     0   E     11.9967
  C        2.642573    -0.000000     0.000000     6.00    1     0     0     0   E     11.9967
  C        1.321260    -2.288425     0.000000     6.00    1     0     0     0   E     11.9967
  C       -1.321260    -2.288425     0.000000     6.00    1     0     0     0   E     11.9967
  H       -4.707329     0.000000     0.000000     1.00    2     0     1     4   E      1.0073
  H       -2.353615     4.076583     0.000000     1.00    2     0     1     2   E      1.0073
  H        2.353615     4.076583     0.000000     1.00    2     0     0     0   E      1.0073
  H        4.707329    -0.000000     0.000000     1.00    2     0     0     0   E      1.0073
  H        2.353615    -4.076583     0.000000     1.00    2     0     0     0   E      1.0073
  H       -2.353615    -4.076583     0.000000     1.00    2     0     0     0   E      1.0073
 
|--------------------------------------------------------------------------------------------|

  [ SCF control ] 
 $scf
 rhf
 charge
 $end
 
  --- PRINT: Information about SCF Calculation --- 
 ICTRL_FRAGSCF=  0
 IPRTMO=  1
 MAXITER=  100
 THRENE= 0.10E-07 THRDEN= 0.50E-05
 DAMP= 0.00 VSHIFT= 0.00
 IFDIIS= T
 THRDIIS= 0.10E+01
 MINDIIS=   2 MAXDIIS=   8
 iCHECK=  0
 iAUFBAU=  1
 INIGUESS=  0
 IfMPEC= F
 IfCOSX= F
 Occupation number:
  Without occupation number in input.

 Wave function information ...
 Total Nuclear charge    :      42
 Total electrons         :      42
 ECP-core electrons      :       0
 Spin multiplicity(2S+1) :       1
 Num. of alpha electrons :      21
 Num. of beta  electrons :      21
 

 Threshold in dft prescreening ...
 Thresh_shellvalue_dft :  0.10000E-09
 ThreshRho     :  0.10000E-11

  --- END:  Information about SCF Calculation  --- 
 
 The SMH converger is used...
 Finish scf input!

 DirectHF  F
  Reading 1-e integrals ...
  Start so_scf_init
  Finish so_scf_init
 
 Total number of electronic repulsion integrals       2836392
 Nuclear repulsion energy =   202.81509276
 
 iniguess                     0                     0
 
 [ATOM SCF control]
  heff=                      0
 After initial atom grid ...
 Finish atom    1  C             -37.3274218272
 After initial atom grid ...
 Finish atom    2  H              -0.4992784034
 
 Superposition of atomic densities as initial guess.
 skipaocheck T F
 Solve HC=EC in pflmo space.  F       21       93
 Initial guess energy =   -226.9602013836
 

 Start SCF iteration......


Iter.   idiis  vshift       SCF Energy            DeltaE          RMSDeltaD          MaxDeltaD      Damping    Times(S) 
   1      0    0.000    -233.7534948000      -6.7932934164       0.0132278632       0.2944391608    0.0000      0.03
   2      1    0.000    -230.5575669639       3.1959278362       0.0053252269       0.1385123370    0.0000      0.05
   3      2    0.000    -230.5814297272      -0.0238627633       0.0029395944       0.0673934156    0.0000      0.04
   4      3    0.000    -230.7203606561      -0.1389309289       0.0003274187       0.0135663701    0.0000      0.05
   5      4    0.000    -230.7212270791      -0.0008664230       0.0000782006       0.0018143716    0.0000      0.04
   6      5    0.000    -230.7213019115      -0.0000748324       0.0000078494       0.0003203028    0.0000      0.04
   7      6    0.000    -230.7213021108      -0.0000001993       0.0000006135       0.0000237101    0.0000      0.05
   8      7    0.000    -230.7213021113      -0.0000000005       0.0000000439       0.0000009724    0.0000      0.05
 diis/vshift is closed at iter =   8
   9      0    0.000    -230.7213021113      -0.0000000000       0.0000000130       0.0000004218    0.0000      0.05

  Label              CPU Time        SYS Time        Wall Time
 SCF iteration time:         3.080 S        0.150 S        0.400 S

 Final DeltaE = -4.547473508864641E-012
 Final DeltaD =  1.296501299897875E-008  5.000000000000000E-005
 
 Final scf result
   E_tot =              -230.72130211
   E_ele =              -433.53639488
   E_nn  =               202.81509276
   E_1e  =              -712.04711896
   E_ne  =              -942.38947905
   E_kin =               230.34236009
   E_ee  =               278.51072408
   E_xc  =                 0.00000000
  Virial Theorem      2.001645
 

 [Final occupation pattern: ]
 
 Irreps:        Ag      B1g     B3g     B2g     Au      B1u     B3u     B2u 
 
 detailed occupation for iden/irep:      1   1
    1.00 1.00 1.00 1.00 1.00 1.00 0.00 0.00 0.00 0.00
    0.00 0.00 0.00 0.00 0.00 0.00 0.00 0.00 0.00 0.00
    0.00 0.00 0.00 0.00
 detailed occupation for iden/irep:      1   2
    1.00 1.00 1.00 0.00 0.00 0.00 0.00 0.00 0.00 0.00
    0.00 0.00 0.00 0.00 0.00 0.00 0.00 0.00
 detailed occupation for iden/irep:      1   3
    1.00 0.00 0.00 0.00 0.00 0.00
 detailed occupation for iden/irep:      1   4
    1.00 0.00 0.00 0.00 0.00 0.00 0.00 0.00 0.00
 detailed occupation for iden/irep:      1   5
    0.00 0.00 0.00 0.00 0.00 0.00
 detailed occupation for iden/irep:      1   6
    1.00 0.00 0.00 0.00 0.00 0.00 0.00 0.00 0.00
 detailed occupation for iden/irep:      1   7
    1.00 1.00 1.00 1.00 1.00 0.00 0.00 0.00 0.00 0.00
    0.00 0.00 0.00 0.00 0.00 0.00 0.00 0.00 0.00 0.00
    0.00 0.00 0.00 0.00
 detailed occupation for iden/irep:      1   8
    1.00 1.00 1.00 1.00 0.00 0.00 0.00 0.00 0.00 0.00
    0.00 0.00 0.00 0.00 0.00 0.00 0.00 0.00
 Alpha       6.00    3.00    1.00    1.00    0.00    1.00    5.00    4.00
 

 [Orbital energies:]

 Energy of occ-orbs:    Ag            6
             -11.24149552     -11.23977818      -1.14600998      -0.81948833      -0.70216193
              -0.48974702
 Energy of vir-orbs:    Ag           18
               0.18106972       0.25489605       0.43557221       0.58649493       0.71216415
               0.73859922       0.88422217       0.99657952       1.20414170       1.46684118
               1.51029296       1.80620029       1.86762742       2.15824025       2.27092068
               2.68722132       2.74920346       3.25146022

 Energy of occ-orbs:    B1g           3
             -11.23977841      -0.81948739      -0.48973500
 Energy of vir-orbs:    B1g          15
               0.25489686       0.43556559       0.73858989       0.74057870       0.88421220
               1.12198867       1.20413460       1.51031453       1.86761947       2.15825158
               2.16568504       2.27092637       2.74920760       3.11706855       3.25144018

 Energy of occ-orbs:    B3g           1
              -0.33324144
 Energy of vir-orbs:    B3g           5
               0.73225644       1.15024877       1.24295905       1.94791127       2.08524573

 Energy of occ-orbs:    B2g           1
              -0.33325093
 Energy of vir-orbs:    B2g           8
               0.34884073       0.73225279       0.90884915       1.24293810       1.76323719
               1.94791117       2.08525598       2.55005550
 Energy of vir-orbs:    Au            6
               0.13618076       0.82245494       1.31667213       1.73941510       2.25778460
               2.49397892

 Energy of occ-orbs:    B1u           1
              -0.49786504
 Energy of vir-orbs:    B1u           8
               0.13618018       0.68077322       0.82245350       1.04893507       1.31665741
               1.73943335       1.89467550       2.25779243

 Energy of occ-orbs:    B3u           5
             -11.24095166     -11.23920704      -1.01111907      -0.63855988      -0.58245705
 Energy of vir-orbs:    B3u          19
               0.21935284       0.27106794       0.46699393       0.66723198       0.73737415
               0.85089262       0.98486965       1.10463727       1.24192572       1.30538776
               1.88657300       1.95829088       1.96113190       2.14354831       2.31675539
               2.76817743       2.94701210       2.99788499       3.99984385

 Energy of occ-orbs:    B2u           4
             -11.24095178      -1.01110570      -0.61400900      -0.58243710
 Energy of vir-orbs:    B2u          14
               0.21935499       0.46699469       0.58530500       0.73738180       0.85089155
               1.10462891       1.24193983       1.71883298       1.88661618       1.95829093
               2.11200388       2.14358084       2.76819774       2.94697732
 
 Alpha   HOMO energy:      -0.33324144 au      -9.06796472 eV  Irrep: B3g     
 Alpha   LUMO energy:       0.13618018 au       3.70565283 eV  Irrep: B1u     
 HOMO-LUMO gap:       0.46942162 au      12.77361755 eV
 
 Frontier orbitals of each irrep:
 
  Symmetry   1 Ag      
 
         Orbital                 1              2              3              4              5              6
         Energy            -11.24150      -11.23978       -1.14601       -0.81949       -0.70216       -0.48975
         Occ No.             2.00000        2.00000        2.00000        2.00000        2.00000        2.00000
      1 1C|1S0              -0.57809       -0.81850        0.01633       -0.01429       -0.00507        0.00366
      2 1C|2S0              -0.00200       -0.00380       -0.25462        0.28352        0.01594        0.01914
      3 1C|3S0               0.00259        0.00926       -0.14196        0.23525        0.04205       -0.00113
      4 1C|2P1               0.00012        0.00005       -0.09166       -0.08306       -0.26759        0.31083
      5 1C|3P1              -0.00032        0.00218       -0.01700        0.00772       -0.09032        0.13148
      6 1C|3D0               0.00009        0.00071        0.01279       -0.00568        0.00199       -0.00007
      7 1C|3D2              -0.00013       -0.00007        0.00801       -0.00369       -0.00684       -0.04676
      8 2C|1S0              -0.81764        0.57870        0.02310        0.01010       -0.00717       -0.00259
      9 2C|2S0              -0.00283        0.00268       -0.36008       -0.20047        0.02256       -0.01353
     10 2C|3S0               0.00367       -0.00655       -0.20076       -0.16635        0.05945        0.00080
     11 2C|2P-1             -0.00015       -0.00002        0.11226       -0.22958        0.32773       -0.03050
     12 2C|3P-1              0.00040        0.00195        0.02082       -0.04776        0.11064       -0.00974
     13 2C|2P1               0.00009       -0.00011       -0.06480       -0.28021       -0.18919       -0.49243
     14 2C|3P1              -0.00023        0.00030       -0.01202       -0.09366       -0.06387       -0.20283
     15 2C|3D-2              0.00015        0.00008       -0.00982        0.01100        0.00837       -0.01056
     16 2C|3D0               0.00012       -0.00050        0.01809        0.00402        0.00281        0.00005
     17 2C|3D2               0.00009       -0.00023       -0.00567       -0.02427        0.00484       -0.04784
     18 7H|1S0               0.00019        0.00048       -0.06596        0.21834        0.21147       -0.30969
     19 7H|2S0              -0.00097       -0.00035       -0.00099        0.04695        0.05270       -0.16218
     20 7H|2P1               0.00020        0.00055       -0.01176        0.02497        0.01843       -0.01497
     21 8H|1S0               0.00027       -0.00034       -0.09329       -0.15438        0.29906        0.21899
     22 8H|2S0              -0.00137        0.00024       -0.00139       -0.03320        0.07452        0.11468
     23 8H|2P-1             -0.00024        0.00033        0.01440        0.01205       -0.02257       -0.01604
     24 8H|2P1               0.00014       -0.00021       -0.00831       -0.01445        0.01303       -0.00661
 
         Orbital                 7              8              9             10             11             12
         Energy              0.18107        0.25490        0.43557        0.58649        0.71216        0.73860
         Occ No.             0.00000        0.00000        0.00000        0.00000        0.00000        0.00000
      1 1C|1S0               0.03077       -0.03355       -0.07912       -0.01226        0.28580        0.02223
      2 1C|2S0              -0.04463        0.10784        0.07840        0.01249        0.65397       -0.18596
      3 1C|3S0              -0.80934        1.40368        3.90165       -0.05176       -0.50576        0.16667
      4 1C|2P1               0.13495       -0.13345        0.22755       -0.00405        0.28883       -0.00237
      5 1C|3P1               0.39484       -1.33566        2.47226       -0.05962       -0.20251       -0.54603
      6 1C|3D0               0.00696       -0.00757       -0.03897        0.10904       -0.13765       -0.21776
      7 1C|3D2               0.01141        0.02337       -0.02392       -0.16844       -0.02852       -0.06081
      8 2C|1S0               0.04353        0.02373        0.05595       -0.01732        0.40417       -0.01560
      9 2C|2S0              -0.06310       -0.07625       -0.05541        0.01770        0.92477        0.13177
     10 2C|3S0              -1.14461       -0.99255       -2.75904       -0.07285       -0.71431       -0.11807
     11 2C|2P-1             -0.16529       -0.04838        0.14404        0.00497       -0.35358       -0.36938
     12 2C|3P-1             -0.48347       -0.62484        2.48501        0.07284        0.24734        0.08631
     13 2C|2P1               0.09542        0.10496       -0.07229       -0.00279        0.20431       -0.63627
     14 2C|3P1               0.27911        0.80665        0.80820       -0.04227       -0.14315        0.92153
     15 2C|3D-2             -0.01397        0.02381       -0.00153        0.20633        0.03500       -0.08276
     16 2C|3D0               0.00985        0.00536        0.02756        0.15420       -0.19477        0.15395
     17 2C|3D2              -0.00807       -0.00818       -0.03114        0.11914        0.02017        0.05742
     18 7H|1S0               0.04439       -0.00066        0.02572       -0.54283        0.01700        0.48846
     19 7H|2S0               1.06174       -2.18761        1.40516        0.42990        0.10867       -0.55006
     20 7H|2P1               0.01076       -0.03016       -0.00107        0.09866       -0.02621       -0.11673
     21 8H|1S0               0.06278        0.00047       -0.01824       -0.76764        0.02417       -0.34547
     22 8H|2S0               1.50140        1.54687       -0.99342        0.60809        0.15395        0.38905
     23 8H|2P-1             -0.01318       -0.01215        0.01926       -0.12084        0.03211       -0.07648
     24 8H|2P1               0.00761        0.02161        0.03489        0.06976       -0.01854        0.03265
 
 
  Symmetry   2 B1g     
 
         Orbital                25             26             27             28             29             30
         Energy            -11.23978       -0.81949       -0.48974        0.25490        0.43557        0.73859
         Occ No.             2.00000        2.00000        2.00000        0.00000        0.00000        0.00000
      1 1C|2P-1             -0.00009       -0.29186       -0.36065        0.05447       -0.00771        0.59980
      2 1C|3P-1              0.00101       -0.08573       -0.14740        0.31544       -1.58604       -0.71137
      3 1C|3D-2             -0.00020       -0.02165       -0.02952       -0.01551        0.02139       -0.07450
      4 2C|1S0               1.00241        0.01750       -0.00448        0.04109       -0.09690        0.02714
      5 2C|2S0               0.00465       -0.34723       -0.02344       -0.13208        0.09602       -0.22792
      6 2C|3S0              -0.01134       -0.28812        0.00139       -1.71925        4.77814        0.20465
      7 2C|2P-1              0.00008        0.01509        0.45720       -0.16080       -0.23866       -0.21042
      8 2C|3P-1              0.00196        0.03850        0.19157       -1.52812       -2.06158        0.80452
      9 2C|2P1               0.00002        0.22959        0.03052        0.04836        0.14405       -0.37049
     10 2C|3P1              -0.00195        0.04777        0.00975        0.62486        2.48464        0.05666
     11 2C|3D-2             -0.00014       -0.01157       -0.06003        0.01931        0.03294        0.03827
     12 2C|3D0              -0.00087        0.00696        0.00008        0.00927       -0.04772       -0.26668
     13 2C|3D2               0.00008        0.01100       -0.01056        0.02381        0.00154        0.08269
     14 7H|2P-1             -0.00002       -0.00530       -0.01122        0.01032       -0.03254        0.00809
     15 8H|1S0              -0.00059       -0.26741        0.37930        0.00082        0.03152        0.59823
     16 8H|2S0               0.00042       -0.05750        0.19864        2.67924        1.72094       -0.67352
     17 8H|2P-1              0.00059        0.02836       -0.01191       -0.03564        0.01264        0.12090
     18 8H|2P1              -0.00033       -0.01205        0.01604        0.01214        0.01927       -0.07649
 
         Orbital                31             32             33
         Energy              0.74058        0.88421        1.12199
         Occ No.             0.00000        0.00000        0.00000
      1 1C|2P-1              0.28105        0.15537        0.65791
      2 1C|3P-1              7.37112       -0.72266       -7.12869
      3 1C|3D-2              0.02845       -0.21063       -0.30694
      4 2C|1S0               0.00008       -0.02280       -0.00009
      5 2C|2S0              -0.00074       -0.00988       -0.00020
      6 2C|3S0               0.00133        2.59692        0.00055
      7 2C|2P-1              0.19662        0.74111        0.46516
      8 2C|3P-1              5.21627       -3.15397       -5.04028
      9 2C|2P1               0.34057       -0.55470        0.80581
     10 2C|3P1               9.03160        2.41068       -8.73107
     11 2C|3D-2             -0.02016        0.13873        0.21704
     12 2C|3D0              -0.00089       -0.10091        0.00001
     13 2C|3D2               0.03542        0.25207       -0.37583
     14 7H|2P-1              0.01164       -0.01448        0.06867
     15 8H|1S0               0.00199       -0.23903       -0.00012
     16 8H|2S0              -0.00209        2.45281       -0.00022
     17 8H|2P-1              0.00861       -0.21140        0.04858
     18 8H|2P1               0.01396        0.13387        0.08411
 
 
  Symmetry   3 B3g     
 
         Orbital                43             44             45             46             47             48
         Energy             -0.33324        0.73226        1.15025        1.24296        1.94791        2.08525
         Occ No.             2.00000        0.00000        0.00000        0.00000        0.00000        0.00000
      1 1C|3D-1              0.04253       -0.12124        0.44584        0.01122       -0.51293       -1.07547
      2 2C|2P0               0.55536       -0.94675        0.00002       -0.30431       -0.04928        0.46889
      3 2C|3P0               0.44869        0.99405       -0.00003        0.34394       -0.04683        0.28393
      4 2C|3D-1             -0.00409        0.09812       -0.31519       -0.58725       -0.86662       -0.30766
      5 2C|3D1               0.03708       -0.15564       -0.54607        0.34810        0.08151       -0.70049
      6 8H|2P0               0.02065        0.00830        0.00003       -0.41490        0.98002       -0.49619
 
 
  Symmetry   4 B2g     
 
         Orbital                49             50             51             52             53             54
         Energy             -0.33325        0.34884        0.73225        0.90885        1.24294        1.76324
         Occ No.             2.00000        0.00000        0.00000        0.00000        0.00000        0.00000
      1 1C|2P0               0.45345        0.33266        0.77303        0.64325       -0.24848        0.06274
      2 1C|3P0               0.36634        1.04402       -0.81165       -1.66524        0.28082        1.22224
      3 1C|3D1               0.01803       -0.02316        0.13292       -0.06119        0.55735        0.34098
      4 2C|2P0               0.32064       -0.47047        0.54658       -0.90974       -0.17570       -0.08873
      5 2C|3P0               0.25904       -1.47645       -0.57386        2.35505        0.19854       -1.72851
      6 2C|3D-1             -0.03708       -0.02835       -0.15565       -0.07493       -0.34817        0.41762
      7 2C|3D1              -0.03873        0.01637       -0.08160        0.04325        0.18519       -0.24117
      8 7H|2P0               0.01686        0.02816       -0.00677       -0.01794       -0.33874       -0.51920
      9 8H|2P0               0.01192       -0.03982       -0.00479        0.02537       -0.23954        0.73416
 
         Orbital                55
         Energy              1.94791
         Occ No.             0.00000
      1 1C|2P0               0.04028
      2 1C|3P0               0.03819
      3 1C|3D1              -0.64608
      4 2C|2P0               0.02850
      5 2C|3P0               0.02717
      6 2C|3D-1              0.08163
      7 2C|3D1              -0.77232
      8 7H|2P0              -0.80020
      9 8H|2P0              -0.56593
 
 
  Symmetry   5 Au      
 
         Orbital                58             59             60             61             62             63
         Energy              0.13618        0.82245        1.31667        1.73942        2.25778        2.49398
         Occ No.             0.00000        0.00000        0.00000        0.00000        0.00000        0.00000
      1 1C|3D-1              0.05540        0.13862        0.49480        0.62533        0.16666        1.09015
      2 2C|2P0               0.54299        1.03955       -0.28371       -0.32254       -0.03110        0.00000
      3 2C|3P0               1.00506       -1.82034        0.25682       -1.04671       -0.00223        0.00000
      4 2C|3D-1             -0.00281       -0.05025       -0.49510        0.22392        1.02322        0.77078
      5 2C|3D1              -0.04362       -0.08417       -0.11816       -0.63983       -0.72668        1.33524
      6 8H|2P0               0.02898       -0.00826       -0.41938        0.62158       -0.96883        0.00005
 
 
  Symmetry   6 B1u     
 
         Orbital                64             65             66             67             68             69
         Energy             -0.49787        0.13618        0.68077        0.82245        1.04894        1.31666
         Occ No.             2.00000        0.00000        0.00000        0.00000        0.00000        0.00000
      1 1C|2P0              -0.30457       -0.44335       -0.56339        0.84877        0.12741       -0.23165
      2 1C|3P0              -0.18237       -0.82063        0.40443       -1.48629       -0.02883        0.20971
      3 1C|3D1              -0.02222        0.01582       -0.07260        0.00118       -0.40541        0.30186
      4 2C|2P0              -0.43073        0.31349       -0.79672       -0.60021        0.18011        0.16379
      5 2C|3P0              -0.25791        0.58027        0.57187        1.05097       -0.04064       -0.14828
      6 2C|3D-1              0.02721        0.04361        0.08892       -0.08419        0.49657       -0.11813
      7 2C|3D1              -0.01571        0.05317       -0.05133       -0.14744       -0.28668       -0.63153
      8 7H|2P0              -0.01032       -0.02367       -0.01602       -0.00675        0.16634       -0.34242
      9 8H|2P0              -0.01460        0.01673       -0.02266        0.00476        0.23525        0.24212
 
         Orbital                70
         Energy              1.73943
         Occ No.             0.00000
      1 1C|2P0              -0.26338
      2 1C|3P0              -0.85463
      3 1C|3D1              -0.41951
      4 2C|2P0               0.18623
      5 2C|3P0               0.60429
      6 2C|3D-1             -0.63983
      7 2C|3D1              -0.51494
      8 7H|2P0               0.50759
      9 8H|2P0              -0.35882
 
 
  Symmetry   7 B3u     
 
         Orbital                73             74             75             76             77             78
         Energy            -11.24095      -11.23921       -1.01112       -0.63856       -0.58246        0.21935
         Occ No.             2.00000        2.00000        2.00000        2.00000        2.00000        0.00000
      1 1C|1S0              -0.81801       -0.57905       -0.02463        0.00906        0.00059       -0.03817
      2 1C|2S0              -0.00345       -0.00299        0.35053       -0.15796        0.06186        0.02550
      3 1C|3S0               0.00652        0.01104        0.21285       -0.22038        0.08521        1.43486
      4 1C|2P1               0.00006        0.00001        0.04560        0.18003        0.40944       -0.22906
      5 1C|3P1               0.00053        0.00391        0.03025        0.01954        0.16524       -0.94286
      6 1C|3D0               0.00010        0.00077       -0.01415       -0.00127       -0.00153       -0.01296
      7 1C|3D2              -0.00010       -0.00012       -0.01402       -0.03404       -0.01161        0.01278
      8 2C|1S0              -0.57852        0.81875       -0.01742       -0.01282        0.00042       -0.02701
      9 2C|2S0              -0.00244        0.00423        0.24786        0.22341        0.04371        0.01799
     10 2C|3S0               0.00461       -0.01562        0.15050        0.31168        0.06021        1.01509
     11 2C|2P-1             -0.00008        0.00001       -0.12873        0.22040       -0.32604        0.13469
     12 2C|3P-1              0.00099        0.00479       -0.05547        0.02391       -0.10207        0.74009
     13 2C|2P1              -0.00004       -0.00000       -0.15849       -0.12726        0.01441       -0.09064
     14 2C|3P1               0.00247       -0.00277       -0.05331       -0.01381        0.05693       -0.05054
     15 2C|3D-2              0.00008       -0.00015        0.02500       -0.04168        0.02477       -0.01072
     16 2C|3D0               0.00007       -0.00109       -0.01000        0.00179       -0.00108       -0.00917
     17 2C|3D2               0.00001       -0.00009       -0.02348       -0.02407       -0.02647        0.00051
     18 7H|1S0               0.00023        0.00051        0.14740       -0.25978       -0.31568       -0.00742
     19 7H|2S0              -0.00085        0.00028        0.01819       -0.10135       -0.11469       -1.85329
     20 7H|2P1               0.00034        0.00046        0.02173       -0.01861       -0.02081       -0.02980
     21 8H|1S0               0.00016       -0.00072        0.10423        0.36731       -0.22328       -0.00524
     22 8H|2S0              -0.00060       -0.00040        0.01286        0.14331       -0.08113       -1.31015
     23 8H|2P-1             -0.00022        0.00057       -0.01587       -0.02279        0.00855        0.01601
     24 8H|2P1               0.00011       -0.00033        0.00324        0.01315       -0.01462       -0.01442
 
         Orbital                79             80             81             82             83
         Energy              0.27107        0.46699        0.66723        0.73737        0.85089
         Occ No.             0.00000        0.00000        0.00000        0.00000        0.00000
      1 1C|1S0              -0.03816        0.03286        0.10036       -0.22878        0.16705
      2 1C|2S0              -0.17893       -0.04916       -0.12157       -0.36017        0.42390
      3 1C|3S0               1.55414       -3.04786       -6.59579        0.81335        1.42912
      4 1C|2P1               0.08112       -0.14176       -0.02489       -0.32254       -0.39776
      5 1C|3P1               2.46102       -0.38773       -4.69880        0.71108        1.26928
      6 1C|3D0              -0.03863        0.03043       -0.00138        0.23167       -0.06266
      7 1C|3D2              -0.01784       -0.07523        0.04190       -0.07956       -0.30706
      8 2C|1S0               0.05396        0.02324       -0.14191       -0.16176        0.11813
      9 2C|2S0               0.25304       -0.03478        0.17192       -0.25463        0.29977
     10 2C|3S0              -2.19753       -2.15538        9.32696        0.57489        1.01082
     11 2C|2P-1              0.09939       -0.08230       -0.03052        0.49961       -0.00231
     12 2C|3P-1              3.01421       -1.74153       -5.75471       -0.21473        1.01968
     13 2C|2P1              -0.05737       -0.34309        0.01762        0.40929       -0.56670
     14 2C|3P1              -1.74003       -3.56532        3.32159        0.63347        3.56215
     15 2C|3D-2             -0.02186        0.03518        0.05130        0.06278        0.06293
     16 2C|3D0               0.05462        0.02151        0.00196        0.16384       -0.04430
     17 2C|3D2              -0.01262        0.04544        0.02961        0.00380        0.32528
     18 7H|1S0               0.05514       -0.27962        0.24632       -0.48584       -0.17871
     19 7H|2S0               2.10396       -0.05722       -1.88427        0.62751        1.46579
     20 7H|2P1              -0.00049        0.04591       -0.06164        0.14658        0.17695
     21 8H|1S0              -0.07797       -0.19770       -0.34832       -0.34358       -0.12645
     22 8H|2S0              -2.97562       -0.04064        2.66433        0.44374        1.03682
     23 8H|2P-1             -0.00059       -0.03783       -0.07548       -0.05378       -0.10693
     24 8H|2P1               0.00034       -0.00060        0.04358        0.11415        0.06512
 
 
  Symmetry   8 B2u     
 
         Orbital                97             98             99            100            101            102
         Energy            -11.24095       -1.01111       -0.61401       -0.58244        0.21935        0.46699
         Occ No.             2.00000        2.00000        2.00000        2.00000        0.00000        0.00000
      1 1C|2P-1              0.00006       -0.16462       -0.39091        0.12295        0.00911        0.27619
      2 1C|3P-1             -0.00215       -0.06034       -0.13687        0.00144       -0.26639        3.23197
      3 1C|3D-2              0.00002       -0.02681       -0.01450        0.02883       -0.00473       -0.01777
      4 2C|1S0              -1.00192        0.03017        0.00000        0.00073       -0.04676        0.04024
      5 2C|2S0              -0.00422       -0.42931        0.00001        0.07577        0.03120       -0.06022
      6 2C|3S0               0.00798       -0.26069        0.00001        0.10436        1.75757       -3.73289
      7 2C|2P-1             -0.00004       -0.00985        0.27638       -0.39087        0.24618        0.24805
      8 2C|3P-1             -0.00133        0.01075        0.09676       -0.17479        0.90569        1.55393
      9 2C|2P1               0.00008       -0.12873        0.47881        0.32596       -0.13469        0.08237
     10 2C|3P1              -0.00099       -0.05548        0.16764        0.10205       -0.74038        1.74170
     11 2C|3D-2              0.00010       -0.00539       -0.01025        0.00213       -0.01188        0.08605
     12 2C|3D0               0.00012        0.01733       -0.00000       -0.00188       -0.01588        0.03726
     13 2C|3D2               0.00008       -0.02500        0.01776        0.02477       -0.01073        0.03518
     14 7H|2P-1              0.00001       -0.00419       -0.00746        0.00685        0.00366        0.01588
     15 8H|1S0               0.00028       -0.18054       -0.00004       -0.38666       -0.00908       -0.34243
     16 8H|2S0              -0.00104       -0.02229       -0.00001       -0.14049       -2.26962       -0.07021
     17 8H|2P-1             -0.00036        0.02157        0.00528        0.02449        0.03291       -0.04308
     18 8H|2P1               0.00022       -0.01587        0.00914       -0.00855       -0.01601        0.03783
 
         Orbital               103            104            105            106
         Energy              0.58531        0.73738        0.85089        1.10463
         Occ No.             0.00000        0.00000        0.00000        0.00000
      1 1C|2P-1             -0.41278       -0.49336       -0.40167        0.44726
      2 1C|3P-1              0.67309       -0.36023        2.93497       -4.27560
      3 1C|3D-2             -0.05685        0.02294        0.20433       -0.25765
      4 2C|1S0               0.00000       -0.28020       -0.20459       -0.67066
      5 2C|2S0               0.00001       -0.44109       -0.51917       -1.48663
      6 2C|3S0               0.00014        0.99601       -1.75043        6.94873
      7 2C|2P-1              0.29184        0.16771       -0.56396       -0.05485
      8 2C|3P-1             -0.47611       -0.88159        2.38415       -0.97390
      9 2C|2P1               0.50552       -0.49962       -0.00240        0.39687
     10 2C|3P1              -0.82454        0.21478        1.02004       -2.92883
     11 2C|3D-2             -0.04022        0.07629       -0.39792        0.19437
     12 2C|3D0              -0.00001        0.28375        0.07676        0.09808
     13 2C|3D2               0.06962        0.06277       -0.06293       -0.09812
     14 7H|2P-1              0.05219       -0.05876        0.00240        0.01153
     15 8H|1S0               0.00007       -0.59508        0.21890       -0.29253
     16 8H|2S0              -0.00003        0.76861       -1.79538       -0.85837
     17 8H|2P-1             -0.03690       -0.17626        0.18855        0.18266
     18 8H|2P1              -0.06393        0.05378       -0.10690       -0.09603
 
 
 [Mulliken Population Analysis]
  Atomic charges: 
     1C      -0.0288
     2C      -0.0288
     3C      -0.0288
     4C      -0.0288
     5C      -0.0288
     6C      -0.0288
     7H       0.0288
     8H       0.0288
     9H       0.0288
    10H       0.0288
    11H       0.0288
    12H       0.0288
     Sum:     0.0000
 
 [Lowdin Population Analysis]
  Atomic charges: 
     1C      -0.0287
     2C      -0.0287
     3C      -0.0287
     4C      -0.0287
     5C      -0.0287
     6C      -0.0287
     7H       0.0287
     8H       0.0287
     9H       0.0287
    10H       0.0287
    11H       0.0287
    12H       0.0287
     Sum:     0.0000
 
 
 [Dipole moment: Debye]
              X          Y          Z         |u|
   Elec:0.5149E-15 -.3356E-15 0.0000E+00
   Nucl:0.2258E-14 0.1129E-13 0.0000E+00
   Totl:    0.0000     0.0000     0.0000     0.0000
 
 ---------------------------------------------------------------
  Timing of SCF calculation                                                       
 
  CPU TIME(S)      SYSTEM TIME(S)     WALL TIME(S)
          3.200            0.150               0.440
 ---------------------------------------------------------------
 
|******************************************************************************|
 
    Total cpu     time:          3.20  S
    Total system  time:          0.15  S
    Total wall    time:          0.44  S
 
    Current time   2022-04-23  20:17:29
    End running module scf
|******************************************************************************|
 
('tmpstdin ', True)
('npro is ', 1)
('\n BDF command: ', '/apps/users/lcz/bdf-pkg/bin/mcscf.x /scratch/ben-cas66-ccpvdz_242/ben-cas66-ccpvdzXX3.mcscf.inp')
  BDF process        0 of        1 on Serial  
 
|******************************************************************************|
 
    Start running module mcscf
    Current time   2022-04-23  20:17:29
 
|******************************************************************************|
 
 
                    **************************************************
                                            MCSCF                     
                       Write By Shuneng Mao, Bingbing Suo, Yibo Lei   
                    **************************************************

|-------------------------------------------------------------------------------------------|

 Atom           Cartcoord(Bohr)                 Charge Basis Auxbas Uatom Nstab Alink  Mass
  C       -2.642573     0.000000     0.000000     6.00    1     0     1     4   E     11.9967
  C       -1.321260     2.288425     0.000000     6.00    1     0     1     2   E     11.9967
  C        1.321260     2.288425     0.000000     6.00    1     0     0     0   E     11.9967
  C        2.642573    -0.000000     0.000000     6.00    1     0     0     0   E     11.9967
  C        1.321260    -2.288425     0.000000     6.00    1     0     0     0   E     11.9967
  C       -1.321260    -2.288425     0.000000     6.00    1     0     0     0   E     11.9967
  H       -4.707329     0.000000     0.000000     1.00    2     0     1     4   E      1.0073
  H       -2.353615     4.076583     0.000000     1.00    2     0     1     2   E      1.0073
  H        2.353615     4.076583     0.000000     1.00    2     0     0     0   E      1.0073
  H        4.707329    -0.000000     0.000000     1.00    2     0     0     0   E      1.0073
  H        2.353615    -4.076583     0.000000     1.00    2     0     0     0   E      1.0073
  H       -2.353615    -4.076583     0.000000     1.00    2     0     0     0   E      1.0073
 
|--------------------------------------------------------------------------------------------|

 $mcscf                                                                         
  
 guess                                                                          
  
 close                                                                          
  
 active                                                                         
  
 actel                                                                          
  
 spin                                                                           
  
 iprtmo                                                                         
  
 molden                                                                         
  
 symmetry                                                                       
  
 $end                                                                           
  
 
    ******** Orbital information *******
     nsbas:    24   18    6    9    6    9   24   18
     nsorb:    24   18    6    9    6    9   24   18
     nscor:     0    0    0    0    0    0    0    0
     nscls:     6    3    0    0    0    0    5    4
     nsact:     0    0    1    2    1    2    0    0
     nsocc:     6    3    1    2    1    2    5    4
     nsval:     6    3    1    2    1    2    5    4
     nsvir:    18   15    5    7    5    7   19   14
     nsxvr:     0    0    0    0    0    0    0    0
 

    ******** MCSCF wavefunction information ********
    Group Sym:    8
    State Sym:    1
    Spin  Mul:    1
    Act  Elec:    6

          States average information
    Nstate:     1
    Nstmix:     1
    Istate:     1
    Weight:   1.000000

    ******** MCSCF solver ********
    Quasi-Newton     : F
    Werner-Algorithm : T
    GUGA-CI          : F
    UGA-CI           : T
    iCI              : F
    Selected         : F
    CASCI            : F
    CVS              : F
 Initial guess orbital: HF orbibtal
 
 Print initial guess orbital which may be sorted.
 

 Output to Molden format ...

  Start MCSCF iteration ...
 
 Total number of electronic repulsion integrals       2836392
Nuclear energy =    202.81509276
 
transform internal J and K oper need time =          0.26  s
SCF energy       -229.49832399 a.u.
mcscf_eneci(0)   -230.77589179 a.u.
 
The energy shift is :             0.0 a.u.
 

      Iter  MIC INN        Energy                Energy(Approx)    DeltaE    OrbGrad(0)  OrbGrad(1)   MaxRot       NLin NAug
 MACRO   1   4   0.   -230.793852146142      -230.794389215235   -.1796E-01  0.8971E-01  0.6957E-04  0.3936E-04      0    4
 MACRO   2   2   0.   -230.793858834310      -230.793860016377   -.6688E-05  0.7019E-02  0.1532E-03  0.8859E-04      0    2
 MACRO   3   2   0.   -230.793858834414      -230.793858834445   -.1039E-09  0.3000E-04  0.6461E-05  0.1485E-05      0    2
 
    State Averaged ci energy      -230.79385883
  CHECKDATA:MCSCF:NITER:        3
 ===============================================================
 MCSCF natural and resolution orbital coefficients:
 
 Print and Save MCSCF natural orbital
 
 
transform J and K oper need time =          0.35  s

Print final result



********** INITIAL GUESS INFO **********

  spintwo | symmetry |  nstates |     ncsf |     ncfg |   energy 
--------------------------------------------------------------------------------------
        0 |        0 |        1 |       52 |       42 |   -230.79385883, 


*************** Begin PRINT NONRELA CFGSPACE ***************

spintwo    = 0
irrep      = 0
nstates    = 1
ncfg       =           42
ncsf       =           52
ncsf full  =           52
ndet full  =          104
ndet eff   =          104

*********** state  0 ***********
Important ocfg:
    0 22002000000000000000000000000000    0     9.406892e-01  88.489626
    1 02022000000000000000000000000000    0    -1.476349e-01   2.179606
    2 20002200000000000000000000000000    0    -1.476281e-01   2.179405
    3 11012100000000000000000000000000    0    -1.373236e-01   1.885777
    4 11012100000000000000000000000000    1     1.134762e-01   1.287684
    5 12111000000000000000000000000000    1    -8.212723e-02   0.674488
    6 21101100000000000000000000000000    1    -8.212561e-02   0.674462
    7 12111000000000000000000000000000    0     7.860275e-02   0.617839
    8 21101100000000000000000000000000    0    -7.860227e-02   0.617832
    9 22000200000000000000000000000000    0    -4.144334e-02   0.171755
   10 22020000000000000000000000000000    0    -4.144279e-02   0.171750
   11 22200000000000000000000000000000    0    -3.816679e-02   0.145670
   12 02002200000000000000000000000000    0    -3.415452e-02   0.116653
   13 20022000000000000000000000000000    0    -3.415409e-02   0.116650
   14 00022200000000000000000000000000    0     3.279601e-02   0.107558
   15 20202000000000000000000000000000    0    -3.264794e-02   0.106589
   16 02202000000000000000000000000000    0    -3.264767e-02   0.106587
   17 01121100000000000000000000000000    1     2.110963e-02   0.044562
   18 10111200000000000000000000000000    1     2.110930e-02   0.044560
   19 01121100000000000000000000000000    0     1.676759e-02   0.028115
   20 10111200000000000000000000000000    0    -1.676704e-02   0.028113
   21 10112100000000000000000000000000    1     1.515615e-02   0.022971
   22 11011200000000000000000000000000    1     1.482746e-02   0.021985
   23 02220000000000000000000000000000    0     1.363447e-02   0.018590
   24 20200200000000000000000000000000    0     1.363414e-02   0.018589
check importance : 52 / 52 (  100.00)

****************************


*************** End PRINT NONRELA CFGSPACE ***************



****************************************

 
 Calculate atomic population
 
 
 Print atomic population of state :                      1
 
 [Mulliken Population Analysis]
  Atomic charges: 
     1C      -0.0244
     2C      -0.0244
     3C      -0.0244
     4C      -0.0244
     5C      -0.0244
     6C      -0.0244
     7H       0.0244
     8H       0.0244
     9H       0.0244
    10H       0.0244
    11H       0.0244
    12H       0.0244
     Sum:    -0.0000
 
 [Lowdin Population Analysis]
  Atomic charges: 
     1C      -0.0257
     2C      -0.0257
     3C      -0.0257
     4C      -0.0257
     5C      -0.0257
     6C      -0.0257
     7H       0.0257
     8H       0.0257
     9H       0.0257
    10H       0.0257
    11H       0.0257
    12H       0.0257
     Sum:    -0.0000
 
 
 Calculate (transition) dipole moment
 
 
 Print Dipole moment of state :                      1
 
 [Dipole moment: a.u.]
              X          Y          Z         |u|
   Elec:-.9782E-15 -.6406E-15 0.0000E+00
   Nucl:0.8882E-15 0.4441E-14 0.0000E+00
   Totl:   -0.0000     0.0000     0.0000     0.0000
 
 [Dipole moment: Debye]
              X          Y          Z         |u|
   Elec:-.2486E-14 -.1628E-14 0.0000E+00
   Nucl:0.2258E-14 0.1129E-13 0.0000E+00
   Totl:   -0.0000     0.0000     0.0000     0.0000
 

 *** Electric transition dipole moments (Au) ***
State  I   J         X            Y            Z            |u|        f / Osc.
 
 
  HESSIAN diagonal    it=                    -1

 Output to Molden format ...

 Print CMO informations =                      1
 Frontier orbitals of each irrep:
 
  Symmetry   1 Ag      
 
         Orbital                 1              2              3              4              5              6
         Energy            -11.23044      -11.22874       -1.14118       -0.81474       -0.69798       -0.48478
         Occ No.             2.00000        2.00000        2.00000        2.00000        2.00000        2.00000
      1 1C|1S0               0.57816        0.81851        0.01665       -0.01493        0.00508        0.00358
      2 1C|2S0               0.00208        0.00393       -0.25385        0.28226       -0.01599        0.02016
      3 1C|3S0              -0.00262       -0.00940       -0.14208        0.23754       -0.04187        0.00210
      4 1C|2P1              -0.00013       -0.00003       -0.09178       -0.08257        0.26607        0.30916
      5 1C|3P1               0.00032       -0.00225       -0.01740        0.00845        0.09091        0.13407
      6 1C|3D0              -0.00008       -0.00069        0.01289       -0.00538       -0.00215       -0.00027
      7 1C|3D2               0.00014        0.00006        0.00783       -0.00364        0.00701       -0.04638
      8 2C|1S0               0.81765       -0.57878        0.02355        0.01056        0.00718       -0.00253
      9 2C|2S0               0.00295       -0.00278       -0.35900       -0.19959       -0.02263       -0.01425
     10 2C|3S0              -0.00371        0.00665       -0.20093       -0.16797       -0.05919       -0.00149
     11 2C|2P-1              0.00015        0.00003        0.11241       -0.22846       -0.32588       -0.03113
     12 2C|3P-1             -0.00039       -0.00200        0.02131       -0.04743       -0.11136       -0.00909
     13 2C|2P1              -0.00009        0.00011       -0.06489       -0.27896        0.18812       -0.49115
     14 2C|3P1               0.00023       -0.00028       -0.01230       -0.09412        0.06428       -0.20536
     15 2C|3D-2             -0.00017       -0.00009       -0.00959        0.01106       -0.00858       -0.01024
     16 2C|3D0              -0.00011        0.00049        0.01823        0.00380       -0.00304        0.00019
     17 2C|3D2              -0.00010        0.00024       -0.00554       -0.02431       -0.00496       -0.04784
     18 7H|1S0              -0.00020       -0.00049       -0.06591        0.21889       -0.21173       -0.30970
     19 7H|2S0               0.00097        0.00033       -0.00127        0.04819       -0.05355       -0.16412
     20 7H|2P1              -0.00021       -0.00056       -0.01166        0.02494       -0.01844       -0.01497
     21 8H|1S0              -0.00029        0.00035       -0.09321       -0.15477       -0.29943        0.21899
     22 8H|2S0               0.00137       -0.00024       -0.00180       -0.03407       -0.07573        0.11605
     23 8H|2P-1              0.00025       -0.00033        0.01428        0.01202        0.02259       -0.01604
     24 8H|2P1              -0.00015        0.00022       -0.00824       -0.01445       -0.01304       -0.00661
 
         Orbital                 7              8              9             10             11             12
         Energy              0.18274        0.25671        0.43778        0.58910        0.71418        0.74181
         Occ No.             0.00000        0.00000        0.00000        0.00000        0.00000        0.00000
      1 1C|1S0              -0.03103        0.03405       -0.08030        0.01111       -0.28587       -0.02421
      2 1C|2S0               0.04433       -0.10655        0.07607       -0.01535       -0.65404        0.18177
      3 1C|3S0               0.81164       -1.40294        3.91817        0.05274        0.50349       -0.14799
      4 1C|2P1              -0.13407        0.13299        0.22573        0.00222       -0.29016        0.00052
      5 1C|3P1              -0.39666        1.34314        2.48204        0.06133        0.20399        0.55232
      6 1C|3D0              -0.00689        0.00738       -0.03915       -0.10855        0.13764        0.21849
      7 1C|3D2              -0.01119       -0.02350       -0.02407        0.16831        0.02684        0.06103
      8 2C|1S0              -0.04388       -0.02408        0.05679        0.01569       -0.40427        0.01700
      9 2C|2S0               0.06267        0.07534       -0.05377       -0.02174       -0.92487       -0.12880
     10 2C|3S0               1.14786        0.99203       -2.77072        0.07423        0.71112        0.10484
     11 2C|2P-1              0.16421        0.04817        0.14235       -0.00273        0.35522        0.36808
     12 2C|3P-1              0.48570        0.62931        2.49364       -0.07493       -0.24915       -0.07938
     13 2C|2P1              -0.09479       -0.10467       -0.07265        0.00149       -0.20525        0.63666
     14 2C|3P1              -0.28040       -0.80949        0.80932        0.04348        0.14419       -0.91842
     15 2C|3D-2              0.01371       -0.02382       -0.00216       -0.20617       -0.03294        0.08261
     16 2C|3D0              -0.00975       -0.00522        0.02769       -0.15349        0.19475       -0.15446
     17 2C|3D2               0.00791        0.00803       -0.03026       -0.11904       -0.01898       -0.05684
     18 7H|1S0              -0.04344       -0.00104        0.02499        0.54299       -0.01855       -0.48911
     19 7H|2S0              -1.06370        2.19244        1.40812       -0.42919       -0.10547        0.55085
     20 7H|2P1              -0.01096        0.03049       -0.00104       -0.09878        0.02716        0.11708
     21 8H|1S0              -0.06143        0.00073       -0.01772        0.76787       -0.02637        0.34594
     22 8H|2S0              -1.50418       -1.55028       -0.99552       -0.60710       -0.14943       -0.38961
     23 8H|2P-1              0.01342        0.01240        0.01915        0.12099       -0.03328        0.07685
     24 8H|2P1              -0.00775       -0.02165        0.03466       -0.06985        0.01922       -0.03250
 
 
  Symmetry   2 B1g     
 
         Orbital                25             26             27             28             29             30
         Energy            -11.22874       -0.81474       -0.48477        0.25671        0.43777        0.74180
         Occ No.             2.00000        2.00000        2.00000        0.00000        0.00000        0.00000
      1 1C|2P-1              0.00009       -0.29053       -0.36001        0.05435       -0.00677        0.59941
      2 1C|3P-1             -0.00102       -0.08592       -0.14892        0.31562       -1.59036       -0.71059
      3 1C|3D-2              0.00021       -0.02171       -0.02964       -0.01541        0.02052       -0.07405
      4 2C|1S0              -1.00247        0.01829       -0.00438        0.04171       -0.09834        0.02957
      5 2C|2S0              -0.00482       -0.34570       -0.02469       -0.13051        0.09317       -0.22280
      6 2C|3S0               0.01151       -0.29093       -0.00257       -1.71834        4.79838        0.18176
      7 2C|2P-1             -0.00007        0.01513        0.45520       -0.16026       -0.23706       -0.21240
      8 2C|3P-1             -0.00203        0.03934        0.19485       -1.53612       -2.07044        0.80640
      9 2C|2P1              -0.00003        0.22847        0.03115        0.04815        0.14236       -0.36937
     10 2C|3P1               0.00200        0.04744        0.00910        0.62933        2.49328        0.04452
     11 2C|3D-2              0.00014       -0.01154       -0.05967        0.01948        0.03278        0.03869
     12 2C|3D0               0.00084        0.00659        0.00033        0.00904       -0.04794       -0.26757
     13 2C|3D2              -0.00009        0.01106       -0.01025        0.02383        0.00217        0.08251
     14 7H|2P-1              0.00002       -0.00531       -0.01122        0.01024       -0.03233        0.00835
     15 8H|1S0               0.00060       -0.26808        0.37931       -0.00127        0.03062        0.59903
     16 8H|2S0              -0.00041       -0.05902        0.20102        2.68514        1.72457       -0.67449
     17 8H|2P-1             -0.00060        0.02833       -0.01191       -0.03596        0.01253        0.12117
     18 8H|2P1               0.00033       -0.01202        0.01604        0.01240        0.01917       -0.07687
 
         Orbital                31             32             33
         Energy              0.74350        0.88862        1.12734
         Occ No.             0.00000        0.00000        0.00000
      1 1C|2P-1              0.27734       -0.15552        0.65839
      2 1C|3P-1              7.41353        0.72250       -7.09633
      3 1C|3D-2              0.02994        0.21168       -0.30819
      4 2C|1S0               0.00011        0.02343       -0.00010
      5 2C|2S0              -0.00085        0.01152       -0.00021
      6 2C|3S0               0.00136       -2.60009        0.00059
      7 2C|2P-1              0.19364       -0.74085        0.46549
      8 2C|3P-1              5.24700        3.15044       -5.01738
      9 2C|2P1               0.33541        0.55467        0.80640
     10 2C|3P1               9.08402       -2.40851       -8.69142
     11 2C|3D-2             -0.02122       -0.13945        0.21792
     12 2C|3D0              -0.00104        0.10168        0.00001
     13 2C|3D2               0.03733       -0.25335       -0.37736
     14 7H|2P-1              0.01106        0.01433        0.06941
     15 8H|1S0               0.00233        0.23580       -0.00012
     16 8H|2S0              -0.00247       -2.44571       -0.00023
     17 8H|2P-1              0.00826        0.21228        0.04910
     18 8H|2P1               0.01320       -0.13425        0.08501
 
 
  Symmetry   3 B3g     
 
         Orbital                43             44             45             46             47             48
         Energy             -0.32024        0.73274        1.15333        1.24547        1.95059        2.08818
         Occ No.             1.90062        0.00000        0.00000        0.00000        0.00000        0.00000
      1 1C|3D-1              0.03932       -0.12065        0.44584       -0.01172        0.51152       -1.07632
      2 2C|2P0               0.57392       -0.93883        0.00002        0.29840        0.04974        0.46622
      3 2C|3P0               0.43262        1.00167       -0.00003       -0.34424        0.04707        0.28168
      4 2C|3D-1             -0.00311        0.09661       -0.31519        0.58759        0.86617       -0.30877
      5 2C|3D1               0.03390       -0.15429       -0.54607       -0.34870       -0.08240       -0.70055
      6 8H|2P0               0.02052        0.00752        0.00003        0.41473       -0.98071       -0.49500
 
 
  Symmetry   4 B2g     
 
         Orbital                49             50             51             52             53             54
         Energy             -0.32025        0.42312        0.73274        0.83325        1.24545        1.76194
         Occ No.             1.90062        0.03680        0.00000        0.00000        0.00000        0.00000
      1 1C|2P0              -0.46860       -0.55243       -0.76657        0.47561        0.24365        0.02966
      2 1C|3P0              -0.35322       -0.41954        0.81794       -1.92114       -0.28106        1.22081
      3 1C|3D1              -0.01604        0.00427       -0.13130       -0.04248       -0.55783        0.34513
      4 2C|2P0              -0.33135        0.78125       -0.54199       -0.67271        0.17229       -0.04194
      5 2C|3P0              -0.24977        0.59331        0.57817        2.71698       -0.19872       -1.72649
      6 2C|3D-1              0.03390        0.00523        0.15430       -0.05201        0.34877        0.42271
      7 2C|3D1               0.03604       -0.00302        0.08155        0.03002       -0.18484       -0.24410
      8 7H|2P0              -0.01675       -0.00555        0.00613       -0.03064        0.33860       -0.51810
      9 8H|2P0              -0.01185        0.00784        0.00434        0.04332        0.23944        0.73261
 
         Orbital                55
         Energy              1.95059
         Occ No.             0.00000
      1 1C|2P0              -0.04066
      2 1C|3P0              -0.03839
      3 1C|3D1               0.64613
      4 2C|2P0              -0.02877
      5 2C|3P0              -0.02731
      6 2C|3D-1             -0.08252
      7 2C|3D1               0.77084
      8 7H|2P0               0.80076
      9 8H|2P0               0.56632
 
 
  Symmetry   5 Au      
 
         Orbital                58             59             60             61             62             63
         Energy              0.16664        0.78633        1.31887        1.73921        2.26022        2.49727
         Occ No.             0.10072        0.00000        0.00000        0.00000        0.00000        0.00000
      1 1C|3D-1              0.04694       -0.11449        0.49867       -0.62787       -0.16651        1.09015
      2 2C|2P0               0.78830       -0.88938       -0.25980        0.28361        0.02567        0.00000
      3 2C|3P0               0.59439        1.99927        0.25297        1.03486       -0.00075        0.00000
      4 2C|3D-1             -0.01838        0.04659       -0.49525       -0.22504       -1.02291        0.77078
      5 2C|3D1              -0.02772        0.06658       -0.12123        0.64254        0.72638        1.33524
      6 8H|2P0               0.01525        0.01473       -0.41764       -0.62243        0.96927        0.00005
 
 
  Symmetry   6 B1u     
 
         Orbital                64             65             66             67             68             69
         Energy             -0.48734        0.16664        0.68088        0.78632        1.05181        1.31886
         Occ No.             1.96052        0.10072        0.00000        0.00000        0.00000        0.00000
      1 1C|2P0               0.31088        0.64365        0.56063       -0.72615       -0.12466        0.21213
      2 1C|3P0               0.17836        0.48532       -0.40632        1.63239        0.02853       -0.20657
      3 1C|3D1               0.02071        0.00168        0.07142       -0.00577        0.40572       -0.30072
      4 2C|2P0               0.43965       -0.45513        0.79282        0.51350       -0.17623       -0.14998
      5 2C|3P0               0.25224       -0.34317       -0.57453       -1.15428        0.04023        0.14605
      6 2C|3D-1             -0.02536       -0.02771       -0.08747        0.06660       -0.49695        0.12120
      7 2C|3D1               0.01464       -0.05038        0.05049        0.12347        0.28689        0.63523
      8 7H|2P0               0.01026        0.01245        0.01650        0.01203       -0.16619        0.34100
      9 8H|2P0               0.01451       -0.00881        0.02334       -0.00850       -0.23505       -0.24111
 
         Orbital                70
         Energy              1.73923
         Occ No.             0.00000
      1 1C|2P0               0.23159
      2 1C|3P0               0.84496
      3 1C|3D1               0.42141
      4 2C|2P0              -0.16376
      5 2C|3P0              -0.59745
      6 2C|3D-1              0.64255
      7 2C|3D1               0.51697
      8 7H|2P0              -0.50828
      9 8H|2P0               0.35931
 
 
  Symmetry   7 B3u     
 
         Orbital                73             74             75             76             77             78
         Energy            -11.22990      -11.22817       -1.00598       -0.63425       -0.57800        0.22121
         Occ No.             2.00000        2.00000        2.00000        2.00000        2.00000        0.00000
      1 1C|1S0               0.81810       -0.57903        0.02505        0.00945        0.00050       -0.03855
      2 1C|2S0               0.00359       -0.00308       -0.34965       -0.15696        0.06232        0.02464
      3 1C|3S0              -0.00660        0.01116       -0.21341       -0.22036        0.08611        1.43855
      4 1C|2P1              -0.00005       -0.00001       -0.04591        0.17884        0.40748       -0.22813
      5 1C|3P1              -0.00058        0.00396       -0.03039        0.02033        0.16662       -0.94731
      6 1C|3D0              -0.00008        0.00077        0.01414       -0.00158       -0.00180       -0.01278
      7 1C|3D2               0.00011       -0.00011        0.01383       -0.03379       -0.01125        0.01300
      8 2C|1S0               0.57851        0.81883        0.01771       -0.01337        0.00035       -0.02727
      9 2C|2S0               0.00254        0.00436       -0.24725        0.22199        0.04404        0.01738
     10 2C|3S0              -0.00467       -0.01578       -0.15090        0.31164        0.06085        1.01770
     11 2C|2P-1              0.00008       -0.00001        0.12862        0.21894       -0.32457        0.13426
     12 2C|3P-1             -0.00097        0.00485        0.05564        0.02487       -0.10350        0.74340
     13 2C|2P1               0.00006        0.00000        0.15787       -0.12642        0.01418       -0.09008
     14 2C|3P1              -0.00251       -0.00280        0.05340       -0.01436        0.05640       -0.05109
     15 2C|3D-2             -0.00009       -0.00014       -0.02488       -0.04138        0.02455       -0.01080
     16 2C|3D0              -0.00006       -0.00108        0.01000        0.00224       -0.00127       -0.00905
     17 2C|3D2               0.00001       -0.00008        0.02354       -0.02390       -0.02658        0.00032
     18 7H|1S0              -0.00024        0.00051       -0.14764       -0.25997       -0.31593       -0.00565
     19 7H|2S0               0.00084        0.00029       -0.01863       -0.10261       -0.11646       -1.85705
     20 7H|2P1              -0.00035        0.00047       -0.02163       -0.01862       -0.02085       -0.03012
     21 8H|1S0              -0.00017       -0.00072       -0.10440        0.36758       -0.22346       -0.00399
     22 8H|2S0               0.00060       -0.00041       -0.01317        0.14508       -0.08237       -1.31281
     23 8H|2P-1              0.00023        0.00057        0.01582       -0.02280        0.00860        0.01617
     24 8H|2P1              -0.00010       -0.00033       -0.00319        0.01316       -0.01460       -0.01459
 
         Orbital                79             80             81             82             83
         Energy              0.27266        0.46985        0.66954        0.74106        0.85445
         Occ No.             0.00000        0.00000        0.00000        0.00000        0.00000
      1 1C|1S0              -0.03807       -0.03324        0.10189        0.23033        0.16809
      2 1C|2S0              -0.17861        0.04803       -0.11882        0.36323        0.42576
      3 1C|3S0               1.56535        3.06037       -6.61336       -0.84068        1.42440
      4 1C|2P1               0.08059        0.14098       -0.02492        0.32433       -0.39571
      5 1C|3P1               2.47185        0.39114       -4.70323       -0.71716        1.26171
      6 1C|3D0              -0.03896       -0.03080       -0.00185       -0.23174       -0.06351
      7 1C|3D2              -0.01796        0.07469        0.04165        0.08091       -0.30788
      8 2C|1S0               0.05382       -0.02351       -0.14408        0.16285        0.11886
      9 2C|2S0               0.25259        0.03398        0.16804        0.25680        0.30109
     10 2C|3S0              -2.21338        2.16423        9.35181       -0.59421        1.00748
     11 2C|2P-1              0.09874        0.08084       -0.03055       -0.49886       -0.00482
     12 2C|3P-1              3.02748        1.74898       -5.76012        0.20066        1.02101
     13 2C|2P1              -0.05700        0.33947        0.01764       -0.40545       -0.56816
     14 2C|3P1              -1.74769        3.58307        3.32472       -0.66643        3.55375
     15 2C|3D-2             -0.02200       -0.03555        0.05100       -0.06263        0.06292
     16 2C|3D0               0.05510       -0.02178        0.00262       -0.16389       -0.04490
     17 2C|3D2              -0.01271       -0.04404        0.02943       -0.00597        0.32645
     18 7H|1S0               0.05414        0.27967        0.24616        0.48535       -0.17714
     19 7H|2S0               2.10864        0.06077       -1.88181       -0.63122        1.45925
     20 7H|2P1              -0.00035       -0.04611       -0.06163       -0.14746        0.17713
     21 8H|1S0              -0.07655        0.19774       -0.34808        0.34323       -0.12534
     22 8H|2S0              -2.98224        0.04315        2.66086       -0.44636        1.03219
     23 8H|2P-1             -0.00042        0.03775       -0.07547        0.05430       -0.10736
     24 8H|2P1               0.00024        0.00019        0.04357       -0.11451        0.06462
 
 
  Symmetry   8 B2u     
 
         Orbital                97             98             99            100            101            102
         Energy            -11.22990       -1.00596       -0.60823       -0.57798        0.22121        0.46985
         Occ No.             2.00000        2.00000        2.00000        2.00000        0.00000        0.00000
      1 1C|2P-1             -0.00007        0.16413        0.39003        0.12252        0.00889        0.27303
      2 1C|3P-1              0.00217        0.06048        0.13831        0.00239       -0.26736        3.24756
      3 1C|3D-2             -0.00004        0.02680        0.01464        0.02882       -0.00463       -0.01663
      4 2C|1S0               1.00198       -0.03068       -0.00000        0.00061       -0.04722        0.04072
      5 2C|2S0               0.00440        0.42824       -0.00001        0.07633        0.03016       -0.05884
      6 2C|3S0              -0.00808        0.26138       -0.00001        0.10546        1.76209       -3.74822
      7 2C|2P-1              0.00003        0.00935       -0.27575       -0.38895        0.24512        0.24611
      8 2C|3P-1              0.00138       -0.01085       -0.09777       -0.17592        0.91007        1.56307
      9 2C|2P1              -0.00008        0.12861       -0.47774        0.32449       -0.13426        0.08091
     10 2C|3P1               0.00097        0.05564       -0.16940        0.10348       -0.74369        1.74916
     11 2C|3D-2             -0.00010        0.00519        0.01036        0.00175       -0.01216        0.08508
     12 2C|3D0              -0.00010       -0.01732        0.00000       -0.00220       -0.01566        0.03772
     13 2C|3D2              -0.00009        0.02488       -0.01794        0.02454       -0.01080        0.03555
     14 7H|2P-1             -0.00002        0.00420        0.00747        0.00682        0.00372        0.01555
     15 8H|1S0              -0.00030        0.18083        0.00004       -0.38697       -0.00691       -0.34249
     16 8H|2S0               0.00103        0.02282        0.00001       -0.14265       -2.27424       -0.07457
     17 8H|2P-1              0.00037       -0.02146       -0.00529        0.02452        0.03326       -0.04340
     18 8H|2P1              -0.00023        0.01582       -0.00915       -0.00859       -0.01617        0.03775
 
         Orbital               103            104            105            106
         Energy              0.58815        0.74106        0.85445        1.10843
         Occ No.             0.00000        0.00000        0.00000        0.00000
      1 1C|2P-1             -0.41363       -0.49034       -0.40373       -0.44783
      2 1C|3P-1              0.67316       -0.38928        2.92957        4.27560
      3 1C|3D-2             -0.05665        0.02134        0.20516        0.25822
      4 2C|1S0               0.00000       -0.28209       -0.20586        0.66963
      5 2C|2S0               0.00001       -0.44484       -0.52144        1.48505
      6 2C|3S0               0.00014        1.02948       -1.74465       -6.94917
      7 2C|2P-1              0.29244        0.17068       -0.56252        0.05695
      8 2C|3P-1             -0.47616       -0.89831        2.37421        0.96687
      9 2C|2P1               0.50656       -0.49887       -0.00491       -0.39854
     10 2C|3P1              -0.82463        0.20071        1.02137        2.93288
     11 2C|3D-2             -0.04008        0.07829       -0.39909       -0.19478
     12 2C|3D0              -0.00001        0.28383        0.07780       -0.09573
     13 2C|3D2               0.06937        0.06262       -0.06292        0.09835
     14 7H|2P-1              0.05202       -0.05880        0.00186       -0.01203
     15 8H|1S0               0.00007       -0.59449        0.21697        0.29509
     16 8H|2S0              -0.00003        0.77315       -1.78737        0.86200
     17 8H|2P-1             -0.03678       -0.17721        0.18855       -0.18395
     18 8H|2P1              -0.06373        0.05429       -0.10733        0.09637
 
 
 
                    Orbital information
 
  Start index:     1   25   43   49   58   64   73   97
 
        nsbas:    24   18    6    9    6    9   24   18
        nsorb:    24   18    6    9    6    9   24   18
        nscor:     0    0    0    0    0    0    0    0
        nscls:     6    3    0    0    0    0    5    4
        nsact:     0    0    1    2    1    2    0    0
        nsocc:     6    3    1    2    1    2    5    4
        nsval:     6    3    1    2    1    2    5    4
        nsvir:    18   15    5    7    5    7   19   14
        nsxvr:     0    0    0    0    0    0    0    0
 
    Group Sym:    8
    State Sym:    1
    Spin  Mul:    1
    Act  Elec:    6
          States average information
    Nstate:     1
    Istate:     1
    Weight:   1.000000

TARGET_MCSCF ROOT ENERGY        -230.793858834414

    Total number of ci calculation:   13
MO TRANS     2.00       CI     0.95  INT OPT     0.00  MIC OPT     0.70

    root   1
    energy=     -230.79385883     exe(eV)=    0.0000
 
 ++++++++  DATA CHECK +++++++++++++++++++++++++++++++++
  CHECKDATA:MCSCF:MCENERGY:     -230.7938588
 ++++++++++ END DATA CHECK ++++++++++++++++++++++++++++
 
  End   MCSCF Calculation
 Total wall time =    0.60
|******************************************************************************|
 
    Total cpu     time:          4.17  S
    Total system  time:          0.51  S
    Total wall    time:          0.60  S
 
    Current time   2022-04-23  20:17:29
    End running module mcscf
|******************************************************************************|
 
('/scratch/ben-cas66-ccpvdz_242', '/apps/users/lcz/exe9/task2/bdf/benzene')
 Warning! Removing scratch files. If you would like to keep scratch files for restaring. Please use -keeptmpdir

Sender: Unischeduler System <lcz@mgt01>
Subject: Job 123595: <#!/bin/bash
#BSUB -J intel
#BSUB -o ben-cas66-ccpvdz.out
#BSUB -n 8
#BSUB -q cqueue
#BSUB -R span[hosts=1]
export BDFHOME=/apps/users/lcz/bdf-pkg
export BDF_TMPDIR=/scratch/ben-cas66-ccpvdz_242
export USE_LIBCINT=no
export LD_LIBRARY_PATH=/apps/users/lcz/bdf-pkg/extlibs:/apps/users/lcz/bdf-pkg/libso:/apps/software/intel2019/mkl/lib/intel64:/apps/software/intel2019/compilers_and_libraries_2019/linux/lib/intel64:$LD_LIBRARY_PATH
ulimit -s unlimited
ulimit -t unlimited
export OMP_NUM_THREADS=8
export OMP_STACKSIZE=20G
/apps/users/lcz/bdf-pkg/sbin/bdfdrv.py -tmpdir /scratch/ben-cas66-ccpvdz_242 -r ben-cas66-ccpvdz.inp > ben-cas66-ccpvdz.out
rm -rf .ben-cas66-ccpvdz.wrk> Done

Job <#!/bin/bash
#BSUB -J intel
#BSUB -o ben-cas66-ccpvdz.out
#BSUB -n 8
#BSUB -q cqueue
#BSUB -R span[hosts=1]
export BDFHOME=/apps/users/lcz/bdf-pkg
export BDF_TMPDIR=/scratch/ben-cas66-ccpvdz_242
export USE_LIBCINT=no
export LD_LIBRARY_PATH=/apps/users/lcz/bdf-pkg/extlibs:/apps/users/lcz/bdf-pkg/libso:/apps/software/intel2019/mkl/lib/intel64:/apps/software/intel2019/compilers_and_libraries_2019/linux/lib/intel64:$LD_LIBRARY_PATH
ulimit -s unlimited
ulimit -t unlimited
export OMP_NUM_THREADS=8
export OMP_STACKSIZE=20G
/apps/users/lcz/bdf-pkg/sbin/bdfdrv.py -tmpdir /scratch/ben-cas66-ccpvdz_242 -r ben-cas66-ccpvdz.inp > ben-cas66-ccpvdz.out
rm -rf .ben-cas66-ccpvdz.wrk> was submitted from host <mgt01> by user <lcz>.
Job was executed on host(s) <8*cnode10>, in queue <cqueue>, as user <lcz>.
</apps/users/lcz> was used as the home directory.
</apps/users/lcz/exe9/task2/bdf/benzene> was used as the working directory.
Started at 2022-04-23 20:17:27
Results reported at 2022-04-23 20:17:29

Your job looked like:

------------------------------------------------------------
# User input
#!/bin/bash
#BSUB -J intel
#BSUB -o ben-cas66-ccpvdz.out
#BSUB -n 8
#BSUB -q cqueue
#BSUB -R span[hosts=1]
export BDFHOME=/apps/users/lcz/bdf-pkg
export BDF_TMPDIR=/scratch/ben-cas66-ccpvdz_242
export USE_LIBCINT=no
export LD_LIBRARY_PATH=/apps/users/lcz/bdf-pkg/extlibs:/apps/users/lcz/bdf-pkg/libso:/apps/software/intel2019/mkl/lib/intel64:/apps/software/intel2019/compilers_and_libraries_2019/linux/lib/intel64:$LD_LIBRARY_PATH
ulimit -s unlimited
ulimit -t unlimited
export OMP_NUM_THREADS=8
export OMP_STACKSIZE=20G
/apps/users/lcz/bdf-pkg/sbin/bdfdrv.py -tmpdir /scratch/ben-cas66-ccpvdz_242 -r ben-cas66-ccpvdz.inp > ben-cas66-ccpvdz.out
rm -rf .ben-cas66-ccpvdz.wrk
------------------------------------------------------------

Successfully completed.

Resource usage summary:

    Max Memory :                 0 MB
    Max Processes  :               1


The output (if any) follows:

