#!awk.bdf.output
====================== BDF version information ============================
commit 15a5aac1bbb5a2a101a9aa715fa1cdc141611229
Author: Yibo Lei <leiyb@nwu.edu.cn>
Date:   Sun Jan 16 18:50:00 2022 +0800

    change Vircut to VSD and add Pre-CMO by MCSCF MOs and refine ploop search of xianci
===========================================================================
BDFHOME =  /apps/software/bdf-pkg
BDF_TMPDIR = /tmp
BDF_MPIRUN =  None
BDF_MPIROOT =  None
|---------------------------------------------------------------------|
 Could not find mpirun. Set to serial running ...


(' BDFHOME     = ', '/apps/users/lcz/bdf-pkg')
(' BDF_WORKDIR = ', '/apps/users/lcz/exe9/task2/bdf/benzene')
(' BDF_TMPDIR  = ', '/scratch/ben-rhf_730')
(' BDFTASK     = ', 'ben-rhf')

  BDF parallel running information ...
('  BDF_MASTER_NODE', 'cnode10')
('  BDF_MPIROOT = ', 'None')
  Total number of computational nodes   = 1
  Number of processes per node          = 1
  Number of openmp threads per process  = 8


('  Singlepoint_task = ', True)
('  Fragmp2_task     = ', False)


$compass
title
benzene rhf
basis
cc-pvtz
geometry
C 1.21105763915345 0.69916522296351 -0.00000002423937
C 0.00000000882288 1.39827374718112 -0.00000003476372
C -1.21105761456966 0.69916520818333 0.00000001202970
C -1.21105765944965 -0.69916521253772 -0.00000002028759
C -0.00000002924690 -1.39827375425198 -0.00000006510495
C 1.21105759634142 -0.69916519566758 -0.00000001139166
H 2.15727867932261 1.24550656935944 0.00000002108822
H -0.00000003268748 2.49090825711365 -0.00000007876766
H -2.15727859099377 1.24550663211660 0.00000011262075
H -2.15727863065228 -1.24550666379260 0.00000002492918
H -0.00000001076256 -2.49090826242235 -0.00000006787266
H 2.15727864472193 -1.24550654824542 0.00000013175977
end geometry
thresh
coarse
saorb
$end
$xuanyuan
$end
$scf
rhf
charge
0
molden
$end
('tmpstdin ', True)
('npro is ', 1)
('\n BDF command: ', '/apps/users/lcz/bdf-pkg/bin/compass.x /scratch/ben-rhf_730/ben-rhfXX0.compass.inp')
  BDF process        0 of        1 on Serial  
 
|******************************************************************************|
 
    Start running module compass
    Current time   2022-04-23  20:06:54
 
|******************************************************************************|

 ++++++++++ Reading compass input ++++++++++++++++++
 TITLE
 BASIS
 Input Basis set is cc-pVTZ
 Spherical GTO 5d,7f
 GEOMETRY
 C       1.21105764      0.69916522     -0.00000002
 C       0.00000001      1.39827375     -0.00000003
 C      -1.21105761      0.69916521      0.00000001
 C      -1.21105766     -0.69916521     -0.00000002
 C      -0.00000003     -1.39827375     -0.00000007
 C       1.21105760     -0.69916520     -0.00000001
 H       2.15727868      1.24550657      0.00000002
 H      -0.00000003      2.49090826     -0.00000008
 H      -2.15727859      1.24550663      0.00000011
 H      -2.15727863     -1.24550666      0.00000002
 H      -0.00000001     -2.49090826     -0.00000007
 H       2.15727864     -1.24550655      0.00000013
 Number of atoms:       12
 THRESH
 SAORB
 $END
 ++++++++++ End of reading compass input +++++++++++++


|-------------------------------------------------------------------------------------------|

 Atom           Cartcoord(Bohr)                 Charge Basis Auxbas Uatom Nstab Alink  Mass
  C        2.288567     1.321231    -0.000000     6.00    1     0     0     0   E     11.9967
  C        0.000000     2.642354    -0.000000     6.00    1     0     0     0   E     11.9967
  C       -2.288567     1.321231     0.000000     6.00    1     0     0     0   E     11.9967
  C       -2.288567    -1.321231    -0.000000     6.00    1     0     0     0   E     11.9967
  C       -0.000000    -2.642354    -0.000000     6.00    1     0     0     0   E     11.9967
  C        2.288567    -1.321231    -0.000000     6.00    1     0     0     0   E     11.9967
  H        4.076666     2.353666     0.000000     1.00    2     0     0     0   E      1.0073
  H       -0.000000     4.707134    -0.000000     1.00    2     0     0     0   E      1.0073
  H       -4.076666     2.353666     0.000000     1.00    2     0     0     0   E      1.0073
  H       -4.076666    -2.353666     0.000000     1.00    2     0     0     0   E      1.0073
  H       -0.000000    -4.707134    -0.000000     1.00    2     0     0     0   E      1.0073
  H        4.076666    -2.353666     0.000000     1.00    2     0     0     0   E      1.0073
 
|--------------------------------------------------------------------------------------------|

  End of reading atomic basis sets ..
 Printing basis sets for checking ....

 Atomic label:  C    6
 Maximum L  3 10s5p2d1f ----> 4s3p2d1f NBF =  30
 #--->s function
      Exp Coef          Norm Coef       Con Coef
          8236.000000   0.218425E+04    0.000542   -0.000196    0.000000    0.000000
          1235.000000   0.526339E+03    0.004196   -0.001526    0.000000    0.000000
           280.800000   0.173306E+03    0.021541   -0.007890    0.000000    0.000000
            79.270000   0.671192E+02    0.083615   -0.031515    0.000000    0.000000
            25.590000   0.287454E+02    0.239872   -0.096910    0.000000    0.000000
             8.997000   0.131247E+02    0.443752   -0.220542    0.000000    0.000000
             3.319000   0.621256E+01    0.353580   -0.296069    0.000000    0.000000
             0.364300   0.118470E+01   -0.009176    1.040503    0.000000    0.000000
             0.905900   0.234598E+01    0.000000    0.000000    1.000000    0.000000
             0.128500   0.542241E+00    0.000000    0.000000    0.000000    1.000000
 #--->p function
      Exp Coef          Norm Coef       Con Coef
            18.710000   0.113521E+03    0.039426    0.000000    0.000000
             4.133000   0.171916E+02    0.244089    0.000000    0.000000
             1.200000   0.366405E+01    0.815492    0.000000    0.000000
             0.382700   0.878127E+00    0.000000    1.000000    0.000000
             0.120900   0.207978E+00    0.000000    0.000000    1.000000
 #--->d function
      Exp Coef          Norm Coef       Con Coef
             1.097000   0.306825E+01    1.000000    0.000000
             0.318000   0.351380E+00    0.000000    1.000000
 #--->f function
      Exp Coef          Norm Coef       Con Coef
             0.761000   0.106691E+01    1.000000
 

 Atomic label:  H    1
 Maximum L  2 5s2p1d ----> 3s2p1d NBF =  14
 #--->s function
      Exp Coef          Norm Coef       Con Coef
            33.870000   0.354712E+02    0.025495    0.000000    0.000000
             5.095000   0.856788E+01    0.190363    0.000000    0.000000
             1.159000   0.282213E+01    0.852162    0.000000    0.000000
             0.325800   0.108950E+01    0.000000    1.000000    0.000000
             0.102700   0.458345E+00    0.000000    0.000000    1.000000
 #--->p function
      Exp Coef          Norm Coef       Con Coef
             1.407000   0.447046E+01    1.000000    0.000000
             0.388000   0.893355E+00    0.000000    1.000000
 #--->d function
      Exp Coef          Norm Coef       Con Coef
             1.057000   0.287515E+01    1.000000
 
 
 Atomic masses
   11.9967   11.9967   11.9967   11.9967   11.9967
   11.9967    1.0073    1.0073    1.0073    1.0073
    1.0073    1.0073

 Molecular center of mass
        -0.00000002     0.00000000    -0.00000004

 Molecular center of nuclear charge
        -0.00000001     0.00000000    -0.00000003
 [molesym]
 
 Auto decide molecular point group! Rotate coordinates into standard orientation!
 Threshold= 0.10000E-02 0.10000E-01 0.10000E-01
 
 zgeomsort being called!
gsym: D06H, noper=   24
 Exiting zgeomsort....
 Representation generated
 Warning: for non-skeleton methods it is mandatory to use the 
 largest Abelian subgroup instead
 Switching to group D(2H)
  Binary group is observed ...
  Point group name D(6H)                       24
  User set point group as D(2H)   
  Largest Abelian Subgroup D(2H)                        8
 Representation generated
 D|2|H|                     2
 Symmetry check OK
 Molecule has been symmetrized
  Number of symmery unique centers:                      4

|-------------------------------------------------------------------------------------------|

 Atom           Cartcoord(Bohr)                 Charge Basis Auxbas Uatom Nstab Alink  Mass
  C       -2.642573     0.000000     0.000000     6.00    1     0     0     0   E     11.9967
  C       -1.321260     2.288425     0.000000     6.00    1     0     0     0   E     11.9967
  C        1.321260     2.288425     0.000000     6.00    1     0     0     0   E     11.9967
  C        2.642573    -0.000000     0.000000     6.00    1     0     0     0   E     11.9967
  C        1.321260    -2.288425     0.000000     6.00    1     0     0     0   E     11.9967
  C       -1.321260    -2.288425     0.000000     6.00    1     0     0     0   E     11.9967
  H       -4.707329     0.000000     0.000000     1.00    2     0     0     0   E      1.0073
  H       -2.353615     4.076583     0.000000     1.00    2     0     0     0   E      1.0073
  H        2.353615     4.076583     0.000000     1.00    2     0     0     0   E      1.0073
  H        4.707329    -0.000000     0.000000     1.00    2     0     0     0   E      1.0073
  H        2.353615    -4.076583     0.000000     1.00    2     0     0     0   E      1.0073
  H       -2.353615    -4.076583     0.000000     1.00    2     0     0     0   E      1.0073
 
|--------------------------------------------------------------------------------------------|

Number of irreps:    8
IRREP:   7   8   6
DIMEN:   1   1   1

 Irreps of multipole moment operators ...
 Operator  Component    Irrep       Row
  Dipole       x           B3u         1
  Dipole       y           B2u         1
  Dipole       z           B1u         1
  Quadpole     xx          Ag          1
  Quadpole     xy          B1g         1
  Quadpole     yy          Ag          1
  Quadpole     xz          B2g         1
  Quadpole     yz          B3g         1
  Quadpole     zz          Ag          1
 
 Generate symmetry adapted orbital ...
 Print Multab
  1  2  3  4  5  6  7  8
  2  1  4  3  6  5  8  7
  3  4  1  2  7  8  5  6
  4  3  2  1  8  7  6  5
  5  6  7  8  1  2  3  4
  6  5  8  7  2  1  4  3
  7  8  5  6  3  4  1  2
  8  7  6  5  4  3  2  1

|--------------------------------------------------|
          Symmetry adapted orbital                   

  Total number of basis functions:     264     264

  Number of irreps:   8
  Irrep :   Ag        B1g       B3g       B2g       Au        B1u       B3u       B2u     
  Norb  :     50        40        18        24        18        24        50        40
|--------------------------------------------------|

Total number of shells:       42
 R max for this shell (Bohr)   13.9799999999998       9.729162901241728E-011
 R max for this shell (Bohr)   14.0099999999998       1.489119474553481E-010
 R max for this shell (Bohr)   9.12999999999989       9.526038727668103E-011
 R max for this shell (Bohr)   6.13999999999995       9.362960295534817E-011
 R max for this shell (Bohr)   14.0099999999998       1.162305806728774E-008
 R max for this shell (Bohr)   8.03999999999991       9.779223238620300E-011
 R max for this shell (Bohr)   5.09999999999998       9.528002326234073E-011
 
Number of atoms:      12
Number of basis functions:     264
 
|******************************************************************************|
 
    Total cpu     time:          0.02  S
    Total system  time:          0.02  S
    Total wall    time:          0.07  S
 
    Current time   2022-04-23  20:06:54
    End running module compass
|******************************************************************************|
 
 Filename: /scratch/ben-rhf_730/ben-rhf.undmol mode: w+b 
BDFTASK: ben-rhf 
INPUT FILE: ben-rhf.undmolinp 
 Scratch dir: ben-rhf 
 Scratch dir: ben-rhf 
string ben-rhf.undmolinp len 17 
 Filename: ben-rhf.chkfil mode: rb 

 Read data from check file! 
Found string UNDMOLIN at position 10 
Idisk 3825136 
Number of irreps: 8, number of basis: 264 
irrep: 1, num: 50 
irrep: 2, num: 40 
irrep: 3, num: 18 
irrep: 4, num: 24 
irrep: 5, num: 18 
irrep: 6, num: 24 
irrep: 7, num: 50 
irrep: 8, num: 40 
char= (A) 
char= (g) 
char= ( ) 
j= 2 
char= (B) 
char= (1) 
char= (g) 
char= ( ) 
j= 11 
char= (B) 
char= (3) 
char= (g) 
char= ( ) 
j= 19 
char= (B) 
char= (2) 
char= (g) 
char= ( ) 
j= 27 
char= (A) 
char= (u) 
char= ( ) 
j= 34 
char= (B) 
char= (1) 
char= (u) 
char= ( ) 
j= 43 
char= (B) 
char= (3) 
char= (u) 
char= ( ) 
j= 51 
char= (B) 
char= (2) 
char= (u) 
char= ( ) 
j= 59 
rpmname: ag 
('tmpstdin ', True)
('npro is ', 1)
('\n BDF command: ', '/apps/users/lcz/bdf-pkg/bin/xuanyuan.x /scratch/ben-rhf_730/ben-rhfXX1.xuanyuan.inp')
  BDF process        0 of        1 on Serial  
 
|******************************************************************************|
 
    Start running module xuanyuan
    Current time   2022-04-23  20:06:54
 
|******************************************************************************|

|-------------------------------------------------------------------------------------------|

 Atom           Cartcoord(Bohr)                 Charge Basis Auxbas Uatom Nstab Alink  Mass
  C       -2.642573     0.000000     0.000000     6.00    1     0     1     4   E     11.9967
  C       -1.321260     2.288425     0.000000     6.00    1     0     1     2   E     11.9967
  C        1.321260     2.288425     0.000000     6.00    1     0     0     0   E     11.9967
  C        2.642573    -0.000000     0.000000     6.00    1     0     0     0   E     11.9967
  C        1.321260    -2.288425     0.000000     6.00    1     0     0     0   E     11.9967
  C       -1.321260    -2.288425     0.000000     6.00    1     0     0     0   E     11.9967
  H       -4.707329     0.000000     0.000000     1.00    2     0     1     4   E      1.0073
  H       -2.353615     4.076583     0.000000     1.00    2     0     1     2   E      1.0073
  H        2.353615     4.076583     0.000000     1.00    2     0     0     0   E      1.0073
  H        4.707329    -0.000000     0.000000     1.00    2     0     0     0   E      1.0073
  H        2.353615    -4.076583     0.000000     1.00    2     0     0     0   E      1.0073
  H       -2.353615    -4.076583     0.000000     1.00    2     0     0     0   E      1.0073
 
|--------------------------------------------------------------------------------------------|

 $xuanyuan                                                                      
                                          
 $end                                                                           
                                          
  Mass polarization term:  F
 Total nuclear charge :         42.00
 Nuclear repulsion energy :     202.8150927648 a.u.

 Total number of primitive  basis sets :          348
 Total number of prim-cart  basis sets :          384
 Total number of contracted basis sets :          264

  Estimate memory for calculating 2e integrals...
 Minium memory to calculate ERIs:        1.460 M

[aoint_1e]
  Calculating one electron integrals ...
  S T and V integrals ....
  Dipole and Quadupole integrals ....
  Finish calculating one electron integrals ...
 
 ---------------------------------------------------------------
  Timing to calculate 1-electronic integrals                                      
 
  CPU TIME(S)      SYSTEM TIME(S)     WALL TIME(S)
          0.120            0.060               0.030
 ---------------------------------------------------------------
 
 Finish calculating 1e integral ...
 Character Table
    1    1    1    1    1    1    1    1
    1   -1    1   -1    1   -1    1   -1
    1    1   -1   -1   -1    1    1   -1
    1   -1   -1    1   -1   -1    1    1
    1    1    1    1   -1   -1   -1   -1
    1   -1    1   -1   -1    1   -1    1
    1    1   -1   -1    1   -1   -1    1
    1   -1   -1    1    1    1   -1   -1
 
 Total number of electronic repulsion integrals      77928698
 
 Number  of  symmetry adapted ERIs:            77928698
 Actual  Memory  of  SO-ERI buffer:      75 M
 Optimized Memory of SO-ERI buffer:      75 M
 
 Calculating ERIs...
 
 ---------------------------------------------------------------
  Timing to calculate 2-electronic integrals                                      
 
  CPU TIME(S)      SYSTEM TIME(S)     WALL TIME(S)
         18.070            2.000              13.820
 ---------------------------------------------------------------
 
 Symadpt    time      6.760     0.180     5.230
 Indices    time      2.580     0.060     1.720
 Sort save  time      0.560     0.730     1.290
 ERI total  time      6.210     0.130     4.430
 Zeta & Rys time      0.000     0.000     0.000
 2D         time      0.000     0.000     0.000
 2D-6D      time      0.000     0.000     0.000
 6D cntr    time      0.000     0.000     0.000
 HRR        time      0.000     0.000     0.000
|******************************************************************************|
 
    Total cpu     time:         18.24  S
    Total system  time:          2.06  S
    Total wall    time:         13.90  S
 
    Current time   2022-04-23  20:07:08
    End running module xuanyuan
|******************************************************************************|
 
('tmpstdin ', True)
('npro is ', 1)
('\n BDF command: ', '/apps/users/lcz/bdf-pkg/bin/scf.x /scratch/ben-rhf_730/ben-rhfXX2.scf.inp')
  BDF process        0 of        1 on Serial  
 
|******************************************************************************|
 
    Start running module scf
    Current time   2022-04-23  20:07:08
 
|******************************************************************************|

|-------------------------------------------------------------------------------------------|

 Atom           Cartcoord(Bohr)                 Charge Basis Auxbas Uatom Nstab Alink  Mass
  C       -2.642573     0.000000     0.000000     6.00    1     0     1     4   E     11.9967
  C       -1.321260     2.288425     0.000000     6.00    1     0     1     2   E     11.9967
  C        1.321260     2.288425     0.000000     6.00    1     0     0     0   E     11.9967
  C        2.642573    -0.000000     0.000000     6.00    1     0     0     0   E     11.9967
  C        1.321260    -2.288425     0.000000     6.00    1     0     0     0   E     11.9967
  C       -1.321260    -2.288425     0.000000     6.00    1     0     0     0   E     11.9967
  H       -4.707329     0.000000     0.000000     1.00    2     0     1     4   E      1.0073
  H       -2.353615     4.076583     0.000000     1.00    2     0     1     2   E      1.0073
  H        2.353615     4.076583     0.000000     1.00    2     0     0     0   E      1.0073
  H        4.707329    -0.000000     0.000000     1.00    2     0     0     0   E      1.0073
  H        2.353615    -4.076583     0.000000     1.00    2     0     0     0   E      1.0073
  H       -2.353615    -4.076583     0.000000     1.00    2     0     0     0   E      1.0073
 
|--------------------------------------------------------------------------------------------|

  [ SCF control ] 
 $scf
 rhf
 charge
 molden
 $end
 
  --- PRINT: Information about SCF Calculation --- 
 ICTRL_FRAGSCF=  0
 IPRTMO=  1
 MAXITER=  100
 THRENE= 0.10E-07 THRDEN= 0.50E-05
 DAMP= 0.00 VSHIFT= 0.00
 IFDIIS= T
 THRDIIS= 0.10E+01
 MINDIIS=   2 MAXDIIS=   8
 iCHECK=  0
 iAUFBAU=  1
 INIGUESS=  0
 IfMPEC= F
 IfCOSX= F
 Occupation number:
  Without occupation number in input.

 Wave function information ...
 Total Nuclear charge    :      42
 Total electrons         :      42
 ECP-core electrons      :       0
 Spin multiplicity(2S+1) :       1
 Num. of alpha electrons :      21
 Num. of beta  electrons :      21
 

 Threshold in dft prescreening ...
 Thresh_shellvalue_dft :  0.10000E-09
 ThreshRho     :  0.10000E-11

  --- END:  Information about SCF Calculation  --- 
 
 The SMH converger is used...
 Finish scf input!

 DirectHF  F
  Reading 1-e integrals ...
  Start so_scf_init
  Finish so_scf_init
 
 Total number of electronic repulsion integrals      77928698
 Nuclear repulsion energy =   202.81509276
 
 iniguess                     0                     0
 
 [ATOM SCF control]
  heff=                      0
 After initial atom grid ...
 Finish atom    1  C             -37.3369351801
 After initial atom grid ...
 Finish atom    2  H              -0.4998098113
 
 Superposition of atomic densities as initial guess.
 skipaocheck T F
 Solve HC=EC in pflmo space.  F       21      243
 Initial guess energy =   -227.0204699482
 

 Start SCF iteration......


Iter.   idiis  vshift       SCF Energy            DeltaE          RMSDeltaD          MaxDeltaD      Damping    Times(S) 
   1      0    0.000    -233.8597131663      -6.8392432181       0.0060278454       0.4638570085    0.0000      0.39
   2      1    0.000    -230.5382660771       3.3214470892       0.0053590164       0.3910616842    0.0000      0.45
   3      2    0.000    -230.4774672574       0.0607988197       0.0018187898       0.1236314903    0.0000      0.40
   4      3    0.000    -230.7753863721      -0.2979191147       0.0004887032       0.0569265491    0.0000      0.45
   5      4    0.000    -230.7773252672      -0.0019388951       0.0000855726       0.0080414512    0.0000      0.40
   6      5    0.000    -230.7774823961      -0.0001571290       0.0000146253       0.0014906524    0.0000      0.44
   7      6    0.000    -230.7774833178      -0.0000009216       0.0000010906       0.0000800394    0.0000      0.47
   8      7    0.000    -230.7774833241      -0.0000000063       0.0000002600       0.0000268297    0.0000      0.42
 diis/vshift is closed at iter =   8
   9      0    0.000    -230.7774833242      -0.0000000001       0.0000000442       0.0000042005    0.0000      0.44

  Label              CPU Time        SYS Time        Wall Time
 SCF iteration time:        27.380 S        1.340 S        3.900 S

 Final DeltaE = -6.224354365258478E-011
 Final DeltaD =  4.415171384001064E-008  5.000000000000000E-005
 
 Final scf result
   E_tot =              -230.77748332
   E_ele =              -433.59257609
   E_nn  =               202.81509276
   E_1e  =              -712.18122195
   E_ne  =              -942.46291396
   E_kin =               230.28169201
   E_ee  =               278.58864586
   E_xc  =                 0.00000000
  Virial Theorem      2.002153
 

 [Final occupation pattern: ]
 
 Irreps:        Ag      B1g     B3g     B2g     Au      B1u     B3u     B2u 
 
 detailed occupation for iden/irep:      1   1
    1.00 1.00 1.00 1.00 1.00 1.00 0.00 0.00 0.00 0.00
    0.00 0.00 0.00 0.00 0.00 0.00 0.00 0.00 0.00 0.00
    0.00 0.00 0.00 0.00 0.00 0.00 0.00 0.00 0.00 0.00
    0.00 0.00 0.00 0.00 0.00 0.00 0.00 0.00 0.00 0.00
    0.00 0.00 0.00 0.00 0.00 0.00 0.00 0.00 0.00 0.00
 detailed occupation for iden/irep:      1   2
    1.00 1.00 1.00 0.00 0.00 0.00 0.00 0.00 0.00 0.00
    0.00 0.00 0.00 0.00 0.00 0.00 0.00 0.00 0.00 0.00
    0.00 0.00 0.00 0.00 0.00 0.00 0.00 0.00 0.00 0.00
    0.00 0.00 0.00 0.00 0.00 0.00 0.00 0.00 0.00 0.00
 detailed occupation for iden/irep:      1   3
    1.00 0.00 0.00 0.00 0.00 0.00 0.00 0.00 0.00 0.00
    0.00 0.00 0.00 0.00 0.00 0.00 0.00 0.00
 detailed occupation for iden/irep:      1   4
    1.00 0.00 0.00 0.00 0.00 0.00 0.00 0.00 0.00 0.00
    0.00 0.00 0.00 0.00 0.00 0.00 0.00 0.00 0.00 0.00
    0.00 0.00 0.00 0.00
 detailed occupation for iden/irep:      1   5
    0.00 0.00 0.00 0.00 0.00 0.00 0.00 0.00 0.00 0.00
    0.00 0.00 0.00 0.00 0.00 0.00 0.00 0.00
 detailed occupation for iden/irep:      1   6
    1.00 0.00 0.00 0.00 0.00 0.00 0.00 0.00 0.00 0.00
    0.00 0.00 0.00 0.00 0.00 0.00 0.00 0.00 0.00 0.00
    0.00 0.00 0.00 0.00
 detailed occupation for iden/irep:      1   7
    1.00 1.00 1.00 1.00 1.00 0.00 0.00 0.00 0.00 0.00
    0.00 0.00 0.00 0.00 0.00 0.00 0.00 0.00 0.00 0.00
    0.00 0.00 0.00 0.00 0.00 0.00 0.00 0.00 0.00 0.00
    0.00 0.00 0.00 0.00 0.00 0.00 0.00 0.00 0.00 0.00
    0.00 0.00 0.00 0.00 0.00 0.00 0.00 0.00 0.00 0.00
 detailed occupation for iden/irep:      1   8
    1.00 1.00 1.00 1.00 0.00 0.00 0.00 0.00 0.00 0.00
    0.00 0.00 0.00 0.00 0.00 0.00 0.00 0.00 0.00 0.00
    0.00 0.00 0.00 0.00 0.00 0.00 0.00 0.00 0.00 0.00
    0.00 0.00 0.00 0.00 0.00 0.00 0.00 0.00 0.00 0.00
 Alpha       6.00    3.00    1.00    1.00    0.00    1.00    5.00    4.00
 

 [Orbital energies:]

 Energy of occ-orbs:    Ag            6
             -11.23726883     -11.23549323      -1.14551538      -0.81984422      -0.70365162
              -0.49178128
 Energy of vir-orbs:    Ag           44
               0.14508521       0.20111312       0.35851619       0.41696516       0.50670667
               0.58687696       0.64105827       0.64245903       0.72461839       1.00252647
               1.02697222       1.22891268       1.31412830       1.50596407       1.61112652
               1.71849349       1.72325613       2.18135470       2.37975023       2.66298663
               2.73960212       2.90033124       3.08359050       3.15586095       3.29339028
               3.34166933       3.39874695       3.40817670       3.68889827       3.89991813
               4.03940783       4.11272786       4.44083713       4.47177643       4.52985271
               4.67064966       4.85954783       4.86445178       5.28884491       5.38837360
               6.02144629       6.25067237       9.30495841      13.43540508

 Energy of occ-orbs:    B1g           3
             -11.23549398      -0.81984327      -0.49176930
 Energy of vir-orbs:    B1g          37
               0.20111392       0.35851334       0.58686881       0.64096146       0.64105918
               0.72460681       0.94754594       1.02697881       1.22890407       1.48731814
               1.50595972       1.61112052       1.71848844       2.08245918       2.18137131
               2.73961943       2.90037451       3.15584107       3.29338370       3.39873275
               3.50312090       3.68891349       3.89989790       4.11271262       4.12140133
               4.41463077       4.44081608       4.52985508       4.67064158       4.86449676
               5.33557213       5.38842010       6.02132618       6.25069488       6.34632639
               7.28316953      13.43526059

 Energy of occ-orbs:    B3g           1
              -0.33482996
 Energy of vir-orbs:    B3g          17
               0.47481278       0.84222623       0.85778628       1.28942315       1.50641937
               2.44182290       2.60184449       3.00025544       3.06032688       3.23190970
               3.45912064       3.71386741       3.90371410       4.08228515       4.20052308
               4.65480968       5.08897347

 Energy of occ-orbs:    B2g           1
              -0.33483940
 Energy of vir-orbs:    B2g          23
               0.32856000       0.47480943       0.66675140       0.85777281       1.20815187
               1.28940699       1.50642356       1.76343571       2.44182517       2.83847635
               3.00025895       3.06031057       3.23189819       3.62071700       3.71387256
               3.91190609       4.08227635       4.20051368       4.49326957       4.65481112
               5.04797067       5.08895390       5.77530190
 Energy of vir-orbs:    Au           18
               0.12727901       0.57319319       0.95473730       1.21587111       1.58601442
               1.80763184       2.53487753       2.94769271       3.37183082       3.44722297
               3.60933586       3.65438018       4.05435350       4.16099841       4.41171563
               4.65743257       5.15059014       5.34339402

 Energy of occ-orbs:    B1u           1
              -0.49937806
 Energy of vir-orbs:    B1u          23
               0.12727849       0.43213363       0.57319129       0.62389154       0.95472852
               1.11912024       1.21588437       1.58599336       2.33224506       2.53488010
               2.79161028       2.94770530       2.99061542       3.22633617       3.37180599
               3.44720709       3.60935312       4.11333674       4.16100449       4.41176467
               4.65739881       4.97133235       5.34340955

 Energy of occ-orbs:    B3u           5
             -11.23670723     -11.23489953      -1.01061789      -0.63950465      -0.58373914
 Energy of vir-orbs:    B3u          45
               0.16974584       0.22109762       0.41669063       0.52446757       0.54863716
               0.59203157       0.70158850       0.74910222       0.90136691       0.99481922
               1.12794401       1.30833962       1.37637171       1.50165521       1.60971932
               1.63170635       1.89049259       2.22197294       2.28885451       2.46593612
               2.77428672       3.02798978       3.09853979       3.31734509       3.38130562
               3.44602851       3.65175671       3.70221012       3.76113879       4.10218974
               4.16402728       4.31529375       4.34816898       4.54963169       4.65760542
               5.03734050       5.08226776       5.34730955       5.50408373       5.72167740
               6.06081897       6.47397625       6.82878971      12.86917353      16.04797226

 Energy of occ-orbs:    B2u           4
             -11.23670786      -1.01060473      -0.61576689      -0.58371927
 Energy of vir-orbs:    B2u          36
               0.16974753       0.39403602       0.41669410       0.52446437       0.59203228
               0.74909654       0.90137379       1.08499009       1.30833805       1.37637798
               1.47354008       1.50168239       1.63167282       2.28884646       2.46389532
               2.46596922       2.77430304       2.92976021       3.02800346       3.31732916
               3.37413393       3.38130659       3.65178274       3.70219965       4.10218100
               4.11668857       4.31531175       4.48702135       4.65758248       5.03736005
               5.08227164       5.22814016       5.50412540       5.72163967       6.47393526
              12.86921952
 
 Alpha   HOMO energy:      -0.33482996 au      -9.11119053 eV  Irrep: B3g     
 Alpha   LUMO energy:       0.12727849 au       3.46342549 eV  Irrep: B1u     
 HOMO-LUMO gap:       0.46210845 au      12.57461603 eV
 
 Frontier orbitals of each irrep:
 
  Symmetry   1 Ag      
 
         Orbital                 1              2              3              4              5              6
         Energy            -11.23727      -11.23549       -1.14552       -0.81984       -0.70365       -0.49178
         Occ No.             2.00000        2.00000        2.00000        2.00000        2.00000        2.00000
      1 1C|1S0              -0.56447       -0.79919        0.01570       -0.00765       -0.00127       -0.00116
      2 1C|2S0              -0.00085       -0.00124       -0.29023        0.33837        0.02528       -0.01809
      3 1C|3S0              -0.02412       -0.03368       -0.05790        0.06571        0.00696       -0.00213
      4 1C|4S0              -0.00198       -0.00438       -0.07976        0.22296        0.03489       -0.00641
      5 1C|2P1              -0.00010        0.00031       -0.04738       -0.04655       -0.14823       -0.17168
      6 1C|3P1               0.00033       -0.00210       -0.04401       -0.05676       -0.18845       -0.21921
      7 1C|4P1               0.00040       -0.00145       -0.00095       -0.00714       -0.05485       -0.13470
      8 1C|3D0               0.00024        0.00075        0.01070       -0.00988       -0.00003        0.00119
      9 1C|4D0               0.00011       -0.00028        0.00941       -0.01969       -0.00040        0.00073
     10 1C|3D2              -0.00002        0.00000        0.00203        0.00040        0.00159        0.02404
     11 1C|4D2              -0.00025        0.00211       -0.00219        0.00234       -0.00079        0.04013
     12 1C|4F1              -0.00012        0.00006        0.00126       -0.00037        0.00429        0.00352
     13 1C|4F3               0.00011        0.00090        0.00678       -0.00969        0.00057        0.00423
     14 2C|1S0              -0.79873        0.56480        0.02221        0.00541       -0.00180        0.00082
     15 2C|2S0              -0.00121        0.00087       -0.41045       -0.23926        0.03576        0.01279
     16 2C|3S0              -0.03413        0.02380       -0.08188       -0.04647        0.00985        0.00150
     17 2C|4S0              -0.00280        0.00310       -0.11279       -0.15765        0.04934        0.00454
     18 2C|2P-1              0.00012        0.00042        0.05802       -0.12588        0.18155        0.01681
     19 2C|3P-1             -0.00040       -0.00201        0.05391       -0.14360        0.23081        0.00956
     20 2C|4P-1             -0.00049       -0.00133        0.00115       -0.02195        0.06718       -0.01837
     21 2C|2P1              -0.00007        0.00029       -0.03349       -0.15221       -0.10480        0.27191
     22 2C|3P1               0.00023       -0.00050       -0.03112       -0.16847       -0.13324        0.32659
     23 2C|4P1               0.00028       -0.00025       -0.00067       -0.02791       -0.03878        0.15868
     24 2C|3D-2              0.00003        0.00010       -0.00249        0.00752       -0.00194        0.00358
     25 2C|4D-2              0.00031        0.00175        0.00268        0.00949        0.00097        0.01143
     26 2C|3D0               0.00034       -0.00053        0.01513        0.00698       -0.00005       -0.00084
     27 2C|4D0               0.00016        0.00020        0.01330        0.01392       -0.00057       -0.00052
     28 2C|3D2               0.00002       -0.00018       -0.00144       -0.01247       -0.00112        0.02780
     29 2C|4D2               0.00018       -0.00005        0.00154       -0.01312        0.00056        0.03696
     30 2C|4F-3             -0.00000       -0.00013        0.00000       -0.00404        0.00000       -0.00045
     31 2C|4F-1              0.00015        0.00014       -0.00154        0.00166       -0.00525       -0.00053
     32 2C|4F1              -0.00009        0.00016        0.00089        0.00340        0.00303       -0.00589
     33 2C|4F3              -0.00015        0.00063       -0.00959       -0.00685       -0.00081        0.00299
     34 7H|1S0              -0.00011       -0.00009       -0.02933        0.09444        0.09412        0.13741
     35 7H|2S0               0.00065       -0.00289       -0.01535        0.11216        0.13294        0.20607
     36 7H|3S0               0.00067       -0.00018        0.00163        0.02208        0.03705        0.10493
     37 7H|2P1               0.00018        0.00028       -0.00227        0.00859        0.00894        0.01071
     38 7H|3P1               0.00033       -0.00104        0.00511        0.00433        0.00571        0.00509
     39 7H|3D0              -0.00008       -0.00008        0.00002       -0.00113       -0.00089       -0.00055
     40 7H|3D2               0.00015        0.00021        0.00093        0.00113        0.00182        0.00251
     41 8H|1S0              -0.00015        0.00006       -0.04147       -0.06677        0.13310       -0.09716
     42 8H|2S0               0.00092        0.00204       -0.02172       -0.07930        0.18801       -0.14572
     43 8H|3S0               0.00095        0.00013        0.00231       -0.01561        0.05239       -0.07420
     44 8H|2P-1             -0.00022        0.00015        0.00278        0.00336       -0.01095        0.00854
     45 8H|3P-1             -0.00040       -0.00079       -0.00626       -0.00208       -0.00699        0.00853
     46 8H|2P1               0.00013       -0.00013       -0.00160       -0.00632        0.00632       -0.00036
     47 8H|3P1               0.00023        0.00010        0.00361       -0.00973        0.00404        0.00759
     48 8H|3D-2             -0.00019        0.00020       -0.00114        0.00231       -0.00223        0.00033
     49 8H|3D0              -0.00011        0.00005        0.00003        0.00080       -0.00127        0.00039
     50 8H|3D2              -0.00011       -0.00004       -0.00066       -0.00239       -0.00129        0.00298
 
         Orbital                 7              8              9             10             11             12
         Energy              0.14509        0.20111        0.35852        0.41697        0.50671        0.58688
         Occ No.             0.00000        0.00000        0.00000        0.00000        0.00000        0.00000
      1 1C|1S0               0.00134       -0.02021       -0.00406       -0.05247       -0.06400        0.04310
      2 1C|2S0              -0.09081       -0.18450       -0.16552       -0.13479       -0.30767       -0.14659
      3 1C|3S0              -0.02242       -0.02926        0.03074       -0.02112       -0.06783        0.04367
      4 1C|4S0              -1.13043       -2.13182       -8.66305        0.44625        1.26532       -3.96330
      5 1C|2P1               0.06234        0.06861       -0.06430       -0.03868        0.00882       -0.06276
      6 1C|3P1               0.17424        0.21574       -0.43831       -0.35756       -0.47324        0.71919
      7 1C|4P1               0.51229        2.40017       -4.83214        0.00764       -0.19672       -0.59558
      8 1C|3D0               0.00148       -0.00135       -0.00775        0.00021       -0.01009       -0.03080
      9 1C|4D0               0.03623        0.09401        0.27082        0.11322       -0.03381        0.21688
     10 1C|3D2               0.00770       -0.01815        0.00476        0.00395        0.06268        0.00029
     11 1C|4D2              -0.04364       -0.05279        0.20354       -0.01514        0.24746       -0.95266
     12 1C|4F1              -0.00739       -0.01127        0.02240        0.01308        0.02187       -0.02813
     13 1C|4F3               0.00857        0.00599        0.03824       -0.02727       -0.03360        0.04723
     14 2C|1S0               0.00190        0.01429        0.00288       -0.07419       -0.09051       -0.03048
     15 2C|2S0              -0.12840        0.13046        0.11704       -0.19061       -0.43507        0.10369
     16 2C|3S0              -0.03170        0.02069       -0.02174       -0.02984       -0.09590       -0.03085
     17 2C|4S0              -1.59884        1.50745        6.12591        0.63018        1.78719        2.80180
     18 2C|2P-1             -0.07635        0.02147       -0.02177        0.04738       -0.01083       -0.14545
     19 2C|3P-1             -0.21336        0.11449       -0.44506        0.43768        0.57946        0.28271
     20 2C|4P-1             -0.62709        1.12081       -4.56142       -0.00921        0.24187       -0.25159
     21 2C|2P1               0.04407       -0.05985        0.05323       -0.02734        0.00622       -0.16325
     22 2C|3P1               0.12321       -0.10686       -0.15097       -0.25274       -0.33465       -0.52708
     23 2C|4P1               0.36203       -1.45303       -1.06762        0.00520       -0.13925        0.40704
     24 2C|3D-2             -0.00944       -0.01236       -0.01937       -0.00486       -0.07679        0.00884
     25 2C|4D-2              0.05339       -0.05361        0.24100        0.01898       -0.30282       -0.66856
     26 2C|3D0               0.00209        0.00096        0.00547        0.00029       -0.01427        0.02178
     27 2C|4D0               0.05124       -0.06649       -0.19149        0.16025       -0.04765       -0.15325
     28 2C|3D2              -0.00545       -0.00427        0.04027       -0.00280       -0.04434       -0.01489
     29 2C|4D2               0.03083        0.01818       -0.12951        0.01099       -0.17476       -0.18898
     30 2C|4F-3              0.00000       -0.00287        0.00167       -0.00001       -0.00001        0.02611
     31 2C|4F-1              0.00904       -0.00301        0.02533       -0.01602       -0.02679       -0.01866
     32 2C|4F1              -0.00522        0.01072        0.01219        0.00925        0.01546        0.00744
     33 2C|4F3              -0.01212        0.00424        0.02703        0.03856        0.04751        0.03339
     34 7H|1S0               0.01709       -0.02493        0.00246       -0.05934        0.08423        0.06169
     35 7H|2S0               0.16126        0.40413       -0.18102       -0.76625       -0.34693        2.43163
     36 7H|3S0               1.35891        3.17388       -2.61036        0.19660       -0.88288       -0.21253
     37 7H|2P1              -0.01363       -0.02451        0.00624       -0.02058        0.00145        0.04243
     38 7H|3P1               0.13924        0.25459       -0.08143       -0.09339       -0.50449        0.56794
     39 7H|3D0              -0.00505       -0.00750        0.00100        0.01369        0.02450       -0.02397
     40 7H|3D2               0.00721        0.01139       -0.01041       -0.02365       -0.03852        0.04328
     41 8H|1S0               0.02418        0.01763       -0.00172       -0.08391        0.11913       -0.04364
     42 8H|2S0               0.22797       -0.28580        0.12807       -1.08294       -0.49020       -1.71904
     43 8H|3S0               1.92150       -2.24429        1.84556        0.27815       -1.24895        0.15072
     44 8H|2P-1              0.01669       -0.01813       -0.00785        0.02520       -0.00178        0.03383
     45 8H|3P-1             -0.17051        0.16505       -0.04249        0.11416        0.61774        0.28415
     46 8H|2P1              -0.00964        0.00326       -0.02242       -0.01455        0.00103       -0.00140
     47 8H|3P1               0.09843       -0.07419        0.04157       -0.06589       -0.35663       -0.31054
     48 8H|3D-2             -0.00883        0.00610       -0.00588        0.02895        0.04718        0.02634
     49 8H|3D0              -0.00714        0.00530       -0.00071        0.01936        0.03466        0.01694
     50 8H|3D2              -0.00510        0.00554       -0.00453        0.01672        0.02724        0.01557
 
 
  Symmetry   2 B1g     
 
         Orbital                51             52             53             54             55             56
         Energy            -11.23549       -0.81984       -0.49177        0.20111        0.35851        0.58687
         Occ No.             2.00000        2.00000        2.00000        0.00000        0.00000        0.00000
      1 1C|2P-1             -0.00038       -0.15902       -0.19913        0.03356        0.02875        0.17483
      2 1C|3P-1              0.00118       -0.17774       -0.23484        0.02883       -0.28849        0.25722
      3 1C|4P-1              0.00072       -0.02870       -0.10471        0.57009       -2.61721       -0.18599
      4 1C|3D-2              0.00017       -0.01189       -0.01820       -0.00203        0.03638        0.01414
      5 1C|4D-2              0.00075       -0.01315       -0.02147       -0.03473       -0.19001       -0.13948
      6 1C|4F-3             -0.00011        0.00329       -0.00036       -0.00234       -0.00136        0.02131
      7 1C|4F-1             -0.00017        0.00308        0.00438       -0.00635        0.01896        0.00236
      8 2C|1S0              -0.97862        0.00937       -0.00142       -0.02476        0.00497        0.05280
      9 2C|2S0              -0.00152       -0.41441       -0.02215       -0.22597        0.20273       -0.17956
     10 2C|3S0              -0.04124       -0.08048       -0.00260       -0.03584       -0.03765        0.05346
     11 2C|4S0              -0.00537       -0.27306       -0.00785       -2.61106       10.60935       -4.85188
     12 2C|2P-1             -0.00020        0.00684        0.25250       -0.08463       -0.07837        0.00477
     13 2C|3P-1              0.00182        0.00264        0.31554       -0.23901       -0.36296       -0.85371
     14 2C|4P-1              0.00129        0.00257        0.17989       -2.74720       -4.20014        0.69643
     15 2C|2P1               0.00042        0.12589        0.01682        0.02146        0.02177       -0.14550
     16 2C|3P1              -0.00201        0.14361        0.00957        0.11446        0.44498        0.28274
     17 2C|4P1              -0.00133        0.02195       -0.01837        1.12089        4.56090       -0.25150
     18 2C|3D-2              0.00006       -0.00378       -0.03193        0.01854        0.01791        0.00470
     19 2C|4D-2             -0.00198       -0.00217       -0.05015        0.04371        0.14879        0.96104
     20 2C|3D0               0.00092        0.01210        0.00146       -0.00166        0.00949       -0.03772
     21 2C|4D0              -0.00034        0.02412        0.00090        0.11515       -0.33166        0.26549
     22 2C|3D2              -0.00010        0.00752       -0.00358        0.01236       -0.01937       -0.00884
     23 2C|4D2              -0.00175        0.00949       -0.01143        0.05361        0.24097        0.66867
     24 2C|4F-3             -0.00008        0.00233       -0.00026       -0.00166       -0.00097        0.01507
     25 2C|4F-1             -0.00000       -0.00148       -0.00528        0.01420        0.01705        0.02900
     26 2C|4F1               0.00014       -0.00166       -0.00053       -0.00301       -0.02533       -0.01866
     27 2C|4F3              -0.00110       -0.01187       -0.00517       -0.00734        0.04683       -0.05783
     28 7H|2P-1              0.00003       -0.00310       -0.00323        0.00510       -0.01906       -0.01282
     29 7H|3P-1              0.00025       -0.00773       -0.00885       -0.01492        0.01204        0.10356
     30 7H|3D-2              0.00011       -0.00263       -0.00197       -0.00143       -0.00080       -0.00026
     31 8H|1S0              -0.00011       -0.11566        0.16829       -0.03053       -0.00301        0.07555
     32 8H|2S0              -0.00354       -0.13736        0.25239        0.49497        0.22177        2.97772
     33 8H|3S0              -0.00023       -0.02704        0.12853        3.88717        3.19701       -0.26023
     34 8H|2P-1             -0.00030        0.01021       -0.01022        0.02420        0.01336       -0.04047
     35 8H|3P-1              0.00102        0.00732       -0.00227       -0.26476       -0.09065       -0.63888
     36 8H|2P1               0.00015       -0.00336        0.00854       -0.01813        0.00785        0.03383
     37 8H|3P1              -0.00079        0.00208        0.00853        0.16503        0.04250        0.28427
     38 8H|3D-2             -0.00018        0.00027       -0.00336       -0.01259       -0.01132       -0.04599
     39 8H|3D0              -0.00009        0.00138       -0.00067       -0.00918       -0.00123       -0.02935
     40 8H|3D2              -0.00020        0.00231       -0.00033       -0.00610       -0.00588       -0.02635
 
         Orbital                57             58             59
         Energy              0.64096        0.64106        0.72461
         Occ No.             0.00000        0.00000        0.00000
      1 1C|2P-1              0.05796        0.03388       -0.10616
      2 1C|3P-1              0.52093        0.15046        0.51805
      3 1C|4P-1             16.77141       -0.65233        3.20145
      4 1C|3D-2             -0.01502       -0.01746        0.05631
      5 1C|4D-2              0.46181        0.09194        0.56941
      6 1C|4F-3              0.03497       -0.00833        0.03952
      7 1C|4F-1             -0.02205        0.01937       -0.03930
      8 2C|1S0              -0.00003        0.00049        0.05938
      9 2C|2S0               0.01453       -0.24478        0.40698
     10 2C|3S0               0.01210       -0.20406        0.37405
     11 2C|4S0              -0.49639        8.38865      -19.97697
     12 2C|2P-1              0.05514       -0.21487       -0.20011
     13 2C|3P-1              0.33391        0.68612       -0.67049
     14 2C|4P-1             11.45186        6.39872        4.63178
     15 2C|2P1               0.06721        0.10507        0.20217
     16 2C|3P1               0.67522       -0.44217       -0.03584
     17 2C|4P1              20.53868       -0.73760       -5.28908
     18 2C|3D-2              0.01304       -0.02845       -0.01682
     19 2C|4D-2             -0.26997       -1.01856        0.56451
     20 2C|3D0               0.00005       -0.00078       -0.00126
     21 2C|4D0               0.04885       -0.82353        1.24371
     22 2C|3D2              -0.01941       -0.00450       -0.05568
     23 2C|4D2               0.60762       -0.59545       -0.13891
     24 2C|4F-3             -0.04815       -0.01021        0.02795
     25 2C|4F-1             -0.01073       -0.06824        0.00091
     26 2C|4F1              -0.02682        0.02056        0.03156
     27 2C|4F3              -0.00574        0.09668       -0.16494
     28 7H|2P-1              0.02935        0.00437        0.00242
     29 7H|3P-1             -0.09769        0.03123       -0.11087
     30 7H|3D-2             -0.00050        0.00727       -0.01134
     31 8H|1S0              -0.00708        0.11941        0.03426
     32 8H|2S0               0.23298       -3.92480        2.72943
     33 8H|3S0               0.26986       -4.54494       -2.16133
     34 8H|2P-1              0.01945        0.02500       -0.04050
     35 8H|3P-1             -0.15585        1.48451       -0.55582
     36 8H|2P1               0.03708       -0.01371        0.02141
     37 8H|3P1              -0.06419       -0.89640        0.41140
     38 8H|3D-2             -0.00464        0.07901       -0.03767
     39 8H|3D0              -0.00314        0.05298       -0.02925
     40 8H|3D2              -0.00243        0.03968       -0.01250
 
 
  Symmetry   3 B3g     
 
         Orbital                91             92             93             94             95             96
         Energy             -0.33483        0.47481        0.84223        0.85779        1.28942        1.50642
         Occ No.             2.00000        0.00000        0.00000        0.00000        0.00000        0.00000
      1 1C|3D-1              0.01758        0.00878        0.01026        0.02030        0.02681       -0.04303
      2 1C|4D-1              0.03781       -0.22299        0.44552       -0.24869       -0.91705        1.75227
      3 1C|4F-2              0.00629       -0.01329       -0.01692       -0.02242       -0.04204        0.04662
      4 2C|2P0               0.29409       -0.18318        0.00002       -0.05080        0.00607       -0.26291
      5 2C|3P0               0.40812       -0.72963        0.00001       -0.05494       -0.02555       -1.09453
      6 2C|4P0               0.33941        1.22299       -0.00023        0.70634        0.08278       -0.56967
      7 2C|3D-1             -0.00144        0.01040       -0.00726       -0.00741        0.00358       -0.04487
      8 2C|4D-1             -0.00269        0.01144       -0.31477       -0.49254       -1.41315        0.30192
      9 2C|3D1               0.01518        0.00116       -0.01259        0.02085        0.01982       -0.00922
     10 2C|4D1               0.03243       -0.18868       -0.54553        0.08094        0.06705        1.25641
     11 2C|4F-2              0.00150        0.01656       -0.01197        0.00215        0.08038       -0.03221
     12 2C|4F0              -0.00843       -0.01832        0.00001       -0.01750        0.01463        0.07433
     13 2C|4F2               0.00600       -0.00129        0.02073       -0.01705        0.01209        0.01947
     14 7H|3D-1              0.00057        0.00703        0.00925        0.00271       -0.01033        0.02300
     15 8H|2P0               0.00722        0.00144       -0.00002        0.06427       -0.07651       -0.06952
     16 8H|3P0               0.02244        0.01869        0.00025       -0.80137        1.32595        0.77408
     17 8H|3D-1             -0.00270        0.00302       -0.00654        0.00453       -0.05007       -0.00114
     18 8H|3D1               0.00202        0.00399       -0.01133       -0.00041        0.02047        0.01944
 
         Orbital                97
         Energy              2.44182
         Occ No.             0.00000
      1 1C|3D-1              0.06900
      2 1C|4D-1              0.31575
      3 1C|4F-2             -0.02546
      4 2C|2P0               1.18794
      5 2C|3P0              -1.58360
      6 2C|4P0               0.46413
      7 2C|3D-1             -0.07673
      8 2C|4D-1             -0.01513
      9 2C|3D1               0.10065
     10 2C|4D1               0.26654
     11 2C|4F-2              0.11685
     12 2C|4F0              -0.21559
     13 2C|4F2               0.04668
     14 7H|3D-1              0.07311
     15 8H|2P0              -0.06755
     16 8H|3P0               0.25555
     17 8H|3D-1              0.03693
     18 8H|3D1               0.03837
 
 
  Symmetry   4 B2g     
 
         Orbital               109            110            111            112            113            114
         Energy             -0.33484        0.32856        0.47481        0.66675        0.85777        1.20815
         Occ No.             2.00000        0.00000        0.00000        0.00000        0.00000        0.00000
      1 1C|2P0              -0.24012        0.17290        0.14957        0.18649       -0.04149        0.07368
      2 1C|3P0              -0.33323        0.20269        0.59574        0.52729       -0.04487        0.14883
      3 1C|4P0              -0.27712        1.44797       -0.99855       -2.51539        0.57669        2.29946
      4 1C|3D1              -0.00721       -0.01914        0.00688        0.01948        0.01375        0.00362
      5 1C|4D1              -0.01514        0.04299        0.08511       -0.33291        0.38134        0.06674
      6 1C|4F0               0.00689       -0.00163        0.01496        0.02037       -0.01429       -0.02165
      7 1C|4F2               0.00351        0.00223        0.01118        0.01107        0.00544        0.02591
      8 2C|2P0              -0.16979       -0.24453        0.10575       -0.26374       -0.02934       -0.10420
      9 2C|3P0              -0.23563       -0.28667        0.42123       -0.74574       -0.03175       -0.21047
     10 2C|4P0              -0.19595       -2.04768       -0.70607        3.55733        0.40778       -3.25193
     11 2C|3D-1              0.01518       -0.02344        0.00116        0.02385       -0.02085        0.00443
     12 2C|4D-1              0.03243        0.05266       -0.18869       -0.40769       -0.08114        0.08180
     13 2C|3D1               0.01609        0.01353        0.01174       -0.01377       -0.01666       -0.00256
     14 2C|4D1               0.03476       -0.03039       -0.20642        0.23534        0.39874       -0.04734
     15 2C|4F-2             -0.00600        0.00273        0.00129        0.01356       -0.01706        0.03173
     16 2C|4F0               0.00487        0.00231        0.01057       -0.02880       -0.01010        0.03061
     17 2C|4F2               0.00543        0.00158       -0.01805        0.00783        0.02185        0.01832
     18 7H|2P0              -0.00589        0.00883       -0.00118       -0.00190        0.05247        0.05431
     19 7H|3P0              -0.01832        0.05149       -0.01525       -0.05896       -0.65427       -0.90305
     20 7H|3D1              -0.00274        0.00673        0.00051       -0.01353       -0.00337       -0.01557
     21 8H|2P0              -0.00417       -0.01249       -0.00083        0.00268        0.03711       -0.07680
     22 8H|3P0              -0.01296       -0.07280       -0.01079        0.08336       -0.46267        1.27688
     23 8H|3D-1              0.00202        0.00825        0.00399       -0.01657        0.00041       -0.01907
     24 8H|3D1              -0.00037       -0.00476        0.00764        0.00957       -0.00406        0.01101
 
         Orbital               115
         Energy              1.28941
         Occ No.             0.00000
      1 1C|2P0              -0.00495
      2 1C|3P0               0.02090
      3 1C|4P0              -0.06774
      4 1C|3D1              -0.00556
      5 1C|4D1              -1.02665
      6 1C|4F0              -0.01194
      7 1C|4F2               0.06177
      8 2C|2P0              -0.00347
      9 2C|3P0               0.01486
     10 2C|4P0              -0.04749
     11 2C|3D-1              0.01982
     12 2C|4D-1              0.06718
     13 2C|3D1               0.02647
     14 2C|4D1              -1.33555
     15 2C|4F-2             -0.01209
     16 2C|4F0              -0.00845
     17 2C|4F2              -0.06642
     18 7H|2P0               0.06247
     19 7H|3P0              -1.08260
     20 7H|3D1              -0.04376
     21 8H|2P0               0.04418
     22 8H|3P0              -0.76570
     23 8H|3D-1              0.02048
     24 8H|3D1              -0.02643
 
 
  Symmetry   5 Au      
 
         Orbital               133            134            135            136            137            138
         Energy              0.12728        0.57319        0.95474        1.21587        1.58601        1.80763
         Occ No.             0.00000        0.00000        0.00000        0.00000        0.00000        0.00000
      1 1C|3D-1              0.02754        0.00443       -0.01214       -0.01873       -0.06084       -0.05302
      2 1C|4D-1              0.04109       -0.24188       -0.40514        0.93914        0.17479        2.42665
      3 1C|4F-2              0.00435       -0.01912        0.00030       -0.00389        0.00924        0.08449
      4 2C|2P0               0.29494       -0.25198        0.04925       -0.19844       -0.05706        0.00003
      5 2C|3P0               0.36800       -0.82204        0.23312       -0.82906       -0.03910       -0.00001
      6 2C|4P0               1.05645        2.56047       -0.86248       -1.85385       -0.28990        0.00004
      7 2C|3D-1             -0.00025        0.01521        0.02283       -0.01091        0.02107       -0.03748
      8 2C|4D-1             -0.01372       -0.09596        0.16062        0.18833        1.98220        1.71579
      9 2C|3D1              -0.02235       -0.01240       -0.00327        0.02159        0.03751       -0.06493
     10 2C|4D1              -0.02563        0.25291        0.23802       -0.87543       -1.28696        2.97219
     11 2C|4F-2              0.00442        0.01538        0.03640       -0.01923       -0.10709       -0.05974
     12 2C|4F0              -0.00466       -0.02954        0.00896        0.05793       -0.00415        0.00000
     13 2C|4F2              -0.00100        0.02450        0.02077       -0.00792       -0.06938        0.10347
     14 7H|3D-1              0.00190        0.00515       -0.00933        0.01653        0.01331        0.04696
     15 8H|2P0               0.01151        0.00492       -0.06375       -0.05456        0.09760       -0.00000
     16 8H|3P0               0.03973        0.04069        0.99421        0.69064       -1.58152        0.00006
     17 8H|3D-1             -0.00605       -0.01239       -0.01786       -0.00005        0.05574        0.03319
     18 8H|3D1               0.00194        0.00295        0.01793       -0.01347       -0.04305        0.05750
 
 
  Symmetry   6 B1u     
 
         Orbital               151            152            153            154            155            156
         Energy             -0.49938        0.12728        0.43213        0.57319        0.62389        0.95473
         Occ No.             2.00000        0.00000        0.00000        0.00000        0.00000        0.00000
      1 1C|2P0               0.15901       -0.24081        0.10261        0.20574       -0.04577       -0.04021
      2 1C|3P0               0.22597       -0.30047        0.42860        0.67116       -0.19717       -0.19034
      3 1C|4P0               0.12183       -0.86259       -0.45812       -2.09059        0.11644        0.70424
      4 1C|3D1               0.00951        0.00895       -0.00232        0.01582       -0.00235        0.01748
      5 1C|4D1               0.01642        0.00076        0.12610       -0.17112        0.32743        0.01640
      6 1C|4F0              -0.00685        0.00381        0.00360        0.02412        0.00344       -0.00732
      7 1C|4F2              -0.00179        0.00272       -0.00222        0.02088        0.00855        0.03421
      8 2C|2P0               0.22487        0.17028        0.14510       -0.14549       -0.06471        0.02843
      9 2C|3P0               0.31957        0.21247        0.60610       -0.47462       -0.27871        0.13460
     10 2C|4P0               0.17229        0.60994       -0.64775        1.47830        0.16437       -0.49795
     11 2C|3D-1             -0.01164        0.02234        0.00285        0.01240        0.00287        0.00327
     12 2C|4D-1             -0.02011        0.02562       -0.15448       -0.25293       -0.40105       -0.23801
     13 2C|3D1               0.00672        0.02605       -0.00165       -0.00089       -0.00166       -0.01905
     14 2C|4D1               0.01161        0.04331        0.08917       -0.19608        0.23155       -0.43550
     15 2C|4F-2              0.00219       -0.00100        0.00272        0.02450       -0.01048        0.02077
     16 2C|4F0              -0.00969       -0.00269        0.00509       -0.01706        0.00486        0.00517
     17 2C|4F2               0.00127        0.00557        0.00157       -0.01290       -0.00605        0.01241
     18 7H|2P0               0.00291       -0.00940       -0.00296       -0.00402        0.01999        0.05205
     19 7H|3P0               0.01016       -0.03245        0.03039       -0.03325       -0.18289       -0.81180
     20 7H|3D1               0.00098       -0.00507        0.00494       -0.00996        0.01130       -0.01995
     21 8H|2P0               0.00411        0.00665       -0.00419        0.00284        0.02827       -0.03680
     22 8H|3P0               0.01437        0.02294        0.04298        0.02347       -0.25867        0.57396
     23 8H|3D-1             -0.00120       -0.00194       -0.00605       -0.00295       -0.01384       -0.01793
     24 8H|3D1               0.00069        0.00381        0.00349        0.00898        0.00799       -0.00285
 
         Orbital               157
         Energy              1.11912
         Occ No.             0.00000
      1 1C|2P0               0.04847
      2 1C|3P0               0.29298
      3 1C|4P0               0.15984
      4 1C|3D1               0.01241
      5 1C|4D1              -0.46650
      6 1C|4F0              -0.01646
      7 1C|4F2               0.01809
      8 2C|2P0               0.06853
      9 2C|3P0               0.41424
     10 2C|4P0               0.22591
     11 2C|3D-1             -0.01521
     12 2C|4D-1              0.57156
     13 2C|3D1               0.00878
     14 2C|4D1              -0.32988
     15 2C|4F-2             -0.02217
     16 2C|4F0              -0.02327
     17 2C|4F2              -0.01279
     18 7H|2P0               0.06242
     19 7H|3P0              -0.90099
     20 7H|3D1              -0.03238
     21 8H|2P0               0.08828
     22 8H|3P0              -1.27427
     23 8H|3D-1              0.03967
     24 8H|3D1              -0.02290
 
 
  Symmetry   7 B3u     
 
         Orbital               175            176            177            178            179            180
         Energy            -11.23671      -11.23490       -1.01062       -0.63950       -0.58374        0.16975
         Occ No.             2.00000        2.00000        2.00000        2.00000        2.00000        0.00000
      1 1C|1S0               0.79871        0.56568        0.01563        0.00195        0.00031       -0.00614
      2 1C|2S0               0.00152        0.00155       -0.41751       -0.19610       -0.07030       -0.09364
      3 1C|3S0               0.03414        0.02371       -0.08291       -0.04042       -0.01330       -0.01385
      4 1C|4S0               0.00252        0.01856       -0.15338       -0.16244        0.00830       -2.66740
      5 1C|2P1              -0.00014       -0.00021       -0.02330        0.09906       -0.22554        0.10434
      6 1C|3P1               0.00261        0.00137       -0.01746        0.12398       -0.27970        0.36429
      7 1C|4P1               0.00111        0.00731       -0.00521        0.05145       -0.12281        1.51494
      8 1C|3D0              -0.00052       -0.00061        0.01376        0.00413        0.00202        0.00272
      9 1C|4D0               0.00036       -0.00040        0.01558        0.00908       -0.00088        0.07768
     10 1C|3D2              -0.00004       -0.00000        0.00543       -0.01334        0.01308       -0.00428
     11 1C|4D2              -0.00046       -0.00490       -0.00104       -0.01057        0.01904       -0.13626
     12 1C|4F1               0.00002       -0.00009        0.00039       -0.00153        0.00406       -0.01663
     13 1C|4F3              -0.00022       -0.00104        0.01104        0.00345        0.00496        0.01241
     14 2C|1S0               0.56511       -0.79952        0.01106       -0.00276        0.00022       -0.00434
     15 2C|2S0               0.00107       -0.00220       -0.29522        0.27734       -0.04967       -0.06619
     16 2C|3S0               0.02415       -0.03350       -0.05862        0.05716       -0.00940       -0.00977
     17 2C|4S0               0.00179       -0.02625       -0.10846        0.22972        0.00591       -1.88873
     18 2C|2P-1             -0.00020       -0.00026        0.06819        0.12128        0.17876       -0.06608
     19 2C|3P-1             -0.00055        0.00167        0.06457        0.15178        0.21514       -0.18841
     20 2C|4P-1             -0.00007        0.00895        0.00956        0.06299        0.10512       -1.41447
     21 2C|2P1              -0.00054        0.00015        0.08516       -0.07003       -0.00938        0.03312
     22 2C|3P1               0.00275       -0.00096        0.08715       -0.08764       -0.02299        0.18872
     23 2C|4P1               0.00145       -0.00517        0.00918       -0.03637        0.00837       -0.31061
     24 2C|3D-2             -0.00004       -0.00000       -0.00925       -0.01633       -0.01660        0.00635
     25 2C|4D-2             -0.00106       -0.00600        0.00002       -0.01295       -0.02331        0.03978
     26 2C|3D0              -0.00037        0.00086        0.00973       -0.00584        0.00143        0.00192
     27 2C|4D0               0.00025        0.00057        0.01101       -0.01284       -0.00063        0.05499
     28 2C|3D2               0.00013       -0.00000        0.00833       -0.00943        0.01025       -0.00494
     29 2C|4D2               0.00250       -0.00347        0.00142       -0.00748        0.01342        0.12356
     30 2C|4F-3             -0.00010        0.00000       -0.00094        0.00000       -0.01072        0.00822
     31 2C|4F-1             -0.00015       -0.00011       -0.00094       -0.00188       -0.00350        0.01169
     32 2C|4F1              -0.00023        0.00006       -0.00109        0.00108       -0.00031       -0.00326
     33 2C|4F3               0.00016       -0.00147       -0.00781        0.00488       -0.00350       -0.00878
     34 7H|1S0               0.00013        0.00005       -0.06371       -0.11587        0.13894       -0.01345
     35 7H|2S0               0.00230        0.00366       -0.05603       -0.16425        0.20800        0.46374
     36 7H|3S0               0.00022        0.00119       -0.00697       -0.05334        0.07443        2.55592
     37 7H|2P1              -0.00015       -0.00026       -0.00564       -0.00991        0.01238       -0.02047
     38 7H|3P1               0.00096        0.00108        0.00366       -0.00763        0.01099        0.30225
     39 7H|3D0               0.00004        0.00010        0.00042        0.00057       -0.00175       -0.00897
     40 7H|3D2              -0.00010       -0.00018        0.00039       -0.00197        0.00320        0.01631
     41 8H|1S0               0.00009       -0.00008       -0.04505        0.16383        0.09827       -0.00951
     42 8H|2S0               0.00163       -0.00518       -0.03962        0.23224        0.14712        0.32781
     43 8H|3S0               0.00015       -0.00169       -0.00493        0.07542        0.05264        1.80666
     44 8H|2P-1              0.00010       -0.00032        0.00426       -0.01213       -0.00792        0.01078
     45 8H|3P-1             -0.00022        0.00132       -0.00320       -0.00934       -0.00664       -0.15858
     46 8H|2P1              -0.00004        0.00018       -0.00059        0.00701        0.00380       -0.01027
     47 8H|3P1               0.00098       -0.00076       -0.00036        0.00539        0.00404        0.15275
     48 8H|3D-2             -0.00000       -0.00022       -0.00024       -0.00241       -0.00097       -0.01316
     49 8H|3D0               0.00003       -0.00015        0.00030       -0.00081       -0.00124       -0.00634
     50 8H|3D2               0.00014       -0.00012       -0.00015       -0.00139       -0.00284       -0.00028
 
         Orbital               181            182            183            184            185
         Energy              0.22110        0.41669        0.52447        0.54864        0.59203
         Occ No.             0.00000        0.00000        0.00000        0.00000        0.00000
      1 1C|1S0               0.01981        0.01489        0.04614        0.02566       -0.01722
      2 1C|2S0               0.14624        0.11996        0.16049       -0.20126        0.09645
      3 1C|3S0               0.08532        0.01354        0.10130        0.06928        0.00779
      4 1C|4S0              -8.96799        5.18409       -6.17601      -22.76759        1.29554
      5 1C|2P1              -0.03010        0.05550       -0.05768        0.05788       -0.21043
      6 1C|3P1              -0.27681        0.45082        1.24228       -0.37817        0.37834
      7 1C|4P1              -6.70683        0.76604        0.60997      -13.46171        3.20390
      8 1C|3D0              -0.00077       -0.00113       -0.00694       -0.01829        0.01583
      9 1C|4D0               0.20259       -0.06717        0.26387        0.40942        0.08379
     10 1C|3D2               0.01053        0.03015       -0.03960        0.01041       -0.03408
     11 1C|4D2               0.22151       -0.12215       -0.69592        0.47080       -0.56561
     12 1C|4F1               0.01497       -0.01260       -0.05485        0.02957       -0.04836
     13 1C|4F3               0.02216       -0.00287        0.10983        0.04133        0.00208
     14 2C|1S0              -0.02802        0.01052        0.03261       -0.03628       -0.01219
     15 2C|2S0              -0.20683        0.08484        0.11343        0.28458        0.06829
     16 2C|3S0              -0.12066        0.00957        0.07160       -0.09797        0.00549
     17 2C|4S0              12.68201        3.66638       -4.36773       32.19582        0.92315
     18 2C|2P-1             -0.03688        0.01707       -0.05403        0.07082        0.10295
     19 2C|3P-1             -0.33904       -0.01240       -0.94960       -0.46312        0.14367
     20 2C|4P-1             -8.21417        2.79777       -2.00713      -16.48612       -0.14396
     21 2C|2P1               0.02129        0.10808       -0.17518       -0.04087       -0.11935
     22 2C|3P1               0.19573        0.61610        0.11181        0.26715        0.78408
     23 2C|4P1               4.74196        5.93033       -2.61526        9.51593        4.29122
     24 2C|3D-2              0.01289       -0.00213        0.02499        0.01274        0.01788
     25 2C|4D-2              0.27134       -0.06326        0.43582        0.57659       -0.03852
     26 2C|3D0               0.00108       -0.00080       -0.00490        0.02586        0.01120
     27 2C|4D0              -0.28649       -0.04752        0.18652       -0.57898        0.05914
     28 2C|3D2               0.00744       -0.03895        0.01276        0.00735        0.01725
     29 2C|4D2               0.15668        0.28210        0.22772        0.33273        0.86667
     30 2C|4F-3              0.00000       -0.00354       -0.00638        0.00000       -0.01784
     31 2C|4F-1              0.01834       -0.00361        0.04280        0.03621        0.01565
     32 2C|4F1              -0.01059       -0.02409       -0.00343       -0.02090       -0.04130
     33 2C|4F3               0.03134        0.00203       -0.07767        0.05844       -0.00146
     34 7H|1S0               0.00857        0.09122       -0.02976        0.08054       -0.09724
     35 7H|2S0              -0.27647        0.59700        2.67152       -0.28811        0.85433
     36 7H|3S0              -3.76227        0.57355        0.90998       -4.61155        2.99994
     37 7H|2P1               0.01202        0.01253        0.04525       -0.00317       -0.00718
     38 7H|3P1              -0.07001        0.09485        1.05890       -0.15681        0.82653
     39 7H|3D0              -0.00158       -0.00906       -0.05445       -0.00440       -0.02353
     40 7H|3D2              -0.00796        0.01416        0.08654       -0.01441        0.04016
     41 8H|1S0              -0.01212        0.06449       -0.02105       -0.11386       -0.06880
     42 8H|2S0               0.39103        0.42203        1.88830        0.40730        0.60410
     43 8H|3S0               5.32073        0.40585        0.64316        6.51987        2.12322
     44 8H|2P-1              0.01472        0.00687       -0.02624       -0.00389        0.00772
     45 8H|3P-1             -0.08579       -0.08039       -0.69973       -0.19185       -0.44943
     46 8H|2P1              -0.00850        0.02963        0.01854        0.00224        0.00322
     47 8H|3P1               0.04954       -0.00515        0.28503        0.11075        0.39067
     48 8H|3D-2             -0.00975       -0.00976       -0.04859       -0.01764       -0.03020
     49 8H|3D0               0.00223       -0.00640       -0.03851        0.00623       -0.01664
     50 8H|3D2              -0.00563       -0.00313       -0.03822       -0.01019       -0.00450
 
 
  Symmetry   8 B2u     
 
         Orbital               225            226            227            228            229            230
         Energy            -11.23671       -1.01060       -0.61577       -0.58372        0.16975        0.39404
         Occ No.             2.00000        2.00000        2.00000        2.00000        0.00000        0.00000
      1 1C|2P-1             -0.00046        0.08805        0.21301       -0.06636       -0.00356       -0.07931
      2 1C|3P-1              0.00172        0.08799        0.25875       -0.07160        0.05653       -0.37682
      3 1C|4P-1              0.00099        0.01039        0.08316       -0.04884       -0.79702        0.94969
      4 1C|3D-2              0.00011        0.00966        0.01523       -0.01402       -0.00609       -0.04576
      5 1C|4D-2              0.00220        0.00100        0.01396       -0.01901        0.07113        0.14670
      6 1C|4F-3              0.00008        0.00077       -0.00394       -0.00875       -0.00671       -0.01122
      7 1C|4F-1             -0.00023       -0.00115       -0.00517        0.00165        0.00247       -0.02218
      8 2C|1S0              -0.97841       -0.01915        0.00000        0.00038        0.00752       -0.00001
      9 2C|2S0              -0.00186        0.51134       -0.00001       -0.08610        0.11467       -0.00005
     10 2C|3S0              -0.04182        0.10154       -0.00000       -0.01629        0.01695       -0.00001
     11 2C|4S0              -0.00309        0.18786        0.00000        0.01017        3.26821       -0.00229
     12 2C|2P-1             -0.00031        0.00642       -0.15060        0.21580        0.10942        0.05612
     13 2C|3P-1              0.00338        0.01260       -0.18293        0.27140        0.40634        0.26676
     14 2C|4P-1              0.00153       -0.00185       -0.05879        0.11302        1.32441       -0.66932
     15 2C|2P1              -0.00020        0.06819       -0.26091       -0.17872       -0.06608        0.09717
     16 2C|3P1              -0.00055        0.06457       -0.31693       -0.21509       -0.18843        0.46173
     17 2C|4P1              -0.00007        0.00955       -0.10186       -0.10511       -1.41537       -1.15979
     18 2C|3D-2             -0.00008        0.00235        0.01077       -0.00891       -0.00239       -0.03234
     19 2C|4D-2             -0.00127       -0.00145        0.00987       -0.01349       -0.16962        0.10359
     20 2C|3D0               0.00064       -0.01685        0.00000        0.00248       -0.00333        0.00000
     21 2C|4D0              -0.00044       -0.01908       -0.00000       -0.00108       -0.09517        0.00003
     22 2C|3D2               0.00004        0.00925       -0.01865       -0.01660       -0.00635        0.05603
     23 2C|4D2               0.00106       -0.00002       -0.01710       -0.02330       -0.03986       -0.17954
     24 2C|4F-3             -0.00006       -0.00054       -0.00557        0.00619        0.00475       -0.01586
     25 2C|4F-1             -0.00006        0.00000        0.00366       -0.00373       -0.01677        0.01567
     26 2C|4F1              -0.00015       -0.00094        0.00633        0.00349        0.01169        0.02715
     27 2C|4F3              -0.00027        0.01352       -0.00000       -0.00607        0.01520       -0.00000
     28 7H|2P-1              0.00001        0.00133        0.00433        0.00054       -0.00286        0.00731
     29 7H|3P-1              0.00060       -0.00156        0.01098       -0.00015        0.04328        0.08290
     30 7H|3D-2              0.00010       -0.00001        0.00357        0.00161        0.00518        0.01185
     31 8H|1S0              -0.00016        0.07804        0.00002        0.17018        0.01647       -0.00003
     32 8H|2S0              -0.00282        0.06863        0.00002        0.25478       -0.56790       -0.00015
     33 8H|3S0              -0.00027        0.00853        0.00001        0.09117       -3.13000       -0.00024
     34 8H|2P-1             -0.00015       -0.00551       -0.00306       -0.01294       -0.02272       -0.00516
     35 8H|3P-1              0.00123        0.00333       -0.00776       -0.01171        0.33587       -0.05860
     36 8H|2P1               0.00010        0.00426       -0.00530        0.00792        0.01078       -0.00894
     37 8H|3P1              -0.00022       -0.00320       -0.01345        0.00664       -0.15858       -0.10158
     38 8H|3D-2             -0.00014        0.00042        0.00253       -0.00396        0.01547        0.00838
     39 8H|3D0              -0.00004       -0.00051       -0.00000       -0.00214        0.01098        0.00000
     40 8H|3D2               0.00000        0.00024       -0.00437       -0.00097        0.01316       -0.01451
 
         Orbital               231            232            233            234
         Energy              0.41669        0.52446        0.59203        0.74910
         Occ No.             0.00000        0.00000        0.00000        0.00000
      1 1C|2P-1             -0.08342       -0.14593        0.04237       -0.26332
      2 1C|3P-1             -0.43075       -0.30854       -0.61311        0.07237
      3 1C|4P-1             -5.33516       -2.66845       -2.97538        9.92757
      4 1C|3D-2              0.02666       -0.00119       -0.00490        0.02592
      5 1C|4D-2             -0.22529       -0.01682       -0.62855        0.63386
      6 1C|4F-3             -0.00289        0.00521       -0.01457        0.01793
      7 1C|4F-1              0.01850        0.01504        0.02282       -0.05041
      8 2C|1S0               0.01823       -0.05651       -0.02110        0.00233
      9 2C|2S0               0.14694       -0.19655        0.11816        0.21281
     10 2C|3S0               0.01658       -0.12407        0.00953        0.14614
     11 2C|4S0               6.34956        7.56456        1.59098      -16.04808
     12 2C|2P-1             -0.08834       -0.11278        0.23820       -0.05448
     13 2C|3P-1             -0.63036        1.20865       -0.61801       -0.28367
     14 2C|4P-1             -2.69928       -0.29656       -4.45266        1.82522
     15 2C|2P1              -0.01706       -0.05403       -0.10292       -0.18356
     16 2C|3P1               0.01251       -0.94968       -0.14380        0.22284
     17 2C|4P1              -2.79860       -2.00769        0.14112        7.05230
     18 2C|3D-2             -0.04142       -0.04159        0.03789       -0.02472
     19 2C|4D-2              0.20924       -0.73186        0.82217       -0.02178
     20 2C|3D0              -0.00138        0.00850        0.01939        0.02366
     21 2C|4D0              -0.08227       -0.32323        0.10254        0.57762
     22 2C|3D2              -0.00211       -0.02498        0.01788        0.00689
     23 2C|4D2              -0.06324       -0.43635       -0.03850        0.50495
     24 2C|4F-3              0.00204       -0.00369        0.01030       -0.01267
     25 2C|4F-1              0.01992       -0.05286        0.05936        0.01485
     26 2C|4F1               0.00362        0.04281       -0.01564       -0.04973
     27 2C|4F3               0.00352        0.13453       -0.00254       -0.10953
     28 7H|2P-1             -0.02375        0.00240       -0.00543        0.01656
     29 7H|3P-1              0.03647       -0.08407       -0.09278       -0.20090
     30 7H|3D-2             -0.00177       -0.00718       -0.00914       -0.00587
     31 8H|1S0               0.11171        0.03646       -0.11912       -0.01176
     32 8H|2S0               0.73111       -3.27185        1.04621        2.69942
     33 8H|3S0               0.70269       -1.11452        3.67523        1.24555
     34 8H|2P-1             -0.02169        0.04885        0.00570       -0.01872
     35 8H|3P-1             -0.08775        1.09340       -0.90948       -0.85125
     36 8H|2P1              -0.00688       -0.02624       -0.00772        0.02433
     37 8H|3P1               0.08038       -0.69992        0.44932        0.32743
     38 8H|3D-2             -0.01439        0.09433       -0.03936       -0.04715
     39 8H|3D0              -0.01109        0.06670       -0.02882       -0.02919
     40 8H|3D2              -0.00976        0.04860       -0.03019       -0.03202
 
 
 [Mulliken Population Analysis]
  Atomic charges: 
     1C      -0.1484
     2C      -0.1484
     3C      -0.1484
     4C      -0.1484
     5C      -0.1484
     6C      -0.1484
     7H       0.1484
     8H       0.1484
     9H       0.1484
    10H       0.1484
    11H       0.1484
    12H       0.1484
     Sum:     0.0000
 
 [Lowdin Population Analysis]
  Atomic charges: 
     1C       0.0230
     2C       0.0230
     3C       0.0230
     4C       0.0230
     5C       0.0230
     6C       0.0230
     7H      -0.0230
     8H      -0.0230
     9H      -0.0230
    10H      -0.0230
    11H      -0.0230
    12H      -0.0230
     Sum:     0.0000
 
 
 [Dipole moment: Debye]
              X          Y          Z         |u|
   Elec:-.7860E-15 0.7952E-15 0.0000E+00
   Nucl:0.2258E-14 0.1129E-13 0.0000E+00
   Totl:    0.0000     0.0000     0.0000     0.0000
  Reorder orbital via orbital energy ...                     1
                     8

 Output to Molden format ...

 
 ---------------------------------------------------------------
  Timing of SCF calculation                                                       
 
  CPU TIME(S)      SYSTEM TIME(S)     WALL TIME(S)
         28.320            1.420               4.040
 ---------------------------------------------------------------
 
|******************************************************************************|
 
    Total cpu     time:         28.32  S
    Total system  time:          1.42  S
    Total wall    time:          4.04  S
 
    Current time   2022-04-23  20:07:12
    End running module scf
|******************************************************************************|
 
('/scratch/ben-rhf_730', '/apps/users/lcz/exe9/task2/bdf/benzene')
 Warning! Removing scratch files. If you would like to keep scratch files for restaring. Please use -keeptmpdir

Sender: Unischeduler System <lcz@mgt01>
Subject: Job 123569: <#!/bin/bash
#BSUB -J intel
#BSUB -o ben-rhf.out
#BSUB -n 8
#BSUB -q cqueue
#BSUB -R span[hosts=1]
export BDFHOME=/apps/users/lcz/bdf-pkg
export BDF_TMPDIR=/scratch/ben-rhf_730
export USE_LIBCINT=no
export LD_LIBRARY_PATH=/apps/users/lcz/bdf-pkg/extlibs:/apps/users/lcz/bdf-pkg/libso:/apps/software/intel2019/mkl/lib/intel64:/apps/software/intel2019/compilers_and_libraries_2019/linux/lib/intel64:$LD_LIBRARY_PATH
ulimit -s unlimited
ulimit -t unlimited
export OMP_NUM_THREADS=8
export OMP_STACKSIZE=20G
/apps/users/lcz/bdf-pkg/sbin/bdfdrv.py -tmpdir /scratch/ben-rhf_730 -r ben-rhf.inp > ben-rhf.out
rm -rf .ben-rhf.wrk> Done

Job <#!/bin/bash
#BSUB -J intel
#BSUB -o ben-rhf.out
#BSUB -n 8
#BSUB -q cqueue
#BSUB -R span[hosts=1]
export BDFHOME=/apps/users/lcz/bdf-pkg
export BDF_TMPDIR=/scratch/ben-rhf_730
export USE_LIBCINT=no
export LD_LIBRARY_PATH=/apps/users/lcz/bdf-pkg/extlibs:/apps/users/lcz/bdf-pkg/libso:/apps/software/intel2019/mkl/lib/intel64:/apps/software/intel2019/compilers_and_libraries_2019/linux/lib/intel64:$LD_LIBRARY_PATH
ulimit -s unlimited
ulimit -t unlimited
export OMP_NUM_THREADS=8
export OMP_STACKSIZE=20G
/apps/users/lcz/bdf-pkg/sbin/bdfdrv.py -tmpdir /scratch/ben-rhf_730 -r ben-rhf.inp > ben-rhf.out
rm -rf .ben-rhf.wrk> was submitted from host <mgt01> by user <lcz>.
Job was executed on host(s) <8*cnode10>, in queue <cqueue>, as user <lcz>.
</apps/users/lcz> was used as the home directory.
</apps/users/lcz/exe9/task2/bdf/benzene> was used as the working directory.
Started at 2022-04-23 20:06:54
Results reported at 2022-04-23 20:07:13

Your job looked like:

------------------------------------------------------------
# User input
#!/bin/bash
#BSUB -J intel
#BSUB -o ben-rhf.out
#BSUB -n 8
#BSUB -q cqueue
#BSUB -R span[hosts=1]
export BDFHOME=/apps/users/lcz/bdf-pkg
export BDF_TMPDIR=/scratch/ben-rhf_730
export USE_LIBCINT=no
export LD_LIBRARY_PATH=/apps/users/lcz/bdf-pkg/extlibs:/apps/users/lcz/bdf-pkg/libso:/apps/software/intel2019/mkl/lib/intel64:/apps/software/intel2019/compilers_and_libraries_2019/linux/lib/intel64:$LD_LIBRARY_PATH
ulimit -s unlimited
ulimit -t unlimited
export OMP_NUM_THREADS=8
export OMP_STACKSIZE=20G
/apps/users/lcz/bdf-pkg/sbin/bdfdrv.py -tmpdir /scratch/ben-rhf_730 -r ben-rhf.inp > ben-rhf.out
rm -rf .ben-rhf.wrk
------------------------------------------------------------

Successfully completed.

Resource usage summary:

    CPU time   :           14.11 sec.
    Max Memory :              1295 MB
    Max Processes  :               5


The output (if any) follows:

