    end of RCAS, DRT ..........
               25             25
          25        25
          26        37
          27        58
          28        90
          29       127
          30       164
          31       189
          32       204
          33       211
       J    K   A  B  JM   J0   J1   J2   J3         Y1            Y2      Y3         X   IND
       1   25   5  0  1    26    0   27   28          0      1764      5292      7644  0 0 0 0 0 0 0 0
       2   25   5  1  1    29   30   31   32       1610      3178      5698      8736  0 0 0 0 0 0 0 0
       3    1   0  0  0     0    0    0    0          0         0         0         0  0 0 0 0 0 0 0 0
       4    1   0  0  0     0    0    0    0          0         0         0         0  0 0 0 0 0 0 0 0
       5    1   0  0  0     0    0    0    0          0         0         0         0  0 0 0 0 0 0 0 0
       6    1   0  0  0     0    0    0    0          0         0         0         0  0 0 0 0 0 0 0 0
       7    1   0  0  0     0    0    0    0          0         0         0         0  0 0 0 0 0 0 0 0
       8    1   0  0  0     0    0    0    0          0         0         0         0  0 0 0 0 0 0 0 0
       9    1   0  0  0     0    0    0    0          0         0         0         0  0 0 0 0 0 0 0 0
      10   25   5  2  1    33   34   35   36        819      2541      3780      6510  0 0 0 0 0 0 0 0
      11    1   0  0  0     0    0    0    0          0         0         0         0  0 0 0 0 0 0 0 0
      12    1   0  0  0     0    0    0    0          0         0         0         0  0 0 0 0 0 0 0 0
      13    1   0  0  0     0    0    0    0          0         0         0         0  0 0 0 0 0 0 0 0
      14    1   0  0  0     0    0    0    0          0         0         0         0  0 0 0 0 0 0 0 0
      15    1   0  0  0     0    0    0    0          0         0         0         0  0 0 0 0 0 0 0 0
      16    1   0  0  0     0    0    0    0          0         0         0         0  0 0 0 0 0 0 0 0
      17    1   0  0  0     0    0    0    0          0         0         0         0  0 0 0 0 0 0 0 0
      18   25   6  0  1    37    0   34   26          0       546      2268      4032  0 0 0 0 0 0 0 0
      19    1   0  0  0     0    0    0    0          0         0         0         0  0 0 0 0 0 0 0 0
      20    1   0  0  0     0    0    0    0          0         0         0         0  0 0 0 0 0 0 0 0
      21    1   0  0  0     0    0    0    0          0         0         0         0  0 0 0 0 0 0 0 0
      22    1   0  0  0     0    0    0    0          0         0         0         0  0 0 0 0 0 0 0 0
      23    1   0  0  0     0    0    0    0          0         0         0         0  0 0 0 0 0 0 0 0
      24    1   0  0  0     0    0    0    0          0         0         0         0  0 0 0 0 0 0 0 0
      25    1   0  0  0     0    0    0    0          0         0         0         0  0 0 0 0 0 0 0 0
      26   26   5  0  1    38    0   39   40          0       301      1085      1764  0 0 0 0 0 0 0 0
      27   26   4  1  2    39   40   41   42        784      1463      2450      3528  0 1 0 0 0 0 0 0
      28   26   4  0  1    40    0   42   43          0       679      1757      2352  0 2 0 0 0 0 0 0
      29   26   5  1  1    44   45   46   47        196       476       896      1610  0 0 0 0 0 0 0 0
      30   26   5  0  2    45    0   47   48          0       280       994      1568  0 1 0 0 0 0 0 0
      31   26   4  2  2    46   47   49   50        420      1134      1638      2520  0 1 0 0 0 0 0 0
      32   26   4  1  1    47   48   50   51        714      1288      2170      3038  0 2 0 0 0 0 0 0
      33   26   5  2  1    52   53   54   55         57       259       384       819  0 0 0 0 0 0 0 0
      34   26   5  1  2    53   38   55   39        202       503       938      1722  0 1 0 0 0 0 0 0
      35   26   4  3  2    54   55   56   57        125       560       715      1239  0 1 0 0 0 0 0 0
      36   26   4  2  1    55   39   57   41        435      1219      1743      2730  0 2 0 0 0 0 0 0
      37   26   6  0  1    58    0   53   38          0        43       245       546  0 0 0 0 0 0 0 0
      38   27   5  0  1    59    0   60   61          0        31       151       301  0 0 0 0 0 0 0 0
      39   27   4  1  2    60   61   62   63        120       270       475       784  0 1 0 0 0 0 0 0
      40   27   4  0  1    61    0   63   64          0       150       459       679  0 2 0 0 0 0 0 0
      41   27   3  2  1    62   63   65   66        205       514       698       987  0 2 0 0 0 0 0 0
      42   27   3  1  2    63   64   66   67        309       529       818      1078  0 3 0 0 0 0 0 0
      43   27   3  0  1    64    0   67   68          0       220       480       595  0 4 0 0 0 0 0 0
      44   27   5  1  1    69   70   71   72         11        41        81       196  0 0 0 0 0 0 0 0
      45   27   5  0  2    70    0   72   73          0        30       145       280  0 1 0 0 0 0 0 0
      46   27   4  2  2    71   72   74   75         40       155       225       420  0 1 0 0 0 0 0 0
      47   27   4  1  1    72   73   75   76        115       250       445       714  0 2 0 0 0 0 0 0
      48   27   4  0  2    73    0   76   77          0       135       404       574  0 3 0 0 0 0 0 0
      49   27   3  3  1    74   75   78   79         70       265       330       504  0 2 0 0 0 0 0 0
      50   27   3  2  2    75   76   79   80        195       464       638       882  0 3 0 0 0 0 0 0
      51   27   3  1  1    76   77   80   81        269       439       683       868  0 4 0 0 0 0 0 0
      52   27   5  2  1    82   83   84   85          1        12        17        57  0 0 0 0 0 0 0 0
      53   27   5  1  2    83   59   85   60         11        42        82       202  0 1 0 0 0 0 0 0
      54   27   4  3  2    84   85   86   87          5        45        55       125  0 1 0 0 0 0 0 0
      55   27   4  2  1    85   60   87   62         40       160       230       435  0 2 0 0 0 0 0 0
      56   27   3  4  1    86   87   88   89         10        80        90       155  0 2 0 0 0 0 0 0
      57   27   3  3  2    87   62   89   65         70       275       340       524  0 3 0 0 0 0 0 0
      58   27   6  0  1    90    0   83   59          0         1        12        43  0 0 0 0 0 0 0 0
      59   28   5  0  1    91    0   92   93          0         1        10        31  0 0 0 0 0 0 0 0
      60   28   4  1  2    92   93   94   95          9        30        56       120  0 1 0 0 0 0 0 0
      61   28   4  0  1    93    0   95   96          0        21        85       150  0 2 0 0 0 0 0 0
      62   28   3  2  1    94   95   97   98         26        90       124       205  0 2 0 0 0 0 0 0
      63   28   3  1  2    95   96   98   99         64       129       210       309  0 3 0 0 0 0 0 0
      64   28   3  0  1    96    0   99  100          0        65       164       220  0 4 0 0 0 0 0 0
      65   28   2  3  2    97   98  101  102         34       115       136       184  0 3 0 0 0 0 0 0
      66   28   2  2  1    98   99  102  103         81       180       228       289  0 4 0 0 0 0 0 0
      67   28   2  1  2    99  100  103  104         99       155       216       260  0 5 0 0 0 0 0 0
      68   28   2  0  1   100    0  104  105          0        56       100       115  0 6 0 0 0 0 0 0
      69   28   5  1  1     0  106  107  108          0         1         2        11  0 0 0 0 0 0 0 0
      70   28   5  0  2   106    0  108  109          0         1        10        30  0 1 0 0 0 0 0 0
      71   28   4  2  2   107  108  110  111          1        10        14        40  0 1 0 0 0 0 0 0
      72   28   4  1  1   108  109  111  112          9        29        55       115  0 2 0 0 0 0 0 0
      73   28   4  0  2   109    0  112  113          0        20        80       135  0 3 0 0 0 0 0 0
      74   28   3  3  1   110  111  114  115          4        30        36        70  0 2 0 0 0 0 0 0
      75   28   3  2  2   111  112  115  116         26        86       120       195  0 3 0 0 0 0 0 0
      76   28   3  1  1   112  113  116  117         60       115       190       269  0 4 0 0 0 0 0 0
      77   28   3  0  2   113    0  117  118          0        55       134       170  0 5 0 0 0 0 0 0
      78   28   2  4  2   114  115  119  120          6        40        44        65  0 3 0 0 0 0 0 0
      79   28   2  3  1   115  116  120  121         34       109       130       174  0 4 0 0 0 0 0 0
      80   28   2  2  2   116  117  121  122         75       154       198       244  0 5 0 0 0 0 0 0
      81   28   2  1  1   117  118  122  123         79       115       161       185  0 6 0 0 0 0 0 0
      82   28   5  2  1     0    0    0  124          0         0         0         1  0 0 0 0 0 0 0 0
      83   28   5  1  2     0   91  124   92          0         1         2        11  0 1 0 0 0 0 0 0
      84   28   4  3  2     0  124    0  125          0         0         1         5  0 1 0 0 0 0 0 0
      85   28   4  2  1   124   92  125   94          1        10        14        40  0 2 0 0 0 0 0 0
      86   28   3  4  1     0  125    0  126          0         0         4        10  0 2 0 0 0 0 0 0
      87   28   3  3  2   125   94  126   97          4        30        36        70  0 3 0 0 0 0 0 0
      88   28   2  5  2     0  126    0  127          0         0         6        10  0 3 0 0 0 0 0 0
      89   28   2  4  1   126   97  127  101          6        40        44        65  0 4 0 0 0 0 0 0
      90   28   6  0  1     0    0    0   91          0         0         0         1  0 0 0 0 0 0 0 0
      91   29   5  0  1     0    0    0  128          0         0         0         1  0 0 0 0 0 0 0 0
      92   29   4  1  2     0  128  129  130          0         1         2         9  0 1 0 0 0 0 0 0
      93   29   4  0  1   128    0  130  131          0         1         8        21  0 2 0 0 0 0 0 0
      94   29   3  2  1   129  130  132  133          1         8        11        26  0 2 0 0 0 0 0 0
      95   29   3  1  2   130  131  133  134          7        20        35        64  0 3 0 0 0 0 0 0
      96   29   3  0  1   131    0  134  135          0        13        42        65  0 4 0 0 0 0 0 0
      97   29   2  3  2   132  133  136  137          3        18        21        34  0 3 0 0 0 0 0 0
      98   29   2  2  1   133  134  137  138         15        44        57        81  0 4 0 0 0 0 0 0
      99   29   2  1  2   134  135  138  139         29        52        76        99  0 5 0 0 0 0 0 0
     100   29   2  0  1   135    0  139  140          0        23        46        56  0 6 0 0 0 0 0 0
     101   29   1  4  1   136  137  141  142          3        16        17        21  0 4 0 0 0 0 0 0
     102   29   1  3  2   137  138  142  143         13        37        41        48  0 5 0 0 0 0 0 0
     103   29   1  2  1   138  139  143  144         24        47        54        61  0 6 0 0 0 0 0 0
     104   29   1  1  2   139  140  144  145         23        33        40        44  0 7 0 0 0 0 0 0
     105   29   1  0  1   140    0  145  146          0        10        14        15  0 8 0 0 0 0 0 0
     106   29   5  0  2     0    0    0  147          0         0         0         1  0 1 0 0 0 0 0 0
     107   29   4  2  2     0    0    0  148          0         0         0         1  0 1 0 0 0 0 0 0
     108   29   4  1  1     0  147  148  149          0         1         2         9  0 2 0 0 0 0 0 0
     109   29   4  0  2   147    0  149  150          0         1         8        20  0 3 0 0 0 0 0 0
     110   29   3  3  1     0  148    0  151          0         0         1         4  0 2 0 0 0 0 0 0
     111   29   3  2  2   148  149  151  152          1         8        11        26  0 3 0 0 0 0 0 0
     112   29   3  1  1   149  150  152  153          7        19        34        60  0 4 0 0 0 0 0 0
     113   29   3  0  2   150    0  153  154          0        12        38        55  0 5 0 0 0 0 0 0
     114   29   2  4  2     0  151    0  155          0         0         3         6  0 3 0 0 0 0 0 0
     115   29   2  3  1   151  152  155  156          3        18        21        34  0 4 0 0 0 0 0 0
     116   29   2  2  2   152  153  156  157         15        41        54        75  0 5 0 0 0 0 0 0
     117   29   2  1  1   153  154  157  158         26        43        64        79  0 6 0 0 0 0 0 0
     118   29   2  0  2   154    0  158  159          0        17        32        36  0 7 0 0 0 0 0 0
     119   29   1  5  1     0  155    0  160          0         0         3         4  0 4 0 0 0 0 0 0
     120   29   1  4  2   155  156  160  161          3        16        17        21  0 5 0 0 0 0 0 0
     121   29   1  3  1   156  157  161  162         13        34        38        44  0 6 0 0 0 0 0 0
     122   29   1  2  2   157  158  162  163         21        36        42        46  0 7 0 0 0 0 0 0
     123   29   1  1  1   158  159  163  164         15        19        23        24  0 8 0 0 0 0 0 0
     124   29   4  2  1     0    0    0  129          0         0         0         1  0 2 0 0 0 0 0 0
     125   29   3  3  2     0  129    0  132          0         0         1         4  0 3 0 0 0 0 0 0
     126   29   2  4  1     0  132    0  136          0         0         3         6  0 4 0 0 0 0 0 0
     127   29   1  5  2     0  136    0  141          0         0         3         4  0 5 0 0 0 0 0 0
     128   30   4  0  1     0    0    0  165          0         0         0         1  0 2 0 0 0 0 0 0
     129   30   3  2  1     0    0    0  166          0         0         0         1  0 2 0 0 0 0 0 0
     130   30   3  1  2     0  165  166  167          0         1         2         7  0 3 0 0 0 0 0 0
     131   30   3  0  1   165    0  167  168          0         1         6        13  0 4 0 0 0 0 0 0
     132   30   2  3  2     0  166    0  169          0         0         1         3  0 3 0 0 0 0 0 0
     133   30   2  2  1   166  167  169  170          1         6         8        15  0 4 0 0 0 0 0 0
     134   30   2  1  2   167  168  170  171          5        12        19        29  0 5 0 0 0 0 0 0
     135   30   2  0  1   168    0  171  172          0         7        17        23  0 6 0 0 0 0 0 0
     136   30   1  4  1     0  169    0  173          0         0         2         3  0 4 0 0 0 0 0 0
     137   30   1  3  2   169  170  173  174          2         9        10        13  0 5 0 0 0 0 0 0
     138   30   1  2  1   170  171  174  175          7        17        20        24  0 6 0 0 0 0 0 0
     139   30   1  1  2   171  172  175  176         10        16        20        23  0 7 0 0 0 0 0 0
     140   30   1  0  1   172    0  176  177          0         6         9        10  0 8 0 0 0 0 0 0
     141   30   0  5  2     0  173    0    0          0         0         0         1  0 5 0 0 0 0 0 0
     142   30   0  4  1   173  174    0    0          1         0         0         4  0 6 0 0 0 0 0 0
     143   30   0  3  2   174  175    0    0          3         0         0         7  0 7 0 0 0 0 0 0
     144   30   0  2  1   175  176    0    0          4         0         0         7  0 8 0 0 0 0 0 0
     145   30   0  1  2   176  177    0    0          3         0         0         4  0 9 0 0 0 0 0 0
     146   30   0  0  1   177    0    0    0          0         0         0         1  010 0 0 0 0 0 0
     147   30   4  0  2     0    0    0  178          0         0         0         1  0 3 0 0 0 0 0 0
     148   30   3  2  2     0    0    0  179          0         0         0         1  0 3 0 0 0 0 0 0
     149   30   3  1  1     0  178  179  180          0         1         2         7  0 4 0 0 0 0 0 0
     150   30   3  0  2   178    0  180  181          0         1         6        12  0 5 0 0 0 0 0 0
     151   30   2  3  1     0  179    0  182          0         0         1         3  0 4 0 0 0 0 0 0
     152   30   2  2  2   179  180  182  183          1         6         8        15  0 5 0 0 0 0 0 0
     153   30   2  1  1   180  181  183  184          5        11        18        26  0 6 0 0 0 0 0 0
     154   30   2  0  2   181    0  184  185          0         6        14        17  0 7 0 0 0 0 0 0
     155   30   1  4  2     0  182    0  186          0         0         2         3  0 5 0 0 0 0 0 0
     156   30   1  3  1   182  183  186  187          2         9        10        13  0 6 0 0 0 0 0 0
     157   30   1  2  2   183  184  187  188          7        15        18        21  0 7 0 0 0 0 0 0
     158   30   1  1  1   184  185  188  189          8        11        14        15  0 8 0 0 0 0 0 0
     159   30   1  0  2   185    0  189    0          0         3         0         4  0 9 0 0 0 0 0 0
     160   30   0  5  1     0  186    0    0          0         0         0         1  0 6 0 0 0 0 0 0
     161   30   0  4  2   186  187    0    0          1         0         0         4  0 7 0 0 0 0 0 0
     162   30   0  3  1   187  188    0    0          3         0         0         6  0 8 0 0 0 0 0 0
     163   30   0  2  2   188  189    0    0          3         0         0         4  0 9 0 0 0 0 0 0
     164   30   0  1  1   189    0    0    0          0         0         0         1  010 0 0 0 0 0 0
     165   31   3  0  1     0    0    0  190          0         0         0         1  0 4 0 0 0 0 0 0
     166   31   2  2  1     0    0    0  191          0         0         0         1  0 4 0 0 0 0 0 0
     167   31   2  1  2     0  190  191  192          0         1         2         5  0 5 0 0 0 0 0 0
     168   31   2  0  1   190    0  192  193          0         1         4         7  0 6 0 0 0 0 0 0
     169   31   1  3  2     0  191    0  194          0         0         1         2  0 5 0 0 0 0 0 0
     170   31   1  2  1   191  192  194  195          1         4         5         7  0 6 0 0 0 0 0 0
     171   31   1  1  2   192  193  195  196          3         6         8        10  0 7 0 0 0 0 0 0
     172   31   1  0  1   193    0  196  197          0         3         5         6  0 8 0 0 0 0 0 0
     173   31   0  4  1     0  194    0    0          0         0         0         1  0 6 0 0 0 0 0 0
     174   31   0  3  2   194  195    0    0          1         0         0         3  0 7 0 0 0 0 0 0
     175   31   0  2  1   195  196    0    0          2         0         0         4  0 8 0 0 0 0 0 0
     176   31   0  1  2   196  197    0    0          2         0         0         3  0 9 0 0 0 0 0 0
     177   31   0  0  1   197    0    0    0          0         0         0         1  010 0 0 0 0 0 0
     178   31   3  0  2     0    0    0  198          0         0         0         1  0 5 0 0 0 0 0 0
     179   31   2  2  2     0    0    0  199          0         0         0         1  0 5 0 0 0 0 0 0
     180   31   2  1  1     0  198  199  200          0         1         2         5  0 6 0 0 0 0 0 0
     181   31   2  0  2   198    0  200  201          0         1         4         6  0 7 0 0 0 0 0 0
     182   31   1  3  1     0  199    0  202          0         0         1         2  0 6 0 0 0 0 0 0
     183   31   1  2  2   199  200  202  203          1         4         5         7  0 7 0 0 0 0 0 0
     184   31   1  1  1   200  201  203  204          3         5         7         8  0 8 0 0 0 0 0 0
     185   31   1  0  2   201    0  204    0          0         2         0         3  0 9 0 0 0 0 0 0
     186   31   0  4  2     0  202    0    0          0         0         0         1  0 7 0 0 0 0 0 0
     187   31   0  3  1   202  203    0    0          1         0         0         3  0 8 0 0 0 0 0 0
     188   31   0  2  2   203  204    0    0          2         0         0         3  0 9 0 0 0 0 0 0
     189   31   0  1  1   204    0    0    0          0         0         0         1  010 0 0 0 0 0 0
     190   32   2  0  1     0    0    0  205          0         0         0         1  0 6 0 0 0 0 0 0
     191   32   1  2  1     0    0    0  206          0         0         0         1  0 6 0 0 0 0 0 0
     192   32   1  1  2     0  205  206  207          0         1         2         3  0 7 0 0 0 0 0 0
     193   32   1  0  1   205    0  207  208          0         1         2         3  0 8 0 0 0 0 0 0
     194   32   0  3  2     0  206    0    0          0         0         0         1  0 7 0 0 0 0 0 0
     195   32   0  2  1   206  207    0    0          1         0         0         2  0 8 0 0 0 0 0 0
     196   32   0  1  2   207  208    0    0          1         0         0         2  0 9 0 0 0 0 0 0
     197   32   0  0  1   208    0    0    0          0         0         0         1  010 0 0 0 0 0 0
     198   32   2  0  2     0    0    0  209          0         0         0         1  0 7 0 0 0 0 0 0
     199   32   1  2  2     0    0    0  210          0         0         0         1  0 7 0 0 0 0 0 0
     200   32   1  1  1     0  209  210  211          0         1         2         3  0 8 0 0 0 0 0 0
     201   32   1  0  2   209    0  211  412          0         1         0         2  0 9 0 0 0 0 0 0
     202   32   0  3  1     0  210    0    0          0         0         0         1  0 8 0 0 0 0 0 0
     203   32   0  2  2   210  211    0    0          1         0         0         2  0 9 0 0 0 0 0 0
     204   32   0  1  1   211  412    0    0          0         0         0         1  010 0 0 0 0 0 0
     205   33   1  0  1   413    0  414  415          0         0         0         1  0 8 0 0 0 0 0 0
     206   33   0  2  1     0    0    0    0          0         0         0         1  0 8 0 0 0 0 0 0
     207   33   0  1  2     0    0    0    0          0         0         0         1  0 9 0 0 0 0 0 0
     208   33   0  0  1     0    0    0    0          0         0         0         1  010 0 0 0 0 0 0
     209   33   1  0  2     0    0    0    0          0         0         0         1  0 9 0 0 0 0 0 0
     210   33   0  2  2     0    0    0    0          0         0         0         1  0 9 0 0 0 0 0 0
     211   33   0  1  1     0    0    0    0          0         0         0         1  010 0 0 0 0 0 0
