    end of RCAS, DRT ..........
               23             25
          23        25
          24        37
          25        53
          26        95
          27       151
          28       213
          29       275
          30       335
          31       374
          32       395
          33       402
       J    K   A  B  JM   J0   J1   J2   J3         Y1            Y2      Y3         X   IND
       1   23   7  0  2    26    0   27   28          0      7980     30954     46746  0 0 0 0 0 0 0 0
       2    1   0  0  0     0    0    0    0          0         0         0         0  0 0 0 0 0 0 0 0
       3   23   7  1  2    29   26   30   31       6134     14114     27610     44536  0 0 0 0 0 0 0 0
       4    1   0  0  0     0    0    0    0          0         0         0         0  0 0 0 0 0 0 0 0
       5    1   0  0  0     0    0    0    0          0         0         0         0  0 0 0 0 0 0 0 0
       6    1   0  0  0     0    0    0    0          0         0         0         0  0 0 0 0 0 0 0 0
       7    1   0  0  0     0    0    0    0          0         0         0         0  0 0 0 0 0 0 0 0
       8    1   0  0  0     0    0    0    0          0         0         0         0  0 0 0 0 0 0 0 0
       9    1   0  0  0     0    0    0    0          0         0         0         0  0 0 0 0 0 0 0 0
      10    1   0  0  0     0    0    0    0          0         0         0         0  0 0 0 0 0 0 0 0
      11   23   7  2  2    32   33   34   35        996      5254      8418     16132  0 0 0 0 0 0 0 0
      12    1   0  0  0     0    0    0    0          0         0         0         0  0 0 0 0 0 0 0 0
      13    1   0  0  0     0    0    0    0          0         0         0         0  0 0 0 0 0 0 0 0
      14    1   0  0  0     0    0    0    0          0         0         0         0  0 0 0 0 0 0 0 0
      15    1   0  0  0     0    0    0    0          0         0         0         0  0 0 0 0 0 0 0 0
      16    1   0  0  0     0    0    0    0          0         0         0         0  0 0 0 0 0 0 0 0
      17    1   0  0  0     0    0    0    0          0         0         0         0  0 0 0 0 0 0 0 0
      18    1   0  0  0     0    0    0    0          0         0         0         0  0 0 0 0 0 0 0 0
      19   23   8  0  2    36    0   33   37          0       632      4890      9468  0 0 0 0 0 0 0 0
      20    1   0  0  0     0    0    0    0          0         0         0         0  0 0 0 0 0 0 0 0
      21    1   0  0  0     0    0    0    0          0         0         0         0  0 0 0 0 0 0 0 0
      22    1   0  0  0     0    0    0    0          0         0         0         0  0 0 0 0 0 0 0 0
      23    1   0  0  0     0    0    0    0          0         0         0         0  0 0 0 0 0 0 0 0
      24    1   0  0  0     0    0    0    0          0         0         0         0  0 0 0 0 0 0 0 0
      25    1   0  0  0     0    0    0    0          0         0         0         0  0 0 0 0 0 0 0 0
      26   24   7  0  2    38    0   39   40          0       882      4284      7980  0 0 0 0 0 0 0 0
      27   24   6  1  2    39   40   41   42       3402      7098     13230     22974  1 0 0 0 0 0 0 0
      28   24   6  0  2    40    0   42   43          0      3696     13440     15792  2 0 0 0 0 0 0 0
      29   24   7  1  2    44   38   45   39        464      1346      2732      6134  0 0 0 0 0 0 0 0
      30   24   6  2  2    45   39   46   41       1386      4788      7364     13496  1 0 0 0 0 0 0 0
      31   24   6  1  2    39   40   41   47       3402      7098     13230     16926  2 0 0 0 0 0 0 0
      32   24   7  2  2     0   44   48   49          0       464       772       996  0 0 0 0 0 0 0 0
      33   24   7  1  2    44   50   49   39        464       632       856      4258  1 0 0 0 0 0 0 0
      34   24   6  3  2    48   49   51   46        308       532       588      3164  1 0 0 0 0 0 0 0
      35   24   6  2  2    49   39   46   52        224      3626      6202      7714  2 0 0 0 0 0 0 0
      36   24   8  0  2     0    0   44   50          0         0       464       632  0 0 0 0 0 0 0 0
      37   24   7  0  2    50    0   39   53          0       168      3570      4578  2 0 0 0 0 0 0 0
      38   25   7  0  2    54    0   55   56          0        56       364       882  0 0 0 0 0 0 0 0
      39   25   6  1  2    57   58   59   60        315       861      1680      3402  1 0 0 0 0 0 0 0
      40   25   6  0  2    56    0   61   62          0       518      2128      3696  2 0 0 0 0 0 0 0
      41   25   5  2  2    63   61   64   65        798      2408      3612      6132  2 0 0 0 0 0 0 0
      42   25   5  1  2    60   66   67   68       1722      3486      6216      9744  3 0 0 0 0 0 0 0
      43   25   5  0  2    69    0   70   71          0       490      1568      2352  4 0 0 0 0 0 0 0
      44   25   7  1  2    72   73   74   57         15        72       149       464  0 0 0 0 0 0 0 0
      45   25   6  2  2    75   55   76   63         77       385       588      1386  1 0 0 0 0 0 0 0
      46   25   5  3  2    77   59   78   79        203      1022      1337      2576  2 0 0 0 0 0 0 0
      47   25   5  1  2    80   81   82   83        518      1204      2128      3696  4 0 0 0 0 0 0 0
      48   25   6  3  2    84   74   85   77          7        84       105       308  1 0 0 0 0 0 0 0
      49   25   6  2  2    86   87   88   89          7        56        77       224  2 0 0 0 0 0 0 0
      50   25   7  0  2    90    0   87   91          0         7        56       168  2 0 0 0 0 0 0 0
      51   25   5  4  2     0   88    0   92          0         0        21        56  2 0 0 0 0 0 0 0
      52   25   5  2  2    89   93   94   95        147       553       798      1512  4 0 0 0 0 0 0 0
      53   25   6  0  2    91    0   93   69          0       112       518      1008  4 0 0 0 0 0 0 0
      54   26   7  0  2    96    0   97   98          0         1        14        56  0 0 0 0 0 0 0 0
      55   26   6  1  1    97   98   99  100         13        55       112       308  0 1 0 0 0 0 0 0
      56   26   6  0  2    98    0  100  101          0        42       238       518  0 2 0 0 0 0 0 0
      57   26   6  1  2   102  103  104  105         13        56       113       315  1 0 0 0 0 0 0 0
      58   26   6  0  1   103    0  105  106          0        43       245       546  1 1 0 0 0 0 0 0
      59   26   5  2  1   104  105  107  108         57       259       384       819  1 1 0 0 0 0 0 0
      60   26   5  1  2   105  106  108  109        202       503       938      1722  1 2 0 0 0 0 0 0
      61   26   5  1  1   100  101  110  111        196       476       896      1610  2 1 0 0 0 0 0 0
      62   26   5  0  2   101    0  111  112          0       280       994      1568  2 2 0 0 0 0 0 0
      63   26   5  2  2    99  100  113  110         57       253       378       798  2 0 0 0 0 0 0 0
      64   26   4  3  1   113  110  114  115        125       545       700      1204  2 1 0 0 0 0 0 0
      65   26   4  2  2   110  111  115  116        420      1134      1638      2520  2 2 0 0 0 0 0 0
      66   26   5  0  1   106    0  109  117          0       301      1085      1764  3 1 0 0 0 0 0 0
      67   26   4  2  1   108  109  118  119        435      1219      1743      2730  3 1 0 0 0 0 0 0
      68   26   4  1  2   109  117  119  120        784      1463      2450      3528  3 2 0 0 0 0 0 0
      69   26   5  0  2   121    0  122  123          0        70       280       490  4 0 0 0 0 0 0 0
      70   26   4  1  1   122  123  124  125        210       420       714      1078  4 1 0 0 0 0 0 0
      71   26   4  0  2   123    0  125  126          0       210       574       784  4 2 0 0 0 0 0 0
      72   26   7  1  2     0  127  128  102          0         1         2        15  0 0 0 0 0 0 0 0
      73   26   7  0  1   127    0  102  103          0         1        14        57  0 1 0 0 0 0 0 0
      74   26   6  2  1   128  102  129  104          1        14        20        77  0 1 0 0 0 0 0 0
      75   26   6  2  2   130   97  131   99          1        14        20        77  1 0 0 0 0 0 0 0
      76   26   5  3  1   131   99  132  113          6        63        78       203  1 1 0 0 0 0 0 0
      77   26   5  3  2   129  104  133  107          6        63        78       203  2 0 0 0 0 0 0 0
      78   26   4  4  1   133  107  134  135         15       140       160       315  2 1 0 0 0 0 0 0
      79   26   4  3  2   107  108  135  118        125       560       715      1239  2 2 0 0 0 0 0 0
      80   26   5  1  2   136  137  138  139         42       133       238       518  4 0 0 0 0 0 0 0
      81   26   5  0  1   137    0  139  140          0        91       371       686  4 1 0 0 0 0 0 0
      82   26   4  2  1   138  139  141  142        105       385       525       924  4 1 0 0 0 0 0 0
      83   26   4  1  2   139  140  142  143        280       595       994      1568  4 2 0 0 0 0 0 0
      84   26   6  3  2     0  128    0  129          0         0         1         7  1 0 0 0 0 0 0 0
      85   26   5  4  1     0  129    0  133          0         0         6        21  1 1 0 0 0 0 0 0
      86   26   6  2  2     0  144    0  145          0         0         1         7  2 0 0 0 0 0 0 0
      87   26   6  1  1   144  146  145  147          1         7        13        49  2 1 0 0 0 0 0 0
      88   26   5  3  1     0  145    0  148          0         0         6        21  2 1 0 0 0 0 0 0
      89   26   5  2  2   145  147  148  149          6        42        57       147  2 2 0 0 0 0 0 0
      90   26   7  0  2     0    0  144  146          0         0         1         7  2 0 0 0 0 0 0 0
      91   26   6  0  2   146    0  147  121          0         6        42       112  2 2 0 0 0 0 0 0
      92   26   4  4  2     0  148    0  150          0         0        15        35  2 2 0 0 0 0 0 0
      93   26   5  1  1   147  121  149  122         36       106       196       406  4 1 0 0 0 0 0 0
      94   26   4  3  1   148  149  150  151         15       105       125       245  4 1 0 0 0 0 0 0
      95   26   4  2  2   149  122  151  124         90       300       420       714  4 2 0 0 0 0 0 0
      96   27   7  0  2     0    0    0  152          0         0         0         1  0 0 0 0 0 0 0 0
      97   27   6  1  1     0  152  153  154          0         1         2        13  0 1 0 0 0 0 0 0
      98   27   6  0  2   152    0  154  155          0         1        12        42  0 2 0 0 0 0 0 0
      99   27   5  2  2   153  154  156  157          1        12        17        57  0 2 0 0 0 0 0 0
     100   27   5  1  1   154  155  157  158         11        41        81       196  0 3 0 0 0 0 0 0
     101   27   5  0  2   155    0  158  159          0        30       145       280  0 4 0 0 0 0 0 0
     102   27   6  1  2     0  160  161  162          0         1         2        13  1 0 0 0 0 0 0 0
     103   27   6  0  1   160    0  162  163          0         1        12        43  1 1 0 0 0 0 0 0
     104   27   5  2  1   161  162  164  165          1        12        17        57  1 1 0 0 0 0 0 0
     105   27   5  1  2   162  163  165  166         11        42        82       202  1 2 0 0 0 0 0 0
     106   27   5  0  1   163    0  166  167          0        31       151       301  1 3 0 0 0 0 0 0
     107   27   4  3  2   164  165  168  169          5        45        55       125  1 2 0 0 0 0 0 0
     108   27   4  2  1   165  166  169  170         40       160       230       435  1 3 0 0 0 0 0 0
     109   27   4  1  2   166  167  170  171        120       270       475       784  1 4 0 0 0 0 0 0
     110   27   4  2  2   157  158  172  173         40       155       225       420  2 2 0 0 0 0 0 0
     111   27   4  1  1   158  159  173  174        115       250       445       714  2 3 0 0 0 0 0 0
     112   27   4  0  2   159    0  174  175          0       135       404       574  2 4 0 0 0 0 0 0
     113   27   4  3  1   156  157  176  172          5        45        55       125  2 1 0 0 0 0 0 0
     114   27   3  4  2   176  172  177  178         10        80        90       155  2 2 0 0 0 0 0 0
     115   27   3  3  1   172  173  178  179         70       265       330       504  2 3 0 0 0 0 0 0
     116   27   3  2  2   173  174  179  180        195       464       638       882  2 4 0 0 0 0 0 0
     117   27   4  0  1   167    0  171  181          0       150       459       679  3 3 0 0 0 0 0 0
     118   27   3  3  2   169  170  182  183         70       275       340       524  3 2 0 0 0 0 0 0
     119   27   3  2  1   170  171  183  184        205       514       698       987  3 3 0 0 0 0 0 0
     120   27   3  1  2   171  181  184  185        309       529       818      1078  3 4 0 0 0 0 0 0
     121   27   5  0  2   186    0  187  188          0         5        30        70  4 0 0 0 0 0 0 0
     122   27   4  1  1   187  188  189  190         25        65       115       210  4 1 0 0 0 0 0 0
     123   27   4  0  2   188    0  190  191          0        40       135       210  4 2 0 0 0 0 0 0
     124   27   3  2  2   189  190  192  193         50       145       195       294  4 2 0 0 0 0 0 0
     125   27   3  1  1   190  191  193  194         95       170       269       364  4 3 0 0 0 0 0 0
     126   27   3  0  2   191    0  194  195          0        75       170       210  4 4 0 0 0 0 0 0
     127   27   7  0  1     0    0    0  160          0         0         0         1  0 1 0 0 0 0 0 0
     128   27   6  2  1     0    0    0  161          0         0         0         1  0 1 0 0 0 0 0 0
     129   27   5  3  2     0  161    0  164          0         0         1         6  0 2 0 0 0 0 0 0
     130   27   6  2  2     0    0    0  153          0         0         0         1  1 0 0 0 0 0 0 0
     131   27   5  3  1     0  153    0  156          0         0         1         6  1 1 0 0 0 0 0 0
     132   27   4  4  2     0  156    0  176          0         0         5        15  1 2 0 0 0 0 0 0
     133   27   4  4  1     0  164    0  168          0         0         5        15  2 1 0 0 0 0 0 0
     134   27   3  5  2     0  168    0  196          0         0        10        20  2 2 0 0 0 0 0 0
     135   27   3  4  1   168  169  196  182         10        80        90       155  2 3 0 0 0 0 0 0
     136   27   5  1  2   197  198  199  200          1         7        12        42  4 0 0 0 0 0 0 0
     137   27   5  0  1   198    0  200  201          0         6        36        91  4 1 0 0 0 0 0 0
     138   27   4  2  1   199  200  202  203          5        35        45       105  4 1 0 0 0 0 0 0
     139   27   4  1  2   200  201  203  204         30        85       145       280  4 2 0 0 0 0 0 0
     140   27   4  0  1   201    0  204  205          0        55       190       315  4 3 0 0 0 0 0 0
     141   27   3  3  2   202  203  206  207         10        70        80       140  4 2 0 0 0 0 0 0
     142   27   3  2  1   203  204  207  208         60       195       255       399  4 3 0 0 0 0 0 0
     143   27   3  1  2   204  205  208  209        135       260       404       574  4 4 0 0 0 0 0 0
     144   27   6  1  1     0    0    0  210          0         0         0         1  2 1 0 0 0 0 0 0
     145   27   5  2  2     0  210    0  211          0         0         1         6  2 2 0 0 0 0 0 0
     146   27   6  0  2     0    0  210  186          0         0         1         6  2 2 0 0 0 0 0 0
     147   27   5  1  1   210  186  211  187          1         6        11        36  2 3 0 0 0 0 0 0
     148   27   4  3  1     0  211    0  212          0         0         5        15  2 3 0 0 0 0 0 0
     149   27   4  2  2   211  187  212  189          5        30        40        90  2 4 0 0 0 0 0 0
     150   27   3  4  2     0  212    0  213          0         0        10        20  2 4 0 0 0 0 0 0
     151   27   3  3  1   212  189  213  192         10        60        70       120  4 3 0 0 0 0 0 0
     152   28   6  0  2     0    0    0  214          0         0         0         1  0 2 0 0 0 0 0 0
     153   28   5  2  2     0    0    0  215          0         0         0         1  0 2 0 0 0 0 0 0
     154   28   5  1  1     0  214  215  216          0         1         2        11  0 3 0 0 0 0 0 0
     155   28   5  0  2   214    0  216  217          0         1        10        30  0 4 0 0 0 0 0 0
     156   28   4  3  1     0  215    0  218          0         0         1         5  0 3 0 0 0 0 0 0
     157   28   4  2  2   215  216  218  219          1        10        14        40  0 4 0 0 0 0 0 0
     158   28   4  1  1   216  217  219  220          9        29        55       115  0 5 0 0 0 0 0 0
     159   28   4  0  2   217    0  220  221          0        20        80       135  0 6 0 0 0 0 0 0
     160   28   6  0  1     0    0    0  222          0         0         0         1  1 1 0 0 0 0 0 0
     161   28   5  2  1     0    0    0  223          0         0         0         1  1 1 0 0 0 0 0 0
     162   28   5  1  2     0  222  223  224          0         1         2        11  1 2 0 0 0 0 0 0
     163   28   5  0  1   222    0  224  225          0         1        10        31  1 3 0 0 0 0 0 0
     164   28   4  3  2     0  223    0  226          0         0         1         5  1 2 0 0 0 0 0 0
     165   28   4  2  1   223  224  226  227          1        10        14        40  1 3 0 0 0 0 0 0
     166   28   4  1  2   224  225  227  228          9        30        56       120  1 4 0 0 0 0 0 0
     167   28   4  0  1   225    0  228  229          0        21        85       150  1 5 0 0 0 0 0 0
     168   28   3  4  1     0  226    0  230          0         0         4        10  1 3 0 0 0 0 0 0
     169   28   3  3  2   226  227  230  231          4        30        36        70  1 4 0 0 0 0 0 0
     170   28   3  2  1   227  228  231  232         26        90       124       205  1 5 0 0 0 0 0 0
     171   28   3  1  2   228  229  232  233         64       129       210       309  1 6 0 0 0 0 0 0
     172   28   3  3  1   218  219  234  235          4        30        36        70  2 3 0 0 0 0 0 0
     173   28   3  2  2   219  220  235  236         26        86       120       195  2 4 0 0 0 0 0 0
     174   28   3  1  1   220  221  236  237         60       115       190       269  2 5 0 0 0 0 0 0
     175   28   3  0  2   221    0  237  238          0        55       134       170  2 6 0 0 0 0 0 0
     176   28   3  4  2     0  218    0  234          0         0         4        10  2 2 0 0 0 0 0 0
     177   28   2  5  1     0  234    0  239          0         0         6        10  2 3 0 0 0 0 0 0
     178   28   2  4  2   234  235  239  240          6        40        44        65  2 4 0 0 0 0 0 0
     179   28   2  3  1   235  236  240  241         34       109       130       174  2 5 0 0 0 0 0 0
     180   28   2  2  2   236  237  241  242         75       154       198       244  2 6 0 0 0 0 0 0
     181   28   3  0  1   229    0  233  243          0        65       164       220  3 5 0 0 0 0 0 0
     182   28   2  4  1   230  231  244  245          6        40        44        65  3 3 0 0 0 0 0 0
     183   28   2  3  2   231  232  245  246         34       115       136       184  3 4 0 0 0 0 0 0
     184   28   2  2  1   232  233  246  247         81       180       228       289  3 5 0 0 0 0 0 0
     185   28   2  1  2   233  243  247  248         99       155       216       260  3 6 0 0 0 0 0 0
     186   28   5  0  2     0    0  249  250          0         0         1         5  4 0 0 0 0 0 0 0
     187   28   4  1  1   249  250  251  252          1         5         9        25  4 1 0 0 0 0 0 0
     188   28   4  0  2   250    0  252  253          0         4        20        40  4 2 0 0 0 0 0 0
     189   28   3  2  2   251  252  254  255          4        20        26        50  4 2 0 0 0 0 0 0
     190   28   3  1  1   252  253  255  256         16        36        60        95  4 3 0 0 0 0 0 0
     191   28   3  0  2   253    0  256  257          0        20        55        75  4 4 0 0 0 0 0 0
     192   28   2  3  1   254  255  258  259          6        30        34        50  4 3 0 0 0 0 0 0
     193   28   2  2  2   255  256  259  260         24        59        75        99  4 4 0 0 0 0 0 0
     194   28   2  1  1   256  257  260  261         35        55        79        95  4 5 0 0 0 0 0 0
     195   28   2  0  2   257    0  261  262          0        20        36        40  4 6 0 0 0 0 0 0
     196   28   2  5  2     0  230    0  244          0         0         6        10  2 4 0 0 0 0 0 0
     197   28   5  1  2     0    0    0  263          0         0         0         1  4 0 0 0 0 0 0 0
     198   28   5  0  1     0    0  263  264          0         0         1         6  4 1 0 0 0 0 0 0
     199   28   4  2  1     0  263    0  265          0         0         1         5  4 1 0 0 0 0 0 0
     200   28   4  1  2   263  264  265  266          1         6        10        30  4 2 0 0 0 0 0 0
     201   28   4  0  1   264    0  266  267          0         5        25        55  4 3 0 0 0 0 0 0
     202   28   3  3  2     0  265    0  268          0         0         4        10  4 2 0 0 0 0 0 0
     203   28   3  2  1   265  266  268  269          4        24        30        60  4 3 0 0 0 0 0 0
     204   28   3  1  2   266  267  269  270         20        50        80       135  4 4 0 0 0 0 0 0
     205   28   3  0  1   267    0  270  271          0        30        85       125  4 5 0 0 0 0 0 0
     206   28   2  4  1     0  268    0  272          0         0         6        10  4 3 0 0 0 0 0 0
     207   28   2  3  2   268  269  272  273          6        36        40        60  4 4 0 0 0 0 0 0
     208   28   2  2  1   269  270  273  274         30        85       105       144  4 5 0 0 0 0 0 0
     209   28   2  1  2   270  271  274  275         55        95       134       170  4 6 0 0 0 0 0 0
     210   28   5  1  1     0    0    0  249          0         0         0         1  2 3 0 0 0 0 0 0
     211   28   4  2  2     0  249    0  251          0         0         1         5  2 4 0 0 0 0 0 0
     212   28   3  3  1     0  251    0  254          0         0         4        10  2 5 0 0 0 0 0 0
     213   28   2  4  2     0  254    0  258          0         0         6        10  2 6 0 0 0 0 0 0
     214   29   5  0  2     0    0    0  276          0         0         0         1  0 4 0 0 0 0 0 0
     215   29   4  2  2     0    0    0  277          0         0         0         1  0 4 0 0 0 0 0 0
     216   29   4  1  1     0  276  277  278          0         1         2         9  0 5 0 0 0 0 0 0
     217   29   4  0  2   276    0  278  279          0         1         8        20  0 6 0 0 0 0 0 0
     218   29   3  3  1     0  277    0  280          0         0         1         4  0 5 0 0 0 0 0 0
     219   29   3  2  2   277  278  280  281          1         8        11        26  0 6 0 0 0 0 0 0
     220   29   3  1  1   278  279  281  282          7        19        34        60  0 7 0 0 0 0 0 0
     221   29   3  0  2   279    0  282  283          0        12        38        55  0 8 0 0 0 0 0 0
     222   29   5  0  1     0    0    0  284          0         0         0         1  1 3 0 0 0 0 0 0
     223   29   4  2  1     0    0    0  285          0         0         0         1  1 3 0 0 0 0 0 0
     224   29   4  1  2     0  284  285  286          0         1         2         9  1 4 0 0 0 0 0 0
     225   29   4  0  1   284    0  286  287          0         1         8        21  1 5 0 0 0 0 0 0
     226   29   3  3  2     0  285    0  288          0         0         1         4  1 4 0 0 0 0 0 0
     227   29   3  2  1   285  286  288  289          1         8        11        26  1 5 0 0 0 0 0 0
     228   29   3  1  2   286  287  289  290          7        20        35        64  1 6 0 0 0 0 0 0
     229   29   3  0  1   287    0  290  291          0        13        42        65  1 7 0 0 0 0 0 0
     230   29   2  4  1     0  288    0  292          0         0         3         6  1 5 0 0 0 0 0 0
     231   29   2  3  2   288  289  292  293          3        18        21        34  1 6 0 0 0 0 0 0
     232   29   2  2  1   289  290  293  294         15        44        57        81  1 7 0 0 0 0 0 0
     233   29   2  1  2   290  291  294  295         29        52        76        99  1 8 0 0 0 0 0 0
     234   29   2  4  2     0  280    0  296          0         0         3         6  2 4 0 0 0 0 0 0
     235   29   2  3  1   280  281  296  297          3        18        21        34  2 5 0 0 0 0 0 0
     236   29   2  2  2   281  282  297  298         15        41        54        75  2 6 0 0 0 0 0 0
     237   29   2  1  1   282  283  298  299         26        43        64        79  2 7 0 0 0 0 0 0
     238   29   2  0  2   283    0  299  300          0        17        32        36  2 8 0 0 0 0 0 0
     239   29   1  5  1     0  296    0  301          0         0         3         4  2 5 0 0 0 0 0 0
     240   29   1  4  2   296  297  301  302          3        16        17        21  2 6 0 0 0 0 0 0
     241   29   1  3  1   297  298  302  303         13        34        38        44  2 7 0 0 0 0 0 0
     242   29   1  2  2   298  299  303  304         21        36        42        46  2 8 0 0 0 0 0 0
     243   29   2  0  1   291    0  295  305          0        23        46        56  3 7 0 0 0 0 0 0
     244   29   1  5  2     0  292    0  306          0         0         3         4  3 4 0 0 0 0 0 0
     245   29   1  4  1   292  293  306  307          3        16        17        21  3 5 0 0 0 0 0 0
     246   29   1  3  2   293  294  307  308         13        37        41        48  3 6 0 0 0 0 0 0
     247   29   1  2  1   294  295  308  309         24        47        54        61  3 7 0 0 0 0 0 0
     248   29   1  1  2   295  305  309  310         23        33        40        44  3 8 0 0 0 0 0 0
     249   29   4  1  1     0    0    0  311          0         0         0         1  4 1 0 0 0 0 0 0
     250   29   4  0  2     0    0  311  312          0         0         1         4  4 2 0 0 0 0 0 0
     251   29   3  2  2     0  311    0  313          0         0         1         4  4 2 0 0 0 0 0 0
     252   29   3  1  1   311  312  313  314          1         4         7        16  4 3 0 0 0 0 0 0
     253   29   3  0  2   312    0  314  315          0         3        12        20  4 4 0 0 0 0 0 0
     254   29   2  3  1     0  313    0  316          0         0         3         6  4 3 0 0 0 0 0 0
     255   29   2  2  2   313  314  316  317          3        12        15        24  4 4 0 0 0 0 0 0
     256   29   2  1  1   314  315  317  318          9        17        26        35  4 5 0 0 0 0 0 0
     257   29   2  0  2   315    0  318  319          0         8        17        20  4 6 0 0 0 0 0 0
     258   29   1  4  2     0  316    0  320          0         0         3         4  4 4 0 0 0 0 0 0
     259   29   1  3  1   316  317  320  321          3        12        13        16  4 5 0 0 0 0 0 0
     260   29   1  2  2   317  318  321  322          9        18        21        24  4 6 0 0 0 0 0 0
     261   29   1  1  1   318  319  322  323          9        12        15        16  4 7 0 0 0 0 0 0
     262   29   1  0  2   319    0  323    0          0         3         0         4  4 8 0 0 0 0 0 0
     263   29   4  1  2     0    0    0  324          0         0         0         1  4 2 0 0 0 0 0 0
     264   29   4  0  1     0    0  324  325          0         0         1         5  4 3 0 0 0 0 0 0
     265   29   3  2  1     0  324    0  326          0         0         1         4  4 3 0 0 0 0 0 0
     266   29   3  1  2   324  325  326  327          1         5         8        20  4 4 0 0 0 0 0 0
     267   29   3  0  1   325    0  327  328          0         4        16        30  4 5 0 0 0 0 0 0
     268   29   2  3  2     0  326    0  329          0         0         3         6  4 4 0 0 0 0 0 0
     269   29   2  2  1   326  327  329  330          3        15        18        30  4 5 0 0 0 0 0 0
     270   29   2  1  2   327  328  330  331         12        26        38        55  4 6 0 0 0 0 0 0
     271   29   2  0  1   328    0  331  332          0        14        31        40  4 7 0 0 0 0 0 0
     272   29   1  4  1     0  329    0  333          0         0         3         4  4 5 0 0 0 0 0 0
     273   29   1  3  2   329  330  333  334          3        15        16        20  4 6 0 0 0 0 0 0
     274   29   1  2  1   330  331  334  335         12        29        33        39  4 7 0 0 0 0 0 0
     275   29   1  1  2   331  332  335  310         17        26        32        36  4 8 0 0 0 0 0 0
     276   30   4  0  2     0    0    0  336          0         0         0         1  0 6 0 0 0 0 0 0
     277   30   3  2  2     0    0    0  337          0         0         0         1  0 6 0 0 0 0 0 0
     278   30   3  1  1     0  336  337  338          0         1         2         7  0 7 0 0 0 0 0 0
     279   30   3  0  2   336    0  338  339          0         1         6        12  0 8 0 0 0 0 0 0
     280   30   2  3  1     0  337    0  340          0         0         1         3  0 7 0 0 0 0 0 0
     281   30   2  2  2   337  338  340  341          1         6         8        15  0 8 0 0 0 0 0 0
     282   30   2  1  1   338  339  341  342          5        11        18        26  0 9 0 0 0 0 0 0
     283   30   2  0  2   339    0  342  343          0         6        14        17  010 0 0 0 0 0 0
     284   30   4  0  1     0    0    0  344          0         0         0         1  1 5 0 0 0 0 0 0
     285   30   3  2  1     0    0    0  345          0         0         0         1  1 5 0 0 0 0 0 0
     286   30   3  1  2     0  344  345  346          0         1         2         7  1 6 0 0 0 0 0 0
     287   30   3  0  1   344    0  346  347          0         1         6        13  1 7 0 0 0 0 0 0
     288   30   2  3  2     0  345    0  348          0         0         1         3  1 6 0 0 0 0 0 0
     289   30   2  2  1   345  346  348  349          1         6         8        15  1 7 0 0 0 0 0 0
     290   30   2  1  2   346  347  349  350          5        12        19        29  1 8 0 0 0 0 0 0
     291   30   2  0  1   347    0  350  351          0         7        17        23  1 9 0 0 0 0 0 0
     292   30   1  4  1     0  348    0  352          0         0         2         3  1 7 0 0 0 0 0 0
     293   30   1  3  2   348  349  352  353          2         9        10        13  1 8 0 0 0 0 0 0
     294   30   1  2  1   349  350  353  354          7        17        20        24  1 9 0 0 0 0 0 0
     295   30   1  1  2   350  351  354  355         10        16        20        23  110 0 0 0 0 0 0
     296   30   1  4  2     0  340    0  356          0         0         2         3  2 6 0 0 0 0 0 0
     297   30   1  3  1   340  341  356  357          2         9        10        13  2 7 0 0 0 0 0 0
     298   30   1  2  2   341  342  357  358          7        15        18        21  2 8 0 0 0 0 0 0
     299   30   1  1  1   342  343  358  359          8        11        14        15  2 9 0 0 0 0 0 0
     300   30   1  0  2   343    0  359    0          0         3         0         4  210 0 0 0 0 0 0
     301   30   0  5  1     0  356    0    0          0         0         0         1  2 7 0 0 0 0 0 0
     302   30   0  4  2   356  357    0    0          1         0         0         4  2 8 0 0 0 0 0 0
     303   30   0  3  1   357  358    0    0          3         0         0         6  2 9 0 0 0 0 0 0
     304   30   0  2  2   358  359    0    0          3         0         0         4  210 0 0 0 0 0 0
     305   30   1  0  1   351    0  355  360          0         6         9        10  3 9 0 0 0 0 0 0
     306   30   0  5  2     0  352    0    0          0         0         0         1  3 6 0 0 0 0 0 0
     307   30   0  4  1   352  353    0    0          1         0         0         4  3 7 0 0 0 0 0 0
     308   30   0  3  2   353  354    0    0          3         0         0         7  3 8 0 0 0 0 0 0
     309   30   0  2  1   354  355    0    0          4         0         0         7  3 9 0 0 0 0 0 0
     310   30   0  1  2   355  360    0    0          3         0         0         4  310 0 0 0 0 0 0
     311   30   3  1  1     0    0    0  361          0         0         0         1  4 3 0 0 0 0 0 0
     312   30   3  0  2     0    0  361  362          0         0         1         3  4 4 0 0 0 0 0 0
     313   30   2  2  2     0  361    0  363          0         0         1         3  4 4 0 0 0 0 0 0
     314   30   2  1  1   361  362  363  364          1         3         5         9  4 5 0 0 0 0 0 0
     315   30   2  0  2   362    0  364  365          0         2         6         8  4 6 0 0 0 0 0 0
     316   30   1  3  1     0  363    0  366          0         0         2         3  4 5 0 0 0 0 0 0
     317   30   1  2  2   363  364  366  367          2         6         7         9  4 6 0 0 0 0 0 0
     318   30   1  1  1   364  365  367  359          4         6         8         9  4 7 0 0 0 0 0 0
     319   30   1  0  2   365    0  359    0          0         2         0         3  4 8 0 0 0 0 0 0
     320   30   0  4  2     0  366    0    0          0         0         0         1  4 6 0 0 0 0 0 0
     321   30   0  3  1   366  367    0    0          1         0         0         3  4 7 0 0 0 0 0 0
     322   30   0  2  2   367  359    0    0          2         0         0         3  4 8 0 0 0 0 0 0
     323   30   0  1  1   359    0    0    0          0         0         0         1  4 9 0 0 0 0 0 0
     324   30   3  1  2     0    0    0  368          0         0         0         1  4 4 0 0 0 0 0 0
     325   30   3  0  1     0    0  368  369          0         0         1         4  4 5 0 0 0 0 0 0
     326   30   2  2  1     0  368    0  370          0         0         1         3  4 5 0 0 0 0 0 0
     327   30   2  1  2   368  369  370  371          1         4         6        12  4 6 0 0 0 0 0 0
     328   30   2  0  1   369    0  371  372          0         3         9        14  4 7 0 0 0 0 0 0
     329   30   1  3  2     0  370    0  373          0         0         2         3  4 6 0 0 0 0 0 0
     330   30   1  2  1   370  371  373  374          2         8         9        12  4 7 0 0 0 0 0 0
     331   30   1  1  2   371  372  374  355          6        11        14        17  4 8 0 0 0 0 0 0
     332   30   1  0  1   372    0  355  360          0         5         8         9  4 9 0 0 0 0 0 0
     333   30   0  4  1     0  373    0    0          0         0         0         1  4 7 0 0 0 0 0 0
     334   30   0  3  2   373  374    0    0          1         0         0         4  4 8 0 0 0 0 0 0
     335   30   0  2  1   374  355    0    0          3         0         0         6  4 9 0 0 0 0 0 0
     336   31   3  0  2     0    0    0  375          0         0         0         1  0 8 0 0 0 0 0 0
     337   31   2  2  2     0    0    0  376          0         0         0         1  0 8 0 0 0 0 0 0
     338   31   2  1  1     0  375  376  377          0         1         2         5  0 9 0 0 0 0 0 0
     339   31   2  0  2   375    0  377  378          0         1         4         6  010 0 0 0 0 0 0
     340   31   1  3  1     0  376    0  379          0         0         1         2  0 9 0 0 0 0 0 0
     341   31   1  2  2   376  377  379  380          1         4         5         7  010 0 0 0 0 0 0
     342   31   1  1  1   377  378  380  381          3         5         7         8  011 0 0 0 0 0 0
     343   31   1  0  2   378    0  381    0          0         2         0         3  012 0 0 0 0 0 0
     344   31   3  0  1     0    0    0  382          0         0         0         1  1 7 0 0 0 0 0 0
     345   31   2  2  1     0    0    0  383          0         0         0         1  1 7 0 0 0 0 0 0
     346   31   2  1  2     0  382  383  384          0         1         2         5  1 8 0 0 0 0 0 0
     347   31   2  0  1   382    0  384  385          0         1         4         7  1 9 0 0 0 0 0 0
     348   31   1  3  2     0  383    0  386          0         0         1         2  1 8 0 0 0 0 0 0
     349   31   1  2  1   383  384  386  387          1         4         5         7  1 9 0 0 0 0 0 0
     350   31   1  1  2   384  385  387  388          3         6         8        10  110 0 0 0 0 0 0
     351   31   1  0  1   385    0  388  389          0         3         5         6  111 0 0 0 0 0 0
     352   31   0  4  1     0  386    0    0          0         0         0         1  1 9 0 0 0 0 0 0
     353   31   0  3  2   386  387    0    0          1         0         0         3  110 0 0 0 0 0 0
     354   31   0  2  1   387  388    0    0          2         0         0         4  111 0 0 0 0 0 0
     355   31   0  1  2   388  389    0    0          2         0         0         3  112 0 0 0 0 0 0
     356   31   0  4  2     0  379    0    0          0         0         0         1  2 8 0 0 0 0 0 0
     357   31   0  3  1   379  380    0    0          1         0         0         3  2 9 0 0 0 0 0 0
     358   31   0  2  2   380  381    0    0          2         0         0         3  210 0 0 0 0 0 0
     359   31   0  1  1   381    0    0    0          0         0         0         1  211 0 0 0 0 0 0
     360   31   0  0  1   389    0    0    0          0         0         0         1  311 0 0 0 0 0 0
     361   31   2  1  1     0    0    0  390          0         0         0         1  4 5 0 0 0 0 0 0
     362   31   2  0  2     0    0  390  391          0         0         1         2  4 6 0 0 0 0 0 0
     363   31   1  2  2     0  390    0  392          0         0         1         2  4 6 0 0 0 0 0 0
     364   31   1  1  1   390  391  392  381          1         2         3         4  4 7 0 0 0 0 0 0
     365   31   1  0  2   391    0  381    0          0         1         0         2  4 8 0 0 0 0 0 0
     366   31   0  3  1     0  392    0    0          0         0         0         1  4 7 0 0 0 0 0 0
     367   31   0  2  2   392  381    0    0          1         0         0         2  4 8 0 0 0 0 0 0
     368   31   2  1  2     0    0    0  393          0         0         0         1  4 6 0 0 0 0 0 0
     369   31   2  0  1     0    0  393  394          0         0         1         3  4 7 0 0 0 0 0 0
     370   31   1  2  1     0  393    0  395          0         0         1         2  4 7 0 0 0 0 0 0
     371   31   1  1  2   393  394  395  388          1         3         4         6  4 8 0 0 0 0 0 0
     372   31   1  0  1   394    0  388  389          0         2         4         5  4 9 0 0 0 0 0 0
     373   31   0  3  2     0  395    0    0          0         0         0         1  4 8 0 0 0 0 0 0
     374   31   0  2  1   395  388    0    0          1         0         0         3  4 9 0 0 0 0 0 0
     375   32   2  0  2     0    0    0  396          0         0         0         1  010 0 0 0 0 0 0
     376   32   1  2  2     0    0    0  397          0         0         0         1  010 0 0 0 0 0 0
     377   32   1  1  1     0  396  397  398          0         1         2         3  011 0 0 0 0 0 0
     378   32   1  0  2   396    0  398 2442          0         1         0         2  012 0 0 0 0 0 0
     379   32   0  3  1     0  397    0    0          0         0         0         1  011 0 0 0 0 0 0
     380   32   0  2  2   397  398    0    0          1         0         0         2  012 0 0 0 0 0 0
     381   32   0  1  1   398 2442    0    0          0         0         0         1  013 0 0 0 0 0 0
     382   32   2  0  1     0    0    0  399          0         0         0         1  1 9 0 0 0 0 0 0
     383   32   1  2  1     0    0    0  400          0         0         0         1  1 9 0 0 0 0 0 0
     384   32   1  1  2     0  399  400  401          0         1         2         3  110 0 0 0 0 0 0
     385   32   1  0  1   399    0  401  402          0         1         2         3  111 0 0 0 0 0 0
     386   32   0  3  2     0  400    0    0          0         0         0         1  110 0 0 0 0 0 0
     387   32   0  2  1   400  401    0    0          1         0         0         2  111 0 0 0 0 0 0
     388   32   0  1  2   401  402    0    0          1         0         0         2  112 0 0 0 0 0 0
     389   32   0  0  1   402    0    0    0          0         0         0         1  113 0 0 0 0 0 0
     390   32   1  1  1     0    0    0  398          0         0         0         1  4 7 0 0 0 0 0 0
     391   32   1  0  2     0    0  398 2442          0         0         0         1  4 8 0 0 0 0 0 0
     392   32   0  2  2     0  398    0    0          0         0         0         1  4 8 0 0 0 0 0 0
     393   32   1  1  2     0    0    0  401          0         0         0         1  4 8 0 0 0 0 0 0
     394   32   1  0  1     0    0  401  402          0         0         1         2  4 9 0 0 0 0 0 0
     395   32   0  2  1     0  401    0    0          0         0         0         1  4 9 0 0 0 0 0 0
     396   33   1  0  2  2447    0 2448 2449          0         0         0         1  012 0 0 0 0 0 0
     397   33   0  2  2     0    0    0    0          0         0         0         1  012 0 0 0 0 0 0
     398   33   0  1  1     0    0    0    0          0         0         0         1  013 0 0 0 0 0 0
     399   33   1  0  1     0    0    0    0          0         0         0         1  111 0 0 0 0 0 0
     400   33   0  2  1     0    0    0    0          0         0         0         1  111 0 0 0 0 0 0
     401   33   0  1  2     0    0    0    0          0         0         0         1  112 0 0 0 0 0 0
     402   33   0  0  1     0    0    0    0          0         0         0         1  113 0 0 0 0 0 0
