#!awk.bdf.output
====================== BDF version information ============================
commit 15a5aac1bbb5a2a101a9aa715fa1cdc141611229
Author: Yibo Lei <leiyb@nwu.edu.cn>
Date:   Sun Jan 16 18:50:00 2022 +0800

    change Vircut to VSD and add Pre-CMO by MCSCF MOs and refine ploop search of xianci
===========================================================================
BDFHOME =  /apps/software/bdf-pkg
BDF_TMPDIR = /tmp
BDF_MPIRUN =  None
BDF_MPIROOT =  None
|---------------------------------------------------------------------|
 Could not find mpirun. Set to serial running ...


(' BDFHOME     = ', '/apps/users/lcz/bdf-pkg')
(' BDF_WORKDIR = ', '/apps/users/lcz/exe3/exe3/task1/STO-3G/BDF')
(' BDF_TMPDIR  = ', '/scratch/propeneSP_343')
(' BDFTASK     = ', 'propeneSP')

  BDF parallel running information ...
('  BDF_MASTER_NODE', 'cnode07')
('  BDF_MPIROOT = ', 'None')
  Total number of computational nodes   = 1
  Number of processes per node          = 1
  Number of openmp threads per process  = 8


('  Singlepoint_task = ', True)
('  Fragmp2_task     = ', False)


$compass
title
propene sp 6-31g(d)
basis
6-31g(d)
Geometry
C 1.273694 0.103415 0.000000
C 0.000000 0.519712 0.000000
C -1.131346 -0.495403 0.000000
H 1.496403 -0.953373 0.000000
H 2.077545 0.824680 0.000000
H -0.222709 1.576500 0.000000
H -2.088089 0.026845 0.000000
H -1.058621 -1.120498 0.889981
H -1.058621 -1.120498 -0.889981
end Geometry
check
$end
$xuanyuan
$end
$scf
rhf
$end
('tmpstdin ', True)
('npro is ', 1)
('\n BDF command: ', '/apps/users/lcz/bdf-pkg/bin/compass.x /scratch/propeneSP_343/propeneSPXX0.compass.inp')
  BDF process        0 of        1 on Serial  
 
|******************************************************************************|
 
    Start running module compass
    Current time   2022-05-02  11:23:17
 
|******************************************************************************|

 ++++++++++ Reading compass input ++++++++++++++++++
 TITLE
 BASIS
 Failed to find basis set 6-31G(D). Search for alternative spellings...
 Input Basis set is 6-31GP
 Spherical GTO 5d,7f
 GEOMETRY
 C       1.27369400      0.10341500      0.00000000
 C       0.00000000      0.51971200      0.00000000
 C      -1.13134600     -0.49540300      0.00000000
 H       1.49640300     -0.95337300      0.00000000
 H       2.07754500      0.82468000      0.00000000
 H      -0.22270900      1.57650000      0.00000000
 H      -2.08808900      0.02684500      0.00000000
 H      -1.05862100     -1.12049800      0.88998100
 H      -1.05862100     -1.12049800     -0.88998100
 Number of atoms:        9
 CHECK
 $END
 ++++++++++ End of reading compass input +++++++++++++


|-------------------------------------------------------------------------------------------|

 Atom           Cartcoord(Bohr)                 Charge Basis Auxbas Uatom Nstab Alink  Mass
  C        2.406933     0.195426     0.000000     6.00    1     0     0     0   E     11.9967
  C        0.000000     0.982113     0.000000     6.00    1     0     0     0   E     11.9967
  C       -2.137934    -0.936176     0.000000     6.00    1     0     0     0   E     11.9967
  H        2.827792    -1.801614     0.000000     1.00    2     0     0     0   E      1.0073
  H        3.925991     1.558419     0.000000     1.00    2     0     0     0   E      1.0073
  H       -0.420859     2.979153     0.000000     1.00    2     0     0     0   E      1.0073
  H       -3.945916     0.050730     0.000000     1.00    2     0     0     0   E      1.0073
  H       -2.000504    -2.117434     1.681820     1.00    2     0     0     0   E      1.0073
  H       -2.000504    -2.117434    -1.681820     1.00    2     0     0     0   E      1.0073
 
|--------------------------------------------------------------------------------------------|

  End of reading atomic basis sets ..
 Printing basis sets for checking ....

 Atomic label:  C    6
 Maximum L  2 10s4p1d ----> 3s2p1d NBF =  14
 #--->s function
      Exp Coef          Norm Coef       Con Coef
          3047.524880   0.103628E+04    0.001835    0.000000    0.000000
           457.369518   0.249871E+03    0.014037    0.000000    0.000000
           103.948685   0.822487E+02    0.068843    0.000000    0.000000
            29.210155   0.317443E+02    0.232184    0.000000    0.000000
             9.286663   0.134403E+02    0.467941    0.000000    0.000000
             3.163927   0.599356E+01    0.362312    0.000000    0.000000
             7.868272   0.118693E+02    0.000000   -0.119332    0.000000
             1.881289   0.405842E+01    0.000000   -0.160854    0.000000
             0.544249   0.160090E+01    0.000000    1.143456    0.000000
             0.168714   0.665088E+00    0.000000    0.000000    1.000000
 #--->p function
      Exp Coef          Norm Coef       Con Coef
             7.868272   0.384444E+02    0.068999    0.000000
             1.881289   0.642767E+01    0.316424    0.000000
             0.544249   0.136374E+01    0.744308    0.000000
             0.168714   0.315446E+00    0.000000    1.000000
 #--->d function
      Exp Coef          Norm Coef       Con Coef
             0.800000   0.176578E+01    1.000000
 

 Atomic label:  H    1
 Maximum L  0 4s ----> 2s NBF =   2
 #--->s function
      Exp Coef          Norm Coef       Con Coef
            18.731137   0.227477E+02    0.033495    0.000000
             2.825394   0.550585E+01    0.234727    0.000000
             0.640122   0.180806E+01    0.813757    0.000000
             0.161278   0.642978E+00    0.000000    1.000000
 
 
 Atomic masses
   11.9967   11.9967   11.9967    1.0073    1.0073
    1.0073    1.0073    1.0073    1.0073

 Molecular center of mass
         0.03809686     0.03418318     0.00000000

 Molecular center of nuclear charge
        -0.00000031    -0.00000000     0.00000000
 [molesym]
 
 Auto decide molecular point group! Rotate coordinates into standard orientation!
 Threshold= 0.10000E-08 0.10000E-11 0.10000E-03
 
 zgeomsort being called!
gsym: CS  , noper=    2
 Exiting zgeomsort....
 Representation generated
  Binary group is observed ...
  Point group name C(S)                         2
  User set point group as C(S)    
  Largest Abelian Subgroup C(S)                         2
 Representation generated
 C|S|)|                     1
 Symmetry check OK
 Molecule has been symmetrized
  Number of symmery unique centers:                      8

|-------------------------------------------------------------------------------------------|

 Atom           Cartcoord(Bohr)                 Charge Basis Auxbas Uatom Nstab Alink  Mass
  C        1.092262     2.153713     0.000000     6.00    1     0     0     0   E     11.9967
  C       -0.837086     0.513647     0.000000     6.00    1     0     0     0   E     11.9967
  C       -0.320211    -2.311850     0.000000     6.00    1     0     0     0   E     11.9967
  H        3.014513     1.467970     0.000000     1.00    2     0     0     0   E      1.0073
  H        0.725010     4.161303     0.000000     1.00    2     0     0     0   E      1.0073
  H       -2.759336     1.199391     0.000000     1.00    2     0     0     0   E      1.0073
  H       -2.106959    -3.336697     0.000000     1.00    2     0     0     0   E      1.0073
  H        0.758490    -2.812514     1.681820     1.00    2     0     0     0   E      1.0073
  H        0.758490    -2.812514    -1.681820     1.00    2     0     0     0   E      1.0073
 
|--------------------------------------------------------------------------------------------|

Number of irreps:    2
IRREP:   1   1   2
DIMEN:   1   1   1

 Irreps of multipole moment operators ...
 Operator  Component    Irrep       Row
  Dipole       x           A'          1
  Dipole       y           A'          1
  Dipole       z           A''         1
  Quadpole     xx          A'          1
  Quadpole     xy          A'          1
  Quadpole     yy          A'          1
  Quadpole     xz          A''         1
  Quadpole     yz          A''         1
  Quadpole     zz          A'          1
 
 Print Multiplication table of irreps
 A'   *A'   =A'   ;  A''  *A'   =A''  ;  A'   *A''  =A''  ;  A''  *A''  =A'   ; 
 
 Generate symmetry adapted orbital ...
 Print Multab
  1  2
  2  1

|--------------------------------------------------|
          Symmetry adapted orbital                   

  Total number of basis functions:      54      54

  Number of irreps:   2
  Irrep :   A'        A''     
  Norb  :     40        14
|--------------------------------------------------|

Total number of shells:       15
 R max for this shell (Bohr)   12.2199999999998       9.681427918018884E-011
 R max for this shell (Bohr)   12.0299999999998       9.828675664729797E-011
 R max for this shell (Bohr)   5.83999999999996       9.317954812948633E-011
 R max for this shell (Bohr)   12.4899999999998       9.893148649729882E-011
 
Number of atoms:       9
Number of basis functions:      54
 
 
 ++++++++  DATA CHECK +++++++++++++++++++++++++++++++++
  CHECKDATA:COMPASS:C(S)    
  CHECKDATA:COMPASS:NATOM :        9
  CHECKDATA:COMPASS:NBAS  :       54
 ++++++++++ END DATA CHECK ++++++++++++++++++++++++++++
 
|******************************************************************************|
 
    Total cpu     time:          0.01  S
    Total system  time:          0.02  S
    Total wall    time:          0.10  S
 
    Current time   2022-05-02  11:23:17
    End running module compass
|******************************************************************************|
 
('tmpstdin ', True)
('npro is ', 1)
('\n BDF command: ', '/apps/users/lcz/bdf-pkg/bin/xuanyuan.x /scratch/propeneSP_343/propeneSPXX1.xuanyuan.inp')
  BDF process        0 of        1 on Serial  
 
|******************************************************************************|
 
    Start running module xuanyuan
    Current time   2022-05-02  11:23:17
 
|******************************************************************************|

|-------------------------------------------------------------------------------------------|

 Atom           Cartcoord(Bohr)                 Charge Basis Auxbas Uatom Nstab Alink  Mass
  C        1.092262     2.153713     0.000000     6.00    1     0     1     2   E     11.9967
  C       -0.837086     0.513647     0.000000     6.00    1     0     1     2   E     11.9967
  C       -0.320211    -2.311850     0.000000     6.00    1     0     1     2   E     11.9967
  H        3.014513     1.467970     0.000000     1.00    2     0     1     2   E      1.0073
  H        0.725010     4.161303     0.000000     1.00    2     0     1     2   E      1.0073
  H       -2.759336     1.199391     0.000000     1.00    2     0     1     2   E      1.0073
  H       -2.106959    -3.336697     0.000000     1.00    2     0     1     2   E      1.0073
  H        0.758490    -2.812514     1.681820     1.00    2     0     1     1   E      1.0073
  H        0.758490    -2.812514    -1.681820     1.00    2     0     0     0   E      1.0073
 
|--------------------------------------------------------------------------------------------|

 $xuanyuan                                                                      
                                          
 $end                                                                           
                                          
  Mass polarization term:  F
 Total nuclear charge :         24.00
 Nuclear repulsion energy :      70.7860045987 a.u.

 Total number of primitive  basis sets :          105
 Total number of prim-cart  basis sets :          108
 Total number of contracted basis sets :           54

  Estimate memory for calculating 2e integrals...
 Minium memory to calculate ERIs:        1.460 M

[aoint_1e]
  Calculating one electron integrals ...
  S T and V integrals ....
  Dipole and Quadupole integrals ....
  Finish calculating one electron integrals ...
 
 ---------------------------------------------------------------
  Timing to calculate 1-electronic integrals                                      
 
  CPU TIME(S)      SYSTEM TIME(S)     WALL TIME(S)
          0.010            0.070               0.010
 ---------------------------------------------------------------
 
 Finish calculating 1e integral ...
 Direct SCF required. Skip 2e integral!
 Set significant shell pairs!

 Number of significant pairs:      106
 Timing caluclate K2 integrals.
 CPU:       0.02 SYS:       0.00 WALL:       0.01
 lenk2                  2450                     9
|******************************************************************************|
 
    Total cpu     time:          0.08  S
    Total system  time:          0.09  S
    Total wall    time:          0.13  S
 
    Current time   2022-05-02  11:23:18
    End running module xuanyuan
|******************************************************************************|
 
('tmpstdin ', True)
('npro is ', 1)
('\n BDF command: ', '/apps/users/lcz/bdf-pkg/bin/scf.x /scratch/propeneSP_343/propeneSPXX2.scf.inp')
  BDF process        0 of        1 on Serial  
 
|******************************************************************************|
 
    Start running module scf
    Current time   2022-05-02  11:23:18
 
|******************************************************************************|

|-------------------------------------------------------------------------------------------|

 Atom           Cartcoord(Bohr)                 Charge Basis Auxbas Uatom Nstab Alink  Mass
  C        1.092262     2.153713     0.000000     6.00    1     0     1     2   E     11.9967
  C       -0.837086     0.513647     0.000000     6.00    1     0     1     2   E     11.9967
  C       -0.320211    -2.311850     0.000000     6.00    1     0     1     2   E     11.9967
  H        3.014513     1.467970     0.000000     1.00    2     0     1     2   E      1.0073
  H        0.725010     4.161303     0.000000     1.00    2     0     1     2   E      1.0073
  H       -2.759336     1.199391     0.000000     1.00    2     0     1     2   E      1.0073
  H       -2.106959    -3.336697     0.000000     1.00    2     0     1     2   E      1.0073
  H        0.758490    -2.812514     1.681820     1.00    2     0     1     1   E      1.0073
  H        0.758490    -2.812514    -1.681820     1.00    2     0     0     0   E      1.0073
 
|--------------------------------------------------------------------------------------------|

  [ SCF control ] 
 $scf
 rhf
 $end
 
  --- PRINT: Information about SCF Calculation --- 
 ICTRL_FRAGSCF=  0
 IPRTMO=  1
 MAXITER=  100
 THRENE= 0.10E-07 THRDEN= 0.50E-05
 DAMP= 0.00 VSHIFT= 0.00
 IFDIIS= T
 THRDIIS= 0.10E+01
 MINDIIS=   2 MAXDIIS=   8
 iCHECK=  0
 iAUFBAU=  1
 INIGUESS=  0
 IfMPEC= F
 IfCOSX= F
 Occupation number:
  Without occupation number in input.

 Wave function information ...
 Total Nuclear charge    :      24
 Total electrons         :      24
 ECP-core electrons      :       0
 Spin multiplicity(2S+1) :       1
 Num. of alpha electrons :      12
 Num. of beta  electrons :      12
 

 Threshold in dft prescreening ...
 Thresh_shellvalue_dft :  0.10000E-09
 ThreshRho     :  0.10000E-11

  --- END:  Information about SCF Calculation  --- 
 
 The SMH converger is used...
 Finish scf input!

 DirectHF  T
 Number of significient shell pairs :      106
 Estimate memory for direct ERI calculations:           1.494 M

 IF USE_LIBCINT :    F

 Nuclear repulsion energy =    70.78600460
 
 iniguess                     0                     0
 
 [ATOM SCF control]
  heff=                      0
 After initial atom grid ...
 Finish atom    1  C             -37.3153753607
 After initial atom grid ...
 Finish atom    2  H              -0.4982329093
 
 Superposition of atomic densities as initial guess.
 skipaocheck F F
 Check basis set linear dependence! Tolerance =   0.100000E-04

 Check basis set linear dependence! Tolerance =   0.100000E-04
 Threshold of basis set linear depedent tol_linear is :    0.100000E-04
 Threshold of basis set linear depedent tol_linear is :    0.100000E-04
 Solve HC=EC in pflmo space.  F       12       42
 Initial guess energy =   -114.9355235377
 

 Start SCF iteration......


Iter.   idiis  vshift       SCF Energy            DeltaE          RMSDeltaD          MaxDeltaD      Damping    Times(S) 
   1      0    0.000    -118.0586269889      -3.1231034511       0.0202986943       0.2823250482    0.0000      0.02
   2      1    0.000    -116.9665611826       1.0920658062       0.0083821257       0.1085417578    0.0000      0.02
   3      2    0.000    -117.0016693837      -0.0351082011       0.0042925606       0.0462731746    0.0000      0.03
   4      3    0.000    -117.0645999113      -0.0629305276       0.0004148466       0.0042149836    0.0000      0.02
   5      4    0.000    -117.0651421701      -0.0005422587       0.0000855609       0.0008865912    0.0000      0.03
   6      5    0.000    -117.0651563893      -0.0000142192       0.0000142077       0.0002482307    0.0000      0.02
   7      6    0.000    -117.0651568063      -0.0000004170       0.0000059693       0.0001034305    0.0000      0.03
   8      7    0.000    -117.0651568908      -0.0000000845       0.0000007059       0.0000084784    0.0000      0.02
   9      8    0.000    -117.0651568917      -0.0000000009       0.0000001740       0.0000027035    0.0000      0.03
 diis/vshift is closed at iter =   9
  10      0    0.000    -117.0651568918      -0.0000000000       0.0000000355       0.0000008258    0.0000      0.02

  Label              CPU Time        SYS Time        Wall Time
 SCF iteration time:         1.980 S        0.020 S        0.250 S

 Final DeltaE = -4.015987542516086E-011
 Final DeltaD =  3.545152942421586E-008  5.000000000000000E-005
 
 Final scf result
   E_tot =              -117.06515689
   E_ele =              -187.85116149
   E_nn  =                70.78600460
   E_1e  =              -296.66046763
   E_ne  =              -413.72022367
   E_kin =               117.05975604
   E_ee  =               108.80930614
   E_xc  =                 0.00000000
  Virial Theorem      2.000046
 

 [Final occupation pattern: ]
 
 Irreps:        A'      A'' 
 
 detailed occupation for iden/irep:      1   1
    1.00 1.00 1.00 1.00 1.00 1.00 1.00 1.00 1.00 1.00
    0.00 0.00 0.00 0.00 0.00 0.00 0.00 0.00 0.00 0.00
    0.00 0.00 0.00 0.00 0.00 0.00 0.00 0.00 0.00 0.00
    0.00 0.00 0.00 0.00 0.00 0.00 0.00 0.00 0.00 0.00
 detailed occupation for iden/irep:      1   2
    1.00 1.00 0.00 0.00 0.00 0.00 0.00 0.00 0.00 0.00
    0.00 0.00 0.00 0.00
 Alpha      10.00    2.00
 

 [Orbital energies:]

 Energy of occ-orbs:    A'           10
             -11.22823178     -11.21516396     -11.21106673      -1.05701444      -0.92407408
              -0.75319255      -0.63330144      -0.57624955      -0.51678612      -0.48766839
 Energy of vir-orbs:    A'           30
               0.25443055       0.27531923       0.30163812       0.34108380       0.35406041
               0.44410011       0.50275840       0.69103819       0.74437955       0.81500672
               0.90839369       0.99130344       1.03467934       1.14403604       1.16222040
               1.19595861       1.21663728       1.24179999       1.35989718       1.51608720
               1.53484840       2.10182543       2.18965216       2.27901170       2.46413659
               2.53334122       2.60503705       2.87270751       3.11761421       3.17602575

 Energy of occ-orbs:    A''           2
              -0.56889120      -0.34928491
 Energy of vir-orbs:    A''          12
               0.17745703       0.34823855       0.77032242       0.83482268       0.91799773
               1.15946900       1.69830583       1.75861625       1.99743102       2.44704807
               2.55148224       2.79308110
 
 Alpha   HOMO energy:      -0.34928491 au      -9.50453004 eV  Irrep: A''     
 Alpha   LUMO energy:       0.17745703 au       4.82885360 eV  Irrep: A''     
 HOMO-LUMO gap:       0.52674194 au      14.33338364 eV
 
 Frontier orbitals of each irrep:
 
  Symmetry   1 A'      
 
         Orbital                 5              6              7              8              9             10
         Energy             -0.92407       -0.75319       -0.63330       -0.57625       -0.51679       -0.48767
         Occ No.             2.00000        2.00000        2.00000        2.00000        2.00000        2.00000
      1 1C|1S0               0.12705        0.09191       -0.01770       -0.00040       -0.02398       -0.00229
      2 1C|2S0              -0.24321       -0.18161        0.03505       -0.00162        0.04597        0.00490
      3 1C|3S0              -0.21503       -0.18612        0.06280        0.03724        0.04333        0.01054
      4 1C|2P-1              0.00392       -0.07558        0.32355       -0.03064       -0.18535       -0.21832
      5 1C|3P-1             -0.00278       -0.03457        0.12804       -0.04074       -0.08231       -0.14272
      6 1C|2P1               0.03581       -0.17237       -0.02163        0.34204       -0.17115        0.12365
      7 1C|3P1              -0.00261       -0.06067       -0.01857        0.15002       -0.06962        0.08096
      8 1C|3D-2              0.00061        0.01555       -0.00980       -0.01607        0.01296       -0.00293
      9 1C|3D0               0.01316        0.01193       -0.00452       -0.00401        0.00237        0.00035
     10 1C|3D2              -0.00095        0.00268       -0.01311        0.01405        0.00313        0.03143
     11 2C|1S0               0.02958       -0.12045        0.02952       -0.00376        0.00113        0.01029
     12 2C|2S0              -0.05512        0.23923       -0.05914        0.00991        0.00027       -0.02231
     13 2C|3S0              -0.05382        0.24755       -0.05372        0.02074       -0.04053       -0.03577
     14 2C|2P-1             -0.17680        0.02048        0.07969       -0.23580        0.13126        0.28899
     15 2C|3P-1             -0.03698        0.00020        0.02998       -0.08160        0.04970        0.15593
     16 2C|2P1              -0.06412       -0.16308       -0.25359       -0.14401        0.23754       -0.16030
     17 2C|3P1              -0.00717       -0.07626       -0.09327       -0.06647        0.11264       -0.11887
     18 2C|3D-2             -0.01164       -0.01016       -0.00437       -0.00762        0.02460       -0.00483
     19 2C|3D0              -0.00049       -0.01161       -0.00140       -0.00336        0.00308       -0.00048
     20 2C|3D2              -0.01213        0.00954        0.00201        0.00211       -0.00501        0.03119
     21 3C|1S0              -0.15315        0.04801       -0.01438        0.00902        0.00145        0.01832
     22 3C|2S0               0.29191       -0.08911        0.02684       -0.01416       -0.00507       -0.03949
     23 3C|3S0               0.30400       -0.12243        0.03946       -0.02974       -0.00053       -0.04206
     24 3C|2P-1             -0.03115        0.12285       -0.16733        0.14284       -0.14521       -0.30278
     25 3C|3P-1             -0.01302        0.04242       -0.07374        0.07005       -0.07946       -0.15050
     26 3C|2P1              -0.00744       -0.07280       -0.15196       -0.23659       -0.31498        0.08491
     27 3C|3P1              -0.00383       -0.02501       -0.07340       -0.12150       -0.18615        0.05734
     28 3C|3D-2              0.00117       -0.00482        0.00779        0.00394        0.02687        0.00369
     29 3C|3D0               0.00308       -0.00972       -0.00384       -0.01885       -0.01811        0.01095
     30 3C|3D2               0.00673       -0.01063        0.01371       -0.00640        0.00756        0.01669
     31 4H|1S0              -0.07823       -0.15387       -0.05448        0.20931       -0.05077        0.14651
     32 4H|2S0              -0.01921       -0.08204       -0.03411        0.15413       -0.05509        0.12953
     33 5H|1S0              -0.09323       -0.10572        0.20650       -0.05339       -0.08010       -0.17163
     34 5H|2S0              -0.02939       -0.05047        0.14132       -0.02997       -0.07210       -0.14370
     35 6H|1S0              -0.01978        0.18891        0.12460        0.04459       -0.13018        0.16995
     36 6H|2S0              -0.00325        0.08941        0.09130        0.03363       -0.10858        0.14082
     37 7H|1S0               0.11649       -0.03820        0.14356        0.07713        0.24077        0.03897
     38 7H|2S0               0.03169       -0.01652        0.10020        0.06097        0.20586        0.04774
     39 8H|1S0               0.15334       -0.10690       -0.01405       -0.15393       -0.13153        0.09599
     40 8H|2S0               0.04031       -0.05410       -0.00973       -0.11229       -0.11348        0.09888
 
         Orbital                11             12             13             14             15             16
         Energy              0.25443        0.27532        0.30164        0.34108        0.35406        0.44410
         Occ No.             0.00000        0.00000        0.00000        0.00000        0.00000        0.00000
      1 1C|1S0              -0.05143       -0.00851        0.10623        0.02957       -0.03834       -0.03619
      2 1C|2S0               0.07509       -0.01664       -0.08979       -0.02115        0.04012       -0.01791
      3 1C|3S0               0.66993        0.24524       -1.96250       -0.82780        0.32797        1.21412
      4 1C|2P-1              0.07942        0.10969       -0.02671       -0.24583        0.05054       -0.05352
      5 1C|3P-1              0.36603        0.34488       -0.07426       -0.99928        0.43601       -1.66633
      6 1C|2P1               0.05428       -0.06586       -0.18193        0.13061       -0.06575        0.10254
      7 1C|3P1               0.42374       -0.24106       -0.57938        0.85108       -0.52709        0.39084
      8 1C|3D-2              0.00199        0.00344       -0.00519        0.00152       -0.00740       -0.01376
      9 1C|3D0              -0.00040        0.00544        0.00247        0.00645        0.00083       -0.00957
     10 1C|3D2               0.01322        0.00710        0.01056       -0.00251        0.00652        0.01525
     11 2C|1S0              -0.04365       -0.05090       -0.01710       -0.02890        0.10019        0.07616
     12 2C|2S0               0.05902        0.00259        0.04338        0.01013       -0.12376       -0.04668
     13 2C|3S0               0.89589        0.97531        0.13221        0.61402       -1.88452       -2.20451
     14 2C|2P-1              0.03346        0.01908        0.09508       -0.07871        0.04029        0.22552
     15 2C|3P-1              0.33667       -0.15420        0.58185        0.18063        0.05913        1.68979
     16 2C|2P1              -0.12991       -0.13541       -0.04418        0.03449        0.11555       -0.19842
     17 2C|3P1              -0.32416       -0.39741       -0.11840        0.15065        0.89768       -1.81835
     18 2C|3D-2              0.00705        0.01088       -0.00241        0.00858        0.01135       -0.00974
     19 2C|3D0              -0.00407        0.00618       -0.00409        0.00269        0.00740        0.01143
     20 2C|3D2              -0.00503       -0.01000       -0.01288        0.01706       -0.01558        0.01179
     21 3C|1S0              -0.09131        0.09655       -0.05794        0.02158       -0.04835       -0.05404
     22 3C|2S0               0.04988       -0.04410        0.02625       -0.04719        0.04547       -0.05481
     23 3C|3S0               1.72080       -1.85294        1.20213       -0.04601        0.66286        1.76623
     24 3C|2P-1             -0.12563        0.04963       -0.01383       -0.13892        0.05260        0.07843
     25 3C|3P-1             -0.47290        0.07640        0.11583       -0.52965        0.36896        1.97513
     26 3C|2P1              -0.04521       -0.14838       -0.08740       -0.16706       -0.21035       -0.01061
     27 3C|3P1              -0.20727       -0.56296       -0.16618       -0.93168       -1.21906        0.01573
     28 3C|3D-2             -0.01192       -0.01038        0.00455       -0.00019        0.00303        0.00953
     29 3C|3D0               0.00409        0.00837       -0.00463       -0.00047        0.01159        0.00930
     30 3C|3D2              -0.00522        0.00133        0.00170       -0.01229        0.01006        0.02213
     31 4H|1S0               0.02534       -0.01568        0.05605       -0.00074        0.01164        0.06653
     32 4H|2S0              -0.52650        0.41969        1.72211       -0.98754        0.42816       -1.26547
     33 5H|1S0              -0.04025       -0.00914       -0.00348       -0.00228       -0.02407       -0.01820
     34 5H|2S0              -0.80990       -0.60668        0.77381        1.76795       -0.82561        0.97535
     35 6H|1S0               0.00494       -0.05956       -0.02334        0.00501       -0.02925        0.03300
     36 6H|2S0              -0.91068       -1.06828       -0.58209       -0.01572        1.64145       -1.46586
     37 7H|1S0              -0.04057       -0.04010        0.03514       -0.03605       -0.01153        0.08162
     38 7H|2S0              -1.23972        0.00071       -0.59173       -1.25774       -1.34652        0.37285
     39 8H|1S0               0.02381        0.02847       -0.02936        0.00357        0.04831        0.08412
     40 8H|2S0              -0.83375        1.66338       -0.39371        0.72707        0.78346        0.09584
 
 
  Symmetry   2 A''     
 
         Orbital                41             42             43             44             45             46
         Energy             -0.56889       -0.34928        0.17746        0.34824        0.77032        0.83482
         Occ No.             2.00000        2.00000        0.00000        0.00000        0.00000        0.00000
      1 1C|2P0               0.06312       -0.37739        0.31155        0.12792        0.53097        0.73649
      2 1C|3P0               0.04382       -0.31900        0.67722        0.30758       -0.53790       -0.61966
      3 1C|3D-1             -0.00493        0.01510        0.01315        0.00984       -0.02635       -0.03278
      4 1C|3D1              -0.00451        0.01839        0.01811        0.00989       -0.05055       -0.00562
      5 2C|2P0               0.11931       -0.35202       -0.34650       -0.11863        0.58006        0.21230
      6 2C|3P0               0.05534       -0.30437       -0.65352       -0.55001       -0.19439       -0.51587
      7 2C|3D-1             -0.00649       -0.01972        0.01340       -0.00799        0.04003        0.01574
      8 2C|3D1               0.00629       -0.01806        0.01945        0.00336        0.04202        0.04574
      9 3C|2P0               0.42240        0.11618       -0.04244        0.33968        0.44395       -0.56557
     10 3C|3P0               0.22208        0.09956       -0.27459        1.56621       -1.05624        1.32271
     11 3C|3D-1             -0.01031       -0.01739       -0.02258       -0.00888       -0.00929        0.00176
     12 3C|3D1               0.03073        0.01247        0.01604       -0.00587        0.07725       -0.08867
     13 8H|1S0               0.31614        0.12178        0.09770       -0.02666        0.45834       -0.42334
     14 8H|2S0               0.24637        0.11834        0.63346       -2.30470        0.32796       -0.25879
 
         Orbital                47             48
         Energy              0.91800        1.15947
         Occ No.             0.00000        0.00000
      1 1C|2P0               0.61625        0.10061
      2 1C|3P0              -0.99145       -0.13804
      3 1C|3D-1              0.03270       -0.00805
      4 1C|3D1               0.01250        0.01813
      5 2C|2P0              -0.92840       -0.03893
      6 2C|3P0               1.46778        0.15795
      7 2C|3D-1              0.05169       -0.10411
      8 2C|3D1              -0.00200        0.03936
      9 3C|2P0               0.14860        0.91892
     10 3C|3P0              -0.75217       -1.35039
     11 3C|3D-1             -0.03715        0.12056
     12 3C|3D1               0.03646       -0.18204
     13 8H|1S0               0.20474       -0.94539
     14 8H|2S0               0.16834        1.90358
 
 
 [Mulliken Population Analysis]
  Atomic charges: 
     1C      -0.3935
     2C      -0.1574
     3C      -0.5207
     4H       0.1727
     5H       0.1762
     6H       0.1859
     7H       0.1693
     8H       0.1837
     9H       0.1837
     Sum:     0.0000
 
 [Lowdin Population Analysis]
  Atomic charges: 
     1C      -0.2916
     2C      -0.1394
     3C      -0.3632
     4H       0.1298
     5H       0.1323
     6H       0.1323
     7H       0.1272
     8H       0.1363
     9H       0.1363
     Sum:     0.0000
 
 
 [Dipole moment: Debye]
              X          Y          Z         |u|
   Elec:-.1296E+00 -.2724E+00 0.1156E-15
   Nucl:0.5079E-14 0.1355E-13 0.0000E+00
   Totl:   -0.1296    -0.2724     0.0000     0.3016
 
 ++++++++  DATA CHECK +++++++++++++++++++++++++++++++++
  CHECKDATA:HF:ENERGY:   -117.065156892
 ++++++++++ END DATA CHECK ++++++++++++++++++++++++++++
 
 
 ---------------------------------------------------------------
  Timing of SCF calculation                                                       
 
  CPU TIME(S)      SYSTEM TIME(S)     WALL TIME(S)
          2.240            0.110               0.390
 ---------------------------------------------------------------
 
|******************************************************************************|
 
    Total cpu     time:          2.24  S
    Total system  time:          0.11  S
    Total wall    time:          0.39  S
 
    Current time   2022-05-02  11:23:18
    End running module scf
|******************************************************************************|
 
('/scratch/propeneSP_343', '/apps/users/lcz/exe3/exe3/task1/STO-3G/BDF')
 Warning! Removing scratch files. If you would like to keep scratch files for restaring. Please use -keeptmpdir

Sender: Unischeduler System <lcz@mgt01>
Subject: Job 127373: <#!/bin/bash
#BSUB -J intel
#BSUB -o propeneSP.out
#BSUB -n 8
#BSUB -q cqueue
#BSUB -R span[hosts=1]
export BDFHOME=/apps/users/lcz/bdf-pkg
export BDF_TMPDIR=/scratch/propeneSP_343
export USE_LIBCINT=no
export LD_LIBRARY_PATH=/apps/users/lcz/bdf-pkg/extlibs:/apps/users/lcz/bdf-pkg/libso:/apps/software/intel2019/mkl/lib/intel64:/apps/software/intel2019/compilers_and_libraries_2019/linux/lib/intel64:$LD_LIBRARY_PATH
ulimit -s unlimited
ulimit -t unlimited
export OMP_NUM_THREADS=8
export OMP_STACKSIZE=20G
/apps/users/lcz/bdf-pkg/sbin/bdfdrv.py -tmpdir /scratch/propeneSP_343 -r propeneSP.inp > propeneSP.out
rm -rf .propeneSP.wrk> Done

Job <#!/bin/bash
#BSUB -J intel
#BSUB -o propeneSP.out
#BSUB -n 8
#BSUB -q cqueue
#BSUB -R span[hosts=1]
export BDFHOME=/apps/users/lcz/bdf-pkg
export BDF_TMPDIR=/scratch/propeneSP_343
export USE_LIBCINT=no
export LD_LIBRARY_PATH=/apps/users/lcz/bdf-pkg/extlibs:/apps/users/lcz/bdf-pkg/libso:/apps/software/intel2019/mkl/lib/intel64:/apps/software/intel2019/compilers_and_libraries_2019/linux/lib/intel64:$LD_LIBRARY_PATH
ulimit -s unlimited
ulimit -t unlimited
export OMP_NUM_THREADS=8
export OMP_STACKSIZE=20G
/apps/users/lcz/bdf-pkg/sbin/bdfdrv.py -tmpdir /scratch/propeneSP_343 -r propeneSP.inp > propeneSP.out
rm -rf .propeneSP.wrk> was submitted from host <mgt01> by user <lcz>.
Job was executed on host(s) <8*cnode07>, in queue <cqueue>, as user <lcz>.
</apps/users/lcz> was used as the home directory.
</apps/users/lcz/exe3/exe3/task1/STO-3G/BDF> was used as the working directory.
Started at 2022-05-02 11:23:11
Results reported at 2022-05-02 11:23:18

Your job looked like:

------------------------------------------------------------
# User input
#!/bin/bash
#BSUB -J intel
#BSUB -o propeneSP.out
#BSUB -n 8
#BSUB -q cqueue
#BSUB -R span[hosts=1]
export BDFHOME=/apps/users/lcz/bdf-pkg
export BDF_TMPDIR=/scratch/propeneSP_343
export USE_LIBCINT=no
export LD_LIBRARY_PATH=/apps/users/lcz/bdf-pkg/extlibs:/apps/users/lcz/bdf-pkg/libso:/apps/software/intel2019/mkl/lib/intel64:/apps/software/intel2019/compilers_and_libraries_2019/linux/lib/intel64:$LD_LIBRARY_PATH
ulimit -s unlimited
ulimit -t unlimited
export OMP_NUM_THREADS=8
export OMP_STACKSIZE=20G
/apps/users/lcz/bdf-pkg/sbin/bdfdrv.py -tmpdir /scratch/propeneSP_343 -r propeneSP.inp > propeneSP.out
rm -rf .propeneSP.wrk
------------------------------------------------------------

Successfully completed.

Resource usage summary:

    CPU time   :            2.68 sec.
    Max Memory :                52 MB
    Max Processes  :               5


The output (if any) follows:

