#!awk.bdf.output
====================== BDF version information ============================
commit 477ce201e641c13f4e2664084de5aa4addaa5386
Merge: 7222c63 9a2bc48
Author: Yibo Lei <leiyb@nwu.edu.cn>
Date:   Thu Jun 23 18:25:25 2022 +0800

    Merge branch 'master' of 182.92.69.169:/opt/gitroot/bdf-pkg
===========================================================================
BDFHOME     = /apps/software/bdf-pkg/build/bdf-pkg-full 
BDF_TMPDIR  = /tmp 
BDF_MPIRUN  = None 
BDF_MPIROOT = None 
|---------------------------------------------------------------------|
 Could not find mpirun. Set to serial running ...


(' BDFHOME     = ', '/apps/software/bdf-pkg/build/bdf-pkg-full')
(' BDF_WORKDIR = ', '/apps/users/lcz/BDF-FrozenCore')
(' BDF_TMPDIR  = ', '/scratch/cytosine-RHF_611')
(' BDFTASK     = ', 'cytosine-RHF')

  BDF parallel running information ...
('  BDF_MASTER_NODE', 'cnode13')
('  BDF_MPIROOT = ', 'None')
  Total number of computational nodes   = 1
  Number of processes per node          = 1
  Number of openmp threads per process  = 8


('  Singlepoint_task = ', True)
('  Fragmp2_task     = ', False)


$compass
title
cytosine rhf
basis
tzvp
Geometry
H -2.114860 -1.429678 0.000000
H -0.173973 -2.806186 0.000000
H 2.073228 -1.658021 0.000000
H 3.175240 0.564335 0.000000
H 2.235202 2.033636 0.000000
C -0.060783 -1.726152 0.000000
C 1.144884 -1.099470 0.000000
C 1.107049 0.338190 0.000000
C -1.227573 0.430359 0.000000
O -2.315109 0.998271 0.000000
N 0.000000 1.058130 0.000000
N -1.201178 -0.989148 0.000000
N 2.278974 1.024187 0.000000
end Geometry
check
$end
$xuanyuan
$end
$scf
rhf
molden
$end
('tmpstdin ', True)
('npro is ', 1)
('\n BDF command: ', '/apps/software/bdf-pkg/build/bdf-pkg-full/bin/compass.x /scratch/cytosine-RHF_611/cytosine-RHFXX0.compass.inp')
  BDF process        0 of        1 on Serial  
 
|******************************************************************************|
 
    Start running module compass
    Current time   2022-06-25  09:33:59
 
|******************************************************************************|

 ++++++++++ Reading compass input ++++++++++++++++++
 TITLE
 BASIS
 Input Basis set is TZVP
 Spherical GTO 5d,7f
 GEOMETRY
 H      -2.11486000     -1.42967800      0.00000000
 H      -0.17397300     -2.80618600      0.00000000
 H       2.07322800     -1.65802100      0.00000000
 H       3.17524000      0.56433500      0.00000000
 H       2.23520200      2.03363600      0.00000000
 C      -0.06078300     -1.72615200      0.00000000
 C       1.14488400     -1.09947000      0.00000000
 C       1.10704900      0.33819000      0.00000000
 C      -1.22757300      0.43035900      0.00000000
 O      -2.31510900      0.99827100      0.00000000
 N       0.00000000      1.05813000      0.00000000
 N      -1.20117800     -0.98914800      0.00000000
 N       2.27897400      1.02418700      0.00000000
 Number of atoms:       13
 CHECK
 $END
 ++++++++++ End of reading compass input +++++++++++++


|-------------------------------------------------------------------------------------------|

 Atom           Cartcoord(Bohr)                 Charge Basis Auxbas Uatom Nstab Alink  Mass
  H       -3.996506    -2.701700     0.000000     1.00    1     0     0     0   E      1.0073
  H       -0.328761    -5.302923     0.000000     1.00    1     0     0     0   E      1.0073
  H        3.917833    -3.133206     0.000000     1.00    1     0     0     0   E      1.0073
  H        6.000334     1.066439     0.000000     1.00    1     0     0     0   E      1.0073
  H        4.223920     3.843015     0.000000     1.00    1     0     0     0   E      1.0073
  C       -0.114863    -3.261955     0.000000     6.00    2     0     0     0   E     11.9967
  C        2.163517    -2.077697     0.000000     6.00    2     0     0     0   E     11.9967
  C        2.092019     0.639086     0.000000     6.00    2     0     0     0   E     11.9967
  C       -2.319777     0.813261     0.000000     6.00    2     0     0     0   E     11.9967
  O       -4.374922     1.886459     0.000000     8.00    3     0     0     0   E     15.9949
  N        0.000000     1.999576     0.000000     7.00    4     0     0     0   E     14.0031
  N       -2.269897    -1.869219     0.000000     7.00    4     0     0     0   E     14.0031
  N        4.306637     1.935433     0.000000     7.00    4     0     0     0   E     14.0031
 
|--------------------------------------------------------------------------------------------|

  End of reading atomic basis sets ..
 Printing basis sets for checking ....

 Atomic label:  H    1
 Maximum L  1 5s1p ----> 3s1p NBF =   6
 #--->s function
      Exp Coef          Norm Coef       Con Coef
            34.061341   0.356214E+02    0.025439    0.000000    0.000000
             5.123575   0.860389E+01    0.190086    0.000000    0.000000
             1.164663   0.283247E+01    0.852441    0.000000    0.000000
             0.327230   0.109309E+01    0.000000    1.000000    0.000000
             0.103072   0.459591E+00    0.000000    0.000000    1.000000
 #--->p function
      Exp Coef          Norm Coef       Con Coef
             0.800000   0.220723E+01    1.000000
 

 Atomic label:  C    6
 Maximum L  2 11s6p1d ----> 5s3p1d NBF =  19
 #--->s function
      Exp Coef          Norm Coef       Con Coef
         13575.349682   0.317745E+04    0.000606    0.000000    0.000000    0.000000    0.000000
          2035.233368   0.765554E+03    0.004698    0.000000    0.000000    0.000000    0.000000
           463.225624   0.252266E+03    0.024332    0.000000    0.000000    0.000000    0.000000
           131.200196   0.979413E+02    0.097400    0.000000    0.000000    0.000000    0.000000
            42.853016   0.423157E+02    0.301956    0.000000    0.000000    0.000000    0.000000
            15.584186   0.198166E+02    0.662336    0.000000    0.000000    0.000000    0.000000
             6.206714   0.993485E+01    0.000000    0.655953    0.000000    0.000000    0.000000
             2.576490   0.513791E+01    0.000000    0.375856    0.000000    0.000000    0.000000
             0.576963   0.167254E+01    0.000000    0.000000    1.000000    0.000000    0.000000
             0.229728   0.838351E+00    0.000000    0.000000    0.000000    1.000000    0.000000
             0.095164   0.432884E+00    0.000000    0.000000    0.000000    0.000000    1.000000
 #--->p function
      Exp Coef          Norm Coef       Con Coef
            34.697232   0.245670E+03    0.011327    0.000000    0.000000
             7.958262   0.389948E+02    0.076170    0.000000    0.000000
             2.378083   0.861525E+01    0.301923    0.000000    0.000000
             0.814332   0.225676E+01    0.727850    0.000000    0.000000
             0.288875   0.617835E+00    0.000000    1.000000    0.000000
             0.100568   0.165219E+00    0.000000    0.000000    1.000000
 #--->d function
      Exp Coef          Norm Coef       Con Coef
             0.800000   0.176578E+01    1.000000
 

 Atomic label:  O    8
 Maximum L  2 11s6p1d ----> 5s3p1d NBF =  19
 #--->s function
      Exp Coef          Norm Coef       Con Coef
         27032.382631   0.532633E+04    0.000572    0.000000    0.000000    0.000000    0.000000
          4052.387139   0.128321E+04    0.004435    0.000000    0.000000    0.000000    0.000000
           922.327227   0.422843E+03    0.023020    0.000000    0.000000    0.000000    0.000000
           261.240710   0.164171E+03    0.092822    0.000000    0.000000    0.000000    0.000000
            85.354641   0.709472E+02    0.293785    0.000000    0.000000    0.000000    0.000000
            31.035035   0.332204E+02    0.674016    0.000000    0.000000    0.000000    0.000000
            12.260861   0.165541E+02    0.000000    0.638399    0.000000    0.000000    0.000000
             4.998708   0.844614E+01    0.000000    0.395346    0.000000    0.000000    0.000000
             1.170311   0.284276E+01    0.000000    0.000000    1.000000    0.000000    0.000000
             0.464747   0.142209E+01    0.000000    0.000000    0.000000    1.000000    0.000000
             0.185045   0.712810E+00    0.000000    0.000000    0.000000    0.000000    1.000000
 #--->p function
      Exp Coef          Norm Coef       Con Coef
            63.274955   0.520624E+03    0.012018    0.000000    0.000000
            14.627049   0.834508E+02    0.083005    0.000000    0.000000
             4.450122   0.188560E+02    0.319917    0.000000    0.000000
             1.527580   0.495438E+01    0.707155    0.000000    0.000000
             0.529351   0.131724E+01    0.000000    1.000000    0.000000
             0.174784   0.329695E+00    0.000000    0.000000    1.000000
 #--->d function
      Exp Coef          Norm Coef       Con Coef
             1.200000   0.359002E+01    1.000000
 

 Atomic label:  N    7
 Maximum L  2 11s6p1d ----> 5s3p1d NBF =  19
 #--->s function
      Exp Coef          Norm Coef       Con Coef
         19730.800647   0.420604E+04    0.000586    0.000000    0.000000    0.000000    0.000000
          2957.895874   0.101333E+04    0.004543    0.000000    0.000000    0.000000    0.000000
           673.221336   0.333913E+03    0.023558    0.000000    0.000000    0.000000    0.000000
           190.682495   0.129643E+03    0.094709    0.000000    0.000000    0.000000    0.000000
            62.295442   0.560218E+02    0.297198    0.000000    0.000000    0.000000    0.000000
            22.654161   0.262347E+02    0.669162    0.000000    0.000000    0.000000    0.000000
             8.979148   0.131051E+02    0.000000    0.645967    0.000000    0.000000    0.000000
             3.686300   0.672137E+01    0.000000    0.387006    0.000000    0.000000    0.000000
             0.846601   0.222984E+01    0.000000    0.000000    1.000000    0.000000    0.000000
             0.336471   0.111616E+01    0.000000    0.000000    0.000000    1.000000    0.000000
             0.136477   0.567294E+00    0.000000    0.000000    0.000000    0.000000    1.000000
 #--->p function
      Exp Coef          Norm Coef       Con Coef
            49.200381   0.380141E+03    0.011449    0.000000    0.000000
            11.346791   0.607541E+02    0.078422    0.000000    0.000000
             3.427397   0.136047E+02    0.308181    0.000000    0.000000
             1.178553   0.358237E+01    0.720272    0.000000    0.000000
             0.416422   0.975892E+00    0.000000    1.000000    0.000000
             0.142608   0.255661E+00    0.000000    0.000000    1.000000
 #--->d function
      Exp Coef          Norm Coef       Con Coef
             1.000000   0.260933E+01    1.000000
 
 
 Atomic masses
    1.0073    1.0073    1.0073    1.0073    1.0073
   11.9967   11.9967   11.9967   11.9967   15.9949
   14.0031   14.0031   14.0031

 Molecular center of mass
        -0.08757179     0.05577530     0.00000000

 Molecular center of nuclear charge
        -0.00000003    -0.00000003     0.00000000
 [molesym]
 
 Auto decide molecular point group! Rotate coordinates into standard orientation!
 Threshold= 0.10000E-08 0.10000E-11 0.10000E-03
 
 zgeomsort being called!
gsym: CS  , noper=    2
 Exiting zgeomsort....
 Representation generated
  Binary group is observed ...
  Point group name C(S)                         2
  User set point group as C(S)    
  Largest Abelian Subgroup C(S)                         2
 Representation generated
 C|S|)|                     1
 Symmetry check OK
 Molecule has been symmetrized
  Number of symmery unique centers:                     13

|-------------------------------------------------------------------------------------------|

 Atom           Cartcoord(Bohr)                 Charge Basis Auxbas Uatom Nstab Alink  Mass
  H        2.082473    -4.351385     0.000000     1.00    1     0     0     0   E      1.0073
  H        5.196379    -1.107575     0.000000     1.00    1     0     0     0   E      1.0073
  H        3.676965     3.412670     0.000000     1.00    1     0     0     0   E      1.0073
  H       -0.169457     6.092010     0.000000     1.00    1     0     0     0   E      1.0073
  H       -3.177743     4.744703     0.000000     1.00    1     0     0     0   E      1.0073
  C        3.209307    -0.594886     0.000000     6.00    2     0     0     0   E     11.9967
  C        2.374171     1.833288     0.000000     6.00    2     0     0     0   E     11.9967
  C       -0.323428     2.163417     0.000000     6.00    2     0     0     0   E     11.9967
  C       -1.146628    -2.174397     0.000000     6.00    2     0     0     0   E     11.9967
  O       -2.511304    -4.048706     0.000000     8.00    3     0     0     0   E     15.9949
  N       -1.977692     0.295025     0.000000     7.00    4     0     0     0   E     14.0031
  N        1.513853    -2.520846     0.000000     7.00    4     0     0     0   E     14.0031
  N       -1.278834     4.545064     0.000000     7.00    4     0     0     0   E     14.0031
 
|--------------------------------------------------------------------------------------------|

Number of irreps:    2
IRREP:   1   1   2
DIMEN:   1   1   1

 Irreps of multipole moment operators ...
 Operator  Component    Irrep       Row
  Dipole       x           A'          1
  Dipole       y           A'          1
  Dipole       z           A''         1
  Quadpole     xx          A'          1
  Quadpole     xy          A'          1
  Quadpole     yy          A'          1
  Quadpole     xz          A''         1
  Quadpole     yz          A''         1
  Quadpole     zz          A'          1
 
 Print Multiplication table of irreps
 A'   *A'   =A'   ;  A''  *A'   =A''  ;  A'   *A''  =A''  ;  A''  *A''  =A'   ; 
 
 Generate symmetry adapted orbital ...
 Print Multab
  1  2
  2  1

|--------------------------------------------------|
          Symmetry adapted orbital                   

  Total number of basis functions:     182     182

  Number of irreps:   2
  Irrep :   A'        A''     
  Norb  :    137        45
|--------------------------------------------------|

Total number of shells:       34
 R max for this shell (Bohr)   14.0099999999998       1.083425912870241E-008
 R max for this shell (Bohr)   5.66999999999996       9.254561885381170E-011
 R max for this shell (Bohr)   14.0099999999998       4.807711640690466E-008
 R max for this shell (Bohr)   14.0099999999998       6.362786371225771E-009
 R max for this shell (Bohr)   5.83999999999996       9.317954812948633E-011
 R max for this shell (Bohr)   11.6699999999998       9.856253830744456E-011
 R max for this shell (Bohr)   11.8299999999998       9.670880953072654E-011
 R max for this shell (Bohr)   4.79999999999998       9.085992348854226E-011
 R max for this shell (Bohr)   13.5699999999998       9.720638872200492E-011
 R max for this shell (Bohr)   13.0499999999998       9.808208903867532E-011
 R max for this shell (Bohr)   5.23999999999997       9.425821903758389E-011
 
Number of atoms:      13
Number of basis functions:     182
 
 
 ++++++++  DATA CHECK +++++++++++++++++++++++++++++++++
  CHECKDATA:COMPASS:C(S)    
  CHECKDATA:COMPASS:NATOM :       13
  CHECKDATA:COMPASS:NBAS  :      182
 ++++++++++ END DATA CHECK ++++++++++++++++++++++++++++
 
|******************************************************************************|
 
    Total cpu     time:          0.02  S
    Total system  time:          0.02  S
    Total wall    time:          0.05  S
 
    Current time   2022-06-25  09:33:59
    End running module compass
|******************************************************************************|
 
('tmpstdin ', True)
('npro is ', 1)
('\n BDF command: ', '/apps/software/bdf-pkg/build/bdf-pkg-full/bin/xuanyuan.x /scratch/cytosine-RHF_611/cytosine-RHFXX1.xuanyuan.inp')
  BDF process        0 of        1 on Serial  
 
|******************************************************************************|
 
    Start running module xuanyuan
    Current time   2022-06-25  09:33:59
 
|******************************************************************************|

|-------------------------------------------------------------------------------------------|

 Atom           Cartcoord(Bohr)                 Charge Basis Auxbas Uatom Nstab Alink  Mass
  H        2.082473    -4.351385     0.000000     1.00    1     0     1     2   E      1.0073
  H        5.196379    -1.107575     0.000000     1.00    1     0     1     2   E      1.0073
  H        3.676965     3.412670     0.000000     1.00    1     0     1     2   E      1.0073
  H       -0.169457     6.092010     0.000000     1.00    1     0     1     2   E      1.0073
  H       -3.177743     4.744703     0.000000     1.00    1     0     1     2   E      1.0073
  C        3.209307    -0.594886     0.000000     6.00    2     0     1     2   E     11.9967
  C        2.374171     1.833288     0.000000     6.00    2     0     1     2   E     11.9967
  C       -0.323428     2.163417     0.000000     6.00    2     0     1     2   E     11.9967
  C       -1.146628    -2.174397     0.000000     6.00    2     0     1     2   E     11.9967
  O       -2.511304    -4.048706     0.000000     8.00    3     0     1     2   E     15.9949
  N       -1.977692     0.295025     0.000000     7.00    4     0     1     2   E     14.0031
  N        1.513853    -2.520846     0.000000     7.00    4     0     1     2   E     14.0031
  N       -1.278834     4.545064     0.000000     7.00    4     0     1     2   E     14.0031
 
|--------------------------------------------------------------------------------------------|

 $xuanyuan                                                                      
                                          
 $end                                                                           
                                          
  Mass polarization term:  F
 Total nuclear charge :         58.00
 Nuclear repulsion energy :     355.5319837187 a.u.

 Total number of primitive  basis sets :          312
 Total number of prim-cart  basis sets :          320
 Total number of contracted basis sets :          182

  Estimate memory for calculating 2e integrals...
 Minium memory to calculate ERIs:        2.506 M

[aoint_1e]
  Calculating one electron integrals ...
  S T and V integrals ....
  Dipole and Quadupole integrals ....
  Finish calculating one electron integrals ...
 
 ---------------------------------------------------------------
  Timing to calculate 1-electronic integrals                                      
 
  CPU TIME(S)      SYSTEM TIME(S)     WALL TIME(S)
          0.070            0.070               0.020
 ---------------------------------------------------------------
 
 Finish calculating 1e integral ...
 Direct SCF required. Skip 2e integral!
 Set significant shell pairs!

 Number of significant pairs:      576
 Timing caluclate K2 integrals.
 CPU:       0.12 SYS:       0.02 WALL:       0.01
 lenk2                 16430                     9
|******************************************************************************|
 
    Total cpu     time:          0.24  S
    Total system  time:          0.08  S
    Total wall    time:          0.09  S
 
    Current time   2022-06-25  09:34:00
    End running module xuanyuan
|******************************************************************************|
 
('tmpstdin ', True)
('npro is ', 1)
('\n BDF command: ', '/apps/software/bdf-pkg/build/bdf-pkg-full/bin/scf.x /scratch/cytosine-RHF_611/cytosine-RHFXX2.scf.inp')
  BDF process        0 of        1 on Serial  
 
|******************************************************************************|
 
    Start running module scf
    Current time   2022-06-25  09:34:00
 
|******************************************************************************|

|-------------------------------------------------------------------------------------------|

 Atom           Cartcoord(Bohr)                 Charge Basis Auxbas Uatom Nstab Alink  Mass
  H        2.082473    -4.351385     0.000000     1.00    1     0     1     2   E      1.0073
  H        5.196379    -1.107575     0.000000     1.00    1     0     1     2   E      1.0073
  H        3.676965     3.412670     0.000000     1.00    1     0     1     2   E      1.0073
  H       -0.169457     6.092010     0.000000     1.00    1     0     1     2   E      1.0073
  H       -3.177743     4.744703     0.000000     1.00    1     0     1     2   E      1.0073
  C        3.209307    -0.594886     0.000000     6.00    2     0     1     2   E     11.9967
  C        2.374171     1.833288     0.000000     6.00    2     0     1     2   E     11.9967
  C       -0.323428     2.163417     0.000000     6.00    2     0     1     2   E     11.9967
  C       -1.146628    -2.174397     0.000000     6.00    2     0     1     2   E     11.9967
  O       -2.511304    -4.048706     0.000000     8.00    3     0     1     2   E     15.9949
  N       -1.977692     0.295025     0.000000     7.00    4     0     1     2   E     14.0031
  N        1.513853    -2.520846     0.000000     7.00    4     0     1     2   E     14.0031
  N       -1.278834     4.545064     0.000000     7.00    4     0     1     2   E     14.0031
 
|--------------------------------------------------------------------------------------------|

  [ SCF control ] 
 $scf
 rhf
 molden
 $end
 
  --- PRINT: Information about SCF Calculation --- 
 ICTRL_FRAGSCF=  0
 IPRTMO=  1
 MAXITER=  100
 THRENE= 0.10E-07 THRDEN= 0.50E-05
 DAMP= 0.00 VSHIFT= 0.00
 IFDIIS= T
 THRDIIS= 0.10E+01
 MINDIIS=   2 MAXDIIS=   8
 iCHECK=  0
 iAUFBAU=  1
 INIGUESS=  0
 IfMPEC= F
 IfCOSX= F
 Occupation number:
  Without occupation number in input.

 Wave function information ...
 Total Nuclear charge    :      58
 Total electrons         :      58
 ECP-core electrons      :       0
 Spin multiplicity(2S+1) :       1
 Num. of alpha electrons :      29
 Num. of beta  electrons :      29
 

 Threshold in dft prescreening ...
 Thresh_shellvalue_dft :  0.10000E-09
 ThreshRho     :  0.10000E-11

  --- END:  Information about SCF Calculation  --- 
 
 The SMH converger is used...
 Finish scf input!

 DirectHF  T
 Number of significient shell pairs :      576
 Estimate memory for direct ERI calculations:           2.708 M

 IF USE_LIBCINT :    F

 Nuclear repulsion energy =   355.53198372
  0.000000000000000E+000
 
 iniguess                     0                     0
 [ATOM SCF control]
  heff=                      0
 After initial atom grid ...
 Finish atom    1  H              -0.4998098322
 After initial atom grid ...
 Finish atom    2  C             -37.3401095162
 After initial atom grid ...
 Finish atom    3  O             -74.2939567653
 After initial atom grid ...
 Finish atom    4  N             -53.8480839048
 
 
 Superposition of atomic densities as initial guess.
 Check basis set linear dependence! Tolerance =   0.100000E-04
 No. of occupied and virtual orbitals:       29      153
 Warning: the level shift will be reset to    0.20000
 Initial guess energy =   -387.6976957057
 

 Start SCF iteration......


Iter.   idiis  vshift       SCF Energy            DeltaE          RMSDeltaD          MaxDeltaD      Damping    Times(S) 
   1      0    0.200    -396.7385280966      -9.0408323908       0.0101184884       0.4577829816    0.0000      0.93
   2      1    0.200    -392.5354023085       4.2031257881       0.0078921474       0.3350636013    0.0000      0.93
   3      2    0.200    -392.5856761991      -0.0502738906       0.0025729429       0.0923024503    0.0000      0.93
   4      3    0.200    -392.7377819052      -0.1521057062       0.0004666387       0.0222735641    0.0000      0.91
   5      4    0.200    -392.7392424148      -0.0014605096       0.0001362535       0.0038363994    0.0000      0.93
   6      5    0.200    -392.7398697869      -0.0006273721       0.0000431171       0.0015622421    0.0000      0.92
   7      6    0.200    -392.7398807769      -0.0000109900       0.0000138742       0.0004120094    0.0000      0.93
   8      7    0.200    -392.7398822871      -0.0000015102       0.0000024325       0.0000686149    0.0000      0.91
   9      8    0.200    -392.7398824111      -0.0000001239       0.0000009253       0.0000219792    0.0000      0.93
  10      2    0.200    -392.7398824238      -0.0000000127       0.0000004382       0.0000170965    0.0000      0.92
  11      3    0.200    -392.7398824249      -0.0000000011       0.0000001675       0.0000050121    0.0000      0.93
 diis/vshift is closed at iter =  11
  12      0    0.000    -392.7398824252      -0.0000000004       0.0000000857       0.0000026856    0.0000      0.92

  Label              CPU Time        SYS Time        Wall Time
 SCF iteration time:        88.570 S        0.120 S       11.120 S

 Final DeltaE = -3.692548489198089E-010
 Final DeltaD =  8.566506590914042E-008  5.000000000000000E-005
 
 Final scf result
   E_tot =              -392.73988243
   E_ele =              -748.27186614
   E_nn  =               355.53198372
   E_1e  =             -1239.41165610
   E_ne  =             -1631.54009136
   E_kin =               392.12843526
   E_ee  =               491.13978996
   E_xc  =                 0.00000000
   Virial Ratio            2.001559
 

 [Final occupation pattern: ]
 
 Irreps:        A'      A'' 
 
 detailed occupation for iden/irep:      1   1
    1.00 1.00 1.00 1.00 1.00 1.00 1.00 1.00 1.00 1.00
    1.00 1.00 1.00 1.00 1.00 1.00 1.00 1.00 1.00 1.00
    1.00 1.00 1.00 1.00 0.00 0.00 0.00 0.00 0.00 0.00
    0.00 0.00 0.00 0.00 0.00 0.00 0.00 0.00 0.00 0.00
    0.00 0.00 0.00 0.00 0.00 0.00 0.00 0.00 0.00 0.00
    0.00 0.00 0.00 0.00 0.00 0.00 0.00 0.00 0.00 0.00
    0.00 0.00 0.00 0.00 0.00 0.00 0.00 0.00 0.00 0.00
    0.00 0.00 0.00 0.00 0.00 0.00 0.00 0.00 0.00 0.00
    0.00 0.00 0.00 0.00 0.00 0.00 0.00 0.00 0.00 0.00
    0.00 0.00 0.00 0.00 0.00 0.00 0.00 0.00 0.00 0.00
    0.00 0.00 0.00 0.00 0.00 0.00 0.00 0.00 0.00 0.00
    0.00 0.00 0.00 0.00 0.00 0.00 0.00 0.00 0.00 0.00
    0.00 0.00 0.00 0.00 0.00 0.00 0.00 0.00 0.00 0.00
    0.00 0.00 0.00 0.00 0.00 0.00 0.00
 detailed occupation for iden/irep:      1   2
    1.00 1.00 1.00 1.00 1.00 0.00 0.00 0.00 0.00 0.00
    0.00 0.00 0.00 0.00 0.00 0.00 0.00 0.00 0.00 0.00
    0.00 0.00 0.00 0.00 0.00 0.00 0.00 0.00 0.00 0.00
    0.00 0.00 0.00 0.00 0.00 0.00 0.00 0.00 0.00 0.00
    0.00 0.00 0.00 0.00 0.00
 Alpha      24.00    5.00
 

 [Orbital energies:]

 Energy of occ-orbs:    A'           24
             -20.50025315     -15.62540319     -15.59517664     -15.54164636     -11.37314003
             -11.35582332     -11.33504514     -11.25100415      -1.38401255      -1.29951272
              -1.26507919      -1.17170908      -1.06996149      -0.90566004      -0.88059668
              -0.76648752      -0.76170570      -0.72315997      -0.68193961      -0.62999679
              -0.61306834      -0.59281881      -0.44313136      -0.41926899
 Energy of vir-orbs:    A'          113
               0.12128699       0.13164391       0.16227972       0.18339351       0.20168924
               0.20998733       0.27067831       0.29179198       0.30824038       0.32812109
               0.36788306       0.38576626       0.41954203       0.43026695       0.45822344
               0.48782608       0.50961068       0.52088445       0.54674727       0.55126396
               0.56558518       0.59318166       0.60451864       0.62613213       0.64782483
               0.66652257       0.68769384       0.70518365       0.73183473       0.74823920
               0.77710472       0.80411634       0.82625127       0.84611271       0.87176224
               0.88928236       0.93065893       0.96102006       0.97194641       0.99895506
               1.06482490       1.11337684       1.46968166       1.53087190       1.57360192
               1.62629191       1.70897280       1.73381011       1.74326202       1.78868209
               1.79457815       1.85253901       1.87697462       1.90975445       1.93185140
               1.96058214       2.00540477       2.06031624       2.12183983       2.15180057
               2.24981500       2.29395006       2.30147912       2.34824658       2.39502240
               2.46478548       2.48451464       2.52298489       2.59358750       2.60326122
               2.66427853       2.69568913       2.70561970       2.74944882       2.78269152
               2.81711324       2.84701402       2.89068958       2.90342724       2.96894082
               3.01127977       3.05267283       3.08502007       3.12318396       3.17228954
               3.18000463       3.22374724       3.27022314       3.31488270       3.35171717
               3.44034502       3.53066227       3.57100385       3.67204396       3.73713223
               3.79128728       3.83314413       3.86985597       3.98635604       4.00476842
               4.13221135       4.17349938       4.28870962       4.35791402       4.73710183
              22.78509604      23.08156817      23.19893985      23.25090102      33.07455847
              33.12258040      33.26767741      45.13912564

 Energy of occ-orbs:    A''           5
              -0.62491123      -0.53779924      -0.49048489      -0.38259266      -0.34461644
 Energy of vir-orbs:    A''          40
               0.09310345       0.16459566       0.28115972       0.32900547       0.37119240
               0.40319093       0.47080930       0.55776440       0.59336106       0.71470974
               0.79684050       1.42215082       1.46974419       1.52272415       1.53752252
               1.57766224       1.63474046       1.69550382       1.72125170       1.73151247
               1.80644155       1.85585402       2.01861461       2.02828142       2.17494036
               2.24287272       2.53139465       2.55110535       2.58830254       2.64703187
               2.68178672       2.81674613       2.89162951       2.91947012       3.00691393
               3.07770171       3.12533892       3.14450313       3.26058033       3.63569526
 
 Alpha   HOMO energy:      -0.34461644 au      -9.37749456 eV  Irrep: A''     
 Alpha   LUMO energy:       0.09310345 au       2.53347484 eV  Irrep: A''     
 HOMO-LUMO gap:       0.43771989 au      11.91096940 eV
 
 [Alpha MOs]
 Frontier orbitals of each irrep:
 
  Symmetry   1 A'      
 
         Orbital                19             20             21             22             23             24
         Energy             -0.68194       -0.63000       -0.61307       -0.59282       -0.44313       -0.41927
         Occ No.             2.00000        2.00000        2.00000        2.00000        2.00000        2.00000
      1 1H|1S0               0.02074       -0.04216       -0.05541        0.04275        0.01704        0.02376
      2 1H|2S0               0.02507       -0.06269       -0.07602        0.07132        0.04334        0.05186
      3 1H|3S0               0.00637       -0.01255       -0.02016        0.03002        0.01727        0.03634
      4 1H|2P-1              0.00374       -0.00574       -0.00682        0.00543        0.00340        0.00332
      5 1H|2P1               0.00296        0.00114        0.00093       -0.00401        0.00026        0.00179
      6 2H|1S0              -0.07746       -0.04818        0.10141        0.02579       -0.00197       -0.03275
      7 2H|2S0              -0.12169       -0.07566        0.16431        0.04365       -0.00261       -0.05768
      8 2H|3S0              -0.02745       -0.00906        0.05743        0.01524       -0.02481       -0.04088
      9 2H|2P-1             -0.00435       -0.00221       -0.00064        0.00317        0.00112       -0.00092
     10 2H|2P1               0.01110        0.00549       -0.01490       -0.00218       -0.00038        0.00151
     11 3H|1S0               0.04972        0.12184        0.05545       -0.06558        0.02509        0.02421
     12 3H|2S0               0.07698        0.18301        0.08523       -0.10123        0.04519        0.04296
     13 3H|3S0               0.02123        0.04104        0.01987       -0.03937        0.03976        0.03448
     14 3H|2P-1             -0.00589       -0.01349       -0.00269        0.00525       -0.00266       -0.00245
     15 3H|2P1              -0.00605       -0.00937       -0.00905        0.00564       -0.00032       -0.00030
     16 4H|1S0              -0.10909        0.02297       -0.02351       -0.03184        0.00200       -0.01387
     17 4H|2S0              -0.15684        0.03609       -0.03550       -0.05366        0.00291       -0.02657
     18 4H|3S0              -0.04339        0.01063       -0.00901       -0.01680        0.00551       -0.00947
     19 4H|2P-1              0.01487       -0.00430        0.00434        0.00342       -0.00019        0.00057
     20 4H|2P1               0.00781        0.00110       -0.00111        0.00303       -0.00010        0.00153
     21 5H|1S0               0.09488       -0.04626        0.06634        0.00588       -0.00893       -0.00446
     22 5H|2S0               0.12873       -0.06226        0.09377        0.00534       -0.02385       -0.02002
     23 5H|3S0               0.02747       -0.01083        0.02967        0.00237       -0.02479       -0.01769
     24 5H|2P-1             -0.00478       -0.00075        0.00170       -0.00142        0.00150        0.00100
     25 5H|2P1               0.01326       -0.00640        0.00948        0.00028       -0.00078       -0.00048
     26 6C|1S0               0.01499        0.00791        0.00832       -0.00242        0.00481       -0.00318
     27 6C|2S0               0.03353        0.01763        0.01897       -0.00538        0.01085       -0.00703
     28 6C|3S0              -0.05254       -0.02521       -0.03453        0.00976       -0.01547        0.00681
     29 6C|4S0              -0.07126       -0.04778       -0.03581       -0.00645       -0.05673        0.03824
     30 6C|5S0              -0.05371        0.11200        0.01476       -0.00061       -0.14113       -0.05055
     31 6C|2P-1             -0.04299       -0.02825       -0.20299        0.09969        0.02662       -0.00659
     32 6C|3P-1             -0.02884       -0.00986       -0.15261        0.07557        0.03636       -0.00694
     33 6C|4P-1             -0.02013        0.04993       -0.03106        0.01374       -0.01152       -0.01958
     34 6C|2P1              -0.12673       -0.07374        0.16654        0.06239        0.01858       -0.05116
     35 6C|3P1              -0.09709       -0.05700        0.13731        0.05473        0.01768       -0.05972
     36 6C|4P1              -0.03235       -0.06186        0.03514        0.01325        0.06729       -0.00693
     37 6C|3D-2              0.01265        0.01959        0.00467       -0.01565        0.00098        0.00585
     38 6C|3D0               0.00078        0.00052        0.00023        0.00118        0.00012       -0.00170
     39 6C|3D2              -0.01013       -0.00609        0.02090        0.00242       -0.00253       -0.01161
     40 7C|1S0              -0.02025       -0.00592        0.00272        0.00341        0.00679        0.00489
     41 7C|2S0              -0.04543       -0.01302        0.00613        0.00752        0.01540        0.01108
     42 7C|3S0               0.07034        0.01741       -0.01268       -0.00978       -0.02042       -0.01312
     43 7C|4S0               0.09820        0.03330        0.00342       -0.02609       -0.07220       -0.06649
     44 7C|5S0               0.04265       -0.12178       -0.04516       -0.04488       -0.00178       -0.04376
     45 7C|2P-1              0.06996        0.11709        0.21705       -0.10030       -0.00072       -0.01046
     46 7C|3P-1              0.05230        0.10190        0.16421       -0.08634        0.00295       -0.00423
     47 7C|4P-1             -0.01375        0.11822        0.06478       -0.02871       -0.04771       -0.02644
     48 7C|2P1              -0.00682        0.19548       -0.08736       -0.04665        0.08472        0.08487
     49 7C|3P1              -0.00826        0.15746       -0.06138       -0.03959        0.09028        0.09315
     50 7C|4P1               0.02160        0.05770        0.00843       -0.00036        0.04269        0.05803
     51 7C|3D-2              0.00648        0.01395        0.01024       -0.01297        0.00554        0.00537
     52 7C|3D0              -0.00223       -0.00003        0.00007       -0.00007        0.00131        0.00100
     53 7C|3D2              -0.00042       -0.01482        0.02156        0.00183       -0.00377       -0.00700
     54 8C|1S0               0.00893        0.01804       -0.01060        0.00041       -0.01151       -0.00050
     55 8C|2S0               0.02015        0.04076       -0.02388        0.00059       -0.02640       -0.00164
     56 8C|3S0              -0.03462       -0.06450        0.03563        0.00359        0.04511        0.00980
     57 8C|4S0              -0.04324       -0.10325        0.06640       -0.02710        0.08706       -0.02079
     58 8C|5S0              -0.01219        0.02711        0.04906        0.04655        0.03856        0.00356
     59 8C|2P-1              0.08511        0.04355       -0.08419        0.08075       -0.06941       -0.00324
     60 8C|3P-1              0.07063        0.03985       -0.07196        0.06239       -0.09514       -0.02691
     61 8C|4P-1              0.05622       -0.05570       -0.05642       -0.02425       -0.01643       -0.03441
     62 8C|2P1               0.06174       -0.15172        0.10385        0.05986       -0.10953       -0.07228
     63 8C|3P1               0.04223       -0.12029        0.08868        0.05414       -0.07266       -0.03243
     64 8C|4P1               0.02730       -0.01320        0.04455        0.03485        0.05244        0.07238
     65 8C|3D-2             -0.01722        0.01146        0.00958       -0.01752        0.00479       -0.00404
     66 8C|3D0               0.00135        0.00153       -0.00131        0.00037       -0.00240       -0.00172
     67 8C|3D2               0.01043       -0.01040        0.01265       -0.00784       -0.02075       -0.02761
     68 9C|1S0              -0.00187        0.01981       -0.00344        0.01351       -0.00847       -0.01087
     69 9C|2S0              -0.00423        0.04525       -0.00771        0.03117       -0.01954       -0.02490
     70 9C|3S0               0.00852       -0.08315        0.00932       -0.06628        0.03537        0.04146
     71 9C|4S0               0.01862       -0.09266        0.02066       -0.05076        0.04633        0.05937
     72 9C|5S0               0.04550       -0.03516       -0.01441       -0.02902        0.00827       -0.06178
     73 9C|2P-1              0.07281        0.06119        0.02923        0.21262        0.03642        0.07020
     74 9C|3P-1              0.06075        0.04527        0.02750        0.17366        0.06485        0.05332
     75 9C|4P-1              0.05075       -0.03461       -0.02718       -0.03312        0.03996       -0.06083
     76 9C|2P1              -0.11246        0.09377        0.08624        0.09196       -0.03761       -0.06221
     77 9C|3P1              -0.09564        0.06453        0.07924        0.07290       -0.03307        0.01521
     78 9C|4P1              -0.03344       -0.01122        0.01069       -0.03651       -0.00314        0.06976
     79 9C|3D-2             -0.00197       -0.00613        0.00160       -0.02361        0.02584        0.00229
     80 9C|3D0               0.00070        0.00313       -0.00092        0.00192       -0.00161       -0.00233
     81 9C|3D2              -0.00256        0.01023        0.00037        0.00228        0.02185       -0.05574
     82 10O|1S0              0.00210       -0.02185       -0.00788       -0.02742       -0.00117        0.00058
     83 10O|2S0              0.00513       -0.05356       -0.01927       -0.06714       -0.00280        0.00151
     84 10O|3S0             -0.00786        0.08073        0.02875        0.09972        0.00412       -0.00277
     85 10O|4S0             -0.01021        0.12655        0.04744        0.17044        0.01015       -0.00610
     86 10O|5S0             -0.01540        0.11938        0.05472        0.17188        0.02372        0.03925
     87 10O|2P-1             0.06142       -0.15218       -0.07905       -0.23093        0.22029       -0.13866
     88 10O|3P-1             0.05363       -0.12413       -0.06383       -0.18294        0.20512       -0.12480
     89 10O|4P-1             0.01535       -0.04779       -0.02209       -0.07625        0.13341       -0.07173
     90 10O|2P1             -0.06190       -0.09523       -0.00701       -0.19414       -0.24710        0.25227
     91 10O|3P1             -0.05573       -0.07566       -0.00207       -0.15697       -0.22765        0.23433
     92 10O|4P1             -0.02111       -0.02863        0.00326       -0.05913       -0.14626        0.15939
     93 10O|3D-2            -0.00136       -0.01073       -0.00314       -0.01932       -0.00243        0.00434
     94 10O|3D0             -0.00042        0.00630        0.00265        0.00992        0.00036       -0.00094
     95 10O|3D2             -0.00834        0.00497        0.00441        0.00286       -0.01806        0.00980
     96 11N|1S0              0.00016       -0.01490        0.01101        0.00395        0.03183        0.01406
     97 11N|2S0              0.00028       -0.03519        0.02614        0.00926        0.07530        0.03341
     98 11N|3S0             -0.00082        0.05369       -0.04035       -0.01574       -0.11375       -0.05350
     99 11N|4S0              0.00565        0.07990       -0.06551       -0.01719       -0.21219       -0.08762
    100 11N|5S0             -0.00959        0.04195       -0.03446       -0.00937       -0.23049        0.02728
    101 11N|2P-1            -0.11555        0.05211       -0.00452       -0.13723        0.02788       -0.11749
    102 11N|3P-1            -0.09640        0.04558       -0.00504       -0.11338        0.02804       -0.11863
    103 11N|4P-1             0.02559        0.00581       -0.00876       -0.02752       -0.00121       -0.09305
    104 11N|2P1             -0.07173       -0.03060        0.08374        0.01929        0.25086        0.24731
    105 11N|3P1             -0.06154       -0.02645        0.07354        0.02314        0.22974        0.23934
    106 11N|4P1             -0.01034       -0.01759        0.02426        0.01390        0.10653        0.15176
    107 11N|3D-2            -0.01153        0.00110       -0.00236       -0.01612        0.00374       -0.00857
    108 11N|3D0              0.00094        0.00100       -0.00233       -0.00212       -0.01092       -0.01037
    109 11N|3D2             -0.00911       -0.00325        0.00953       -0.00073        0.01031        0.00601
    110 12N|1S0             -0.00785       -0.01195        0.00283        0.00112       -0.00474        0.01453
    111 12N|2S0             -0.01851       -0.02827        0.00665        0.00255       -0.01133        0.03435
    112 12N|3S0              0.02756        0.04095       -0.01019       -0.00149        0.01894       -0.04400
    113 12N|4S0              0.04611        0.08141       -0.01776       -0.01953        0.01902       -0.14295
    114 12N|5S0              0.02708        0.03071       -0.01326        0.04177        0.11760       -0.13146
    115 12N|2P-1             0.01721        0.10986        0.08090       -0.09965       -0.02728       -0.01697
    116 12N|3P-1             0.01455        0.10391        0.07633       -0.09114       -0.02963       -0.02424
    117 12N|4P-1            -0.01155        0.03985        0.04952       -0.00408        0.06623       -0.00682
    118 12N|2P1              0.11824       -0.02258       -0.04716       -0.06289       -0.01276        0.14533
    119 12N|3P1              0.10782       -0.02220       -0.04112       -0.05499       -0.01811        0.16300
    120 12N|4P1              0.02244       -0.00390       -0.01359       -0.01847        0.01902        0.08776
    121 12N|3D-2             0.00329        0.00269        0.00182       -0.01335       -0.00627        0.00128
    122 12N|3D0             -0.00032       -0.00027       -0.00043        0.00073        0.00062       -0.00037
    123 12N|3D2             -0.00943        0.00210        0.01544       -0.00320       -0.00149       -0.00738
    124 13N|1S0             -0.00131        0.00021        0.00463       -0.00529       -0.00389       -0.00823
    125 13N|2S0             -0.00313        0.00037        0.01098       -0.01253       -0.00915       -0.01956
    126 13N|3S0              0.00458        0.00065       -0.01618        0.01826        0.01085        0.02822
    127 13N|4S0              0.01323       -0.01036       -0.03102        0.03787        0.04265        0.06375
    128 13N|5S0             -0.03342        0.02420        0.03204        0.03522        0.05371        0.11689
    129 13N|2P-1            -0.12170       -0.01743        0.05404       -0.07585       -0.01788       -0.05738
    130 13N|3P-1            -0.10277       -0.01297        0.04477       -0.06884       -0.02959       -0.06467
    131 13N|4P-1            -0.02403       -0.01336        0.01005       -0.02808       -0.01610       -0.04982
    132 13N|2P1             -0.19862        0.08560       -0.13013       -0.00660        0.01064        0.01024
    133 13N|3P1             -0.17659        0.07579       -0.11753       -0.00518        0.01259        0.01142
    134 13N|4P1             -0.07735        0.04364       -0.04590       -0.00275       -0.00762       -0.00117
    135 13N|3D-2            -0.01188        0.00354       -0.00125       -0.00674        0.00122       -0.00249
    136 13N|3D0              0.00002       -0.00061        0.00029       -0.00007       -0.00036       -0.00012
    137 13N|3D2              0.01021       -0.00784        0.01051        0.00068       -0.00500       -0.00309
 
         Orbital                25             26             27             28             29             30
         Energy              0.12129        0.13164        0.16228        0.18339        0.20169        0.20999
         Occ No.             0.00000        0.00000        0.00000        0.00000        0.00000        0.00000
      1 1H|1S0               0.02012        0.01189       -0.00151        0.00296        0.01047       -0.01873
      2 1H|2S0               0.00697        0.01038        0.01094        0.00477        0.11964       -0.03652
      3 1H|3S0               0.91538        1.22413        1.03566        0.85251        0.87760       -1.11652
      4 1H|2P-1             -0.01761       -0.01984       -0.02261       -0.02103       -0.00098        0.01680
      5 1H|2P1               0.00985        0.01217        0.00993        0.00196        0.00047        0.00348
      6 2H|1S0               0.01501        0.01453       -0.02378       -0.00799        0.01987        0.00039
      7 2H|2S0              -0.10170       -0.14255        0.05455        0.13545       -0.01975       -0.10790
      8 2H|3S0               1.35117        2.18056       -1.36935       -2.86087        0.04938        2.73701
      9 2H|2P-1             -0.00319       -0.00823       -0.00237        0.00038       -0.00895       -0.00478
     10 2H|2P1               0.01547        0.02343       -0.01140       -0.02330        0.01696        0.01610
     11 3H|1S0               0.01113        0.01699       -0.01462        0.00353       -0.00515       -0.02133
     12 3H|2S0              -0.11284        0.04235        0.11998       -0.02099        0.17751        0.07369
     13 3H|3S0               1.56380       -0.99666       -2.98777        1.22633       -0.73013       -3.77309
     14 3H|2P-1              0.01661       -0.00956       -0.01518        0.00995       -0.00355       -0.01939
     15 3H|2P1               0.00993       -0.00457       -0.01912        0.00328       -0.00957       -0.01802
     16 4H|1S0               0.01385       -0.01336        0.01109       -0.00094        0.01044        0.00989
     17 4H|2S0              -0.04808        0.07611       -0.05455        0.02991        0.01085        0.00566
     18 4H|3S0               1.29983       -1.28148        0.06273        0.79112        0.93630        1.46712
     19 4H|2P-1              0.02559       -0.02399        0.00219        0.00949        0.01012        0.02143
     20 4H|2P1               0.02416       -0.01979        0.00177        0.00743        0.00107        0.01057
     21 5H|1S0               0.00928       -0.01993        0.01050       -0.01455        0.01535       -0.00985
     22 5H|2S0              -0.01467        0.04308       -0.05798        0.07065       -0.05948       -0.08164
     23 5H|3S0               0.40254       -0.62153        1.05780       -1.91626        0.37779       -1.16109
     24 5H|2P-1             -0.00195       -0.00303        0.00217       -0.00331        0.00306       -0.00275
     25 5H|2P1              -0.01534        0.01789       -0.02499        0.03732       -0.00127        0.01500
     26 6C|1S0               0.00808        0.01641       -0.00915       -0.01551       -0.00693        0.01592
     27 6C|2S0               0.01714        0.03702       -0.02016       -0.03633       -0.01242        0.03818
     28 6C|3S0              -0.01660       -0.05482        0.03480        0.08103       -0.04784       -0.08574
     29 6C|4S0              -0.10438       -0.16692        0.05476       -0.02441        0.47858        0.02186
     30 6C|5S0              -1.38744       -0.15263        2.47540        0.91163       -3.24659        1.44250
     31 6C|2P-1              0.02623        0.00133       -0.02781       -0.03678        0.01068        0.00863
     32 6C|3P-1              0.00826       -0.02442        0.01629       -0.01272        0.04890        0.01714
     33 6C|4P-1             -0.42403       -0.18798       -0.81555       -0.47782       -0.42622       -0.37891
     34 6C|2P1              -0.08190       -0.09036        0.04712        0.06108       -0.02783       -0.03727
     35 6C|3P1              -0.04385        0.01614        0.05293       -0.01423        0.09284        0.00230
     36 6C|4P1              -0.71243       -1.87796       -0.14856        2.27488        1.15934       -3.39205
     37 6C|3D-2             -0.01419       -0.00846        0.00004       -0.00627       -0.00099       -0.00745
     38 6C|3D0              -0.00238       -0.00307        0.01396        0.01111       -0.02000        0.00244
     39 6C|3D2               0.01484        0.01661       -0.00963       -0.00286        0.00868       -0.00459
     40 7C|1S0               0.01333       -0.00564       -0.00918        0.00132       -0.01948       -0.01822
     41 7C|2S0               0.02931       -0.01274       -0.02007        0.00283       -0.04093       -0.04220
     42 7C|3S0              -0.03736        0.01431        0.02740        0.00129        0.00882        0.08847
     43 7C|4S0              -0.15036        0.10711        0.09696       -0.07336        0.52795       -0.00924
     44 7C|5S0              -0.14449       -0.63726        0.89502        2.03413        1.29747       -1.16684
     45 7C|2P-1             -0.06449        0.01716        0.07998        0.00486        0.02448        0.05030
     46 7C|3P-1              0.00561       -0.04146       -0.02175        0.00835       -0.01653       -0.03098
     47 7C|4P-1             -1.34411        0.82364        2.06430       -0.71922       -0.26594        2.29846
     48 7C|2P1              -0.03759        0.01100        0.06712       -0.05376        0.00021        0.04948
     49 7C|3P1              -0.02210       -0.05103        0.01813        0.04715       -0.01361       -0.04516
     50 7C|4P1              -0.15538        1.33722        1.40472       -2.08559        0.06249        3.15952
     51 7C|3D-2              0.01384        0.00721       -0.01703        0.00473       -0.00536       -0.00888
     52 7C|3D0              -0.00317        0.00088        0.01120        0.00164       -0.01267        0.01753
     53 7C|3D2              -0.00906       -0.00335       -0.00186       -0.00691       -0.00356       -0.00367
     54 8C|1S0               0.00022        0.00667        0.00268        0.00315       -0.00525        0.00486
     55 8C|2S0               0.00070        0.01609        0.00680        0.00633       -0.01289        0.01210
     56 8C|3S0              -0.00466       -0.03345       -0.01768       -0.00005        0.02476       -0.02699
     57 8C|4S0               0.03139       -0.01772        0.01525       -0.06481       -0.04420       -0.01178
     58 8C|5S0               0.39619        0.87947        1.64161       -2.26008       -3.15111        3.16258
     59 8C|2P-1              0.02010       -0.02199        0.02821       -0.01809        0.01419        0.01925
     60 8C|3P-1              0.01569       -0.03910        0.04803       -0.01668        0.11510        0.04868
     61 8C|4P-1              1.18047       -0.01859       -1.40820        0.30414       -1.00218       -0.14426
     62 8C|2P1              -0.02060       -0.00466       -0.03161       -0.01281       -0.01289       -0.06128
     63 8C|3P1              -0.03987        0.00937       -0.06285        0.03683        0.00123       -0.03315
     64 8C|4P1              -0.09477        0.31461       -0.21476       -0.77470        1.63311        1.11033
     65 8C|3D-2             -0.01002        0.00195        0.01181       -0.01257        0.00201       -0.00292
     66 8C|3D0               0.00445       -0.00123        0.00635       -0.00207       -0.02477        0.00772
     67 8C|3D2               0.00235       -0.00196       -0.00180        0.01853       -0.00186        0.01166
     68 9C|1S0              -0.00167        0.00220       -0.00663       -0.00345       -0.00496       -0.00121
     69 9C|2S0              -0.00426        0.00646       -0.01487       -0.00950       -0.01116       -0.00178
     70 9C|3S0               0.01743       -0.03447        0.01600        0.04288       -0.00603       -0.01299
     71 9C|4S0              -0.04921        0.11560        0.11737       -0.14160        0.16067        0.12296
     72 9C|5S0               0.36886       -0.09851        0.35246        0.70347       -2.69870       -0.00367
     73 9C|2P-1              0.01661       -0.00993        0.01033        0.00120        0.02025        0.00656
     74 9C|3P-1             -0.01349       -0.02980       -0.00792       -0.06249       -0.06099        0.07136
     75 9C|4P-1              0.26619        0.04533       -0.12981       -0.09469       -0.62850        0.20684
     76 9C|2P1              -0.00539        0.00717        0.03022        0.02377        0.01511       -0.01568
     77 9C|3P1              -0.00158       -0.02057        0.01643       -0.02336       -0.05601        0.03464
     78 9C|4P1              -0.07009       -0.25824       -0.13358        0.39076       -0.50825        0.13521
     79 9C|3D-2              0.00664        0.01039        0.00798       -0.00121        0.00827       -0.00639
     80 9C|3D0               0.00407        0.00077        0.00829        0.00476       -0.02276        0.00387
     81 9C|3D2               0.00203        0.00324        0.00250        0.00585       -0.00094       -0.00296
     82 10O|1S0              0.00184        0.00157        0.00438        0.00430       -0.00513       -0.00199
     83 10O|2S0              0.00504        0.00401        0.01203        0.01091       -0.01472       -0.00539
     84 10O|3S0             -0.01378       -0.00669       -0.03428       -0.01999        0.05352        0.01382
     85 10O|4S0              0.01494       -0.00733        0.05342       -0.01160       -0.11549       -0.01782
     86 10O|5S0             -0.07105       -0.11092       -0.38387       -0.17025        0.37360        0.22298
     87 10O|2P-1             0.00698        0.01951        0.01357        0.00751        0.02183       -0.02435
     88 10O|3P-1             0.01219        0.00451        0.00972       -0.00084       -0.02043       -0.01626
     89 10O|4P-1            -0.04504        0.00309       -0.04835        0.00608        0.17030        0.00489
     90 10O|2P1             -0.00118       -0.00322       -0.01972       -0.02602        0.00249        0.00873
     91 10O|3P1             -0.00024       -0.00883       -0.01991       -0.01755       -0.02678        0.01489
     92 10O|4P1             -0.00385       -0.00415       -0.07741       -0.12673        0.10309        0.02681
     93 10O|3D-2            -0.00149       -0.00232       -0.00205       -0.00232       -0.00282        0.00264
     94 10O|3D0              0.00053        0.00078        0.00212        0.00109       -0.00141       -0.00036
     95 10O|3D2             -0.00053        0.00054        0.00038        0.00022        0.00020       -0.00071
     96 11N|1S0              0.00838       -0.00147        0.00682       -0.00021       -0.01297        0.00075
     97 11N|2S0              0.02068       -0.00354        0.01888       -0.00059       -0.03543        0.00212
     98 11N|3S0             -0.04146        0.00695       -0.06944       -0.00149        0.12037       -0.00771
     99 11N|4S0             -0.02012        0.00334        0.18926        0.01554       -0.28392        0.02253
    100 11N|5S0             -0.08451       -0.03065       -1.60482        0.19392        2.89798       -0.28276
    101 11N|2P-1            -0.00517        0.02757        0.02579        0.01179        0.00975       -0.01020
    102 11N|3P-1            -0.00778       -0.00216        0.03490        0.00659       -0.00949        0.01137
    103 11N|4P-1            -0.00482        0.28011       -0.09152       -0.03335        0.26673       -0.01053
    104 11N|2P1             -0.01020       -0.02518        0.03054       -0.03767        0.00144       -0.00256
    105 11N|3P1             -0.01507       -0.02690        0.03709       -0.02053        0.00318       -0.00525
    106 11N|4P1              0.04684       -0.02438       -0.21457       -0.04859        0.38913       -0.09409
    107 11N|3D-2            -0.00358        0.00169       -0.00417        0.00243       -0.00004        0.00314
    108 11N|3D0             -0.00001        0.00156        0.00238       -0.00110       -0.01344        0.00206
    109 11N|3D2             -0.00194        0.00191        0.00027       -0.00458       -0.00408       -0.00522
    110 12N|1S0              0.01270        0.01108        0.01658        0.01424       -0.00428       -0.00706
    111 12N|2S0              0.03265        0.02955        0.04304        0.03573       -0.01283       -0.01510
    112 12N|3S0             -0.08819       -0.09664       -0.12048       -0.08156        0.06080       -0.00824
    113 12N|4S0              0.10846        0.19209        0.15967        0.00731       -0.21786        0.28177
    114 12N|5S0             -1.17500       -1.60662       -1.80746       -0.51138        2.03763       -1.78069
    115 12N|2P-1             0.04695        0.07854        0.04928        0.02339        0.05246       -0.04493
    116 12N|3P-1             0.01233        0.03826       -0.00117       -0.04180        0.00730        0.03801
    117 12N|4P-1             0.14222        0.30280        0.38022        0.57329        1.07765       -1.06923
    118 12N|2P1             -0.02202       -0.02748       -0.01914       -0.04006       -0.03001        0.02353
    119 12N|3P1              0.00209        0.00011        0.03562       -0.03507       -0.02892        0.03379
    120 12N|4P1             -0.21354       -0.31295       -0.39645       -0.09590       -0.36606       -0.06135
    121 12N|3D-2            -0.00596       -0.00471       -0.00211       -0.00057       -0.00090        0.00190
    122 12N|3D0             -0.00234       -0.00276       -0.00018       -0.00286       -0.01360        0.00760
    123 12N|3D2             -0.01129       -0.01056        0.00171        0.00271       -0.00017        0.00393
    124 13N|1S0              0.01844       -0.02050        0.01379       -0.00928        0.00317        0.00478
    125 13N|2S0              0.04851       -0.05193        0.03443       -0.02391        0.00520        0.01238
    126 13N|3S0             -0.15139        0.13182       -0.07862        0.06678        0.03294       -0.03670
    127 13N|4S0              0.29037       -0.11498        0.01471       -0.08470       -0.27670        0.06875
    128 13N|5S0             -2.23501        1.21799       -0.36028        0.71218        1.66250       -0.59636
    129 13N|2P-1            -0.07984        0.06221        0.00270       -0.01547       -0.04748       -0.03809
    130 13N|3P-1            -0.01886       -0.01056        0.01307        0.00524        0.04688        0.00470
    131 13N|4P-1            -0.18320        0.39205        0.04668       -0.23447       -1.03805       -0.25709
    132 13N|2P1             -0.01337        0.00754        0.05646       -0.12773       -0.00779       -0.09820
    133 13N|3P1              0.00769        0.00607       -0.00938       -0.00634       -0.01849       -0.00189
    134 13N|4P1             -0.23043        0.06172        0.46035       -0.85635       -0.03221       -1.04682
    135 13N|3D-2             0.00898       -0.00527       -0.00057        0.00884        0.00247        0.00891
    136 13N|3D0             -0.00508        0.00722       -0.00372        0.00335       -0.00887        0.00046
    137 13N|3D2             -0.00001       -0.00300        0.00560       -0.01284        0.00129       -0.01254
 
 
  Symmetry   2 A''     
 
         Orbital               138            139            140            141            142            143
         Energy             -0.62491       -0.53780       -0.49048       -0.38259       -0.34462        0.09310
         Occ No.             2.00000        2.00000        2.00000        2.00000        2.00000        0.00000
      1 1H|2P0               0.00910        0.00787        0.00728       -0.00730        0.00866        0.01056
      2 2H|2P0               0.00336        0.00128        0.00596        0.00071       -0.00567       -0.02265
      3 3H|2P0               0.00339       -0.00202        0.00449        0.00491       -0.00976        0.00783
      4 4H|2P0               0.00485       -0.01428       -0.00003       -0.01636        0.00011       -0.00754
      5 5H|2P0               0.00446       -0.01297       -0.00039       -0.01434        0.00131       -0.01096
      6 6C|2P0               0.11929        0.04211        0.17395        0.02766       -0.12634       -0.26220
      7 6C|3P0               0.11596        0.03865        0.17516        0.03265       -0.14434       -0.28220
      8 6C|4P0               0.02784        0.01380        0.06743        0.03397       -0.07272       -0.76802
      9 6C|3D-1             -0.00384       -0.01278       -0.00029        0.01785       -0.02958        0.00169
     10 6C|3D1              -0.01396       -0.00630       -0.01337        0.00182       -0.00124       -0.01306
     11 7C|2P0               0.09031       -0.05495        0.12063        0.12036       -0.22990        0.11971
     12 7C|3P0               0.08483       -0.05241        0.12629        0.13358       -0.25782        0.13259
     13 7C|4P0               0.02720       -0.03441        0.06513        0.06303       -0.20366        0.40570
     14 7C|3D-1             -0.00837       -0.00248       -0.01296       -0.00716        0.01378        0.02386
     15 7C|3D1              -0.00433        0.00870        0.00169       -0.00476       -0.00101       -0.02711
     16 8C|2P0               0.12167       -0.18410       -0.00763        0.08330        0.00934        0.18332
     17 8C|3P0               0.12147       -0.18436       -0.01094        0.09554        0.00568        0.23642
     18 8C|4P0               0.03499       -0.03852       -0.01408        0.07448        0.05935        0.30299
     19 8C|3D-1             -0.00537       -0.01265        0.00500       -0.04023       -0.01029        0.00477
     20 8C|3D1              -0.00375        0.00885        0.01285        0.00250       -0.02597        0.02711
     21 9C|2P0               0.16731        0.08597       -0.15724       -0.00484        0.01504       -0.00916
     22 9C|3P0               0.15975        0.08053       -0.15790        0.00204        0.01766       -0.01606
     23 9C|4P0               0.03378        0.01367       -0.07324        0.00809       -0.02031       -0.01616
     24 9C|3D-1             -0.00119       -0.01649        0.01522        0.02784        0.03291       -0.01677
     25 9C|3D1               0.00466        0.00506        0.02644       -0.00629        0.02376        0.01962
     26 10O|2P0              0.12746        0.10999       -0.26427       -0.09332       -0.22355        0.00270
     27 10O|3P0              0.11811        0.10053       -0.24632       -0.08453       -0.20910        0.00205
     28 10O|4P0              0.04714        0.06153       -0.14465       -0.07702       -0.17316        0.00735
     29 10O|3D-1             0.01093        0.00756       -0.01723       -0.00391       -0.00945       -0.00141
     30 10O|3D1              0.00876        0.00648       -0.01321       -0.00421       -0.00769        0.00158
     31 11N|2P0              0.13702       -0.08805       -0.10166        0.22633        0.17204       -0.14191
     32 11N|3P0              0.13524       -0.08848       -0.10532        0.23622        0.18115       -0.13491
     33 11N|4P0              0.05188       -0.04568       -0.04074        0.16615        0.14270       -0.29426
     34 11N|3D-1            -0.00225       -0.00889        0.00542        0.00105       -0.00130        0.01016
     35 11N|3D1              0.01495       -0.00972       -0.00745        0.01947        0.01310        0.00092
     36 12N|2P0              0.21430        0.17080        0.16918       -0.13563        0.17818        0.14754
     37 12N|3P0              0.21342        0.17431        0.17547       -0.14112        0.18564        0.12880
     38 12N|4P0              0.11457        0.11289        0.12308       -0.13016        0.19490        0.40768
     39 12N|3D-1             0.00865        0.00383        0.00899        0.00065       -0.00098       -0.01255
     40 12N|3D1             -0.00245       -0.00142        0.01127        0.00032       -0.00498       -0.01509
     41 13N|2P0              0.08939       -0.27159       -0.00345       -0.28627        0.00540       -0.10432
     42 13N|3P0              0.08696       -0.26577       -0.00213       -0.28247        0.00798       -0.09230
     43 13N|4P0              0.03837       -0.17714       -0.00054       -0.28355       -0.01369       -0.24155
     44 13N|3D-1            -0.00588        0.01164        0.00043        0.00080       -0.00095       -0.01023
     45 13N|3D1              0.00254       -0.00551        0.00057       -0.00170       -0.00162        0.00761
 
         Orbital               144            145            146            147            148
         Energy              0.16460        0.28116        0.32901        0.37119        0.40319
         Occ No.             0.00000        0.00000        0.00000        0.00000        0.00000
      1 1H|2P0               0.00797       -0.00289       -0.01662        0.00202       -0.02598
      2 2H|2P0               0.00800        0.00868        0.00120        0.01842        0.00965
      3 3H|2P0              -0.01752       -0.00968       -0.02256        0.00589       -0.00905
      4 4H|2P0              -0.01315       -0.00456       -0.00775       -0.00430       -0.00303
      5 5H|2P0              -0.00610       -0.00437        0.00039       -0.00759       -0.00887
      6 6C|2P0               0.08988       -0.03588        0.13854       -0.10266        0.14807
      7 6C|3P0               0.09180       -0.28876        0.39330       -0.45960        0.43318
      8 6C|4P0               0.43492        1.20008       -0.08226        0.83611       -0.60736
      9 6C|3D-1             -0.02694       -0.00421        0.00894       -0.00427       -0.01226
     10 6C|3D1              -0.00105        0.01186       -0.00395        0.01930       -0.00094
     11 7C|2P0              -0.14815       -0.11842        0.05002       -0.04757       -0.17035
     12 7C|3P0              -0.11128       -0.18474        0.41088       -0.20991       -0.49263
     13 7C|4P0              -0.82652       -0.86106       -1.18008        0.51314        0.46352
     14 7C|3D-1             -0.00588       -0.00103       -0.02000        0.01305       -0.00043
     15 7C|3D1              -0.01588       -0.01274       -0.01470        0.00033       -0.00181
     16 8C|2P0               0.23133        0.09396        0.13926        0.13064        0.02699
     17 8C|3P0               0.31282        0.02331        0.35445        0.48656       -0.24053
     18 8C|4P0               0.63941        1.18934        0.35579       -1.12117        1.00317
     19 8C|3D-1             -0.00662        0.00814        0.00946        0.00541        0.00451
     20 8C|3D1              -0.01655        0.00902        0.01134       -0.00069       -0.00323
     21 9C|2P0              -0.25944        0.09216        0.21261        0.14348        0.16347
     22 9C|3P0              -0.33760        0.00596        0.38596        0.50321        0.53722
     23 9C|4P0              -0.47290        1.14703        0.24305       -1.04257       -0.83921
     24 9C|3D-1             -0.02166       -0.00295        0.00041       -0.00146       -0.00331
     25 9C|3D1              -0.01305        0.00946        0.00750        0.00688        0.00480
     26 10O|2P0              0.18882       -0.09561       -0.10152        0.00595        0.00636
     27 10O|3P0              0.16133       -0.05344       -0.08440       -0.01192        0.01717
     28 10O|4P0              0.36265       -0.37096       -0.24552        0.11577        0.00157
     29 10O|3D-1            -0.00510        0.00171        0.00710        0.00536        0.00727
     30 10O|3D1             -0.00239        0.00191        0.00544        0.00442        0.00491
     31 11N|2P0              0.00278       -0.18321       -0.11729        0.01138       -0.07779
     32 11N|3P0              0.00551       -0.12322       -0.12960        0.00914       -0.10460
     33 11N|4P0             -0.04462       -0.87102       -0.34513        0.27595       -0.11207
     34 11N|3D-1             0.03000       -0.00150       -0.00819       -0.00183        0.00039
     35 11N|3D1              0.00416        0.00150        0.00338        0.01149        0.00292
     36 12N|2P0              0.05194       -0.13084       -0.08385        0.00034       -0.00524
     37 12N|3P0              0.04560       -0.11081       -0.10467       -0.01066        0.05482
     38 12N|4P0              0.11014       -0.60009       -0.13188        0.07407       -0.06045
     39 12N|3D-1             0.00203        0.00137        0.00775       -0.00558        0.01701
     40 12N|3D1              0.02619       -0.00968       -0.01165       -0.00720       -0.00279
     41 13N|2P0             -0.08575       -0.04536        0.02440        0.03066       -0.10833
     42 13N|3P0             -0.05780       -0.01189        0.12750        0.07729       -0.18461
     43 13N|4P0             -0.31976       -0.35868       -0.34479        0.03986       -0.07175
     44 13N|3D-1            -0.01623       -0.00862       -0.01100       -0.00745       -0.00678
     45 13N|3D1              0.00288        0.00400        0.00297        0.00477        0.00439
 
 
 [Mulliken Population Analysis]
  Atomic charges: 
     1H       0.2771
     2H       0.1316
     3H       0.1477
     4H       0.2478
     5H       0.2714
     6C      -0.0403
     7C      -0.1759
     8C       0.1162
     9C       0.2699
    10O      -0.4739
    11N      -0.1753
    12N      -0.2259
    13N      -0.3707
     Sum:    -0.0000
 
 [Lowdin Population Analysis]
  Atomic charges: 
     1H       0.1554
     2H       0.0853
     3H       0.0812
     4H       0.1319
     5H       0.1460
     6C       0.1310
     7C      -0.2096
     8C       0.1757
     9C       0.2350
    10O      -0.3735
    11N      -0.2933
    12N      -0.1215
    13N      -0.1433
     Sum:    -0.0000
 
 
 [Dipole moment: Debye]
              X          Y          Z         |u|
   Elec:0.6205E+01 0.4375E+01 0.0000E+00
   Nucl:0.4515E-14 0.0000E+00 0.0000E+00
   Totl:    6.2052     4.3751     0.0000     7.5925
  Reorder orbital via orbital energy ...                     1
                     2

 Output to Molden format ...

 
 ++++++++  DATA CHECK +++++++++++++++++++++++++++++++++
  CHECKDATA:HF:ENERGY:   -392.739882425
 ++++++++++ END DATA CHECK ++++++++++++++++++++++++++++
 
 
 ---------------------------------------------------------------
  Timing of SCF calculation                                                       
 
  CPU TIME(S)      SYSTEM TIME(S)     WALL TIME(S)
         89.550            0.210              11.300
 ---------------------------------------------------------------
 
|******************************************************************************|
 
    Total cpu     time:         89.55  S
    Total system  time:          0.21  S
    Total wall    time:         11.30  S
 
    Current time   2022-06-25  09:34:11
    End running module scf
|******************************************************************************|
 
('/scratch/cytosine-RHF_611', '/apps/users/lcz/BDF-FrozenCore')
 Warning! Removing scratch files. If you would like to keep scratch files for restaring. Please use -keeptmpdir

Sender: Unischeduler System <lcz@mgt01>
Subject: Job 142864: <#!/bin/bash
#BSUB -J intel
#BSUB -o cytosine-RHF.out
#BSUB -n 8
#BSUB -q cqueue
#BSUB -R span[hosts=1]
export BDFHOME=/apps/software/bdf-pkg/build/bdf-pkg-full
export BDF_TMPDIR=/scratch/cytosine-RHF_611
export USE_LIBCINT=no
export LD_LIBRARY_PATH=/apps/software/bdf-pkg/build/bdf-pkg-full/extlibs:/apps/software/bdf-pkg/build/bdf-pkg-full/libso:/apps/software/intel2019/mkl/lib/intel64:/apps/software/intel2019/compilers_and_libraries_2019/linux/lib/intel64:$LD_LIBRARY_PATH
ulimit -s unlimited
ulimit -t unlimited
export OMP_NUM_THREADS=8
export OMP_STACKSIZE=20G
/apps/software/bdf-pkg/build/bdf-pkg-full/sbin/bdfdrv.py -tmpdir /scratch/cytosine-RHF_611 -r cytosine-RHF.inp > cytosine-RHF.out
rm -rf .cytosine-RHF.wrk> Done

Job <#!/bin/bash
#BSUB -J intel
#BSUB -o cytosine-RHF.out
#BSUB -n 8
#BSUB -q cqueue
#BSUB -R span[hosts=1]
export BDFHOME=/apps/software/bdf-pkg/build/bdf-pkg-full
export BDF_TMPDIR=/scratch/cytosine-RHF_611
export USE_LIBCINT=no
export LD_LIBRARY_PATH=/apps/software/bdf-pkg/build/bdf-pkg-full/extlibs:/apps/software/bdf-pkg/build/bdf-pkg-full/libso:/apps/software/intel2019/mkl/lib/intel64:/apps/software/intel2019/compilers_and_libraries_2019/linux/lib/intel64:$LD_LIBRARY_PATH
ulimit -s unlimited
ulimit -t unlimited
export OMP_NUM_THREADS=8
export OMP_STACKSIZE=20G
/apps/software/bdf-pkg/build/bdf-pkg-full/sbin/bdfdrv.py -tmpdir /scratch/cytosine-RHF_611 -r cytosine-RHF.inp > cytosine-RHF.out
rm -rf .cytosine-RHF.wrk> was submitted from host <mgt01> by user <lcz>.
Job was executed on host(s) <8*cnode13>, in queue <cqueue>, as user <lcz>.
</apps/users/lcz> was used as the home directory.
</apps/users/lcz/BDF-FrozenCore> was used as the working directory.
Started at 2022-06-25 09:33:59
Results reported at 2022-06-25 09:34:11

Your job looked like:

------------------------------------------------------------
# User input
#!/bin/bash
#BSUB -J intel
#BSUB -o cytosine-RHF.out
#BSUB -n 8
#BSUB -q cqueue
#BSUB -R span[hosts=1]
export BDFHOME=/apps/software/bdf-pkg/build/bdf-pkg-full
export BDF_TMPDIR=/scratch/cytosine-RHF_611
export USE_LIBCINT=no
export LD_LIBRARY_PATH=/apps/software/bdf-pkg/build/bdf-pkg-full/extlibs:/apps/software/bdf-pkg/build/bdf-pkg-full/libso:/apps/software/intel2019/mkl/lib/intel64:/apps/software/intel2019/compilers_and_libraries_2019/linux/lib/intel64:$LD_LIBRARY_PATH
ulimit -s unlimited
ulimit -t unlimited
export OMP_NUM_THREADS=8
export OMP_STACKSIZE=20G
/apps/software/bdf-pkg/build/bdf-pkg-full/sbin/bdfdrv.py -tmpdir /scratch/cytosine-RHF_611 -r cytosine-RHF.inp > cytosine-RHF.out
rm -rf .cytosine-RHF.wrk
------------------------------------------------------------

Successfully completed.

Resource usage summary:

    CPU time   :           83.16 sec.
    Max Memory :               179 MB
    Max Processes  :               5


The output (if any) follows:

