#!awk.bdf.output
====================== BDF version information ============================
commit 15a5aac1bbb5a2a101a9aa715fa1cdc141611229
Author: Yibo Lei <leiyb@nwu.edu.cn>
Date:   Sun Jan 16 18:50:00 2022 +0800

    change Vircut to VSD and add Pre-CMO by MCSCF MOs and refine ploop search of xianci
===========================================================================
BDFHOME =  /apps/software/bdf-pkg
BDF_TMPDIR = /tmp
BDF_MPIRUN =  None
BDF_MPIROOT =  None
|---------------------------------------------------------------------|
 Could not find mpirun. Set to serial running ...


(' BDFHOME     = ', '/apps/users/lcz/bdf-pkg')
(' BDF_WORKDIR = ', '/apps/users/lcz/task2/section1/isomer1/RHF_cc-pVDZ/BDF')
(' BDF_TMPDIR  = ', '/scratch/2,7-dicl-dibenzene_151')
(' BDFTASK     = ', '2,7-dicl-dibenzene')

  BDF parallel running information ...
('  BDF_MASTER_NODE', 'cnode12')
('  BDF_MPIROOT = ', 'None')
  Total number of computational nodes   = 1
  Number of processes per node          = 1
  Number of openmp threads per process  = 8


('  Singlepoint_task = ', True)
('  Fragmp2_task     = ', False)


$compass
title
isomer-1
basis
cc-pvdz
Geometry
C -0.84533195991773 0.95631204799741 0.86695688758137
C 0.46296917953950 0.89055132107898 0.41153738968092
C 1.06498249109929 2.05041746604826 -0.04872626223504
C 0.38682375533153 3.25825741761093 -0.05957630313133
C -0.92916629483352 3.32496446678289 0.39786117470048
C -1.53691904595740 2.15806885302784 0.86178357772044
H -1.33177779310003 0.05786162666320 1.22288286662819
H 1.00911644617855 -0.04137764481499 0.41174217012473
H 0.89340943637666 4.14652768979640 -0.40661874558071
H -2.56260459262502 2.18503471734340 1.20271069002731
C -1.66709331376272 4.62322731007777 0.38662794093699
C -2.42161858132883 5.01473379007752 1.49250102782185
C -1.61923201631221 5.46623475990715 -0.72389685760276
C -3.10577169358506 6.21908872396761 1.47479389475736
H -2.46369194088787 4.39499072034369 2.37581764658229
C -2.30901947987771 6.66904435935388 -0.72694800403690
H -1.05555752795261 5.17208444276276 -1.59838613456934
C -3.05941590604282 7.05751618377553 0.37275066068088
H -2.26865845182014 7.30948735218955 -1.59800079723894
H -3.60007805771479 7.99261925989212 0.37887337421372
Cl 2.70997882629083 1.99495162290832 -0.61716762133114
Cl -4.03387825909787 6.68923511320967 2.87110846426962
end Geometry
$end
$xuanyuan
$end
$scf
rhf
$end
('tmpstdin ', True)
('npro is ', 1)
('\n BDF command: ', '/apps/users/lcz/bdf-pkg/bin/compass.x /scratch/2,7-dicl-dibenzene_151/2,7-dicl-dibenzeneXX0.compass.inp')
  BDF process        0 of        1 on Serial  
 
|******************************************************************************|
 
    Start running module compass
    Current time   2022-05-04  12:32:50
 
|******************************************************************************|

 ++++++++++ Reading compass input ++++++++++++++++++
 TITLE
 BASIS
 Input Basis set is cc-pVDZ
 Spherical GTO 5d,7f
 GEOMETRY
 C      -0.84533196      0.95631205      0.86695689
 C       0.46296918      0.89055132      0.41153739
 C       1.06498249      2.05041747     -0.04872626
 C       0.38682376      3.25825742     -0.05957630
 C      -0.92916629      3.32496447      0.39786117
 C      -1.53691905      2.15806885      0.86178358
 H      -1.33177779      0.05786163      1.22288287
 H       1.00911645     -0.04137764      0.41174217
 H       0.89340944      4.14652769     -0.40661875
 H      -2.56260459      2.18503472      1.20271069
 C      -1.66709331      4.62322731      0.38662794
 C      -2.42161858      5.01473379      1.49250103
 C      -1.61923202      5.46623476     -0.72389686
 C      -3.10577169      6.21908872      1.47479389
 H      -2.46369194      4.39499072      2.37581765
 C      -2.30901948      6.66904436     -0.72694800
 H      -1.05555753      5.17208444     -1.59838613
 C      -3.05941591      7.05751618      0.37275066
 H      -2.26865845      7.30948735     -1.59800080
 H      -3.60007806      7.99261926      0.37887337
 Cl      2.70997883      1.99495162     -0.61716762
 Cl     -4.03387826      6.68923511      2.87110846
 Number of atoms:       22
 $END
 ++++++++++ End of reading compass input +++++++++++++


|-------------------------------------------------------------------------------------------|

 Atom           Cartcoord(Bohr)                 Charge Basis Auxbas Uatom Nstab Alink  Mass
  C       -1.597446     1.807168     1.638311     6.00    1     0     0     0   E     11.9967
  C        0.874885     1.682898     0.777693     6.00    1     0     0     0   E     11.9967
  C        2.012525     3.874727    -0.092079     6.00    1     0     0     0   E     11.9967
  C        0.730991     6.157214    -0.112583     6.00    1     0     0     0   E     11.9967
  C       -1.755870     6.283272     0.751849     6.00    1     0     0     0   E     11.9967
  C       -2.904356     4.078159     1.628535     6.00    1     0     0     0   E     11.9967
  H       -2.516695     0.109343     2.310914     1.00    2     0     0     0   E      1.0073
  H        1.906954    -0.078192     0.778080     1.00    2     0     0     0   E      1.0073
  H        1.688299     7.835802    -0.768398     1.00    2     0     0     0   E      1.0073
  H       -4.842621     4.129117     2.272794     1.00    2     0     0     0   E      1.0073
  C       -3.150350     8.736633     0.730621     6.00    1     0     0     0   E     11.9967
  C       -4.576196     9.476473     2.820418     6.00    1     0     0     0   E     11.9967
  C       -3.059905    10.329687    -1.367967     6.00    1     0     0     0   E     11.9967
  C       -5.869058    11.752374     2.786957     6.00    1     0     0     0   E     11.9967
  H       -4.655703     8.305329     4.489645     1.00    2     0     0     0   E      1.0073
  C       -4.363414    12.602667    -1.373733     6.00    1     0     0     0   E     11.9967
  H       -1.994715     9.773823    -3.020512     1.00    2     0     0     0   E      1.0073
  C       -5.781458    13.336773     0.704397     6.00    1     0     0     0   E     11.9967
  H       -4.287143    13.812929    -3.019784     1.00    2     0     0     0   E      1.0073
  H       -6.803162    15.103861     0.715967     1.00    2     0     0     0   E      1.0073
  Cl       5.121118     3.769912    -1.166278    17.00    3     0     0     0   E     34.9689
  Cl      -7.622925    12.640822     5.425609    17.00    3     0     0     0   E     34.9689
 
|--------------------------------------------------------------------------------------------|

  End of reading atomic basis sets ..
 Printing basis sets for checking ....

 Atomic label:  C    6
 Maximum L  2 9s4p1d ----> 3s2p1d NBF =  14
 #--->s function
      Exp Coef          Norm Coef       Con Coef
          6665.000000   0.186365E+04    0.000692   -0.000293    0.000000
          1000.000000   0.449278E+03    0.005326   -0.002318    0.000000
           228.000000   0.148240E+03    0.027061   -0.011500    0.000000
            64.710000   0.576426E+02    0.101657   -0.046827    0.000000
            21.060000   0.248376E+02    0.274575   -0.128466    0.000000
             7.495000   0.114444E+02    0.448294   -0.301266    0.000000
             2.797000   0.546430E+01    0.284903   -0.255631    0.000000
             0.521500   0.155044E+01    0.015195    1.093793    0.000000
             0.159600   0.637954E+00    0.000000    0.000000    1.000000
 #--->p function
      Exp Coef          Norm Coef       Con Coef
             9.439000   0.482661E+02    0.056979    0.000000
             2.002000   0.694727E+01    0.313207    0.000000
             0.545600   0.136797E+01    0.760377    0.000000
             0.151700   0.276195E+00    0.000000    1.000000
 #--->d function
      Exp Coef          Norm Coef       Con Coef
             0.550000   0.916567E+00    1.000000
 

 Atomic label:  H    1
 Maximum L  1 4s1p ----> 2s1p NBF =   5
 #--->s function
      Exp Coef          Norm Coef       Con Coef
            13.010000   0.173070E+02    0.033499    0.000000
             1.962000   0.418831E+01    0.234801    0.000000
             0.444600   0.137560E+01    0.813683    0.000000
             0.122000   0.521537E+00    0.000000    1.000000
 #--->p function
      Exp Coef          Norm Coef       Con Coef
             0.727000   0.195840E+01    1.000000
 

 Atomic label:  Cl  17
 Maximum L  2 12s8p1d ----> 4s3p1d NBF =  18
 #--->s function
      Exp Coef          Norm Coef       Con Coef
        127900.000000   0.170871E+05    0.000241   -0.000068    0.000038    0.000000
         19170.000000   0.411606E+04    0.001871   -0.000520    0.000291    0.000000
          4363.000000   0.135629E+04    0.009708   -0.002757    0.001534    0.000000
          1236.000000   0.526658E+03    0.039315   -0.011120    0.006255    0.000000
           403.600000   0.227498E+03    0.125930   -0.038475    0.021485    0.000000
           145.700000   0.105952E+03    0.299336   -0.099183    0.056986    0.000000
            56.810000   0.522798E+02    0.421879   -0.200781    0.115865    0.000000
            23.230000   0.267333E+02    0.237197   -0.129918    0.084710    0.000000
             6.644000   0.104553E+02    0.019153    0.507897   -0.403641    0.000000
             2.575000   0.513568E+01   -0.003348    0.608872   -0.752342    0.000000
             0.537100   0.158510E+01    0.000930    0.042027    1.175087    0.000000
             0.193800   0.737956E+00    0.000000    0.000000    0.000000    1.000000
 #--->p function
      Exp Coef          Norm Coef       Con Coef
           417.600000   0.550725E+04    0.005261   -0.002292    0.000000
            98.330000   0.903321E+03    0.039840   -0.017209    0.000000
            31.040000   0.213740E+03    0.164683   -0.075044    0.000000
            11.190000   0.597066E+02    0.387389   -0.177250    0.000000
             4.249000   0.177968E+02    0.457151   -0.244691    0.000000
             1.624000   0.534831E+01    0.151662    0.142817    0.000000
             0.532200   0.132611E+01    0.001816    0.925035    0.000000
             0.162000   0.299832E+00    0.000000    0.000000    1.000000
 #--->d function
      Exp Coef          Norm Coef       Con Coef
             0.600000   0.106732E+01    1.000000
 
 
 Atomic masses
   11.9967   11.9967   11.9967   11.9967   11.9967
   11.9967    1.0073    1.0073    1.0073    1.0073
   11.9967   11.9967   11.9967   11.9967    1.0073
   11.9967    1.0073   11.9967    1.0073    1.0073
   34.9689   34.9689

 Molecular center of mass
        -2.08295632     7.72406478     1.16874165

 Molecular center of nuclear charge
        -2.11117037     7.70774369     1.13615649
 [molesym]
 
 Auto decide molecular point group! Rotate coordinates into standard orientation!
 Threshold= 0.10000E-08 0.10000E-11 0.10000E-03
 
 zgeomsort being called!
gsym: C01 , noper=    1
 Exiting zgeomsort....
 Representation generated
  Binary group is observed ...
  Point group name C(1)                         1
  User set point group as C(1)    
  Largest Abelian Subgroup C(1)                         1
 Representation generated
 C|1|)|                     1
 Symmetry check OK
 Molecule has been symmetrized
  Number of symmery unique centers:                     22

|-------------------------------------------------------------------------------------------|

 Atom           Cartcoord(Bohr)                 Charge Basis Auxbas Uatom Nstab Alink  Mass
  C        4.972896     2.930355     1.419925     6.00    1     0     0     0   E     11.9967
  C        6.622307     1.084673     0.558861     6.00    1     0     0     0   E     11.9967
  C        5.631937    -1.182136    -0.298803     6.00    1     0     0     0   E     11.9967
  C        3.051617    -1.623000    -0.308019     6.00    1     0     0     0   E     11.9967
  C        1.391802     0.232148     0.558610     6.00    1     0     0     0   E     11.9967
  C        2.385668     2.515928     1.422730     6.00    1     0     0     0   E     11.9967
  H        5.717786     4.705523     2.108361     1.00    2     0     0     0   E      1.0073
  H        8.640367     1.391212     0.550388     1.00    2     0     0     0   E      1.0073
  H        2.342720    -3.397222    -1.024810     1.00    2     0     0     0   E      1.0073
  H        1.133085     3.964080     2.135771     1.00    2     0     0     0   E      1.0073
  C       -1.391794    -0.232182     0.558542     6.00    1     0     0     0   E     11.9967
  C       -3.051657     1.622960    -0.308035     6.00    1     0     0     0   E     11.9967
  C       -2.385617    -2.515936     1.422748     6.00    1     0     0     0   E     11.9967
  C       -5.631963     1.182199    -0.298823     6.00    1     0     0     0   E     11.9967
  H       -2.342477     3.397095    -1.024783     1.00    2     0     0     0   E      1.0073
  C       -4.972873    -2.930316     1.419932     6.00    1     0     0     0   E     11.9967
  H       -1.133123    -3.964139     2.135831     1.00    2     0     0     0   E      1.0073
  C       -6.622277    -1.084673     0.558859     6.00    1     0     0     0   E     11.9967
  H       -5.717806    -4.705446     2.108424     1.00    2     0     0     0   E      1.0073
  H       -8.640339    -1.391222     0.550409     1.00    2     0     0     0   E      1.0073
  Cl       7.663779    -3.522136    -1.405264    17.00    3     0     0     0   E     34.9689
  Cl      -7.663807     3.522135    -1.405251    17.00    3     0     0     0   E     34.9689
 
|--------------------------------------------------------------------------------------------|

Number of irreps:    1
IRREP:   1   1   1
DIMEN:   1   1   1

 Irreps of multipole moment operators ...
 Operator  Component    Irrep       Row
  Dipole       x           A           1
  Dipole       y           A           1
  Dipole       z           A           1
  Quadpole     xx          A           1
  Quadpole     xy          A           1
  Quadpole     yy          A           1
  Quadpole     xz          A           1
  Quadpole     yz          A           1
  Quadpole     zz          A           1
 
 Generate symmetry adapted orbital ...
 Print Multab
  1

|--------------------------------------------------|
         Symmetry adapted orbital                   

  Irrep : A 

Total number of basis functions:     244     244

  Irrep :     A
  Norb  :    244
|--------------------------------------------------|

Total number of shells:       58
 R max for this shell (Bohr)   12.5599999999998       9.691695042155263E-011
 R max for this shell (Bohr)   12.6699999999998       9.644888246466983E-011
 R max for this shell (Bohr)   6.99999999999994       9.556501796124278E-011
 R max for this shell (Bohr)   14.0099999999998       3.009977724958305E-010
 R max for this shell (Bohr)   5.92999999999996       9.975876222407632E-011
 R max for this shell (Bohr)   11.4099999999998       9.698100467202825E-011
 R max for this shell (Bohr)   12.2699999999998       9.780730793330455E-011
 R max for this shell (Bohr)   6.70999999999994       9.619579851317601E-011
 
Number of atoms:      22
Number of basis functions:     244
 
|******************************************************************************|
 
    Total cpu     time:          0.01  S
    Total system  time:          0.03  S
    Total wall    time:          0.04  S
 
    Current time   2022-05-04  12:32:50
    End running module compass
|******************************************************************************|
 
('tmpstdin ', True)
('npro is ', 1)
('\n BDF command: ', '/apps/users/lcz/bdf-pkg/bin/xuanyuan.x /scratch/2,7-dicl-dibenzene_151/2,7-dicl-dibenzeneXX1.xuanyuan.inp')
  BDF process        0 of        1 on Serial  
 
|******************************************************************************|
 
    Start running module xuanyuan
    Current time   2022-05-04  12:32:50
 
|******************************************************************************|

|-------------------------------------------------------------------------------------------|

 Atom           Cartcoord(Bohr)                 Charge Basis Auxbas Uatom Nstab Alink  Mass
  C        4.972896     2.930355     1.419925     6.00    1     0     1     1   E     11.9967
  C        6.622307     1.084673     0.558861     6.00    1     0     1     1   E     11.9967
  C        5.631937    -1.182136    -0.298803     6.00    1     0     1     1   E     11.9967
  C        3.051617    -1.623000    -0.308019     6.00    1     0     1     1   E     11.9967
  C        1.391802     0.232148     0.558610     6.00    1     0     1     1   E     11.9967
  C        2.385668     2.515928     1.422730     6.00    1     0     1     1   E     11.9967
  H        5.717786     4.705523     2.108361     1.00    2     0     1     1   E      1.0073
  H        8.640367     1.391212     0.550388     1.00    2     0     1     1   E      1.0073
  H        2.342720    -3.397222    -1.024810     1.00    2     0     1     1   E      1.0073
  H        1.133085     3.964080     2.135771     1.00    2     0     1     1   E      1.0073
  C       -1.391794    -0.232182     0.558542     6.00    1     0     1     1   E     11.9967
  C       -3.051657     1.622960    -0.308035     6.00    1     0     1     1   E     11.9967
  C       -2.385617    -2.515936     1.422748     6.00    1     0     1     1   E     11.9967
  C       -5.631963     1.182199    -0.298823     6.00    1     0     1     1   E     11.9967
  H       -2.342477     3.397095    -1.024783     1.00    2     0     1     1   E      1.0073
  C       -4.972873    -2.930316     1.419932     6.00    1     0     1     1   E     11.9967
  H       -1.133123    -3.964139     2.135831     1.00    2     0     1     1   E      1.0073
  C       -6.622277    -1.084673     0.558859     6.00    1     0     1     1   E     11.9967
  H       -5.717806    -4.705446     2.108424     1.00    2     0     1     1   E      1.0073
  H       -8.640339    -1.391222     0.550409     1.00    2     0     1     1   E      1.0073
  Cl       7.663779    -3.522136    -1.405264    17.00    3     0     1     1   E     34.9689
  Cl      -7.663807     3.522135    -1.405251    17.00    3     0     1     1   E     34.9689
 
|--------------------------------------------------------------------------------------------|

 $xuanyuan                                                                      
                                          
 $end                                                                           
                                          
  Mass polarization term:  F
 Total nuclear charge :        114.00
 Nuclear repulsion energy :     944.8190688836 a.u.

 Total number of primitive  basis sets :          450
 Total number of prim-cart  basis sets :          464
 Total number of contracted basis sets :          244

  Estimate memory for calculating 2e integrals...
 Minium memory to calculate ERIs:        7.784 M

[aoint_1e]
  Calculating one electron integrals ...
  S T and V integrals ....
  Dipole and Quadupole integrals ....
  Finish calculating one electron integrals ...
 
 ---------------------------------------------------------------
  Timing to calculate 1-electronic integrals                                      
 
  CPU TIME(S)      SYSTEM TIME(S)     WALL TIME(S)
          0.090            0.030               0.010
 ---------------------------------------------------------------
 
 Finish calculating 1e integral ...
 Direct SCF required. Skip 2e integral!
 Set significant shell pairs!

 Number of significant pairs:     1534
 Timing caluclate K2 integrals.
 CPU:       0.20 SYS:       0.03 WALL:       0.04
 lenk2                 33826                     9
|******************************************************************************|
 
    Total cpu     time:          0.34  S
    Total system  time:          0.07  S
    Total wall    time:          0.09  S
 
    Current time   2022-05-04  12:32:50
    End running module xuanyuan
|******************************************************************************|
 
('tmpstdin ', True)
('npro is ', 1)
('\n BDF command: ', '/apps/users/lcz/bdf-pkg/bin/scf.x /scratch/2,7-dicl-dibenzene_151/2,7-dicl-dibenzeneXX2.scf.inp')
  BDF process        0 of        1 on Serial  
 
|******************************************************************************|
 
    Start running module scf
    Current time   2022-05-04  12:32:50
 
|******************************************************************************|

|-------------------------------------------------------------------------------------------|

 Atom           Cartcoord(Bohr)                 Charge Basis Auxbas Uatom Nstab Alink  Mass
  C        4.972896     2.930355     1.419925     6.00    1     0     1     1   E     11.9967
  C        6.622307     1.084673     0.558861     6.00    1     0     1     1   E     11.9967
  C        5.631937    -1.182136    -0.298803     6.00    1     0     1     1   E     11.9967
  C        3.051617    -1.623000    -0.308019     6.00    1     0     1     1   E     11.9967
  C        1.391802     0.232148     0.558610     6.00    1     0     1     1   E     11.9967
  C        2.385668     2.515928     1.422730     6.00    1     0     1     1   E     11.9967
  H        5.717786     4.705523     2.108361     1.00    2     0     1     1   E      1.0073
  H        8.640367     1.391212     0.550388     1.00    2     0     1     1   E      1.0073
  H        2.342720    -3.397222    -1.024810     1.00    2     0     1     1   E      1.0073
  H        1.133085     3.964080     2.135771     1.00    2     0     1     1   E      1.0073
  C       -1.391794    -0.232182     0.558542     6.00    1     0     1     1   E     11.9967
  C       -3.051657     1.622960    -0.308035     6.00    1     0     1     1   E     11.9967
  C       -2.385617    -2.515936     1.422748     6.00    1     0     1     1   E     11.9967
  C       -5.631963     1.182199    -0.298823     6.00    1     0     1     1   E     11.9967
  H       -2.342477     3.397095    -1.024783     1.00    2     0     1     1   E      1.0073
  C       -4.972873    -2.930316     1.419932     6.00    1     0     1     1   E     11.9967
  H       -1.133123    -3.964139     2.135831     1.00    2     0     1     1   E      1.0073
  C       -6.622277    -1.084673     0.558859     6.00    1     0     1     1   E     11.9967
  H       -5.717806    -4.705446     2.108424     1.00    2     0     1     1   E      1.0073
  H       -8.640339    -1.391222     0.550409     1.00    2     0     1     1   E      1.0073
  Cl       7.663779    -3.522136    -1.405264    17.00    3     0     1     1   E     34.9689
  Cl      -7.663807     3.522135    -1.405251    17.00    3     0     1     1   E     34.9689
 
|--------------------------------------------------------------------------------------------|

  [ SCF control ] 
 $scf
 rhf
 $end
 
  --- PRINT: Information about SCF Calculation --- 
 ICTRL_FRAGSCF=  0
 IPRTMO=  1
 MAXITER=  100
 THRENE= 0.10E-07 THRDEN= 0.50E-05
 DAMP= 0.00 VSHIFT= 0.00
 IFDIIS= T
 THRDIIS= 0.10E+01
 MINDIIS=   2 MAXDIIS=   8
 iCHECK=  0
 iAUFBAU=  1
 INIGUESS=  0
 IfMPEC= F
 IfCOSX= F
 Occupation number:
  Without occupation number in input.

 Wave function information ...
 Total Nuclear charge    :     114
 Total electrons         :     114
 ECP-core electrons      :       0
 Spin multiplicity(2S+1) :       1
 Num. of alpha electrons :      57
 Num. of beta  electrons :      57
 

 Threshold in dft prescreening ...
 Thresh_shellvalue_dft :  0.10000E-09
 ThreshRho     :  0.10000E-11

  --- END:  Information about SCF Calculation  --- 
 
 The SMH converger is used...
 Finish scf input!

 DirectHF  T
 Number of significient shell pairs :     1534
 Estimate memory for direct ERI calculations:           8.164 M

 IF USE_LIBCINT :    F

 Nuclear repulsion energy =   944.81906888
 
 iniguess                     0                     0
 
 [ATOM SCF control]
  heff=                      0
 After initial atom grid ...
 Finish atom    1  C             -37.3274218272
 After initial atom grid ...
 Finish atom    2  H              -0.4992784034
 After initial atom grid ...
 Finish atom    3  Cl           -459.2701096140
 
 Superposition of atomic densities as initial guess.
 skipaocheck F F
 Check basis set linear dependence! Tolerance =   0.100000E-04

 Check basis set linear dependence! Tolerance =   0.100000E-04
 Threshold of basis set linear depedent tol_linear is :    0.100000E-04
 Solve HC=EC in pflmo space.  F       57      187
 Initial guess energy =  -1370.4635083814
 

 Start SCF iteration......


Iter.   idiis  vshift       SCF Energy            DeltaE          RMSDeltaD          MaxDeltaD      Damping    Times(S) 
   1      0    0.000   -1385.6804653663     -15.2169569849       0.0087402611       0.2766908425    0.0000      0.35
   2      1    0.000   -1377.8457727898       7.8346925765       0.0036866020       0.0892401666    0.0000      2.02
   3      2    0.000   -1377.9257667568      -0.0799939670       0.0018565642       0.0439677038    0.0000      1.97
   4      3    0.000   -1378.1278664434      -0.2020996866       0.0002502755       0.0075360270    0.0000      1.94
   5      4    0.000   -1378.1293309224      -0.0014644790       0.0000837196       0.0027133101    0.0000      1.87
   6      5    0.000   -1378.1295130094      -0.0001820870       0.0000213189       0.0006060040    0.0000      1.94
   7      6    0.000   -1378.1295251111      -0.0000121017       0.0000062181       0.0002645101    0.0000      1.85
   8      7    0.000   -1378.1295257921      -0.0000006810       0.0000022663       0.0000910489    0.0000      1.97
   9      8    0.000   -1378.1295258894      -0.0000000974       0.0000003531       0.0000090956    0.0000      1.97
  10      2    0.000   -1378.1295258951      -0.0000000056       0.0000001060       0.0000037590    0.0000      2.15
 diis/vshift is closed at iter =  10
  11      0    0.000   -1378.1295258953      -0.0000000002       0.0000000389       0.0000013785    0.0000      2.05

  Label              CPU Time        SYS Time        Wall Time
 SCF iteration time:       161.470 S        0.300 S       20.270 S

 Final DeltaE = -2.073647920042276E-010
 Final DeltaD =  3.890776775290146E-008  5.000000000000000E-005
 
 Final scf result
   E_tot =             -1378.12952590
   E_ele =             -2322.94859478
   E_nn  =               944.81906888
   E_1e  =             -3768.72195251
   E_ne  =             -5146.82934464
   E_kin =              1378.10739213
   E_ee  =              1445.77335774
   E_xc  =                 0.00000000
  Virial Theorem      2.000016
 

 [Final occupation pattern: ]
 
 Irreps:        A   
 
 detailed occupation for iden/irep:      1   1
    1.00 1.00 1.00 1.00 1.00 1.00 1.00 1.00 1.00 1.00
    1.00 1.00 1.00 1.00 1.00 1.00 1.00 1.00 1.00 1.00
    1.00 1.00 1.00 1.00 1.00 1.00 1.00 1.00 1.00 1.00
    1.00 1.00 1.00 1.00 1.00 1.00 1.00 1.00 1.00 1.00
    1.00 1.00 1.00 1.00 1.00 1.00 1.00 1.00 1.00 1.00
    1.00 1.00 1.00 1.00 1.00 1.00 1.00 0.00 0.00 0.00
    0.00 0.00 0.00 0.00 0.00 0.00 0.00 0.00 0.00 0.00
    0.00 0.00 0.00 0.00 0.00 0.00 0.00 0.00 0.00 0.00
    0.00 0.00 0.00 0.00 0.00 0.00 0.00 0.00 0.00 0.00
    0.00 0.00 0.00 0.00 0.00 0.00 0.00 0.00 0.00 0.00
    0.00 0.00 0.00 0.00 0.00 0.00 0.00 0.00 0.00 0.00
    0.00 0.00 0.00 0.00 0.00 0.00 0.00 0.00 0.00 0.00
    0.00 0.00 0.00 0.00 0.00 0.00 0.00 0.00 0.00 0.00
    0.00 0.00 0.00 0.00 0.00 0.00 0.00 0.00 0.00 0.00
    0.00 0.00 0.00 0.00 0.00 0.00 0.00 0.00 0.00 0.00
    0.00 0.00 0.00 0.00 0.00 0.00 0.00 0.00 0.00 0.00
    0.00 0.00 0.00 0.00 0.00 0.00 0.00 0.00 0.00 0.00
    0.00 0.00 0.00 0.00 0.00 0.00 0.00 0.00 0.00 0.00
    0.00 0.00 0.00 0.00 0.00 0.00 0.00 0.00 0.00 0.00
    0.00 0.00 0.00 0.00 0.00 0.00 0.00 0.00 0.00 0.00
    0.00 0.00 0.00 0.00 0.00 0.00 0.00 0.00 0.00 0.00
    0.00 0.00 0.00 0.00 0.00 0.00 0.00 0.00 0.00 0.00
    0.00 0.00 0.00 0.00 0.00 0.00 0.00 0.00 0.00 0.00
    0.00 0.00 0.00 0.00 0.00 0.00 0.00 0.00 0.00 0.00
    0.00 0.00 0.00 0.00
 Alpha      57.00
 

 [Orbital energies:]

 Energy of occ-orbs:    A            57
            -104.83713628    -104.83713150     -11.31104492     -11.31104438     -11.26986720
             -11.26917783     -11.25892144     -11.25891850     -11.25852233     -11.25851832
             -11.25748769     -11.25748616     -11.25400535     -11.25400301     -10.56417726
             -10.56417199      -8.03181639      -8.03181122      -8.02838163      -8.02837659
              -8.02828187      -8.02827680      -1.20905062      -1.19558429      -1.14147074
              -1.11932891      -1.06779789      -1.02582444      -1.00421726      -0.99833431
              -0.87944034      -0.85290671      -0.82245610      -0.80102957      -0.72456500
              -0.70008363      -0.67330110      -0.65996992      -0.64445462      -0.62646335
              -0.60682546      -0.59688700      -0.59062696      -0.55624714      -0.54798507
              -0.54497905      -0.52360946      -0.51062110      -0.50767393      -0.48120345
              -0.46647315      -0.45880257      -0.45514310      -0.38140262      -0.34667578
              -0.34523494      -0.32241330
 Energy of vir-orbs:    A           187
               0.08566935       0.11477070       0.11523158       0.15100499       0.17283043
               0.17696726       0.20309853       0.21802941       0.22731806       0.23958590
               0.24736940       0.25173865       0.26630150       0.28083280       0.33080158
               0.34259630       0.38790003       0.39269605       0.40777838       0.42474375
               0.45344698       0.46707395       0.47025462       0.49508470       0.50705849
               0.53597407       0.55571223       0.58670849       0.60726293       0.64916237
               0.65516791       0.66484765       0.66744303       0.67621533       0.68099660
               0.68662996       0.69060000       0.70690910       0.70710024       0.70983196
               0.72093937       0.72237536       0.72511279       0.72925652       0.73177636
               0.74503287       0.75625652       0.76456305       0.76948204       0.77416973
               0.77474788       0.80752385       0.81632442       0.82082560       0.83291355
               0.83342867       0.84328643       0.85610781       0.85907860       0.87794442
               0.88552815       0.89482829       0.89705502       0.91131418       0.91173060
               0.91780043       0.94294020       0.95807721       0.95937672       0.97098171
               0.98363648       0.98601384       1.01114252       1.01131658       1.03388116
               1.06834650       1.08131299       1.10035533       1.10687563       1.11868440
               1.13152809       1.14327553       1.14680043       1.16193122       1.17724627
               1.18930199       1.19182843       1.21781185       1.21801905       1.25331251
               1.25487484       1.25822719       1.26542945       1.28368877       1.28816572
               1.28972451       1.29776051       1.31684027       1.32019637       1.33476393
               1.35341987       1.37425260       1.42870686       1.44743210       1.46510859
               1.47512704       1.48330867       1.48449099       1.53219821       1.55584230
               1.59570801       1.62139025       1.64246057       1.67560319       1.71846684
               1.71940473       1.74773609       1.75294931       1.77271177       1.77444686
               1.78166465       1.79920714       1.80046211       1.86133100       1.87841034
               1.87952895       1.90339525       1.90668797       1.91256292       1.92294432
               1.92627847       1.93404012       1.93806108       1.94995370       1.96632461
               1.98148414       1.98819459       1.99721276       2.04118899       2.04388190
               2.06262167       2.08275805       2.09615081       2.12288392       2.12697235
               2.13507172       2.13509841       2.16089451       2.16369179       2.18084423
               2.18534553       2.19311891       2.19798906       2.20871462       2.23639999
               2.27019346       2.29367472       2.31478233       2.31647930       2.37662990
               2.41316952       2.42493844       2.44590749       2.50385463       2.50591587
               2.51079455       2.54146826       2.67725766       2.67729439       2.73588667
               2.75487219       2.76289632       2.77447736       2.83436812       2.85523754
               2.87322102       2.97710102       2.99575665       3.00184035       3.02547004
               3.10674639       3.12554546       3.14006696       3.22685094       3.27398498
               3.77142342       3.89413536
 
 Alpha   HOMO energy:      -0.32241330 au      -8.77331598 eV  Irrep: A       
 Alpha   LUMO energy:       0.08566935 au       2.33118265 eV  Irrep: A       
 HOMO-LUMO gap:       0.40808265 au      11.10449862 eV
 
 Frontier orbitals of each irrep:
 
  Symmetry   1 A       
 
         Orbital                52             53             54             55             56             57
         Energy             -0.45880       -0.45514       -0.38140       -0.34668       -0.34523       -0.32241
         Occ No.             2.00000        2.00000        2.00000        2.00000        2.00000        2.00000
      1 1C|1S0              -0.00025       -0.00006        0.00003       -0.00001        0.00004        0.00007
      2 1C|2S0              -0.01195        0.01562        0.00708        0.00266       -0.00063        0.00540
      3 1C|3S0              -0.01752        0.02923        0.01155        0.00130       -0.00014        0.01163
      4 1C|2P-1              0.05046       -0.04103        0.06297       -0.07539       -0.05671       -0.02498
      5 1C|3P-1              0.02938       -0.02433        0.05332       -0.05326       -0.04511       -0.01788
      6 1C|2P0              -0.00034       -0.02962       -0.16884        0.18280        0.13432        0.04778
      7 1C|3P0              -0.00126       -0.01844       -0.12568        0.14767        0.10588        0.04072
      8 1C|2P1              -0.01717       -0.01271       -0.02827        0.00315        0.01038       -0.00842
      9 1C|3P1              -0.01598       -0.00168       -0.02366        0.00358        0.00476       -0.00845
     10 1C|3D-2              0.00337       -0.00348        0.00306        0.00303        0.00522       -0.00965
     11 1C|3D-1              0.00207       -0.00135        0.00866       -0.00405       -0.00050       -0.00652
     12 1C|3D0               0.00127       -0.00040        0.00876       -0.00237        0.00136       -0.00788
     13 1C|3D1               0.00232       -0.00163       -0.00892       -0.00725       -0.01418        0.01843
     14 1C|3D2              -0.00366        0.00618        0.00506       -0.00210       -0.00080       -0.00124
     15 2C|1S0              -0.00183        0.00136        0.00008       -0.00007       -0.00004        0.00005
     16 2C|2S0               0.02501       -0.02452        0.00083       -0.00218        0.00157        0.00114
     17 2C|3S0               0.05239       -0.05012       -0.00038        0.00448        0.00129       -0.00233
     18 2C|2P-1             -0.07188        0.07842        0.08457       -0.01750        0.02077       -0.08623
     19 2C|3P-1             -0.01926        0.02427        0.07113       -0.01495        0.01741       -0.06699
     20 2C|2P0              -0.04584        0.02020       -0.21199        0.04310       -0.05260        0.20961
     21 2C|3P0              -0.01848        0.00214       -0.15714        0.03853       -0.03787        0.17628
     22 2C|2P1               0.00050        0.01007       -0.01251        0.00745       -0.00623        0.01328
     23 2C|3P1               0.00114        0.00342       -0.01072        0.00320       -0.00456        0.01123
     24 2C|3D-2              0.00126       -0.00097       -0.00558        0.00252        0.00083        0.00189
     25 2C|3D-1              0.00099       -0.00257       -0.00251        0.01319        0.01394       -0.00471
     26 2C|3D0               0.00046       -0.00174       -0.00346        0.01165        0.01170       -0.00280
     27 2C|3D1               0.00221       -0.00017        0.01058       -0.00343        0.00068       -0.00781
     28 2C|3D2              -0.00523        0.00729        0.00001        0.00695        0.00666       -0.00226
     29 3C|1S0              -0.00015        0.00024       -0.00004       -0.00007        0.00014       -0.00008
     30 3C|2S0               0.00426        0.00405       -0.00777       -0.00102       -0.00314       -0.00733
     31 3C|3S0               0.00510       -0.00520       -0.01499       -0.00462       -0.00846       -0.01588
     32 3C|2P-1              0.05636       -0.05419        0.02824        0.06014        0.08150       -0.05021
     33 3C|3P-1              0.02093       -0.01726        0.02736        0.04307        0.06496       -0.03214
     34 3C|2P0               0.01481       -0.01968       -0.06851       -0.15197       -0.19342        0.12556
     35 3C|3P0               0.00494       -0.00655       -0.04762       -0.11966       -0.14844        0.10249
     36 3C|2P1               0.05746       -0.08620        0.01019       -0.01116       -0.00669        0.02142
     37 3C|3P1               0.01461       -0.02574        0.01279       -0.00772       -0.00345        0.02066
     38 3C|3D-2              0.00565       -0.00357        0.00164       -0.00824       -0.00577       -0.00452
     39 3C|3D-1              0.00624       -0.00931       -0.01300        0.00259       -0.00326        0.01314
     40 3C|3D0               0.00129       -0.00322       -0.00985       -0.00057       -0.00471        0.00942
     41 3C|3D1               0.00520       -0.00229       -0.01217        0.01782        0.01264        0.01022
     42 3C|3D2              -0.02226        0.02128       -0.00782        0.00253       -0.00122        0.00658
     43 4C|1S0               0.00202       -0.00173       -0.00081        0.00049       -0.00043       -0.00043
     44 4C|2S0              -0.02965        0.01998        0.01435        0.00159        0.00489        0.01487
     45 4C|3S0              -0.06889        0.05939        0.02250        0.00336        0.01174        0.02234
     46 4C|2P-1              0.00823       -0.01501       -0.03226        0.10010        0.06579        0.04414
     47 4C|3P-1             -0.00040       -0.00169       -0.03628        0.09187        0.04649        0.02272
     48 4C|2P0              -0.00048       -0.01744        0.12122       -0.21160       -0.16689       -0.08365
     49 4C|3P0              -0.00234       -0.00591        0.08873       -0.16081       -0.13518       -0.07902
     50 4C|2P1              -0.06310        0.09650       -0.02128       -0.01573       -0.02024       -0.03072
     51 4C|3P1              -0.01036        0.03638        0.00698       -0.01222       -0.00747       -0.00103
     52 4C|3D-2              0.00173       -0.00052        0.00390        0.00231        0.00558       -0.00756
     53 4C|3D-1              0.00119       -0.00362        0.00609       -0.00541       -0.00201       -0.00671
     54 4C|3D0              -0.00024       -0.00091        0.00761       -0.00404        0.00035       -0.00684
     55 4C|3D1               0.00085       -0.00081       -0.01155       -0.00868       -0.01409        0.01438
     56 4C|3D2              -0.00379        0.00838        0.00285       -0.00268       -0.00310       -0.00287
     57 5C|1S0              -0.00064       -0.00006        0.00027        0.00148       -0.00102       -0.00040
     58 5C|2S0               0.02065       -0.00336        0.00064        0.00161       -0.00269       -0.00074
     59 5C|3S0               0.04163       -0.00442       -0.00562       -0.03102        0.01467        0.00923
     60 5C|2P-1             -0.00925        0.00724       -0.10479        0.01643       -0.01839        0.05716
     61 5C|3P-1             -0.02286        0.02321       -0.09432        0.00652       -0.01118        0.03974
     62 5C|2P0              -0.01384        0.00444        0.17808       -0.05834        0.03405       -0.20284
     63 5C|3P0              -0.02003        0.00526        0.12827       -0.05193        0.02578       -0.17133
     64 5C|2P1               0.00913       -0.08867        0.01588        0.00017        0.00768       -0.01019
     65 5C|3P1              -0.00242       -0.04823        0.01199       -0.02331        0.00929       -0.00401
     66 5C|3D-2             -0.00058        0.00368       -0.01142        0.00223        0.00031       -0.00341
     67 5C|3D-1              0.00074       -0.00295       -0.00527        0.01360        0.01458       -0.00673
     68 5C|3D0               0.00020       -0.00137       -0.00373        0.01262        0.01349       -0.00285
     69 5C|3D1              -0.00121        0.00024       -0.00594       -0.00879       -0.00411       -0.02054
     70 5C|3D2              -0.00342        0.00789        0.00189        0.00898        0.00695       -0.00095
     71 6C|1S0              -0.00047        0.00014        0.00082        0.00035        0.00014        0.00018
     72 6C|2S0              -0.00312        0.00000       -0.01572       -0.00692       -0.00052       -0.01355
     73 6C|3S0               0.00885       -0.01218       -0.01742        0.00026       -0.00880       -0.01802
     74 6C|2P-1              0.00164        0.02058        0.01411       -0.05623       -0.06766        0.08660
     75 6C|3P-1             -0.00732        0.01566       -0.01034       -0.06815       -0.05390        0.05895
     76 6C|2P0              -0.01859       -0.00316        0.02246        0.13283        0.18515       -0.16097
     77 6C|3P0              -0.01522       -0.00092        0.01002        0.09949        0.15313       -0.13843
     78 6C|2P1              -0.00024        0.02408        0.02745        0.02332        0.01081        0.00716
     79 6C|3P1              -0.00918        0.01283        0.00508        0.01502        0.00784       -0.00889
     80 6C|3D-2              0.00326        0.00062        0.00447       -0.00466       -0.00460       -0.00273
     81 6C|3D-1              0.00122       -0.00222       -0.01004        0.00401       -0.00095        0.01063
     82 6C|3D0               0.00020       -0.00032       -0.00728        0.00041       -0.00188        0.00765
     83 6C|3D1               0.00016       -0.00100       -0.01581        0.01334        0.00786        0.00631
     84 6C|3D2              -0.00199        0.00553       -0.00482        0.00305       -0.00099        0.00639
     85 7H|1S0               0.03088       -0.04184       -0.00884       -0.00122       -0.00090       -0.00658
     86 7H|2S0               0.01907       -0.02455       -0.00784       -0.00411        0.00013       -0.00630
     87 7H|2P-1             -0.00054        0.00165        0.00273       -0.00284       -0.00219       -0.00072
     88 7H|2P0              -0.00097        0.00017       -0.00608        0.00694        0.00513        0.00191
     89 7H|2P1              -0.00080        0.00023       -0.00048        0.00027        0.00051        0.00002
     90 8H|1S0               0.00142        0.01253        0.00188        0.00407       -0.00214       -0.00002
     91 8H|2S0              -0.01773        0.02639        0.00026        0.00309       -0.00147       -0.00066
     92 8H|2P-1             -0.00070        0.00084        0.00317       -0.00071        0.00074       -0.00315
     93 8H|2P0              -0.00069       -0.00008       -0.00767        0.00174       -0.00181        0.00788
     94 8H|2P1              -0.00184        0.00113       -0.00061        0.00002       -0.00003        0.00051
     95 9H|1S0              -0.00038       -0.00942        0.00126       -0.00409        0.00811        0.00643
     96 9H|2S0               0.02031       -0.02506       -0.00792        0.01174       -0.00692       -0.01334
     97 9H|2P-1             -0.00150        0.00080       -0.00111        0.00343        0.00312        0.00240
     98 9H|2P0              -0.00084        0.00009        0.00471       -0.00774       -0.00581       -0.00284
     99 9H|2P1              -0.00049        0.00139        0.00025       -0.00068        0.00017        0.00041
    100 10H|1S0             -0.00889       -0.00434       -0.00559       -0.00737        0.00680       -0.00398
    101 10H|2S0             -0.00310       -0.00278        0.01163        0.01651       -0.00102        0.00736
    102 10H|2P-1             0.00030        0.00098        0.00065       -0.00175       -0.00303        0.00337
    103 10H|2P0             -0.00052       -0.00004        0.00118        0.00517        0.00671       -0.00569
    104 10H|2P1             -0.00058        0.00123       -0.00053       -0.00028        0.00114       -0.00122
    105 11C|1S0              0.00064       -0.00006        0.00027       -0.00148       -0.00102        0.00040
    106 11C|2S0             -0.02065       -0.00335        0.00064       -0.00161       -0.00269        0.00073
    107 11C|3S0             -0.04163       -0.00439       -0.00564        0.03102        0.01468       -0.00923
    108 11C|2P-1            -0.00924       -0.00722        0.10479        0.01642        0.01839        0.05717
    109 11C|3P-1            -0.02287       -0.02319        0.09432        0.00652        0.01118        0.03975
    110 11C|2P0              0.01384        0.00443        0.17807        0.05833        0.03405        0.20285
    111 11C|3P0              0.02003        0.00524        0.12827        0.05192        0.02578        0.17134
    112 11C|2P1              0.00919        0.08866       -0.01588        0.00017       -0.00767       -0.01020
    113 11C|3P1             -0.00238        0.04824       -0.01200       -0.02331       -0.00931       -0.00402
    114 11C|3D-2             0.00058        0.00368       -0.01142       -0.00223        0.00031        0.00341
    115 11C|3D-1             0.00074        0.00295        0.00527        0.01360       -0.01457       -0.00673
    116 11C|3D0             -0.00020       -0.00137       -0.00373       -0.01263        0.01348        0.00285
    117 11C|3D1             -0.00121       -0.00024        0.00594       -0.00879        0.00411       -0.02054
    118 11C|3D2              0.00343        0.00789        0.00189       -0.00898        0.00694        0.00095
    119 12C|1S0             -0.00202       -0.00173       -0.00081       -0.00049       -0.00043        0.00043
    120 12C|2S0              0.02966        0.01996        0.01435       -0.00159        0.00489       -0.01486
    121 12C|3S0              0.06893        0.05935        0.02250       -0.00336        0.01173       -0.02234
    122 12C|2P-1             0.00823        0.01500        0.03225        0.10012       -0.06576        0.04412
    123 12C|3P-1            -0.00041        0.00168        0.03628        0.09188       -0.04646        0.02271
    124 12C|2P0              0.00048       -0.01744        0.12120        0.21166       -0.16685        0.08363
    125 12C|3P0              0.00234       -0.00591        0.08872        0.16086       -0.13514        0.07900
    126 12C|2P1             -0.06317       -0.09646        0.02129       -0.01573        0.02023       -0.03071
    127 12C|3P1             -0.01039       -0.03637       -0.00698       -0.01221        0.00747       -0.00102
    128 12C|3D-2            -0.00173       -0.00052        0.00390       -0.00231        0.00558        0.00756
    129 12C|3D-1             0.00119        0.00362       -0.00609       -0.00541        0.00201       -0.00671
    130 12C|3D0              0.00024       -0.00091        0.00760        0.00404        0.00035        0.00684
    131 12C|3D1              0.00085        0.00081        0.01155       -0.00868        0.01409        0.01439
    132 12C|3D2              0.00380        0.00838        0.00285        0.00268       -0.00310        0.00286
    133 13C|1S0              0.00047        0.00014        0.00082       -0.00035        0.00014       -0.00018
    134 13C|2S0              0.00312        0.00000       -0.01572        0.00692       -0.00051        0.01355
    135 13C|3S0             -0.00886       -0.01216       -0.01742       -0.00026       -0.00880        0.01801
    136 13C|2P-1             0.00162       -0.02059       -0.01411       -0.05625        0.06764        0.08661
    137 13C|3P-1            -0.00733       -0.01565        0.01034       -0.06816        0.05387        0.05897
    138 13C|2P0              0.01859       -0.00317        0.02247       -0.13287        0.18509        0.16100
    139 13C|3P0              0.01522       -0.00093        0.01003       -0.09952        0.15309        0.13845
    140 13C|2P1             -0.00026       -0.02408       -0.02745        0.02332       -0.01081        0.00717
    141 13C|3P1             -0.00919       -0.01283       -0.00508        0.01502       -0.00783       -0.00888
    142 13C|3D-2            -0.00326        0.00063        0.00447        0.00466       -0.00460        0.00273
    143 13C|3D-1             0.00122        0.00222        0.01004        0.00401        0.00095        0.01063
    144 13C|3D0             -0.00020       -0.00032       -0.00728       -0.00041       -0.00188       -0.00765
    145 13C|3D1              0.00016        0.00100        0.01581        0.01334       -0.00786        0.00631
    146 13C|3D2              0.00199        0.00553       -0.00482       -0.00305       -0.00099       -0.00639
    147 14C|1S0              0.00015        0.00024       -0.00004        0.00007        0.00014        0.00008
    148 14C|2S0             -0.00425        0.00405       -0.00777        0.00103       -0.00315        0.00733
    149 14C|3S0             -0.00511       -0.00520       -0.01499        0.00463       -0.00845        0.01587
    150 14C|2P-1             0.05641        0.05416       -0.02824        0.06016       -0.08148       -0.05022
    151 14C|3P-1             0.02095        0.01726       -0.02736        0.04309       -0.06494       -0.03215
    152 14C|2P0             -0.01483       -0.01967       -0.06851        0.15203       -0.19337       -0.12558
    153 14C|3P0             -0.00495       -0.00656       -0.04761        0.11971       -0.14840       -0.10251
    154 14C|2P1              0.05752        0.08616       -0.01020       -0.01116        0.00669        0.02142
    155 14C|3P1              0.01463        0.02573       -0.01279       -0.00772        0.00345        0.02065
    156 14C|3D-2            -0.00565       -0.00357        0.00164        0.00824       -0.00577        0.00452
    157 14C|3D-1             0.00624        0.00931        0.01300        0.00259        0.00326        0.01314
    158 14C|3D0             -0.00130       -0.00322       -0.00985        0.00057       -0.00471       -0.00942
    159 14C|3D1              0.00520        0.00229        0.01217        0.01783       -0.01264        0.01022
    160 14C|3D2              0.02227        0.02126       -0.00782       -0.00253       -0.00122       -0.00658
    161 15H|1S0              0.00037       -0.00943        0.00125        0.00408        0.00811       -0.00643
    162 15H|2S0             -0.02032       -0.02504       -0.00792       -0.01174       -0.00692        0.01334
    163 15H|2P-1            -0.00150       -0.00080        0.00111        0.00343       -0.00312        0.00240
    164 15H|2P0              0.00084        0.00009        0.00471        0.00774       -0.00581        0.00283
    165 15H|2P1             -0.00049       -0.00139       -0.00025       -0.00068       -0.00017        0.00041
    166 16C|1S0              0.00026       -0.00006        0.00003        0.00001        0.00004       -0.00007
    167 16C|2S0              0.01197        0.01561        0.00708       -0.00266       -0.00063       -0.00540
    168 16C|3S0              0.01754        0.02922        0.01155       -0.00130       -0.00014       -0.01163
    169 16C|2P-1             0.05049        0.04100       -0.06297       -0.07541        0.05669       -0.02498
    170 16C|3P-1             0.02940        0.02431       -0.05332       -0.05328        0.04510       -0.01787
    171 16C|2P0              0.00032       -0.02963       -0.16884       -0.18284        0.13427       -0.04777
    172 16C|3P0              0.00124       -0.01845       -0.12568       -0.14770        0.10584       -0.04071
    173 16C|2P1             -0.01715        0.01272        0.02827        0.00315       -0.01037       -0.00842
    174 16C|3P1             -0.01598        0.00169        0.02366        0.00358       -0.00475       -0.00845
    175 16C|3D-2            -0.00337       -0.00348        0.00307       -0.00303        0.00522        0.00965
    176 16C|3D-1             0.00207        0.00134       -0.00866       -0.00405        0.00050       -0.00652
    177 16C|3D0             -0.00127       -0.00040        0.00876        0.00237        0.00136        0.00788
    178 16C|3D1              0.00233        0.00163        0.00892       -0.00725        0.01418        0.01843
    179 16C|3D2              0.00366        0.00618        0.00506        0.00210       -0.00080        0.00124
    180 17H|1S0              0.00889       -0.00435       -0.00559        0.00737        0.00680        0.00398
    181 17H|2S0              0.00310       -0.00278        0.01162       -0.01651       -0.00102       -0.00736
    182 17H|2P-1             0.00029       -0.00098       -0.00065       -0.00175        0.00303        0.00337
    183 17H|2P0              0.00052       -0.00004        0.00118       -0.00518        0.00670        0.00569
    184 17H|2P1             -0.00058       -0.00123        0.00053       -0.00028       -0.00114       -0.00122
    185 18C|1S0              0.00183        0.00136        0.00008        0.00007       -0.00004       -0.00005
    186 18C|2S0             -0.02503       -0.02451        0.00083        0.00218        0.00157       -0.00114
    187 18C|3S0             -0.05243       -0.05008       -0.00038       -0.00448        0.00129        0.00233
    188 18C|2P-1            -0.07195       -0.07838       -0.08456       -0.01750       -0.02076       -0.08623
    189 18C|3P-1            -0.01928       -0.02427       -0.07112       -0.01495       -0.01741       -0.06699
    190 18C|2P0              0.04586        0.02016       -0.21199       -0.04310       -0.05258       -0.20962
    191 18C|3P0              0.01848        0.00212       -0.15714       -0.03853       -0.03786       -0.17628
    192 18C|2P1              0.00049       -0.01008        0.01251        0.00745        0.00622        0.01328
    193 18C|3P1              0.00114       -0.00342        0.01071        0.00320        0.00456        0.01123
    194 18C|3D-2            -0.00126       -0.00097       -0.00558       -0.00252        0.00083       -0.00189
    195 18C|3D-1             0.00099        0.00257        0.00251        0.01320       -0.01394       -0.00471
    196 18C|3D0             -0.00046       -0.00174       -0.00346       -0.01165        0.01170        0.00280
    197 18C|3D1              0.00221        0.00017       -0.01058       -0.00343       -0.00068       -0.00781
    198 18C|3D2              0.00524        0.00729        0.00001       -0.00695        0.00666        0.00225
    199 19H|1S0             -0.03092       -0.04183       -0.00884        0.00122       -0.00090        0.00658
    200 19H|2S0             -0.01909       -0.02455       -0.00784        0.00411        0.00013        0.00630
    201 19H|2P-1            -0.00055       -0.00165       -0.00273       -0.00284        0.00219       -0.00072
    202 19H|2P0              0.00097        0.00017       -0.00608       -0.00695        0.00512       -0.00191
    203 19H|2P1             -0.00080       -0.00023        0.00048        0.00027       -0.00051        0.00002
    204 20H|1S0             -0.00140        0.01253        0.00188       -0.00407       -0.00214        0.00001
    205 20H|2S0              0.01776        0.02638        0.00026       -0.00309       -0.00147        0.00065
    206 20H|2P-1            -0.00070       -0.00084       -0.00317       -0.00071       -0.00074       -0.00315
    207 20H|2P0              0.00069       -0.00009       -0.00767       -0.00174       -0.00181       -0.00788
    208 20H|2P1             -0.00184       -0.00112        0.00061        0.00002        0.00003        0.00051
    209 21Cl|1S0            -0.00007       -0.00003        0.00001        0.00003       -0.00003       -0.00002
    210 21Cl|2S0            -0.00044       -0.00015        0.00006        0.00023       -0.00020       -0.00015
    211 21Cl|3S0            -0.00012        0.00027        0.00057        0.00054       -0.00011        0.00069
    212 21Cl|4S0             0.00324        0.00160        0.00072       -0.00126        0.00095        0.00287
    213 21Cl|2P-1            0.00013        0.00001       -0.00009       -0.00024       -0.00023        0.00020
    214 21Cl|3P-1           -0.26951        0.22215       -0.03273       -0.05366       -0.06809        0.04090
    215 21Cl|4P-1           -0.22057        0.18516       -0.03212       -0.05294       -0.06744        0.04027
    216 21Cl|2P0             0.00002        0.00001        0.00015        0.00044        0.00061       -0.00042
    217 21Cl|3P0            -0.04726        0.09465        0.08095        0.13280        0.16803       -0.09167
    218 21Cl|4P0            -0.03810        0.07868        0.07498        0.13014        0.16473       -0.09307
    219 21Cl|2P1             0.00002       -0.00011       -0.00001        0.00003        0.00006       -0.00005
    220 21Cl|3P1            -0.31593        0.32545       -0.01148        0.00484        0.00900       -0.01590
    221 21Cl|4P1            -0.26119        0.26902       -0.01078        0.00598        0.00797       -0.01695
    222 21Cl|3D-2           -0.00002        0.00181       -0.00104       -0.00342       -0.00390        0.00185
    223 21Cl|3D-1           -0.00221        0.00143       -0.00238       -0.00449       -0.00642        0.00625
    224 21Cl|3D0             0.00002        0.00110       -0.00262       -0.00491       -0.00679        0.00559
    225 21Cl|3D1            -0.00100        0.00085        0.00033        0.00671        0.00770       -0.00368
    226 21Cl|3D2             0.00605       -0.00408       -0.00169       -0.00192       -0.00302        0.00235
    227 22Cl|1S0             0.00007       -0.00003        0.00001       -0.00003       -0.00003        0.00002
    228 22Cl|2S0             0.00044       -0.00015        0.00006       -0.00023       -0.00020        0.00015
    229 22Cl|3S0             0.00012        0.00027        0.00057       -0.00054       -0.00011       -0.00069
    230 22Cl|4S0            -0.00324        0.00160        0.00072        0.00126        0.00095       -0.00287
    231 22Cl|2P-1            0.00013       -0.00001        0.00009       -0.00024        0.00023        0.00020
    232 22Cl|3P-1           -0.26966       -0.22198        0.03273       -0.05368        0.06807        0.04090
    233 22Cl|4P-1           -0.22070       -0.18501        0.03212       -0.05296        0.06742        0.04028
    234 22Cl|2P0            -0.00002        0.00001        0.00015       -0.00044        0.00061        0.00042
    235 22Cl|3P0             0.04733        0.09463        0.08095       -0.13285        0.16798        0.09169
    236 22Cl|4P0             0.03815        0.07866        0.07498       -0.13019        0.16468        0.09309
    237 22Cl|2P1             0.00002        0.00011        0.00001        0.00003       -0.00006       -0.00005
    238 22Cl|3P1            -0.31613       -0.32523        0.01149        0.00485       -0.00900       -0.01589
    239 22Cl|4P1            -0.26135       -0.26883        0.01078        0.00599       -0.00796       -0.01695
    240 22Cl|3D-2            0.00002        0.00181       -0.00104        0.00342       -0.00390       -0.00185
    241 22Cl|3D-1           -0.00221       -0.00143        0.00238       -0.00449        0.00642        0.00625
    242 22Cl|3D0            -0.00002        0.00110       -0.00262        0.00492       -0.00679       -0.00560
    243 22Cl|3D1            -0.00100       -0.00085       -0.00033        0.00671       -0.00770       -0.00369
    244 22Cl|3D2            -0.00606       -0.00408       -0.00169        0.00192       -0.00302       -0.00235
 
         Orbital                58             59             60             61             62             63
         Energy              0.08567        0.11477        0.11523        0.15100        0.17283        0.17697
         Occ No.             0.00000        0.00000        0.00000        0.00000        0.00000        0.00000
      1 1C|1S0               0.00088       -0.00047       -0.00044       -0.00106       -0.02797       -0.01918
      2 1C|2S0              -0.00521       -0.00313       -0.00089        0.00934        0.00872        0.04214
      3 1C|3S0              -0.04658        0.00608        0.04144        0.08152        1.06960        0.84789
      4 1C|2P-1             -0.03766        0.07486       -0.06868       -0.04926        0.05691        0.07443
      5 1C|3P-1             -0.07276        0.12237       -0.18283       -0.05951       -0.03555        0.26668
      6 1C|2P0               0.08959       -0.17561        0.17653        0.12907        0.03742        0.01153
      7 1C|3P0               0.15909       -0.31928        0.28601        0.26246        0.03203        0.06840
      8 1C|2P1               0.01597       -0.00044        0.02070       -0.00740        0.04384        0.03412
      9 1C|3P1               0.05206       -0.01168        0.04893       -0.04525        0.00522        0.06999
     10 1C|3D-2              0.01082        0.00484       -0.00720        0.00538       -0.00170       -0.00104
     11 1C|3D-1              0.00681       -0.00153        0.00120        0.00953        0.00601        0.00027
     12 1C|3D0               0.00871        0.00046       -0.00015        0.01034       -0.01044       -0.00223
     13 1C|3D1              -0.02015       -0.01494        0.01346       -0.01636        0.00043       -0.00494
     14 1C|3D2               0.00151       -0.00021        0.00179        0.00345        0.00673        0.00434
     15 2C|1S0              -0.00000       -0.00088        0.00120       -0.00019       -0.00297       -0.00986
     16 2C|2S0              -0.00089        0.00540        0.01153        0.00074        0.03782        0.02529
     17 2C|3S0              -0.00270        0.01461       -0.07473        0.01152       -0.06619        0.33685
     18 2C|2P-1              0.08276        0.00289        0.00062        0.08053        0.02074        0.03018
     19 2C|3P-1              0.12526        0.01223        0.01152        0.18843        0.06142        0.06915
     20 2C|2P0              -0.20571       -0.00491        0.00173       -0.20225        0.00622       -0.00193
     21 2C|3P0              -0.36174       -0.01609        0.01265       -0.40296       -0.00959       -0.02075
     22 2C|2P1              -0.01279       -0.00108       -0.00045       -0.01567        0.07759        0.09085
     23 2C|3P1              -0.01872        0.01065        0.04711       -0.04401        0.61498        0.43453
     24 2C|3D-2              0.00303       -0.00342        0.00153        0.00335       -0.00852       -0.00949
     25 2C|3D-1             -0.00012       -0.01968        0.02028       -0.00161        0.00224        0.00016
     26 2C|3D0               0.00080       -0.01737        0.01857       -0.00058        0.00792        0.00099
     27 2C|3D1              -0.00651        0.00169       -0.00225       -0.00949       -0.00227       -0.00297
     28 2C|3D2              -0.00137       -0.01139        0.00786        0.00080       -0.00919       -0.01044
     29 3C|1S0              -0.00100       -0.00036        0.00016        0.00183       -0.02171       -0.01071
     30 3C|2S0               0.00943       -0.00189        0.00176       -0.01940        0.02102        0.06083
     31 3C|3S0               0.06850        0.00707        0.03475       -0.15585        0.95570        0.66264
     32 3C|2P-1             -0.04421       -0.08346        0.07372       -0.03629       -0.07099       -0.11315
     33 3C|3P-1             -0.08487       -0.12083        0.21275       -0.03468        0.21664       -0.09664
     34 3C|2P0               0.08422        0.19735       -0.19753        0.14341       -0.05761       -0.01996
     35 3C|3P0               0.14332        0.34580       -0.29436        0.25723        0.05373        0.02565
     36 3C|2P1               0.00147        0.02651        0.00047        0.01164        0.07888        0.08310
     37 3C|3P1              -0.02853        0.03061        0.00325        0.06421       -0.27454       -0.01820
     38 3C|3D-2              0.00869       -0.00491        0.00880        0.00093        0.01374        0.00989
     39 3C|3D-1             -0.01557        0.00118       -0.00155       -0.01707        0.00307       -0.00192
     40 3C|3D0              -0.01045       -0.00170        0.00178       -0.01316       -0.01004       -0.00218
     41 3C|3D1              -0.01880        0.01729       -0.01595       -0.01383        0.00055        0.00738
     42 3C|3D2              -0.00886        0.00196       -0.00306       -0.00793        0.00883        0.00386
     43 4C|1S0              -0.00048       -0.00124       -0.00074        0.00158        0.00554        0.00194
     44 4C|2S0              -0.01812        0.00896        0.00983        0.02817        0.06539        0.02242
     45 4C|3S0              -0.04310        0.01435       -0.03856        0.04265       -0.33572       -0.16900
     46 4C|2P-1             -0.07413        0.05129       -0.09376       -0.00146       -0.05441       -0.01496
     47 4C|3P-1             -0.12250        0.04059       -0.36452       -0.02792       -0.62957       -0.25732
     48 4C|2P0               0.12447       -0.17622        0.15945        0.07473        0.01010       -0.04129
     49 4C|3P0               0.19610       -0.36064        0.21017        0.15593       -0.18811       -0.14975
     50 4C|2P1               0.02536       -0.01894        0.00341       -0.01651       -0.03610       -0.01937
     51 4C|3P1              -0.02871       -0.00583        0.08900        0.11264       -0.34862       -0.19226
     52 4C|3D-2             -0.00902       -0.00730        0.00786       -0.00756       -0.00854       -0.01653
     53 4C|3D-1             -0.00641        0.00312       -0.00670       -0.01107       -0.00409       -0.01088
     54 4C|3D0              -0.00915        0.00161        0.00357       -0.00935        0.00673        0.00393
     55 4C|3D1               0.01888        0.01618       -0.01455        0.02309       -0.00458       -0.00458
     56 4C|3D2              -0.00101       -0.00116       -0.00015       -0.00786        0.00072        0.01515
     57 5C|1S0              -0.00001       -0.00895       -0.01302        0.00026       -0.01190        0.00586
     58 5C|2S0               0.00033       -0.01408       -0.01370       -0.00239       -0.01619        0.05044
     59 5C|3S0               0.00498        0.16369        0.33152       -0.01157        0.67480       -0.13467
     60 5C|2P-1              0.08707        0.00232       -0.00231        0.09548       -0.00353       -0.01416
     61 5C|3P-1              0.16139       -0.00539        0.02706        0.08625       -0.04590        0.05617
     62 5C|2P0              -0.20196       -0.00209       -0.00286       -0.23111       -0.00144       -0.01111
     63 5C|3P0              -0.29711       -0.00414       -0.01939       -0.47622       -0.02466       -0.03997
     64 5C|2P1              -0.01312        0.01156       -0.01367       -0.01425        0.02242       -0.03946
     65 5C|3P1              -0.02221        0.06246        0.25649       -0.03946        0.48255        0.57659
     66 5C|3D-2              0.00555        0.00260       -0.00554       -0.01887       -0.00453       -0.00753
     67 5C|3D-1              0.00419        0.01828       -0.01831       -0.00265        0.00809        0.00596
     68 5C|3D0              -0.00032        0.02012       -0.01563       -0.00034       -0.01059        0.01317
     69 5C|3D1               0.02653       -0.00252        0.00287       -0.01449       -0.00295       -0.00122
     70 5C|3D2              -0.00222        0.00763       -0.01535        0.00731       -0.00981       -0.02103
     71 6C|1S0               0.00065       -0.00165       -0.00108       -0.00209       -0.00283       -0.00457
     72 6C|2S0               0.01827        0.00917        0.01004       -0.02969        0.05941        0.02322
     73 6C|3S0               0.03325        0.03553       -0.02391       -0.01610        0.03419        0.06450
     74 6C|2P-1             -0.07584       -0.05601        0.09046        0.00394        0.05064        0.01824
     75 6C|3P-1             -0.09929       -0.04891        0.34772       -0.08588        0.36597        0.13406
     76 6C|2P0               0.11680        0.17978       -0.15850        0.06977       -0.00754        0.04706
     77 6C|3P0               0.18775        0.35165       -0.20428        0.13920        0.12237        0.13618
     78 6C|2P1              -0.00293       -0.00199       -0.02566        0.02051       -0.04642       -0.01557
     79 6C|3P1               0.05521       -0.00225       -0.05669       -0.06276       -0.47405       -0.26247
     80 6C|3D-2             -0.00594        0.00397       -0.00669       -0.00298        0.00103        0.01243
     81 6C|3D-1              0.01198       -0.00226       -0.00086        0.01873       -0.00011       -0.00576
     82 6C|3D0               0.00933        0.00113        0.00412        0.00881        0.00211        0.00086
     83 6C|3D1               0.01604       -0.01483        0.01449        0.01635        0.00154        0.00430
     84 6C|3D2               0.00623       -0.00505        0.00483        0.01067        0.00139        0.00692
     85 7H|1S0               0.00624       -0.00289       -0.00238       -0.00605       -0.02055       -0.03311
     86 7H|2S0               0.01863       -0.01083       -0.00951       -0.05618       -0.57570       -0.81917
     87 7H|2P-1             -0.00172        0.00388       -0.00331       -0.00276        0.01000        0.00924
     88 7H|2P0               0.00425       -0.00945        0.00976        0.00741        0.00452        0.00241
     89 7H|2P1               0.00025       -0.00025        0.00039        0.00036        0.00575        0.00500
     90 8H|1S0              -0.00135       -0.00746       -0.00697        0.00361       -0.04220       -0.03819
     91 8H|2S0              -0.00147       -0.03681       -0.05862        0.01500       -0.75743       -0.77223
     92 8H|2P-1              0.00444        0.00015       -0.00010        0.00402        0.00080        0.00124
     93 8H|2P0              -0.01018       -0.00038        0.00018       -0.01161        0.00049       -0.00035
     94 8H|2P1              -0.00087       -0.00001       -0.00036       -0.00027        0.00073        0.00530
     95 9H|1S0              -0.00866        0.00808       -0.00301        0.01242       -0.03300       -0.04865
     96 9H|2S0              -0.03964       -0.10902       -0.23377        0.06538       -0.74059       -0.41552
     97 9H|2P-1             -0.00384        0.00406       -0.00431       -0.00017        0.00072        0.00420
     98 9H|2P0               0.00543       -0.00979        0.00887        0.00544        0.00022        0.00075
     99 9H|2P1               0.00030        0.00179        0.00063        0.00046        0.00038        0.00100
    100 10H|1S0              0.00715        0.00909       -0.00146       -0.00748       -0.01995       -0.03560
    101 10H|2S0              0.03079       -0.11060       -0.23553       -0.01672       -0.71888       -0.44441
    102 10H|2P-1            -0.00373       -0.00309        0.00485       -0.00012        0.00219       -0.00052
    103 10H|2P0              0.00516        0.01013       -0.00862        0.00561        0.00099        0.00099
    104 10H|2P1              0.00078        0.00308       -0.00056       -0.00035       -0.00128        0.00025
    105 11C|1S0             -0.00001       -0.00899        0.01300       -0.00026       -0.01190       -0.00585
    106 11C|2S0              0.00034       -0.01412        0.01366        0.00239       -0.01622       -0.05044
    107 11C|3S0              0.00497        0.16457       -0.33110        0.01162        0.67478        0.13421
    108 11C|2P-1            -0.08707       -0.00233       -0.00231        0.09548        0.00352       -0.01417
    109 11C|3P-1            -0.16139        0.00530        0.02714        0.08625        0.04583        0.05618
    110 11C|2P0             -0.20195       -0.00213        0.00286        0.23111       -0.00144        0.01111
    111 11C|3P0             -0.29709       -0.00427        0.01938        0.47622       -0.02456        0.04000
    112 11C|2P1              0.01313       -0.01152       -0.01371       -0.01426       -0.02244       -0.03945
    113 11C|3P1              0.02223       -0.06313        0.25633       -0.03950       -0.48227        0.57691
    114 11C|3D-2             0.00555        0.00258        0.00554        0.01887       -0.00452        0.00753
    115 11C|3D-1            -0.00419       -0.01823       -0.01836       -0.00265       -0.00809        0.00597
    116 11C|3D0             -0.00032        0.02008        0.01569        0.00034       -0.01060       -0.01317
    117 11C|3D1             -0.02653        0.00252        0.00288       -0.01449        0.00295       -0.00122
    118 11C|3D2             -0.00222        0.00759        0.01537       -0.00731       -0.00980        0.02103
    119 12C|1S0             -0.00048       -0.00125        0.00074       -0.00158        0.00554       -0.00195
    120 12C|2S0             -0.01813        0.00898       -0.00981       -0.02816        0.06537       -0.02246
    121 12C|3S0             -0.04310        0.01425        0.03861       -0.04268       -0.33565        0.16928
    122 12C|2P-1             0.07412       -0.05103       -0.09390       -0.00147        0.05440       -0.01499
    123 12C|3P-1             0.12246       -0.03960       -0.36466       -0.02789        0.62933       -0.25772
    124 12C|2P0              0.12446       -0.17578       -0.15993       -0.07475        0.01013        0.04128
    125 12C|3P0              0.19608       -0.36005       -0.21116       -0.15600       -0.18798        0.14985
    126 12C|2P1             -0.02535        0.01893        0.00346       -0.01651        0.03609       -0.01939
    127 12C|3P1              0.02874        0.00558        0.08894        0.11267        0.34864       -0.19255
    128 12C|3D-2            -0.00902       -0.00728       -0.00788        0.00756       -0.00853        0.01653
    129 12C|3D-1             0.00641       -0.00310       -0.00671       -0.01107        0.00409       -0.01088
    130 12C|3D0             -0.00915        0.00161       -0.00357        0.00935        0.00673       -0.00394
    131 12C|3D1             -0.01888       -0.01615       -0.01459        0.02308        0.00457       -0.00458
    132 12C|3D2             -0.00101       -0.00116        0.00014        0.00786        0.00071       -0.01515
    133 13C|1S0              0.00065       -0.00165        0.00107        0.00209       -0.00282        0.00457
    134 13C|2S0              0.01827        0.00919       -0.01002        0.02970        0.05940       -0.02326
    135 13C|3S0              0.03325        0.03547        0.02406        0.01610        0.03413       -0.06455
    136 13C|2P-1             0.07585        0.05578        0.09061        0.00395       -0.05063        0.01827
    137 13C|3P-1             0.09932        0.04800        0.34786       -0.08590       -0.36599        0.13434
    138 13C|2P0              0.11682        0.17937        0.15897       -0.06975       -0.00756       -0.04706
    139 13C|3P0              0.18777        0.35112        0.20519       -0.13914        0.12233       -0.13628
    140 13C|2P1              0.00292        0.00205       -0.02565        0.02052        0.04641       -0.01560
    141 13C|3P1             -0.05522        0.00241       -0.05665       -0.06273        0.47385       -0.26276
    142 13C|3D-2            -0.00594        0.00395        0.00670        0.00298        0.00102       -0.01243
    143 13C|3D-1            -0.01198        0.00225       -0.00085        0.01873        0.00011       -0.00576
    144 13C|3D0              0.00933        0.00114       -0.00412       -0.00881        0.00211       -0.00086
    145 13C|3D1             -0.01604        0.01479        0.01453        0.01635       -0.00154        0.00430
    146 13C|3D2              0.00623       -0.00504       -0.00485       -0.01067        0.00138       -0.00692
    147 14C|1S0             -0.00100       -0.00036       -0.00016       -0.00183       -0.02170        0.01073
    148 14C|2S0              0.00943       -0.00188       -0.00176        0.01940        0.02098       -0.06083
    149 14C|3S0              0.06851        0.00717       -0.03478        0.15589        0.95531       -0.66329
    150 14C|2P-1             0.04421        0.08327        0.07395       -0.03628        0.07091       -0.11317
    151 14C|3P-1             0.08488        0.12027        0.21308       -0.03469       -0.21670       -0.09646
    152 14C|2P0              0.08423        0.19684        0.19806       -0.14338       -0.05759        0.02000
    153 14C|3P0              0.14332        0.34504        0.29528       -0.25716        0.05372       -0.02569
    154 14C|2P1             -0.00147       -0.02651        0.00040        0.01163       -0.07882        0.08314
    155 14C|3P1              0.02855       -0.03063        0.00312        0.06423        0.27460       -0.01845
    156 14C|3D-2             0.00869       -0.00489       -0.00882       -0.00093        0.01374       -0.00990
    157 14C|3D-1             0.01557       -0.00117       -0.00156       -0.01707       -0.00307       -0.00192
    158 14C|3D0             -0.01045       -0.00169       -0.00178        0.01316       -0.01004        0.00219
    159 14C|3D1              0.01880       -0.01725       -0.01600       -0.01383       -0.00055        0.00738
    160 14C|3D2             -0.00886        0.00195        0.00307        0.00793        0.00883       -0.00387
    161 15H|1S0             -0.00866        0.00807        0.00304       -0.01242       -0.03297        0.04867
    162 15H|2S0             -0.03963       -0.10964        0.23352       -0.06543       -0.74028        0.41599
    163 15H|2P-1             0.00383       -0.00405       -0.00432       -0.00017       -0.00072        0.00420
    164 15H|2P0              0.00543       -0.00977       -0.00889       -0.00544        0.00022       -0.00075
    165 15H|2P1             -0.00030       -0.00179        0.00063        0.00046       -0.00038        0.00100
    166 16C|1S0              0.00088       -0.00047        0.00044        0.00106       -0.02795        0.01920
    167 16C|2S0             -0.00521       -0.00313        0.00088       -0.00933        0.00870       -0.04215
    168 16C|3S0             -0.04657        0.00620       -0.04144       -0.08147        1.06908       -0.84859
    169 16C|2P-1             0.03766       -0.07467       -0.06889       -0.04928       -0.05687        0.07447
    170 16C|3P-1             0.07276       -0.12188       -0.18318       -0.05953        0.03572        0.26665
    171 16C|2P0              0.08958       -0.17511       -0.17700       -0.12910        0.03742       -0.01156
    172 16C|3P0              0.15907       -0.31847       -0.28686       -0.26252        0.03200       -0.06843
    173 16C|2P1             -0.01597        0.00038        0.02070       -0.00740       -0.04382        0.03415
    174 16C|3P1             -0.05206        0.01155        0.04897       -0.04525       -0.00522        0.07003
    175 16C|3D-2             0.01082        0.00483        0.00721       -0.00538       -0.00170        0.00104
    176 16C|3D-1            -0.00681        0.00152        0.00120        0.00953       -0.00601        0.00027
    177 16C|3D0              0.00871        0.00046        0.00015       -0.01034       -0.01044        0.00224
    178 16C|3D1              0.02015        0.01491        0.01350       -0.01636       -0.00044       -0.00494
    179 16C|3D2              0.00151       -0.00020       -0.00179       -0.00345        0.00673       -0.00435
    180 17H|1S0              0.00715        0.00908        0.00149        0.00749       -0.01993        0.03562
    181 17H|2S0              0.03080       -0.11123        0.23521        0.01666       -0.71868        0.44492
    182 17H|2P-1             0.00373        0.00308        0.00486       -0.00012       -0.00219       -0.00052
    183 17H|2P0              0.00516        0.01011        0.00865       -0.00561        0.00099       -0.00099
    184 17H|2P1             -0.00078       -0.00307       -0.00057       -0.00035        0.00128        0.00025
    185 18C|1S0             -0.00000       -0.00088       -0.00120        0.00019       -0.00297        0.00986
    186 18C|2S0             -0.00089        0.00543       -0.01152       -0.00074        0.03781       -0.02532
    187 18C|3S0             -0.00269        0.01441        0.07478       -0.01155       -0.06640       -0.33679
    188 18C|2P-1            -0.08276       -0.00290        0.00062        0.08053       -0.02073        0.03019
    189 18C|3P-1            -0.12526       -0.01229        0.01148        0.18843       -0.06136        0.06917
    190 18C|2P0             -0.20571       -0.00493       -0.00173        0.20225        0.00621        0.00193
    191 18C|3P0             -0.36174       -0.01609       -0.01265        0.40296       -0.00961        0.02075
    192 18C|2P1              0.01279        0.00108       -0.00045       -0.01567       -0.07754        0.09090
    193 18C|3P1              0.01872       -0.01077        0.04710       -0.04404       -0.61471        0.43495
    194 18C|3D-2             0.00303       -0.00342       -0.00154       -0.00335       -0.00851        0.00949
    195 18C|3D-1             0.00012        0.01963        0.02033       -0.00160       -0.00224        0.00016
    196 18C|3D0              0.00080       -0.01732       -0.01862        0.00058        0.00792       -0.00099
    197 18C|3D1              0.00651       -0.00168       -0.00226       -0.00949        0.00227       -0.00297
    198 18C|3D2             -0.00137       -0.01137       -0.00789       -0.00081       -0.00918        0.01044
    199 19H|1S0              0.00624       -0.00290        0.00237        0.00604       -0.02053        0.03312
    200 19H|2S0              0.01863       -0.01086        0.00947        0.05615       -0.57523        0.81956
    201 19H|2P-1             0.00172       -0.00387       -0.00332       -0.00276       -0.01000        0.00925
    202 19H|2P0              0.00425       -0.00942       -0.00979       -0.00741        0.00452       -0.00242
    203 19H|2P1             -0.00025        0.00025        0.00039        0.00036       -0.00575        0.00501
    204 20H|1S0             -0.00136       -0.00748        0.00695       -0.00361       -0.04218        0.03821
    205 20H|2S0             -0.00147       -0.03697        0.05852       -0.01503       -0.75695        0.77273
    206 20H|2P-1            -0.00444       -0.00015       -0.00010        0.00402       -0.00080        0.00124
    207 20H|2P0             -0.01018       -0.00038       -0.00018        0.01161        0.00049        0.00035
    208 20H|2P1              0.00087        0.00001       -0.00036       -0.00027       -0.00073        0.00530
    209 21Cl|1S0             0.00009       -0.00011       -0.00013       -0.00069        0.00028        0.00329
    210 21Cl|2S0             0.00036       -0.00083       -0.00101       -0.00414        0.00053        0.02003
    211 21Cl|3S0            -0.00433       -0.00263       -0.00391        0.00551       -0.02699       -0.02470
    212 21Cl|4S0            -0.01326        0.00252        0.01129        0.04865       -0.00768       -0.20096
    213 21Cl|2P-1            0.00006        0.00016        0.00037       -0.00017        0.00178        0.00205
    214 21Cl|3P-1            0.00233        0.01762       -0.02860        0.02942       -0.07066       -0.07793
    215 21Cl|4P-1            0.00763        0.03816       -0.05318        0.06700       -0.11265       -0.19644
    216 21Cl|2P0             0.00001       -0.00000        0.00028       -0.00017        0.00093        0.00089
    217 21Cl|3P0            -0.02889       -0.05547        0.04849       -0.02670       -0.02576       -0.04648
    218 21Cl|4P0            -0.05511       -0.10955        0.09834       -0.05247       -0.03835       -0.11296
    219 21Cl|2P1             0.00002        0.00002       -0.00036        0.00008       -0.00173       -0.00164
    220 21Cl|3P1             0.00803        0.00079        0.01001       -0.01928        0.05415        0.07560
    221 21Cl|4P1             0.01573       -0.00475        0.00946       -0.05000        0.09766        0.19122
    222 21Cl|3D-2            0.00428        0.00692       -0.01141        0.01578       -0.03483       -0.03664
    223 21Cl|3D-1            0.00386        0.02155       -0.01921        0.00727        0.01268        0.02009
    224 21Cl|3D0             0.00411        0.01963       -0.02084        0.01288       -0.01124       -0.00725
    225 21Cl|3D1            -0.01533       -0.01602        0.01324       -0.01861       -0.01301       -0.01995
    226 21Cl|3D2             0.00159        0.00902       -0.00883        0.00212       -0.01046       -0.00620
    227 22Cl|1S0             0.00009       -0.00011        0.00013        0.00069        0.00028       -0.00329
    228 22Cl|2S0             0.00036       -0.00083        0.00100        0.00413        0.00052       -0.02003
    229 22Cl|3S0            -0.00433       -0.00264        0.00390       -0.00551       -0.02697        0.02471
    230 22Cl|4S0            -0.01326        0.00255       -0.01130       -0.04863       -0.00754        0.20092
    231 22Cl|2P-1           -0.00006       -0.00016        0.00037       -0.00017       -0.00178        0.00205
    232 22Cl|3P-1           -0.00234       -0.01755       -0.02865        0.02942        0.07060       -0.07796
    233 22Cl|4P-1           -0.00763       -0.03802       -0.05327        0.06698        0.11250       -0.19647
    234 22Cl|2P0             0.00001        0.00000       -0.00028        0.00017        0.00093       -0.00089
    235 22Cl|3P0            -0.02889       -0.05535       -0.04864        0.02670       -0.02573        0.04649
    236 22Cl|4P0            -0.05511       -0.10931       -0.09864        0.05246       -0.03827        0.11297
    237 22Cl|2P1            -0.00002       -0.00002       -0.00036        0.00008        0.00173       -0.00164
    238 22Cl|3P1            -0.00804       -0.00082        0.01001       -0.01928       -0.05410        0.07563
    239 22Cl|4P1            -0.01573        0.00472        0.00947       -0.05000       -0.09753        0.19127
    240 22Cl|3D-2            0.00428        0.00689        0.01143       -0.01578       -0.03480        0.03665
    241 22Cl|3D-1           -0.00386       -0.02150       -0.01927        0.00727       -0.01267        0.02010
    242 22Cl|3D0             0.00411        0.01957        0.02090       -0.01288       -0.01123        0.00725
    243 22Cl|3D1             0.01533        0.01599        0.01329       -0.01861        0.01300       -0.01996
    244 22Cl|3D2             0.00159        0.00900        0.00886       -0.00212       -0.01045        0.00620
 
 
 [Mulliken Population Analysis]
  Atomic charges: 
     1C       0.0108
     2C       0.0830
     3C      -0.1887
     4C       0.1251
     5C      -0.0662
     6C       0.0030
     7H       0.0353
     8H       0.0383
     9H       0.0335
    10H       0.0246
    11C      -0.0662
    12C       0.1251
    13C       0.0030
    14C      -0.1887
    15H       0.0335
    16C       0.0107
    17H       0.0246
    18C       0.0830
    19H       0.0353
    20H       0.0383
    21Cl     -0.0986
    22Cl     -0.0986
     Sum:     0.0000
 
 [Lowdin Population Analysis]
  Atomic charges: 
     1C      -0.0113
     2C      -0.0317
     3C      -0.1310
     4C      -0.0252
     5C      -0.0142
     6C      -0.0193
     7H       0.0339
     8H       0.0338
     9H       0.0324
    10H       0.0305
    11C      -0.0142
    12C      -0.0252
    13C      -0.0193
    14C      -0.1311
    15H       0.0324
    16C      -0.0113
    17H       0.0305
    18C      -0.0317
    19H       0.0339
    20H       0.0338
    21Cl      0.1020
    22Cl      0.1021
     Sum:    -0.0000
 
 
 [Dipole moment: Debye]
              X          Y          Z         |u|
   Elec:-.8460E-04 0.1110E-03 0.1321E+01
   Nucl:0.7224E-13 0.7224E-13 0.7224E-13
   Totl:   -0.0001     0.0001     1.3208     1.3208
 
 ---------------------------------------------------------------
  Timing of SCF calculation                                                       
 
  CPU TIME(S)      SYSTEM TIME(S)     WALL TIME(S)
        162.270            0.380              20.430
 ---------------------------------------------------------------
 
|******************************************************************************|
 
    Total cpu     time:        162.28  S
    Total system  time:          0.38  S
    Total wall    time:         20.43  S
 
    Current time   2022-05-04  12:33:10
    End running module scf
|******************************************************************************|
 
('/scratch/2,7-dicl-dibenzene_151', '/apps/users/lcz/task2/section1/isomer1/RHF_cc-pVDZ/BDF')
 Warning! Removing scratch files. If you would like to keep scratch files for restaring. Please use -keeptmpdir

Sender: Unischeduler System <lcz@mgt01>
Subject: Job 127765: <#!/bin/bash
#BSUB -J intel
#BSUB -o 2,7-dicl-dibenzene.out
#BSUB -n 8
#BSUB -q cqueue
#BSUB -R span[hosts=1]
export BDFHOME=/apps/users/lcz/bdf-pkg
export BDF_TMPDIR=/scratch/2,7-dicl-dibenzene_151
export USE_LIBCINT=no
export LD_LIBRARY_PATH=/apps/users/lcz/bdf-pkg/extlibs:/apps/users/lcz/bdf-pkg/libso:/apps/software/intel2019/mkl/lib/intel64:/apps/software/intel2019/compilers_and_libraries_2019/linux/lib/intel64:$LD_LIBRARY_PATH
ulimit -s unlimited
ulimit -t unlimited
export OMP_NUM_THREADS=8
export OMP_STACKSIZE=20G
/apps/users/lcz/bdf-pkg/sbin/bdfdrv.py -tmpdir /scratch/2,7-dicl-dibenzene_151 -r 2,7-dicl-dibenzene.inp > 2,7-dicl-dibenzene.out
rm -rf .2,7-dicl-dibenzene.wrk> Done

Job <#!/bin/bash
#BSUB -J intel
#BSUB -o 2,7-dicl-dibenzene.out
#BSUB -n 8
#BSUB -q cqueue
#BSUB -R span[hosts=1]
export BDFHOME=/apps/users/lcz/bdf-pkg
export BDF_TMPDIR=/scratch/2,7-dicl-dibenzene_151
export USE_LIBCINT=no
export LD_LIBRARY_PATH=/apps/users/lcz/bdf-pkg/extlibs:/apps/users/lcz/bdf-pkg/libso:/apps/software/intel2019/mkl/lib/intel64:/apps/software/intel2019/compilers_and_libraries_2019/linux/lib/intel64:$LD_LIBRARY_PATH
ulimit -s unlimited
ulimit -t unlimited
export OMP_NUM_THREADS=8
export OMP_STACKSIZE=20G
/apps/users/lcz/bdf-pkg/sbin/bdfdrv.py -tmpdir /scratch/2,7-dicl-dibenzene_151 -r 2,7-dicl-dibenzene.inp > 2,7-dicl-dibenzene.out
rm -rf .2,7-dicl-dibenzene.wrk> was submitted from host <mgt01> by user <lcz>.
Job was executed on host(s) <8*cnode12>, in queue <cqueue>, as user <lcz>.
</apps/users/lcz> was used as the home directory.
</apps/users/lcz/task2/section1/isomer1/RHF_cc-pVDZ/BDF> was used as the working directory.
Started at 2022-05-04 12:32:49
Results reported at 2022-05-04 12:33:10

Your job looked like:

------------------------------------------------------------
# User input
#!/bin/bash
#BSUB -J intel
#BSUB -o 2,7-dicl-dibenzene.out
#BSUB -n 8
#BSUB -q cqueue
#BSUB -R span[hosts=1]
export BDFHOME=/apps/users/lcz/bdf-pkg
export BDF_TMPDIR=/scratch/2,7-dicl-dibenzene_151
export USE_LIBCINT=no
export LD_LIBRARY_PATH=/apps/users/lcz/bdf-pkg/extlibs:/apps/users/lcz/bdf-pkg/libso:/apps/software/intel2019/mkl/lib/intel64:/apps/software/intel2019/compilers_and_libraries_2019/linux/lib/intel64:$LD_LIBRARY_PATH
ulimit -s unlimited
ulimit -t unlimited
export OMP_NUM_THREADS=8
export OMP_STACKSIZE=20G
/apps/users/lcz/bdf-pkg/sbin/bdfdrv.py -tmpdir /scratch/2,7-dicl-dibenzene_151 -r 2,7-dicl-dibenzene.inp > 2,7-dicl-dibenzene.out
rm -rf .2,7-dicl-dibenzene.wrk
------------------------------------------------------------

Successfully completed.

Resource usage summary:

    CPU time   :           91.08 sec.
    Max Memory :               258 MB
    Max Processes  :               5


The output (if any) follows:

