#!awk.bdf.output
====================== BDF version information ============================
commit ad3fa83c874b10711905e640845b29179857f6cc
Author: Yibo Lei <leiyb@nwu.edu.cn>
Date:   Fri May 13 13:02:32 2022 +0800

    reset nexci=1 on xianci
===========================================================================
BDFHOME     = /apps/software/bdf-pkg/build/bdf-pkg-full 
BDF_TMPDIR  = /tmp 
BDF_MPIRUN  = None 
BDF_MPIROOT = None 
|---------------------------------------------------------------------|
 Could not find mpirun. Set to serial running ...


(' BDFHOME     = ', '/apps/software/bdf-pkg/build/bdf-pkg-full')
(' BDF_WORKDIR = ', '/apps/users/lcz/exe7/task7/session4/BDF')
(' BDF_TMPDIR  = ', '/scratch/CH2-CAS22_868')
(' BDFTASK     = ', 'CH2-CAS22')

  BDF parallel running information ...
('  BDF_MASTER_NODE', 'cnode08')
('  BDF_MPIROOT = ', 'None')
  Total number of computational nodes   = 1
  Number of processes per node          = 1
  Number of openmp threads per process  = 8


('  Singlepoint_task = ', True)
('  Fragmp2_task     = ', False)


$compass
title
ch2
basis
def2-svp
geometry
C -0.56828011888064 0.21526016701941 0.00000000000000
H -0.02093310180940 -0.71582241410459 0.00000000000000
H -1.62855716930996 0.42096895708518 0.00000000000000
end geometry
nosymm
saorb
check
$end
$xuanyuan
$end
$scf
rohf
spin
3
charge
0
molden
$end
$mcscf
guess
hforb
close
3
active
2
actele
2
spin
1
roots
2 2 1
molden
$end
('tmpstdin ', True)
('npro is ', 1)
('\n BDF command: ', '/apps/software/bdf-pkg/build/bdf-pkg-full/bin/compass.x /scratch/CH2-CAS22_868/CH2-CAS22XX0.compass.inp')
  BDF process        0 of        1 on Serial  
 
|******************************************************************************|
 
    Start running module compass
    Current time   2022-05-24  20:23:25
 
|******************************************************************************|

 ++++++++++ Reading compass input ++++++++++++++++++
 TITLE
 BASIS
 Input Basis set is DEF2-SVP
 Spherical GTO 5d,7f
 GEOMETRY
 C      -0.56828012      0.21526017      0.00000000
 H      -0.02093310     -0.71582241      0.00000000
 H      -1.62855717      0.42096896      0.00000000
 Number of atoms:        3
 NOSYMM
 SAORB
 CHECK
 $END
 ++++++++++ End of reading compass input +++++++++++++


|-------------------------------------------------------------------------------------------|

 Atom           Cartcoord(Bohr)                 Charge Basis Auxbas Uatom Nstab Alink  Mass
  C       -1.073894     0.406783     0.000000     6.00    1     0     0     0   E     11.9967
  H       -0.039558    -1.352708     0.000000     1.00    2     0     0     0   E      1.0073
  H       -3.077527     0.795516     0.000000     1.00    2     0     0     0   E      1.0073
 
|--------------------------------------------------------------------------------------------|

  End of reading atomic basis sets ..
 Printing basis sets for checking ....

 Atomic label:  C    6
 Maximum L  2 7s4p1d ----> 3s2p1d NBF =  14
 #--->s function
      Exp Coef          Norm Coef       Con Coef
          1238.401694   0.527426E+03    0.005517    0.000000    0.000000
           186.290050   0.127396E+03    0.041089    0.000000    0.000000
            42.251176   0.418691E+02    0.182254    0.000000    0.000000
            11.676558   0.159588E+02    0.468285    0.000000    0.000000
             3.593051   0.659345E+01    0.445758    0.000000    0.000000
             0.402451   0.127659E+01    0.000000    1.000000    0.000000
             0.130902   0.549825E+00    0.000000    0.000000    1.000000
 #--->p function
      Exp Coef          Norm Coef       Con Coef
             9.468097   0.484521E+02    0.056888    0.000000
             2.010355   0.698353E+01    0.312941    0.000000
             0.547710   0.137459E+01    0.760650    0.000000
             0.152686   0.278441E+00    0.000000    1.000000
 #--->d function
      Exp Coef          Norm Coef       Con Coef
             0.800000   0.176578E+01    1.000000
 

 Atomic label:  H    1
 Maximum L  1 4s1p ----> 2s1p NBF =   5
 #--->s function
      Exp Coef          Norm Coef       Con Coef
            13.010701   0.173077E+02    0.033485    0.000000
             1.962257   0.418873E+01    0.234722    0.000000
             0.444538   0.137546E+01    0.813770    0.000000
             0.121950   0.521375E+00    0.000000    1.000000
 #--->p function
      Exp Coef          Norm Coef       Con Coef
             0.800000   0.220723E+01    1.000000
 
 
 Atomic masses
   11.9967    1.0073    1.0073

 Molecular center of mass
        -1.14357704     0.30823831     0.00000000

 Molecular center of nuclear charge
        -1.19505595     0.23543804     0.00000000
 [molesym]
 Representation generated
 C|1|)|                     1
 Symmetry check OK
  Number of symmery unique centers:                      3

|-------------------------------------------------------------------------------------------|

 Atom           Cartcoord(Bohr)                 Charge Basis Auxbas Uatom Nstab Alink  Mass
  C       -1.073894     0.406783     0.000000     6.00    1     0     0     0   E     11.9967
  H       -0.039558    -1.352708     0.000000     1.00    2     0     0     0   E      1.0073
  H       -3.077527     0.795516     0.000000     1.00    2     0     0     0   E      1.0073
 
|--------------------------------------------------------------------------------------------|

Number of irreps:    1
IRREP:   1   1   1
DIMEN:   1   1   1

 Irreps of multipole moment operators ...
 Operator  Component    Irrep       Row
  Dipole       x           A           1
  Dipole       y           A           1
  Dipole       z           A           1
  Quadpole     xx          A           1
  Quadpole     xy          A           1
  Quadpole     yy          A           1
  Quadpole     xz          A           1
  Quadpole     yz          A           1
  Quadpole     zz          A           1
 
 Print Multiplication table of irreps
 A    *A    =A    ; 
 
 Generate symmetry adapted orbital ...
 Print Multab
  1

|--------------------------------------------------|
         Symmetry adapted orbital                   

  Irrep : A 

Total number of basis functions:      24      24

  Irrep :     A
  Norb  :     24
|--------------------------------------------------|

Total number of shells:        7
 R max for this shell (Bohr)   13.8499999999998       9.817571395126593E-011
 R max for this shell (Bohr)   12.6299999999998       9.657211954493211E-011
 R max for this shell (Bohr)   5.83999999999996       9.317954812948633E-011
 R max for this shell (Bohr)   14.0099999999998       3.038905389416743E-010
 R max for this shell (Bohr)   5.66999999999996       9.254561885381170E-011
 
Number of atoms:       3
Number of basis functions:      24
 
 
 ++++++++  DATA CHECK +++++++++++++++++++++++++++++++++
  CHECKDATA:COMPASS:C(1)    
  CHECKDATA:COMPASS:NATOM :        3
  CHECKDATA:COMPASS:NBAS  :       24
 ++++++++++ END DATA CHECK ++++++++++++++++++++++++++++
 
|******************************************************************************|
 
    Total cpu     time:          0.00  S
    Total system  time:          0.02  S
    Total wall    time:          0.04  S
 
    Current time   2022-05-24  20:23:25
    End running module compass
|******************************************************************************|
 
 Filename: /scratch/CH2-CAS22_868/CH2-CAS22.undmol mode: w+b 
BDFTASK: CH2-CAS22 
INPUT FILE: CH2-CAS22.undmolinp 
 Scratch dir: CH2-CAS22 
 Scratch dir: CH2-CAS22 
string CH2-CAS22.undmolinp len 19 
 Filename: CH2-CAS22.chkfil mode: rb 

 Read data from check file! 
Found string UNDMOLIN at position 10 
Idisk 2317568 
Number of irreps: 1, number of basis: 24 
irrep: 1, num: 24 
char= (A) 
char= ( ) 
j= 1 
rpmname: a 
('tmpstdin ', True)
('npro is ', 1)
('\n BDF command: ', '/apps/software/bdf-pkg/build/bdf-pkg-full/bin/xuanyuan.x /scratch/CH2-CAS22_868/CH2-CAS22XX1.xuanyuan.inp')
  BDF process        0 of        1 on Serial  
 
|******************************************************************************|
 
    Start running module xuanyuan
    Current time   2022-05-24  20:23:25
 
|******************************************************************************|

|-------------------------------------------------------------------------------------------|

 Atom           Cartcoord(Bohr)                 Charge Basis Auxbas Uatom Nstab Alink  Mass
  C       -1.073894     0.406783     0.000000     6.00    1     0     1     1   E     11.9967
  H       -0.039558    -1.352708     0.000000     1.00    2     0     1     1   E      1.0073
  H       -3.077527     0.795516     0.000000     1.00    2     0     1     1   E      1.0073
 
|--------------------------------------------------------------------------------------------|

 $xuanyuan                                                                      
                                          
 $end                                                                           
                                          
  Mass polarization term:  F
 Total nuclear charge :          8.00
 Nuclear repulsion energy :       6.1482474803 a.u.

 Total number of primitive  basis sets :           38
 Total number of prim-cart  basis sets :           39
 Total number of contracted basis sets :           24

  Estimate memory for calculating 2e integrals...
 Minium memory to calculate ERIs:        0.546 M

[aoint_1e]
  Calculating one electron integrals ...
  S T and V integrals ....
  Dipole and Quadupole integrals ....
  Finish calculating one electron integrals ...
 
 ---------------------------------------------------------------
  Timing to calculate 1-electronic integrals                                      
 
  CPU TIME(S)      SYSTEM TIME(S)     WALL TIME(S)
          0.020            0.010               0.010
 ---------------------------------------------------------------
 
 Finish calculating 1e integral ...
 Character Table
    1
 
 Total number of electronic repulsion integrals         45150
 
 Number  of  symmetry adapted ERIs:               45150
 Actual  Memory  of  SO-ERI buffer:       1 M
 Optimized Memory of SO-ERI buffer:       1 M
 
 Calculating ERIs...
 
 ---------------------------------------------------------------
  Timing to calculate 2-electronic integrals                                      
 
  CPU TIME(S)      SYSTEM TIME(S)     WALL TIME(S)
          0.130            0.020               0.020
 ---------------------------------------------------------------
 
 Symadpt    time      0.050     0.000     0.000
 Indices    time      0.020     0.010     0.000
 Sort save  time      0.010     0.000     0.010
 ERI total  time      0.010     0.000     0.000
 Zeta & Rys time      0.000     0.000     0.000
 2D         time      0.000     0.000     0.000
 2D-6D      time      0.000     0.000     0.000
 6D cntr    time      0.000     0.000     0.000
 HRR        time      0.000     0.000     0.000
 
 ++++++++  DATA CHECK +++++++++++++++++++++++++++++++++
  CHECKDATA:XUANYUAN:SO2EINT:      3.528781981      0.800534569      0.207470991      0.988105865
 ++++++++++ END DATA CHECK ++++++++++++++++++++++++++++
 
|******************************************************************************|
 
    Total cpu     time:          0.19  S
    Total system  time:          0.04  S
    Total wall    time:          0.08  S
 
    Current time   2022-05-24  20:23:25
    End running module xuanyuan
|******************************************************************************|
 
('tmpstdin ', True)
('npro is ', 1)
('\n BDF command: ', '/apps/software/bdf-pkg/build/bdf-pkg-full/bin/scf.x /scratch/CH2-CAS22_868/CH2-CAS22XX2.scf.inp')
  BDF process        0 of        1 on Serial  
 
|******************************************************************************|
 
    Start running module scf
    Current time   2022-05-24  20:23:25
 
|******************************************************************************|

|-------------------------------------------------------------------------------------------|

 Atom           Cartcoord(Bohr)                 Charge Basis Auxbas Uatom Nstab Alink  Mass
  C       -1.073894     0.406783     0.000000     6.00    1     0     1     1   E     11.9967
  H       -0.039558    -1.352708     0.000000     1.00    2     0     1     1   E      1.0073
  H       -3.077527     0.795516     0.000000     1.00    2     0     1     1   E      1.0073
 
|--------------------------------------------------------------------------------------------|

  [ SCF control ] 
 $scf
 rohf
 spin
 charge
 molden
 $end
 
  --- PRINT: Information about SCF Calculation --- 
 ICTRL_FRAGSCF=  0
 IPRTMO=  1
 MAXITER=  100
 THRENE= 0.10E-07 THRDEN= 0.50E-05
 DAMP= 0.00 VSHIFT= 0.00
 IFDIIS= T
 THRDIIS= 0.10E+01
 MINDIIS=   2 MAXDIIS=   8
 iCHECK=  0
 iAUFBAU=  1
 INIGUESS=  0
 IfMPEC= F
 IfCOSX= F
 Occupation number:
  Without occupation number in input.

 Wave function information ...
 Total Nuclear charge    :       8
 Total electrons         :       8
 ECP-core electrons      :       0
 Spin multiplicity(2S+1) :       3
 Num. of alpha electrons :       5
 Num. of beta  electrons :       3
 

 Threshold in dft prescreening ...
 Thresh_shellvalue_dft :  0.10000E-09
 ThreshRho     :  0.10000E-11

  RO-FOCK parameters:
 irofock=  0
 fca=   0.500 foa=   0.500 fva=   0.500
  --- END:  Information about SCF Calculation  --- 
 
 Warning: SMH cannot be used in this calculation. Turning off SMH...
 Finish scf input!

 DirectHF  F
  Reading 1-e integrals ...
  Start so_scf_init
  Finish so_scf_init
 
 Total number of electronic repulsion integrals         45150
 Nuclear repulsion energy =     6.14824748
 
 iniguess                     0                     0
 
 [ATOM SCF control]
  heff=                      0
 After initial atom grid ...
 Finish atom    1  C             -37.2844632097
 After initial atom grid ...
 Finish atom    2  H              -0.4992784057
 
 Superposition of atomic densities as initial guess.
 No. of occupied and virtual orbitals:        5       19
 Initial guess energy =    -38.2830200211
 

 Start SCF iteration......


Iter.   idiis  vshift       SCF Energy            DeltaE          RMSDeltaD          MaxDeltaD      Damping    Times(S) 
   1      0    0.000     -38.7177958464      -0.4347758253       0.0172923904       0.2284384262    0.0000      0.01
   2      1    0.000     -38.8683895085      -0.1505936621       0.0034502792       0.0730351794    0.0000      0.00
   3      2    0.000     -38.8870301602      -0.0186406517       0.0013697945       0.0267010790    0.0000      0.00
   4      3    0.000     -38.8891865691      -0.0021564088       0.0003833084       0.0056613640    0.0000      0.00
   5      4    0.000     -38.8893783380      -0.0001917689       0.0001057153       0.0012219203    0.0000      0.00
   6      5    0.000     -38.8893896840      -0.0000113461       0.0000317168       0.0005192309    0.0000      0.00
   7      6    0.000     -38.8893905724      -0.0000008884       0.0000036367       0.0000792960    0.0000      0.00
   8      7    0.000     -38.8893905823      -0.0000000099       0.0000010517       0.0000210211    0.0000      0.00
 diis/vshift is closed at iter =   8
   9      0    0.000     -38.8893905826      -0.0000000003       0.0000002488       0.0000055201    0.0000      0.00

  Label              CPU Time        SYS Time        Wall Time
 SCF iteration time:         0.120 S        0.010 S        0.020 S

 Final DeltaE = -2.710009994189022E-010
 Final DeltaD =  2.488150338723595E-007  5.000000000000000E-005
 
 Final scf result
   E_tot =               -38.88939058
   E_ele =               -45.03763806
   E_nn  =                 6.14824748
   E_1e  =               -63.82277408
   E_ne  =              -102.53020327
   E_kin =                38.70742918
   E_ee  =                18.78513602
   E_xc  =                 0.00000000
   Virial Ratio            2.004701
 

 [Final occupation pattern: ]
 
 Irreps:        A   
 
 detailed occupation for iden/irep:      1   1
    1.00 1.00 1.00 1.00 1.00 0.00 0.00 0.00 0.00 0.00
    0.00 0.00 0.00 0.00 0.00 0.00 0.00 0.00 0.00 0.00
    0.00 0.00 0.00 0.00
 Alpha       5.00
 
 detailed occupation for iden/irep:      2   1
    1.00 1.00 1.00 0.00 0.00 0.00 0.00 0.00 0.00 0.00
    0.00 0.00 0.00 0.00 0.00 0.00 0.00 0.00 0.00 0.00
    0.00 0.00 0.00 0.00
 Beta        3.00
 

 [Orbital energies:]

 Energy of occ-orbsA:    A             5
             -11.24786230      -0.84099170      -0.59875812      -0.15079137      -0.10659820
 Energy of vir-orbsA:    A            19
               0.21613974       0.26687132       0.57936356       0.68267145       0.68933500
               0.72222904       0.87408582       0.95508065       1.43215286       1.66376001
               1.71545748       1.72205928       2.10773681       2.24549307       2.36452526
               2.48751631       2.59350026       3.15236666       3.36890944
 

 Energy of occ-orbsB:    A             3
             -11.24786230      -0.84099170      -0.59875812
 Energy of vir-orbsB:    A            21
              -0.15079137      -0.10659820       0.21613974       0.26687132       0.57936356
               0.68267145       0.68933500       0.72222904       0.87408582       0.95508065
               1.43215286       1.66376001       1.71545748       1.72205928       2.10773681
               2.24549307       2.36452526       2.48751631       2.59350026       3.15236666
               3.36890944
 
 Alpha   HOMO energy:      -0.10659820 au      -2.90068583 eV  Irrep: A       
 Alpha   LUMO energy:       0.21613974 au       5.88146397 eV  Irrep: A       
 Beta    HOMO energy:      -0.59875812 au     -16.29304447 eV  Irrep: A       
 Beta    LUMO energy:      -0.15079137 au      -4.10324360 eV  Irrep: A       
 HOMO-LUMO gap:      -0.04419317 au      -1.20255777 eV
 
 [Alpha MOs]
 Frontier orbitals of each irrep:
 
  Symmetry   1 A       
 
         Orbital                 1              2              3              4              5              6
         Energy            -11.24786       -0.84099       -0.59876       -0.15079       -0.10660        0.21614
         Occ No.             1.00000        1.00000        1.00000        1.00000        1.00000        0.00000
      1 1C|1S0               0.99139       -0.24060        0.00000        0.12107        0.00000       -0.12108
      2 1C|2S0               0.03310        0.47579       -0.00000       -0.28983       -0.00000        0.20409
      3 1C|3S0              -0.01823        0.20552       -0.00000       -0.33269       -0.00000        2.22504
      4 1C|2P-1             -0.00171       -0.10383       -0.24955       -0.45904       -0.00000       -0.11721
      5 1C|3P-1              0.00111       -0.04564       -0.09032       -0.31679       -0.00000       -0.53533
      6 1C|2P0               0.00000        0.00000        0.00000        0.00000       -0.62598       -0.00000
      7 1C|3P0              -0.00000        0.00000        0.00000        0.00000       -0.50253        0.00000
      8 1C|2P1              -0.00121       -0.07342        0.35290       -0.32460       -0.00000       -0.08288
      9 1C|3P1               0.00078       -0.03227        0.12772       -0.22401       -0.00000       -0.37855
     10 1C|3D-2             -0.00155       -0.00923       -0.00737       -0.01753        0.00000        0.00213
     11 1C|3D-1              0.00000       -0.00000       -0.00000        0.00000       -0.00490       -0.00000
     12 1C|3D0              -0.00123       -0.00918       -0.00000       -0.00946       -0.00000       -0.00315
     13 1C|3D1              -0.00000       -0.00000       -0.00000        0.00000       -0.00347       -0.00000
     14 1C|3D2               0.00055        0.00326       -0.02086        0.00620        0.00000       -0.00075
     15 2H|1S0              -0.00265        0.25260        0.33288        0.12094        0.00000       -0.02663
     16 2H|2S0               0.00529        0.04590        0.11611        0.09301        0.00000       -1.62229
     17 2H|2P-1             -0.00144        0.02107        0.01802       -0.00523       -0.00000       -0.00497
     18 2H|2P0              -0.00000        0.00000       -0.00000        0.00000       -0.01894       -0.00000
     19 2H|2P1               0.00044       -0.01574       -0.00673       -0.01136       -0.00000        0.00031
     20 3H|1S0              -0.00265        0.25260       -0.33288        0.12094        0.00000       -0.02663
     21 3H|2S0               0.00529        0.04590       -0.11611        0.09301       -0.00000       -1.62229
     22 3H|2P-1             -0.00007       -0.00781        0.00034       -0.01246       -0.00000       -0.00136
     23 3H|2P0              -0.00000        0.00000       -0.00000        0.00000       -0.01894       -0.00000
     24 3H|2P1              -0.00150        0.02511       -0.01924       -0.00114       -0.00000       -0.00479
 
         Orbital                 7              8              9             10             11
         Energy              0.26687        0.57936        0.68267        0.68934        0.72223
         Occ No.             0.00000        0.00000        0.00000        0.00000        0.00000
      1 1C|1S0               0.00000        0.11552       -0.17383        0.00000       -0.00000
      2 1C|2S0              -0.00000       -1.02000        0.96317       -0.00000        0.00000
      3 1C|3S0              -0.00000        2.36743       -1.33108        0.00000        0.00000
      4 1C|2P-1              0.16903        0.00232        0.60866        0.20237       -0.00000
      5 1C|3P-1              0.83059       -0.52391       -0.67806       -1.16557       -0.00000
      6 1C|2P0               0.00000        0.00000        0.00000       -0.00000        0.98805
      7 1C|3P0              -0.00000        0.00000       -0.00000        0.00000       -1.08334
      8 1C|2P1              -0.23904        0.00164        0.43040       -0.28619       -0.00000
      9 1C|3P1              -1.17461       -0.37047       -0.47948        1.64832        0.00000
     10 1C|3D-2              0.00412        0.06221        0.02750        0.02619       -0.00000
     11 1C|3D-1              0.00000       -0.00000       -0.00000       -0.00000        0.00025
     12 1C|3D0               0.00000        0.05262        0.02286       -0.00000        0.00000
     13 1C|3D1               0.00000        0.00000        0.00000       -0.00000        0.00018
     14 1C|3D2               0.01164       -0.02199       -0.00972        0.07407        0.00000
     15 2H|1S0              -0.03278       -0.65693       -0.26814       -0.71750       -0.00000
     16 2H|2S0               1.90335       -0.41784        0.46595       -0.65091       -0.00000
     17 2H|2P-1              0.00849       -0.00640        0.02237        0.01276       -0.00000
     18 2H|2P0               0.00000       -0.00000       -0.00000        0.00000        0.04500
     19 2H|2P1              -0.00805       -0.04345        0.00979        0.05979       -0.00000
     20 3H|1S0               0.03278       -0.65693       -0.26814        0.71750        0.00000
     21 3H|2S0              -1.90335       -0.41784        0.46595        0.65091        0.00000
     22 3H|2P-1              0.00476       -0.04310        0.01669       -0.06062        0.00000
     23 3H|2P0               0.00000       -0.00000        0.00000       -0.00000        0.04500
     24 3H|2P1              -0.01069        0.00845        0.01783        0.00789        0.00000
 
 
 [Beta MOs]
 Frontier orbitals of each irrep:
 
  Symmetry   1 A       
 
         Orbital                 1              2              3              4              5              6
         Energy            -11.24786       -0.84099       -0.59876       -0.15079       -0.10660        0.21614
         Occ No.             1.00000        1.00000        1.00000        0.00000        0.00000        0.00000
      1 1C|1S0               0.99139       -0.24060        0.00000        0.12107        0.00000       -0.12108
      2 1C|2S0               0.03310        0.47579       -0.00000       -0.28983       -0.00000        0.20409
      3 1C|3S0              -0.01823        0.20552       -0.00000       -0.33269       -0.00000        2.22504
      4 1C|2P-1             -0.00171       -0.10383       -0.24955       -0.45904       -0.00000       -0.11721
      5 1C|3P-1              0.00111       -0.04564       -0.09032       -0.31679       -0.00000       -0.53533
      6 1C|2P0               0.00000        0.00000        0.00000        0.00000       -0.62598       -0.00000
      7 1C|3P0              -0.00000        0.00000        0.00000        0.00000       -0.50253        0.00000
      8 1C|2P1              -0.00121       -0.07342        0.35290       -0.32460       -0.00000       -0.08288
      9 1C|3P1               0.00078       -0.03227        0.12772       -0.22401       -0.00000       -0.37855
     10 1C|3D-2             -0.00155       -0.00923       -0.00737       -0.01753        0.00000        0.00213
     11 1C|3D-1              0.00000       -0.00000       -0.00000        0.00000       -0.00490       -0.00000
     12 1C|3D0              -0.00123       -0.00918       -0.00000       -0.00946       -0.00000       -0.00315
     13 1C|3D1              -0.00000       -0.00000       -0.00000        0.00000       -0.00347       -0.00000
     14 1C|3D2               0.00055        0.00326       -0.02086        0.00620        0.00000       -0.00075
     15 2H|1S0              -0.00265        0.25260        0.33288        0.12094        0.00000       -0.02663
     16 2H|2S0               0.00529        0.04590        0.11611        0.09301        0.00000       -1.62229
     17 2H|2P-1             -0.00144        0.02107        0.01802       -0.00523       -0.00000       -0.00497
     18 2H|2P0              -0.00000        0.00000       -0.00000        0.00000       -0.01894       -0.00000
     19 2H|2P1               0.00044       -0.01574       -0.00673       -0.01136       -0.00000        0.00031
     20 3H|1S0              -0.00265        0.25260       -0.33288        0.12094        0.00000       -0.02663
     21 3H|2S0               0.00529        0.04590       -0.11611        0.09301       -0.00000       -1.62229
     22 3H|2P-1             -0.00007       -0.00781        0.00034       -0.01246       -0.00000       -0.00136
     23 3H|2P0              -0.00000        0.00000       -0.00000        0.00000       -0.01894       -0.00000
     24 3H|2P1              -0.00150        0.02511       -0.01924       -0.00114       -0.00000       -0.00479
 
         Orbital                 7              8              9
         Energy              0.26687        0.57936        0.68267
         Occ No.             0.00000        0.00000        0.00000
      1 1C|1S0               0.00000        0.11552       -0.17383
      2 1C|2S0              -0.00000       -1.02000        0.96317
      3 1C|3S0              -0.00000        2.36743       -1.33108
      4 1C|2P-1              0.16903        0.00232        0.60866
      5 1C|3P-1              0.83059       -0.52391       -0.67806
      6 1C|2P0               0.00000        0.00000        0.00000
      7 1C|3P0              -0.00000        0.00000       -0.00000
      8 1C|2P1              -0.23904        0.00164        0.43040
      9 1C|3P1              -1.17461       -0.37047       -0.47948
     10 1C|3D-2              0.00412        0.06221        0.02750
     11 1C|3D-1              0.00000       -0.00000       -0.00000
     12 1C|3D0               0.00000        0.05262        0.02286
     13 1C|3D1               0.00000        0.00000        0.00000
     14 1C|3D2               0.01164       -0.02199       -0.00972
     15 2H|1S0              -0.03278       -0.65693       -0.26814
     16 2H|2S0               1.90335       -0.41784        0.46595
     17 2H|2P-1              0.00849       -0.00640        0.02237
     18 2H|2P0               0.00000       -0.00000       -0.00000
     19 2H|2P1              -0.00805       -0.04345        0.00979
     20 3H|1S0               0.03278       -0.65693       -0.26814
     21 3H|2S0              -1.90335       -0.41784        0.46595
     22 3H|2P-1              0.00476       -0.04310        0.01669
     23 3H|2P0               0.00000       -0.00000        0.00000
     24 3H|2P1              -0.01069        0.00845        0.01783
 
 
 [Mulliken Population Analysis]
  Atomic charges and Spin densities : 
     1C      -0.1706    1.9556
     2H       0.0853    0.0222
     3H       0.0853    0.0222
     Sum:    -0.0000    2.0000
 
 [Lowdin Population Analysis]
  Atomic charges and Spin densities : 
     1C      -0.0124    1.9097
     2H       0.0062    0.0451
     3H       0.0062    0.0451
     Sum:    -0.0000    2.0000
 
 
 [Dipole moment: Debye]
              X          Y          Z         |u|
   Elec:0.2397E+02 -.5248E+01 -.7575E-15
   Nucl:-.2430E+02 0.4787E+01 0.0000E+00
   Totl:   -0.3255    -0.4603    -0.0000     0.5638
  Reorder orbital via orbital energy ...                     2
                     1

 Output to Molden format ...

 
 ++++++++  DATA CHECK +++++++++++++++++++++++++++++++++
  CHECKDATA:HF:ENERGY:    -38.889390583
 ++++++++++ END DATA CHECK ++++++++++++++++++++++++++++
 
 
 ---------------------------------------------------------------
  Timing of SCF calculation                                                       
 
  CPU TIME(S)      SYSTEM TIME(S)     WALL TIME(S)
          0.180            0.020               0.040
 ---------------------------------------------------------------
 
|******************************************************************************|
 
    Total cpu     time:          0.18  S
    Total system  time:          0.02  S
    Total wall    time:          0.04  S
 
    Current time   2022-05-24  20:23:25
    End running module scf
|******************************************************************************|
 
('tmpstdin ', True)
('npro is ', 1)
('\n BDF command: ', '/apps/software/bdf-pkg/build/bdf-pkg-full/bin/mcscf.x /scratch/CH2-CAS22_868/CH2-CAS22XX3.mcscf.inp')
  BDF process        0 of        1 on Serial  
 
|******************************************************************************|
 
    Start running module mcscf
    Current time   2022-05-24  20:23:26
 
|******************************************************************************|
 
 
                    **************************************************
                                            MCSCF                     
                       Write By Shuneng Mao, Bingbing Suo, Yibo Lei   
                    **************************************************

|-------------------------------------------------------------------------------------------|

 Atom           Cartcoord(Bohr)                 Charge Basis Auxbas Uatom Nstab Alink  Mass
  C       -1.073894     0.406783     0.000000     6.00    1     0     1     1   E     11.9967
  H       -0.039558    -1.352708     0.000000     1.00    2     0     1     1   E      1.0073
  H       -3.077527     0.795516     0.000000     1.00    2     0     1     1   E      1.0073
 
|--------------------------------------------------------------------------------------------|

 $mcscf                                                                         
  
 guess                                                                          
  
 close                                                                          
  
 active                                                                         
  
 actele                                                                         
  
 spin                                                                           
  
 roots                                                                          
  
 molden                                                                         
  
 $end                                                                           
  
 
    ******** Orbital information *******
     nsbas:    24
     nsorb:    24
     nscor:     0
     nscls:     3
     nsact:     2
     nsocc:     5
     nsval:     5
     nsvir:    19
     nsxvr:     0
 

    ******** MCSCF wavefunction information ********
    Group Sym:    1
    State Sym:    1
    Spin  Mul:    1
    Act  Elec:    2

          States average information
    Nstate:     2
    Nstmix:     2
    Istate:     2
    Weight:   0.500000  0.500000

    ******** MCSCF solver ********
    Quasi-Newton     : F
    Werner-Algorithm : T
    GUGA-CI          : F
    UGA-CI           : T
    iCI              : F
    Selected         : F
    CASCI            : F
    CVS              : F
 Initial guess orbital: HF orbibtal
 
 Print initial guess orbital which may be sorted.
 

 Output to Molden format ...

  Start MCSCF iteration ...
 
 Total number of electronic repulsion integrals         45150
Nuclear energy =      6.14824748
 
transform internal J and K oper need time =          0.00  s
SCF energy        -38.81860059 a.u.
mcscf_eneci(0)    -38.82065070 a.u.
 
The energy shift is :             0.0 a.u.
 

      Iter  MIC INN        Energy                Energy(Approx)    DeltaE    OrbGrad(0)  OrbGrad(1)   MaxRot       NLin NAug
 MACRO   1   3   0.    -38.828085901116       -38.827242787859   -.7435E-02  0.1834E+00  0.3888E-03  0.1357E-03      0    3
 MACRO   2   2   2.    -38.828158971301       -38.828167323095   -.7307E-04  0.1751E-01  0.1571E-03  0.2987E-04      0    2
 MACRO   3   2   1.    -38.828158971593       -38.828158972897   -.2923E-09  0.4774E-04  0.1246E-04  0.1921E-06      0    2
 
    State Averaged ci energy       -38.82815897
  CHECKDATA:MCSCF:NITER:        3
 ===============================================================
 MCSCF natural and resolution orbital coefficients:
 Generating MCSCF natural orbitals 
 
 Print and Save MCSCF natural orbital
 
 
transform J and K oper need time =          0.01  s

Print final result



********** INITIAL GUESS INFO **********

  spintwo | symmetry |  nstates |     ncsf |     ncfg |   energy 
--------------------------------------------------------------------------------------
        0 |        0 |        2 |        3 |        3 |    -38.83895787,     -38.81736008, 


*************** Begin PRINT NONRELA CFGSPACE ***************

spintwo    = 0
irrep      = 0
nstates    = 2
ncfg       =            3
ncsf       =            3
ncsf full  =            3
ndet full  =            4
ndet eff   =            4

*********** state  0 ***********
Important ocfg:
    0 20000000000000000000000000000000    0    -9.448071e-01  89.266052
    1 02000000000000000000000000000000    0     3.276270e-01  10.733948
    2 11000000000000000000000000000000    0    -1.078027e-13   0.000000
check importance : 3 / 3 (  100.00)

*********** state  1 ***********
Important ocfg:
    0 11000000000000000000000000000000    0    -1.000000e+00 100.000000
    1 20000000000000000000000000000000    0     1.280342e-13   0.000000
    2 02000000000000000000000000000000    0     4.019007e-14   0.000000
check importance : 3 / 3 (  100.00)

****************************


*************** End PRINT NONRELA CFGSPACE ***************



****************************************

 
 Calculate atomic population
 
 
 Print atomic population of state :                      1
 
 [Mulliken Population Analysis]
  Atomic charges: 
     1C      -0.1877
     2H       0.0939
     3H       0.0939
     Sum:    -0.0000
 
 [Lowdin Population Analysis]
  Atomic charges: 
     1C      -0.0181
     2H       0.0090
     3H       0.0090
     Sum:    -0.0000
 
 
 Print atomic population of state :                      2
 
 [Mulliken Population Analysis]
  Atomic charges: 
     1C      -0.2217
     2H       0.1108
     3H       0.1108
     Sum:    -0.0000
 
 [Lowdin Population Analysis]
  Atomic charges: 
     1C      -0.0357
     2H       0.0178
     3H       0.0178
     Sum:    -0.0000
 
 
 Calculate (transition) dipole moment
 
 
 Print Dipole moment of state :                      1
 
 [Dipole moment: a.u.]
              X          Y          Z         |u|
   Elec:0.9159E+01 -.2451E+01 -.1807E-13
   Nucl:-.9560E+01 0.1884E+01 0.0000E+00
   Totl:   -0.4013    -0.5675    -0.0000     0.6951
 
 [Dipole moment: Debye]
              X          Y          Z         |u|
   Elec:0.2328E+02 -.6230E+01 -.4594E-13
   Nucl:-.2430E+02 0.4787E+01 0.0000E+00
   Totl:   -1.0200    -1.4425    -0.0000     1.7667
 
 Print Dipole moment of state :                      2
 
 [Dipole moment: a.u.]
              X          Y          Z         |u|
   Elec:0.9376E+01 -.2145E+01 -.1217E-12
   Nucl:-.9560E+01 0.1884E+01 0.0000E+00
   Totl:   -0.1846    -0.2611    -0.0000     0.3198
 
 [Dipole moment: Debye]
              X          Y          Z         |u|
   Elec:0.2383E+02 -.5451E+01 -.3094E-12
   Nucl:-.2430E+02 0.4787E+01 0.0000E+00
   Totl:   -0.4693    -0.6637    -0.0000     0.8128
 

 *** Electric transition dipole moments (Au) ***
State  I   J         X            Y            Z            |u|        f / Osc.
       2   1       0.0000       0.0000       0.2406       0.2406       0.0008
 
 
  HESSIAN diagonal    it=                    -1
  Reorder orbital to Molcas order ...

 Output to Molden format ...

 Print CMO informations =                      0
 
                    Orbital information
 
  Start index:     1
 
        nsbas:    24
        nsorb:    24
        nscor:     0
        nscls:     3
        nsact:     2
        nsocc:     5
        nsval:     5
        nsvir:    19
        nsxvr:     0
 
    Group Sym:    1
    State Sym:    1
    Spin  Mul:    1
    Act  Elec:    2
          States average information
    Nstate:     2
    Istate:     2
    Weight:   0.500000  0.500000

TARGET_MCSCF ROOT ENERGY         -38.838957865363

    Total number of ci calculation:   15
MO TRANS     0.04       CI     0.65  INT OPT     0.42  MIC OPT     0.02

    root   1
    energy=      -38.83895787     exe(eV)=    0.0000

    root   2
    energy=      -38.81736008     exe(eV)=    0.5877
 
 ++++++++  DATA CHECK +++++++++++++++++++++++++++++++++
  CHECKDATA:MCSCF:MCENERGY:      -38.8389579      -38.8173601
 ++++++++++ END DATA CHECK ++++++++++++++++++++++++++++
 
  End   MCSCF Calculation
 Total wall time =    0.21
|******************************************************************************|
 
    Total cpu     time:          0.85  S
    Total system  time:          0.44  S
    Total wall    time:          0.21  S
 
    Current time   2022-05-24  20:23:26
    End running module mcscf
|******************************************************************************|
 
('/scratch/CH2-CAS22_868', '/apps/users/lcz/exe7/task7/session4/BDF')
 Warning! Removing scratch files. If you would like to keep scratch files for restaring. Please use -keeptmpdir

Sender: Unischeduler System <lcz@mgt01>
Subject: Job 135746: <#!/bin/bash
#BSUB -J intel
#BSUB -o CH2-CAS22.out
#BSUB -n 8
#BSUB -q cqueue
#BSUB -R span[hosts=1]
export BDFHOME=/apps/software/bdf-pkg/build/bdf-pkg-full
export BDF_TMPDIR=/scratch/CH2-CAS22_868
export USE_LIBCINT=no
export LD_LIBRARY_PATH=/apps/software/bdf-pkg/build/bdf-pkg-full/extlibs:/apps/software/bdf-pkg/build/bdf-pkg-full/libso:/apps/software/intel2019/mkl/lib/intel64:/apps/software/intel2019/compilers_and_libraries_2019/linux/lib/intel64:$LD_LIBRARY_PATH
ulimit -s unlimited
ulimit -t unlimited
export OMP_NUM_THREADS=8
export OMP_STACKSIZE=20G
/apps/software/bdf-pkg/build/bdf-pkg-full/sbin/bdfdrv.py -tmpdir /scratch/CH2-CAS22_868 -r CH2-CAS22.inp > CH2-CAS22.out
rm -rf .CH2-CAS22.wrk> Done

Job <#!/bin/bash
#BSUB -J intel
#BSUB -o CH2-CAS22.out
#BSUB -n 8
#BSUB -q cqueue
#BSUB -R span[hosts=1]
export BDFHOME=/apps/software/bdf-pkg/build/bdf-pkg-full
export BDF_TMPDIR=/scratch/CH2-CAS22_868
export USE_LIBCINT=no
export LD_LIBRARY_PATH=/apps/software/bdf-pkg/build/bdf-pkg-full/extlibs:/apps/software/bdf-pkg/build/bdf-pkg-full/libso:/apps/software/intel2019/mkl/lib/intel64:/apps/software/intel2019/compilers_and_libraries_2019/linux/lib/intel64:$LD_LIBRARY_PATH
ulimit -s unlimited
ulimit -t unlimited
export OMP_NUM_THREADS=8
export OMP_STACKSIZE=20G
/apps/software/bdf-pkg/build/bdf-pkg-full/sbin/bdfdrv.py -tmpdir /scratch/CH2-CAS22_868 -r CH2-CAS22.inp > CH2-CAS22.out
rm -rf .CH2-CAS22.wrk> was submitted from host <mgt01> by user <lcz>.
Job was executed on host(s) <8*cnode08>, in queue <cqueue>, as user <lcz>.
</apps/users/lcz> was used as the home directory.
</apps/users/lcz/exe7/task7/session4/BDF> was used as the working directory.
Started at 2022-05-24 20:23:25
Results reported at 2022-05-24 20:23:26

Your job looked like:

------------------------------------------------------------
# User input
#!/bin/bash
#BSUB -J intel
#BSUB -o CH2-CAS22.out
#BSUB -n 8
#BSUB -q cqueue
#BSUB -R span[hosts=1]
export BDFHOME=/apps/software/bdf-pkg/build/bdf-pkg-full
export BDF_TMPDIR=/scratch/CH2-CAS22_868
export USE_LIBCINT=no
export LD_LIBRARY_PATH=/apps/software/bdf-pkg/build/bdf-pkg-full/extlibs:/apps/software/bdf-pkg/build/bdf-pkg-full/libso:/apps/software/intel2019/mkl/lib/intel64:/apps/software/intel2019/compilers_and_libraries_2019/linux/lib/intel64:$LD_LIBRARY_PATH
ulimit -s unlimited
ulimit -t unlimited
export OMP_NUM_THREADS=8
export OMP_STACKSIZE=20G
/apps/software/bdf-pkg/build/bdf-pkg-full/sbin/bdfdrv.py -tmpdir /scratch/CH2-CAS22_868 -r CH2-CAS22.inp > CH2-CAS22.out
rm -rf .CH2-CAS22.wrk
------------------------------------------------------------

Successfully completed.

Resource usage summary:

    Max Memory :                 0 MB
    Max Processes  :               1


The output (if any) follows:

